2024-07-08 00:10:31 开始第 4965 次操作

2024-07-08 00:10:31 开始操作号码 【1514855】
2024-07-08 00:10:39 GSD getOne 第 1 次 等待 3 秒
2024-07-08 00:10:42 查询号码 【1514855】，返回信息 {"status":"ok","msg":"内蒙古-海拉尔","gid":"322488","time_insert":"2021-07-19 04:34"}
2024-07-08 00:10:42 查询号码 【1514855】，GSD为【"内蒙古-海拉尔"】

2024-07-08 00:10:43 开始第 4966 次操作

2024-07-08 00:10:43 开始操作号码 【1514856】
2024-07-08 00:10:51 GSD getOne 第 1 次 等待 3 秒
2024-07-08 00:10:54 查询号码 【1514856】，返回信息 {"status":"ok","msg":"内蒙古-海拉尔","gid":"322614","time_insert":"2021-07-19 04:47"}
2024-07-08 00:10:54 查询号码 【1514856】，GSD为【"内蒙古-海拉尔"】

2024-07-08 00:10:55 开始第 4967 次操作

2024-07-08 00:10:55 开始操作号码 【1514857】
2024-07-08 00:11:05 GSD getOne 第 1 次 等待 3 秒
2024-07-08 00:11:08 查询号码 【1514857】，返回信息 {"status":"ok","msg":"内蒙古-海拉尔","gid":"322727","time_insert":"2021-07-19 04:57"}
2024-07-08 00:11:08 查询号码 【1514857】，GSD为【"内蒙古-海拉尔"】

2024-07-08 00:11:09 开始第 4968 次操作

2024-07-08 00:11:09 开始操作号码 【1514858】
2024-07-08 00:11:17 GSD getOne 第 1 次 等待 3 秒
2024-07-08 00:11:20 查询号码 【1514858】，返回信息 {"status":"ok","msg":"内蒙古-海拉尔","gid":"322842","time_insert":"2021-07-19 05:08"}
2024-07-08 00:11:20 查询号码 【1514858】，GSD为【"内蒙古-海拉尔"】

2024-07-08 00:35:49 开始第 4969 次操作

2024-07-08 00:35:49 开始操作号码 【1514859】
2024-07-08 00:36:10 GSD getOne 第 1 次 等待 3 秒
2024-07-08 00:36:13 查询号码 【1514859】，返回信息 {"status":"ok","msg":"内蒙古-海拉尔","gid":"322910","time_insert":"2021-07-19 05:21"}
2024-07-08 00:36:13 查询号码 【1514859】，GSD为【"内蒙古-海拉尔"】

2024-07-08 00:36:14 开始第 4970 次操作

2024-07-08 00:36:14 开始操作号码 【1514860】
2024-07-08 00:36:22 GSD getOne 第 1 次 等待 3 秒
2024-07-08 00:36:25 查询号码 【1514860】，返回信息 {"status":"ok","msg":"内蒙古-锡林郭勒","gid":"322973","time_insert":"2021-07-19 05:36"}
2024-07-08 00:36:25 查询号码 【1514860】，GSD为【"内蒙古-锡林郭勒"】

2024-07-08 00:36:26 开始第 4971 次操作

2024-07-08 00:36:26 开始操作号码 【1514861】
2024-07-08 00:36:34 GSD getOne 第 1 次 等待 3 秒
2024-07-08 00:36:37 查询号码 【1514861】，返回信息 {"status":"ok","msg":"内蒙古-锡林郭勒","gid":"323137","time_insert":"2021-07-19 05:51"}
2024-07-08 00:36:37 查询号码 【1514861】，GSD为【"内蒙古-锡林郭勒"】

2024-07-08 00:36:38 开始第 4972 次操作

2024-07-08 00:36:38 开始操作号码 【1514862】
2024-07-08 00:36:47 GSD getOne 第 1 次 等待 3 秒
2024-07-08 00:36:50 查询号码 【1514862】，返回信息 {"status":"ok","msg":"内蒙古-锡林郭勒","gid":"323324","time_insert":"2021-07-19 06:04"}
2024-07-08 00:36:50 查询号码 【1514862】，GSD为【"内蒙古-锡林郭勒"】

2024-07-08 01:08:43 开始第 4973 次操作

2024-07-08 01:08:43 开始操作号码 【1514863】
2024-07-08 01:08:51 GSD getOne 第 1 次 等待 3 秒
2024-07-08 01:08:54 查询号码 【1514863】，返回信息 {"status":"ok","msg":"内蒙古-锡林郭勒","gid":"323387","time_insert":"2021-07-19 06:15"}
2024-07-08 01:08:55 查询号码 【1514863】，GSD为【"内蒙古-锡林郭勒"】

2024-07-08 01:08:56 开始第 4974 次操作

2024-07-08 01:08:56 开始操作号码 【1514864】
2024-07-08 01:09:03 GSD getOne 第 1 次 等待 3 秒
2024-07-08 01:09:06 查询号码 【1514864】，返回信息 {"status":"ok","msg":"内蒙古-锡林郭勒","gid":"17382","time_insert":"2017-08-24 19:18","time_update":"2020-12-16 15:28"}
2024-07-08 01:09:06 查询号码 【1514864】，GSD为【"内蒙古-锡林郭勒"】

2024-07-08 01:09:07 开始第 4975 次操作

2024-07-08 01:09:07 开始操作号码 【1514865】
2024-07-08 01:09:15 GSD getOne 第 1 次 等待 3 秒
2024-07-08 01:09:18 查询号码 【1514865】，返回信息 {"status":"ok","msg":"内蒙古-锡林郭勒","gid":"323417","time_insert":"2021-07-19 06:28"}
2024-07-08 01:09:18 查询号码 【1514865】，GSD为【"内蒙古-锡林郭勒"】

2024-07-08 01:09:20 开始第 4976 次操作

2024-07-08 01:09:20 开始操作号码 【1514866】
2024-07-08 01:09:27 GSD getOne 第 1 次 等待 3 秒
2024-07-08 01:09:30 查询号码 【1514866】，返回信息 {"status":"ok","msg":"内蒙古-锡林郭勒","gid":"323450","time_insert":"2021-07-19 06:39"}
2024-07-08 01:09:31 查询号码 【1514866】，GSD为【"内蒙古-锡林郭勒"】

