2024-04-12 00:09:49 开始第 3293 次操作

2024-04-12 00:09:49 开始操作号码 【1623193】
2024-04-12 00:09:57 GSD getOne 第 1 次 等待 3 秒
2024-04-12 00:10:00 查询号码 【1623193】，返回信息 {"status":"ok","msg":"河北-邢台","gid":"127983","time_insert":"2021-06-25 16:14"}
2024-04-12 00:10:00 查询号码 【1623193】，GSD为【"河北-邢台"】

2024-04-12 00:10:01 开始第 3294 次操作

2024-04-12 00:10:01 开始操作号码 【1623194】
2024-04-12 00:10:07 GSD getOne 第 1 次 等待 3 秒
2024-04-12 00:10:10 查询号码 【1623194】，返回信息 {"status":"ok","msg":"河北-邢台","gid":"127992","time_insert":"2021-06-25 16:19"}
2024-04-12 00:10:10 查询号码 【1623194】，GSD为【"河北-邢台"】

2024-04-12 00:10:11 开始第 3295 次操作

2024-04-12 00:10:11 开始操作号码 【1623195】
2024-04-12 00:10:17 GSD getOne 第 1 次 等待 3 秒
2024-04-12 00:10:20 查询号码 【1623195】，返回信息 {"status":"ok","msg":"河北-邢台","gid":"127997","time_insert":"2021-06-25 16:23"}
2024-04-12 00:10:20 查询号码 【1623195】，GSD为【"河北-邢台"】

2024-04-12 00:10:21 开始第 3296 次操作

2024-04-12 00:10:21 开始操作号码 【1623196】
2024-04-12 00:10:27 GSD getOne 第 1 次 等待 3 秒
2024-04-12 00:10:30 查询号码 【1623196】，返回信息 {"status":"ok","msg":"河北-邢台","gid":"128002","time_insert":"2021-06-25 16:27"}
2024-04-12 00:10:30 查询号码 【1623196】，GSD为【"河北-邢台"】

