2024-03-25 00:09:36 开始第 101 次操作
2024-03-25 00:09:36 号码【173（0000 ---> 9999）】处理完毕
2024-03-25 00:32:59 开始第 101 次操作
2024-03-25 00:32:59 号码【173（0000 ---> 9999）】处理完毕
2024-03-25 01:07:45 开始第 101 次操作
2024-03-25 01:07:45 号码【173（0000 ---> 9999）】处理完毕
2024-03-25 01:33:53 开始第 101 次操作
2024-03-25 01:33:53 号码【173（0000 ---> 9999）】处理完毕
2024-03-25 02:11:26 开始第 101 次操作
2024-03-25 02:11:26 号码【173（0000 ---> 9999）】处理完毕
2024-03-25 02:33:15 开始第 101 次操作
2024-03-25 02:33:15 号码【173（0000 ---> 9999）】处理完毕
2024-03-25 03:08:27 开始第 101 次操作
2024-03-25 03:08:27 号码【173（0000 ---> 9999）】处理完毕
2024-03-25 03:32:41 开始第 101 次操作
2024-03-25 03:32:41 号码【173（0000 ---> 9999）】处理完毕
2024-03-25 04:08:04 开始第 101 次操作
2024-03-25 04:08:04 号码【173（0000 ---> 9999）】处理完毕
2024-03-25 04:34:02 开始第 101 次操作
2024-03-25 04:34:02 号码【173（0000 ---> 9999）】处理完毕
2024-03-25 05:06:58 开始第 101 次操作
2024-03-25 05:06:58 号码【173（0000 ---> 9999）】处理完毕
2024-03-25 05:32:54 开始第 101 次操作
2024-03-25 05:32:54 号码【173（0000 ---> 9999）】处理完毕
2024-03-25 06:09:10 开始第 101 次操作
2024-03-25 06:09:10 号码【173（0000 ---> 9999）】处理完毕
2024-03-25 06:33:31 开始第 101 次操作
2024-03-25 06:33:31 号码【173（0000 ---> 9999）】处理完毕
2024-03-25 07:09:51 开始第 101 次操作
2024-03-25 07:09:51 号码【173（0000 ---> 9999）】处理完毕
2024-03-25 07:33:12 开始第 101 次操作
2024-03-25 07:33:12 号码【173（0000 ---> 9999）】处理完毕
2024-03-25 08:40:33 开始第 101 次操作
2024-03-25 08:40:33 号码【173（0000 ---> 9999）】处理完毕
2024-03-25 09:43:09 开始第 101 次操作
2024-03-25 09:43:09 号码【173（0000 ---> 9999）】处理完毕
2024-03-25 10:18:04 开始第 101 次操作
2024-03-25 10:18:04 号码【173（0000 ---> 9999）】处理完毕
2024-03-25 10:35:34 开始第 101 次操作
2024-03-25 10:35:34 号码【173（0000 ---> 9999）】处理完毕
2024-03-25 11:11:23 开始第 101 次操作
2024-03-25 11:11:23 号码【173（0000 ---> 9999）】处理完毕
2024-03-25 11:33:02 开始第 101 次操作
2024-03-25 11:33:02 号码【173（0000 ---> 9999）】处理完毕
2024-03-25 12:11:34 开始第 101 次操作
2024-03-25 12:11:34 号码【173（0000 ---> 9999）】处理完毕
2024-03-25 12:33:49 开始第 101 次操作
2024-03-25 12:33:49 号码【173（0000 ---> 9999）】处理完毕
2024-03-25 13:09:04 开始第 101 次操作
2024-03-25 13:09:04 号码【173（0000 ---> 9999）】处理完毕
2024-03-25 13:32:37 开始第 101 次操作
2024-03-25 13:32:37 号码【173（0000 ---> 9999）】处理完毕
2024-03-25 14:00:50 开始第 101 次操作

2024-03-25 14:00:50 开始操作号码 【1620001】
2024-03-25 14:00:55 GSD getOne 第 1 次 等待 3 秒
2024-03-25 14:00:58 查询号码 【1620001】，返回信息 {"status":"ok","msg":"-","gid":"103413","time_insert":"2021-06-18 15:16"}
2024-03-25 14:00:58 查询号码 【1620001】，GSD为【"-"】
2024-03-25 14:00:58 ok && -
2024-03-25 14:01:01 CHB 1620001?1711346458 第 1 次 等待 3 秒
2024-03-25 14:01:04 CHB 1620001?1711346458 第 1 次 获取到号码【1620001】GSD
2024-03-25 14:01:04 未获取到号码【1620001】GSD，可能号码格式错误
2024-03-25 14:01:04 获取到号码【1620001】的GSD为【-】
2024-03-25 14:01:12 GSD insert 第 1 次 等待 3 秒
2024-03-25 14:01:15 {"status":"bad","gid":"103413","msg":"添加失败！号码【1620001(-|-)】已存在！"}
2024-03-25 14:01:15 随机等待 176 秒，约 2 分钟
2024-03-25 14:01:15 下次操作: 2024-03-25 14:04:11

2024-03-25 14:04:11 开始第 102 次操作

2024-03-25 14:04:11 开始操作号码 【1620002】
2024-03-25 14:04:16 GSD getOne 第 1 次 等待 3 秒
2024-03-25 14:04:19 查询号码 【1620002】，返回信息 {"status":"ok","msg":"-","gid":"103415","time_insert":"2021-06-18 15:16"}
2024-03-25 14:04:19 查询号码 【1620002】，GSD为【"-"】
2024-03-25 14:04:19 ok && -
2024-03-25 14:04:21 CHB 1620002?1711346659 第 1 次 等待 3 秒
2024-03-25 14:04:24 CHB 1620002?1711346659 第 1 次 获取到号码【1620002】GSD
2024-03-25 14:04:25 未获取到号码【1620002】GSD，可能号码格式错误
2024-03-25 14:04:25 获取到号码【1620002】的GSD为【-】
2024-03-25 14:04:29 GSD insert 第 1 次 等待 3 秒
2024-03-25 14:04:32 {"status":"bad","gid":"103415","msg":"添加失败！号码【1620002(-|-)】已存在！"}
2024-03-25 14:04:32 随机等待 173 秒，约 2 分钟
2024-03-25 14:04:32 下次操作: 2024-03-25 14:07:25

2024-03-25 14:07:25 开始第 103 次操作

2024-03-25 14:07:25 开始操作号码 【1620003】
2024-03-25 14:07:30 GSD getOne 第 1 次 等待 3 秒
2024-03-25 14:07:33 查询号码 【1620003】，返回信息 {"status":"ok","msg":"-","gid":"103416","time_insert":"2021-06-18 15:17"}
2024-03-25 14:07:33 查询号码 【1620003】，GSD为【"-"】
2024-03-25 14:07:33 ok && -
2024-03-25 14:07:36 CHB 1620003?1711346853 第 1 次 等待 3 秒
2024-03-25 14:07:39 CHB 1620003?1711346853 第 1 次 获取到号码【1620003】GSD
2024-03-25 14:07:39 未获取到号码【1620003】GSD，可能号码格式错误
2024-03-25 14:07:39 获取到号码【1620003】的GSD为【-】
2024-03-25 14:07:44 GSD insert 第 1 次 等待 3 秒
2024-03-25 14:07:47 {"status":"bad","gid":"103416","msg":"添加失败！号码【1620003(-|-)】已存在！"}
2024-03-25 14:07:47 随机等待 135 秒，约 2 分钟
2024-03-25 14:07:47 下次操作: 2024-03-25 14:10:02

2024-03-25 14:10:02 开始第 104 次操作

2024-03-25 14:10:02 开始操作号码 【1620004】
2024-03-25 14:10:06 GSD getOne 第 1 次 等待 3 秒
2024-03-25 14:10:09 查询号码 【1620004】，返回信息 {"status":"ok","msg":"-","gid":"103417","time_insert":"2021-06-18 15:18"}
2024-03-25 14:10:10 查询号码 【1620004】，GSD为【"-"】
2024-03-25 14:10:10 ok && -
2024-03-25 14:10:15 CHB 1620004?1711347010 第 1 次 等待 3 秒
2024-03-25 14:10:18 CHB 1620004?1711347010 第 1 次 获取到号码【1620004】GSD
2024-03-25 14:10:18 未获取到号码【1620004】GSD，可能号码格式错误
2024-03-25 14:10:18 获取到号码【1620004】的GSD为【-】
2024-03-25 14:10:23 GSD insert 第 1 次 等待 3 秒
2024-03-25 14:10:26 {"status":"bad","gid":"103417","msg":"添加失败！号码【1620004(-|-)】已存在！"}

