2024-01-14 00:09:53 开始第 8837 次操作

2024-01-14 00:09:53 开始操作号码 【1848736】
2024-01-14 00:10:00 GSD getOne 第 1 次 等待 3 秒
2024-01-14 00:10:03 查询号码 【1848736】，返回信息 {"status":"ok","msg":"云南-昆明","gid":"39574","time_insert":"2017-06-07 21:14","time_update":"2020-12-06 02:21"}
2024-01-14 00:10:03 查询号码 【1848736】，GSD为【"云南-昆明"】

2024-01-14 00:10:04 开始第 8838 次操作

2024-01-14 00:10:04 开始操作号码 【1848737】
2024-01-14 00:10:07 GSD getOne 第 1 次 等待 3 秒
2024-01-14 00:10:10 查询号码 【1848737】，返回信息 {"status":"ok","msg":"云南-昆明","gid":"414490","time_insert":"2021-07-27 15:48"}
2024-01-14 00:10:10 查询号码 【1848737】，GSD为【"云南-昆明"】

2024-01-14 00:10:11 开始第 8839 次操作

2024-01-14 00:10:11 开始操作号码 【1848738】
2024-01-14 00:10:15 GSD getOne 第 1 次 等待 3 秒
2024-01-14 00:10:18 查询号码 【1848738】，返回信息 {"status":"ok","msg":"云南-昆明","gid":"39575","time_insert":"2016-10-13 15:09","time_update":"2020-12-06 02:25"}
2024-01-14 00:10:18 查询号码 【1848738】，GSD为【"云南-昆明"】

2024-01-14 00:10:19 开始第 8840 次操作

2024-01-14 00:10:19 开始操作号码 【1848739】
2024-01-14 00:10:28 GSD getOne 第 1 次 等待 3 秒
2024-01-14 00:10:31 查询号码 【1848739】，返回信息 {"status":"ok","msg":"云南-昆明","gid":"39576","time_insert":"2017-04-16 17:36","time_update":"2020-12-06 02:28"}
2024-01-14 00:10:31 查询号码 【1848739】，GSD为【"云南-昆明"】

