2024-07-15 00:10:42 开始第 6221 次操作

2024-07-15 00:10:42 开始操作号码 【1516111】
2024-07-15 00:10:50 GSD getOne 第 1 次 等待 3 秒
2024-07-15 00:10:53 查询号码 【1516111】，返回信息 {"status":"ok","msg":"江苏-常州","gid":"428408","time_insert":"2021-07-29 00:07"}
2024-07-15 00:10:53 查询号码 【1516111】，GSD为【"江苏-常州"】

2024-07-15 00:10:54 开始第 6222 次操作

2024-07-15 00:10:54 开始操作号码 【1516112】
2024-07-15 00:11:02 GSD getOne 第 1 次 等待 3 秒
2024-07-15 00:11:05 查询号码 【1516112】，返回信息 {"status":"ok","msg":"江苏-常州","gid":"428572","time_insert":"2021-07-29 00:22"}
2024-07-15 00:11:05 查询号码 【1516112】，GSD为【"江苏-常州"】

2024-07-15 00:11:06 开始第 6223 次操作

2024-07-15 00:11:06 开始操作号码 【1516113】
2024-07-15 00:11:13 GSD getOne 第 1 次 等待 3 秒
2024-07-15 00:11:16 查询号码 【1516113】，返回信息 {"status":"ok","msg":"江苏-常州","gid":"428619","time_insert":"2021-07-29 00:35"}
2024-07-15 00:11:17 查询号码 【1516113】，GSD为【"江苏-常州"】

2024-07-15 00:11:18 开始第 6224 次操作

2024-07-15 00:11:18 开始操作号码 【1516114】
2024-07-15 00:11:25 GSD getOne 第 1 次 等待 3 秒
2024-07-15 00:11:28 查询号码 【1516114】，返回信息 {"status":"ok","msg":"江苏-常州","gid":"428638","time_insert":"2021-07-29 00:48"}
2024-07-15 00:11:28 查询号码 【1516114】，GSD为【"江苏-常州"】

