2024-09-05 00:26:50 开始第 2753 次操作

2024-09-05 00:26:50 开始操作号码 【1402752】
2024-09-05 00:26:59 GSD getOne 第 1 次 等待 3 秒
2024-09-05 00:27:02 查询号码 【1402752】，返回信息 {"status":"ok","msg":"-","gid":"569119","time_insert":"2023-03-04 11:45"}
2024-09-05 00:27:02 查询号码 【1402752】，GSD为【"-"】
2024-09-05 00:27:02 ok && -
2024-09-05 00:27:05 CHB 1402752?1725467222 第 1 次 等待 3 秒
2024-09-05 00:27:08 CHB 1402752?1725467222 第 1 次 获取到号码【1402752】GSD
2024-09-05 00:27:08 未获取到号码【1402752】GSD，可能号码格式错误
2024-09-05 00:27:08 获取到号码【1402752】的GSD为【-】
2024-09-05 00:27:15 GSD insert 第 1 次 等待 3 秒
2024-09-05 00:27:18 {"status":"bad","gid":"569119","msg":"添加失败！号码【1402752(-|-)】已存在！"}
2024-09-05 00:27:18 随机等待 179 秒，约 2 分钟
2024-09-05 00:27:19 下次操作: 2024-09-05 00:30:17

2024-09-05 00:30:18 开始第 2754 次操作

2024-09-05 00:30:18 开始操作号码 【1402753】
2024-09-05 00:30:28 GSD getOne 第 1 次 等待 3 秒
2024-09-05 00:30:31 查询号码 【1402753】，返回信息 {"status":"ok","msg":"-","gid":"569140","time_insert":"2023-03-04 11:57"}
2024-09-05 00:30:31 查询号码 【1402753】，GSD为【"-"】
2024-09-05 00:30:31 ok && -
2024-09-05 00:30:33 CHB 1402753?1725467431 第 1 次 等待 3 秒
2024-09-05 00:30:36 CHB 1402753?1725467431 第 1 次 获取到号码【1402753】GSD
2024-09-05 00:30:36 未获取到号码【1402753】GSD，可能号码格式错误
2024-09-05 00:30:36 获取到号码【1402753】的GSD为【-】
2024-09-05 00:30:43 GSD insert 第 1 次 等待 3 秒
2024-09-05 00:30:46 {"status":"bad","gid":"569140","msg":"添加失败！号码【1402753(-|-)】已存在！"}
2024-09-05 00:30:46 随机等待 196 秒，约 3 分钟
2024-09-05 00:30:46 下次操作: 2024-09-05 00:34:02

2024-09-05 00:34:02 开始第 2755 次操作

2024-09-05 00:34:02 开始操作号码 【1402754】
2024-09-05 00:34:11 GSD getOne 第 1 次 等待 3 秒
2024-09-05 00:34:14 查询号码 【1402754】，返回信息 {"status":"ok","msg":"-","gid":"569155","time_insert":"2023-03-04 12:09"}
2024-09-05 00:34:14 查询号码 【1402754】，GSD为【"-"】
2024-09-05 00:34:14 ok && -
2024-09-05 00:34:16 CHB 1402754?1725467654 第 1 次 等待 3 秒
2024-09-05 00:34:19 CHB 1402754?1725467654 第 1 次 获取到号码【1402754】GSD
2024-09-05 00:34:19 未获取到号码【1402754】GSD，可能号码格式错误
2024-09-05 00:34:19 获取到号码【1402754】的GSD为【-】
2024-09-05 00:34:27 GSD insert 第 1 次 等待 3 秒
2024-09-05 00:34:30 {"status":"bad","gid":"569155","msg":"添加失败！号码【1402754(-|-)】已存在！"}
2024-09-05 00:34:30 随机等待 222 秒，约 3 分钟
2024-09-05 00:34:30 下次操作: 2024-09-05 00:38:12

2024-09-05 00:38:12 开始第 2756 次操作

2024-09-05 00:38:12 开始操作号码 【1402755】
2024-09-05 00:38:21 GSD getOne 第 1 次 等待 3 秒
2024-09-05 00:38:24 查询号码 【1402755】，返回信息 {"status":"ok","msg":"-","gid":"569165","time_insert":"2023-03-04 12:18"}
2024-09-05 00:38:24 查询号码 【1402755】，GSD为【"-"】
2024-09-05 00:38:24 ok && -
2024-09-05 00:38:26 CHB 1402755?1725467904 第 1 次 等待 3 秒
2024-09-05 00:38:29 CHB 1402755?1725467904 第 1 次 获取到号码【1402755】GSD
2024-09-05 00:38:29 未获取到号码【1402755】GSD，可能号码格式错误
2024-09-05 00:38:29 获取到号码【1402755】的GSD为【-】
2024-09-05 00:38:39 GSD insert 第 1 次 等待 3 秒
2024-09-05 00:38:42 {"status":"bad","gid":"569165","msg":"添加失败！号码【1402755(-|-)】已存在！"}

