2024-01-05 00:10:37 开始第 7189 次操作

2024-01-05 00:10:37 开始操作号码 【1847088】
2024-01-05 00:10:41 GSD getOne 第 1 次 等待 3 秒
2024-01-05 00:10:44 查询号码 【1847088】，返回信息 {"status":"ok","msg":"江西-南昌","gid":"430186","time_insert":"2021-07-29 04:58"}
2024-01-05 00:10:44 查询号码 【1847088】，GSD为【"江西-南昌"】

2024-01-05 00:10:45 开始第 7190 次操作

2024-01-05 00:10:45 开始操作号码 【1847089】
2024-01-05 00:10:48 GSD getOne 第 1 次 等待 3 秒
2024-01-05 00:10:51 查询号码 【1847089】，返回信息 {"status":"ok","msg":"江西-南昌","gid":"430182","time_insert":"2021-07-29 04:57"}
2024-01-05 00:10:51 查询号码 【1847089】，GSD为【"江西-南昌"】

2024-01-05 00:10:52 开始第 7191 次操作

2024-01-05 00:10:52 开始操作号码 【1847090】
2024-01-05 00:10:55 GSD getOne 第 1 次 等待 3 秒
2024-01-05 00:10:58 查询号码 【1847090】，返回信息 {"status":"ok","msg":"江西-南昌","gid":"430177","time_insert":"2021-07-29 04:57"}
2024-01-05 00:10:58 查询号码 【1847090】，GSD为【"江西-南昌"】

2024-01-05 00:10:59 开始第 7192 次操作

2024-01-05 00:10:59 开始操作号码 【1847091】
2024-01-05 00:11:02 GSD getOne 第 1 次 等待 3 秒
2024-01-05 00:11:05 查询号码 【1847091】，返回信息 {"status":"ok","msg":"江西-南昌","gid":"430170","time_insert":"2021-07-29 04:56"}
2024-01-05 00:11:05 查询号码 【1847091】，GSD为【"江西-南昌"】

