2023-10-24 00:10:37 开始第 4857 次操作

2023-10-24 00:10:37 开始操作号码 【1944766】
2023-10-24 00:10:46 GSD getOne 第 1 次 等待 3 秒
2023-10-24 00:10:49 查询号码 【1944766】，返回信息 {"status":"ok","msg":"-","gid":"625593","time_insert":"2023-03-31 10:43"}
2023-10-24 00:10:49 查询号码 【1944766】，GSD为【"-"】
2023-10-24 00:10:49 ok && -
2023-10-24 00:10:51 CHB 1944766?1698077449 第 1 次 等待 3 秒
2023-10-24 00:10:54 CHB 1944766?1698077449 第 1 次 获取到号码【1944766】GSD
2023-10-24 00:10:54 未获取到号码【1944766】GSD，可能号码格式错误
2023-10-24 00:10:54 获取到号码【1944766】的GSD为【-】
2023-10-24 00:10:58 GSD insert 第 1 次 等待 3 秒
2023-10-24 00:11:01 {"status":"bad","gid":"625593","msg":"添加失败！号码【1944766(-|-)】已存在！"}
2023-10-24 00:11:01 随机等待 160 秒，约 2 分钟
2023-10-24 00:11:01 下次操作: 2023-10-24 00:13:41

2023-10-24 00:13:41 开始第 4858 次操作

2023-10-24 00:13:41 开始操作号码 【1944767】
2023-10-24 00:13:49 GSD getOne 第 1 次 等待 3 秒
2023-10-24 00:13:52 查询号码 【1944767】，返回信息 {"status":"ok","msg":"-","gid":"625590","time_insert":"2023-03-31 10:41"}
2023-10-24 00:13:52 查询号码 【1944767】，GSD为【"-"】
2023-10-24 00:13:52 ok && -
2023-10-24 00:13:54 CHB 1944767?1698077632 第 1 次 等待 3 秒
2023-10-24 00:13:57 CHB 1944767?1698077632 第 1 次 获取到号码【1944767】GSD
2023-10-24 00:13:57 未获取到号码【1944767】GSD，可能号码格式错误
2023-10-24 00:13:57 获取到号码【1944767】的GSD为【-】
2023-10-24 00:14:01 GSD insert 第 1 次 等待 3 秒
2023-10-24 00:14:04 {"status":"bad","gid":"625590","msg":"添加失败！号码【1944767(-|-)】已存在！"}
2023-10-24 00:14:04 随机等待 72 秒，约 1 分钟
2023-10-24 00:14:04 下次操作: 2023-10-24 00:15:16

2023-10-24 00:15:16 开始第 4859 次操作

2023-10-24 00:15:16 开始操作号码 【1944768】
2023-10-24 00:15:20 GSD getOne 第 1 次 等待 3 秒
2023-10-24 00:15:23 查询号码 【1944768】，返回信息 {"status":"ok","msg":"-","gid":"625589","time_insert":"2023-03-31 10:39"}
2023-10-24 00:15:23 查询号码 【1944768】，GSD为【"-"】
2023-10-24 00:15:23 ok && -
2023-10-24 00:15:25 CHB 1944768?1698077723 第 1 次 等待 3 秒
2023-10-24 00:15:28 CHB 1944768?1698077723 第 1 次 获取到号码【1944768】GSD
2023-10-24 00:15:28 未获取到号码【1944768】GSD，可能号码格式错误
2023-10-24 00:15:28 获取到号码【1944768】的GSD为【-】
2023-10-24 00:15:32 GSD insert 第 1 次 等待 3 秒
2023-10-24 00:15:35 {"status":"bad","gid":"625589","msg":"添加失败！号码【1944768(-|-)】已存在！"}
2023-10-24 00:15:35 随机等待 196 秒，约 3 分钟
2023-10-24 00:15:35 下次操作: 2023-10-24 00:18:51

2023-10-24 00:18:51 开始第 4860 次操作

2023-10-24 00:18:51 开始操作号码 【1944769】
2023-10-24 00:18:54 GSD getOne 第 1 次 等待 3 秒
2023-10-24 00:18:57 查询号码 【1944769】，返回信息 {"status":"ok","msg":"-","gid":"625585","time_insert":"2023-03-31 10:36"}
2023-10-24 00:18:57 查询号码 【1944769】，GSD为【"-"】
2023-10-24 00:18:57 ok && -
2023-10-24 00:18:59 CHB 1944769?1698077937 第 1 次 等待 3 秒
2023-10-24 00:19:02 CHB 1944769?1698077937 第 1 次 获取到号码【1944769】GSD
2023-10-24 00:19:02 未获取到号码【1944769】GSD，可能号码格式错误
2023-10-24 00:19:02 获取到号码【1944769】的GSD为【-】
2023-10-24 00:19:06 GSD insert 第 1 次 等待 3 秒
2023-10-24 00:19:09 {"status":"bad","gid":"625585","msg":"添加失败！号码【1944769(-|-)】已存在！"}

2023-10-24 00:36:29 开始第 4861 次操作

2023-10-24 00:36:29 开始操作号码 【1944770】
2023-10-24 00:36:35 GSD getOne 第 1 次 等待 3 秒
2023-10-24 00:36:38 查询号码 【1944770】，返回信息 {"status":"ok","msg":"-","gid":"625550","time_insert":"2023-03-31 10:07"}
2023-10-24 00:36:38 查询号码 【1944770】，GSD为【"-"】
2023-10-24 00:36:38 ok && -
2023-10-24 00:36:41 CHB 1944770?1698078998 第 1 次 等待 3 秒
2023-10-24 00:36:44 CHB 1944770?1698078998 第 1 次 获取到号码【1944770】GSD
2023-10-24 00:36:44 未获取到号码【1944770】GSD，可能号码格式错误
2023-10-24 00:36:44 获取到号码【1944770】的GSD为【-】
2023-10-24 00:37:02 GSD insert 第 1 次 等待 3 秒
2023-10-24 00:37:05 {"status":"bad","gid":"625550","msg":"添加失败！号码【1944770(-|-)】已存在！"}
2023-10-24 00:37:05 随机等待 90 秒，约 1 分钟
2023-10-24 00:37:05 下次操作: 2023-10-24 00:38:35

2023-10-24 00:38:35 开始第 4862 次操作

2023-10-24 00:38:35 开始操作号码 【1944771】
2023-10-24 00:38:41 GSD getOne 第 1 次 等待 3 秒
2023-10-24 00:38:44 查询号码 【1944771】，返回信息 {"status":"ok","msg":"-","gid":"625548","time_insert":"2023-03-31 10:04"}
2023-10-24 00:38:44 查询号码 【1944771】，GSD为【"-"】
2023-10-24 00:38:44 ok && -
2023-10-24 00:38:52 CHB 1944771?1698079124 第 1 次 等待 3 秒
2023-10-24 00:38:55 CHB 1944771?1698079124 第 1 次 获取到号码【1944771】GSD
2023-10-24 00:38:55 未获取到号码【1944771】GSD，可能号码格式错误
2023-10-24 00:38:55 获取到号码【1944771】的GSD为【-】
2023-10-24 00:38:58 GSD insert 第 1 次 等待 3 秒
2023-10-24 00:39:01 {"status":"bad","gid":"625548","msg":"添加失败！号码【1944771(-|-)】已存在！"}
2023-10-24 00:39:01 随机等待 146 秒，约 2 分钟
2023-10-24 00:39:01 下次操作: 2023-10-24 00:41:27

2023-10-24 00:41:27 开始第 4863 次操作

2023-10-24 00:41:27 开始操作号码 【1944772】
2023-10-24 00:41:30 GSD getOne 第 1 次 等待 3 秒
2023-10-24 00:41:33 查询号码 【1944772】，返回信息 {"status":"ok","msg":"-","gid":"625543","time_insert":"2023-03-31 10:01"}
2023-10-24 00:41:33 查询号码 【1944772】，GSD为【"-"】
2023-10-24 00:41:33 ok && -
2023-10-24 00:41:35 CHB 1944772?1698079293 第 1 次 等待 3 秒
2023-10-24 00:41:38 CHB 1944772?1698079293 第 1 次 获取到号码【1944772】GSD
2023-10-24 00:41:38 未获取到号码【1944772】GSD，可能号码格式错误
2023-10-24 00:41:38 获取到号码【1944772】的GSD为【-】
2023-10-24 00:41:44 GSD insert 第 1 次 等待 3 秒
2023-10-24 00:41:47 {"status":"bad","gid":"625543","msg":"添加失败！号码【1944772(-|-)】已存在！"}
2023-10-24 00:41:47 随机等待 87 秒，约 1 分钟
2023-10-24 00:41:47 下次操作: 2023-10-24 00:43:14

2023-10-24 00:43:14 开始第 4864 次操作

2023-10-24 00:43:14 开始操作号码 【1944773】
2023-10-24 00:43:16 GSD getOne 第 1 次 等待 3 秒
2023-10-24 00:43:19 查询号码 【1944773】，返回信息 {"status":"ok","msg":"-","gid":"625541","time_insert":"2023-03-31 09:59"}
2023-10-24 00:43:19 查询号码 【1944773】，GSD为【"-"】
2023-10-24 00:43:19 ok && -
2023-10-24 00:43:22 CHB 1944773?1698079399 第 1 次 等待 3 秒
2023-10-24 00:43:25 CHB 1944773?1698079399 第 1 次 获取到号码【1944773】GSD
2023-10-24 00:43:25 未获取到号码【1944773】GSD，可能号码格式错误
2023-10-24 00:43:25 获取到号码【1944773】的GSD为【-】
2023-10-24 00:43:27 GSD insert 第 1 次 等待 3 秒
2023-10-24 00:43:30 {"status":"bad","gid":"625541","msg":"添加失败！号码【1944773(-|-)】已存在！"}

