2024-09-20 00:27:41 开始第 5189 次操作

2024-09-20 00:27:41 开始操作号码 【1405187】
2024-09-20 00:27:48 GSD getOne 第 1 次 等待 3 秒
2024-09-20 00:27:51 查询号码 【1405187】，返回信息 {"status":"ok","msg":"-","gid":"625314","time_insert":"2023-03-31 07:03"}
2024-09-20 00:27:51 查询号码 【1405187】，GSD为【"-"】
2024-09-20 00:27:51 ok && -
2024-09-20 00:27:53 CHB 1405187?1726763271 第 1 次 等待 3 秒
2024-09-20 00:27:56 CHB 1405187?1726763271 第 1 次 获取到号码【1405187】GSD
2024-09-20 00:27:56 未获取到号码【1405187】GSD，可能号码格式错误
2024-09-20 00:27:56 获取到号码【1405187】的GSD为【-】
2024-09-20 00:27:59 GSD insert 第 1 次 等待 3 秒
2024-09-20 00:28:02 {"status":"bad","gid":"625314","msg":"添加失败！号码【1405187(-|-)】已存在！"}
2024-09-20 00:28:02 随机等待 74 秒，约 1 分钟
2024-09-20 00:28:02 下次操作: 2024-09-20 00:29:16

2024-09-20 00:29:16 开始第 5190 次操作

2024-09-20 00:29:16 开始操作号码 【1405188】
2024-09-20 00:29:36 GSD getOne 第 1 次 等待 3 秒
2024-09-20 00:29:39 查询号码 【1405188】，返回信息 {"status":"ok","msg":"-","gid":"625333","time_insert":"2023-03-31 07:18"}
2024-09-20 00:29:39 查询号码 【1405188】，GSD为【"-"】
2024-09-20 00:29:39 ok && -
2024-09-20 00:29:40 CHB 1405188?1726763379 第 1 次 等待 3 秒
2024-09-20 00:29:43 CHB 1405188?1726763379 第 1 次 获取到号码【1405188】GSD
2024-09-20 00:29:43 未获取到号码【1405188】GSD，可能号码格式错误
2024-09-20 00:29:43 获取到号码【1405188】的GSD为【-】
2024-09-20 00:29:46 GSD insert 第 1 次 等待 3 秒
2024-09-20 00:29:49 {"status":"bad","gid":"625333","msg":"添加失败！号码【1405188(-|-)】已存在！"}
2024-09-20 00:29:49 随机等待 80 秒，约 1 分钟
2024-09-20 00:29:49 下次操作: 2024-09-20 00:31:09

2024-09-20 00:31:09 开始第 5191 次操作

2024-09-20 00:31:09 开始操作号码 【1405189】
2024-09-20 00:31:13 GSD getOne 第 1 次 等待 3 秒
2024-09-20 00:31:16 查询号码 【1405189】，返回信息 {"status":"ok","msg":"-","gid":"625354","time_insert":"2023-03-31 07:31"}
2024-09-20 00:31:16 查询号码 【1405189】，GSD为【"-"】
2024-09-20 00:31:16 ok && -
2024-09-20 00:31:18 CHB 1405189?1726763476 第 1 次 等待 3 秒
2024-09-20 00:31:21 CHB 1405189?1726763476 第 1 次 获取到号码【1405189】GSD
2024-09-20 00:31:21 未获取到号码【1405189】GSD，可能号码格式错误
2024-09-20 00:31:21 获取到号码【1405189】的GSD为【-】
2024-09-20 00:31:24 GSD insert 第 1 次 等待 3 秒
2024-09-20 00:31:27 {"status":"bad","gid":"625354","msg":"添加失败！号码【1405189(-|-)】已存在！"}
2024-09-20 00:31:27 随机等待 147 秒，约 2 分钟
2024-09-20 00:31:27 下次操作: 2024-09-20 00:33:54

2024-09-20 00:33:54 开始第 5192 次操作

2024-09-20 00:33:54 开始操作号码 【1405190】
2024-09-20 00:33:57 GSD getOne 第 1 次 等待 3 秒
2024-09-20 00:34:00 查询号码 【1405190】，返回信息 {"status":"ok","msg":"-","gid":"625373","time_insert":"2023-03-31 07:42"}
2024-09-20 00:34:00 查询号码 【1405190】，GSD为【"-"】
2024-09-20 00:34:00 ok && -
2024-09-20 00:34:01 CHB 1405190?1726763640 第 1 次 等待 3 秒
2024-09-20 00:34:04 CHB 1405190?1726763640 第 1 次 获取到号码【1405190】GSD
2024-09-20 00:34:04 未获取到号码【1405190】GSD，可能号码格式错误
2024-09-20 00:34:04 获取到号码【1405190】的GSD为【-】
2024-09-20 00:34:07 GSD insert 第 1 次 等待 3 秒
2024-09-20 00:34:10 {"status":"bad","gid":"625373","msg":"添加失败！号码【1405190(-|-)】已存在！"}

