2023-11-14 00:10:57 开始第 8693 次操作

2023-11-14 00:10:57 开始操作号码 【1948591】
2023-11-14 00:11:00 GSD getOne 第 1 次 等待 3 秒
2023-11-14 00:11:03 查询号码 【1948591】，返回信息 {"status":"ok","msg":"-","gid":"604218","time_insert":"2023-03-21 04:42"}
2023-11-14 00:11:03 查询号码 【1948591】，GSD为【"-"】
2023-11-14 00:11:03 ok && -
2023-11-14 00:11:10 CHB 1948591?1699891863 第 1 次 等待 3 秒
2023-11-14 00:11:13 CHB 1948591?1699891863 第 1 次 获取到号码【1948591】GSD
2023-11-14 00:11:13 未获取到号码【1948591】GSD，可能号码格式错误
2023-11-14 00:11:13 获取到号码【1948591】的GSD为【-】
2023-11-14 00:11:17 GSD insert 第 1 次 等待 3 秒
2023-11-14 00:11:20 {"status":"bad","gid":"604218","msg":"添加失败！号码【1948591(-|-)】已存在！"}
2023-11-14 00:11:20 随机等待 216 秒，约 3 分钟
2023-11-14 00:11:20 下次操作: 2023-11-14 00:14:56

2023-11-14 00:14:56 开始第 8694 次操作

2023-11-14 00:14:56 开始操作号码 【1948592】
2023-11-14 00:14:59 GSD getOne 第 1 次 等待 3 秒
2023-11-14 00:15:02 查询号码 【1948592】，返回信息 {"status":"ok","msg":"-","gid":"604212","time_insert":"2023-03-21 04:40"}
2023-11-14 00:15:03 查询号码 【1948592】，GSD为【"-"】
2023-11-14 00:15:03 ok && -
2023-11-14 00:15:05 CHB 1948592?1699892103 第 1 次 等待 3 秒
2023-11-14 00:15:08 CHB 1948592?1699892103 第 1 次 获取到号码【1948592】GSD
2023-11-14 00:15:08 未获取到号码【1948592】GSD，可能号码格式错误
2023-11-14 00:15:08 获取到号码【1948592】的GSD为【-】
2023-11-14 00:15:09 GSD insert 第 1 次 等待 3 秒
2023-11-14 00:15:15 GSD insert 第 2 次 等待 3 秒
2023-11-14 00:15:18 {"status":"bad","gid":"604212","msg":"添加失败！号码【1948592(-|-)】已存在！"}
2023-11-14 00:15:18 随机等待 165 秒，约 2 分钟
2023-11-14 00:15:18 下次操作: 2023-11-14 00:18:03

2023-11-14 00:18:03 开始第 8695 次操作

2023-11-14 00:18:03 开始操作号码 【1948593】
2023-11-14 00:18:10 GSD getOne 第 1 次 等待 3 秒
2023-11-14 00:18:13 查询号码 【1948593】，返回信息 {"status":"ok","msg":"-","gid":"604211","time_insert":"2023-03-21 04:38"}
2023-11-14 00:18:13 查询号码 【1948593】，GSD为【"-"】
2023-11-14 00:18:13 ok && -
2023-11-14 00:18:15 CHB 1948593?1699892293 第 1 次 等待 3 秒
2023-11-14 00:18:18 CHB 1948593?1699892293 第 1 次 获取到号码【1948593】GSD
2023-11-14 00:18:18 未获取到号码【1948593】GSD，可能号码格式错误
2023-11-14 00:18:18 获取到号码【1948593】的GSD为【-】
2023-11-14 00:18:22 GSD insert 第 1 次 等待 3 秒
2023-11-14 00:18:25 {"status":"bad","gid":"604211","msg":"添加失败！号码【1948593(-|-)】已存在！"}
2023-11-14 00:18:25 随机等待 101 秒，约 1 分钟
2023-11-14 00:18:25 下次操作: 2023-11-14 00:20:06

2023-11-14 00:20:06 开始第 8696 次操作

2023-11-14 00:20:06 开始操作号码 【1948594】
2023-11-14 00:20:09 GSD getOne 第 1 次 等待 3 秒
2023-11-14 00:20:12 查询号码 【1948594】，返回信息 {"status":"ok","msg":"-","gid":"604204","time_insert":"2023-03-21 04:36"}
2023-11-14 00:20:12 查询号码 【1948594】，GSD为【"-"】
2023-11-14 00:20:12 ok && -
2023-11-14 00:20:15 CHB 1948594?1699892412 第 1 次 等待 3 秒
2023-11-14 00:20:18 CHB 1948594?1699892412 第 1 次 获取到号码【1948594】GSD
2023-11-14 00:20:18 未获取到号码【1948594】GSD，可能号码格式错误
2023-11-14 00:20:18 获取到号码【1948594】的GSD为【-】
2023-11-14 00:20:25 GSD insert 第 1 次 等待 3 秒
2023-11-14 00:20:28 {"status":"bad","gid":"604204","msg":"添加失败！号码【1948594(-|-)】已存在！"}

