2024-09-29 00:26:18 开始第 6665 次操作

2024-09-29 00:26:18 开始操作号码 【1406663】
2024-09-29 00:26:21 GSD getOne 第 1 次 等待 3 秒
2024-09-29 00:26:24 查询号码 【1406663】，返回信息 {"status":"ok","msg":"-","gid":"659744","time_insert":"2023-04-17 09:41"}
2024-09-29 00:26:24 查询号码 【1406663】，GSD为【"-"】
2024-09-29 00:26:24 ok && -
2024-09-29 00:26:26 CHB 1406663?1727540784 第 1 次 等待 3 秒
2024-09-29 00:26:29 CHB 1406663?1727540784 第 1 次 获取到号码【1406663】GSD
2024-09-29 00:26:29 未获取到号码【1406663】GSD，可能号码格式错误
2024-09-29 00:26:29 获取到号码【1406663】的GSD为【-】
2024-09-29 00:26:31 GSD insert 第 1 次 等待 3 秒
2024-09-29 00:26:34 {"status":"bad","gid":"659744","msg":"添加失败！号码【1406663(-|-)】已存在！"}
2024-09-29 00:26:34 随机等待 150 秒，约 2 分钟
2024-09-29 00:26:34 下次操作: 2024-09-29 00:29:04

2024-09-29 00:29:04 开始第 6666 次操作

2024-09-29 00:29:04 开始操作号码 【1406664】
2024-09-29 00:29:07 GSD getOne 第 1 次 等待 3 秒
2024-09-29 00:29:10 查询号码 【1406664】，返回信息 {"status":"ok","msg":"-","gid":"659758","time_insert":"2023-04-17 09:53"}
2024-09-29 00:29:10 查询号码 【1406664】，GSD为【"-"】
2024-09-29 00:29:10 ok && -
2024-09-29 00:29:13 CHB 1406664?1727540950 第 1 次 等待 3 秒
2024-09-29 00:29:16 CHB 1406664?1727540950 第 1 次 获取到号码【1406664】GSD
2024-09-29 00:29:16 未获取到号码【1406664】GSD，可能号码格式错误
2024-09-29 00:29:16 获取到号码【1406664】的GSD为【-】
2024-09-29 00:29:18 GSD insert 第 1 次 等待 3 秒
2024-09-29 00:29:21 {"status":"bad","gid":"659758","msg":"添加失败！号码【1406664(-|-)】已存在！"}
2024-09-29 00:29:21 随机等待 136 秒，约 2 分钟
2024-09-29 00:29:21 下次操作: 2024-09-29 00:31:37

2024-09-29 00:31:37 开始第 6667 次操作

2024-09-29 00:31:37 开始操作号码 【1406665】
2024-09-29 00:31:41 GSD getOne 第 1 次 等待 3 秒
2024-09-29 00:31:44 查询号码 【1406665】，返回信息 {"status":"ok","msg":"-","gid":"659768","time_insert":"2023-04-17 10:02"}
2024-09-29 00:31:44 查询号码 【1406665】，GSD为【"-"】
2024-09-29 00:31:44 ok && -
2024-09-29 00:31:46 CHB 1406665?1727541104 第 1 次 等待 3 秒
2024-09-29 00:31:49 CHB 1406665?1727541104 第 1 次 获取到号码【1406665】GSD
2024-09-29 00:31:49 未获取到号码【1406665】GSD，可能号码格式错误
2024-09-29 00:31:49 获取到号码【1406665】的GSD为【-】
2024-09-29 00:31:51 GSD insert 第 1 次 等待 3 秒
2024-09-29 00:31:54 {"status":"bad","gid":"659768","msg":"添加失败！号码【1406665(-|-)】已存在！"}
2024-09-29 00:31:54 随机等待 207 秒，约 3 分钟
2024-09-29 00:31:54 下次操作: 2024-09-29 00:35:21

2024-09-29 00:35:21 开始第 6668 次操作

2024-09-29 00:35:21 开始操作号码 【1406666】
2024-09-29 00:35:24 GSD getOne 第 1 次 等待 3 秒
2024-09-29 00:35:27 查询号码 【1406666】，返回信息 {"status":"ok","msg":"-","gid":"659792","time_insert":"2023-04-17 10:23"}
2024-09-29 00:35:27 查询号码 【1406666】，GSD为【"-"】
2024-09-29 00:35:27 ok && -
2024-09-29 00:35:29 CHB 1406666?1727541327 第 1 次 等待 3 秒
2024-09-29 00:35:32 CHB 1406666?1727541327 第 1 次 获取到号码【1406666】GSD
2024-09-29 00:35:32 未获取到号码【1406666】GSD，可能号码格式错误
2024-09-29 00:35:32 获取到号码【1406666】的GSD为【-】
2024-09-29 00:35:34 GSD insert 第 1 次 等待 3 秒
2024-09-29 00:35:37 {"status":"bad","gid":"659792","msg":"添加失败！号码【1406666(-|-)】已存在！"}

