2023-10-04 00:11:03 开始第 1401 次操作

2023-10-04 00:11:03 开始操作号码 【1941400】
2023-10-04 00:11:06 GSD getOne 第 1 次 等待 3 秒
2023-10-04 00:11:09 查询号码 【1941400】，返回信息 {"status":"ok","msg":"-","gid":"571427","time_insert":"2023-03-05 13:41"}
2023-10-04 00:11:09 查询号码 【1941400】，GSD为【"-"】
2023-10-04 00:11:09 ok && -
2023-10-04 00:11:16 CHB 1941400?1696349469 第 1 次 等待 3 秒
2023-10-04 00:11:19 CHB 1941400?1696349469 第 1 次 获取到号码【1941400】GSD
2023-10-04 00:11:19 未获取到号码【1941400】GSD，可能号码格式错误
2023-10-04 00:11:19 获取到号码【1941400】的GSD为【-】
2023-10-04 00:11:21 GSD insert 第 1 次 等待 3 秒
2023-10-04 00:11:24 {"status":"bad","gid":"571427","msg":"添加失败！号码【1941400(-|-)】已存在！"}
2023-10-04 00:11:24 随机等待 188 秒，约 3 分钟
2023-10-04 00:11:24 下次操作: 2023-10-04 00:14:32

2023-10-04 00:14:32 开始第 1402 次操作

2023-10-04 00:14:32 开始操作号码 【1941401】
2023-10-04 00:14:35 GSD getOne 第 1 次 等待 3 秒
2023-10-04 00:14:38 查询号码 【1941401】，返回信息 {"status":"ok","msg":"-","gid":"571466","time_insert":"2023-03-05 14:01"}
2023-10-04 00:14:38 查询号码 【1941401】，GSD为【"-"】
2023-10-04 00:14:38 ok && -
2023-10-04 00:14:41 CHB 1941401?1696349678 第 1 次 等待 3 秒
2023-10-04 00:14:44 CHB 1941401?1696349678 第 1 次 获取到号码【1941401】GSD
2023-10-04 00:14:44 未获取到号码【1941401】GSD，可能号码格式错误
2023-10-04 00:14:44 获取到号码【1941401】的GSD为【-】
2023-10-04 00:14:50 GSD insert 第 1 次 等待 3 秒
2023-10-04 00:14:53 {"status":"bad","gid":"571466","msg":"添加失败！号码【1941401(-|-)】已存在！"}
2023-10-04 00:14:53 随机等待 222 秒，约 3 分钟
2023-10-04 00:14:53 下次操作: 2023-10-04 00:18:35

2023-10-04 00:18:35 开始第 1403 次操作

2023-10-04 00:18:35 开始操作号码 【1941402】
2023-10-04 00:18:39 GSD getOne 第 1 次 等待 3 秒
2023-10-04 00:18:42 查询号码 【1941402】，返回信息 {"status":"ok","msg":"-","gid":"571487","time_insert":"2023-03-05 14:19"}
2023-10-04 00:18:42 查询号码 【1941402】，GSD为【"-"】
2023-10-04 00:18:42 ok && -
2023-10-04 00:18:46 CHB 1941402?1696349922 第 1 次 等待 3 秒
2023-10-04 00:18:49 CHB 1941402?1696349922 第 1 次 获取到号码【1941402】GSD
2023-10-04 00:18:49 未获取到号码【1941402】GSD，可能号码格式错误
2023-10-04 00:18:49 获取到号码【1941402】的GSD为【-】
2023-10-04 00:18:52 GSD insert 第 1 次 等待 3 秒
2023-10-04 00:18:55 {"status":"bad","gid":"571487","msg":"添加失败！号码【1941402(-|-)】已存在！"}
2023-10-04 00:18:55 随机等待 67 秒，约 1 分钟
2023-10-04 00:18:55 下次操作: 2023-10-04 00:20:02

2023-10-04 00:20:02 开始第 1404 次操作

2023-10-04 00:20:02 开始操作号码 【1941403】
2023-10-04 00:20:05 GSD getOne 第 1 次 等待 3 秒
2023-10-04 00:20:08 查询号码 【1941403】，返回信息 {"status":"ok","msg":"-","gid":"571514","time_insert":"2023-03-05 14:36"}
2023-10-04 00:20:08 查询号码 【1941403】，GSD为【"-"】
2023-10-04 00:20:08 ok && -
2023-10-04 00:20:10 CHB 1941403?1696350008 第 1 次 等待 3 秒
2023-10-04 00:20:13 CHB 1941403?1696350008 第 1 次 获取到号码【1941403】GSD
2023-10-04 00:20:13 未获取到号码【1941403】GSD，可能号码格式错误
2023-10-04 00:20:13 获取到号码【1941403】的GSD为【-】
2023-10-04 00:20:16 GSD insert 第 1 次 等待 3 秒
2023-10-04 00:20:19 {"status":"bad","gid":"571514","msg":"添加失败！号码【1941403(-|-)】已存在！"}

