2021-07-31 00:00:14 开始第 3 次操作

2021-07-31 00:00:14 开始操作号码 【1938569】
2021-07-31 00:00:20 GSD getOne 第 1 次 等待 3 秒
2021-07-31 00:00:23 查询号码 【1938569】，返回信息 {"status":"bad","msg":""}
2021-07-31 00:00:24 查询号码 【1938569】，GSD为【""】
2021-07-31 00:00:24 bad
2021-07-31 00:00:25 CHB 1938569?1627660824 第 1 次 等待 3 秒
2021-07-31 00:00:28 CHB 1938569?1627660824 第 1 次 获取到号码【1938569】GSD
2021-07-31 00:00:28 获取到号码【1938569】的GSD为【贵州-遵义】
2021-07-31 00:00:47 GSD insert 第 1 次 等待 3 秒
2021-07-31 00:00:50 {"status":"ok","gid":449847,"msg":"添加成功！"}
2021-07-31 00:00:50 下次操作: 2021-07-31 00:01:13

2021-07-31 00:01:13 开始第 4 次操作

2021-07-31 00:01:13 开始操作号码 【1938568】
2021-07-31 00:01:18 GSD getOne 第 1 次 等待 3 秒
2021-07-31 00:01:21 查询号码 【1938568】，返回信息 {"status":"bad","msg":""}
2021-07-31 00:01:21 查询号码 【1938568】，GSD为【""】
2021-07-31 00:01:21 bad
2021-07-31 00:01:23 CHB 1938568?1627660881 第 1 次 等待 3 秒
2021-07-31 00:01:26 CHB 1938568?1627660881 第 1 次 获取到号码【1938568】GSD
2021-07-31 00:01:26 未获取到号码【1938568】GSD，查号吧 400 错误
2021-07-31 00:01:26 获取到号码【1938568】的GSD为【-】
2021-07-31 00:01:46 GSD insert 第 1 次 等待 3 秒
2021-07-31 00:01:49 {"status":"ok","gid":449864,"msg":"添加成功！"}
2021-07-31 00:01:49 下次操作: 2021-07-31 00:02:07

2021-07-31 00:02:07 开始第 5 次操作

2021-07-31 00:02:07 开始操作号码 【1938567】
2021-07-31 00:02:11 GSD getOne 第 1 次 等待 3 秒
2021-07-31 00:02:14 查询号码 【1938567】，返回信息 {"status":"bad","msg":""}
2021-07-31 00:02:14 查询号码 【1938567】，GSD为【""】
2021-07-31 00:02:14 bad
2021-07-31 00:02:17 CHB 1938567?1627660934 第 1 次 等待 3 秒
2021-07-31 00:02:20 CHB 1938567?1627660934 第 1 次 获取到号码【1938567】GSD
2021-07-31 00:02:20 获取到号码【1938567】的GSD为【贵州-黔西南】
2021-07-31 00:02:30 GSD insert 第 1 次 等待 3 秒
2021-07-31 00:02:33 {"status":"ok","gid":449876,"msg":"添加成功！"}
2021-07-31 00:02:33 下次操作: 2021-07-31 00:02:51

2021-07-31 00:02:52 开始第 6 次操作

2021-07-31 00:02:52 开始操作号码 【1938566】
2021-07-31 00:02:58 GSD getOne 第 1 次 等待 3 秒
2021-07-31 00:03:01 查询号码 【1938566】，返回信息 {"status":"bad","msg":""}
2021-07-31 00:03:01 查询号码 【1938566】，GSD为【""】
2021-07-31 00:03:01 bad
2021-07-31 00:03:03 CHB 1938566?1627660981 第 1 次 等待 3 秒
2021-07-31 00:03:06 CHB 1938566?1627660981 第 1 次 获取到号码【1938566】GSD
2021-07-31 00:03:06 获取到号码【1938566】的GSD为【贵州-毕节】
2021-07-31 00:03:28 GSD insert 第 1 次 等待 3 秒
2021-07-31 00:03:31 {"status":"ok","gid":449893,"msg":"添加成功！"}
2021-07-31 00:03:31 下次操作: 2021-07-31 00:03:44

2021-07-31 00:03:44 开始第 7 次操作

2021-07-31 00:03:44 开始操作号码 【1938565】
2021-07-31 00:03:47 GSD getOne 第 1 次 等待 3 秒
2021-07-31 00:03:50 查询号码 【1938565】，返回信息 {"status":"bad","msg":""}
2021-07-31 00:03:50 查询号码 【1938565】，GSD为【""】
2021-07-31 00:03:50 bad
2021-07-31 00:03:52 CHB 1938565?1627661030 第 1 次 等待 3 秒
2021-07-31 00:03:55 CHB 1938565?1627661030 第 1 次 获取到号码【1938565】GSD
2021-07-31 00:03:55 未获取到号码【1938565】GSD，查号吧 400 错误
2021-07-31 00:03:55 获取到号码【1938565】的GSD为【-】
2021-07-31 00:04:14 GSD insert 第 1 次 等待 3 秒
2021-07-31 00:04:17 {"status":"ok","gid":449904,"msg":"添加成功！"}
2021-07-31 00:04:17 下次操作: 2021-07-31 00:04:29

2021-07-31 00:04:29 开始第 8 次操作

2021-07-31 00:04:29 开始操作号码 【1938564】
2021-07-31 00:04:40 GSD getOne 第 1 次 等待 3 秒
2021-07-31 00:04:43 查询号码 【1938564】，返回信息 {"status":"bad","msg":""}
2021-07-31 00:04:43 查询号码 【1938564】，GSD为【""】
2021-07-31 00:04:43 bad
2021-07-31 00:04:44 CHB 1938564?1627661083 第 1 次 等待 3 秒
2021-07-31 00:04:47 CHB 1938564?1627661083 第 1 次 获取到号码【1938564】GSD
2021-07-31 00:04:47 获取到号码【1938564】的GSD为【贵州-六盘水】
2021-07-31 00:05:13 GSD insert 第 1 次 等待 3 秒
2021-07-31 00:05:16 {"status":"ok","gid":449920,"msg":"添加成功！"}
2021-07-31 00:05:16 下次操作: 2021-07-31 00:05:36

2021-07-31 00:05:36 开始第 9 次操作

2021-07-31 00:05:36 开始操作号码 【1938563】
2021-07-31 00:05:39 GSD getOne 第 1 次 等待 3 秒
2021-07-31 00:05:42 查询号码 【1938563】，返回信息 {"status":"bad","msg":""}
2021-07-31 00:05:42 查询号码 【1938563】，GSD为【""】
2021-07-31 00:05:42 bad
2021-07-31 00:05:44 CHB 1938563?1627661142 第 1 次 等待 3 秒
2021-07-31 00:05:47 CHB 1938563?1627661142 第 1 次 获取到号码【1938563】GSD
2021-07-31 00:05:47 获取到号码【1938563】的GSD为【贵州-遵义】
2021-07-31 00:06:06 GSD insert 第 1 次 等待 3 秒
2021-07-31 00:06:09 {"status":"ok","gid":449934,"msg":"添加成功！"}
2021-07-31 00:06:09 下次操作: 2021-07-31 00:06:23

2021-07-31 00:06:23 开始第 10 次操作

2021-07-31 00:06:23 开始操作号码 【1938562】
2021-07-31 00:06:28 GSD getOne 第 1 次 等待 3 秒
2021-07-31 00:06:31 查询号码 【1938562】，返回信息 {"status":"bad","msg":""}
2021-07-31 00:06:31 查询号码 【1938562】，GSD为【""】
2021-07-31 00:06:31 bad
2021-07-31 00:06:32 CHB 1938562?1627661191 第 1 次 等待 3 秒
2021-07-31 00:06:35 CHB 1938562?1627661191 第 1 次 获取到号码【1938562】GSD
2021-07-31 00:06:36 获取到号码【1938562】的GSD为【贵州-铜仁】
2021-07-31 00:06:56 GSD insert 第 1 次 等待 3 秒
2021-07-31 00:06:59 {"status":"ok","gid":449948,"msg":"添加成功！"}
2021-07-31 00:06:59 下次操作: 2021-07-31 00:07:23

2021-07-31 00:07:24 开始第 11 次操作

2021-07-31 00:07:24 开始操作号码 【1938561】
2021-07-31 00:07:30 GSD getOne 第 1 次 等待 3 秒
2021-07-31 00:07:33 查询号码 【1938561】，返回信息 {"status":"bad","msg":""}
2021-07-31 00:07:33 查询号码 【1938561】，GSD为【""】
2021-07-31 00:07:33 bad
2021-07-31 00:07:34 CHB 1938561?1627661253 第 1 次 等待 3 秒
2021-07-31 00:07:37 CHB 1938561?1627661253 第 1 次 获取到号码【1938561】GSD
2021-07-31 00:07:37 获取到号码【1938561】的GSD为【贵州-黔西南】
2021-07-31 00:07:57 GSD insert 第 1 次 等待 3 秒
2021-07-31 00:08:00 {"status":"ok","gid":449961,"msg":"添加成功！"}
2021-07-31 00:08:00 下次操作: 2021-07-31 00:08:18

2021-07-31 00:08:18 开始第 12 次操作

2021-07-31 00:08:18 开始操作号码 【1938560】
2021-07-31 00:08:21 GSD getOne 第 1 次 等待 3 秒
2021-07-31 00:08:24 查询号码 【1938560】，返回信息 {"status":"bad","msg":""}
2021-07-31 00:08:24 查询号码 【1938560】，GSD为【""】
2021-07-31 00:08:24 bad
2021-07-31 00:08:25 CHB 1938560?1627661304 第 1 次 等待 3 秒
2021-07-31 00:08:28 CHB 1938560?1627661304 第 1 次 获取到号码【1938560】GSD
2021-07-31 00:08:28 获取到号码【1938560】的GSD为【贵州-黔东南】
2021-07-31 00:08:48 GSD insert 第 1 次 等待 3 秒
2021-07-31 00:08:51 {"status":"ok","gid":449975,"msg":"添加成功！"}
2021-07-31 00:08:51 下次操作: 2021-07-31 00:09:07

2021-07-31 00:09:07 开始第 13 次操作

2021-07-31 00:09:07 开始操作号码 【1938559】
2021-07-31 00:09:10 GSD getOne 第 1 次 等待 3 秒
2021-07-31 00:09:13 查询号码 【1938559】，返回信息 {"status":"bad","msg":""}
2021-07-31 00:09:13 查询号码 【1938559】，GSD为【""】
2021-07-31 00:09:13 bad
2021-07-31 00:09:19 CHB 1938559?1627661353 第 1 次 等待 3 秒
2021-07-31 00:09:22 CHB 1938559?1627661353 第 1 次 获取到号码【1938559】GSD
2021-07-31 00:09:22 获取到号码【1938559】的GSD为【贵州-黔西南】
2021-07-31 00:09:33 GSD insert 第 1 次 等待 3 秒
2021-07-31 00:09:36 {"status":"ok","gid":449987,"msg":"添加成功！"}
2021-07-31 00:09:36 下次操作: 2021-07-31 00:09:59

2021-07-31 00:09:59 开始第 14 次操作

2021-07-31 00:09:59 开始操作号码 【1938558】
2021-07-31 00:10:03 GSD getOne 第 1 次 等待 3 秒
2021-07-31 00:10:06 查询号码 【1938558】，返回信息 {"status":"bad","msg":""}
2021-07-31 00:10:06 查询号码 【1938558】，GSD为【""】
2021-07-31 00:10:06 bad
2021-07-31 00:10:07 CHB 1938558?1627661406 第 1 次 等待 3 秒
2021-07-31 00:10:10 CHB 1938558?1627661406 第 1 次 获取到号码【1938558】GSD
2021-07-31 00:10:10 获取到号码【1938558】的GSD为【贵州-六盘水】
2021-07-31 00:10:35 GSD insert 第 1 次 等待 3 秒
2021-07-31 00:10:38 {"status":"ok","gid":450002,"msg":"添加成功！"}
2021-07-31 00:10:38 下次操作: 2021-07-31 00:10:58

2021-07-31 00:10:58 开始第 15 次操作

2021-07-31 00:10:58 开始操作号码 【1938557】
2021-07-31 00:11:06 GSD getOne 第 1 次 等待 3 秒
2021-07-31 00:11:09 查询号码 【1938557】，返回信息 {"status":"bad","msg":""}
2021-07-31 00:11:09 查询号码 【1938557】，GSD为【""】
2021-07-31 00:11:09 bad
2021-07-31 00:11:10 CHB 1938557?1627661469 第 1 次 等待 3 秒
2021-07-31 00:11:13 CHB 1938557?1627661469 第 1 次 获取到号码【1938557】GSD
2021-07-31 00:11:13 获取到号码【1938557】的GSD为【贵州-毕节】
2021-07-31 00:11:38 GSD insert 第 1 次 等待 3 秒
2021-07-31 00:11:41 {"status":"ok","gid":450020,"msg":"添加成功！"}
2021-07-31 00:11:41 下次操作: 2021-07-31 00:12:02

2021-07-31 00:12:02 开始第 16 次操作

2021-07-31 00:12:02 开始操作号码 【1938556】
2021-07-31 00:12:13 GSD getOne 第 1 次 等待 3 秒
2021-07-31 00:12:16 查询号码 【1938556】，返回信息 {"status":"bad","msg":""}
2021-07-31 00:12:16 查询号码 【1938556】，GSD为【""】
2021-07-31 00:12:16 bad
2021-07-31 00:12:18 CHB 1938556?1627661536 第 1 次 等待 3 秒
2021-07-31 00:12:21 CHB 1938556?1627661536 第 1 次 获取到号码【1938556】GSD
2021-07-31 00:12:21 获取到号码【1938556】的GSD为【贵州-铜仁】
2021-07-31 00:12:39 GSD insert 第 1 次 等待 3 秒
2021-07-31 00:12:42 {"status":"ok","gid":450035,"msg":"添加成功！"}
2021-07-31 00:12:42 下次操作: 2021-07-31 00:13:02

2021-07-31 00:13:02 开始第 17 次操作

2021-07-31 00:13:02 开始操作号码 【1938555】
2021-07-31 00:13:05 GSD getOne 第 1 次 等待 3 秒
2021-07-31 00:13:08 查询号码 【1938555】，返回信息 {"status":"bad","msg":""}
2021-07-31 00:13:09 查询号码 【1938555】，GSD为【""】
2021-07-31 00:13:09 bad
2021-07-31 00:13:10 CHB 1938555?1627661589 第 1 次 等待 3 秒
2021-07-31 00:13:13 CHB 1938555?1627661589 第 1 次 获取到号码【1938555】GSD
2021-07-31 00:13:13 获取到号码【1938555】的GSD为【贵州-黔东南】
2021-07-31 00:13:32 GSD insert 第 1 次 等待 3 秒
2021-07-31 00:13:35 {"status":"ok","gid":450047,"msg":"添加成功！"}
2021-07-31 00:13:35 下次操作: 2021-07-31 00:13:48

2021-07-31 00:13:48 开始第 18 次操作

2021-07-31 00:13:48 开始操作号码 【1938554】
2021-07-31 00:13:53 GSD getOne 第 1 次 等待 3 秒
2021-07-31 00:13:56 查询号码 【1938554】，返回信息 {"status":"bad","msg":""}
2021-07-31 00:13:56 查询号码 【1938554】，GSD为【""】
2021-07-31 00:13:56 bad
2021-07-31 00:13:58 CHB 1938554?1627661636 第 1 次 等待 3 秒
2021-07-31 00:14:01 CHB 1938554?1627661636 第 1 次 获取到号码【1938554】GSD
2021-07-31 00:14:01 获取到号码【1938554】的GSD为【贵州-黔南】
2021-07-31 00:14:20 GSD insert 第 1 次 等待 3 秒
2021-07-31 00:14:23 {"status":"ok","gid":450057,"msg":"添加成功！"}
2021-07-31 00:14:23 下次操作: 2021-07-31 00:14:40

2021-07-31 00:14:40 开始第 19 次操作

2021-07-31 00:14:40 开始操作号码 【1938553】
2021-07-31 00:14:43 GSD getOne 第 1 次 等待 3 秒
2021-07-31 00:14:46 查询号码 【1938553】，返回信息 {"status":"bad","msg":""}
2021-07-31 00:14:47 查询号码 【1938553】，GSD为【""】
2021-07-31 00:14:47 bad
2021-07-31 00:14:48 CHB 1938553?1627661687 第 1 次 等待 3 秒
2021-07-31 00:14:51 CHB 1938553?1627661687 第 1 次 获取到号码【1938553】GSD
2021-07-31 00:14:51 获取到号码【1938553】的GSD为【贵州-安顺】
2021-07-31 00:15:15 GSD insert 第 1 次 等待 3 秒
2021-07-31 00:15:18 {"status":"ok","gid":450068,"msg":"添加成功！"}
2021-07-31 00:15:18 下次操作: 2021-07-31 00:15:34

2021-07-31 00:15:34 开始第 20 次操作

2021-07-31 00:15:34 开始操作号码 【1938552】
2021-07-31 00:15:41 GSD getOne 第 1 次 等待 3 秒
2021-07-31 00:15:44 查询号码 【1938552】，返回信息 {"status":"bad","msg":""}
2021-07-31 00:15:45 查询号码 【1938552】，GSD为【""】
2021-07-31 00:15:45 bad
2021-07-31 00:15:46 CHB 1938552?1627661745 第 1 次 等待 3 秒
2021-07-31 00:15:49 CHB 1938552?1627661745 第 1 次 获取到号码【1938552】GSD
2021-07-31 00:15:49 获取到号码【1938552】的GSD为【贵州-遵义】
2021-07-31 00:16:08 GSD insert 第 1 次 等待 3 秒
2021-07-31 00:16:11 {"status":"ok","gid":450078,"msg":"添加成功！"}
2021-07-31 00:16:11 下次操作: 2021-07-31 00:16:24

2021-07-31 00:16:24 开始第 21 次操作

2021-07-31 00:16:24 开始操作号码 【1938551】
2021-07-31 00:16:27 GSD getOne 第 1 次 等待 3 秒
2021-07-31 00:16:30 查询号码 【1938551】，返回信息 {"status":"bad","msg":""}
2021-07-31 00:16:30 查询号码 【1938551】，GSD为【""】
2021-07-31 00:16:30 bad
2021-07-31 00:16:31 CHB 1938551?1627661790 第 1 次 等待 3 秒
2021-07-31 00:16:34 CHB 1938551?1627661790 第 1 次 获取到号码【1938551】GSD
2021-07-31 00:16:35 获取到号码【1938551】的GSD为【贵州-贵阳】
2021-07-31 00:16:54 GSD insert 第 1 次 等待 3 秒
2021-07-31 00:16:57 {"status":"ok","gid":450088,"msg":"添加成功！"}
2021-07-31 00:16:57 下次操作: 2021-07-31 00:17:19

2021-07-31 00:17:19 开始第 22 次操作

2021-07-31 00:17:19 开始操作号码 【1938550】
2021-07-31 00:17:30 GSD getOne 第 1 次 等待 3 秒
2021-07-31 00:17:33 查询号码 【1938550】，返回信息 {"status":"bad","msg":""}
2021-07-31 00:17:33 查询号码 【1938550】，GSD为【""】
2021-07-31 00:17:33 bad
2021-07-31 00:17:35 CHB 1938550?1627661853 第 1 次 等待 3 秒
2021-07-31 00:17:38 CHB 1938550?1627661853 第 1 次 获取到号码【1938550】GSD
2021-07-31 00:17:38 获取到号码【1938550】的GSD为【贵州-贵阳】
2021-07-31 00:18:05 GSD insert 第 1 次 等待 3 秒
2021-07-31 00:18:08 {"status":"ok","gid":450096,"msg":"添加成功！"}
2021-07-31 00:18:08 下次操作: 2021-07-31 00:18:32

2021-07-31 00:18:32 开始第 23 次操作

2021-07-31 00:18:32 开始操作号码 【1938549】
2021-07-31 00:18:36 GSD getOne 第 1 次 等待 3 秒
2021-07-31 00:18:39 查询号码 【1938549】，返回信息 {"status":"bad","msg":""}
2021-07-31 00:18:39 查询号码 【1938549】，GSD为【""】
2021-07-31 00:18:39 bad
2021-07-31 00:18:40 CHB 1938549?1627661919 第 1 次 等待 3 秒
2021-07-31 00:18:43 CHB 1938549?1627661919 第 1 次 获取到号码【1938549】GSD
2021-07-31 00:18:43 获取到号码【1938549】的GSD为【贵州-毕节】
2021-07-31 00:19:02 GSD insert 第 1 次 等待 3 秒
2021-07-31 00:19:05 {"status":"ok","gid":450103,"msg":"添加成功！"}
2021-07-31 00:19:05 下次操作: 2021-07-31 00:19:26

2021-07-31 00:19:26 开始第 24 次操作

2021-07-31 00:19:26 开始操作号码 【1938548】
2021-07-31 00:19:29 GSD getOne 第 1 次 等待 3 秒
2021-07-31 00:19:32 查询号码 【1938548】，返回信息 {"status":"bad","msg":""}
2021-07-31 00:19:32 查询号码 【1938548】，GSD为【""】
2021-07-31 00:19:32 bad
2021-07-31 00:19:34 CHB 1938548?1627661972 第 1 次 等待 3 秒
2021-07-31 00:19:37 CHB 1938548?1627661972 第 1 次 获取到号码【1938548】GSD
2021-07-31 00:19:37 获取到号码【1938548】的GSD为【贵州-黔南】
2021-07-31 00:19:50 GSD insert 第 1 次 等待 3 秒
2021-07-31 00:19:53 {"status":"ok","gid":450109,"msg":"添加成功！"}
2021-07-31 00:19:53 下次操作: 2021-07-31 00:20:13

2021-07-31 00:20:13 开始第 25 次操作

2021-07-31 00:20:13 开始操作号码 【1938547】
2021-07-31 00:20:22 GSD getOne 第 1 次 等待 3 秒
2021-07-31 00:20:25 查询号码 【1938547】，返回信息 {"status":"bad","msg":""}
2021-07-31 00:20:25 查询号码 【1938547】，GSD为【""】
2021-07-31 00:20:25 bad
2021-07-31 00:20:27 CHB 1938547?1627662025 第 1 次 等待 3 秒
2021-07-31 00:20:30 CHB 1938547?1627662025 第 1 次 获取到号码【1938547】GSD
2021-07-31 00:20:30 获取到号码【1938547】的GSD为【贵州-毕节】
2021-07-31 00:20:49 GSD insert 第 1 次 等待 3 秒
2021-07-31 00:20:52 {"status":"ok","gid":450115,"msg":"添加成功！"}
2021-07-31 00:20:52 下次操作: 2021-07-31 00:21:11

2021-07-31 00:21:11 开始第 26 次操作

2021-07-31 00:21:11 开始操作号码 【1938546】
2021-07-31 00:21:15 GSD getOne 第 1 次 等待 3 秒
2021-07-31 00:21:18 查询号码 【1938546】，返回信息 {"status":"bad","msg":""}
2021-07-31 00:21:19 查询号码 【1938546】，GSD为【""】
2021-07-31 00:21:19 bad
2021-07-31 00:21:20 CHB 1938546?1627662079 第 1 次 等待 3 秒
2021-07-31 00:21:23 CHB 1938546?1627662079 第 1 次 获取到号码【1938546】GSD
2021-07-31 00:21:23 获取到号码【1938546】的GSD为【贵州-黔南】
2021-07-31 00:21:47 GSD insert 第 1 次 等待 3 秒
2021-07-31 00:21:50 {"status":"ok","gid":450120,"msg":"添加成功！"}
2021-07-31 00:21:50 下次操作: 2021-07-31 00:22:08

2021-07-31 00:22:08 开始第 27 次操作

2021-07-31 00:22:08 开始操作号码 【1938545】
2021-07-31 00:22:11 GSD getOne 第 1 次 等待 3 秒
2021-07-31 00:22:14 查询号码 【1938545】，返回信息 {"status":"bad","msg":""}
2021-07-31 00:22:14 查询号码 【1938545】，GSD为【""】
2021-07-31 00:22:14 bad
2021-07-31 00:22:15 CHB 1938545?1627662134 第 1 次 等待 3 秒
2021-07-31 00:22:19 CHB 1938545?1627662134 第 1 次 获取到号码【1938545】GSD
2021-07-31 00:22:19 获取到号码【1938545】的GSD为【贵州-毕节】
2021-07-31 00:22:37 GSD insert 第 1 次 等待 3 秒
2021-07-31 00:22:40 {"status":"ok","gid":450126,"msg":"添加成功！"}
2021-07-31 00:22:40 下次操作: 2021-07-31 00:22:54

2021-07-31 00:22:54 开始第 28 次操作

2021-07-31 00:22:54 开始操作号码 【1938544】
2021-07-31 00:22:58 GSD getOne 第 1 次 等待 3 秒
2021-07-31 00:23:01 查询号码 【1938544】，返回信息 {"status":"bad","msg":""}
2021-07-31 00:23:01 查询号码 【1938544】，GSD为【""】
2021-07-31 00:23:01 bad
2021-07-31 00:23:03 CHB 1938544?1627662181 第 1 次 等待 3 秒
2021-07-31 00:23:06 CHB 1938544?1627662181 第 1 次 获取到号码【1938544】GSD
2021-07-31 00:23:06 获取到号码【1938544】的GSD为【贵州-黔南】
2021-07-31 00:23:24 GSD insert 第 1 次 等待 3 秒
2021-07-31 00:23:27 {"status":"ok","gid":450131,"msg":"添加成功！"}
2021-07-31 00:23:27 下次操作: 2021-07-31 00:23:44

2021-07-31 00:23:44 开始第 29 次操作

2021-07-31 00:23:44 开始操作号码 【1938543】
2021-07-31 00:23:47 GSD getOne 第 1 次 等待 3 秒
2021-07-31 00:23:50 查询号码 【1938543】，返回信息 {"status":"bad","msg":""}
2021-07-31 00:23:50 查询号码 【1938543】，GSD为【""】
2021-07-31 00:23:50 bad
2021-07-31 00:23:52 CHB 1938543?1627662230 第 1 次 等待 3 秒
2021-07-31 00:23:55 CHB 1938543?1627662230 第 1 次 获取到号码【1938543】GSD
2021-07-31 00:23:55 获取到号码【1938543】的GSD为【贵州-六盘水】
2021-07-31 00:24:14 GSD insert 第 1 次 等待 3 秒
2021-07-31 00:24:17 {"status":"ok","gid":450135,"msg":"添加成功！"}
2021-07-31 00:24:17 下次操作: 2021-07-31 00:24:36

2021-07-31 00:24:36 开始第 30 次操作

2021-07-31 00:24:36 开始操作号码 【1938542】
2021-07-31 00:24:43 GSD getOne 第 1 次 等待 3 秒
2021-07-31 00:24:46 查询号码 【1938542】，返回信息 {"status":"bad","msg":""}
2021-07-31 00:24:46 查询号码 【1938542】，GSD为【""】
2021-07-31 00:24:46 bad
2021-07-31 00:24:47 CHB 1938542?1627662286 第 1 次 等待 3 秒
2021-07-31 00:24:50 CHB 1938542?1627662286 第 1 次 获取到号码【1938542】GSD
2021-07-31 00:24:50 获取到号码【1938542】的GSD为【贵州-遵义】
2021-07-31 00:25:09 GSD insert 第 1 次 等待 3 秒
2021-07-31 00:25:12 {"status":"ok","gid":450140,"msg":"添加成功！"}
2021-07-31 00:25:12 下次操作: 2021-07-31 00:25:32

2021-07-31 00:25:32 开始第 31 次操作

2021-07-31 00:25:32 开始操作号码 【1938541】
2021-07-31 00:25:35 GSD getOne 第 1 次 等待 3 秒
2021-07-31 00:25:38 查询号码 【1938541】，返回信息 {"status":"bad","msg":""}
2021-07-31 00:25:38 查询号码 【1938541】，GSD为【""】
2021-07-31 00:25:38 bad
2021-07-31 00:25:40 CHB 1938541?1627662338 第 1 次 等待 3 秒
2021-07-31 00:25:43 CHB 1938541?1627662338 第 1 次 获取到号码【1938541】GSD
2021-07-31 00:25:43 获取到号码【1938541】的GSD为【贵州-铜仁】
2021-07-31 00:26:03 GSD insert 第 1 次 等待 3 秒
2021-07-31 00:26:06 {"status":"ok","gid":450144,"msg":"添加成功！"}
2021-07-31 00:26:06 下次操作: 2021-07-31 00:26:19

2021-07-31 00:26:19 开始第 32 次操作

2021-07-31 00:26:19 开始操作号码 【1938540】
2021-07-31 00:26:22 GSD getOne 第 1 次 等待 3 秒
2021-07-31 00:26:26 查询号码 【1938540】，返回信息 {"status":"bad","msg":""}
2021-07-31 00:26:26 查询号码 【1938540】，GSD为【""】
2021-07-31 00:26:26 bad
2021-07-31 00:26:27 CHB 1938540?1627662386 第 1 次 等待 3 秒
2021-07-31 00:26:30 CHB 1938540?1627662386 第 1 次 获取到号码【1938540】GSD
2021-07-31 00:26:30 获取到号码【1938540】的GSD为【贵州-黔西南】
2021-07-31 00:26:49 GSD insert 第 1 次 等待 3 秒
2021-07-31 00:26:52 {"status":"ok","gid":450150,"msg":"添加成功！"}
2021-07-31 00:26:52 下次操作: 2021-07-31 00:27:12

2021-07-31 00:27:12 开始第 33 次操作

2021-07-31 00:27:12 开始操作号码 【1938539】
2021-07-31 00:27:18 GSD getOne 第 1 次 等待 3 秒
2021-07-31 00:27:21 查询号码 【1938539】，返回信息 {"status":"bad","msg":""}
2021-07-31 00:27:22 查询号码 【1938539】，GSD为【""】
2021-07-31 00:27:22 bad
2021-07-31 00:27:23 CHB 1938539?1627662442 第 1 次 等待 3 秒
2021-07-31 00:27:26 CHB 1938539?1627662442 第 1 次 获取到号码【1938539】GSD
2021-07-31 00:27:26 获取到号码【1938539】的GSD为【贵州-毕节】
2021-07-31 00:27:45 GSD insert 第 1 次 等待 3 秒
2021-07-31 00:27:48 {"status":"ok","gid":450153,"msg":"添加成功！"}
2021-07-31 00:27:48 下次操作: 2021-07-31 00:28:01

2021-07-31 00:28:01 开始第 34 次操作

2021-07-31 00:28:01 开始操作号码 【1938538】
2021-07-31 00:28:05 GSD getOne 第 1 次 等待 3 秒
2021-07-31 00:28:08 查询号码 【1938538】，返回信息 {"status":"bad","msg":""}
2021-07-31 00:28:08 查询号码 【1938538】，GSD为【""】
2021-07-31 00:28:08 bad
2021-07-31 00:28:10 CHB 1938538?1627662488 第 1 次 等待 3 秒
2021-07-31 00:28:13 CHB 1938538?1627662488 第 1 次 获取到号码【1938538】GSD
2021-07-31 00:28:13 获取到号码【1938538】的GSD为【贵州-黔南】
2021-07-31 00:28:34 GSD insert 第 1 次 等待 3 秒
2021-07-31 00:28:37 {"status":"ok","gid":450158,"msg":"添加成功！"}
2021-07-31 00:28:37 下次操作: 2021-07-31 00:28:58

2021-07-31 00:28:58 开始第 35 次操作

2021-07-31 00:28:58 开始操作号码 【1938537】
2021-07-31 00:29:04 GSD getOne 第 1 次 等待 3 秒
2021-07-31 00:29:07 查询号码 【1938537】，返回信息 {"status":"bad","msg":""}
2021-07-31 00:29:07 查询号码 【1938537】，GSD为【""】
2021-07-31 00:29:07 bad
2021-07-31 00:29:09 CHB 1938537?1627662547 第 1 次 等待 3 秒
2021-07-31 00:29:12 CHB 1938537?1627662547 第 1 次 获取到号码【1938537】GSD
2021-07-31 00:29:12 获取到号码【1938537】的GSD为【贵州-六盘水】
2021-07-31 00:29:30 GSD insert 第 1 次 等待 3 秒
2021-07-31 00:29:33 {"status":"ok","gid":450164,"msg":"添加成功！"}
2021-07-31 00:29:33 下次操作: 2021-07-31 00:29:54

2021-07-31 00:29:54 开始第 36 次操作

2021-07-31 00:29:54 开始操作号码 【1938536】
2021-07-31 00:29:58 GSD getOne 第 1 次 等待 3 秒
2021-07-31 00:30:01 查询号码 【1938536】，返回信息 {"status":"bad","msg":""}
2021-07-31 00:30:01 查询号码 【1938536】，GSD为【""】
2021-07-31 00:30:01 bad
2021-07-31 00:30:02 CHB 1938536?1627662601 第 1 次 等待 3 秒
2021-07-31 00:30:05 CHB 1938536?1627662601 第 1 次 获取到号码【1938536】GSD
2021-07-31 00:30:05 获取到号码【1938536】的GSD为【贵州-遵义】
2021-07-31 00:30:27 GSD insert 第 1 次 等待 3 秒
2021-07-31 00:30:30 {"status":"ok","gid":450169,"msg":"添加成功！"}
2021-07-31 00:30:30 下次操作: 2021-07-31 00:30:52

2021-07-31 00:30:52 开始第 37 次操作

2021-07-31 00:30:52 开始操作号码 【1938535】
2021-07-31 00:30:58 GSD getOne 第 1 次 等待 3 秒
2021-07-31 00:31:01 查询号码 【1938535】，返回信息 {"status":"bad","msg":""}
2021-07-31 00:31:01 查询号码 【1938535】，GSD为【""】
2021-07-31 00:31:01 bad
2021-07-31 00:31:02 CHB 1938535?1627662661 第 1 次 等待 3 秒
2021-07-31 00:31:05 CHB 1938535?1627662661 第 1 次 获取到号码【1938535】GSD
2021-07-31 00:31:05 获取到号码【1938535】的GSD为【贵州-铜仁】
2021-07-31 00:31:31 GSD insert 第 1 次 等待 3 秒
2021-07-31 00:31:34 {"status":"ok","gid":450173,"msg":"添加成功！"}
2021-07-31 00:31:34 下次操作: 2021-07-31 00:31:53

2021-07-31 00:31:53 开始第 38 次操作

2021-07-31 00:31:53 开始操作号码 【1938534】
2021-07-31 00:31:56 GSD getOne 第 1 次 等待 3 秒
2021-07-31 00:31:59 查询号码 【1938534】，返回信息 {"status":"bad","msg":""}
2021-07-31 00:31:59 查询号码 【1938534】，GSD为【""】
2021-07-31 00:31:59 bad
2021-07-31 00:32:00 CHB 1938534?1627662719 第 1 次 等待 3 秒
2021-07-31 00:32:03 CHB 1938534?1627662719 第 1 次 获取到号码【1938534】GSD
2021-07-31 00:32:04 获取到号码【1938534】的GSD为【贵州-黔西南】
2021-07-31 00:32:23 GSD insert 第 1 次 等待 3 秒
2021-07-31 00:32:26 {"status":"ok","gid":450177,"msg":"添加成功！"}
2021-07-31 00:32:26 下次操作: 2021-07-31 00:32:49

2021-07-31 00:32:49 开始第 39 次操作

2021-07-31 00:32:49 开始操作号码 【1938533】
2021-07-31 00:32:54 GSD getOne 第 1 次 等待 3 秒
2021-07-31 00:32:57 查询号码 【1938533】，返回信息 {"status":"bad","msg":""}
2021-07-31 00:32:57 查询号码 【1938533】，GSD为【""】
2021-07-31 00:32:57 bad
2021-07-31 00:33:02 CHB 1938533?1627662777 第 1 次 等待 3 秒
2021-07-31 00:33:05 CHB 1938533?1627662777 第 1 次 获取到号码【1938533】GSD
2021-07-31 00:33:05 获取到号码【1938533】的GSD为【贵州-毕节】
2021-07-31 00:33:22 GSD insert 第 1 次 等待 3 秒
2021-07-31 00:33:25 {"status":"ok","gid":450180,"msg":"添加成功！"}
2021-07-31 00:33:25 下次操作: 2021-07-31 00:33:40

2021-07-31 00:33:40 开始第 40 次操作

2021-07-31 00:33:40 开始操作号码 【1938532】
2021-07-31 00:33:43 GSD getOne 第 1 次 等待 3 秒
2021-07-31 00:33:46 查询号码 【1938532】，返回信息 {"status":"bad","msg":""}
2021-07-31 00:33:47 查询号码 【1938532】，GSD为【""】
2021-07-31 00:33:47 bad
2021-07-31 00:33:48 CHB 1938532?1627662827 第 1 次 等待 3 秒
2021-07-31 00:33:51 CHB 1938532?1627662827 第 1 次 获取到号码【1938532】GSD
2021-07-31 00:33:51 获取到号码【1938532】的GSD为【贵州-黔南】
2021-07-31 00:34:10 GSD insert 第 1 次 等待 3 秒
2021-07-31 00:34:13 {"status":"ok","gid":450183,"msg":"添加成功！"}

2021-07-31 01:34:49 开始第 1 次操作

2021-07-31 01:34:49 开始操作号码 【1938531】
2021-07-31 01:34:54 GSD getOne 第 1 次 等待 3 秒
2021-07-31 01:34:57 查询号码 【1938531】，返回信息 {"status":"bad","msg":""}
2021-07-31 01:34:57 查询号码 【1938531】，GSD为【""】
2021-07-31 01:34:57 bad
2021-07-31 01:34:58 CHB 1938531?1627666497 第 1 次 等待 3 秒
2021-07-31 01:35:01 CHB 1938531?1627666497 第 1 次 获取到号码【1938531】GSD
2021-07-31 01:35:01 获取到号码【1938531】的GSD为【贵州-六盘水】
2021-07-31 01:35:11 GSD insert 第 1 次 等待 3 秒
2021-07-31 01:35:14 {"status":"ok","gid":450623,"msg":"添加成功！"}
2021-07-31 01:35:14 下次操作: 2021-07-31 01:35:29

2021-07-31 01:35:29 开始第 2 次操作

2021-07-31 01:35:29 开始操作号码 【1938530】
2021-07-31 01:35:35 GSD getOne 第 1 次 等待 3 秒
2021-07-31 01:35:38 查询号码 【1938530】，返回信息 {"status":"bad","msg":""}
2021-07-31 01:35:38 查询号码 【1938530】，GSD为【""】
2021-07-31 01:35:38 bad
2021-07-31 01:35:40 CHB 1938530?1627666538 第 1 次 等待 3 秒
2021-07-31 01:35:43 CHB 1938530?1627666538 第 1 次 获取到号码【1938530】GSD
2021-07-31 01:35:43 获取到号码【1938530】的GSD为【贵州-遵义】
2021-07-31 01:35:47 GSD insert 第 1 次 等待 3 秒
2021-07-31 01:35:50 {"status":"ok","gid":450626,"msg":"添加成功！"}
2021-07-31 01:35:50 下次操作: 2021-07-31 01:36:13

2021-07-31 01:36:13 开始第 3 次操作

2021-07-31 01:36:13 开始操作号码 【1938529】
2021-07-31 01:36:16 GSD getOne 第 1 次 等待 3 秒
2021-07-31 01:36:19 查询号码 【1938529】，返回信息 {"status":"bad","msg":""}
2021-07-31 01:36:19 查询号码 【1938529】，GSD为【""】
2021-07-31 01:36:19 bad
2021-07-31 01:36:20 CHB 1938529?1627666579 第 1 次 等待 3 秒
2021-07-31 01:36:23 CHB 1938529?1627666579 第 1 次 获取到号码【1938529】GSD
2021-07-31 01:36:24 获取到号码【1938529】的GSD为【贵州-铜仁】
2021-07-31 01:36:27 GSD insert 第 1 次 等待 3 秒
2021-07-31 01:36:30 {"status":"ok","gid":450629,"msg":"添加成功！"}
2021-07-31 01:36:30 下次操作: 2021-07-31 01:36:47

2021-07-31 01:36:47 开始第 4 次操作

2021-07-31 01:36:47 开始操作号码 【1938528】
2021-07-31 01:36:51 GSD getOne 第 1 次 等待 3 秒
2021-07-31 01:36:54 查询号码 【1938528】，返回信息 {"status":"bad","msg":""}
2021-07-31 01:36:54 查询号码 【1938528】，GSD为【""】
2021-07-31 01:36:54 bad
2021-07-31 01:36:56 CHB 1938528?1627666614 第 1 次 等待 3 秒
2021-07-31 01:36:59 CHB 1938528?1627666614 第 1 次 获取到号码【1938528】GSD
2021-07-31 01:36:59 获取到号码【1938528】的GSD为【贵州-黔西南】
2021-07-31 01:37:08 GSD insert 第 1 次 等待 3 秒
2021-07-31 01:37:11 {"status":"ok","gid":450632,"msg":"添加成功！"}
2021-07-31 01:37:11 下次操作: 2021-07-31 01:37:28

2021-07-31 01:37:28 开始第 5 次操作

2021-07-31 01:37:28 开始操作号码 【1938527】
2021-07-31 01:37:35 GSD getOne 第 1 次 等待 3 秒
2021-07-31 01:37:38 查询号码 【1938527】，返回信息 {"status":"bad","msg":""}
2021-07-31 01:37:38 查询号码 【1938527】，GSD为【""】
2021-07-31 01:37:38 bad
2021-07-31 01:37:39 CHB 1938527?1627666658 第 1 次 等待 3 秒
2021-07-31 01:37:42 CHB 1938527?1627666658 第 1 次 获取到号码【1938527】GSD
2021-07-31 01:37:42 获取到号码【1938527】的GSD为【贵州-毕节】
2021-07-31 01:37:46 GSD insert 第 1 次 等待 3 秒
2021-07-31 01:37:49 {"status":"ok","gid":450635,"msg":"添加成功！"}
2021-07-31 01:37:49 下次操作: 2021-07-31 01:38:13

2021-07-31 01:38:13 开始第 6 次操作

2021-07-31 01:38:13 开始操作号码 【1938526】
2021-07-31 01:38:17 GSD getOne 第 1 次 等待 3 秒
2021-07-31 01:38:20 查询号码 【1938526】，返回信息 {"status":"bad","msg":""}
2021-07-31 01:38:20 查询号码 【1938526】，GSD为【""】
2021-07-31 01:38:20 bad
2021-07-31 01:38:22 CHB 1938526?1627666700 第 1 次 等待 3 秒
2021-07-31 01:38:25 CHB 1938526?1627666700 第 1 次 获取到号码【1938526】GSD
2021-07-31 01:38:25 获取到号码【1938526】的GSD为【贵州-黔南】
2021-07-31 01:38:29 GSD insert 第 1 次 等待 3 秒
2021-07-31 01:38:32 {"status":"ok","gid":450639,"msg":"添加成功！"}
2021-07-31 01:38:32 下次操作: 2021-07-31 01:38:50

2021-07-31 01:38:50 开始第 7 次操作

2021-07-31 01:38:50 开始操作号码 【1938525】
2021-07-31 01:38:53 GSD getOne 第 1 次 等待 3 秒
2021-07-31 01:38:56 查询号码 【1938525】，返回信息 {"status":"bad","msg":""}
2021-07-31 01:38:56 查询号码 【1938525】，GSD为【""】
2021-07-31 01:38:56 bad
2021-07-31 01:38:58 CHB 1938525?1627666736 第 1 次 等待 3 秒
2021-07-31 01:39:01 CHB 1938525?1627666736 第 1 次 获取到号码【1938525】GSD
2021-07-31 01:39:01 获取到号码【1938525】的GSD为【贵州-六盘水】
2021-07-31 01:39:09 GSD insert 第 1 次 等待 3 秒
2021-07-31 01:39:12 {"status":"ok","gid":450643,"msg":"添加成功！"}
2021-07-31 01:39:12 下次操作: 2021-07-31 01:39:35

2021-07-31 01:39:35 开始第 8 次操作

2021-07-31 01:39:35 开始操作号码 【1938524】
2021-07-31 01:39:39 GSD getOne 第 1 次 等待 3 秒
2021-07-31 01:39:42 查询号码 【1938524】，返回信息 {"status":"bad","msg":""}
2021-07-31 01:39:42 查询号码 【1938524】，GSD为【""】
2021-07-31 01:39:42 bad
2021-07-31 01:39:43 CHB 1938524?1627666782 第 1 次 等待 3 秒
2021-07-31 01:39:47 CHB 1938524?1627666782 第 1 次 获取到号码【1938524】GSD
2021-07-31 01:39:47 获取到号码【1938524】的GSD为【贵州-遵义】
2021-07-31 01:39:50 GSD insert 第 1 次 等待 3 秒
2021-07-31 01:39:53 {"status":"ok","gid":450647,"msg":"添加成功！"}
2021-07-31 01:39:53 下次操作: 2021-07-31 01:40:10

2021-07-31 01:40:10 开始第 9 次操作

2021-07-31 01:40:10 开始操作号码 【1938523】
2021-07-31 01:40:15 GSD getOne 第 1 次 等待 3 秒
2021-07-31 01:40:18 查询号码 【1938523】，返回信息 {"status":"bad","msg":""}
2021-07-31 01:40:19 查询号码 【1938523】，GSD为【""】
2021-07-31 01:40:19 bad
2021-07-31 01:40:20 CHB 1938523?1627666819 第 1 次 等待 3 秒
2021-07-31 01:40:23 CHB 1938523?1627666819 第 1 次 获取到号码【1938523】GSD
2021-07-31 01:40:23 获取到号码【1938523】的GSD为【贵州-铜仁】
2021-07-31 01:40:26 GSD insert 第 1 次 等待 3 秒
2021-07-31 01:40:29 {"status":"ok","gid":450651,"msg":"添加成功！"}
2021-07-31 01:40:29 下次操作: 2021-07-31 01:40:51

2021-07-31 01:40:51 开始第 10 次操作

2021-07-31 01:40:51 开始操作号码 【1938522】
2021-07-31 01:40:55 GSD getOne 第 1 次 等待 3 秒
2021-07-31 01:40:58 查询号码 【1938522】，返回信息 {"status":"ok","msg":"贵州-黔西南","gid":"57674","time_insert":"2021-05-12 10:40","time_update":"2021-06-24 14:31"}
2021-07-31 01:40:58 查询号码 【1938522】，GSD为【"贵州-黔西南"】

2021-07-31 01:40:58 开始第 10 次操作

2021-07-31 01:40:58 开始操作号码 【1938521】
2021-07-31 01:41:03 GSD getOne 第 1 次 等待 3 秒
2021-07-31 01:41:06 查询号码 【1938521】，返回信息 {"status":"bad","msg":""}
2021-07-31 01:41:06 查询号码 【1938521】，GSD为【""】
2021-07-31 01:41:06 bad
2021-07-31 01:41:07 CHB 1938521?1627666866 第 1 次 等待 3 秒
2021-07-31 01:41:10 CHB 1938521?1627666866 第 1 次 获取到号码【1938521】GSD
2021-07-31 01:41:10 获取到号码【1938521】的GSD为【贵州-毕节】
2021-07-31 01:41:14 GSD insert 第 1 次 等待 3 秒
2021-07-31 01:41:17 {"status":"ok","gid":450655,"msg":"添加成功！"}
2021-07-31 01:41:17 下次操作: 2021-07-31 01:41:39

2021-07-31 01:41:39 开始第 11 次操作

2021-07-31 01:41:39 开始操作号码 【1938520】
2021-07-31 01:41:43 GSD getOne 第 1 次 等待 3 秒
2021-07-31 01:41:46 查询号码 【1938520】，返回信息 {"status":"bad","msg":""}
2021-07-31 01:41:46 查询号码 【1938520】，GSD为【""】
2021-07-31 01:41:46 bad
2021-07-31 01:41:49 CHB 1938520?1627666906 第 1 次 等待 3 秒
2021-07-31 01:41:52 CHB 1938520?1627666906 第 1 次 获取到号码【1938520】GSD
2021-07-31 01:41:52 获取到号码【1938520】的GSD为【贵州-黔南】
2021-07-31 01:41:55 GSD insert 第 1 次 等待 3 秒
2021-07-31 01:41:58 {"status":"ok","gid":450660,"msg":"添加成功！"}
2021-07-31 01:41:58 下次操作: 2021-07-31 01:42:22

2021-07-31 01:42:22 开始第 12 次操作

2021-07-31 01:42:22 开始操作号码 【1938519】
2021-07-31 01:42:26 GSD getOne 第 1 次 等待 3 秒
2021-07-31 01:42:29 查询号码 【1938519】，返回信息 {"status":"bad","msg":""}
2021-07-31 01:42:29 查询号码 【1938519】，GSD为【""】
2021-07-31 01:42:29 bad
2021-07-31 01:42:31 CHB 1938519?1627666949 第 1 次 等待 3 秒
2021-07-31 01:42:34 CHB 1938519?1627666949 第 1 次 获取到号码【1938519】GSD
2021-07-31 01:42:34 获取到号码【1938519】的GSD为【贵州-六盘水】
2021-07-31 01:42:37 GSD insert 第 1 次 等待 3 秒
2021-07-31 01:42:40 {"status":"ok","gid":450665,"msg":"添加成功！"}
2021-07-31 01:42:40 下次操作: 2021-07-31 01:42:54

2021-07-31 01:42:54 开始第 13 次操作

2021-07-31 01:42:54 开始操作号码 【1938518】
2021-07-31 01:42:58 GSD getOne 第 1 次 等待 3 秒
2021-07-31 01:43:01 查询号码 【1938518】，返回信息 {"status":"bad","msg":""}
2021-07-31 01:43:01 查询号码 【1938518】，GSD为【""】
2021-07-31 01:43:01 bad
2021-07-31 01:43:02 CHB 1938518?1627666981 第 1 次 等待 3 秒
2021-07-31 01:43:05 CHB 1938518?1627666981 第 1 次 获取到号码【1938518】GSD
2021-07-31 01:43:05 获取到号码【1938518】的GSD为【贵州-遵义】
2021-07-31 01:43:09 GSD insert 第 1 次 等待 3 秒
2021-07-31 01:43:12 {"status":"ok","gid":450670,"msg":"添加成功！"}
2021-07-31 01:43:12 下次操作: 2021-07-31 01:43:32

2021-07-31 01:43:32 开始第 14 次操作

2021-07-31 01:43:32 开始操作号码 【1938517】
2021-07-31 01:43:36 GSD getOne 第 1 次 等待 3 秒
2021-07-31 01:43:39 查询号码 【1938517】，返回信息 {"status":"bad","msg":""}
2021-07-31 01:43:39 查询号码 【1938517】，GSD为【""】
2021-07-31 01:43:39 bad
2021-07-31 01:43:41 CHB 1938517?1627667019 第 1 次 等待 3 秒
2021-07-31 01:43:44 CHB 1938517?1627667019 第 1 次 获取到号码【1938517】GSD
2021-07-31 01:43:44 获取到号码【1938517】的GSD为【贵州-铜仁】
2021-07-31 01:43:47 GSD insert 第 1 次 等待 3 秒
2021-07-31 01:43:50 {"status":"ok","gid":450679,"msg":"添加成功！"}
2021-07-31 01:43:50 下次操作: 2021-07-31 01:44:08

2021-07-31 01:44:08 开始第 15 次操作

2021-07-31 01:44:08 开始操作号码 【1938516】
2021-07-31 01:44:12 GSD getOne 第 1 次 等待 3 秒
2021-07-31 01:44:15 查询号码 【1938516】，返回信息 {"status":"bad","msg":""}
2021-07-31 01:44:15 查询号码 【1938516】，GSD为【""】
2021-07-31 01:44:15 bad
2021-07-31 01:44:16 CHB 1938516?1627667055 第 1 次 等待 3 秒
2021-07-31 01:44:19 CHB 1938516?1627667055 第 1 次 获取到号码【1938516】GSD
2021-07-31 01:44:19 获取到号码【1938516】的GSD为【贵州-黔西南】
2021-07-31 01:44:24 GSD insert 第 1 次 等待 3 秒
2021-07-31 01:44:27 {"status":"ok","gid":450690,"msg":"添加成功！"}
2021-07-31 01:44:27 下次操作: 2021-07-31 01:44:39

2021-07-31 01:44:39 开始第 16 次操作

2021-07-31 01:44:39 开始操作号码 【1938515】
2021-07-31 01:44:43 GSD getOne 第 1 次 等待 3 秒
2021-07-31 01:44:46 查询号码 【1938515】，返回信息 {"status":"bad","msg":""}
2021-07-31 01:44:46 查询号码 【1938515】，GSD为【""】
2021-07-31 01:44:46 bad
2021-07-31 01:44:48 CHB 1938515?1627667086 第 1 次 等待 3 秒
2021-07-31 01:44:51 CHB 1938515?1627667086 第 1 次 获取到号码【1938515】GSD
2021-07-31 01:44:51 获取到号码【1938515】的GSD为【贵州-黔东南】
2021-07-31 01:44:55 GSD insert 第 1 次 等待 3 秒
2021-07-31 01:44:58 {"status":"ok","gid":450699,"msg":"添加成功！"}
2021-07-31 01:44:58 下次操作: 2021-07-31 01:45:18

2021-07-31 01:45:18 开始第 17 次操作

2021-07-31 01:45:18 开始操作号码 【1938514】
2021-07-31 01:45:21 GSD getOne 第 1 次 等待 3 秒
2021-07-31 01:45:24 查询号码 【1938514】，返回信息 {"status":"bad","msg":""}
2021-07-31 01:45:24 查询号码 【1938514】，GSD为【""】
2021-07-31 01:45:24 bad
2021-07-31 01:45:26 CHB 1938514?1627667124 第 1 次 等待 3 秒
2021-07-31 01:45:29 CHB 1938514?1627667124 第 1 次 获取到号码【1938514】GSD
2021-07-31 01:45:29 获取到号码【1938514】的GSD为【贵州-毕节】
2021-07-31 01:45:33 GSD insert 第 1 次 等待 3 秒
2021-07-31 01:45:36 {"status":"ok","gid":450711,"msg":"添加成功！"}
2021-07-31 01:45:36 下次操作: 2021-07-31 01:45:49

2021-07-31 01:45:49 开始第 18 次操作

2021-07-31 01:45:49 开始操作号码 【1938513】
2021-07-31 01:45:54 GSD getOne 第 1 次 等待 3 秒
2021-07-31 01:45:57 查询号码 【1938513】，返回信息 {"status":"bad","msg":""}
2021-07-31 01:45:57 查询号码 【1938513】，GSD为【""】
2021-07-31 01:45:57 bad
2021-07-31 01:45:58 CHB 1938513?1627667157 第 1 次 等待 3 秒
2021-07-31 01:46:01 CHB 1938513?1627667157 第 1 次 获取到号码【1938513】GSD
2021-07-31 01:46:01 获取到号码【1938513】的GSD为【贵州-黔南】
2021-07-31 01:46:05 GSD insert 第 1 次 等待 3 秒
2021-07-31 01:46:08 {"status":"ok","gid":450720,"msg":"添加成功！"}
2021-07-31 01:46:08 下次操作: 2021-07-31 01:46:24

2021-07-31 01:46:24 开始第 19 次操作

2021-07-31 01:46:24 开始操作号码 【1938512】
2021-07-31 01:46:27 GSD getOne 第 1 次 等待 3 秒
2021-07-31 01:46:30 查询号码 【1938512】，返回信息 {"status":"bad","msg":""}
2021-07-31 01:46:30 查询号码 【1938512】，GSD为【""】
2021-07-31 01:46:30 bad
2021-07-31 01:46:32 CHB 1938512?1627667190 第 1 次 等待 3 秒
2021-07-31 01:46:35 CHB 1938512?1627667190 第 1 次 获取到号码【1938512】GSD
2021-07-31 01:46:35 获取到号码【1938512】的GSD为【贵州-六盘水】
2021-07-31 01:46:41 GSD insert 第 1 次 等待 3 秒
2021-07-31 01:46:44 {"status":"ok","gid":450730,"msg":"添加成功！"}
2021-07-31 01:46:44 下次操作: 2021-07-31 01:46:59

2021-07-31 01:46:59 开始第 20 次操作

2021-07-31 01:46:59 开始操作号码 【1938511】
2021-07-31 01:47:02 GSD getOne 第 1 次 等待 3 秒
2021-07-31 01:47:05 查询号码 【1938511】，返回信息 {"status":"bad","msg":""}
2021-07-31 01:47:05 查询号码 【1938511】，GSD为【""】
2021-07-31 01:47:05 bad
2021-07-31 01:47:07 CHB 1938511?1627667225 第 1 次 等待 3 秒
2021-07-31 01:47:10 CHB 1938511?1627667225 第 1 次 获取到号码【1938511】GSD
2021-07-31 01:47:10 获取到号码【1938511】的GSD为【贵州-遵义】
2021-07-31 01:47:13 GSD insert 第 1 次 等待 3 秒
2021-07-31 01:47:16 {"status":"ok","gid":450738,"msg":"添加成功！"}
2021-07-31 01:47:16 下次操作: 2021-07-31 01:47:33

2021-07-31 01:47:33 开始第 21 次操作

2021-07-31 01:47:33 开始操作号码 【1938510】
2021-07-31 01:47:37 GSD getOne 第 1 次 等待 3 秒
2021-07-31 01:47:40 查询号码 【1938510】，返回信息 {"status":"bad","msg":""}
2021-07-31 01:47:40 查询号码 【1938510】，GSD为【""】
2021-07-31 01:47:40 bad
2021-07-31 01:47:43 CHB 1938510?1627667260 第 1 次 等待 3 秒
2021-07-31 01:47:46 CHB 1938510?1627667260 第 1 次 获取到号码【1938510】GSD
2021-07-31 01:47:46 获取到号码【1938510】的GSD为【贵州-铜仁】
2021-07-31 01:47:49 GSD insert 第 1 次 等待 3 秒
2021-07-31 01:47:52 {"status":"ok","gid":450749,"msg":"添加成功！"}
2021-07-31 01:47:52 下次操作: 2021-07-31 01:48:04

2021-07-31 01:48:04 开始第 22 次操作

2021-07-31 01:48:04 开始操作号码 【1938509】
2021-07-31 01:48:09 GSD getOne 第 1 次 等待 3 秒
2021-07-31 01:48:12 查询号码 【1938509】，返回信息 {"status":"bad","msg":""}
2021-07-31 01:48:12 查询号码 【1938509】，GSD为【""】
2021-07-31 01:48:12 bad
2021-07-31 01:48:13 CHB 1938509?1627667292 第 1 次 等待 3 秒
2021-07-31 01:48:16 CHB 1938509?1627667292 第 1 次 获取到号码【1938509】GSD
2021-07-31 01:48:16 获取到号码【1938509】的GSD为【贵州-黔西南】
2021-07-31 01:48:20 GSD insert 第 1 次 等待 3 秒
2021-07-31 01:48:23 {"status":"ok","gid":450758,"msg":"添加成功！"}
2021-07-31 01:48:23 下次操作: 2021-07-31 01:48:38

2021-07-31 01:48:38 开始第 23 次操作

2021-07-31 01:48:38 开始操作号码 【1938508】
2021-07-31 01:48:42 GSD getOne 第 1 次 等待 3 秒
2021-07-31 01:48:45 查询号码 【1938508】，返回信息 {"status":"bad","msg":""}
2021-07-31 01:48:45 查询号码 【1938508】，GSD为【""】
2021-07-31 01:48:45 bad
2021-07-31 01:48:47 CHB 1938508?1627667325 第 1 次 等待 3 秒
2021-07-31 01:48:50 CHB 1938508?1627667325 第 1 次 获取到号码【1938508】GSD
2021-07-31 01:48:50 获取到号码【1938508】的GSD为【贵州-黔东南】
2021-07-31 01:48:53 GSD insert 第 1 次 等待 3 秒
2021-07-31 01:48:56 {"status":"ok","gid":450769,"msg":"添加成功！"}
2021-07-31 01:48:56 下次操作: 2021-07-31 01:49:19

2021-07-31 01:49:19 开始第 24 次操作

2021-07-31 01:49:19 开始操作号码 【1938507】
2021-07-31 01:49:23 GSD getOne 第 1 次 等待 3 秒
2021-07-31 01:49:26 查询号码 【1938507】，返回信息 {"status":"bad","msg":""}
2021-07-31 01:49:26 查询号码 【1938507】，GSD为【""】
2021-07-31 01:49:26 bad
2021-07-31 01:49:27 CHB 1938507?1627667366 第 1 次 等待 3 秒
2021-07-31 01:49:30 CHB 1938507?1627667366 第 1 次 获取到号码【1938507】GSD
2021-07-31 01:49:30 获取到号码【1938507】的GSD为【贵州-毕节】
2021-07-31 01:49:34 GSD insert 第 1 次 等待 3 秒
2021-07-31 01:49:37 {"status":"ok","gid":450781,"msg":"添加成功！"}
2021-07-31 01:49:37 下次操作: 2021-07-31 01:49:49

2021-07-31 01:49:49 开始第 25 次操作

2021-07-31 01:49:49 开始操作号码 【1938506】
2021-07-31 01:49:53 GSD getOne 第 1 次 等待 3 秒
2021-07-31 01:49:56 查询号码 【1938506】，返回信息 {"status":"bad","msg":""}
2021-07-31 01:49:56 查询号码 【1938506】，GSD为【""】
2021-07-31 01:49:56 bad
2021-07-31 01:49:58 CHB 1938506?1627667396 第 1 次 等待 3 秒
2021-07-31 01:50:01 CHB 1938506?1627667396 第 1 次 获取到号码【1938506】GSD
2021-07-31 01:50:01 获取到号码【1938506】的GSD为【贵州-黔南】
2021-07-31 01:50:04 GSD insert 第 1 次 等待 3 秒
2021-07-31 01:50:07 {"status":"ok","gid":450788,"msg":"添加成功！"}
2021-07-31 01:50:07 下次操作: 2021-07-31 01:50:23

2021-07-31 01:50:23 开始第 26 次操作

2021-07-31 01:50:23 开始操作号码 【1938505】
2021-07-31 01:50:28 GSD getOne 第 1 次 等待 3 秒
2021-07-31 01:50:31 查询号码 【1938505】，返回信息 {"status":"bad","msg":""}
2021-07-31 01:50:31 查询号码 【1938505】，GSD为【""】
2021-07-31 01:50:31 bad
2021-07-31 01:50:33 CHB 1938505?1627667431 第 1 次 等待 3 秒
2021-07-31 01:50:36 CHB 1938505?1627667431 第 1 次 获取到号码【1938505】GSD
2021-07-31 01:50:37 获取到号码【1938505】的GSD为【贵州-六盘水】
2021-07-31 01:50:40 GSD insert 第 1 次 等待 3 秒
2021-07-31 01:50:43 {"status":"ok","gid":450798,"msg":"添加成功！"}
2021-07-31 01:50:43 下次操作: 2021-07-31 01:51:06

2021-07-31 01:51:06 开始第 27 次操作

2021-07-31 01:51:06 开始操作号码 【1938504】
2021-07-31 01:51:25 GSD getOne 第 1 次 等待 3 秒
2021-07-31 01:51:28 查询号码 【1938504】，返回信息 {"status":"bad","msg":""}
2021-07-31 01:51:28 查询号码 【1938504】，GSD为【""】
2021-07-31 01:51:28 bad
2021-07-31 01:51:29 CHB 1938504?1627667488 第 1 次 等待 3 秒
2021-07-31 01:51:32 CHB 1938504?1627667488 第 1 次 获取到号码【1938504】GSD
2021-07-31 01:51:32 获取到号码【1938504】的GSD为【贵州-遵义】
2021-07-31 01:51:36 GSD insert 第 1 次 等待 3 秒
2021-07-31 01:51:39 {"status":"ok","gid":450815,"msg":"添加成功！"}
2021-07-31 01:51:39 下次操作: 2021-07-31 01:51:55

2021-07-31 01:51:55 开始第 28 次操作

2021-07-31 01:51:55 开始操作号码 【1938503】
2021-07-31 01:52:00 GSD getOne 第 1 次 等待 3 秒
2021-07-31 01:52:03 查询号码 【1938503】，返回信息 {"status":"bad","msg":""}
2021-07-31 01:52:03 查询号码 【1938503】，GSD为【""】
2021-07-31 01:52:03 bad
2021-07-31 01:52:04 CHB 1938503?1627667523 第 1 次 等待 3 秒
2021-07-31 01:52:07 CHB 1938503?1627667523 第 1 次 获取到号码【1938503】GSD
2021-07-31 01:52:07 获取到号码【1938503】的GSD为【贵州-铜仁】
2021-07-31 01:52:14 GSD insert 第 1 次 等待 3 秒
2021-07-31 01:52:17 {"status":"ok","gid":450825,"msg":"添加成功！"}
2021-07-31 01:52:17 下次操作: 2021-07-31 01:52:34

2021-07-31 01:52:34 开始第 29 次操作

2021-07-31 01:52:34 开始操作号码 【1938502】
2021-07-31 01:52:38 GSD getOne 第 1 次 等待 3 秒
2021-07-31 01:52:41 查询号码 【1938502】，返回信息 {"status":"bad","msg":""}
2021-07-31 01:52:41 查询号码 【1938502】，GSD为【""】
2021-07-31 01:52:41 bad
2021-07-31 01:52:43 CHB 1938502?1627667561 第 1 次 等待 3 秒
2021-07-31 01:52:46 CHB 1938502?1627667561 第 1 次 获取到号码【1938502】GSD
2021-07-31 01:52:46 获取到号码【1938502】的GSD为【贵州-黔西南】
2021-07-31 01:52:50 GSD insert 第 1 次 等待 3 秒
2021-07-31 01:52:53 {"status":"ok","gid":450836,"msg":"添加成功！"}
2021-07-31 01:52:53 下次操作: 2021-07-31 01:53:11

2021-07-31 01:53:11 开始第 30 次操作

2021-07-31 01:53:11 开始操作号码 【1938501】
2021-07-31 01:53:18 GSD getOne 第 1 次 等待 3 秒
2021-07-31 01:53:21 查询号码 【1938501】，返回信息 {"status":"bad","msg":""}
2021-07-31 01:53:21 查询号码 【1938501】，GSD为【""】
2021-07-31 01:53:21 bad
2021-07-31 01:53:23 CHB 1938501?1627667601 第 1 次 等待 3 秒
2021-07-31 01:53:26 CHB 1938501?1627667601 第 1 次 获取到号码【1938501】GSD
2021-07-31 01:53:26 获取到号码【1938501】的GSD为【贵州-黔东南】
2021-07-31 01:53:29 GSD insert 第 1 次 等待 3 秒
2021-07-31 01:53:32 {"status":"ok","gid":450848,"msg":"添加成功！"}
2021-07-31 01:53:32 下次操作: 2021-07-31 01:53:46

2021-07-31 01:53:46 开始第 31 次操作

2021-07-31 01:53:46 开始操作号码 【1938500】
2021-07-31 01:53:49 GSD getOne 第 1 次 等待 3 秒
2021-07-31 01:53:52 查询号码 【1938500】，返回信息 {"status":"bad","msg":""}
2021-07-31 01:53:52 查询号码 【1938500】，GSD为【""】
2021-07-31 01:53:52 bad
2021-07-31 01:53:54 CHB 1938500?1627667632 第 1 次 等待 3 秒
2021-07-31 01:53:57 CHB 1938500?1627667632 第 1 次 获取到号码【1938500】GSD
2021-07-31 01:53:57 获取到号码【1938500】的GSD为【贵州-毕节】
2021-07-31 01:54:01 GSD insert 第 1 次 等待 3 秒
2021-07-31 01:54:04 {"status":"ok","gid":450856,"msg":"添加成功！"}
2021-07-31 01:54:04 下次操作: 2021-07-31 01:54:17

2021-07-31 01:54:17 开始第 32 次操作

2021-07-31 01:54:17 开始操作号码 【1938499】
2021-07-31 01:54:26 GSD getOne 第 1 次 等待 3 秒
2021-07-31 01:54:29 查询号码 【1938499】，返回信息 {"status":"bad","msg":""}
2021-07-31 01:54:29 查询号码 【1938499】，GSD为【""】
2021-07-31 01:54:29 bad
2021-07-31 01:54:31 CHB 1938499?1627667669 第 1 次 等待 3 秒
2021-07-31 01:54:34 CHB 1938499?1627667669 第 1 次 获取到号码【1938499】GSD
2021-07-31 01:54:34 获取到号码【1938499】的GSD为【江苏-徐州】
2021-07-31 01:54:40 GSD insert 第 1 次 等待 3 秒
2021-07-31 01:54:43 {"status":"ok","gid":450866,"msg":"添加成功！"}
2021-07-31 01:54:43 下次操作: 2021-07-31 01:54:56

2021-07-31 01:54:56 开始第 33 次操作

2021-07-31 01:54:56 开始操作号码 【1938498】
2021-07-31 01:55:00 GSD getOne 第 1 次 等待 3 秒
2021-07-31 01:55:03 查询号码 【1938498】，返回信息 {"status":"bad","msg":""}
2021-07-31 01:55:03 查询号码 【1938498】，GSD为【""】
2021-07-31 01:55:03 bad
2021-07-31 01:55:04 CHB 1938498?1627667703 第 1 次 等待 3 秒
2021-07-31 01:55:07 CHB 1938498?1627667703 第 1 次 获取到号码【1938498】GSD
2021-07-31 01:55:07 获取到号码【1938498】的GSD为【江苏-徐州】
2021-07-31 01:55:11 GSD insert 第 1 次 等待 3 秒
2021-07-31 01:55:14 {"status":"ok","gid":450876,"msg":"添加成功！"}
2021-07-31 01:55:14 下次操作: 2021-07-31 01:55:33

2021-07-31 01:55:33 开始第 34 次操作

2021-07-31 01:55:33 开始操作号码 【1938497】
2021-07-31 01:55:36 GSD getOne 第 1 次 等待 3 秒
2021-07-31 01:55:39 查询号码 【1938497】，返回信息 {"status":"bad","msg":""}
2021-07-31 01:55:39 查询号码 【1938497】，GSD为【""】
2021-07-31 01:55:39 bad
2021-07-31 01:55:41 CHB 1938497?1627667739 第 1 次 等待 3 秒
2021-07-31 01:55:44 CHB 1938497?1627667739 第 1 次 获取到号码【1938497】GSD
2021-07-31 01:55:44 获取到号码【1938497】的GSD为【江苏-徐州】
2021-07-31 01:55:48 GSD insert 第 1 次 等待 3 秒
2021-07-31 01:55:51 {"status":"ok","gid":450885,"msg":"添加成功！"}
2021-07-31 01:55:51 下次操作: 2021-07-31 01:56:03

2021-07-31 01:56:03 开始第 35 次操作

2021-07-31 01:56:03 开始操作号码 【1938496】
2021-07-31 01:56:07 GSD getOne 第 1 次 等待 3 秒
2021-07-31 01:56:10 查询号码 【1938496】，返回信息 {"status":"bad","msg":""}
2021-07-31 01:56:10 查询号码 【1938496】，GSD为【""】
2021-07-31 01:56:10 bad
2021-07-31 01:56:11 CHB 1938496?1627667770 第 1 次 等待 3 秒
2021-07-31 01:56:14 CHB 1938496?1627667770 第 1 次 获取到号码【1938496】GSD
2021-07-31 01:56:14 获取到号码【1938496】的GSD为【江苏-徐州】
2021-07-31 01:56:20 GSD insert 第 1 次 等待 3 秒
2021-07-31 01:56:23 {"status":"ok","gid":450895,"msg":"添加成功！"}
2021-07-31 01:56:23 下次操作: 2021-07-31 01:56:39

2021-07-31 01:56:39 开始第 36 次操作

2021-07-31 01:56:39 开始操作号码 【1938495】
2021-07-31 01:56:42 GSD getOne 第 1 次 等待 3 秒
2021-07-31 01:56:45 查询号码 【1938495】，返回信息 {"status":"bad","msg":""}
2021-07-31 01:56:45 查询号码 【1938495】，GSD为【""】
2021-07-31 01:56:45 bad
2021-07-31 01:56:48 CHB 1938495?1627667805 第 1 次 等待 3 秒
2021-07-31 01:56:51 CHB 1938495?1627667805 第 1 次 获取到号码【1938495】GSD
2021-07-31 01:56:51 获取到号码【1938495】的GSD为【江苏-徐州】
2021-07-31 01:56:54 GSD insert 第 1 次 等待 3 秒
2021-07-31 01:56:57 {"status":"ok","gid":450905,"msg":"添加成功！"}
2021-07-31 01:56:57 下次操作: 2021-07-31 01:57:15

2021-07-31 01:57:15 开始第 37 次操作

2021-07-31 01:57:15 开始操作号码 【1938494】
2021-07-31 01:57:19 GSD getOne 第 1 次 等待 3 秒
2021-07-31 01:57:22 查询号码 【1938494】，返回信息 {"status":"bad","msg":""}
2021-07-31 01:57:22 查询号码 【1938494】，GSD为【""】
2021-07-31 01:57:22 bad
2021-07-31 01:57:23 CHB 1938494?1627667842 第 1 次 等待 3 秒
2021-07-31 01:57:26 CHB 1938494?1627667842 第 1 次 获取到号码【1938494】GSD
2021-07-31 01:57:26 获取到号码【1938494】的GSD为【江苏-淮安】
2021-07-31 01:57:29 GSD insert 第 1 次 等待 3 秒
2021-07-31 01:57:32 {"status":"ok","gid":450910,"msg":"添加成功！"}
2021-07-31 01:57:32 下次操作: 2021-07-31 01:57:56

2021-07-31 01:57:56 开始第 38 次操作

2021-07-31 01:57:56 开始操作号码 【1938493】
2021-07-31 01:58:00 GSD getOne 第 1 次 等待 3 秒
2021-07-31 01:58:03 查询号码 【1938493】，返回信息 {"status":"bad","msg":""}
2021-07-31 01:58:03 查询号码 【1938493】，GSD为【""】
2021-07-31 01:58:03 bad
2021-07-31 01:58:05 CHB 1938493?1627667883 第 1 次 等待 3 秒
2021-07-31 01:58:08 CHB 1938493?1627667883 第 1 次 获取到号码【1938493】GSD
2021-07-31 01:58:08 获取到号码【1938493】的GSD为【江苏-宿迁】
2021-07-31 01:58:11 GSD insert 第 1 次 等待 3 秒
2021-07-31 01:58:14 {"status":"ok","gid":450924,"msg":"添加成功！"}
2021-07-31 01:58:14 下次操作: 2021-07-31 01:58:37

2021-07-31 01:58:37 开始第 39 次操作

2021-07-31 01:58:37 开始操作号码 【1938492】
2021-07-31 01:58:42 GSD getOne 第 1 次 等待 3 秒
2021-07-31 01:58:45 查询号码 【1938492】，返回信息 {"status":"bad","msg":""}
2021-07-31 01:58:45 查询号码 【1938492】，GSD为【""】
2021-07-31 01:58:45 bad
2021-07-31 01:58:46 CHB 1938492?1627667925 第 1 次 等待 3 秒
2021-07-31 01:58:49 CHB 1938492?1627667925 第 1 次 获取到号码【1938492】GSD
2021-07-31 01:58:49 获取到号码【1938492】的GSD为【江苏-宿迁】
2021-07-31 01:58:52 GSD insert 第 1 次 等待 3 秒
2021-07-31 01:58:55 {"status":"ok","gid":450939,"msg":"添加成功！"}
2021-07-31 01:58:55 下次操作: 2021-07-31 01:59:19

2021-07-31 01:59:19 开始第 40 次操作

2021-07-31 01:59:19 开始操作号码 【1938491】
2021-07-31 01:59:24 GSD getOne 第 1 次 等待 3 秒
2021-07-31 01:59:27 查询号码 【1938491】，返回信息 {"status":"bad","msg":""}
2021-07-31 01:59:27 查询号码 【1938491】，GSD为【""】
2021-07-31 01:59:27 bad
2021-07-31 01:59:28 CHB 1938491?1627667967 第 1 次 等待 3 秒
2021-07-31 01:59:31 CHB 1938491?1627667967 第 1 次 获取到号码【1938491】GSD
2021-07-31 01:59:31 获取到号码【1938491】的GSD为【江苏-徐州】
2021-07-31 01:59:35 GSD insert 第 1 次 等待 3 秒
2021-07-31 01:59:38 {"status":"ok","gid":450951,"msg":"添加成功！"}

