2023-11-01 00:10:43 开始第 6309 次操作

2023-11-01 00:10:43 开始操作号码 【1946218】
2023-11-01 00:10:47 GSD getOne 第 1 次 等待 3 秒
2023-11-01 00:10:50 查询号码 【1946218】，返回信息 {"status":"ok","msg":"-","gid":"617027","time_insert":"2023-03-27 02:41"}
2023-11-01 00:10:50 查询号码 【1946218】，GSD为【"-"】
2023-11-01 00:10:50 ok && -
2023-11-01 00:10:52 CHB 1946218?1698768650 第 1 次 等待 3 秒
2023-11-01 00:10:55 CHB 1946218?1698768650 第 1 次 获取到号码【1946218】GSD
2023-11-01 00:10:56 未获取到号码【1946218】GSD，可能号码格式错误
2023-11-01 00:10:56 获取到号码【1946218】的GSD为【-】
2023-11-01 00:11:02 GSD insert 第 1 次 等待 3 秒
2023-11-01 00:11:05 {"status":"bad","gid":"617027","msg":"添加失败！号码【1946218(-|-)】已存在！"}
2023-11-01 00:11:05 随机等待 83 秒，约 1 分钟
2023-11-01 00:11:05 下次操作: 2023-11-01 00:12:28

2023-11-01 00:12:28 开始第 6310 次操作

2023-11-01 00:12:28 开始操作号码 【1946219】
2023-11-01 00:12:32 GSD getOne 第 1 次 等待 3 秒
2023-11-01 00:12:35 查询号码 【1946219】，返回信息 {"status":"ok","msg":"-","gid":"617025","time_insert":"2023-03-27 02:39"}
2023-11-01 00:12:35 查询号码 【1946219】，GSD为【"-"】
2023-11-01 00:12:35 ok && -
2023-11-01 00:12:37 CHB 1946219?1698768755 第 1 次 等待 3 秒
2023-11-01 00:12:40 CHB 1946219?1698768755 第 1 次 获取到号码【1946219】GSD
2023-11-01 00:12:40 未获取到号码【1946219】GSD，可能号码格式错误
2023-11-01 00:12:40 获取到号码【1946219】的GSD为【-】
2023-11-01 00:12:44 GSD insert 第 1 次 等待 3 秒
2023-11-01 00:12:47 {"status":"bad","gid":"617025","msg":"添加失败！号码【1946219(-|-)】已存在！"}
2023-11-01 00:12:48 随机等待 201 秒，约 3 分钟
2023-11-01 00:12:48 下次操作: 2023-11-01 00:16:09

2023-11-01 00:16:09 开始第 6311 次操作

2023-11-01 00:16:09 开始操作号码 【1946220】
2023-11-01 00:16:13 GSD getOne 第 1 次 等待 3 秒
2023-11-01 00:16:16 查询号码 【1946220】，返回信息 {"status":"ok","msg":"-","gid":"617023","time_insert":"2023-03-27 02:37"}
2023-11-01 00:16:16 查询号码 【1946220】，GSD为【"-"】
2023-11-01 00:16:16 ok && -
2023-11-01 00:16:22 CHB 1946220?1698768976 第 1 次 等待 3 秒
2023-11-01 00:16:25 CHB 1946220?1698768976 第 1 次 获取到号码【1946220】GSD
2023-11-01 00:16:25 未获取到号码【1946220】GSD，可能号码格式错误
2023-11-01 00:16:25 获取到号码【1946220】的GSD为【-】
2023-11-01 00:16:28 GSD insert 第 1 次 等待 3 秒
2023-11-01 00:16:31 {"status":"bad","gid":"617023","msg":"添加失败！号码【1946220(-|-)】已存在！"}
2023-11-01 00:16:31 随机等待 169 秒，约 2 分钟
2023-11-01 00:16:31 下次操作: 2023-11-01 00:19:20

2023-11-01 00:19:20 开始第 6312 次操作

2023-11-01 00:19:20 开始操作号码 【1946221】
2023-11-01 00:19:23 GSD getOne 第 1 次 等待 3 秒
2023-11-01 00:19:26 查询号码 【1946221】，返回信息 {"status":"ok","msg":"-","gid":"617020","time_insert":"2023-03-27 02:34"}
2023-11-01 00:19:26 查询号码 【1946221】，GSD为【"-"】
2023-11-01 00:19:26 ok && -
2023-11-01 00:19:28 CHB 1946221?1698769166 第 1 次 等待 3 秒
2023-11-01 00:19:31 CHB 1946221?1698769166 第 1 次 获取到号码【1946221】GSD
2023-11-01 00:19:31 未获取到号码【1946221】GSD，可能号码格式错误
2023-11-01 00:19:31 获取到号码【1946221】的GSD为【-】
2023-11-01 00:19:40 GSD insert 第 1 次 等待 3 秒
2023-11-01 00:19:43 {"status":"bad","gid":"617020","msg":"添加失败！号码【1946221(-|-)】已存在！"}

2023-11-01 00:37:18 开始第 6313 次操作

2023-11-01 00:37:18 开始操作号码 【1946222】
2023-11-01 00:37:23 GSD getOne 第 1 次 等待 3 秒
2023-11-01 00:37:26 查询号码 【1946222】，返回信息 {"status":"ok","msg":"-","gid":"617016","time_insert":"2023-03-27 02:33"}
2023-11-01 00:37:27 查询号码 【1946222】，GSD为【"-"】
2023-11-01 00:37:27 ok && -
2023-11-01 00:37:29 CHB 1946222?1698770247 第 1 次 等待 3 秒
2023-11-01 00:37:32 CHB 1946222?1698770247 第 1 次 获取到号码【1946222】GSD
2023-11-01 00:37:32 未获取到号码【1946222】GSD，可能号码格式错误
2023-11-01 00:37:32 获取到号码【1946222】的GSD为【-】
2023-11-01 00:37:37 GSD insert 第 1 次 等待 3 秒
2023-11-01 00:37:40 {"status":"bad","gid":"617016","msg":"添加失败！号码【1946222(-|-)】已存在！"}
2023-11-01 00:37:40 随机等待 150 秒，约 2 分钟
2023-11-01 00:37:40 下次操作: 2023-11-01 00:40:10

2023-11-01 00:40:10 开始第 6314 次操作

2023-11-01 00:40:10 开始操作号码 【1946223】
2023-11-01 00:40:16 GSD getOne 第 1 次 等待 3 秒
2023-11-01 00:40:19 查询号码 【1946223】，返回信息 {"status":"ok","msg":"-","gid":"617013","time_insert":"2023-03-27 02:31"}
2023-11-01 00:40:19 查询号码 【1946223】，GSD为【"-"】
2023-11-01 00:40:19 ok && -
2023-11-01 00:40:21 CHB 1946223?1698770419 第 1 次 等待 3 秒
2023-11-01 00:40:24 CHB 1946223?1698770419 第 1 次 获取到号码【1946223】GSD
2023-11-01 00:40:24 未获取到号码【1946223】GSD，可能号码格式错误
2023-11-01 00:40:24 获取到号码【1946223】的GSD为【-】
2023-11-01 00:40:28 GSD insert 第 1 次 等待 3 秒
2023-11-01 00:40:31 {"status":"bad","gid":"617013","msg":"添加失败！号码【1946223(-|-)】已存在！"}
2023-11-01 00:40:31 随机等待 186 秒，约 3 分钟
2023-11-01 00:40:31 下次操作: 2023-11-01 00:43:37

2023-11-01 00:43:37 开始第 6315 次操作

2023-11-01 00:43:37 开始操作号码 【1946224】
2023-11-01 00:43:40 GSD getOne 第 1 次 等待 3 秒
2023-11-01 00:43:43 查询号码 【1946224】，返回信息 {"status":"ok","msg":"-","gid":"617005","time_insert":"2023-03-27 02:29"}
2023-11-01 00:43:43 查询号码 【1946224】，GSD为【"-"】
2023-11-01 00:43:43 ok && -
2023-11-01 00:43:45 CHB 1946224?1698770623 第 1 次 等待 3 秒
2023-11-01 00:43:48 CHB 1946224?1698770623 第 1 次 获取到号码【1946224】GSD
2023-11-01 00:43:48 未获取到号码【1946224】GSD，可能号码格式错误
2023-11-01 00:43:48 获取到号码【1946224】的GSD为【-】
2023-11-01 00:43:56 GSD insert 第 1 次 等待 3 秒
2023-11-01 00:43:59 {"status":"bad","gid":"617005","msg":"添加失败！号码【1946224(-|-)】已存在！"}
2023-11-01 00:43:59 随机等待 160 秒，约 2 分钟
2023-11-01 00:43:59 下次操作: 2023-11-01 00:46:39

2023-11-01 00:46:39 开始第 6316 次操作

2023-11-01 00:46:39 开始操作号码 【1946225】
2023-11-01 00:46:47 GSD getOne 第 1 次 等待 3 秒
2023-11-01 00:46:50 查询号码 【1946225】，返回信息 {"status":"ok","msg":"-","gid":"617004","time_insert":"2023-03-27 02:26"}
2023-11-01 00:46:50 查询号码 【1946225】，GSD为【"-"】
2023-11-01 00:46:50 ok && -
2023-11-01 00:46:53 CHB 1946225?1698770810 第 1 次 等待 3 秒
2023-11-01 00:46:56 CHB 1946225?1698770810 第 1 次 获取到号码【1946225】GSD
2023-11-01 00:46:56 未获取到号码【1946225】GSD，可能号码格式错误
2023-11-01 00:46:56 获取到号码【1946225】的GSD为【-】
2023-11-01 00:46:59 GSD insert 第 1 次 等待 3 秒
2023-11-01 00:47:02 {"status":"bad","gid":"617004","msg":"添加失败！号码【1946225(-|-)】已存在！"}

