2023-11-03 00:11:00 开始第 6677 次操作

2023-11-03 00:11:00 开始操作号码 【1946576】
2023-11-03 00:11:03 GSD getOne 第 1 次 等待 3 秒
2023-11-03 00:11:06 查询号码 【1946576】，返回信息 {"status":"ok","msg":"-","gid":"615133","time_insert":"2023-03-26 04:39"}
2023-11-03 00:11:06 查询号码 【1946576】，GSD为【"-"】
2023-11-03 00:11:06 ok && -
2023-11-03 00:11:09 CHB 1946576?1698941466 第 1 次 等待 3 秒
2023-11-03 00:11:12 CHB 1946576?1698941466 第 1 次 获取到号码【1946576】GSD
2023-11-03 00:11:12 未获取到号码【1946576】GSD，可能号码格式错误
2023-11-03 00:11:12 获取到号码【1946576】的GSD为【-】
2023-11-03 00:11:14 GSD insert 第 1 次 等待 3 秒
2023-11-03 00:11:17 {"status":"bad","gid":"615133","msg":"添加失败！号码【1946576(-|-)】已存在！"}
2023-11-03 00:11:17 随机等待 162 秒，约 2 分钟
2023-11-03 00:11:17 下次操作: 2023-11-03 00:13:59

2023-11-03 00:13:59 开始第 6678 次操作

2023-11-03 00:13:59 开始操作号码 【1946577】
2023-11-03 00:14:11 GSD getOne 第 1 次 等待 3 秒
2023-11-03 00:14:14 查询号码 【1946577】，返回信息 {"status":"ok","msg":"-","gid":"615130","time_insert":"2023-03-26 04:38"}
2023-11-03 00:14:14 查询号码 【1946577】，GSD为【"-"】
2023-11-03 00:14:14 ok && -
2023-11-03 00:14:16 CHB 1946577?1698941654 第 1 次 等待 3 秒
2023-11-03 00:14:19 CHB 1946577?1698941654 第 1 次 获取到号码【1946577】GSD
2023-11-03 00:14:19 未获取到号码【1946577】GSD，可能号码格式错误
2023-11-03 00:14:19 获取到号码【1946577】的GSD为【-】
2023-11-03 00:14:32 GSD insert 第 1 次 等待 3 秒
2023-11-03 00:14:35 {"status":"bad","gid":"615130","msg":"添加失败！号码【1946577(-|-)】已存在！"}
2023-11-03 00:14:35 随机等待 73 秒，约 1 分钟
2023-11-03 00:14:35 下次操作: 2023-11-03 00:15:48

2023-11-03 00:15:48 开始第 6679 次操作

2023-11-03 00:15:48 开始操作号码 【1946578】
2023-11-03 00:15:51 GSD getOne 第 1 次 等待 3 秒
2023-11-03 00:15:54 查询号码 【1946578】，返回信息 {"status":"ok","msg":"-","gid":"615126","time_insert":"2023-03-26 04:36"}
2023-11-03 00:15:54 查询号码 【1946578】，GSD为【"-"】
2023-11-03 00:15:54 ok && -
2023-11-03 00:15:56 CHB 1946578?1698941754 第 1 次 等待 3 秒
2023-11-03 00:15:59 CHB 1946578?1698941754 第 1 次 获取到号码【1946578】GSD
2023-11-03 00:15:59 未获取到号码【1946578】GSD，可能号码格式错误
2023-11-03 00:15:59 获取到号码【1946578】的GSD为【-】
2023-11-03 00:16:07 GSD insert 第 1 次 等待 3 秒
2023-11-03 00:16:10 {"status":"bad","gid":"615126","msg":"添加失败！号码【1946578(-|-)】已存在！"}
2023-11-03 00:16:10 随机等待 157 秒，约 2 分钟
2023-11-03 00:16:10 下次操作: 2023-11-03 00:18:47

2023-11-03 00:18:47 开始第 6680 次操作

2023-11-03 00:18:47 开始操作号码 【1946579】
2023-11-03 00:18:50 GSD getOne 第 1 次 等待 3 秒
2023-11-03 00:18:53 查询号码 【1946579】，返回信息 {"status":"ok","msg":"-","gid":"615121","time_insert":"2023-03-26 04:33"}
2023-11-03 00:18:53 查询号码 【1946579】，GSD为【"-"】
2023-11-03 00:18:53 ok && -
2023-11-03 00:18:56 CHB 1946579?1698941933 第 1 次 等待 3 秒
2023-11-03 00:18:59 CHB 1946579?1698941933 第 1 次 获取到号码【1946579】GSD
2023-11-03 00:18:59 未获取到号码【1946579】GSD，可能号码格式错误
2023-11-03 00:18:59 获取到号码【1946579】的GSD为【-】
2023-11-03 00:19:03 GSD insert 第 1 次 等待 3 秒
2023-11-03 00:19:06 {"status":"bad","gid":"615121","msg":"添加失败！号码【1946579(-|-)】已存在！"}

2023-11-03 00:38:18 开始第 6681 次操作

2023-11-03 00:38:18 开始操作号码 【1946580】
2023-11-03 00:38:21 GSD getOne 第 1 次 等待 3 秒
2023-11-03 00:38:24 查询号码 【1946580】，返回信息 {"status":"ok","msg":"-","gid":"615113","time_insert":"2023-03-26 04:28"}
2023-11-03 00:38:25 查询号码 【1946580】，GSD为【"-"】
2023-11-03 00:38:25 ok && -
2023-11-03 00:38:27 CHB 1946580?1698943105 第 1 次 等待 3 秒
2023-11-03 00:38:30 CHB 1946580?1698943105 第 1 次 获取到号码【1946580】GSD
2023-11-03 00:38:30 未获取到号码【1946580】GSD，可能号码格式错误
2023-11-03 00:38:30 获取到号码【1946580】的GSD为【-】
2023-11-03 00:38:33 GSD insert 第 1 次 等待 3 秒
2023-11-03 00:38:36 {"status":"bad","gid":"615113","msg":"添加失败！号码【1946580(-|-)】已存在！"}
2023-11-03 00:38:36 随机等待 188 秒，约 3 分钟
2023-11-03 00:38:36 下次操作: 2023-11-03 00:41:44

2023-11-03 00:41:44 开始第 6682 次操作

2023-11-03 00:41:44 开始操作号码 【1946581】
2023-11-03 00:41:47 GSD getOne 第 1 次 等待 3 秒
2023-11-03 00:41:50 查询号码 【1946581】，返回信息 {"status":"ok","msg":"-","gid":"615111","time_insert":"2023-03-26 04:26"}
2023-11-03 00:41:50 查询号码 【1946581】，GSD为【"-"】
2023-11-03 00:41:50 ok && -
2023-11-03 00:41:56 CHB 1946581?1698943310 第 1 次 等待 3 秒
2023-11-03 00:41:59 CHB 1946581?1698943310 第 1 次 获取到号码【1946581】GSD
2023-11-03 00:41:59 未获取到号码【1946581】GSD，可能号码格式错误
2023-11-03 00:41:59 获取到号码【1946581】的GSD为【-】
2023-11-03 00:42:06 GSD insert 第 1 次 等待 3 秒
2023-11-03 00:42:09 {"status":"bad","gid":"615111","msg":"添加失败！号码【1946581(-|-)】已存在！"}
2023-11-03 00:42:09 随机等待 226 秒，约 3 分钟
2023-11-03 00:42:09 下次操作: 2023-11-03 00:45:55

2023-11-03 00:45:55 开始第 6683 次操作

2023-11-03 00:45:55 开始操作号码 【1946582】
2023-11-03 00:45:58 GSD getOne 第 1 次 等待 3 秒
2023-11-03 00:46:01 查询号码 【1946582】，返回信息 {"status":"ok","msg":"-","gid":"615105","time_insert":"2023-03-26 04:24"}
2023-11-03 00:46:01 查询号码 【1946582】，GSD为【"-"】
2023-11-03 00:46:01 ok && -
2023-11-03 00:46:03 CHB 1946582?1698943561 第 1 次 等待 3 秒
2023-11-03 00:46:06 CHB 1946582?1698943561 第 1 次 获取到号码【1946582】GSD
2023-11-03 00:46:06 未获取到号码【1946582】GSD，可能号码格式错误
2023-11-03 00:46:06 获取到号码【1946582】的GSD为【-】
2023-11-03 00:46:12 GSD insert 第 1 次 等待 3 秒
2023-11-03 00:46:15 {"status":"bad","gid":"615105","msg":"添加失败！号码【1946582(-|-)】已存在！"}
2023-11-03 00:46:15 随机等待 84 秒，约 1 分钟
2023-11-03 00:46:15 下次操作: 2023-11-03 00:47:39

2023-11-03 00:47:39 开始第 6684 次操作

2023-11-03 00:47:39 开始操作号码 【1946583】
2023-11-03 00:47:43 GSD getOne 第 1 次 等待 3 秒
2023-11-03 00:47:46 查询号码 【1946583】，返回信息 {"status":"ok","msg":"-","gid":"615103","time_insert":"2023-03-26 04:22"}
2023-11-03 00:47:46 查询号码 【1946583】，GSD为【"-"】
2023-11-03 00:47:46 ok && -
2023-11-03 00:47:48 CHB 1946583?1698943666 第 1 次 等待 3 秒
2023-11-03 00:47:51 CHB 1946583?1698943666 第 1 次 获取到号码【1946583】GSD
2023-11-03 00:47:51 未获取到号码【1946583】GSD，可能号码格式错误
2023-11-03 00:47:51 获取到号码【1946583】的GSD为【-】
2023-11-03 00:47:54 GSD insert 第 1 次 等待 3 秒
2023-11-03 00:47:57 {"status":"bad","gid":"615103","msg":"添加失败！号码【1946583(-|-)】已存在！"}

