2023-10-14 00:10:37 开始第 3029 次操作

2023-10-14 00:10:37 开始操作号码 【1942994】
2023-10-14 00:10:42 GSD getOne 第 1 次 等待 3 秒
2023-10-14 00:10:45 查询号码 【1942994】，返回信息 {"status":"ok","msg":"-","gid":"614257","time_insert":"2023-03-25 19:11"}
2023-10-14 00:10:45 查询号码 【1942994】，GSD为【"-"】
2023-10-14 00:10:45 ok && -
2023-10-14 00:10:48 CHB 1942994?1697213445 第 1 次 等待 3 秒
2023-10-14 00:10:51 CHB 1942994?1697213445 第 1 次 获取到号码【1942994】GSD
2023-10-14 00:10:51 未获取到号码【1942994】GSD，可能号码格式错误
2023-10-14 00:10:51 获取到号码【1942994】的GSD为【-】
2023-10-14 00:10:54 GSD insert 第 1 次 等待 3 秒
2023-10-14 00:10:57 {"status":"bad","gid":"614257","msg":"添加失败！号码【1942994(-|-)】已存在！"}
2023-10-14 00:10:57 随机等待 167 秒，约 2 分钟
2023-10-14 00:10:57 下次操作: 2023-10-14 00:13:44

2023-10-14 00:13:44 开始第 3030 次操作

2023-10-14 00:13:44 开始操作号码 【1942995】
2023-10-14 00:13:46 GSD getOne 第 1 次 等待 3 秒
2023-10-14 00:13:49 查询号码 【1942995】，返回信息 {"status":"ok","msg":"-","gid":"614283","time_insert":"2023-03-25 19:27"}
2023-10-14 00:13:49 查询号码 【1942995】，GSD为【"-"】
2023-10-14 00:13:49 ok && -
2023-10-14 00:13:57 CHB 1942995?1697213629 第 1 次 等待 3 秒
2023-10-14 00:14:00 CHB 1942995?1697213629 第 1 次 获取到号码【1942995】GSD
2023-10-14 00:14:00 未获取到号码【1942995】GSD，可能号码格式错误
2023-10-14 00:14:00 获取到号码【1942995】的GSD为【-】
2023-10-14 00:14:10 GSD insert 第 1 次 等待 3 秒
2023-10-14 00:14:13 {"status":"bad","gid":"614283","msg":"添加失败！号码【1942995(-|-)】已存在！"}
2023-10-14 00:14:14 随机等待 229 秒，约 3 分钟
2023-10-14 00:14:14 下次操作: 2023-10-14 00:18:03

2023-10-14 00:18:03 开始第 3031 次操作

2023-10-14 00:18:03 开始操作号码 【1942996】
2023-10-14 00:18:05 GSD getOne 第 1 次 等待 3 秒
2023-10-14 00:18:08 查询号码 【1942996】，返回信息 {"status":"ok","msg":"-","gid":"614315","time_insert":"2023-03-25 19:46"}
2023-10-14 00:18:08 查询号码 【1942996】，GSD为【"-"】
2023-10-14 00:18:08 ok && -
2023-10-14 00:18:11 CHB 1942996?1697213888 第 1 次 等待 3 秒
2023-10-14 00:18:14 CHB 1942996?1697213888 第 1 次 获取到号码【1942996】GSD
2023-10-14 00:18:14 未获取到号码【1942996】GSD，可能号码格式错误
2023-10-14 00:18:14 获取到号码【1942996】的GSD为【-】
2023-10-14 00:18:19 GSD insert 第 1 次 等待 3 秒
2023-10-14 00:18:22 {"status":"bad","gid":"614315","msg":"添加失败！号码【1942996(-|-)】已存在！"}
2023-10-14 00:18:22 随机等待 199 秒，约 3 分钟
2023-10-14 00:18:22 下次操作: 2023-10-14 00:21:41

2023-10-14 00:21:41 开始第 3032 次操作

2023-10-14 00:21:41 开始操作号码 【1942997】
2023-10-14 00:21:45 GSD getOne 第 1 次 等待 3 秒
2023-10-14 00:21:48 查询号码 【1942997】，返回信息 {"status":"ok","msg":"-","gid":"614343","time_insert":"2023-03-25 20:05"}
2023-10-14 00:21:48 查询号码 【1942997】，GSD为【"-"】
2023-10-14 00:21:48 ok && -
2023-10-14 00:21:50 CHB 1942997?1697214108 第 1 次 等待 3 秒
2023-10-14 00:21:53 CHB 1942997?1697214108 第 1 次 获取到号码【1942997】GSD
2023-10-14 00:21:53 未获取到号码【1942997】GSD，可能号码格式错误
2023-10-14 00:21:53 获取到号码【1942997】的GSD为【-】
2023-10-14 00:21:56 GSD insert 第 1 次 等待 3 秒
2023-10-14 00:21:59 {"status":"bad","gid":"614343","msg":"添加失败！号码【1942997(-|-)】已存在！"}

