2024-06-29 00:11:22 开始第 3329 次操作

2024-06-29 00:11:22 开始操作号码 【1513219】
2024-06-29 00:11:36 GSD getOne 第 1 次 等待 3 秒
2024-06-29 00:11:39 查询号码 【1513219】，返回信息 {"status":"ok","msg":"河北-石家庄","gid":"192897","time_insert":"2021-07-04 20:50"}
2024-06-29 00:11:39 查询号码 【1513219】，GSD为【"河北-石家庄"】

2024-06-29 00:11:40 开始第 3330 次操作

2024-06-29 00:11:40 开始操作号码 【1513220】
2024-06-29 00:11:53 GSD getOne 第 1 次 等待 3 秒
2024-06-29 00:11:56 查询号码 【1513220】，返回信息 {"status":"ok","msg":"河北-保定","gid":"192932","time_insert":"2021-07-04 21:02"}
2024-06-29 00:11:56 查询号码 【1513220】，GSD为【"河北-保定"】

2024-06-29 00:11:57 开始第 3331 次操作

2024-06-29 00:11:57 开始操作号码 【1513221】
2024-06-29 00:12:11 GSD getOne 第 1 次 等待 3 秒
2024-06-29 00:12:14 查询号码 【1513221】，返回信息 {"status":"ok","msg":"河北-保定","gid":"193075","time_insert":"2021-07-04 21:16"}
2024-06-29 00:12:15 查询号码 【1513221】，GSD为【"河北-保定"】

2024-06-29 00:12:16 开始第 3332 次操作

2024-06-29 00:12:16 开始操作号码 【1513222】
2024-06-29 00:12:29 GSD getOne 第 1 次 等待 3 秒
2024-06-29 00:12:32 查询号码 【1513222】，返回信息 {"status":"ok","msg":"河北-保定","gid":"193217","time_insert":"2021-07-04 21:28"}
2024-06-29 00:12:32 查询号码 【1513222】，GSD为【"河北-保定"】

