2023-10-13 00:30:02 开始第 2912 次操作

2023-10-13 00:30:02 开始操作号码 【1942886】
2023-10-13 00:32:11 GSD getOne 第 1 次 等待 3 秒
2023-10-13 00:34:25 GSD getOne 第 2 次 等待 3 秒
2023-10-13 00:36:38 GSD getOne 第 3 次 等待 3 秒
2023-10-13 00:38:51 GSD getOne 第 4 次 等待 3 秒
2023-10-13 00:41:04 GSD getOne 第 5 次 等待 3 秒
2023-10-13 00:43:17 GSD getOne 第 6 次 等待 3 秒
2023-10-13 00:45:30 GSD getOne 第 7 次 等待 3 秒
2023-10-13 00:47:43 GSD getOne 第 8 次 等待 3 秒
2023-10-13 00:49:56 GSD getOne 第 9 次 等待 3 秒
2023-10-13 00:52:09 GSD getOne 第 10 次 等待 3 秒
2023-10-13 00:52:12 查询号码 【1942886】，返回信息 
2023-10-13 00:52:12 查询失败，3 秒后重新查询
2023-10-13 00:54:27 GSD getOne 第 1 次 等待 3 秒
2023-10-13 00:56:40 GSD getOne 第 2 次 等待 3 秒
2023-10-13 00:58:53 GSD getOne 第 3 次 等待 3 秒
2023-10-13 01:01:06 GSD getOne 第 4 次 等待 3 秒
2023-10-13 01:03:19 GSD getOne 第 5 次 等待 3 秒
2023-10-13 01:05:32 GSD getOne 第 6 次 等待 3 秒
2023-10-13 01:07:45 GSD getOne 第 7 次 等待 3 秒
2023-10-13 01:09:59 GSD getOne 第 8 次 等待 3 秒
2023-10-13 01:12:12 GSD getOne 第 9 次 等待 3 秒
2023-10-13 01:14:25 GSD getOne 第 10 次 等待 3 秒
2023-10-13 01:14:28 查询号码 【1942886】，返回信息 
2023-10-13 01:14:28 查询失败，结束本次操作，期待下次成功~

