2024-07-05 00:11:35 开始第 4417 次操作

2024-07-05 00:11:35 开始操作号码 【1514307】
2024-07-05 00:11:44 GSD getOne 第 1 次 等待 3 秒
2024-07-05 00:11:47 查询号码 【1514307】，返回信息 {"status":"ok","msg":"吉林-长春","gid":"265009","time_insert":"2021-07-13 12:05"}
2024-07-05 00:11:47 查询号码 【1514307】，GSD为【"吉林-长春"】

2024-07-05 00:11:48 开始第 4418 次操作

2024-07-05 00:11:48 开始操作号码 【1514308】
2024-07-05 00:11:56 GSD getOne 第 1 次 等待 3 秒
2024-07-05 00:11:59 查询号码 【1514308】，返回信息 {"status":"ok","msg":"吉林-长春","gid":"265031","time_insert":"2021-07-13 12:16"}
2024-07-05 00:11:59 查询号码 【1514308】，GSD为【"吉林-长春"】

2024-07-05 00:12:00 开始第 4419 次操作

2024-07-05 00:12:00 开始操作号码 【1514309】
2024-07-05 00:12:08 GSD getOne 第 1 次 等待 3 秒
2024-07-05 00:12:11 查询号码 【1514309】，返回信息 {"status":"ok","msg":"吉林-长春","gid":"265046","time_insert":"2021-07-13 12:27"}
2024-07-05 00:12:11 查询号码 【1514309】，GSD为【"吉林-长春"】

2024-07-05 00:12:12 开始第 4420 次操作

2024-07-05 00:12:12 开始操作号码 【1514310】
2024-07-05 00:12:19 GSD getOne 第 1 次 等待 3 秒
2024-07-05 00:12:22 查询号码 【1514310】，返回信息 {"status":"ok","msg":"吉林-长春","gid":"265072","time_insert":"2021-07-13 12:41"}
2024-07-05 00:12:22 查询号码 【1514310】，GSD为【"吉林-长春"】

2024-07-05 00:37:18 开始第 4421 次操作

2024-07-05 00:37:18 开始操作号码 【1514311】
2024-07-05 00:37:27 GSD getOne 第 1 次 等待 3 秒
2024-07-05 00:37:30 查询号码 【1514311】，返回信息 {"status":"ok","msg":"吉林-长春","gid":"265203","time_insert":"2021-07-13 12:55"}
2024-07-05 00:37:30 查询号码 【1514311】，GSD为【"吉林-长春"】

2024-07-05 00:37:31 开始第 4422 次操作

2024-07-05 00:37:31 开始操作号码 【1514312】
2024-07-05 00:37:41 GSD getOne 第 1 次 等待 3 秒
2024-07-05 00:37:44 查询号码 【1514312】，返回信息 {"status":"ok","msg":"吉林-长春","gid":"265383","time_insert":"2021-07-13 13:06"}
2024-07-05 00:37:44 查询号码 【1514312】，GSD为【"吉林-长春"】

2024-07-05 00:37:45 开始第 4423 次操作

2024-07-05 00:37:45 开始操作号码 【1514313】
2024-07-05 00:37:53 GSD getOne 第 1 次 等待 3 秒
2024-07-05 00:37:56 查询号码 【1514313】，返回信息 {"status":"ok","msg":"吉林-长春","gid":"265409","time_insert":"2021-07-13 13:18"}
2024-07-05 00:37:56 查询号码 【1514313】，GSD为【"吉林-长春"】

2024-07-05 00:37:57 开始第 4424 次操作

2024-07-05 00:37:57 开始操作号码 【1514314】
2024-07-05 00:38:06 GSD getOne 第 1 次 等待 3 秒
2024-07-05 00:38:09 查询号码 【1514314】，返回信息 {"status":"ok","msg":"吉林-长春","gid":"265442","time_insert":"2021-07-13 13:32"}
2024-07-05 00:38:09 查询号码 【1514314】，GSD为【"吉林-长春"】

