2024-06-30 00:11:33 开始第 3513 次操作

2024-06-30 00:11:33 开始操作号码 【1513403】
2024-06-30 00:11:54 GSD getOne 第 1 次 等待 3 秒
2024-06-30 00:11:57 查询号码 【1513403】，返回信息 {"status":"ok","msg":"辽宁-阜新","gid":"204655","time_insert":"2021-07-06 09:28"}
2024-06-30 00:11:57 查询号码 【1513403】，GSD为【"辽宁-阜新"】

2024-06-30 00:11:58 开始第 3514 次操作

2024-06-30 00:11:58 开始操作号码 【1513404】
2024-06-30 00:12:11 GSD getOne 第 1 次 等待 3 秒
2024-06-30 00:12:14 查询号码 【1513404】，返回信息 {"status":"ok","msg":"辽宁-阜新","gid":"204677","time_insert":"2021-07-06 09:40"}
2024-06-30 00:12:14 查询号码 【1513404】，GSD为【"辽宁-阜新"】

2024-06-30 00:12:15 开始第 3515 次操作

2024-06-30 00:12:15 开始操作号码 【1513405】
2024-06-30 00:12:29 GSD getOne 第 1 次 等待 3 秒
2024-06-30 00:12:32 查询号码 【1513405】，返回信息 {"status":"ok","msg":"辽宁-阜新","gid":"204751","time_insert":"2021-07-06 09:54"}
2024-06-30 00:12:32 查询号码 【1513405】，GSD为【"辽宁-阜新"】

2024-06-30 00:12:33 开始第 3516 次操作

2024-06-30 00:12:33 开始操作号码 【1513406】
2024-06-30 00:12:49 GSD getOne 第 1 次 等待 3 秒
2024-06-30 00:12:52 查询号码 【1513406】，返回信息 {"status":"ok","msg":"辽宁-阜新","gid":"204783","time_insert":"2021-07-06 10:06"}
2024-06-30 00:12:52 查询号码 【1513406】，GSD为【"辽宁-阜新"】

