2023-10-25 00:11:04 开始第 5041 次操作

2023-10-25 00:11:04 开始操作号码 【1944950】
2023-10-25 00:11:08 GSD getOne 第 1 次 等待 3 秒
2023-10-25 00:11:11 查询号码 【1944950】，返回信息 {"status":"ok","msg":"-","gid":"624516","time_insert":"2023-03-30 22:40"}
2023-10-25 00:11:11 查询号码 【1944950】，GSD为【"-"】
2023-10-25 00:11:11 ok && -
2023-10-25 00:11:17 CHB 1944950?1698163871 第 1 次 等待 3 秒
2023-10-25 00:11:20 CHB 1944950?1698163871 第 1 次 获取到号码【1944950】GSD
2023-10-25 00:11:20 未获取到号码【1944950】GSD，可能号码格式错误
2023-10-25 00:11:20 获取到号码【1944950】的GSD为【-】
2023-10-25 00:11:24 GSD insert 第 1 次 等待 3 秒
2023-10-25 00:11:27 {"status":"bad","gid":"624516","msg":"添加失败！号码【1944950(-|-)】已存在！"}
2023-10-25 00:11:27 随机等待 191 秒，约 3 分钟
2023-10-25 00:11:27 下次操作: 2023-10-25 00:14:38

2023-10-25 00:14:38 开始第 5042 次操作

2023-10-25 00:14:38 开始操作号码 【1944951】
2023-10-25 00:14:48 GSD getOne 第 1 次 等待 3 秒
2023-10-25 00:14:51 查询号码 【1944951】，返回信息 {"status":"ok","msg":"-","gid":"624510","time_insert":"2023-03-30 22:39"}
2023-10-25 00:14:51 查询号码 【1944951】，GSD为【"-"】
2023-10-25 00:14:51 ok && -
2023-10-25 00:14:53 CHB 1944951?1698164091 第 1 次 等待 3 秒
2023-10-25 00:14:56 CHB 1944951?1698164091 第 1 次 获取到号码【1944951】GSD
2023-10-25 00:14:56 未获取到号码【1944951】GSD，可能号码格式错误
2023-10-25 00:14:56 获取到号码【1944951】的GSD为【-】
2023-10-25 00:14:59 GSD insert 第 1 次 等待 3 秒
2023-10-25 00:15:02 {"status":"bad","gid":"624510","msg":"添加失败！号码【1944951(-|-)】已存在！"}
2023-10-25 00:15:02 随机等待 94 秒，约 1 分钟
2023-10-25 00:15:02 下次操作: 2023-10-25 00:16:36

2023-10-25 00:16:36 开始第 5043 次操作

2023-10-25 00:16:36 开始操作号码 【1944952】
2023-10-25 00:16:40 GSD getOne 第 1 次 等待 3 秒
2023-10-25 00:16:43 查询号码 【1944952】，返回信息 {"status":"ok","msg":"-","gid":"624507","time_insert":"2023-03-30 22:36"}
2023-10-25 00:16:43 查询号码 【1944952】，GSD为【"-"】
2023-10-25 00:16:43 ok && -
2023-10-25 00:16:50 CHB 1944952?1698164203 第 1 次 等待 3 秒
2023-10-25 00:16:53 CHB 1944952?1698164203 第 1 次 获取到号码【1944952】GSD
2023-10-25 00:16:53 未获取到号码【1944952】GSD，可能号码格式错误
2023-10-25 00:16:53 获取到号码【1944952】的GSD为【-】
2023-10-25 00:16:57 GSD insert 第 1 次 等待 3 秒
2023-10-25 00:17:00 {"status":"bad","gid":"624507","msg":"添加失败！号码【1944952(-|-)】已存在！"}
2023-10-25 00:17:00 随机等待 107 秒，约 1 分钟
2023-10-25 00:17:00 下次操作: 2023-10-25 00:18:47

2023-10-25 00:18:47 开始第 5044 次操作

2023-10-25 00:18:47 开始操作号码 【1944953】
2023-10-25 00:18:51 GSD getOne 第 1 次 等待 3 秒
2023-10-25 00:18:54 查询号码 【1944953】，返回信息 {"status":"ok","msg":"-","gid":"624502","time_insert":"2023-03-30 22:33"}
2023-10-25 00:18:54 查询号码 【1944953】，GSD为【"-"】
2023-10-25 00:18:54 ok && -
2023-10-25 00:19:03 CHB 1944953?1698164334 第 1 次 等待 3 秒
2023-10-25 00:19:06 CHB 1944953?1698164334 第 1 次 获取到号码【1944953】GSD
2023-10-25 00:19:06 未获取到号码【1944953】GSD，可能号码格式错误
2023-10-25 00:19:06 获取到号码【1944953】的GSD为【-】
2023-10-25 00:19:09 GSD insert 第 1 次 等待 3 秒
2023-10-25 00:19:12 {"status":"bad","gid":"624502","msg":"添加失败！号码【1944953(-|-)】已存在！"}

