2023-11-17 00:11:45 开始第 9245 次操作

2023-11-17 00:11:45 开始操作号码 【1949143】
2023-11-17 00:11:49 GSD getOne 第 1 次 等待 3 秒
2023-11-17 00:11:52 查询号码 【1949143】，返回信息 {"status":"ok","msg":"-","gid":"601157","time_insert":"2023-03-19 18:35"}
2023-11-17 00:11:52 查询号码 【1949143】，GSD为【"-"】
2023-11-17 00:11:52 ok && -
2023-11-17 00:11:54 CHB 1949143?1700151112 第 1 次 等待 3 秒
2023-11-17 00:11:57 CHB 1949143?1700151112 第 1 次 获取到号码【1949143】GSD
2023-11-17 00:11:57 未获取到号码【1949143】GSD，可能号码格式错误
2023-11-17 00:11:57 获取到号码【1949143】的GSD为【-】
2023-11-17 00:12:01 GSD insert 第 1 次 等待 3 秒
2023-11-17 00:12:04 {"status":"bad","gid":"601157","msg":"添加失败！号码【1949143(-|-)】已存在！"}
2023-11-17 00:12:05 随机等待 166 秒，约 2 分钟
2023-11-17 00:12:05 下次操作: 2023-11-17 00:14:51

2023-11-17 00:14:51 开始第 9246 次操作

2023-11-17 00:14:51 开始操作号码 【1949144】
2023-11-17 00:14:55 GSD getOne 第 1 次 等待 3 秒
2023-11-17 00:14:58 查询号码 【1949144】，返回信息 {"status":"ok","msg":"-","gid":"601155","time_insert":"2023-03-19 18:33"}
2023-11-17 00:14:58 查询号码 【1949144】，GSD为【"-"】
2023-11-17 00:14:58 ok && -
2023-11-17 00:15:00 CHB 1949144?1700151298 第 1 次 等待 3 秒
2023-11-17 00:15:03 CHB 1949144?1700151298 第 1 次 获取到号码【1949144】GSD
2023-11-17 00:15:03 未获取到号码【1949144】GSD，可能号码格式错误
2023-11-17 00:15:03 获取到号码【1949144】的GSD为【-】
2023-11-17 00:15:08 GSD insert 第 1 次 等待 3 秒
2023-11-17 00:15:11 {"status":"bad","gid":"601155","msg":"添加失败！号码【1949144(-|-)】已存在！"}
2023-11-17 00:15:11 随机等待 99 秒，约 1 分钟
2023-11-17 00:15:11 下次操作: 2023-11-17 00:16:50

2023-11-17 00:16:50 开始第 9247 次操作

2023-11-17 00:16:50 开始操作号码 【1949145】
2023-11-17 00:16:59 GSD getOne 第 1 次 等待 3 秒
2023-11-17 00:17:02 查询号码 【1949145】，返回信息 {"status":"ok","msg":"-","gid":"601150","time_insert":"2023-03-19 18:31"}
2023-11-17 00:17:02 查询号码 【1949145】，GSD为【"-"】
2023-11-17 00:17:02 ok && -
2023-11-17 00:17:05 CHB 1949145?1700151422 第 1 次 等待 3 秒
2023-11-17 00:17:08 CHB 1949145?1700151422 第 1 次 获取到号码【1949145】GSD
2023-11-17 00:17:08 未获取到号码【1949145】GSD，可能号码格式错误
2023-11-17 00:17:08 获取到号码【1949145】的GSD为【-】
2023-11-17 00:17:12 GSD insert 第 1 次 等待 3 秒
2023-11-17 00:17:15 {"status":"bad","gid":"601150","msg":"添加失败！号码【1949145(-|-)】已存在！"}
2023-11-17 00:17:15 随机等待 232 秒，约 3 分钟
2023-11-17 00:17:15 下次操作: 2023-11-17 00:21:07

2023-11-17 00:21:07 开始第 9248 次操作

2023-11-17 00:21:07 开始操作号码 【1949146】
2023-11-17 00:21:10 GSD getOne 第 1 次 等待 3 秒
2023-11-17 00:21:13 查询号码 【1949146】，返回信息 {"status":"ok","msg":"-","gid":"601146","time_insert":"2023-03-19 18:28"}
2023-11-17 00:21:13 查询号码 【1949146】，GSD为【"-"】
2023-11-17 00:21:13 ok && -
2023-11-17 00:21:16 CHB 1949146?1700151673 第 1 次 等待 3 秒
2023-11-17 00:21:19 CHB 1949146?1700151673 第 1 次 获取到号码【1949146】GSD
2023-11-17 00:21:20 未获取到号码【1949146】GSD，可能号码格式错误
2023-11-17 00:21:20 获取到号码【1949146】的GSD为【-】
2023-11-17 00:21:23 GSD insert 第 1 次 等待 3 秒
2023-11-17 00:21:26 {"status":"bad","gid":"601146","msg":"添加失败！号码【1949146(-|-)】已存在！"}

2023-11-17 00:38:57 开始第 9249 次操作

2023-11-17 00:38:57 开始操作号码 【1949147】
2023-11-17 00:39:24 GSD getOne 第 1 次 等待 3 秒
2023-11-17 00:39:27 查询号码 【1949147】，返回信息 {"status":"ok","msg":"-","gid":"601143","time_insert":"2023-03-19 18:26"}
2023-11-17 00:39:27 查询号码 【1949147】，GSD为【"-"】
2023-11-17 00:39:27 ok && -
2023-11-17 00:39:30 CHB 1949147?1700152767 第 1 次 等待 3 秒
2023-11-17 00:39:33 CHB 1949147?1700152767 第 1 次 获取到号码【1949147】GSD
2023-11-17 00:39:33 未获取到号码【1949147】GSD，可能号码格式错误
2023-11-17 00:39:33 获取到号码【1949147】的GSD为【-】
2023-11-17 00:39:39 GSD insert 第 1 次 等待 3 秒
2023-11-17 00:39:42 {"status":"bad","gid":"601143","msg":"添加失败！号码【1949147(-|-)】已存在！"}
2023-11-17 00:39:42 随机等待 159 秒，约 2 分钟
2023-11-17 00:39:42 下次操作: 2023-11-17 00:42:21

2023-11-17 00:42:21 开始第 9250 次操作

2023-11-17 00:42:21 开始操作号码 【1949148】
2023-11-17 00:42:25 GSD getOne 第 1 次 等待 3 秒
2023-11-17 00:42:28 查询号码 【1949148】，返回信息 {"status":"ok","msg":"-","gid":"601127","time_insert":"2023-03-19 18:15"}
2023-11-17 00:42:28 查询号码 【1949148】，GSD为【"-"】
2023-11-17 00:42:28 ok && -
2023-11-17 00:42:30 CHB 1949148?1700152948 第 1 次 等待 3 秒
2023-11-17 00:42:33 CHB 1949148?1700152948 第 1 次 获取到号码【1949148】GSD
2023-11-17 00:42:33 未获取到号码【1949148】GSD，可能号码格式错误
2023-11-17 00:42:33 获取到号码【1949148】的GSD为【-】
2023-11-17 00:42:36 GSD insert 第 1 次 等待 3 秒
2023-11-17 00:42:39 {"status":"bad","gid":"601127","msg":"添加失败！号码【1949148(-|-)】已存在！"}
2023-11-17 00:42:39 随机等待 86 秒，约 1 分钟
2023-11-17 00:42:39 下次操作: 2023-11-17 00:44:05

2023-11-17 00:44:05 开始第 9251 次操作

2023-11-17 00:44:05 开始操作号码 【1949149】
2023-11-17 00:44:09 GSD getOne 第 1 次 等待 3 秒
2023-11-17 00:44:12 查询号码 【1949149】，返回信息 {"status":"ok","msg":"-","gid":"601122","time_insert":"2023-03-19 18:12"}
2023-11-17 00:44:12 查询号码 【1949149】，GSD为【"-"】
2023-11-17 00:44:12 ok && -
2023-11-17 00:44:14 CHB 1949149?1700153052 第 1 次 等待 3 秒
2023-11-17 00:44:17 CHB 1949149?1700153052 第 1 次 获取到号码【1949149】GSD
2023-11-17 00:44:17 未获取到号码【1949149】GSD，可能号码格式错误
2023-11-17 00:44:17 获取到号码【1949149】的GSD为【-】
2023-11-17 00:44:21 GSD insert 第 1 次 等待 3 秒
2023-11-17 00:44:24 {"status":"bad","gid":"601122","msg":"添加失败！号码【1949149(-|-)】已存在！"}
2023-11-17 00:44:24 随机等待 72 秒，约 1 分钟
2023-11-17 00:44:24 下次操作: 2023-11-17 00:45:36

2023-11-17 00:45:36 开始第 9252 次操作

2023-11-17 00:45:36 开始操作号码 【1949150】
2023-11-17 00:45:42 GSD getOne 第 1 次 等待 3 秒
2023-11-17 00:45:45 查询号码 【1949150】，返回信息 {"status":"ok","msg":"-","gid":"601121","time_insert":"2023-03-19 18:11"}
2023-11-17 00:45:45 查询号码 【1949150】，GSD为【"-"】
2023-11-17 00:45:45 ok && -
2023-11-17 00:45:48 CHB 1949150?1700153145 第 1 次 等待 3 秒
2023-11-17 00:45:51 CHB 1949150?1700153145 第 1 次 获取到号码【1949150】GSD
2023-11-17 00:45:51 未获取到号码【1949150】GSD，可能号码格式错误
2023-11-17 00:45:51 获取到号码【1949150】的GSD为【-】
2023-11-17 00:45:55 GSD insert 第 1 次 等待 3 秒
2023-11-17 00:45:58 {"status":"bad","gid":"601121","msg":"添加失败！号码【1949150(-|-)】已存在！"}

