2024-07-07 00:10:24 开始第 4785 次操作

2024-07-07 00:10:24 开始操作号码 【1514675】
2024-07-07 00:10:37 GSD getOne 第 1 次 等待 3 秒
2024-07-07 00:10:40 查询号码 【1514675】，返回信息 {"status":"ok","msg":"黑龙江-鸡西","gid":"305270","time_insert":"2021-07-17 17:06"}
2024-07-07 00:10:40 查询号码 【1514675】，GSD为【"黑龙江-鸡西"】

2024-07-07 00:10:41 开始第 4786 次操作

2024-07-07 00:10:41 开始操作号码 【1514676】
2024-07-07 00:10:53 GSD getOne 第 1 次 等待 3 秒
2024-07-07 00:10:56 查询号码 【1514676】，返回信息 {"status":"ok","msg":"黑龙江-鸡西","gid":"305338","time_insert":"2021-07-17 17:17"}
2024-07-07 00:10:56 查询号码 【1514676】，GSD为【"黑龙江-鸡西"】

2024-07-07 00:10:57 开始第 4787 次操作

2024-07-07 00:10:57 开始操作号码 【1514677】
2024-07-07 00:11:06 GSD getOne 第 1 次 等待 3 秒
2024-07-07 00:11:09 查询号码 【1514677】，返回信息 {"status":"ok","msg":"黑龙江-鸡西","gid":"305363","time_insert":"2021-07-17 17:30"}
2024-07-07 00:11:09 查询号码 【1514677】，GSD为【"黑龙江-鸡西"】

2024-07-07 00:11:10 开始第 4788 次操作

2024-07-07 00:11:10 开始操作号码 【1514678】
2024-07-07 00:11:18 GSD getOne 第 1 次 等待 3 秒
2024-07-07 00:11:21 查询号码 【1514678】，返回信息 {"status":"ok","msg":"黑龙江-鸡西","gid":"305419","time_insert":"2021-07-17 17:44"}
2024-07-07 00:11:21 查询号码 【1514678】，GSD为【"黑龙江-鸡西"】

