2024-07-19 00:11:42 开始第 6941 次操作

2024-07-19 00:11:42 开始操作号码 【1516831】
2024-07-19 00:11:50 GSD getOne 第 1 次 等待 3 秒
2024-07-19 00:11:53 查询号码 【1516831】，返回信息 {"status":"ok","msg":"浙江-杭州","gid":"481287","time_insert":"2021-08-02 17:04"}
2024-07-19 00:11:53 查询号码 【1516831】，GSD为【"浙江-杭州"】

2024-07-19 00:11:54 开始第 6942 次操作

2024-07-19 00:11:54 开始操作号码 【1516832】
2024-07-19 00:12:04 GSD getOne 第 1 次 等待 3 秒
2024-07-19 00:12:07 查询号码 【1516832】，返回信息 {"status":"ok","msg":"浙江-杭州","gid":"481396","time_insert":"2021-08-02 17:16"}
2024-07-19 00:12:07 查询号码 【1516832】，GSD为【"浙江-杭州"】

2024-07-19 00:12:08 开始第 6943 次操作

2024-07-19 00:12:08 开始操作号码 【1516833】
2024-07-19 00:12:17 GSD getOne 第 1 次 等待 3 秒
2024-07-19 00:12:20 查询号码 【1516833】，返回信息 {"status":"ok","msg":"浙江-杭州","gid":"481435","time_insert":"2021-08-02 17:22"}
2024-07-19 00:12:20 查询号码 【1516833】，GSD为【"浙江-杭州"】

2024-07-19 00:12:21 开始第 6944 次操作

2024-07-19 00:12:21 开始操作号码 【1516834】
2024-07-19 00:12:29 GSD getOne 第 1 次 等待 3 秒
2024-07-19 00:12:32 查询号码 【1516834】，返回信息 {"status":"ok","msg":"浙江-杭州","gid":"481443","time_insert":"2021-08-02 17:27"}
2024-07-19 00:12:32 查询号码 【1516834】，GSD为【"浙江-杭州"】

2024-07-19 00:37:48 开始第 6945 次操作

2024-07-19 00:37:48 开始操作号码 【1516835】
2024-07-19 00:37:57 GSD getOne 第 1 次 等待 3 秒
2024-07-19 00:38:00 查询号码 【1516835】，返回信息 {"status":"ok","msg":"浙江-杭州","gid":"481459","time_insert":"2021-08-02 17:39"}
2024-07-19 00:38:00 查询号码 【1516835】，GSD为【"浙江-杭州"】

2024-07-19 00:38:01 开始第 6946 次操作

2024-07-19 00:38:01 开始操作号码 【1516836】
2024-07-19 00:38:09 GSD getOne 第 1 次 等待 3 秒
2024-07-19 00:38:12 查询号码 【1516836】，返回信息 {"status":"ok","msg":"浙江-杭州","gid":"17576","time_insert":"2017-10-06 17:27","time_update":"2020-08-31 14:29"}
2024-07-19 00:38:13 查询号码 【1516836】，GSD为【"浙江-杭州"】

2024-07-19 00:38:14 开始第 6947 次操作

2024-07-19 00:38:14 开始操作号码 【1516837】
2024-07-19 00:38:22 GSD getOne 第 1 次 等待 3 秒
2024-07-19 00:38:25 查询号码 【1516837】，返回信息 {"status":"ok","msg":"浙江-杭州","gid":"481478","time_insert":"2021-08-02 17:43"}
2024-07-19 00:38:25 查询号码 【1516837】，GSD为【"浙江-杭州"】

2024-07-19 00:38:26 开始第 6948 次操作

2024-07-19 00:38:26 开始操作号码 【1516838】
2024-07-19 00:38:34 GSD getOne 第 1 次 等待 3 秒
2024-07-19 00:38:37 查询号码 【1516838】，返回信息 {"status":"ok","msg":"浙江-杭州","gid":"17577","time_insert":"2017-06-27 21:27","time_update":"2020-08-31 14:32"}
2024-07-19 00:38:37 查询号码 【1516838】，GSD为【"浙江-杭州"】

2024-07-19 01:08:55 开始第 6949 次操作

2024-07-19 01:08:55 开始操作号码 【1516839】
2024-07-19 01:09:04 GSD getOne 第 1 次 等待 3 秒
2024-07-19 01:09:07 查询号码 【1516839】，返回信息 {"status":"ok","msg":"浙江-杭州","gid":"49684","time_insert":"2021-04-21 13:51"}
2024-07-19 01:09:07 查询号码 【1516839】，GSD为【"浙江-杭州"】

2024-07-19 01:09:08 开始第 6950 次操作

2024-07-19 01:09:08 开始操作号码 【1516840】
2024-07-19 01:09:16 GSD getOne 第 1 次 等待 3 秒
2024-07-19 01:09:19 查询号码 【1516840】，返回信息 {"status":"ok","msg":"浙江-杭州","gid":"481601","time_insert":"2021-08-02 17:57"}
2024-07-19 01:09:19 查询号码 【1516840】，GSD为【"浙江-杭州"】

2024-07-19 01:09:20 开始第 6951 次操作

2024-07-19 01:09:20 开始操作号码 【1516841】
2024-07-19 01:09:28 GSD getOne 第 1 次 等待 3 秒
2024-07-19 01:09:31 查询号码 【1516841】，返回信息 {"status":"ok","msg":"浙江-杭州","gid":"481637","time_insert":"2021-08-02 17:59"}
2024-07-19 01:09:31 查询号码 【1516841】，GSD为【"浙江-杭州"】

2024-07-19 01:09:32 开始第 6952 次操作

2024-07-19 01:09:32 开始操作号码 【1516842】
2024-07-19 01:09:45 GSD getOne 第 1 次 等待 3 秒
2024-07-19 01:09:48 查询号码 【1516842】，返回信息 {"status":"ok","msg":"浙江-杭州","gid":"481766","time_insert":"2021-08-02 18:09"}
2024-07-19 01:09:48 查询号码 【1516842】，GSD为【"浙江-杭州"】

2024-07-19 01:33:08 开始第 6953 次操作

2024-07-19 01:33:08 开始操作号码 【1516843】
2024-07-19 01:33:16 GSD getOne 第 1 次 等待 3 秒
2024-07-19 01:33:19 查询号码 【1516843】，返回信息 {"status":"ok","msg":"浙江-杭州","gid":"54188","time_insert":"2021-03-18 21:14"}
2024-07-19 01:33:19 查询号码 【1516843】，GSD为【"浙江-杭州"】

2024-07-19 01:33:20 开始第 6954 次操作

2024-07-19 01:33:20 开始操作号码 【1516844】
2024-07-19 01:33:28 GSD getOne 第 1 次 等待 3 秒
2024-07-19 01:33:31 查询号码 【1516844】，返回信息 {"status":"ok","msg":"浙江-杭州","gid":"481911","time_insert":"2021-08-02 18:21"}
2024-07-19 01:33:31 查询号码 【1516844】，GSD为【"浙江-杭州"】

2024-07-19 01:33:32 开始第 6955 次操作

2024-07-19 01:33:32 开始操作号码 【1516845】
2024-07-19 01:33:40 GSD getOne 第 1 次 等待 3 秒
2024-07-19 01:33:43 查询号码 【1516845】，返回信息 {"status":"ok","msg":"浙江-杭州","gid":"481942","time_insert":"2021-08-02 18:26"}
2024-07-19 01:33:43 查询号码 【1516845】，GSD为【"浙江-杭州"】

2024-07-19 01:33:44 开始第 6956 次操作

2024-07-19 01:33:44 开始操作号码 【1516846】
2024-07-19 01:34:07 GSD getOne 第 1 次 等待 3 秒
2024-07-19 01:34:10 查询号码 【1516846】，返回信息 {"status":"ok","msg":"浙江-杭州","gid":"481969","time_insert":"2021-08-02 18:39"}
2024-07-19 01:34:10 查询号码 【1516846】，GSD为【"浙江-杭州"】

2024-07-19 02:13:48 开始第 6957 次操作

2024-07-19 02:13:48 开始操作号码 【1516847】
2024-07-19 02:13:58 GSD getOne 第 1 次 等待 3 秒
2024-07-19 02:14:01 查询号码 【1516847】，返回信息 {"status":"ok","msg":"浙江-杭州","gid":"481974","time_insert":"2021-08-02 18:40"}
2024-07-19 02:14:01 查询号码 【1516847】，GSD为【"浙江-杭州"】

2024-07-19 02:14:02 开始第 6958 次操作

2024-07-19 02:14:02 开始操作号码 【1516848】
2024-07-19 02:24:16 GSD getOne 第 1 次 等待 3 秒
2024-07-19 02:24:28 GSD getOne 第 2 次 等待 3 秒
2024-07-19 02:24:31 查询号码 【1516848】，返回信息 {"status":"ok","msg":"浙江-杭州","gid":"482118","time_insert":"2021-08-02 18:51"}
2024-07-19 02:24:31 查询号码 【1516848】，GSD为【"浙江-杭州"】

2024-07-19 02:24:32 开始第 6959 次操作

2024-07-19 02:24:32 开始操作号码 【1516849】
2024-07-19 02:25:16 GSD getOne 第 1 次 等待 3 秒
2024-07-19 02:25:19 查询号码 【1516849】，返回信息 {"status":"ok","msg":"浙江-杭州","gid":"17578","time_insert":"2017-12-02 13:55","time_update":"2020-10-18 09:32"}
2024-07-19 02:25:19 查询号码 【1516849】，GSD为【"浙江-杭州"】

2024-07-19 02:25:20 开始第 6960 次操作

2024-07-19 02:25:20 开始操作号码 【1516850】
2024-07-19 02:25:29 GSD getOne 第 1 次 等待 3 秒
2024-07-19 02:25:32 查询号码 【1516850】，返回信息 {"status":"ok","msg":"浙江-宁波","gid":"482182","time_insert":"2021-08-02 18:56"}
2024-07-19 02:25:33 查询号码 【1516850】，GSD为【"浙江-宁波"】

2024-07-19 02:38:19 开始第 6961 次操作

2024-07-19 02:38:19 开始操作号码 【1516851】
2024-07-19 02:38:29 GSD getOne 第 1 次 等待 3 秒
2024-07-19 02:38:32 查询号码 【1516851】，返回信息 {"status":"ok","msg":"浙江-宁波","gid":"482292","time_insert":"2021-08-02 19:03"}
2024-07-19 02:38:32 查询号码 【1516851】，GSD为【"浙江-宁波"】

2024-07-19 02:38:33 开始第 6962 次操作

2024-07-19 02:38:33 开始操作号码 【1516852】
2024-07-19 02:38:41 GSD getOne 第 1 次 等待 3 秒
2024-07-19 02:38:44 查询号码 【1516852】，返回信息 {"status":"ok","msg":"浙江-宁波","gid":"482436","time_insert":"2021-08-02 19:13"}
2024-07-19 02:38:44 查询号码 【1516852】，GSD为【"浙江-宁波"】

2024-07-19 02:38:45 开始第 6963 次操作

2024-07-19 02:38:45 开始操作号码 【1516853】
2024-07-19 02:38:53 GSD getOne 第 1 次 等待 3 秒
2024-07-19 02:38:56 查询号码 【1516853】，返回信息 {"status":"ok","msg":"浙江-宁波","gid":"17579","time_insert":"2018-06-05 14:28","time_update":"2020-08-31 14:35"}
2024-07-19 02:38:56 查询号码 【1516853】，GSD为【"浙江-宁波"】

2024-07-19 02:38:57 开始第 6964 次操作

2024-07-19 02:38:57 开始操作号码 【1516854】
2024-07-19 02:39:05 GSD getOne 第 1 次 等待 3 秒
2024-07-19 02:39:08 查询号码 【1516854】，返回信息 {"status":"ok","msg":"浙江-宁波","gid":"17580","time_insert":"2019-01-16 15:49","time_update":"2020-08-31 14:39"}
2024-07-19 02:39:08 查询号码 【1516854】，GSD为【"浙江-宁波"】

2024-07-19 03:08:49 开始第 6965 次操作

2024-07-19 03:08:49 开始操作号码 【1516855】
2024-07-19 03:08:58 GSD getOne 第 1 次 等待 3 秒
2024-07-19 03:09:01 查询号码 【1516855】，返回信息 {"status":"ok","msg":"浙江-宁波","gid":"482459","time_insert":"2021-08-02 19:19"}
2024-07-19 03:09:01 查询号码 【1516855】，GSD为【"浙江-宁波"】

2024-07-19 03:09:02 开始第 6966 次操作

2024-07-19 03:09:02 开始操作号码 【1516856】
2024-07-19 03:09:09 GSD getOne 第 1 次 等待 3 秒
2024-07-19 03:09:12 查询号码 【1516856】，返回信息 {"status":"ok","msg":"浙江-宁波","gid":"482471","time_insert":"2021-08-02 19:29"}
2024-07-19 03:09:12 查询号码 【1516856】，GSD为【"浙江-宁波"】

2024-07-19 03:09:13 开始第 6967 次操作

2024-07-19 03:09:13 开始操作号码 【1516857】
2024-07-19 03:09:22 GSD getOne 第 1 次 等待 3 秒
2024-07-19 03:09:25 查询号码 【1516857】，返回信息 {"status":"ok","msg":"浙江-宁波","gid":"17581","time_insert":"2019-02-11 09:22","time_update":"2020-08-31 14:43"}
2024-07-19 03:09:25 查询号码 【1516857】，GSD为【"浙江-宁波"】

2024-07-19 03:09:26 开始第 6968 次操作

2024-07-19 03:09:26 开始操作号码 【1516858】
2024-07-19 03:09:34 GSD getOne 第 1 次 等待 3 秒
2024-07-19 03:09:37 查询号码 【1516858】，返回信息 {"status":"ok","msg":"浙江-宁波","gid":"482483","time_insert":"2021-08-02 19:34"}
2024-07-19 03:09:37 查询号码 【1516858】，GSD为【"浙江-宁波"】

2024-07-19 03:33:17 开始第 6969 次操作

2024-07-19 03:33:17 开始操作号码 【1516859】
2024-07-19 03:33:25 GSD getOne 第 1 次 等待 3 秒
2024-07-19 03:33:28 查询号码 【1516859】，返回信息 {"status":"ok","msg":"浙江-宁波","gid":"482654","time_insert":"2021-08-02 19:47"}
2024-07-19 03:33:28 查询号码 【1516859】，GSD为【"浙江-宁波"】

2024-07-19 03:33:29 开始第 6970 次操作

2024-07-19 03:33:29 开始操作号码 【1516860】
2024-07-19 03:33:38 GSD getOne 第 1 次 等待 3 秒
2024-07-19 03:33:41 查询号码 【1516860】，返回信息 {"status":"ok","msg":"浙江-台州","gid":"482675","time_insert":"2021-08-02 19:49"}
2024-07-19 03:33:41 查询号码 【1516860】，GSD为【"浙江-台州"】

2024-07-19 03:33:42 开始第 6971 次操作

2024-07-19 03:33:42 开始操作号码 【1516861】
2024-07-19 03:33:50 GSD getOne 第 1 次 等待 3 秒
2024-07-19 03:33:53 查询号码 【1516861】，返回信息 {"status":"ok","msg":"浙江-台州","gid":"482856","time_insert":"2021-08-02 20:00"}
2024-07-19 03:33:53 查询号码 【1516861】，GSD为【"浙江-台州"】

2024-07-19 03:33:54 开始第 6972 次操作

2024-07-19 03:33:54 开始操作号码 【1516862】
2024-07-19 03:34:03 GSD getOne 第 1 次 等待 3 秒
2024-07-19 03:34:06 查询号码 【1516862】，返回信息 {"status":"ok","msg":"浙江-台州","gid":"482949","time_insert":"2021-08-02 20:08"}
2024-07-19 03:34:06 查询号码 【1516862】，GSD为【"浙江-台州"】

2024-07-19 04:10:27 开始第 6973 次操作

2024-07-19 04:10:27 开始操作号码 【1516863】
2024-07-19 04:10:35 GSD getOne 第 1 次 等待 3 秒
2024-07-19 04:10:38 查询号码 【1516863】，返回信息 {"status":"ok","msg":"浙江-台州","gid":"482966","time_insert":"2021-08-02 20:15"}
2024-07-19 04:10:38 查询号码 【1516863】，GSD为【"浙江-台州"】

2024-07-19 04:10:39 开始第 6974 次操作

2024-07-19 04:10:39 开始操作号码 【1516864】
2024-07-19 04:10:47 GSD getOne 第 1 次 等待 3 秒
2024-07-19 04:10:50 查询号码 【1516864】，返回信息 {"status":"ok","msg":"浙江-台州","gid":"482984","time_insert":"2021-08-02 20:28"}
2024-07-19 04:10:50 查询号码 【1516864】，GSD为【"浙江-台州"】

2024-07-19 04:10:51 开始第 6975 次操作

2024-07-19 04:10:51 开始操作号码 【1516865】
2024-07-19 04:10:58 GSD getOne 第 1 次 等待 3 秒
2024-07-19 04:11:01 查询号码 【1516865】，返回信息 {"status":"ok","msg":"浙江-台州","gid":"482988","time_insert":"2021-08-02 20:30"}
2024-07-19 04:11:01 查询号码 【1516865】，GSD为【"浙江-台州"】

2024-07-19 04:11:02 开始第 6976 次操作

2024-07-19 04:11:02 开始操作号码 【1516866】
2024-07-19 04:11:10 GSD getOne 第 1 次 等待 3 秒
2024-07-19 04:11:13 查询号码 【1516866】，返回信息 {"status":"ok","msg":"浙江-台州","gid":"483003","time_insert":"2021-08-02 20:45"}
2024-07-19 04:11:13 查询号码 【1516866】，GSD为【"浙江-台州"】

2024-07-19 04:33:21 开始第 6977 次操作

2024-07-19 04:33:21 开始操作号码 【1516867】
2024-07-19 04:33:29 GSD getOne 第 1 次 等待 3 秒
2024-07-19 04:33:32 查询号码 【1516867】，返回信息 {"status":"ok","msg":"浙江-台州","gid":"483007","time_insert":"2021-08-02 20:47"}
2024-07-19 04:33:32 查询号码 【1516867】，GSD为【"浙江-台州"】

2024-07-19 04:33:33 开始第 6978 次操作

2024-07-19 04:33:33 开始操作号码 【1516868】
2024-07-19 04:33:41 GSD getOne 第 1 次 等待 3 秒
2024-07-19 04:33:44 查询号码 【1516868】，返回信息 {"status":"ok","msg":"浙江-台州","gid":"17582","time_insert":"2016-09-24 18:30","time_update":"2020-08-31 14:48"}
2024-07-19 04:33:44 查询号码 【1516868】，GSD为【"浙江-台州"】

2024-07-19 04:33:45 开始第 6979 次操作

2024-07-19 04:33:45 开始操作号码 【1516869】
2024-07-19 04:33:53 GSD getOne 第 1 次 等待 3 秒
2024-07-19 04:33:56 查询号码 【1516869】，返回信息 {"status":"ok","msg":"浙江-台州","gid":"17583","time_insert":"2014-05-26 19:27","time_update":"2020-08-31 14:51"}
2024-07-19 04:33:56 查询号码 【1516869】，GSD为【"浙江-台州"】

2024-07-19 04:33:57 开始第 6980 次操作

2024-07-19 04:33:57 开始操作号码 【1516870】
2024-07-19 04:34:04 GSD getOne 第 1 次 等待 3 秒
2024-07-19 04:34:07 查询号码 【1516870】，返回信息 {"status":"ok","msg":"浙江-温州","gid":"483067","time_insert":"2021-08-02 21:03"}
2024-07-19 04:34:07 查询号码 【1516870】，GSD为【"浙江-温州"】

2024-07-19 05:09:02 开始第 6981 次操作

2024-07-19 05:09:02 开始操作号码 【1516871】
2024-07-19 05:09:11 GSD getOne 第 1 次 等待 3 秒
2024-07-19 05:09:14 查询号码 【1516871】，返回信息 {"status":"ok","msg":"浙江-温州","gid":"483093","time_insert":"2021-08-02 21:05"}
2024-07-19 05:09:14 查询号码 【1516871】，GSD为【"浙江-温州"】

2024-07-19 05:09:15 开始第 6982 次操作

2024-07-19 05:09:15 开始操作号码 【1516872】
2024-07-19 05:09:24 GSD getOne 第 1 次 等待 3 秒
2024-07-19 05:09:27 查询号码 【1516872】，返回信息 {"status":"ok","msg":"浙江-温州","gid":"483255","time_insert":"2021-08-02 21:18"}
2024-07-19 05:09:27 查询号码 【1516872】，GSD为【"浙江-温州"】

2024-07-19 05:09:28 开始第 6983 次操作

2024-07-19 05:09:28 开始操作号码 【1516873】
2024-07-19 05:09:36 GSD getOne 第 1 次 等待 3 秒
2024-07-19 05:09:39 查询号码 【1516873】，返回信息 {"status":"ok","msg":"浙江-温州","gid":"483307","time_insert":"2021-08-02 21:22"}
2024-07-19 05:09:39 查询号码 【1516873】，GSD为【"浙江-温州"】

2024-07-19 05:09:40 开始第 6984 次操作

2024-07-19 05:09:40 开始操作号码 【1516874】
2024-07-19 05:09:48 GSD getOne 第 1 次 等待 3 秒
2024-07-19 05:09:51 查询号码 【1516874】，返回信息 {"status":"ok","msg":"浙江-温州","gid":"483394","time_insert":"2021-08-02 21:31"}
2024-07-19 05:09:51 查询号码 【1516874】，GSD为【"浙江-温州"】

2024-07-19 05:33:44 开始第 6985 次操作

2024-07-19 05:33:44 开始操作号码 【1516875】
2024-07-19 05:33:54 GSD getOne 第 1 次 等待 3 秒
2024-07-19 05:33:57 查询号码 【1516875】，返回信息 {"status":"ok","msg":"浙江-温州","gid":"483492","time_insert":"2021-08-02 21:43"}
2024-07-19 05:33:57 查询号码 【1516875】，GSD为【"浙江-温州"】

2024-07-19 05:33:58 开始第 6986 次操作

2024-07-19 05:33:58 开始操作号码 【1516876】
2024-07-19 05:34:06 GSD getOne 第 1 次 等待 3 秒
2024-07-19 05:34:09 查询号码 【1516876】，返回信息 {"status":"ok","msg":"浙江-温州","gid":"17584","time_insert":"2017-04-16 02:34","time_update":"2020-08-31 14:54"}
2024-07-19 05:34:09 查询号码 【1516876】，GSD为【"浙江-温州"】

2024-07-19 05:34:10 开始第 6987 次操作

2024-07-19 05:34:10 开始操作号码 【1516877】
2024-07-19 05:34:18 GSD getOne 第 1 次 等待 3 秒
2024-07-19 05:34:21 查询号码 【1516877】，返回信息 {"status":"ok","msg":"浙江-温州","gid":"483554","time_insert":"2021-08-02 21:47"}
2024-07-19 05:34:21 查询号码 【1516877】，GSD为【"浙江-温州"】

2024-07-19 05:34:22 开始第 6988 次操作

2024-07-19 05:34:22 开始操作号码 【1516878】
2024-07-19 05:34:31 GSD getOne 第 1 次 等待 3 秒
2024-07-19 05:34:34 查询号码 【1516878】，返回信息 {"status":"ok","msg":"浙江-温州","gid":"483717","time_insert":"2021-08-02 21:58"}
2024-07-19 05:34:34 查询号码 【1516878】，GSD为【"浙江-温州"】

2024-07-19 06:09:02 开始第 6989 次操作

2024-07-19 06:09:02 开始操作号码 【1516879】
2024-07-19 06:09:12 GSD getOne 第 1 次 等待 3 秒
2024-07-19 06:09:15 查询号码 【1516879】，返回信息 {"status":"ok","msg":"浙江-温州","gid":"483763","time_insert":"2021-08-02 22:03"}
2024-07-19 06:09:15 查询号码 【1516879】，GSD为【"浙江-温州"】

2024-07-19 06:09:16 开始第 6990 次操作

2024-07-19 06:09:16 开始操作号码 【1516880】
2024-07-19 06:09:24 GSD getOne 第 1 次 等待 3 秒
2024-07-19 06:09:27 查询号码 【1516880】，返回信息 {"status":"ok","msg":"山东-济南","gid":"483838","time_insert":"2021-08-02 22:11"}
2024-07-19 06:09:27 查询号码 【1516880】，GSD为【"山东-济南"】

2024-07-19 06:09:28 开始第 6991 次操作

2024-07-19 06:09:28 开始操作号码 【1516881】
2024-07-19 06:09:37 GSD getOne 第 1 次 等待 3 秒
2024-07-19 06:09:40 查询号码 【1516881】，返回信息 {"status":"ok","msg":"山东-济南","gid":"483914","time_insert":"2021-08-02 22:22"}
2024-07-19 06:09:40 查询号码 【1516881】，GSD为【"山东-济南"】

2024-07-19 06:09:41 开始第 6992 次操作

2024-07-19 06:09:41 开始操作号码 【1516882】
2024-07-19 06:09:49 GSD getOne 第 1 次 等待 3 秒
2024-07-19 06:09:52 查询号码 【1516882】，返回信息 {"status":"ok","msg":"山东-济南","gid":"483918","time_insert":"2021-08-02 22:22"}
2024-07-19 06:09:52 查询号码 【1516882】，GSD为【"山东-济南"】

2024-07-19 06:34:49 开始第 6993 次操作

2024-07-19 06:34:49 开始操作号码 【1516883】
2024-07-19 06:34:57 GSD getOne 第 1 次 等待 3 秒
2024-07-19 06:35:00 查询号码 【1516883】，返回信息 {"status":"ok","msg":"山东-济南","gid":"483942","time_insert":"2021-08-02 22:33"}
2024-07-19 06:35:00 查询号码 【1516883】，GSD为【"山东-济南"】

2024-07-19 06:35:01 开始第 6994 次操作

2024-07-19 06:35:01 开始操作号码 【1516884】
2024-07-19 06:35:09 GSD getOne 第 1 次 等待 3 秒
2024-07-19 06:35:12 查询号码 【1516884】，返回信息 {"status":"ok","msg":"山东-济南","gid":"483995","time_insert":"2021-08-02 22:40"}
2024-07-19 06:35:12 查询号码 【1516884】，GSD为【"山东-济南"】

2024-07-19 06:35:13 开始第 6995 次操作

2024-07-19 06:35:13 开始操作号码 【1516885】
2024-07-19 06:35:21 GSD getOne 第 1 次 等待 3 秒
2024-07-19 06:35:24 查询号码 【1516885】，返回信息 {"status":"ok","msg":"山东-济南","gid":"484098","time_insert":"2021-08-02 22:48"}
2024-07-19 06:35:25 查询号码 【1516885】，GSD为【"山东-济南"】

2024-07-19 06:35:26 开始第 6996 次操作

2024-07-19 06:35:26 开始操作号码 【1516886】
2024-07-19 06:35:34 GSD getOne 第 1 次 等待 3 秒
2024-07-19 06:35:37 查询号码 【1516886】，返回信息 {"status":"ok","msg":"山东-济南","gid":"484184","time_insert":"2021-08-02 22:56"}
2024-07-19 06:35:37 查询号码 【1516886】，GSD为【"山东-济南"】

2024-07-19 09:58:29 开始第 6997 次操作

2024-07-19 09:58:29 开始操作号码 【1516887】
2024-07-19 09:58:39 GSD getOne 第 1 次 等待 3 秒
2024-07-19 09:58:42 查询号码 【1516887】，返回信息 {"status":"ok","msg":"山东-济南","gid":"484255","time_insert":"2021-08-02 23:01"}
2024-07-19 09:58:42 查询号码 【1516887】，GSD为【"山东-济南"】

2024-07-19 09:58:43 开始第 6998 次操作

2024-07-19 09:58:43 开始操作号码 【1516888】
2024-07-19 09:58:51 GSD getOne 第 1 次 等待 3 秒
2024-07-19 09:58:54 查询号码 【1516888】，返回信息 {"status":"ok","msg":"山东-济南","gid":"484374","time_insert":"2021-08-02 23:14"}
2024-07-19 09:58:54 查询号码 【1516888】，GSD为【"山东-济南"】

2024-07-19 09:58:55 开始第 6999 次操作

2024-07-19 09:58:55 开始操作号码 【1516889】
2024-07-19 09:59:04 GSD getOne 第 1 次 等待 3 秒
2024-07-19 09:59:07 查询号码 【1516889】，返回信息 {"status":"ok","msg":"山东-济南","gid":"484382","time_insert":"2021-08-02 23:15"}
2024-07-19 09:59:07 查询号码 【1516889】，GSD为【"山东-济南"】

2024-07-19 09:59:08 开始第 7000 次操作

2024-07-19 09:59:08 开始操作号码 【1516890】
2024-07-19 09:59:15 GSD getOne 第 1 次 等待 3 秒
2024-07-19 09:59:18 查询号码 【1516890】，返回信息 {"status":"ok","msg":"山东-临沂","gid":"484415","time_insert":"2021-08-02 23:29"}
2024-07-19 09:59:18 查询号码 【1516890】，GSD为【"山东-临沂"】

2024-07-19 10:33:57 开始第 7001 次操作

2024-07-19 10:33:57 开始操作号码 【1516891】
2024-07-19 10:34:05 GSD getOne 第 1 次 等待 3 秒
2024-07-19 10:34:08 查询号码 【1516891】，返回信息 {"status":"ok","msg":"山东-临沂","gid":"484420","time_insert":"2021-08-02 23:33"}
2024-07-19 10:34:08 查询号码 【1516891】，GSD为【"山东-临沂"】

2024-07-19 10:34:09 开始第 7002 次操作

2024-07-19 10:34:09 开始操作号码 【1516892】
2024-07-19 10:34:17 GSD getOne 第 1 次 等待 3 秒
2024-07-19 10:34:20 查询号码 【1516892】，返回信息 {"status":"ok","msg":"山东-临沂","gid":"484433","time_insert":"2021-08-02 23:44"}
2024-07-19 10:34:20 查询号码 【1516892】，GSD为【"山东-临沂"】

2024-07-19 10:34:21 开始第 7003 次操作

2024-07-19 10:34:21 开始操作号码 【1516893】
2024-07-19 10:34:30 GSD getOne 第 1 次 等待 3 秒
2024-07-19 10:34:33 查询号码 【1516893】，返回信息 {"status":"ok","msg":"山东-临沂","gid":"484479","time_insert":"2021-08-02 23:50"}
2024-07-19 10:34:33 查询号码 【1516893】，GSD为【"山东-临沂"】

2024-07-19 10:34:34 开始第 7004 次操作

2024-07-19 10:34:34 开始操作号码 【1516894】
2024-07-19 10:34:42 GSD getOne 第 1 次 等待 3 秒
2024-07-19 10:34:45 查询号码 【1516894】，返回信息 {"status":"ok","msg":"山东-临沂","gid":"484590","time_insert":"2021-08-02 23:59"}
2024-07-19 10:34:45 查询号码 【1516894】，GSD为【"山东-临沂"】

2024-07-19 11:11:47 开始第 7005 次操作

2024-07-19 11:11:47 开始操作号码 【1516895】
2024-07-19 11:11:56 GSD getOne 第 1 次 等待 3 秒
2024-07-19 11:11:59 查询号码 【1516895】，返回信息 {"status":"ok","msg":"山东-临沂","gid":"484703","time_insert":"2021-08-03 00:10"}
2024-07-19 11:11:59 查询号码 【1516895】，GSD为【"山东-临沂"】

2024-07-19 11:12:00 开始第 7006 次操作

2024-07-19 11:12:00 开始操作号码 【1516896】
2024-07-19 11:12:09 GSD getOne 第 1 次 等待 3 秒
2024-07-19 11:12:12 查询号码 【1516896】，返回信息 {"status":"ok","msg":"山东-临沂","gid":"484724","time_insert":"2021-08-03 00:13"}
2024-07-19 11:12:12 查询号码 【1516896】，GSD为【"山东-临沂"】

2024-07-19 11:12:13 开始第 7007 次操作

2024-07-19 11:12:13 开始操作号码 【1516897】
2024-07-19 11:12:21 GSD getOne 第 1 次 等待 3 秒
2024-07-19 11:12:24 查询号码 【1516897】，返回信息 {"status":"ok","msg":"山东-临沂","gid":"484828","time_insert":"2021-08-03 00:25"}
2024-07-19 11:12:24 查询号码 【1516897】，GSD为【"山东-临沂"】

2024-07-19 11:12:25 开始第 7008 次操作

2024-07-19 11:12:25 开始操作号码 【1516898】
2024-07-19 11:12:34 GSD getOne 第 1 次 等待 3 秒
2024-07-19 11:12:37 查询号码 【1516898】，返回信息 {"status":"ok","msg":"山东-临沂","gid":"484843","time_insert":"2021-08-03 00:29"}
2024-07-19 11:12:37 查询号码 【1516898】，GSD为【"山东-临沂"】

2024-07-19 11:36:39 开始第 7009 次操作

2024-07-19 11:36:39 开始操作号码 【1516899】
2024-07-19 11:36:47 GSD getOne 第 1 次 等待 3 秒
2024-07-19 11:36:50 查询号码 【1516899】，返回信息 {"status":"ok","msg":"山东-临沂","gid":"484878","time_insert":"2021-08-03 00:37"}
2024-07-19 11:36:50 查询号码 【1516899】，GSD为【"山东-临沂"】

2024-07-19 11:36:51 开始第 7010 次操作

2024-07-19 11:36:51 开始操作号码 【1516900】
2024-07-19 11:36:59 GSD getOne 第 1 次 等待 3 秒
2024-07-19 11:37:02 查询号码 【1516900】，返回信息 {"status":"ok","msg":"山东-济南","gid":"484900","time_insert":"2021-08-03 00:47"}
2024-07-19 11:37:02 查询号码 【1516900】，GSD为【"山东-济南"】

2024-07-19 11:37:03 开始第 7011 次操作

2024-07-19 11:37:03 开始操作号码 【1516901】
2024-07-19 11:37:11 GSD getOne 第 1 次 等待 3 秒
2024-07-19 11:37:14 查询号码 【1516901】，返回信息 {"status":"ok","msg":"山东-济南","gid":"484944","time_insert":"2021-08-03 01:04"}
2024-07-19 11:37:14 查询号码 【1516901】，GSD为【"山东-济南"】

2024-07-19 11:37:15 开始第 7012 次操作

2024-07-19 11:37:15 开始操作号码 【1516902】
2024-07-19 11:37:23 GSD getOne 第 1 次 等待 3 秒
2024-07-19 11:37:26 查询号码 【1516902】，返回信息 {"status":"ok","msg":"山东-济南","gid":"484983","time_insert":"2021-08-03 01:07"}
2024-07-19 11:37:26 查询号码 【1516902】，GSD为【"山东-济南"】

2024-07-19 12:13:40 开始第 7013 次操作

2024-07-19 12:13:40 开始操作号码 【1516903】
2024-07-19 12:13:48 GSD getOne 第 1 次 等待 3 秒
2024-07-19 12:13:51 查询号码 【1516903】，返回信息 {"status":"ok","msg":"山东-济南","gid":"485118","time_insert":"2021-08-03 01:19"}
2024-07-19 12:13:52 查询号码 【1516903】，GSD为【"山东-济南"】

2024-07-19 12:13:53 开始第 7014 次操作

2024-07-19 12:13:53 开始操作号码 【1516904】
2024-07-19 12:14:00 GSD getOne 第 1 次 等待 3 秒
2024-07-19 12:14:03 查询号码 【1516904】，返回信息 {"status":"ok","msg":"山东-济南","gid":"485229","time_insert":"2021-08-03 01:28"}
2024-07-19 12:14:03 查询号码 【1516904】，GSD为【"山东-济南"】

2024-07-19 12:14:05 开始第 7015 次操作

2024-07-19 12:14:05 开始操作号码 【1516905】
2024-07-19 12:14:12 GSD getOne 第 1 次 等待 3 秒
2024-07-19 12:14:15 查询号码 【1516905】，返回信息 {"status":"ok","msg":"山东-济南","gid":"485279","time_insert":"2021-08-03 01:34"}
2024-07-19 12:14:15 查询号码 【1516905】，GSD为【"山东-济南"】

2024-07-19 12:14:16 开始第 7016 次操作

2024-07-19 12:14:16 开始操作号码 【1516906】
2024-07-19 12:14:24 GSD getOne 第 1 次 等待 3 秒
2024-07-19 12:14:27 查询号码 【1516906】，返回信息 {"status":"ok","msg":"山东-济南","gid":"485364","time_insert":"2021-08-03 01:47"}
2024-07-19 12:14:27 查询号码 【1516906】，GSD为【"山东-济南"】

2024-07-19 12:37:22 开始第 7017 次操作

2024-07-19 12:37:22 开始操作号码 【1516907】
2024-07-19 12:37:35 GSD getOne 第 1 次 等待 3 秒
2024-07-19 12:37:38 查询号码 【1516907】，返回信息 {"status":"ok","msg":"山东-济南","gid":"485397","time_insert":"2021-08-03 01:50"}
2024-07-19 12:37:38 查询号码 【1516907】，GSD为【"山东-济南"】

2024-07-19 12:37:39 开始第 7018 次操作

2024-07-19 12:37:39 开始操作号码 【1516908】
2024-07-19 12:37:48 GSD getOne 第 1 次 等待 3 秒
2024-07-19 12:37:51 查询号码 【1516908】，返回信息 {"status":"ok","msg":"山东-济南","gid":"485581","time_insert":"2021-08-03 02:03"}
2024-07-19 12:37:51 查询号码 【1516908】，GSD为【"山东-济南"】

2024-07-19 12:37:52 开始第 7019 次操作

2024-07-19 12:37:52 开始操作号码 【1516909】
2024-07-19 12:38:09 GSD getOne 第 1 次 等待 3 秒
2024-07-19 12:38:12 查询号码 【1516909】，返回信息 {"status":"ok","msg":"山东-济南","gid":"485636","time_insert":"2021-08-03 02:07"}
2024-07-19 12:38:12 查询号码 【1516909】，GSD为【"山东-济南"】

2024-07-19 12:38:13 开始第 7020 次操作

2024-07-19 12:38:13 开始操作号码 【1516910】
2024-07-19 12:38:14 GSD getOne 第 1 次 等待 3 秒
2024-07-19 12:38:17 查询号码 【1516910】，返回信息 {"status":"ok","msg":"山东-济南","gid":"485705","time_insert":"2021-08-03 02:14"}
2024-07-19 12:38:17 查询号码 【1516910】，GSD为【"山东-济南"】

2024-07-19 13:11:01 开始第 7021 次操作

2024-07-19 13:11:01 开始操作号码 【1516911】
2024-07-19 13:11:10 GSD getOne 第 1 次 等待 3 秒
2024-07-19 13:11:13 查询号码 【1516911】，返回信息 {"status":"ok","msg":"山东-济南","gid":"485734","time_insert":"2021-08-03 02:23"}
2024-07-19 13:11:13 查询号码 【1516911】，GSD为【"山东-济南"】

2024-07-19 13:11:14 开始第 7022 次操作

2024-07-19 13:11:14 开始操作号码 【1516912】
2024-07-19 13:11:22 GSD getOne 第 1 次 等待 3 秒
2024-07-19 13:11:25 查询号码 【1516912】，返回信息 {"status":"ok","msg":"山东-济南","gid":"485737","time_insert":"2021-08-03 02:25"}
2024-07-19 13:11:25 查询号码 【1516912】，GSD为【"山东-济南"】

2024-07-19 13:11:26 开始第 7023 次操作

2024-07-19 13:11:26 开始操作号码 【1516913】
2024-07-19 13:11:33 GSD getOne 第 1 次 等待 3 秒
2024-07-19 13:11:36 查询号码 【1516913】，返回信息 {"status":"ok","msg":"山东-济南","gid":"485748","time_insert":"2021-08-03 02:37"}
2024-07-19 13:11:37 查询号码 【1516913】，GSD为【"山东-济南"】

2024-07-19 13:11:38 开始第 7024 次操作

2024-07-19 13:11:38 开始操作号码 【1516914】
2024-07-19 13:11:48 GSD getOne 第 1 次 等待 3 秒
2024-07-19 13:11:51 查询号码 【1516914】，返回信息 {"status":"ok","msg":"山东-济南","gid":"485754","time_insert":"2021-08-03 02:40"}
2024-07-19 13:11:51 查询号码 【1516914】，GSD为【"山东-济南"】

