2023-10-06 00:11:07 开始第 1769 次操作

2023-10-06 00:11:07 开始操作号码 【1941768】
2023-10-06 00:11:09 GSD getOne 第 1 次 等待 3 秒
2023-10-06 00:11:12 查询号码 【1941768】，返回信息 {"status":"ok","msg":"-","gid":"582197","time_insert":"2023-03-10 18:30"}
2023-10-06 00:11:13 查询号码 【1941768】，GSD为【"-"】
2023-10-06 00:11:13 ok && -
2023-10-06 00:11:14 CHB 1941768?1696522273 第 1 次 等待 3 秒
2023-10-06 00:11:17 CHB 1941768?1696522273 第 1 次 获取到号码【1941768】GSD
2023-10-06 00:11:17 未获取到号码【1941768】GSD，可能号码格式错误
2023-10-06 00:11:17 获取到号码【1941768】的GSD为【-】
2023-10-06 00:11:20 GSD insert 第 1 次 等待 3 秒
2023-10-06 00:11:23 {"status":"bad","gid":"582197","msg":"添加失败！号码【1941768(-|-)】已存在！"}
2023-10-06 00:11:23 随机等待 196 秒，约 3 分钟
2023-10-06 00:11:23 下次操作: 2023-10-06 00:14:39

2023-10-06 00:14:39 开始第 1770 次操作

2023-10-06 00:14:39 开始操作号码 【1941769】
2023-10-06 00:14:44 GSD getOne 第 1 次 等待 3 秒
2023-10-06 00:14:47 查询号码 【1941769】，返回信息 {"status":"ok","msg":"-","gid":"582225","time_insert":"2023-03-10 18:47"}
2023-10-06 00:14:47 查询号码 【1941769】，GSD为【"-"】
2023-10-06 00:14:47 ok && -
2023-10-06 00:14:49 CHB 1941769?1696522487 第 1 次 等待 3 秒
2023-10-06 00:14:52 CHB 1941769?1696522487 第 1 次 获取到号码【1941769】GSD
2023-10-06 00:14:52 未获取到号码【1941769】GSD，可能号码格式错误
2023-10-06 00:14:52 获取到号码【1941769】的GSD为【-】
2023-10-06 00:14:57 GSD insert 第 1 次 等待 3 秒
2023-10-06 00:15:00 {"status":"bad","gid":"582225","msg":"添加失败！号码【1941769(-|-)】已存在！"}
2023-10-06 00:15:00 随机等待 213 秒，约 3 分钟
2023-10-06 00:15:00 下次操作: 2023-10-06 00:18:33

2023-10-06 00:18:33 开始第 1771 次操作

2023-10-06 00:18:33 开始操作号码 【1941770】
2023-10-06 00:18:37 GSD getOne 第 1 次 等待 3 秒
2023-10-06 00:18:40 查询号码 【1941770】，返回信息 {"status":"ok","msg":"-","gid":"582255","time_insert":"2023-03-10 19:03"}
2023-10-06 00:18:40 查询号码 【1941770】，GSD为【"-"】
2023-10-06 00:18:40 ok && -
2023-10-06 00:18:42 CHB 1941770?1696522720 第 1 次 等待 3 秒
2023-10-06 00:18:45 CHB 1941770?1696522720 第 1 次 获取到号码【1941770】GSD
2023-10-06 00:18:45 未获取到号码【1941770】GSD，可能号码格式错误
2023-10-06 00:18:45 获取到号码【1941770】的GSD为【-】
2023-10-06 00:18:49 GSD insert 第 1 次 等待 3 秒
2023-10-06 00:18:52 {"status":"bad","gid":"582255","msg":"添加失败！号码【1941770(-|-)】已存在！"}
2023-10-06 00:18:52 随机等待 66 秒，约 1 分钟
2023-10-06 00:18:52 下次操作: 2023-10-06 00:19:58

2023-10-06 00:19:58 开始第 1772 次操作

2023-10-06 00:19:58 开始操作号码 【1941771】
2023-10-06 00:20:03 GSD getOne 第 1 次 等待 3 秒
2023-10-06 00:20:06 查询号码 【1941771】，返回信息 {"status":"ok","msg":"-","gid":"582281","time_insert":"2023-03-10 19:21"}
2023-10-06 00:20:07 查询号码 【1941771】，GSD为【"-"】
2023-10-06 00:20:07 ok && -
2023-10-06 00:20:08 CHB 1941771?1696522807 第 1 次 等待 3 秒
2023-10-06 00:20:11 CHB 1941771?1696522807 第 1 次 获取到号码【1941771】GSD
2023-10-06 00:20:11 未获取到号码【1941771】GSD，可能号码格式错误
2023-10-06 00:20:11 获取到号码【1941771】的GSD为【-】
2023-10-06 00:20:13 GSD insert 第 1 次 等待 3 秒
2023-10-06 00:20:16 {"status":"bad","gid":"582281","msg":"添加失败！号码【1941771(-|-)】已存在！"}

2023-10-06 00:38:04 开始第 1773 次操作

2023-10-06 00:38:04 开始操作号码 【1941772】
2023-10-06 00:38:07 GSD getOne 第 1 次 等待 3 秒
2023-10-06 00:38:10 查询号码 【1941772】，返回信息 {"status":"ok","msg":"-","gid":"582314","time_insert":"2023-03-10 19:38"}
2023-10-06 00:38:10 查询号码 【1941772】，GSD为【"-"】
2023-10-06 00:38:10 ok && -
2023-10-06 00:38:12 CHB 1941772?1696523890 第 1 次 等待 3 秒
2023-10-06 00:38:15 CHB 1941772?1696523890 第 1 次 获取到号码【1941772】GSD
2023-10-06 00:38:15 未获取到号码【1941772】GSD，可能号码格式错误
2023-10-06 00:38:15 获取到号码【1941772】的GSD为【-】
2023-10-06 00:38:19 GSD insert 第 1 次 等待 3 秒
2023-10-06 00:38:22 {"status":"bad","gid":"582314","msg":"添加失败！号码【1941772(-|-)】已存在！"}
2023-10-06 00:38:22 随机等待 95 秒，约 1 分钟
2023-10-06 00:38:22 下次操作: 2023-10-06 00:39:57

2023-10-06 00:39:57 开始第 1774 次操作

2023-10-06 00:39:57 开始操作号码 【1941773】
2023-10-06 00:40:01 GSD getOne 第 1 次 等待 3 秒
2023-10-06 00:40:04 查询号码 【1941773】，返回信息 {"status":"ok","msg":"-","gid":"582351","time_insert":"2023-03-10 19:59"}
2023-10-06 00:40:04 查询号码 【1941773】，GSD为【"-"】
2023-10-06 00:40:04 ok && -
2023-10-06 00:40:07 CHB 1941773?1696524004 第 1 次 等待 3 秒
2023-10-06 00:40:10 CHB 1941773?1696524004 第 1 次 获取到号码【1941773】GSD
2023-10-06 00:40:11 未获取到号码【1941773】GSD，可能号码格式错误
2023-10-06 00:40:11 获取到号码【1941773】的GSD为【-】
2023-10-06 00:40:14 GSD insert 第 1 次 等待 3 秒
2023-10-06 00:40:17 {"status":"bad","gid":"582351","msg":"添加失败！号码【1941773(-|-)】已存在！"}
2023-10-06 00:40:17 随机等待 158 秒，约 2 分钟
2023-10-06 00:40:17 下次操作: 2023-10-06 00:42:55

2023-10-06 00:42:55 开始第 1775 次操作

2023-10-06 00:42:55 开始操作号码 【1941774】
2023-10-06 00:42:58 GSD getOne 第 1 次 等待 3 秒
2023-10-06 00:43:01 查询号码 【1941774】，返回信息 {"status":"ok","msg":"-","gid":"582374","time_insert":"2023-03-10 20:17"}
2023-10-06 00:43:01 查询号码 【1941774】，GSD为【"-"】
2023-10-06 00:43:01 ok && -
2023-10-06 00:43:04 CHB 1941774?1696524181 第 1 次 等待 3 秒
2023-10-06 00:43:07 CHB 1941774?1696524181 第 1 次 获取到号码【1941774】GSD
2023-10-06 00:43:07 未获取到号码【1941774】GSD，可能号码格式错误
2023-10-06 00:43:07 获取到号码【1941774】的GSD为【-】
2023-10-06 00:43:11 GSD insert 第 1 次 等待 3 秒
2023-10-06 00:43:14 {"status":"bad","gid":"582374","msg":"添加失败！号码【1941774(-|-)】已存在！"}
2023-10-06 00:43:14 随机等待 159 秒，约 2 分钟
2023-10-06 00:43:14 下次操作: 2023-10-06 00:45:53

2023-10-06 00:45:53 开始第 1776 次操作

2023-10-06 00:45:53 开始操作号码 【1941775】
2023-10-06 00:45:59 GSD getOne 第 1 次 等待 3 秒
2023-10-06 00:46:02 查询号码 【1941775】，返回信息 {"status":"ok","msg":"-","gid":"582397","time_insert":"2023-03-10 20:34"}
2023-10-06 00:46:02 查询号码 【1941775】，GSD为【"-"】
2023-10-06 00:46:02 ok && -
2023-10-06 00:46:04 CHB 1941775?1696524362 第 1 次 等待 3 秒
2023-10-06 00:46:07 CHB 1941775?1696524362 第 1 次 获取到号码【1941775】GSD
2023-10-06 00:46:07 未获取到号码【1941775】GSD，可能号码格式错误
2023-10-06 00:46:07 获取到号码【1941775】的GSD为【-】
2023-10-06 00:46:10 GSD insert 第 1 次 等待 3 秒
2023-10-06 00:46:13 {"status":"bad","gid":"582397","msg":"添加失败！号码【1941775(-|-)】已存在！"}

