2024-09-24 00:27:18 开始第 5865 次操作

2024-09-24 00:27:18 开始操作号码 【1405863】
2024-09-24 00:27:20 GSD getOne 第 1 次 等待 3 秒
2024-09-24 00:27:23 查询号码 【1405863】，返回信息 {"status":"ok","msg":"-","gid":"641351","time_insert":"2023-04-08 14:18"}
2024-09-24 00:27:23 查询号码 【1405863】，GSD为【"-"】
2024-09-24 00:27:23 ok && -
2024-09-24 00:27:25 CHB 1405863?1727108843 第 1 次 等待 3 秒
2024-09-24 00:27:28 CHB 1405863?1727108843 第 1 次 获取到号码【1405863】GSD
2024-09-24 00:27:28 未获取到号码【1405863】GSD，可能号码格式错误
2024-09-24 00:27:28 获取到号码【1405863】的GSD为【-】
2024-09-24 00:27:31 GSD insert 第 1 次 等待 3 秒
2024-09-24 00:27:34 {"status":"bad","gid":"641351","msg":"添加失败！号码【1405863(-|-)】已存在！"}
2024-09-24 00:27:34 随机等待 221 秒，约 3 分钟
2024-09-24 00:27:34 下次操作: 2024-09-24 00:31:15

2024-09-24 00:31:15 开始第 5866 次操作

2024-09-24 00:31:15 开始操作号码 【1405864】
2024-09-24 00:31:17 GSD getOne 第 1 次 等待 3 秒
2024-09-24 00:31:20 查询号码 【1405864】，返回信息 {"status":"ok","msg":"-","gid":"641359","time_insert":"2023-04-08 14:27"}
2024-09-24 00:31:20 查询号码 【1405864】，GSD为【"-"】
2024-09-24 00:31:20 ok && -
2024-09-24 00:31:22 CHB 1405864?1727109080 第 1 次 等待 3 秒
2024-09-24 00:31:25 CHB 1405864?1727109080 第 1 次 获取到号码【1405864】GSD
2024-09-24 00:31:25 未获取到号码【1405864】GSD，可能号码格式错误
2024-09-24 00:31:25 获取到号码【1405864】的GSD为【-】
2024-09-24 00:31:27 GSD insert 第 1 次 等待 3 秒
2024-09-24 00:31:30 {"status":"bad","gid":"641359","msg":"添加失败！号码【1405864(-|-)】已存在！"}
2024-09-24 00:31:30 随机等待 90 秒，约 1 分钟
2024-09-24 00:31:30 下次操作: 2024-09-24 00:33:00

2024-09-24 00:33:00 开始第 5867 次操作

2024-09-24 00:33:00 开始操作号码 【1405865】
2024-09-24 00:33:02 GSD getOne 第 1 次 等待 3 秒
2024-09-24 00:33:05 查询号码 【1405865】，返回信息 {"status":"ok","msg":"-","gid":"641381","time_insert":"2023-04-08 14:40"}
2024-09-24 00:33:05 查询号码 【1405865】，GSD为【"-"】
2024-09-24 00:33:05 ok && -
2024-09-24 00:33:06 CHB 1405865?1727109185 第 1 次 等待 3 秒
2024-09-24 00:33:09 CHB 1405865?1727109185 第 1 次 获取到号码【1405865】GSD
2024-09-24 00:33:09 未获取到号码【1405865】GSD，可能号码格式错误
2024-09-24 00:33:09 获取到号码【1405865】的GSD为【-】
2024-09-24 00:33:11 GSD insert 第 1 次 等待 3 秒
2024-09-24 00:33:14 {"status":"bad","gid":"641381","msg":"添加失败！号码【1405865(-|-)】已存在！"}
2024-09-24 00:33:14 随机等待 71 秒，约 1 分钟
2024-09-24 00:33:14 下次操作: 2024-09-24 00:34:25

2024-09-24 00:34:25 开始第 5868 次操作

2024-09-24 00:34:25 开始操作号码 【1405866】
2024-09-24 00:34:27 GSD getOne 第 1 次 等待 3 秒
2024-09-24 00:34:30 查询号码 【1405866】，返回信息 {"status":"ok","msg":"-","gid":"641400","time_insert":"2023-04-08 14:50"}
2024-09-24 00:34:30 查询号码 【1405866】，GSD为【"-"】
2024-09-24 00:34:30 ok && -
2024-09-24 00:34:32 CHB 1405866?1727109270 第 1 次 等待 3 秒
2024-09-24 00:34:35 CHB 1405866?1727109270 第 1 次 获取到号码【1405866】GSD
2024-09-24 00:34:35 未获取到号码【1405866】GSD，可能号码格式错误
2024-09-24 00:34:35 获取到号码【1405866】的GSD为【-】
2024-09-24 00:34:37 GSD insert 第 1 次 等待 3 秒
2024-09-24 00:34:40 {"status":"bad","gid":"641400","msg":"添加失败！号码【1405866(-|-)】已存在！"}

