2024-07-23 00:12:34 开始第 7653 次操作

2024-07-23 00:12:34 开始操作号码 【1517543】
2024-07-23 00:12:43 GSD getOne 第 1 次 等待 3 秒
2024-07-23 00:12:46 查询号码 【1517543】，返回信息 {"status":"ok","msg":"河北-邯郸","gid":"467121","time_insert":"2021-08-01 12:07"}
2024-07-23 00:12:46 查询号码 【1517543】，GSD为【"河北-邯郸"】

2024-07-23 00:12:47 开始第 7654 次操作

2024-07-23 00:12:47 开始操作号码 【1517544】
2024-07-23 00:12:57 GSD getOne 第 1 次 等待 3 秒
2024-07-23 00:13:00 查询号码 【1517544】，返回信息 {"status":"ok","msg":"河北-邯郸","gid":"466970","time_insert":"2021-08-01 11:57"}
2024-07-23 00:13:00 查询号码 【1517544】，GSD为【"河北-邯郸"】

2024-07-23 00:13:01 开始第 7655 次操作

2024-07-23 00:13:01 开始操作号码 【1517545】
2024-07-23 00:13:11 GSD getOne 第 1 次 等待 3 秒
2024-07-23 00:13:14 查询号码 【1517545】，返回信息 {"status":"ok","msg":"河北-邢台","gid":"466845","time_insert":"2021-08-01 11:48"}
2024-07-23 00:13:14 查询号码 【1517545】，GSD为【"河北-邢台"】

2024-07-23 00:13:15 开始第 7656 次操作

2024-07-23 00:13:15 开始操作号码 【1517546】
2024-07-23 00:13:23 GSD getOne 第 1 次 等待 3 秒
2024-07-23 00:13:26 查询号码 【1517546】，返回信息 {"status":"ok","msg":"河北-邢台","gid":"466748","time_insert":"2021-08-01 11:39"}
2024-07-23 00:13:26 查询号码 【1517546】，GSD为【"河北-邢台"】

