2023-11-02 00:10:51 开始第 6493 次操作

2023-11-02 00:10:51 开始操作号码 【1946392】
2023-11-02 00:10:55 GSD getOne 第 1 次 等待 3 秒
2023-11-02 00:10:58 查询号码 【1946392】，返回信息 {"status":"ok","msg":"-","gid":"616174","time_insert":"2023-03-26 17:22"}
2023-11-02 00:10:58 查询号码 【1946392】，GSD为【"-"】
2023-11-02 00:10:58 ok && -
2023-11-02 00:11:00 CHB 1946392?1698855058 第 1 次 等待 3 秒
2023-11-02 00:11:03 CHB 1946392?1698855058 第 1 次 获取到号码【1946392】GSD
2023-11-02 00:11:03 未获取到号码【1946392】GSD，可能号码格式错误
2023-11-02 00:11:03 获取到号码【1946392】的GSD为【-】
2023-11-02 00:11:08 GSD insert 第 1 次 等待 3 秒
2023-11-02 00:11:11 {"status":"bad","gid":"616174","msg":"添加失败！号码【1946392(-|-)】已存在！"}
2023-11-02 00:11:11 随机等待 233 秒，约 3 分钟
2023-11-02 00:11:11 下次操作: 2023-11-02 00:15:04

2023-11-02 00:15:04 开始第 6494 次操作

2023-11-02 00:15:04 开始操作号码 【1946393】
2023-11-02 00:15:07 GSD getOne 第 1 次 等待 3 秒
2023-11-02 00:15:10 查询号码 【1946393】，返回信息 {"status":"ok","msg":"-","gid":"616172","time_insert":"2023-03-26 17:20"}
2023-11-02 00:15:10 查询号码 【1946393】，GSD为【"-"】
2023-11-02 00:15:10 ok && -
2023-11-02 00:15:13 CHB 1946393?1698855310 第 1 次 等待 3 秒
2023-11-02 00:15:16 CHB 1946393?1698855310 第 1 次 获取到号码【1946393】GSD
2023-11-02 00:15:16 未获取到号码【1946393】GSD，可能号码格式错误
2023-11-02 00:15:16 获取到号码【1946393】的GSD为【-】
2023-11-02 00:15:20 GSD insert 第 1 次 等待 3 秒
2023-11-02 00:15:23 {"status":"bad","gid":"616172","msg":"添加失败！号码【1946393(-|-)】已存在！"}
2023-11-02 00:15:23 随机等待 125 秒，约 2 分钟
2023-11-02 00:15:23 下次操作: 2023-11-02 00:17:28

2023-11-02 00:17:28 开始第 6495 次操作

2023-11-02 00:17:28 开始操作号码 【1946394】
2023-11-02 00:17:31 GSD getOne 第 1 次 等待 3 秒
2023-11-02 00:17:34 查询号码 【1946394】，返回信息 {"status":"ok","msg":"-","gid":"616163","time_insert":"2023-03-26 17:15"}
2023-11-02 00:17:34 查询号码 【1946394】，GSD为【"-"】
2023-11-02 00:17:34 ok && -
2023-11-02 00:17:39 CHB 1946394?1698855454 第 1 次 等待 3 秒
2023-11-02 00:17:42 CHB 1946394?1698855454 第 1 次 获取到号码【1946394】GSD
2023-11-02 00:17:42 未获取到号码【1946394】GSD，可能号码格式错误
2023-11-02 00:17:42 获取到号码【1946394】的GSD为【-】
2023-11-02 00:17:46 GSD insert 第 1 次 等待 3 秒
2023-11-02 00:17:49 {"status":"bad","gid":"616163","msg":"添加失败！号码【1946394(-|-)】已存在！"}
2023-11-02 00:17:49 随机等待 228 秒，约 3 分钟
2023-11-02 00:17:49 下次操作: 2023-11-02 00:21:37

2023-11-02 00:21:37 开始第 6496 次操作

2023-11-02 00:21:37 开始操作号码 【1946395】
2023-11-02 00:21:40 GSD getOne 第 1 次 等待 3 秒
2023-11-02 00:21:43 查询号码 【1946395】，返回信息 {"status":"ok","msg":"-","gid":"616157","time_insert":"2023-03-26 17:13"}
2023-11-02 00:21:43 查询号码 【1946395】，GSD为【"-"】
2023-11-02 00:21:43 ok && -
2023-11-02 00:21:50 CHB 1946395?1698855703 第 1 次 等待 3 秒
2023-11-02 00:21:53 CHB 1946395?1698855703 第 1 次 获取到号码【1946395】GSD
2023-11-02 00:21:53 未获取到号码【1946395】GSD，可能号码格式错误
2023-11-02 00:21:53 获取到号码【1946395】的GSD为【-】
2023-11-02 00:21:56 GSD insert 第 1 次 等待 3 秒
2023-11-02 00:21:59 {"status":"bad","gid":"616157","msg":"添加失败！号码【1946395(-|-)】已存在！"}

2023-11-02 00:37:12 开始第 6497 次操作

2023-11-02 00:37:12 开始操作号码 【1946396】
2023-11-02 00:37:15 GSD getOne 第 1 次 等待 3 秒
2023-11-02 00:37:18 查询号码 【1946396】，返回信息 {"status":"ok","msg":"-","gid":"616147","time_insert":"2023-03-26 17:00"}
2023-11-02 00:37:18 查询号码 【1946396】，GSD为【"-"】
2023-11-02 00:37:18 ok && -
2023-11-02 00:37:21 CHB 1946396?1698856638 第 1 次 等待 3 秒
2023-11-02 00:37:24 CHB 1946396?1698856638 第 1 次 获取到号码【1946396】GSD
2023-11-02 00:37:24 未获取到号码【1946396】GSD，可能号码格式错误
2023-11-02 00:37:24 获取到号码【1946396】的GSD为【-】
2023-11-02 00:37:28 GSD insert 第 1 次 等待 3 秒
2023-11-02 00:37:31 {"status":"bad","gid":"616147","msg":"添加失败！号码【1946396(-|-)】已存在！"}
2023-11-02 00:37:31 随机等待 225 秒，约 3 分钟
2023-11-02 00:37:31 下次操作: 2023-11-02 00:41:16

2023-11-02 00:41:16 开始第 6498 次操作

2023-11-02 00:41:16 开始操作号码 【1946397】
2023-11-02 00:41:19 GSD getOne 第 1 次 等待 3 秒
2023-11-02 00:41:22 查询号码 【1946397】，返回信息 {"status":"ok","msg":"-","gid":"616143","time_insert":"2023-03-26 16:57"}
2023-11-02 00:41:22 查询号码 【1946397】，GSD为【"-"】
2023-11-02 00:41:22 ok && -
2023-11-02 00:41:25 CHB 1946397?1698856882 第 1 次 等待 3 秒
2023-11-02 00:41:28 CHB 1946397?1698856882 第 1 次 获取到号码【1946397】GSD
2023-11-02 00:41:28 未获取到号码【1946397】GSD，可能号码格式错误
2023-11-02 00:41:28 获取到号码【1946397】的GSD为【-】
2023-11-02 00:41:31 GSD insert 第 1 次 等待 3 秒
2023-11-02 00:41:34 {"status":"bad","gid":"616143","msg":"添加失败！号码【1946397(-|-)】已存在！"}
2023-11-02 00:41:34 随机等待 153 秒，约 2 分钟
2023-11-02 00:41:34 下次操作: 2023-11-02 00:44:07

2023-11-02 00:44:07 开始第 6499 次操作

2023-11-02 00:44:07 开始操作号码 【1946398】
2023-11-02 00:44:10 GSD getOne 第 1 次 等待 3 秒
2023-11-02 00:44:13 查询号码 【1946398】，返回信息 {"status":"ok","msg":"-","gid":"616131","time_insert":"2023-03-26 16:53"}
2023-11-02 00:44:13 查询号码 【1946398】，GSD为【"-"】
2023-11-02 00:44:13 ok && -
2023-11-02 00:44:16 CHB 1946398?1698857053 第 1 次 等待 3 秒
2023-11-02 00:44:19 CHB 1946398?1698857053 第 1 次 获取到号码【1946398】GSD
2023-11-02 00:44:19 未获取到号码【1946398】GSD，可能号码格式错误
2023-11-02 00:44:19 获取到号码【1946398】的GSD为【-】
2023-11-02 00:44:22 GSD insert 第 1 次 等待 3 秒
2023-11-02 00:44:25 {"status":"bad","gid":"616131","msg":"添加失败！号码【1946398(-|-)】已存在！"}
2023-11-02 00:44:25 随机等待 160 秒，约 2 分钟
2023-11-02 00:44:25 下次操作: 2023-11-02 00:47:05

2023-11-02 00:47:05 开始第 6500 次操作

2023-11-02 00:47:05 开始操作号码 【1946399】
2023-11-02 00:47:12 GSD getOne 第 1 次 等待 3 秒
2023-11-02 00:47:15 查询号码 【1946399】，返回信息 {"status":"ok","msg":"-","gid":"616127","time_insert":"2023-03-26 16:51"}
2023-11-02 00:47:15 查询号码 【1946399】，GSD为【"-"】
2023-11-02 00:47:15 ok && -
2023-11-02 00:47:21 CHB 1946399?1698857235 第 1 次 等待 3 秒
2023-11-02 00:47:24 CHB 1946399?1698857235 第 1 次 获取到号码【1946399】GSD
2023-11-02 00:47:24 未获取到号码【1946399】GSD，可能号码格式错误
2023-11-02 00:47:24 获取到号码【1946399】的GSD为【-】
2023-11-02 00:47:27 GSD insert 第 1 次 等待 3 秒
2023-11-02 00:47:30 {"status":"bad","gid":"616127","msg":"添加失败！号码【1946399(-|-)】已存在！"}

2023-11-02 01:07:43 开始第 6501 次操作

2023-11-02 01:07:43 开始操作号码 【1946400】
2023-11-02 01:07:46 GSD getOne 第 1 次 等待 3 秒
2023-11-02 01:07:49 查询号码 【1946400】，返回信息 {"status":"ok","msg":"-","gid":"616123","time_insert":"2023-03-26 15:42"}
2023-11-02 01:07:49 查询号码 【1946400】，GSD为【"-"】
2023-11-02 01:07:49 ok && -
2023-11-02 01:07:50 CHB 1946400?1698858469 第 1 次 等待 3 秒
2023-11-02 01:07:53 CHB 1946400?1698858469 第 1 次 获取到号码【1946400】GSD
2023-11-02 01:07:54 未获取到号码【1946400】GSD，可能号码格式错误
2023-11-02 01:07:54 获取到号码【1946400】的GSD为【-】
2023-11-02 01:07:56 GSD insert 第 1 次 等待 3 秒
2023-11-02 01:07:59 {"status":"bad","gid":"616123","msg":"添加失败！号码【1946400(-|-)】已存在！"}
2023-11-02 01:07:59 随机等待 149 秒，约 2 分钟
2023-11-02 01:07:59 下次操作: 2023-11-02 01:10:28

2023-11-02 01:10:28 开始第 6502 次操作

2023-11-02 01:10:28 开始操作号码 【1946401】
2023-11-02 01:10:31 GSD getOne 第 1 次 等待 3 秒
2023-11-02 01:10:34 查询号码 【1946401】，返回信息 {"status":"ok","msg":"-","gid":"616119","time_insert":"2023-03-26 15:39"}
2023-11-02 01:10:34 查询号码 【1946401】，GSD为【"-"】
2023-11-02 01:10:34 ok && -
2023-11-02 01:10:37 CHB 1946401?1698858634 第 1 次 等待 3 秒
2023-11-02 01:10:40 CHB 1946401?1698858634 第 1 次 获取到号码【1946401】GSD
2023-11-02 01:10:40 未获取到号码【1946401】GSD，可能号码格式错误
2023-11-02 01:10:40 获取到号码【1946401】的GSD为【-】
2023-11-02 01:10:42 GSD insert 第 1 次 等待 3 秒
2023-11-02 01:10:45 {"status":"bad","gid":"616119","msg":"添加失败！号码【1946401(-|-)】已存在！"}
2023-11-02 01:10:45 随机等待 128 秒，约 2 分钟
2023-11-02 01:10:45 下次操作: 2023-11-02 01:12:53

2023-11-02 01:12:53 开始第 6503 次操作

2023-11-02 01:12:53 开始操作号码 【1946402】
2023-11-02 01:12:56 GSD getOne 第 1 次 等待 3 秒
2023-11-02 01:12:59 查询号码 【1946402】，返回信息 {"status":"ok","msg":"-","gid":"616117","time_insert":"2023-03-26 15:37"}
2023-11-02 01:12:59 查询号码 【1946402】，GSD为【"-"】
2023-11-02 01:12:59 ok && -
2023-11-02 01:13:01 CHB 1946402?1698858779 第 1 次 等待 3 秒
2023-11-02 01:13:04 CHB 1946402?1698858779 第 1 次 获取到号码【1946402】GSD
2023-11-02 01:13:04 未获取到号码【1946402】GSD，可能号码格式错误
2023-11-02 01:13:04 获取到号码【1946402】的GSD为【-】
2023-11-02 01:13:06 GSD insert 第 1 次 等待 3 秒
2023-11-02 01:13:09 {"status":"bad","gid":"616117","msg":"添加失败！号码【1946402(-|-)】已存在！"}
2023-11-02 01:13:09 随机等待 233 秒，约 3 分钟
2023-11-02 01:13:09 下次操作: 2023-11-02 01:17:02

2023-11-02 01:17:02 开始第 6504 次操作

2023-11-02 01:17:02 开始操作号码 【1946403】
2023-11-02 01:17:05 GSD getOne 第 1 次 等待 3 秒
2023-11-02 01:17:08 查询号码 【1946403】，返回信息 {"status":"ok","msg":"-","gid":"616113","time_insert":"2023-03-26 15:34"}
2023-11-02 01:17:08 查询号码 【1946403】，GSD为【"-"】
2023-11-02 01:17:08 ok && -
2023-11-02 01:17:10 CHB 1946403?1698859028 第 1 次 等待 3 秒
2023-11-02 01:17:13 CHB 1946403?1698859028 第 1 次 获取到号码【1946403】GSD
2023-11-02 01:17:13 未获取到号码【1946403】GSD，可能号码格式错误
2023-11-02 01:17:13 获取到号码【1946403】的GSD为【-】
2023-11-02 01:17:16 GSD insert 第 1 次 等待 3 秒
2023-11-02 01:17:19 {"status":"bad","gid":"616113","msg":"添加失败！号码【1946403(-|-)】已存在！"}

