2024-04-13 00:10:06 开始第 3477 次操作

2024-04-13 00:10:06 开始操作号码 【1623377】
2024-04-13 00:10:12 GSD getOne 第 1 次 等待 3 秒
2024-04-13 00:10:15 查询号码 【1623377】，返回信息 {"status":"ok","msg":"黑龙江-双鸭山","gid":"130710","time_insert":"2021-06-26 06:47"}
2024-04-13 00:10:15 查询号码 【1623377】，GSD为【"黑龙江-双鸭山"】

2024-04-13 00:10:16 开始第 3478 次操作

2024-04-13 00:10:16 开始操作号码 【1623378】
2024-04-13 00:10:21 GSD getOne 第 1 次 等待 3 秒
2024-04-13 00:10:24 查询号码 【1623378】，返回信息 {"status":"ok","msg":"黑龙江-双鸭山","gid":"130750","time_insert":"2021-06-26 06:53"}
2024-04-13 00:10:25 查询号码 【1623378】，GSD为【"黑龙江-双鸭山"】

2024-04-13 00:10:26 开始第 3479 次操作

2024-04-13 00:10:26 开始操作号码 【1623379】
2024-04-13 00:10:31 GSD getOne 第 1 次 等待 3 秒
2024-04-13 00:10:34 查询号码 【1623379】，返回信息 {"status":"ok","msg":"黑龙江-双鸭山","gid":"130784","time_insert":"2021-06-26 06:57"}
2024-04-13 00:10:34 查询号码 【1623379】，GSD为【"黑龙江-双鸭山"】

2024-04-13 00:10:35 开始第 3480 次操作

2024-04-13 00:10:35 开始操作号码 【1623380】
2024-04-13 00:10:40 GSD getOne 第 1 次 等待 3 秒
2024-04-13 00:10:43 查询号码 【1623380】，返回信息 {"status":"ok","msg":"黑龙江-双鸭山","gid":"130808","time_insert":"2021-06-26 07:01"}
2024-04-13 00:10:43 查询号码 【1623380】，GSD为【"黑龙江-双鸭山"】

2024-04-13 00:33:54 开始第 3481 次操作

2024-04-13 00:33:54 开始操作号码 【1623381】
2024-04-13 00:34:01 GSD getOne 第 1 次 等待 3 秒
2024-04-13 00:34:04 查询号码 【1623381】，返回信息 {"status":"ok","msg":"黑龙江-双鸭山","gid":"130822","time_insert":"2021-06-26 07:05"}
2024-04-13 00:34:04 查询号码 【1623381】，GSD为【"黑龙江-双鸭山"】

2024-04-13 00:34:05 开始第 3482 次操作

2024-04-13 00:34:05 开始操作号码 【1623382】
2024-04-13 00:34:13 GSD getOne 第 1 次 等待 3 秒
2024-04-13 00:34:16 查询号码 【1623382】，返回信息 {"status":"ok","msg":"黑龙江-双鸭山","gid":"130832","time_insert":"2021-06-26 07:09"}
2024-04-13 00:34:16 查询号码 【1623382】，GSD为【"黑龙江-双鸭山"】

2024-04-13 00:34:17 开始第 3483 次操作

2024-04-13 00:34:17 开始操作号码 【1623383】
2024-04-13 00:34:22 GSD getOne 第 1 次 等待 3 秒
2024-04-13 00:34:25 查询号码 【1623383】，返回信息 {"status":"ok","msg":"黑龙江-双鸭山","gid":"130840","time_insert":"2021-06-26 07:15"}
2024-04-13 00:34:25 查询号码 【1623383】，GSD为【"黑龙江-双鸭山"】

2024-04-13 00:34:26 开始第 3484 次操作

2024-04-13 00:34:26 开始操作号码 【1623384】
2024-04-13 00:34:30 GSD getOne 第 1 次 等待 3 秒
2024-04-13 00:34:33 查询号码 【1623384】，返回信息 {"status":"ok","msg":"黑龙江-双鸭山","gid":"130847","time_insert":"2021-06-26 07:20"}
2024-04-13 00:34:34 查询号码 【1623384】，GSD为【"黑龙江-双鸭山"】

