2024-04-16 00:10:24 开始第 3873 次操作

2024-04-16 00:10:24 开始操作号码 【1623773】
2024-04-16 00:10:32 GSD getOne 第 1 次 等待 3 秒
2024-04-16 00:10:35 查询号码 【1623773】，返回信息 {"status":"ok","msg":"河南-南阳","gid":"139674","time_insert":"2021-06-27 14:26"}
2024-04-16 00:10:35 查询号码 【1623773】，GSD为【"河南-南阳"】

2024-04-16 00:10:36 开始第 3874 次操作

2024-04-16 00:10:36 开始操作号码 【1623774】
2024-04-16 00:10:41 GSD getOne 第 1 次 等待 3 秒
2024-04-16 00:10:44 查询号码 【1623774】，返回信息 {"status":"ok","msg":"河南-南阳","gid":"139679","time_insert":"2021-06-27 14:31"}
2024-04-16 00:10:45 查询号码 【1623774】，GSD为【"河南-南阳"】

2024-04-16 00:10:46 开始第 3875 次操作

2024-04-16 00:10:46 开始操作号码 【1623775】
2024-04-16 00:10:51 GSD getOne 第 1 次 等待 3 秒
2024-04-16 00:10:54 查询号码 【1623775】，返回信息 {"status":"ok","msg":"河南-南阳","gid":"139688","time_insert":"2021-06-27 14:35"}
2024-04-16 00:10:54 查询号码 【1623775】，GSD为【"河南-南阳"】

2024-04-16 00:10:55 开始第 3876 次操作

2024-04-16 00:10:55 开始操作号码 【1623776】
2024-04-16 00:11:02 GSD getOne 第 1 次 等待 3 秒
2024-04-16 00:11:05 查询号码 【1623776】，返回信息 {"status":"ok","msg":"河南-南阳","gid":"139700","time_insert":"2021-06-27 14:40"}
2024-04-16 00:11:05 查询号码 【1623776】，GSD为【"河南-南阳"】

2024-04-16 00:33:05 开始第 3877 次操作

2024-04-16 00:33:05 开始操作号码 【1623777】
2024-04-16 00:33:12 GSD getOne 第 1 次 等待 3 秒
2024-04-16 00:33:15 查询号码 【1623777】，返回信息 {"status":"ok","msg":"-","gid":"139707","time_insert":"2021-06-27 14:45"}
2024-04-16 00:33:15 查询号码 【1623777】，GSD为【"-"】
2024-04-16 00:33:15 ok && -
2024-04-16 00:33:19 CHB 1623777?1713198795 第 1 次 等待 3 秒
2024-04-16 00:33:22 CHB 1623777?1713198795 第 1 次 获取到号码【1623777】GSD
2024-04-16 00:33:22 未获取到号码【1623777】GSD，可能号码格式错误
2024-04-16 00:33:22 获取到号码【1623777】的GSD为【-】
2024-04-16 00:33:27 GSD insert 第 1 次 等待 3 秒
2024-04-16 00:33:30 {"status":"bad","gid":"139707","msg":"添加失败！号码【1623777(-|-)】已存在！"}
2024-04-16 00:33:30 随机等待 134 秒，约 2 分钟
2024-04-16 00:33:30 下次操作: 2024-04-16 00:35:44

2024-04-16 00:35:44 开始第 3878 次操作

2024-04-16 00:35:44 开始操作号码 【1623778】
2024-04-16 00:35:51 GSD getOne 第 1 次 等待 3 秒
2024-04-16 00:35:54 查询号码 【1623778】，返回信息 {"status":"ok","msg":"河南-南阳","gid":"139709","time_insert":"2021-06-27 14:50"}
2024-04-16 00:35:54 查询号码 【1623778】，GSD为【"河南-南阳"】

2024-04-16 00:35:55 开始第 3879 次操作

2024-04-16 00:35:55 开始操作号码 【1623779】
2024-04-16 00:36:01 GSD getOne 第 1 次 等待 3 秒
2024-04-16 00:36:04 查询号码 【1623779】，返回信息 {"status":"ok","msg":"河南-南阳","gid":"139719","time_insert":"2021-06-27 14:55"}
2024-04-16 00:36:04 查询号码 【1623779】，GSD为【"河南-南阳"】

2024-04-16 00:36:05 开始第 3880 次操作

2024-04-16 00:36:05 开始操作号码 【1623780】
2024-04-16 00:36:11 GSD getOne 第 1 次 等待 3 秒
2024-04-16 00:36:14 查询号码 【1623780】，返回信息 {"status":"ok","msg":"河南-郑州","gid":"139754","time_insert":"2021-06-27 15:00"}
2024-04-16 00:36:14 查询号码 【1623780】，GSD为【"河南-郑州"】

2024-04-16 01:08:12 开始第 3881 次操作

2024-04-16 01:08:12 开始操作号码 【1623781】
2024-04-16 01:08:17 GSD getOne 第 1 次 等待 3 秒
2024-04-16 01:08:20 查询号码 【1623781】，返回信息 {"status":"ok","msg":"河南-郑州","gid":"139813","time_insert":"2021-06-27 15:05"}
2024-04-16 01:08:20 查询号码 【1623781】，GSD为【"河南-郑州"】

2024-04-16 01:08:21 开始第 3882 次操作

2024-04-16 01:08:21 开始操作号码 【1623782】
2024-04-16 01:08:32 GSD getOne 第 1 次 等待 3 秒
2024-04-16 01:08:35 查询号码 【1623782】，返回信息 {"status":"ok","msg":"河南-郑州","gid":"139872","time_insert":"2021-06-27 15:10"}
2024-04-16 01:08:35 查询号码 【1623782】，GSD为【"河南-郑州"】

2024-04-16 01:08:36 开始第 3883 次操作

2024-04-16 01:08:36 开始操作号码 【1623783】
2024-04-16 01:08:42 GSD getOne 第 1 次 等待 3 秒
2024-04-16 01:08:45 查询号码 【1623783】，返回信息 {"status":"ok","msg":"河南-郑州","gid":"139929","time_insert":"2021-06-27 15:15"}
2024-04-16 01:08:45 查询号码 【1623783】，GSD为【"河南-郑州"】

2024-04-16 01:08:46 开始第 3884 次操作

2024-04-16 01:08:46 开始操作号码 【1623784】
2024-04-16 01:08:53 GSD getOne 第 1 次 等待 3 秒
2024-04-16 01:08:56 查询号码 【1623784】，返回信息 {"status":"ok","msg":"河南-郑州","gid":"139975","time_insert":"2021-06-27 15:20"}
2024-04-16 01:08:56 查询号码 【1623784】，GSD为【"河南-郑州"】

2024-04-16 01:33:27 开始第 3885 次操作

2024-04-16 01:33:27 开始操作号码 【1623785】
2024-04-16 01:33:32 GSD getOne 第 1 次 等待 3 秒
2024-04-16 01:33:35 查询号码 【1623785】，返回信息 {"status":"ok","msg":"河南-郑州","gid":"140001","time_insert":"2021-06-27 15:24"}
2024-04-16 01:33:35 查询号码 【1623785】，GSD为【"河南-郑州"】

2024-04-16 01:33:36 开始第 3886 次操作

2024-04-16 01:33:36 开始操作号码 【1623786】
2024-04-16 01:33:40 GSD getOne 第 1 次 等待 3 秒
2024-04-16 01:33:43 查询号码 【1623786】，返回信息 {"status":"ok","msg":"河南-郑州","gid":"140011","time_insert":"2021-06-27 15:30"}
2024-04-16 01:33:44 查询号码 【1623786】，GSD为【"河南-郑州"】

2024-04-16 01:33:45 开始第 3887 次操作

2024-04-16 01:33:45 开始操作号码 【1623787】
2024-04-16 01:33:49 GSD getOne 第 1 次 等待 3 秒
2024-04-16 01:33:52 查询号码 【1623787】，返回信息 {"status":"ok","msg":"河南-郑州","gid":"140035","time_insert":"2021-06-27 15:36"}
2024-04-16 01:33:52 查询号码 【1623787】，GSD为【"河南-郑州"】

2024-04-16 01:33:53 开始第 3888 次操作

2024-04-16 01:33:53 开始操作号码 【1623788】
2024-04-16 01:33:58 GSD getOne 第 1 次 等待 3 秒
2024-04-16 01:34:01 查询号码 【1623788】，返回信息 {"status":"ok","msg":"河南-郑州","gid":"140088","time_insert":"2021-06-27 15:40"}
2024-04-16 01:34:01 查询号码 【1623788】，GSD为【"河南-郑州"】

2024-04-16 02:11:08 开始第 3889 次操作

2024-04-16 02:11:08 开始操作号码 【1623789】
2024-04-16 02:11:12 GSD getOne 第 1 次 等待 3 秒
2024-04-16 02:11:15 查询号码 【1623789】，返回信息 {"status":"ok","msg":"河南-郑州","gid":"140148","time_insert":"2021-06-27 15:44","time_update":"2023-05-16 10:49"}
2024-04-16 02:11:16 查询号码 【1623789】，GSD为【"河南-郑州"】

2024-04-16 02:11:17 开始第 3890 次操作

2024-04-16 02:11:17 开始操作号码 【1623790】
2024-04-16 02:11:21 GSD getOne 第 1 次 等待 3 秒
2024-04-16 02:11:24 查询号码 【1623790】，返回信息 {"status":"ok","msg":"河南-洛阳","gid":"140194","time_insert":"2021-06-27 15:49","time_update":"2021-09-04 11:38"}
2024-04-16 02:11:24 查询号码 【1623790】，GSD为【"河南-洛阳"】

2024-04-16 02:11:25 开始第 3891 次操作

2024-04-16 02:11:25 开始操作号码 【1623791】
2024-04-16 02:11:30 GSD getOne 第 1 次 等待 3 秒
2024-04-16 02:11:33 查询号码 【1623791】，返回信息 {"status":"ok","msg":"河南-洛阳","gid":"140249","time_insert":"2021-06-27 15:55","time_update":"2023-05-16 10:49"}
2024-04-16 02:11:33 查询号码 【1623791】，GSD为【"河南-洛阳"】

2024-04-16 02:11:34 开始第 3892 次操作

2024-04-16 02:11:34 开始操作号码 【1623792】
2024-04-16 02:11:40 GSD getOne 第 1 次 等待 3 秒
2024-04-16 02:11:43 查询号码 【1623792】，返回信息 {"status":"ok","msg":"河南-洛阳","gid":"140286","time_insert":"2021-06-27 16:01","time_update":"2021-09-04 12:14"}
2024-04-16 02:11:43 查询号码 【1623792】，GSD为【"河南-洛阳"】

2024-04-16 02:34:37 开始第 3893 次操作

2024-04-16 02:34:37 开始操作号码 【1623793】
2024-04-16 02:34:43 GSD getOne 第 1 次 等待 3 秒
2024-04-16 02:34:46 查询号码 【1623793】，返回信息 {"status":"ok","msg":"河南-洛阳","gid":"140302","time_insert":"2021-06-27 16:06","time_update":"2021-09-04 12:33"}
2024-04-16 02:34:46 查询号码 【1623793】，GSD为【"河南-洛阳"】

2024-04-16 02:34:47 开始第 3894 次操作

2024-04-16 02:34:47 开始操作号码 【1623794】
2024-04-16 02:34:52 GSD getOne 第 1 次 等待 3 秒
2024-04-16 02:34:55 查询号码 【1623794】，返回信息 {"status":"ok","msg":"河南-洛阳","gid":"140308","time_insert":"2021-06-27 16:11","time_update":"2021-09-04 12:50"}
2024-04-16 02:34:55 查询号码 【1623794】，GSD为【"河南-洛阳"】

2024-04-16 02:34:56 开始第 3895 次操作

2024-04-16 02:34:56 开始操作号码 【1623795】
2024-04-16 02:35:02 GSD getOne 第 1 次 等待 3 秒
2024-04-16 02:35:05 查询号码 【1623795】，返回信息 {"status":"ok","msg":"河南-洛阳","gid":"140314","time_insert":"2021-06-27 16:16","time_update":"2021-09-04 13:08"}
2024-04-16 02:35:05 查询号码 【1623795】，GSD为【"河南-洛阳"】

2024-04-16 02:35:06 开始第 3896 次操作

2024-04-16 02:35:06 开始操作号码 【1623796】
2024-04-16 02:35:12 GSD getOne 第 1 次 等待 3 秒
2024-04-16 02:35:15 查询号码 【1623796】，返回信息 {"status":"ok","msg":"河南-郑州","gid":"140323","time_insert":"2021-06-27 16:20","time_update":"2021-09-04 13:24"}
2024-04-16 02:35:15 查询号码 【1623796】，GSD为【"河南-郑州"】

2024-04-16 03:07:58 开始第 3897 次操作

2024-04-16 03:07:58 开始操作号码 【1623797】
2024-04-16 03:08:02 GSD getOne 第 1 次 等待 3 秒
2024-04-16 03:08:05 查询号码 【1623797】，返回信息 {"status":"ok","msg":"河南-郑州","gid":"140330","time_insert":"2021-06-27 16:26","time_update":"2021-09-04 13:44"}
2024-04-16 03:08:05 查询号码 【1623797】，GSD为【"河南-郑州"】

2024-04-16 03:08:07 开始第 3898 次操作

2024-04-16 03:08:07 开始操作号码 【1623798】
2024-04-16 03:08:11 GSD getOne 第 1 次 等待 3 秒
2024-04-16 03:08:14 查询号码 【1623798】，返回信息 {"status":"ok","msg":"河南-郑州","gid":"140337","time_insert":"2021-06-27 16:32","time_update":"2021-09-04 14:02"}
2024-04-16 03:08:14 查询号码 【1623798】，GSD为【"河南-郑州"】

2024-04-16 03:08:15 开始第 3899 次操作

2024-04-16 03:08:15 开始操作号码 【1623799】
2024-04-16 03:08:20 GSD getOne 第 1 次 等待 3 秒
2024-04-16 03:08:23 查询号码 【1623799】，返回信息 {"status":"ok","msg":"河南-郑州","gid":"140342","time_insert":"2021-06-27 16:36","time_update":"2021-09-04 14:21"}
2024-04-16 03:08:23 查询号码 【1623799】，GSD为【"河南-郑州"】

2024-04-16 03:08:24 开始第 3900 次操作

2024-04-16 03:08:24 开始操作号码 【1623800】
2024-04-16 03:08:29 GSD getOne 第 1 次 等待 3 秒
2024-04-16 03:08:32 查询号码 【1623800】，返回信息 {"status":"ok","msg":"河南-商丘","gid":"140354","time_insert":"2021-06-27 16:41","time_update":"2021-09-04 14:42"}
2024-04-16 03:08:32 查询号码 【1623800】，GSD为【"河南-商丘"】

2024-04-16 03:33:18 开始第 3901 次操作

2024-04-16 03:33:18 开始操作号码 【1623801】
2024-04-16 03:33:23 GSD getOne 第 1 次 等待 3 秒
2024-04-16 03:33:26 查询号码 【1623801】，返回信息 {"status":"ok","msg":"河南-商丘","gid":"140379","time_insert":"2021-06-27 16:45","time_update":"2021-09-04 15:02"}
2024-04-16 03:33:26 查询号码 【1623801】，GSD为【"河南-商丘"】

2024-04-16 03:33:27 开始第 3902 次操作

2024-04-16 03:33:27 开始操作号码 【1623802】
2024-04-16 03:33:32 GSD getOne 第 1 次 等待 3 秒
2024-04-16 03:33:35 查询号码 【1623802】，返回信息 {"status":"ok","msg":"河南-商丘","gid":"140431","time_insert":"2021-06-27 16:50","time_update":"2021-09-04 15:18"}
2024-04-16 03:33:35 查询号码 【1623802】，GSD为【"河南-商丘"】

2024-04-16 03:33:36 开始第 3903 次操作

2024-04-16 03:33:36 开始操作号码 【1623803】
2024-04-16 03:33:40 GSD getOne 第 1 次 等待 3 秒
2024-04-16 03:33:43 查询号码 【1623803】，返回信息 {"status":"ok","msg":"河南-商丘","gid":"140495","time_insert":"2021-06-27 16:55","time_update":"2021-09-04 15:34"}
2024-04-16 03:33:43 查询号码 【1623803】，GSD为【"河南-商丘"】

2024-04-16 03:33:44 开始第 3904 次操作

2024-04-16 03:33:44 开始操作号码 【1623804】
2024-04-16 03:33:49 GSD getOne 第 1 次 等待 3 秒
2024-04-16 03:33:52 查询号码 【1623804】，返回信息 {"status":"ok","msg":"河南-商丘","gid":"140559","time_insert":"2021-06-27 17:00","time_update":"2021-09-04 15:50"}
2024-04-16 03:33:52 查询号码 【1623804】，GSD为【"河南-商丘"】

2024-04-16 04:08:57 开始第 3905 次操作

2024-04-16 04:08:57 开始操作号码 【1623805】
2024-04-16 04:09:01 GSD getOne 第 1 次 等待 3 秒
2024-04-16 04:09:04 查询号码 【1623805】，返回信息 {"status":"ok","msg":"河南-商丘","gid":"140609","time_insert":"2021-06-27 17:05","time_update":"2021-09-04 16:06"}
2024-04-16 04:09:05 查询号码 【1623805】，GSD为【"河南-商丘"】

2024-04-16 04:09:06 开始第 3906 次操作

2024-04-16 04:09:06 开始操作号码 【1623806】
2024-04-16 04:09:12 GSD getOne 第 1 次 等待 3 秒
2024-04-16 04:09:15 查询号码 【1623806】，返回信息 {"status":"ok","msg":"河南-商丘","gid":"140629","time_insert":"2021-06-27 17:09","time_update":"2021-09-04 16:23"}
2024-04-16 04:09:15 查询号码 【1623806】，GSD为【"河南-商丘"】

2024-04-16 04:09:16 开始第 3907 次操作

2024-04-16 04:09:16 开始操作号码 【1623807】
2024-04-16 04:09:21 GSD getOne 第 1 次 等待 3 秒
2024-04-16 04:09:24 查询号码 【1623807】，返回信息 {"status":"ok","msg":"河南-商丘","gid":"140641","time_insert":"2021-06-27 17:15","time_update":"2021-09-04 16:39"}
2024-04-16 04:09:25 查询号码 【1623807】，GSD为【"河南-商丘"】

2024-04-16 04:09:26 开始第 3908 次操作

2024-04-16 04:09:26 开始操作号码 【1623808】
2024-04-16 04:09:31 GSD getOne 第 1 次 等待 3 秒
2024-04-16 04:09:34 查询号码 【1623808】，返回信息 {"status":"ok","msg":"河南-商丘","gid":"140647","time_insert":"2021-06-27 17:20","time_update":"2021-09-04 16:57"}
2024-04-16 04:09:34 查询号码 【1623808】，GSD为【"河南-商丘"】

2024-04-16 04:32:53 开始第 3909 次操作

2024-04-16 04:32:53 开始操作号码 【1623809】
2024-04-16 04:32:59 GSD getOne 第 1 次 等待 3 秒
2024-04-16 04:33:02 查询号码 【1623809】，返回信息 {"status":"ok","msg":"河南-商丘","gid":"140653","time_insert":"2021-06-27 17:25","time_update":"2021-09-04 17:14"}
2024-04-16 04:33:02 查询号码 【1623809】，GSD为【"河南-商丘"】

2024-04-16 04:33:03 开始第 3910 次操作

2024-04-16 04:33:03 开始操作号码 【1623810】
2024-04-16 04:33:08 GSD getOne 第 1 次 等待 3 秒
2024-04-16 04:33:11 查询号码 【1623810】，返回信息 {"status":"ok","msg":"河南-郑州","gid":"140663","time_insert":"2021-06-27 17:29","time_update":"2021-09-04 17:32"}
2024-04-16 04:33:11 查询号码 【1623810】，GSD为【"河南-郑州"】

2024-04-16 04:33:12 开始第 3911 次操作

2024-04-16 04:33:12 开始操作号码 【1623811】
2024-04-16 04:33:16 GSD getOne 第 1 次 等待 3 秒
2024-04-16 04:33:19 查询号码 【1623811】，返回信息 {"status":"ok","msg":"河南-郑州","gid":"140668","time_insert":"2021-06-27 17:34","time_update":"2021-09-04 17:49"}
2024-04-16 04:33:19 查询号码 【1623811】，GSD为【"河南-郑州"】

2024-04-16 04:33:20 开始第 3912 次操作

2024-04-16 04:33:20 开始操作号码 【1623812】
2024-04-16 04:33:25 GSD getOne 第 1 次 等待 3 秒
2024-04-16 04:33:28 查询号码 【1623812】，返回信息 {"status":"ok","msg":"河南-郑州","gid":"140677","time_insert":"2021-06-27 17:41","time_update":"2021-09-04 18:05"}
2024-04-16 04:33:28 查询号码 【1623812】，GSD为【"河南-郑州"】

2024-04-16 05:10:03 开始第 3913 次操作

2024-04-16 05:10:03 开始操作号码 【1623813】
2024-04-16 05:10:08 GSD getOne 第 1 次 等待 3 秒
2024-04-16 05:10:11 查询号码 【1623813】，返回信息 {"status":"ok","msg":"河南-郑州","gid":"140682","time_insert":"2021-06-27 17:46","time_update":"2021-09-04 18:22"}
2024-04-16 05:10:11 查询号码 【1623813】，GSD为【"河南-郑州"】

2024-04-16 05:10:12 开始第 3914 次操作

2024-04-16 05:10:12 开始操作号码 【1623814】
2024-04-16 05:10:17 GSD getOne 第 1 次 等待 3 秒
2024-04-16 05:10:20 查询号码 【1623814】，返回信息 {"status":"ok","msg":"河南-郑州","gid":"140739","time_insert":"2021-06-27 17:51","time_update":"2021-09-04 18:39"}
2024-04-16 05:10:20 查询号码 【1623814】，GSD为【"河南-郑州"】

2024-04-16 05:10:21 开始第 3915 次操作

2024-04-16 05:10:21 开始操作号码 【1623815】
2024-04-16 05:10:25 GSD getOne 第 1 次 等待 3 秒
2024-04-16 05:10:28 查询号码 【1623815】，返回信息 {"status":"ok","msg":"河南-郑州","gid":"140802","time_insert":"2021-06-27 17:56","time_update":"2021-09-04 18:57"}
2024-04-16 05:10:28 查询号码 【1623815】，GSD为【"河南-郑州"】

2024-04-16 05:10:29 开始第 3916 次操作

2024-04-16 05:10:29 开始操作号码 【1623816】
2024-04-16 05:10:34 GSD getOne 第 1 次 等待 3 秒
2024-04-16 05:10:37 查询号码 【1623816】，返回信息 {"status":"ok","msg":"河南-郑州","gid":"140875","time_insert":"2021-06-27 18:02","time_update":"2021-09-04 19:13"}
2024-04-16 05:10:37 查询号码 【1623816】，GSD为【"河南-郑州"】

2024-04-16 05:35:02 开始第 3917 次操作

2024-04-16 05:35:02 开始操作号码 【1623817】
2024-04-16 05:35:07 GSD getOne 第 1 次 等待 3 秒
2024-04-16 05:35:10 查询号码 【1623817】，返回信息 {"status":"ok","msg":"河南-郑州","gid":"140938","time_insert":"2021-06-27 18:07","time_update":"2021-09-04 19:33"}
2024-04-16 05:35:10 查询号码 【1623817】，GSD为【"河南-郑州"】

2024-04-16 05:35:11 开始第 3918 次操作

2024-04-16 05:35:11 开始操作号码 【1623818】
2024-04-16 05:35:15 GSD getOne 第 1 次 等待 3 秒
2024-04-16 05:35:18 查询号码 【1623818】，返回信息 {"status":"ok","msg":"河南-郑州","gid":"140959","time_insert":"2021-06-27 18:11","time_update":"2021-09-04 19:49"}
2024-04-16 05:35:18 查询号码 【1623818】，GSD为【"河南-郑州"】

2024-04-16 05:35:20 开始第 3919 次操作

2024-04-16 05:35:20 开始操作号码 【1623819】
2024-04-16 05:35:24 GSD getOne 第 1 次 等待 3 秒
2024-04-16 05:35:27 查询号码 【1623819】，返回信息 {"status":"ok","msg":"河南-郑州","gid":"140963","time_insert":"2021-06-27 18:15","time_update":"2021-09-04 20:09"}
2024-04-16 05:35:27 查询号码 【1623819】，GSD为【"河南-郑州"】

2024-04-16 05:35:28 开始第 3920 次操作

2024-04-16 05:35:28 开始操作号码 【1623820】
2024-04-16 05:35:32 GSD getOne 第 1 次 等待 3 秒
2024-04-16 05:35:36 查询号码 【1623820】，返回信息 {"status":"ok","msg":"河南-驻马店","gid":"140970","time_insert":"2021-06-27 18:19","time_update":"2021-09-04 20:29"}
2024-04-16 05:35:36 查询号码 【1623820】，GSD为【"河南-驻马店"】

2024-04-16 06:07:49 开始第 3921 次操作

2024-04-16 06:07:49 开始操作号码 【1623821】
2024-04-16 06:07:54 GSD getOne 第 1 次 等待 3 秒
2024-04-16 06:07:57 查询号码 【1623821】，返回信息 {"status":"ok","msg":"河南-驻马店","gid":"140977","time_insert":"2021-06-27 18:25","time_update":"2021-09-04 20:45"}
2024-04-16 06:07:58 查询号码 【1623821】，GSD为【"河南-驻马店"】

2024-04-16 06:07:59 开始第 3922 次操作

2024-04-16 06:07:59 开始操作号码 【1623822】
2024-04-16 06:08:03 GSD getOne 第 1 次 等待 3 秒
2024-04-16 06:08:06 查询号码 【1623822】，返回信息 {"status":"ok","msg":"河南-驻马店","gid":"140983","time_insert":"2021-06-27 18:29","time_update":"2021-09-04 21:01"}
2024-04-16 06:08:06 查询号码 【1623822】，GSD为【"河南-驻马店"】

2024-04-16 06:08:07 开始第 3923 次操作

2024-04-16 06:08:07 开始操作号码 【1623823】
2024-04-16 06:08:12 GSD getOne 第 1 次 等待 3 秒
2024-04-16 06:08:15 查询号码 【1623823】，返回信息 {"status":"ok","msg":"河南-驻马店","gid":"140993","time_insert":"2021-06-27 18:35","time_update":"2021-09-04 21:18"}
2024-04-16 06:08:15 查询号码 【1623823】，GSD为【"河南-驻马店"】

2024-04-16 06:08:16 开始第 3924 次操作

2024-04-16 06:08:16 开始操作号码 【1623824】
2024-04-16 06:08:25 GSD getOne 第 1 次 等待 3 秒
2024-04-16 06:08:28 查询号码 【1623824】，返回信息 {"status":"ok","msg":"河南-驻马店","gid":"140998","time_insert":"2021-06-27 18:40"}
2024-04-16 06:08:28 查询号码 【1623824】，GSD为【"河南-驻马店"】

