2024-01-19 00:11:02 开始第 9757 次操作

2024-01-19 00:11:02 开始操作号码 【1849656】
2024-01-19 00:11:07 GSD getOne 第 1 次 等待 3 秒
2024-01-19 00:11:10 查询号码 【1849656】，返回信息 {"status":"ok","msg":"上海-上海","gid":"403483","time_insert":"2021-07-26 16:59"}
2024-01-19 00:11:10 查询号码 【1849656】，GSD为【"上海-上海"】

2024-01-19 00:11:11 开始第 9758 次操作

2024-01-19 00:11:11 开始操作号码 【1849657】
2024-01-19 00:11:21 GSD getOne 第 1 次 等待 3 秒
2024-01-19 00:11:24 查询号码 【1849657】，返回信息 {"status":"ok","msg":"上海-上海","gid":"403465","time_insert":"2021-07-26 16:58"}
2024-01-19 00:11:24 查询号码 【1849657】，GSD为【"上海-上海"】

2024-01-19 00:11:25 开始第 9759 次操作

2024-01-19 00:11:25 开始操作号码 【1849658】
2024-01-19 00:11:33 GSD getOne 第 1 次 等待 3 秒
2024-01-19 00:11:36 查询号码 【1849658】，返回信息 {"status":"ok","msg":"上海-上海","gid":"403450","time_insert":"2021-07-26 16:57"}
2024-01-19 00:11:36 查询号码 【1849658】，GSD为【"上海-上海"】

2024-01-19 00:11:37 开始第 9760 次操作

2024-01-19 00:11:37 开始操作号码 【1849659】
2024-01-19 00:11:42 GSD getOne 第 1 次 等待 3 秒
2024-01-19 00:11:45 查询号码 【1849659】，返回信息 {"status":"ok","msg":"上海-上海","gid":"403434","time_insert":"2021-07-26 16:56"}
2024-01-19 00:11:45 查询号码 【1849659】，GSD为【"上海-上海"】

