2024-10-11 00:28:05 开始第 8589 次操作

2024-10-11 00:28:05 开始操作号码 【1408586】
2024-10-11 00:28:08 GSD getOne 第 1 次 等待 3 秒
2024-10-11 00:28:11 查询号码 【1408586】，返回信息 {"status":"ok","msg":"-","gid":"697396","time_insert":"2023-05-08 15:17"}
2024-10-11 00:28:11 查询号码 【1408586】，GSD为【"-"】
2024-10-11 00:28:11 ok && -
2024-10-11 00:28:13 CHB 1408586?1728577691 第 1 次 等待 3 秒
2024-10-11 00:28:16 CHB 1408586?1728577691 第 1 次 获取到号码【1408586】GSD
2024-10-11 00:28:16 未获取到号码【1408586】GSD，可能号码格式错误
2024-10-11 00:28:16 获取到号码【1408586】的GSD为【-】
2024-10-11 00:28:18 GSD insert 第 1 次 等待 3 秒
2024-10-11 00:28:21 {"status":"bad","gid":"697396","msg":"添加失败！号码【1408586(-|-)】已存在！"}
2024-10-11 00:28:21 随机等待 103 秒，约 1 分钟
2024-10-11 00:28:21 下次操作: 2024-10-11 00:30:04

2024-10-11 00:30:04 开始第 8590 次操作

2024-10-11 00:30:04 开始操作号码 【1408587】
2024-10-11 00:30:06 GSD getOne 第 1 次 等待 3 秒
2024-10-11 00:30:09 查询号码 【1408587】，返回信息 {"status":"ok","msg":"-","gid":"697401","time_insert":"2023-05-08 15:27"}
2024-10-11 00:30:09 查询号码 【1408587】，GSD为【"-"】
2024-10-11 00:30:09 ok && -
2024-10-11 00:30:10 CHB 1408587?1728577809 第 1 次 等待 3 秒
2024-10-11 00:30:13 CHB 1408587?1728577809 第 1 次 获取到号码【1408587】GSD
2024-10-11 00:30:13 未获取到号码【1408587】GSD，可能号码格式错误
2024-10-11 00:30:13 获取到号码【1408587】的GSD为【-】
2024-10-11 00:30:15 GSD insert 第 1 次 等待 3 秒
2024-10-11 00:30:18 {"status":"bad","gid":"697401","msg":"添加失败！号码【1408587(-|-)】已存在！"}
2024-10-11 00:30:18 随机等待 161 秒，约 2 分钟
2024-10-11 00:30:18 下次操作: 2024-10-11 00:32:59

2024-10-11 00:32:59 开始第 8591 次操作

2024-10-11 00:32:59 开始操作号码 【1408588】
2024-10-11 00:33:16 GSD getOne 第 1 次 等待 3 秒
2024-10-11 00:33:19 查询号码 【1408588】，返回信息 {"status":"ok","msg":"-","gid":"697415","time_insert":"2023-05-08 15:44"}
2024-10-11 00:33:19 查询号码 【1408588】，GSD为【"-"】
2024-10-11 00:33:19 ok && -
2024-10-11 00:33:22 CHB 1408588?1728577999 第 1 次 等待 3 秒
2024-10-11 00:33:25 CHB 1408588?1728577999 第 1 次 获取到号码【1408588】GSD
2024-10-11 00:33:25 未获取到号码【1408588】GSD，可能号码格式错误
2024-10-11 00:33:25 获取到号码【1408588】的GSD为【-】
2024-10-11 00:33:27 GSD insert 第 1 次 等待 3 秒
2024-10-11 00:33:30 {"status":"bad","gid":"697415","msg":"添加失败！号码【1408588(-|-)】已存在！"}
2024-10-11 00:33:30 随机等待 124 秒，约 2 分钟
2024-10-11 00:33:30 下次操作: 2024-10-11 00:35:34

2024-10-11 00:35:34 开始第 8592 次操作

2024-10-11 00:35:34 开始操作号码 【1408589】
2024-10-11 00:35:36 GSD getOne 第 1 次 等待 3 秒
2024-10-11 00:35:39 查询号码 【1408589】，返回信息 {"status":"ok","msg":"-","gid":"697423","time_insert":"2023-05-08 15:56"}
2024-10-11 00:35:39 查询号码 【1408589】，GSD为【"-"】
2024-10-11 00:35:39 ok && -
2024-10-11 00:35:46 CHB 1408589?1728578139 第 1 次 等待 3 秒
2024-10-11 00:35:49 CHB 1408589?1728578139 第 1 次 获取到号码【1408589】GSD
2024-10-11 00:35:49 未获取到号码【1408589】GSD，可能号码格式错误
2024-10-11 00:35:49 获取到号码【1408589】的GSD为【-】
2024-10-11 00:35:51 GSD insert 第 1 次 等待 3 秒
2024-10-11 00:35:54 {"status":"bad","gid":"697423","msg":"添加失败！号码【1408589(-|-)】已存在！"}

2024-10-11 00:46:10 开始第 8593 次操作

2024-10-11 00:46:10 开始操作号码 【1408590】
2024-10-11 00:46:13 GSD getOne 第 1 次 等待 3 秒
2024-10-11 00:46:16 查询号码 【1408590】，返回信息 {"status":"ok","msg":"-","gid":"697432","time_insert":"2023-05-08 16:08"}
2024-10-11 00:46:16 查询号码 【1408590】，GSD为【"-"】
2024-10-11 00:46:16 ok && -
2024-10-11 00:46:18 CHB 1408590?1728578776 第 1 次 等待 3 秒
2024-10-11 00:46:21 CHB 1408590?1728578776 第 1 次 获取到号码【1408590】GSD
2024-10-11 00:46:21 未获取到号码【1408590】GSD，可能号码格式错误
2024-10-11 00:46:21 获取到号码【1408590】的GSD为【-】
2024-10-11 00:46:23 GSD insert 第 1 次 等待 3 秒
2024-10-11 00:46:26 {"status":"bad","gid":"697432","msg":"添加失败！号码【1408590(-|-)】已存在！"}
2024-10-11 00:46:26 随机等待 105 秒，约 1 分钟
2024-10-11 00:46:26 下次操作: 2024-10-11 00:48:11

2024-10-11 00:48:11 开始第 8594 次操作

2024-10-11 00:48:11 开始操作号码 【1408591】
2024-10-11 00:48:13 GSD getOne 第 1 次 等待 3 秒
2024-10-11 00:48:16 查询号码 【1408591】，返回信息 {"status":"ok","msg":"-","gid":"697446","time_insert":"2023-05-08 16:23"}
2024-10-11 00:48:16 查询号码 【1408591】，GSD为【"-"】
2024-10-11 00:48:16 ok && -
2024-10-11 00:48:18 CHB 1408591?1728578896 第 1 次 等待 3 秒
2024-10-11 00:48:21 CHB 1408591?1728578896 第 1 次 获取到号码【1408591】GSD
2024-10-11 00:48:21 未获取到号码【1408591】GSD，可能号码格式错误
2024-10-11 00:48:21 获取到号码【1408591】的GSD为【-】
2024-10-11 00:48:23 GSD insert 第 1 次 等待 3 秒
2024-10-11 00:48:26 {"status":"bad","gid":"697446","msg":"添加失败！号码【1408591(-|-)】已存在！"}
2024-10-11 00:48:26 随机等待 149 秒，约 2 分钟
2024-10-11 00:48:26 下次操作: 2024-10-11 00:50:55

2024-10-11 00:50:55 开始第 8595 次操作

2024-10-11 00:50:55 开始操作号码 【1408592】
2024-10-11 00:50:57 GSD getOne 第 1 次 等待 3 秒
2024-10-11 00:51:00 查询号码 【1408592】，返回信息 {"status":"ok","msg":"-","gid":"697449","time_insert":"2023-05-08 16:32"}
2024-10-11 00:51:00 查询号码 【1408592】，GSD为【"-"】
2024-10-11 00:51:00 ok && -
2024-10-11 00:51:02 CHB 1408592?1728579060 第 1 次 等待 3 秒
2024-10-11 00:51:05 CHB 1408592?1728579060 第 1 次 获取到号码【1408592】GSD
2024-10-11 00:51:05 未获取到号码【1408592】GSD，可能号码格式错误
2024-10-11 00:51:05 获取到号码【1408592】的GSD为【-】
2024-10-11 00:51:08 GSD insert 第 1 次 等待 3 秒
2024-10-11 00:51:11 {"status":"bad","gid":"697449","msg":"添加失败！号码【1408592(-|-)】已存在！"}
2024-10-11 00:51:11 随机等待 233 秒，约 3 分钟
2024-10-11 00:51:11 下次操作: 2024-10-11 00:55:04

2024-10-11 00:55:04 开始第 8596 次操作

2024-10-11 00:55:04 开始操作号码 【1408593】
2024-10-11 00:55:06 GSD getOne 第 1 次 等待 3 秒
2024-10-11 00:55:09 查询号码 【1408593】，返回信息 {"status":"ok","msg":"-","gid":"697462","time_insert":"2023-05-08 16:47"}
2024-10-11 00:55:09 查询号码 【1408593】，GSD为【"-"】
2024-10-11 00:55:09 ok && -
2024-10-11 00:55:12 CHB 1408593?1728579309 第 1 次 等待 3 秒
2024-10-11 00:55:15 CHB 1408593?1728579309 第 1 次 获取到号码【1408593】GSD
2024-10-11 00:55:15 未获取到号码【1408593】GSD，可能号码格式错误
2024-10-11 00:55:15 获取到号码【1408593】的GSD为【-】
2024-10-11 00:55:17 GSD insert 第 1 次 等待 3 秒
2024-10-11 00:55:20 {"status":"bad","gid":"697462","msg":"添加失败！号码【1408593(-|-)】已存在！"}

