2023-10-01 00:09:13 开始第 849 次操作

2023-10-01 00:09:13 开始操作号码 【1940848】
2023-10-01 00:09:43 GSD getOne 第 1 次 等待 3 秒
2023-10-01 00:09:46 查询号码 【1940848】，返回信息 {"status":"ok","msg":"-","gid":"556698","time_insert":"2023-02-26 16:30"}
2023-10-01 00:09:47 查询号码 【1940848】，GSD为【"-"】
2023-10-01 00:09:47 ok && -
2023-10-01 00:09:49 CHB 1940848?1696090187 第 1 次 等待 3 秒
2023-10-01 00:09:52 CHB 1940848?1696090187 第 1 次 获取到号码【1940848】GSD
2023-10-01 00:09:52 未获取到号码【1940848】GSD，可能号码格式错误
2023-10-01 00:09:52 获取到号码【1940848】的GSD为【-】
2023-10-01 00:09:56 GSD insert 第 1 次 等待 3 秒
2023-10-01 00:09:59 {"status":"bad","gid":"556698","msg":"添加失败！号码【1940848(-|-)】已存在！"}
2023-10-01 00:09:59 随机等待 160 秒，约 2 分钟
2023-10-01 00:09:59 下次操作: 2023-10-01 00:12:39

2023-10-01 00:12:39 开始第 850 次操作

2023-10-01 00:12:39 开始操作号码 【1940849】
2023-10-01 00:12:44 GSD getOne 第 1 次 等待 3 秒
2023-10-01 00:12:47 查询号码 【1940849】，返回信息 {"status":"ok","msg":"-","gid":"556733","time_insert":"2023-02-26 16:51"}
2023-10-01 00:12:47 查询号码 【1940849】，GSD为【"-"】
2023-10-01 00:12:47 ok && -
2023-10-01 00:12:49 CHB 1940849?1696090367 第 1 次 等待 3 秒
2023-10-01 00:12:52 CHB 1940849?1696090367 第 1 次 获取到号码【1940849】GSD
2023-10-01 00:12:52 未获取到号码【1940849】GSD，可能号码格式错误
2023-10-01 00:12:52 获取到号码【1940849】的GSD为【-】
2023-10-01 00:12:54 GSD insert 第 1 次 等待 3 秒
2023-10-01 00:12:57 {"status":"bad","gid":"556733","msg":"添加失败！号码【1940849(-|-)】已存在！"}
2023-10-01 00:12:57 随机等待 68 秒，约 1 分钟
2023-10-01 00:12:57 下次操作: 2023-10-01 00:14:05

2023-10-01 00:14:05 开始第 851 次操作

2023-10-01 00:14:05 开始操作号码 【1940850】
2023-10-01 00:14:06 GSD getOne 第 1 次 等待 3 秒
2023-10-01 00:14:09 查询号码 【1940850】，返回信息 {"status":"ok","msg":"-","gid":"556761","time_insert":"2023-02-26 17:08"}
2023-10-01 00:14:09 查询号码 【1940850】，GSD为【"-"】
2023-10-01 00:14:09 ok && -
2023-10-01 00:14:12 CHB 1940850?1696090449 第 1 次 等待 3 秒
2023-10-01 00:14:15 CHB 1940850?1696090449 第 1 次 获取到号码【1940850】GSD
2023-10-01 00:14:15 未获取到号码【1940850】GSD，可能号码格式错误
2023-10-01 00:14:15 获取到号码【1940850】的GSD为【-】
2023-10-01 00:14:17 GSD insert 第 1 次 等待 3 秒
2023-10-01 00:14:20 {"status":"bad","gid":"556761","msg":"添加失败！号码【1940850(-|-)】已存在！"}
2023-10-01 00:14:20 随机等待 135 秒，约 2 分钟
2023-10-01 00:14:20 下次操作: 2023-10-01 00:16:35

2023-10-01 00:16:35 开始第 852 次操作

2023-10-01 00:16:35 开始操作号码 【1940851】
2023-10-01 00:16:38 GSD getOne 第 1 次 等待 3 秒
2023-10-01 00:16:41 查询号码 【1940851】，返回信息 {"status":"ok","msg":"-","gid":"556792","time_insert":"2023-02-26 17:27"}
2023-10-01 00:16:41 查询号码 【1940851】，GSD为【"-"】
2023-10-01 00:16:41 ok && -
2023-10-01 00:16:44 CHB 1940851?1696090601 第 1 次 等待 3 秒
2023-10-01 00:16:47 CHB 1940851?1696090601 第 1 次 获取到号码【1940851】GSD
2023-10-01 00:16:47 未获取到号码【1940851】GSD，可能号码格式错误
2023-10-01 00:16:47 获取到号码【1940851】的GSD为【-】
2023-10-01 00:16:49 GSD insert 第 1 次 等待 3 秒
2023-10-01 00:16:52 {"status":"bad","gid":"556792","msg":"添加失败！号码【1940851(-|-)】已存在！"}

2023-10-01 00:33:47 开始第 853 次操作

2023-10-01 00:33:47 开始操作号码 【1940852】
2023-10-01 00:33:49 GSD getOne 第 1 次 等待 3 秒
2023-10-01 00:33:52 查询号码 【1940852】，返回信息 {"status":"ok","msg":"-","gid":"556831","time_insert":"2023-02-26 17:47"}
2023-10-01 00:33:52 查询号码 【1940852】，GSD为【"-"】
2023-10-01 00:33:52 ok && -
2023-10-01 00:33:55 CHB 1940852?1696091632 第 1 次 等待 3 秒
2023-10-01 00:33:58 CHB 1940852?1696091632 第 1 次 获取到号码【1940852】GSD
2023-10-01 00:33:58 未获取到号码【1940852】GSD，可能号码格式错误
2023-10-01 00:33:58 获取到号码【1940852】的GSD为【-】
2023-10-01 00:34:02 GSD insert 第 1 次 等待 3 秒
2023-10-01 00:34:05 {"status":"bad","gid":"556831","msg":"添加失败！号码【1940852(-|-)】已存在！"}
2023-10-01 00:34:05 随机等待 94 秒，约 1 分钟
2023-10-01 00:34:05 下次操作: 2023-10-01 00:35:39

2023-10-01 00:35:39 开始第 854 次操作

2023-10-01 00:35:39 开始操作号码 【1940853】
2023-10-01 00:35:41 GSD getOne 第 1 次 等待 3 秒
2023-10-01 00:35:44 查询号码 【1940853】，返回信息 {"status":"ok","msg":"-","gid":"556863","time_insert":"2023-02-26 18:04"}
2023-10-01 00:35:44 查询号码 【1940853】，GSD为【"-"】
2023-10-01 00:35:44 ok && -
2023-10-01 00:35:47 CHB 1940853?1696091744 第 1 次 等待 3 秒
2023-10-01 00:35:50 CHB 1940853?1696091744 第 1 次 获取到号码【1940853】GSD
2023-10-01 00:35:50 未获取到号码【1940853】GSD，可能号码格式错误
2023-10-01 00:35:50 获取到号码【1940853】的GSD为【-】
2023-10-01 00:35:52 GSD insert 第 1 次 等待 3 秒
2023-10-01 00:35:55 {"status":"bad","gid":"556863","msg":"添加失败！号码【1940853(-|-)】已存在！"}
2023-10-01 00:35:55 随机等待 101 秒，约 1 分钟
2023-10-01 00:35:55 下次操作: 2023-10-01 00:37:36

2023-10-01 00:37:36 开始第 855 次操作

2023-10-01 00:37:36 开始操作号码 【1940854】
2023-10-01 00:37:37 GSD getOne 第 1 次 等待 3 秒
2023-10-01 00:37:40 查询号码 【1940854】，返回信息 {"status":"ok","msg":"-","gid":"556890","time_insert":"2023-02-26 18:24"}
2023-10-01 00:37:40 查询号码 【1940854】，GSD为【"-"】
2023-10-01 00:37:40 ok && -
2023-10-01 00:37:47 CHB 1940854?1696091860 第 1 次 等待 3 秒
2023-10-01 00:37:50 CHB 1940854?1696091860 第 1 次 获取到号码【1940854】GSD
2023-10-01 00:37:50 未获取到号码【1940854】GSD，可能号码格式错误
2023-10-01 00:37:50 获取到号码【1940854】的GSD为【-】
2023-10-01 00:37:52 GSD insert 第 1 次 等待 3 秒
2023-10-01 00:37:55 {"status":"bad","gid":"556890","msg":"添加失败！号码【1940854(-|-)】已存在！"}
2023-10-01 00:37:55 随机等待 78 秒，约 1 分钟
2023-10-01 00:37:55 下次操作: 2023-10-01 00:39:13

2023-10-01 00:39:13 开始第 856 次操作

2023-10-01 00:39:13 开始操作号码 【1940855】
2023-10-01 00:39:15 GSD getOne 第 1 次 等待 3 秒
2023-10-01 00:39:18 查询号码 【1940855】，返回信息 {"status":"ok","msg":"-","gid":"556918","time_insert":"2023-02-26 18:42"}
2023-10-01 00:39:18 查询号码 【1940855】，GSD为【"-"】
2023-10-01 00:39:18 ok && -
2023-10-01 00:39:21 CHB 1940855?1696091958 第 1 次 等待 3 秒
2023-10-01 00:39:24 CHB 1940855?1696091958 第 1 次 获取到号码【1940855】GSD
2023-10-01 00:39:24 未获取到号码【1940855】GSD，可能号码格式错误
2023-10-01 00:39:24 获取到号码【1940855】的GSD为【-】
2023-10-01 00:39:30 GSD insert 第 1 次 等待 3 秒
2023-10-01 00:39:33 {"status":"bad","gid":"556918","msg":"添加失败！号码【1940855(-|-)】已存在！"}

2023-10-01 01:06:35 开始第 857 次操作

2023-10-01 01:06:35 开始操作号码 【1940856】
2023-10-01 01:06:40 GSD getOne 第 1 次 等待 3 秒
2023-10-01 01:06:43 查询号码 【1940856】，返回信息 {"status":"ok","msg":"-","gid":"556947","time_insert":"2023-02-26 18:59"}
2023-10-01 01:06:43 查询号码 【1940856】，GSD为【"-"】
2023-10-01 01:06:43 ok && -
2023-10-01 01:06:49 CHB 1940856?1696093603 第 1 次 等待 3 秒
2023-10-01 01:06:52 CHB 1940856?1696093603 第 1 次 获取到号码【1940856】GSD
2023-10-01 01:06:52 未获取到号码【1940856】GSD，可能号码格式错误
2023-10-01 01:06:52 获取到号码【1940856】的GSD为【-】
2023-10-01 01:06:55 GSD insert 第 1 次 等待 3 秒
2023-10-01 01:06:58 {"status":"bad","gid":"556947","msg":"添加失败！号码【1940856(-|-)】已存在！"}
2023-10-01 01:06:58 随机等待 98 秒，约 1 分钟
2023-10-01 01:06:58 下次操作: 2023-10-01 01:08:36

2023-10-01 01:08:36 开始第 858 次操作

2023-10-01 01:08:36 开始操作号码 【1940857】
2023-10-01 01:08:38 GSD getOne 第 1 次 等待 3 秒
2023-10-01 01:08:41 查询号码 【1940857】，返回信息 {"status":"ok","msg":"-","gid":"556975","time_insert":"2023-02-26 19:14"}
2023-10-01 01:08:41 查询号码 【1940857】，GSD为【"-"】
2023-10-01 01:08:41 ok && -
2023-10-01 01:08:44 CHB 1940857?1696093721 第 1 次 等待 3 秒
2023-10-01 01:08:47 CHB 1940857?1696093721 第 1 次 获取到号码【1940857】GSD
2023-10-01 01:08:47 未获取到号码【1940857】GSD，可能号码格式错误
2023-10-01 01:08:47 获取到号码【1940857】的GSD为【-】
2023-10-01 01:08:52 GSD insert 第 1 次 等待 3 秒
2023-10-01 01:08:55 {"status":"bad","gid":"556975","msg":"添加失败！号码【1940857(-|-)】已存在！"}
2023-10-01 01:08:55 随机等待 67 秒，约 1 分钟
2023-10-01 01:08:55 下次操作: 2023-10-01 01:10:02

2023-10-01 01:10:02 开始第 859 次操作

2023-10-01 01:10:02 开始操作号码 【1940858】
2023-10-01 01:10:03 GSD getOne 第 1 次 等待 3 秒
2023-10-01 01:10:06 查询号码 【1940858】，返回信息 {"status":"ok","msg":"-","gid":"557009","time_insert":"2023-02-26 19:34"}
2023-10-01 01:10:06 查询号码 【1940858】，GSD为【"-"】
2023-10-01 01:10:06 ok && -
2023-10-01 01:10:08 CHB 1940858?1696093806 第 1 次 等待 3 秒
2023-10-01 01:10:11 CHB 1940858?1696093806 第 1 次 获取到号码【1940858】GSD
2023-10-01 01:10:11 未获取到号码【1940858】GSD，可能号码格式错误
2023-10-01 01:10:11 获取到号码【1940858】的GSD为【-】
2023-10-01 01:10:14 GSD insert 第 1 次 等待 3 秒
2023-10-01 01:10:17 {"status":"bad","gid":"557009","msg":"添加失败！号码【1940858(-|-)】已存在！"}
2023-10-01 01:10:17 随机等待 117 秒，约 1 分钟
2023-10-01 01:10:17 下次操作: 2023-10-01 01:12:14

2023-10-01 01:12:14 开始第 860 次操作

2023-10-01 01:12:14 开始操作号码 【1940859】
2023-10-01 01:12:18 GSD getOne 第 1 次 等待 3 秒
2023-10-01 01:12:21 查询号码 【1940859】，返回信息 {"status":"ok","msg":"-","gid":"557040","time_insert":"2023-02-26 19:50"}
2023-10-01 01:12:21 查询号码 【1940859】，GSD为【"-"】
2023-10-01 01:12:21 ok && -
2023-10-01 01:12:23 CHB 1940859?1696093941 第 1 次 等待 3 秒
2023-10-01 01:12:26 CHB 1940859?1696093941 第 1 次 获取到号码【1940859】GSD
2023-10-01 01:12:26 未获取到号码【1940859】GSD，可能号码格式错误
2023-10-01 01:12:26 获取到号码【1940859】的GSD为【-】
2023-10-01 01:12:28 GSD insert 第 1 次 等待 3 秒
2023-10-01 01:12:31 {"status":"bad","gid":"557040","msg":"添加失败！号码【1940859(-|-)】已存在！"}

2023-10-01 01:32:52 开始第 861 次操作

2023-10-01 01:32:52 开始操作号码 【1940860】
2023-10-01 01:33:14 GSD getOne 第 1 次 等待 3 秒
2023-10-01 01:33:17 查询号码 【1940860】，返回信息 {"status":"ok","msg":"-","gid":"557065","time_insert":"2023-02-26 20:06"}
2023-10-01 01:33:17 查询号码 【1940860】，GSD为【"-"】
2023-10-01 01:33:17 ok && -
2023-10-01 01:33:19 CHB 1940860?1696095197 第 1 次 等待 3 秒
2023-10-01 01:33:22 CHB 1940860?1696095197 第 1 次 获取到号码【1940860】GSD
2023-10-01 01:33:22 未获取到号码【1940860】GSD，可能号码格式错误
2023-10-01 01:33:22 获取到号码【1940860】的GSD为【-】
2023-10-01 01:33:44 GSD insert 第 1 次 等待 3 秒
2023-10-01 01:33:47 {"status":"bad","gid":"557065","msg":"添加失败！号码【1940860(-|-)】已存在！"}
2023-10-01 01:33:47 随机等待 135 秒，约 2 分钟
2023-10-01 01:33:47 下次操作: 2023-10-01 01:36:02

2023-10-01 01:36:02 开始第 862 次操作

2023-10-01 01:36:02 开始操作号码 【1940861】
2023-10-01 01:36:05 GSD getOne 第 1 次 等待 3 秒
2023-10-01 01:36:08 查询号码 【1940861】，返回信息 {"status":"ok","msg":"-","gid":"557089","time_insert":"2023-02-26 20:24"}
2023-10-01 01:36:08 查询号码 【1940861】，GSD为【"-"】
2023-10-01 01:36:08 ok && -
2023-10-01 01:36:09 CHB 1940861?1696095368 第 1 次 等待 3 秒
2023-10-01 01:36:12 CHB 1940861?1696095368 第 1 次 获取到号码【1940861】GSD
2023-10-01 01:36:12 未获取到号码【1940861】GSD，可能号码格式错误
2023-10-01 01:36:12 获取到号码【1940861】的GSD为【-】
2023-10-01 01:36:17 GSD insert 第 1 次 等待 3 秒
2023-10-01 01:36:20 {"status":"bad","gid":"557089","msg":"添加失败！号码【1940861(-|-)】已存在！"}
2023-10-01 01:36:20 随机等待 172 秒，约 2 分钟
2023-10-01 01:36:20 下次操作: 2023-10-01 01:39:12

2023-10-01 01:39:12 开始第 863 次操作

2023-10-01 01:39:12 开始操作号码 【1940862】
2023-10-01 01:39:18 GSD getOne 第 1 次 等待 3 秒
2023-10-01 01:39:21 查询号码 【1940862】，返回信息 {"status":"ok","msg":"-","gid":"557111","time_insert":"2023-02-26 20:39"}
2023-10-01 01:39:21 查询号码 【1940862】，GSD为【"-"】
2023-10-01 01:39:21 ok && -
2023-10-01 01:39:23 CHB 1940862?1696095561 第 1 次 等待 3 秒
2023-10-01 01:39:26 CHB 1940862?1696095561 第 1 次 获取到号码【1940862】GSD
2023-10-01 01:39:26 未获取到号码【1940862】GSD，可能号码格式错误
2023-10-01 01:39:26 获取到号码【1940862】的GSD为【-】
2023-10-01 01:39:27 GSD insert 第 1 次 等待 3 秒
2023-10-01 01:39:30 {"status":"bad","gid":"557111","msg":"添加失败！号码【1940862(-|-)】已存在！"}
2023-10-01 01:39:30 随机等待 134 秒，约 2 分钟
2023-10-01 01:39:30 下次操作: 2023-10-01 01:41:44

2023-10-01 01:41:44 开始第 864 次操作

2023-10-01 01:41:44 开始操作号码 【1940863】
2023-10-01 01:41:46 GSD getOne 第 1 次 等待 3 秒
2023-10-01 01:41:49 查询号码 【1940863】，返回信息 {"status":"ok","msg":"-","gid":"557137","time_insert":"2023-02-26 21:00"}
2023-10-01 01:41:49 查询号码 【1940863】，GSD为【"-"】
2023-10-01 01:41:49 ok && -
2023-10-01 01:41:51 CHB 1940863?1696095709 第 1 次 等待 3 秒
2023-10-01 01:41:54 CHB 1940863?1696095709 第 1 次 获取到号码【1940863】GSD
2023-10-01 01:41:54 未获取到号码【1940863】GSD，可能号码格式错误
2023-10-01 01:41:54 获取到号码【1940863】的GSD为【-】
2023-10-01 01:41:55 GSD insert 第 1 次 等待 3 秒
2023-10-01 01:41:58 {"status":"bad","gid":"557137","msg":"添加失败！号码【1940863(-|-)】已存在！"}

2023-10-01 02:09:46 开始第 865 次操作

2023-10-01 02:09:46 开始操作号码 【1940864】
2023-10-01 02:09:50 GSD getOne 第 1 次 等待 3 秒
2023-10-01 02:09:53 查询号码 【1940864】，返回信息 {"status":"ok","msg":"-","gid":"557161","time_insert":"2023-02-26 21:19"}
2023-10-01 02:09:53 查询号码 【1940864】，GSD为【"-"】
2023-10-01 02:09:53 ok && -
2023-10-01 02:09:56 CHB 1940864?1696097393 第 1 次 等待 3 秒
2023-10-01 02:09:59 CHB 1940864?1696097393 第 1 次 获取到号码【1940864】GSD
2023-10-01 02:09:59 未获取到号码【1940864】GSD，可能号码格式错误
2023-10-01 02:09:59 获取到号码【1940864】的GSD为【-】
2023-10-01 02:10:00 GSD insert 第 1 次 等待 3 秒
2023-10-01 02:10:03 {"status":"bad","gid":"557161","msg":"添加失败！号码【1940864(-|-)】已存在！"}
2023-10-01 02:10:03 随机等待 119 秒，约 1 分钟
2023-10-01 02:10:03 下次操作: 2023-10-01 02:12:02

2023-10-01 02:12:02 开始第 866 次操作

2023-10-01 02:12:02 开始操作号码 【1940865】
2023-10-01 02:12:05 GSD getOne 第 1 次 等待 3 秒
2023-10-01 02:12:08 查询号码 【1940865】，返回信息 {"status":"ok","msg":"-","gid":"557188","time_insert":"2023-02-26 21:38"}
2023-10-01 02:12:08 查询号码 【1940865】，GSD为【"-"】
2023-10-01 02:12:08 ok && -
2023-10-01 02:12:10 CHB 1940865?1696097528 第 1 次 等待 3 秒
2023-10-01 02:12:13 CHB 1940865?1696097528 第 1 次 获取到号码【1940865】GSD
2023-10-01 02:12:13 未获取到号码【1940865】GSD，可能号码格式错误
2023-10-01 02:12:13 获取到号码【1940865】的GSD为【-】
2023-10-01 02:12:18 GSD insert 第 1 次 等待 3 秒
2023-10-01 02:12:21 {"status":"bad","gid":"557188","msg":"添加失败！号码【1940865(-|-)】已存在！"}
2023-10-01 02:12:21 随机等待 139 秒，约 2 分钟
2023-10-01 02:12:21 下次操作: 2023-10-01 02:14:40

2023-10-01 02:14:40 开始第 867 次操作

2023-10-01 02:14:40 开始操作号码 【1940866】
2023-10-01 02:14:42 GSD getOne 第 1 次 等待 3 秒
2023-10-01 02:14:45 查询号码 【1940866】，返回信息 {"status":"ok","msg":"-","gid":"557223","time_insert":"2023-02-26 21:55"}
2023-10-01 02:14:45 查询号码 【1940866】，GSD为【"-"】
2023-10-01 02:14:45 ok && -
2023-10-01 02:14:47 CHB 1940866?1696097685 第 1 次 等待 3 秒
2023-10-01 02:14:50 CHB 1940866?1696097685 第 1 次 获取到号码【1940866】GSD
2023-10-01 02:14:50 未获取到号码【1940866】GSD，可能号码格式错误
2023-10-01 02:14:50 获取到号码【1940866】的GSD为【-】
2023-10-01 02:14:52 GSD insert 第 1 次 等待 3 秒
2023-10-01 02:14:55 {"status":"bad","gid":"557223","msg":"添加失败！号码【1940866(-|-)】已存在！"}
2023-10-01 02:14:55 随机等待 234 秒，约 3 分钟
2023-10-01 02:14:55 下次操作: 2023-10-01 02:18:49

2023-10-01 02:18:49 开始第 868 次操作

2023-10-01 02:18:49 开始操作号码 【1940867】
2023-10-01 02:18:50 GSD getOne 第 1 次 等待 3 秒
2023-10-01 02:18:53 查询号码 【1940867】，返回信息 {"status":"ok","msg":"-","gid":"557247","time_insert":"2023-02-26 22:12"}
2023-10-01 02:18:54 查询号码 【1940867】，GSD为【"-"】
2023-10-01 02:18:54 ok && -
2023-10-01 02:18:56 CHB 1940867?1696097934 第 1 次 等待 3 秒
2023-10-01 02:18:59 CHB 1940867?1696097934 第 1 次 获取到号码【1940867】GSD
2023-10-01 02:18:59 未获取到号码【1940867】GSD，可能号码格式错误
2023-10-01 02:18:59 获取到号码【1940867】的GSD为【-】
2023-10-01 02:19:00 GSD insert 第 1 次 等待 3 秒
2023-10-01 02:19:03 {"status":"bad","gid":"557247","msg":"添加失败！号码【1940867(-|-)】已存在！"}

2023-10-01 02:33:02 开始第 869 次操作

2023-10-01 02:33:02 开始操作号码 【1940868】
2023-10-01 02:33:04 GSD getOne 第 1 次 等待 3 秒
2023-10-01 02:33:07 查询号码 【1940868】，返回信息 {"status":"ok","msg":"-","gid":"557276","time_insert":"2023-02-26 22:31"}
2023-10-01 02:33:07 查询号码 【1940868】，GSD为【"-"】
2023-10-01 02:33:07 ok && -
2023-10-01 02:33:08 CHB 1940868?1696098787 第 1 次 等待 3 秒
2023-10-01 02:33:11 CHB 1940868?1696098787 第 1 次 获取到号码【1940868】GSD
2023-10-01 02:33:12 未获取到号码【1940868】GSD，可能号码格式错误
2023-10-01 02:33:12 获取到号码【1940868】的GSD为【-】
2023-10-01 02:33:13 GSD insert 第 1 次 等待 3 秒
2023-10-01 02:33:16 {"status":"bad","gid":"557276","msg":"添加失败！号码【1940868(-|-)】已存在！"}
2023-10-01 02:33:16 随机等待 137 秒，约 2 分钟
2023-10-01 02:33:16 下次操作: 2023-10-01 02:35:33

2023-10-01 02:35:33 开始第 870 次操作

2023-10-01 02:35:33 开始操作号码 【1940869】
2023-10-01 02:35:35 GSD getOne 第 1 次 等待 3 秒
2023-10-01 02:35:38 查询号码 【1940869】，返回信息 {"status":"ok","msg":"-","gid":"557306","time_insert":"2023-02-26 22:48"}
2023-10-01 02:35:38 查询号码 【1940869】，GSD为【"-"】
2023-10-01 02:35:38 ok && -
2023-10-01 02:35:40 CHB 1940869?1696098938 第 1 次 等待 3 秒
2023-10-01 02:35:43 CHB 1940869?1696098938 第 1 次 获取到号码【1940869】GSD
2023-10-01 02:35:43 未获取到号码【1940869】GSD，可能号码格式错误
2023-10-01 02:35:43 获取到号码【1940869】的GSD为【-】
2023-10-01 02:35:45 GSD insert 第 1 次 等待 3 秒
2023-10-01 02:35:48 {"status":"bad","gid":"557306","msg":"添加失败！号码【1940869(-|-)】已存在！"}
2023-10-01 02:35:48 随机等待 205 秒，约 3 分钟
2023-10-01 02:35:48 下次操作: 2023-10-01 02:39:13

2023-10-01 02:39:13 开始第 871 次操作

2023-10-01 02:39:13 开始操作号码 【1940870】
2023-10-01 02:39:14 GSD getOne 第 1 次 等待 3 秒
2023-10-01 02:39:17 查询号码 【1940870】，返回信息 {"status":"ok","msg":"-","gid":"557334","time_insert":"2023-02-26 23:07"}
2023-10-01 02:39:17 查询号码 【1940870】，GSD为【"-"】
2023-10-01 02:39:17 ok && -
2023-10-01 02:39:19 CHB 1940870?1696099157 第 1 次 等待 3 秒
2023-10-01 02:39:22 CHB 1940870?1696099157 第 1 次 获取到号码【1940870】GSD
2023-10-01 02:39:22 未获取到号码【1940870】GSD，可能号码格式错误
2023-10-01 02:39:22 获取到号码【1940870】的GSD为【-】
2023-10-01 02:39:24 GSD insert 第 1 次 等待 3 秒
2023-10-01 02:39:27 {"status":"bad","gid":"557334","msg":"添加失败！号码【1940870(-|-)】已存在！"}
2023-10-01 02:39:27 随机等待 225 秒，约 3 分钟
2023-10-01 02:39:27 下次操作: 2023-10-01 02:43:12

2023-10-01 02:43:12 开始第 872 次操作

2023-10-01 02:43:12 开始操作号码 【1940871】
2023-10-01 02:43:14 GSD getOne 第 1 次 等待 3 秒
2023-10-01 02:43:17 查询号码 【1940871】，返回信息 {"status":"ok","msg":"-","gid":"557364","time_insert":"2023-02-26 23:27"}
2023-10-01 02:43:17 查询号码 【1940871】，GSD为【"-"】
2023-10-01 02:43:17 ok && -
2023-10-01 02:43:19 CHB 1940871?1696099397 第 1 次 等待 3 秒
2023-10-01 02:43:22 CHB 1940871?1696099397 第 1 次 获取到号码【1940871】GSD
2023-10-01 02:43:22 未获取到号码【1940871】GSD，可能号码格式错误
2023-10-01 02:43:22 获取到号码【1940871】的GSD为【-】
2023-10-01 02:43:24 GSD insert 第 1 次 等待 3 秒
2023-10-01 02:43:27 {"status":"bad","gid":"557364","msg":"添加失败！号码【1940871(-|-)】已存在！"}

2023-10-01 03:05:54 开始第 873 次操作

2023-10-01 03:05:54 开始操作号码 【1940872】
2023-10-01 03:05:56 GSD getOne 第 1 次 等待 3 秒
2023-10-01 03:05:59 查询号码 【1940872】，返回信息 {"status":"ok","msg":"-","gid":"557394","time_insert":"2023-02-26 23:44"}
2023-10-01 03:05:59 查询号码 【1940872】，GSD为【"-"】
2023-10-01 03:05:59 ok && -
2023-10-01 03:06:01 CHB 1940872?1696100759 第 1 次 等待 3 秒
2023-10-01 03:06:04 CHB 1940872?1696100759 第 1 次 获取到号码【1940872】GSD
2023-10-01 03:06:04 未获取到号码【1940872】GSD，可能号码格式错误
2023-10-01 03:06:04 获取到号码【1940872】的GSD为【-】
2023-10-01 03:06:06 GSD insert 第 1 次 等待 3 秒
2023-10-01 03:06:09 {"status":"bad","gid":"557394","msg":"添加失败！号码【1940872(-|-)】已存在！"}
2023-10-01 03:06:09 随机等待 215 秒，约 3 分钟
2023-10-01 03:06:09 下次操作: 2023-10-01 03:09:44

2023-10-01 03:09:44 开始第 874 次操作

2023-10-01 03:09:44 开始操作号码 【1940873】
2023-10-01 03:09:46 GSD getOne 第 1 次 等待 3 秒
2023-10-01 03:09:49 查询号码 【1940873】，返回信息 {"status":"ok","msg":"-","gid":"557431","time_insert":"2023-02-27 00:04"}
2023-10-01 03:09:49 查询号码 【1940873】，GSD为【"-"】
2023-10-01 03:09:49 ok && -
2023-10-01 03:09:51 CHB 1940873?1696100989 第 1 次 等待 3 秒
2023-10-01 03:09:54 CHB 1940873?1696100989 第 1 次 获取到号码【1940873】GSD
2023-10-01 03:09:54 未获取到号码【1940873】GSD，可能号码格式错误
2023-10-01 03:09:54 获取到号码【1940873】的GSD为【-】
2023-10-01 03:09:55 GSD insert 第 1 次 等待 3 秒
2023-10-01 03:09:58 {"status":"bad","gid":"557431","msg":"添加失败！号码【1940873(-|-)】已存在！"}
2023-10-01 03:09:58 随机等待 216 秒，约 3 分钟
2023-10-01 03:09:58 下次操作: 2023-10-01 03:13:34

2023-10-01 03:13:34 开始第 875 次操作

2023-10-01 03:13:34 开始操作号码 【1940874】
2023-10-01 03:13:36 GSD getOne 第 1 次 等待 3 秒
2023-10-01 03:13:39 查询号码 【1940874】，返回信息 {"status":"ok","msg":"-","gid":"557460","time_insert":"2023-02-27 00:24"}
2023-10-01 03:13:39 查询号码 【1940874】，GSD为【"-"】
2023-10-01 03:13:39 ok && -
2023-10-01 03:13:41 CHB 1940874?1696101219 第 1 次 等待 3 秒
2023-10-01 03:13:44 CHB 1940874?1696101219 第 1 次 获取到号码【1940874】GSD
2023-10-01 03:13:44 未获取到号码【1940874】GSD，可能号码格式错误
2023-10-01 03:13:44 获取到号码【1940874】的GSD为【-】
2023-10-01 03:13:46 GSD insert 第 1 次 等待 3 秒
2023-10-01 03:13:49 {"status":"bad","gid":"557460","msg":"添加失败！号码【1940874(-|-)】已存在！"}
2023-10-01 03:13:49 随机等待 232 秒，约 3 分钟
2023-10-01 03:13:49 下次操作: 2023-10-01 03:17:41

2023-10-01 03:17:41 开始第 876 次操作

2023-10-01 03:17:41 开始操作号码 【1940875】
2023-10-01 03:17:43 GSD getOne 第 1 次 等待 3 秒
2023-10-01 03:17:46 查询号码 【1940875】，返回信息 {"status":"ok","msg":"-","gid":"557481","time_insert":"2023-02-27 00:41"}
2023-10-01 03:17:46 查询号码 【1940875】，GSD为【"-"】
2023-10-01 03:17:46 ok && -
2023-10-01 03:17:48 CHB 1940875?1696101466 第 1 次 等待 3 秒
2023-10-01 03:17:51 CHB 1940875?1696101466 第 1 次 获取到号码【1940875】GSD
2023-10-01 03:17:51 未获取到号码【1940875】GSD，可能号码格式错误
2023-10-01 03:17:51 获取到号码【1940875】的GSD为【-】
2023-10-01 03:17:53 GSD insert 第 1 次 等待 3 秒
2023-10-01 03:17:56 {"status":"bad","gid":"557481","msg":"添加失败！号码【1940875(-|-)】已存在！"}

2023-10-01 03:32:46 开始第 877 次操作

2023-10-01 03:32:46 开始操作号码 【1940876】
2023-10-01 03:32:48 GSD getOne 第 1 次 等待 3 秒
2023-10-01 03:32:51 查询号码 【1940876】，返回信息 {"status":"ok","msg":"-","gid":"557513","time_insert":"2023-02-27 01:01"}
2023-10-01 03:32:51 查询号码 【1940876】，GSD为【"-"】
2023-10-01 03:32:51 ok && -
2023-10-01 03:32:53 CHB 1940876?1696102371 第 1 次 等待 3 秒
2023-10-01 03:32:56 CHB 1940876?1696102371 第 1 次 获取到号码【1940876】GSD
2023-10-01 03:32:56 未获取到号码【1940876】GSD，可能号码格式错误
2023-10-01 03:32:56 获取到号码【1940876】的GSD为【-】
2023-10-01 03:32:58 GSD insert 第 1 次 等待 3 秒
2023-10-01 03:33:01 {"status":"bad","gid":"557513","msg":"添加失败！号码【1940876(-|-)】已存在！"}
2023-10-01 03:33:01 随机等待 134 秒，约 2 分钟
2023-10-01 03:33:01 下次操作: 2023-10-01 03:35:15

2023-10-01 03:35:15 开始第 878 次操作

2023-10-01 03:35:15 开始操作号码 【1940877】
2023-10-01 03:35:16 GSD getOne 第 1 次 等待 3 秒
2023-10-01 03:35:19 查询号码 【1940877】，返回信息 {"status":"ok","msg":"-","gid":"557536","time_insert":"2023-02-27 01:16"}
2023-10-01 03:35:19 查询号码 【1940877】，GSD为【"-"】
2023-10-01 03:35:19 ok && -
2023-10-01 03:35:22 CHB 1940877?1696102519 第 1 次 等待 3 秒
2023-10-01 03:35:25 CHB 1940877?1696102519 第 1 次 获取到号码【1940877】GSD
2023-10-01 03:35:25 未获取到号码【1940877】GSD，可能号码格式错误
2023-10-01 03:35:25 获取到号码【1940877】的GSD为【-】
2023-10-01 03:35:26 GSD insert 第 1 次 等待 3 秒
2023-10-01 03:35:29 {"status":"bad","gid":"557536","msg":"添加失败！号码【1940877(-|-)】已存在！"}
2023-10-01 03:35:29 随机等待 209 秒，约 3 分钟
2023-10-01 03:35:29 下次操作: 2023-10-01 03:38:58

2023-10-01 03:38:58 开始第 879 次操作

2023-10-01 03:38:58 开始操作号码 【1940878】
2023-10-01 03:39:00 GSD getOne 第 1 次 等待 3 秒
2023-10-01 03:39:03 查询号码 【1940878】，返回信息 {"status":"ok","msg":"-","gid":"557566","time_insert":"2023-02-27 01:33"}
2023-10-01 03:39:03 查询号码 【1940878】，GSD为【"-"】
2023-10-01 03:39:03 ok && -
2023-10-01 03:39:05 CHB 1940878?1696102743 第 1 次 等待 3 秒
2023-10-01 03:39:08 CHB 1940878?1696102743 第 1 次 获取到号码【1940878】GSD
2023-10-01 03:39:08 未获取到号码【1940878】GSD，可能号码格式错误
2023-10-01 03:39:08 获取到号码【1940878】的GSD为【-】
2023-10-01 03:39:10 GSD insert 第 1 次 等待 3 秒
2023-10-01 03:39:13 {"status":"bad","gid":"557566","msg":"添加失败！号码【1940878(-|-)】已存在！"}
2023-10-01 03:39:13 随机等待 213 秒，约 3 分钟
2023-10-01 03:39:13 下次操作: 2023-10-01 03:42:46

2023-10-01 03:42:46 开始第 880 次操作

2023-10-01 03:42:46 开始操作号码 【1940879】
2023-10-01 03:42:48 GSD getOne 第 1 次 等待 3 秒
2023-10-01 03:42:51 查询号码 【1940879】，返回信息 {"status":"ok","msg":"-","gid":"557601","time_insert":"2023-02-27 01:52"}
2023-10-01 03:42:51 查询号码 【1940879】，GSD为【"-"】
2023-10-01 03:42:51 ok && -
2023-10-01 03:42:53 CHB 1940879?1696102971 第 1 次 等待 3 秒
2023-10-01 03:42:56 CHB 1940879?1696102971 第 1 次 获取到号码【1940879】GSD
2023-10-01 03:42:56 未获取到号码【1940879】GSD，可能号码格式错误
2023-10-01 03:42:56 获取到号码【1940879】的GSD为【-】
2023-10-01 03:42:57 GSD insert 第 1 次 等待 3 秒
2023-10-01 03:43:00 {"status":"bad","gid":"557601","msg":"添加失败！号码【1940879(-|-)】已存在！"}

2023-10-01 04:07:52 开始第 881 次操作

2023-10-01 04:07:52 开始操作号码 【1940880】
2023-10-01 04:07:54 GSD getOne 第 1 次 等待 3 秒
2023-10-01 04:07:57 查询号码 【1940880】，返回信息 {"status":"ok","msg":"-","gid":"557630","time_insert":"2023-02-27 02:10"}
2023-10-01 04:07:57 查询号码 【1940880】，GSD为【"-"】
2023-10-01 04:07:57 ok && -
2023-10-01 04:08:00 CHB 1940880?1696104477 第 1 次 等待 3 秒
2023-10-01 04:08:03 CHB 1940880?1696104477 第 1 次 获取到号码【1940880】GSD
2023-10-01 04:08:03 未获取到号码【1940880】GSD，可能号码格式错误
2023-10-01 04:08:03 获取到号码【1940880】的GSD为【-】
2023-10-01 04:08:05 GSD insert 第 1 次 等待 3 秒
2023-10-01 04:08:08 {"status":"bad","gid":"557630","msg":"添加失败！号码【1940880(-|-)】已存在！"}
2023-10-01 04:08:08 随机等待 69 秒，约 1 分钟
2023-10-01 04:08:08 下次操作: 2023-10-01 04:09:17

2023-10-01 04:09:17 开始第 882 次操作

2023-10-01 04:09:17 开始操作号码 【1940881】
2023-10-01 04:09:19 GSD getOne 第 1 次 等待 3 秒
2023-10-01 04:09:22 查询号码 【1940881】，返回信息 {"status":"ok","msg":"-","gid":"557657","time_insert":"2023-02-27 02:30"}
2023-10-01 04:09:22 查询号码 【1940881】，GSD为【"-"】
2023-10-01 04:09:22 ok && -
2023-10-01 04:09:24 CHB 1940881?1696104562 第 1 次 等待 3 秒
2023-10-01 04:09:27 CHB 1940881?1696104562 第 1 次 获取到号码【1940881】GSD
2023-10-01 04:09:27 未获取到号码【1940881】GSD，可能号码格式错误
2023-10-01 04:09:27 获取到号码【1940881】的GSD为【-】
2023-10-01 04:09:29 GSD insert 第 1 次 等待 3 秒
2023-10-01 04:09:32 {"status":"bad","gid":"557657","msg":"添加失败！号码【1940881(-|-)】已存在！"}
2023-10-01 04:09:32 随机等待 98 秒，约 1 分钟
2023-10-01 04:09:32 下次操作: 2023-10-01 04:11:10

2023-10-01 04:11:10 开始第 883 次操作

2023-10-01 04:11:10 开始操作号码 【1940882】
2023-10-01 04:11:12 GSD getOne 第 1 次 等待 3 秒
2023-10-01 04:11:15 查询号码 【1940882】，返回信息 {"status":"ok","msg":"-","gid":"557691","time_insert":"2023-02-27 02:48"}
2023-10-01 04:11:15 查询号码 【1940882】，GSD为【"-"】
2023-10-01 04:11:15 ok && -
2023-10-01 04:11:17 CHB 1940882?1696104675 第 1 次 等待 3 秒
2023-10-01 04:11:20 CHB 1940882?1696104675 第 1 次 获取到号码【1940882】GSD
2023-10-01 04:11:20 未获取到号码【1940882】GSD，可能号码格式错误
2023-10-01 04:11:20 获取到号码【1940882】的GSD为【-】
2023-10-01 04:11:22 GSD insert 第 1 次 等待 3 秒
2023-10-01 04:11:25 {"status":"bad","gid":"557691","msg":"添加失败！号码【1940882(-|-)】已存在！"}
2023-10-01 04:11:25 随机等待 204 秒，约 3 分钟
2023-10-01 04:11:25 下次操作: 2023-10-01 04:14:49

2023-10-01 04:14:49 开始第 884 次操作

2023-10-01 04:14:49 开始操作号码 【1940883】
2023-10-01 04:14:51 GSD getOne 第 1 次 等待 3 秒
2023-10-01 04:14:54 查询号码 【1940883】，返回信息 {"status":"ok","msg":"-","gid":"557723","time_insert":"2023-02-27 03:08"}
2023-10-01 04:14:54 查询号码 【1940883】，GSD为【"-"】
2023-10-01 04:14:54 ok && -
2023-10-01 04:14:56 CHB 1940883?1696104894 第 1 次 等待 3 秒
2023-10-01 04:14:59 CHB 1940883?1696104894 第 1 次 获取到号码【1940883】GSD
2023-10-01 04:14:59 未获取到号码【1940883】GSD，可能号码格式错误
2023-10-01 04:14:59 获取到号码【1940883】的GSD为【-】
2023-10-01 04:15:01 GSD insert 第 1 次 等待 3 秒
2023-10-01 04:15:04 {"status":"bad","gid":"557723","msg":"添加失败！号码【1940883(-|-)】已存在！"}

2023-10-01 04:33:05 开始第 885 次操作

2023-10-01 04:33:05 开始操作号码 【1940884】
2023-10-01 04:33:08 GSD getOne 第 1 次 等待 3 秒
2023-10-01 04:33:11 查询号码 【1940884】，返回信息 {"status":"ok","msg":"-","gid":"557753","time_insert":"2023-02-27 03:25"}
2023-10-01 04:33:12 查询号码 【1940884】，GSD为【"-"】
2023-10-01 04:33:12 ok && -
2023-10-01 04:33:14 CHB 1940884?1696105992 第 1 次 等待 3 秒
2023-10-01 04:33:17 CHB 1940884?1696105992 第 1 次 获取到号码【1940884】GSD
2023-10-01 04:33:17 未获取到号码【1940884】GSD，可能号码格式错误
2023-10-01 04:33:17 获取到号码【1940884】的GSD为【-】
2023-10-01 04:33:19 GSD insert 第 1 次 等待 3 秒
2023-10-01 04:33:22 {"status":"bad","gid":"557753","msg":"添加失败！号码【1940884(-|-)】已存在！"}
2023-10-01 04:33:22 随机等待 178 秒，约 2 分钟
2023-10-01 04:33:22 下次操作: 2023-10-01 04:36:20

2023-10-01 04:36:20 开始第 886 次操作

2023-10-01 04:36:20 开始操作号码 【1940885】
2023-10-01 04:36:21 GSD getOne 第 1 次 等待 3 秒
2023-10-01 04:36:24 查询号码 【1940885】，返回信息 {"status":"ok","msg":"-","gid":"557785","time_insert":"2023-02-27 03:43"}
2023-10-01 04:36:24 查询号码 【1940885】，GSD为【"-"】
2023-10-01 04:36:24 ok && -
2023-10-01 04:36:26 CHB 1940885?1696106184 第 1 次 等待 3 秒
2023-10-01 04:36:29 CHB 1940885?1696106184 第 1 次 获取到号码【1940885】GSD
2023-10-01 04:36:29 未获取到号码【1940885】GSD，可能号码格式错误
2023-10-01 04:36:29 获取到号码【1940885】的GSD为【-】
2023-10-01 04:36:31 GSD insert 第 1 次 等待 3 秒
2023-10-01 04:36:34 {"status":"bad","gid":"557785","msg":"添加失败！号码【1940885(-|-)】已存在！"}
2023-10-01 04:36:34 随机等待 127 秒，约 2 分钟
2023-10-01 04:36:34 下次操作: 2023-10-01 04:38:41

2023-10-01 04:38:41 开始第 887 次操作

2023-10-01 04:38:41 开始操作号码 【1940886】
2023-10-01 04:38:43 GSD getOne 第 1 次 等待 3 秒
2023-10-01 04:38:46 查询号码 【1940886】，返回信息 {"status":"ok","msg":"-","gid":"557818","time_insert":"2023-02-27 04:01"}
2023-10-01 04:38:46 查询号码 【1940886】，GSD为【"-"】
2023-10-01 04:38:46 ok && -
2023-10-01 04:38:49 CHB 1940886?1696106326 第 1 次 等待 3 秒
2023-10-01 04:38:52 CHB 1940886?1696106326 第 1 次 获取到号码【1940886】GSD
2023-10-01 04:38:52 未获取到号码【1940886】GSD，可能号码格式错误
2023-10-01 04:38:52 获取到号码【1940886】的GSD为【-】
2023-10-01 04:38:53 GSD insert 第 1 次 等待 3 秒
2023-10-01 04:38:56 {"status":"bad","gid":"557818","msg":"添加失败！号码【1940886(-|-)】已存在！"}
2023-10-01 04:38:56 随机等待 206 秒，约 3 分钟
2023-10-01 04:38:56 下次操作: 2023-10-01 04:42:22

2023-10-01 04:42:22 开始第 888 次操作

2023-10-01 04:42:22 开始操作号码 【1940887】
2023-10-01 04:42:24 GSD getOne 第 1 次 等待 3 秒
2023-10-01 04:42:27 查询号码 【1940887】，返回信息 {"status":"ok","msg":"-","gid":"557845","time_insert":"2023-02-27 04:17"}
2023-10-01 04:42:27 查询号码 【1940887】，GSD为【"-"】
2023-10-01 04:42:27 ok && -
2023-10-01 04:42:29 CHB 1940887?1696106547 第 1 次 等待 3 秒
2023-10-01 04:42:32 CHB 1940887?1696106547 第 1 次 获取到号码【1940887】GSD
2023-10-01 04:42:32 未获取到号码【1940887】GSD，可能号码格式错误
2023-10-01 04:42:32 获取到号码【1940887】的GSD为【-】
2023-10-01 04:42:34 GSD insert 第 1 次 等待 3 秒
2023-10-01 04:42:37 {"status":"bad","gid":"557845","msg":"添加失败！号码【1940887(-|-)】已存在！"}

