2024-03-13 00:11:08 开始第 8757 次操作

2024-03-13 00:11:08 开始操作号码 【1738656】
2024-03-13 00:11:14 GSD getOne 第 1 次 等待 3 秒
2024-03-13 00:11:17 查询号码 【1738656】，返回信息 {"status":"ok","msg":"湖北-随州","gid":"221491","time_insert":"2021-07-08 10:23"}
2024-03-13 00:11:17 查询号码 【1738656】，GSD为【"湖北-随州"】

2024-03-13 00:11:18 开始第 8758 次操作

2024-03-13 00:11:18 开始操作号码 【1738657】
2024-03-13 00:11:25 GSD getOne 第 1 次 等待 3 秒
2024-03-13 00:11:28 查询号码 【1738657】，返回信息 {"status":"ok","msg":"湖北-随州","gid":"29715","time_insert":"2019-05-15 22:24","time_update":"2020-09-18 12:36"}
2024-03-13 00:11:28 查询号码 【1738657】，GSD为【"湖北-随州"】

2024-03-13 00:11:29 开始第 8759 次操作

2024-03-13 00:11:29 开始操作号码 【1738658】
2024-03-13 00:11:36 GSD getOne 第 1 次 等待 3 秒
2024-03-13 00:11:39 查询号码 【1738658】，返回信息 {"status":"ok","msg":"湖北-随州","gid":"221493","time_insert":"2021-07-08 10:24"}
2024-03-13 00:11:39 查询号码 【1738658】，GSD为【"湖北-随州"】

2024-03-13 00:11:40 开始第 8760 次操作

2024-03-13 00:11:40 开始操作号码 【1738659】
2024-03-13 00:11:45 GSD getOne 第 1 次 等待 3 秒
2024-03-13 00:11:48 查询号码 【1738659】，返回信息 {"status":"ok","msg":"湖北-荆门","gid":"221496","time_insert":"2021-07-08 10:24"}
2024-03-13 00:11:48 查询号码 【1738659】，GSD为【"湖北-荆门"】

2024-03-13 00:35:27 开始第 8761 次操作

2024-03-13 00:35:27 开始操作号码 【1738660】
2024-03-13 00:35:33 GSD getOne 第 1 次 等待 3 秒
2024-03-13 00:35:36 查询号码 【1738660】，返回信息 {"status":"ok","msg":"湖北-荆门","gid":"221499","time_insert":"2021-07-08 10:25"}
2024-03-13 00:35:36 查询号码 【1738660】，GSD为【"湖北-荆门"】

2024-03-13 00:35:37 开始第 8762 次操作

2024-03-13 00:35:37 开始操作号码 【1738661】
2024-03-13 00:35:42 GSD getOne 第 1 次 等待 3 秒
2024-03-13 00:35:45 查询号码 【1738661】，返回信息 {"status":"ok","msg":"湖北-武汉","gid":"221507","time_insert":"2021-07-08 10:25"}
2024-03-13 00:35:45 查询号码 【1738661】，GSD为【"湖北-武汉"】

2024-03-13 00:35:46 开始第 8763 次操作

2024-03-13 00:35:46 开始操作号码 【1738662】
2024-03-13 00:35:51 GSD getOne 第 1 次 等待 3 秒
2024-03-13 00:35:54 查询号码 【1738662】，返回信息 {"status":"ok","msg":"湖北-武汉","gid":"221508","time_insert":"2021-07-08 10:25"}
2024-03-13 00:35:54 查询号码 【1738662】，GSD为【"湖北-武汉"】

2024-03-13 00:35:55 开始第 8764 次操作

2024-03-13 00:35:55 开始操作号码 【1738663】
2024-03-13 00:35:59 GSD getOne 第 1 次 等待 3 秒
2024-03-13 00:36:02 查询号码 【1738663】，返回信息 {"status":"ok","msg":"湖北-襄阳","gid":"221513","time_insert":"2021-07-08 10:26"}
2024-03-13 00:36:02 查询号码 【1738663】，GSD为【"湖北-襄阳"】

2024-03-13 01:08:17 开始第 8765 次操作

2024-03-13 01:08:17 开始操作号码 【1738664】
2024-03-13 01:08:22 GSD getOne 第 1 次 等待 3 秒
2024-03-13 01:08:25 查询号码 【1738664】，返回信息 {"status":"ok","msg":"湖北-襄阳","gid":"140957","time_insert":"2021-06-27 18:09","time_update":"2021-07-01 08:44"}
2024-03-13 01:08:25 查询号码 【1738664】，GSD为【"湖北-襄阳"】

2024-03-13 01:08:26 开始第 8766 次操作

2024-03-13 01:08:26 开始操作号码 【1738665】
2024-03-13 01:08:30 GSD getOne 第 1 次 等待 3 秒
2024-03-13 01:08:33 查询号码 【1738665】，返回信息 {"status":"ok","msg":"湖北-襄阳","gid":"221520","time_insert":"2021-07-08 10:27"}
2024-03-13 01:08:33 查询号码 【1738665】，GSD为【"湖北-襄阳"】

2024-03-13 01:08:34 开始第 8767 次操作

2024-03-13 01:08:34 开始操作号码 【1738666】
2024-03-13 01:08:39 GSD getOne 第 1 次 等待 3 秒
2024-03-13 01:08:42 查询号码 【1738666】，返回信息 {"status":"ok","msg":"湖北-襄阳","gid":"221526","time_insert":"2021-07-08 10:28"}
2024-03-13 01:08:42 查询号码 【1738666】，GSD为【"湖北-襄阳"】

2024-03-13 01:08:43 开始第 8768 次操作

2024-03-13 01:08:43 开始操作号码 【1738667】
2024-03-13 01:08:48 GSD getOne 第 1 次 等待 3 秒
2024-03-13 01:08:51 查询号码 【1738667】，返回信息 {"status":"ok","msg":"湖北-孝感","gid":"221532","time_insert":"2021-07-08 10:28"}
2024-03-13 01:08:51 查询号码 【1738667】，GSD为【"湖北-孝感"】

