2024-05-16 00:11:20 开始第 9389 次操作

2024-05-16 00:11:20 开始操作号码 【1629280】
2024-05-16 00:11:25 GSD getOne 第 1 次 等待 3 秒
2024-05-16 00:11:28 查询号码 【1629280】，返回信息 {"status":"ok","msg":"-","gid":"290037","time_insert":"2021-07-16 04:12"}
2024-05-16 00:11:28 查询号码 【1629280】，GSD为【"-"】
2024-05-16 00:11:28 ok && -
2024-05-16 00:11:29 CHB 1629280?1715789488 第 1 次 等待 3 秒
2024-05-16 00:11:32 CHB 1629280?1715789488 第 1 次 获取到号码【1629280】GSD
2024-05-16 00:11:32 未获取到号码【1629280】GSD，可能号码格式错误
2024-05-16 00:11:32 获取到号码【1629280】的GSD为【-】
2024-05-16 00:11:38 GSD insert 第 1 次 等待 3 秒
2024-05-16 00:11:41 {"status":"bad","gid":"290037","msg":"添加失败！号码【1629280(-|-)】已存在！"}
2024-05-16 00:11:41 随机等待 220 秒，约 3 分钟
2024-05-16 00:11:41 下次操作: 2024-05-16 00:15:21

2024-05-16 00:15:21 开始第 9390 次操作

2024-05-16 00:15:21 开始操作号码 【1629281】
2024-05-16 00:15:47 GSD getOne 第 1 次 等待 3 秒
2024-05-16 00:15:50 查询号码 【1629281】，返回信息 {"status":"ok","msg":"-","gid":"290041","time_insert":"2021-07-16 04:17"}
2024-05-16 00:15:50 查询号码 【1629281】，GSD为【"-"】
2024-05-16 00:15:50 ok && -
2024-05-16 00:15:52 CHB 1629281?1715789750 第 1 次 等待 3 秒
2024-05-16 00:15:55 CHB 1629281?1715789750 第 1 次 获取到号码【1629281】GSD
2024-05-16 00:15:55 未获取到号码【1629281】GSD，可能号码格式错误
2024-05-16 00:15:55 获取到号码【1629281】的GSD为【-】
2024-05-16 00:16:04 GSD insert 第 1 次 等待 3 秒
2024-05-16 00:16:07 {"status":"bad","gid":"290041","msg":"添加失败！号码【1629281(-|-)】已存在！"}
2024-05-16 00:16:07 随机等待 184 秒，约 3 分钟
2024-05-16 00:16:07 下次操作: 2024-05-16 00:19:11

2024-05-16 00:19:11 开始第 9391 次操作

2024-05-16 00:19:11 开始操作号码 【1629282】
2024-05-16 00:19:20 GSD getOne 第 1 次 等待 3 秒
2024-05-16 00:19:23 查询号码 【1629282】，返回信息 {"status":"ok","msg":"-","gid":"290054","time_insert":"2021-07-16 04:22"}
2024-05-16 00:19:23 查询号码 【1629282】，GSD为【"-"】
2024-05-16 00:19:23 ok && -
2024-05-16 00:19:25 CHB 1629282?1715789963 第 1 次 等待 3 秒
2024-05-16 00:19:28 CHB 1629282?1715789963 第 1 次 获取到号码【1629282】GSD
2024-05-16 00:19:28 未获取到号码【1629282】GSD，可能号码格式错误
2024-05-16 00:19:28 获取到号码【1629282】的GSD为【-】
2024-05-16 00:19:39 GSD insert 第 1 次 等待 3 秒
2024-05-16 00:19:42 {"status":"bad","gid":"290054","msg":"添加失败！号码【1629282(-|-)】已存在！"}
2024-05-16 00:19:42 随机等待 72 秒，约 1 分钟
2024-05-16 00:19:42 下次操作: 2024-05-16 00:20:54

2024-05-16 00:20:54 开始第 9392 次操作

2024-05-16 00:20:54 开始操作号码 【1629283】
2024-05-16 00:21:00 GSD getOne 第 1 次 等待 3 秒
2024-05-16 00:21:03 查询号码 【1629283】，返回信息 {"status":"ok","msg":"-","gid":"290062","time_insert":"2021-07-16 04:26"}
2024-05-16 00:21:03 查询号码 【1629283】，GSD为【"-"】
2024-05-16 00:21:03 ok && -
2024-05-16 00:21:05 CHB 1629283?1715790063 第 1 次 等待 3 秒
2024-05-16 00:21:08 CHB 1629283?1715790063 第 1 次 获取到号码【1629283】GSD
2024-05-16 00:21:08 未获取到号码【1629283】GSD，可能号码格式错误
2024-05-16 00:21:08 获取到号码【1629283】的GSD为【-】
2024-05-16 00:21:17 GSD insert 第 1 次 等待 3 秒
2024-05-16 00:21:20 {"status":"bad","gid":"290062","msg":"添加失败！号码【1629283(-|-)】已存在！"}

