2024-07-28 00:11:52 开始第 8557 次操作

2024-07-28 00:11:52 开始操作号码 【1518447】
2024-07-28 00:12:00 GSD getOne 第 1 次 等待 3 秒
2024-07-28 00:12:03 查询号码 【1518447】，返回信息 {"status":"ok","msg":"四川-成都","gid":"18059","time_insert":"2015-08-29 19:25","time_update":"2020-10-19 05:52"}
2024-07-28 00:12:03 查询号码 【1518447】，GSD为【"四川-成都"】

2024-07-28 00:12:04 开始第 8558 次操作

2024-07-28 00:12:04 开始操作号码 【1518448】
2024-07-28 00:12:12 GSD getOne 第 1 次 等待 3 秒
2024-07-28 00:12:15 查询号码 【1518448】，返回信息 {"status":"ok","msg":"四川-成都","gid":"18060","time_insert":"2017-08-25 11:49","time_update":"2020-10-19 05:56"}
2024-07-28 00:12:15 查询号码 【1518448】，GSD为【"四川-成都"】

2024-07-28 00:12:16 开始第 8559 次操作

2024-07-28 00:12:16 开始操作号码 【1518449】
2024-07-28 00:12:24 GSD getOne 第 1 次 等待 3 秒
2024-07-28 00:12:27 查询号码 【1518449】，返回信息 {"status":"ok","msg":"四川-成都","gid":"18061","time_insert":"2017-10-15 13:53","time_update":"2020-10-19 05:59"}
2024-07-28 00:12:27 查询号码 【1518449】，GSD为【"四川-成都"】

2024-07-28 00:12:28 开始第 8560 次操作

2024-07-28 00:12:28 开始操作号码 【1518450】
2024-07-28 00:12:36 GSD getOne 第 1 次 等待 3 秒
2024-07-28 00:12:39 查询号码 【1518450】，返回信息 {"status":"ok","msg":"黑龙江-绥化","gid":"429662","time_insert":"2021-07-29 03:26"}
2024-07-28 00:12:39 查询号码 【1518450】，GSD为【"黑龙江-绥化"】

