2024-02-09 00:10:32 开始第 2733 次操作

2024-02-09 00:10:32 开始操作号码 【1732632】
2024-02-09 00:10:37 GSD getOne 第 1 次 等待 3 秒
2024-02-09 00:10:40 查询号码 【1732632】，返回信息 {"status":"ok","msg":"甘肃-酒泉","gid":"158147","time_insert":"2021-06-30 04:02"}
2024-02-09 00:10:40 查询号码 【1732632】，GSD为【"甘肃-酒泉"】

2024-02-09 00:10:41 开始第 2734 次操作

2024-02-09 00:10:41 开始操作号码 【1732633】
2024-02-09 00:10:48 GSD getOne 第 1 次 等待 3 秒
2024-02-09 00:10:51 查询号码 【1732633】，返回信息 {"status":"ok","msg":"甘肃-酒泉","gid":"158151","time_insert":"2021-06-30 04:03"}
2024-02-09 00:10:51 查询号码 【1732633】，GSD为【"甘肃-酒泉"】

2024-02-09 00:10:52 开始第 2735 次操作

2024-02-09 00:10:52 开始操作号码 【1732634】
2024-02-09 00:10:56 GSD getOne 第 1 次 等待 3 秒
2024-02-09 00:10:59 查询号码 【1732634】，返回信息 {"status":"ok","msg":"甘肃-武威","gid":"158217","time_insert":"2021-06-30 04:41"}
2024-02-09 00:10:59 查询号码 【1732634】，GSD为【"甘肃-武威"】

2024-02-09 00:11:00 开始第 2736 次操作

2024-02-09 00:11:00 开始操作号码 【1732635】
2024-02-09 00:11:09 GSD getOne 第 1 次 等待 3 秒
2024-02-09 00:11:12 查询号码 【1732635】，返回信息 {"status":"ok","msg":"甘肃-武威","gid":"158227","time_insert":"2021-06-30 04:41"}
2024-02-09 00:11:12 查询号码 【1732635】，GSD为【"甘肃-武威"】

2024-02-09 00:35:01 开始第 2737 次操作

2024-02-09 00:35:01 开始操作号码 【1732636】
2024-02-09 00:35:06 GSD getOne 第 1 次 等待 3 秒
2024-02-09 00:35:09 查询号码 【1732636】，返回信息 {"status":"ok","msg":"甘肃-武威","gid":"158237","time_insert":"2021-06-30 04:42"}
2024-02-09 00:35:09 查询号码 【1732636】，GSD为【"甘肃-武威"】

2024-02-09 00:35:10 开始第 2738 次操作

2024-02-09 00:35:10 开始操作号码 【1732637】
2024-02-09 00:35:15 GSD getOne 第 1 次 等待 3 秒
2024-02-09 00:35:18 查询号码 【1732637】，返回信息 {"status":"ok","msg":"甘肃-武威","gid":"158244","time_insert":"2021-06-30 04:43"}
2024-02-09 00:35:18 查询号码 【1732637】，GSD为【"甘肃-武威"】

2024-02-09 00:35:19 开始第 2739 次操作

2024-02-09 00:35:19 开始操作号码 【1732638】
2024-02-09 00:35:24 GSD getOne 第 1 次 等待 3 秒
2024-02-09 00:35:27 查询号码 【1732638】，返回信息 {"status":"ok","msg":"甘肃-白银","gid":"158252","time_insert":"2021-06-30 04:44"}
2024-02-09 00:35:27 查询号码 【1732638】，GSD为【"甘肃-白银"】

2024-02-09 00:35:28 开始第 2740 次操作

2024-02-09 00:35:28 开始操作号码 【1732639】
2024-02-09 00:35:32 GSD getOne 第 1 次 等待 3 秒
2024-02-09 00:35:35 查询号码 【1732639】，返回信息 {"status":"ok","msg":"甘肃-白银","gid":"158261","time_insert":"2021-06-30 04:45"}
2024-02-09 00:35:35 查询号码 【1732639】，GSD为【"甘肃-白银"】

2024-02-09 01:09:21 开始第 2741 次操作

2024-02-09 01:09:21 开始操作号码 【1732640】
2024-02-09 01:09:25 GSD getOne 第 1 次 等待 3 秒
2024-02-09 01:09:28 查询号码 【1732640】，返回信息 {"status":"ok","msg":"甘肃-庆阳","gid":"158270","time_insert":"2021-06-30 04:45"}
2024-02-09 01:09:28 查询号码 【1732640】，GSD为【"甘肃-庆阳"】

2024-02-09 01:09:30 开始第 2742 次操作

2024-02-09 01:09:30 开始操作号码 【1732641】
2024-02-09 01:09:35 GSD getOne 第 1 次 等待 3 秒
2024-02-09 01:09:38 查询号码 【1732641】，返回信息 {"status":"ok","msg":"甘肃-庆阳","gid":"158281","time_insert":"2021-06-30 04:46"}
2024-02-09 01:09:38 查询号码 【1732641】，GSD为【"甘肃-庆阳"】

2024-02-09 01:09:39 开始第 2743 次操作

2024-02-09 01:09:39 开始操作号码 【1732642】
2024-02-09 01:09:43 GSD getOne 第 1 次 等待 3 秒
2024-02-09 01:09:46 查询号码 【1732642】，返回信息 {"status":"ok","msg":"甘肃-庆阳","gid":"158285","time_insert":"2021-06-30 04:46"}
2024-02-09 01:09:46 查询号码 【1732642】，GSD为【"甘肃-庆阳"】

2024-02-09 01:09:47 开始第 2744 次操作

2024-02-09 01:09:47 开始操作号码 【1732643】
2024-02-09 01:09:53 GSD getOne 第 1 次 等待 3 秒
2024-02-09 01:09:56 查询号码 【1732643】，返回信息 {"status":"ok","msg":"甘肃-庆阳","gid":"158290","time_insert":"2021-06-30 04:47"}
2024-02-09 01:09:56 查询号码 【1732643】，GSD为【"甘肃-庆阳"】

