2023-10-27 00:10:17 开始第 5409 次操作

2023-10-27 00:10:17 开始操作号码 【1945318】
2023-10-27 00:10:20 GSD getOne 第 1 次 等待 3 秒
2023-10-27 00:10:23 查询号码 【1945318】，返回信息 {"status":"ok","msg":"-","gid":"622190","time_insert":"2023-03-29 18:48"}
2023-10-27 00:10:23 查询号码 【1945318】，GSD为【"-"】
2023-10-27 00:10:23 ok && -
2023-10-27 00:10:29 CHB 1945318?1698336623 第 1 次 等待 3 秒
2023-10-27 00:10:32 CHB 1945318?1698336623 第 1 次 获取到号码【1945318】GSD
2023-10-27 00:10:32 未获取到号码【1945318】GSD，可能号码格式错误
2023-10-27 00:10:32 获取到号码【1945318】的GSD为【-】
2023-10-27 00:10:37 GSD insert 第 1 次 等待 3 秒
2023-10-27 00:10:40 {"status":"bad","gid":"622190","msg":"添加失败！号码【1945318(-|-)】已存在！"}
2023-10-27 00:10:40 随机等待 200 秒，约 3 分钟
2023-10-27 00:10:40 下次操作: 2023-10-27 00:14:00

2023-10-27 00:14:00 开始第 5410 次操作

2023-10-27 00:14:00 开始操作号码 【1945319】
2023-10-27 00:14:07 GSD getOne 第 1 次 等待 3 秒
2023-10-27 00:14:10 查询号码 【1945319】，返回信息 {"status":"ok","msg":"-","gid":"622188","time_insert":"2023-03-29 18:46"}
2023-10-27 00:14:10 查询号码 【1945319】，GSD为【"-"】
2023-10-27 00:14:10 ok && -
2023-10-27 00:14:15 CHB 1945319?1698336850 第 1 次 等待 3 秒
2023-10-27 00:14:18 CHB 1945319?1698336850 第 1 次 获取到号码【1945319】GSD
2023-10-27 00:14:18 未获取到号码【1945319】GSD，可能号码格式错误
2023-10-27 00:14:18 获取到号码【1945319】的GSD为【-】
2023-10-27 00:14:21 GSD insert 第 1 次 等待 3 秒
2023-10-27 00:14:24 {"status":"bad","gid":"622188","msg":"添加失败！号码【1945319(-|-)】已存在！"}
2023-10-27 00:14:24 随机等待 93 秒，约 1 分钟
2023-10-27 00:14:24 下次操作: 2023-10-27 00:15:57

2023-10-27 00:15:57 开始第 5411 次操作

2023-10-27 00:15:57 开始操作号码 【1945320】
2023-10-27 00:16:01 GSD getOne 第 1 次 等待 3 秒
2023-10-27 00:16:04 查询号码 【1945320】，返回信息 {"status":"ok","msg":"-","gid":"622185","time_insert":"2023-03-29 18:45"}
2023-10-27 00:16:04 查询号码 【1945320】，GSD为【"-"】
2023-10-27 00:16:04 ok && -
2023-10-27 00:16:06 CHB 1945320?1698336964 第 1 次 等待 3 秒
2023-10-27 00:16:09 CHB 1945320?1698336964 第 1 次 获取到号码【1945320】GSD
2023-10-27 00:16:09 未获取到号码【1945320】GSD，可能号码格式错误
2023-10-27 00:16:09 获取到号码【1945320】的GSD为【-】
2023-10-27 00:16:16 GSD insert 第 1 次 等待 3 秒
2023-10-27 00:16:19 {"status":"bad","gid":"622185","msg":"添加失败！号码【1945320(-|-)】已存在！"}
2023-10-27 00:16:19 随机等待 130 秒，约 2 分钟
2023-10-27 00:16:19 下次操作: 2023-10-27 00:18:29

2023-10-27 00:18:29 开始第 5412 次操作

2023-10-27 00:18:29 开始操作号码 【1945321】
2023-10-27 00:18:31 GSD getOne 第 1 次 等待 3 秒
2023-10-27 00:18:34 查询号码 【1945321】，返回信息 {"status":"ok","msg":"-","gid":"622182","time_insert":"2023-03-29 18:43"}
2023-10-27 00:18:35 查询号码 【1945321】，GSD为【"-"】
2023-10-27 00:18:35 ok && -
2023-10-27 00:18:37 CHB 1945321?1698337115 第 1 次 等待 3 秒
2023-10-27 00:18:40 CHB 1945321?1698337115 第 1 次 获取到号码【1945321】GSD
2023-10-27 00:18:40 未获取到号码【1945321】GSD，可能号码格式错误
2023-10-27 00:18:40 获取到号码【1945321】的GSD为【-】
2023-10-27 00:18:45 GSD insert 第 1 次 等待 3 秒
2023-10-27 00:18:48 {"status":"bad","gid":"622182","msg":"添加失败！号码【1945321(-|-)】已存在！"}

