2024-09-02 00:25:47 开始第 2277 次操作

2024-09-02 00:25:47 开始操作号码 【1402276】
2024-09-02 00:25:55 GSD getOne 第 1 次 等待 3 秒
2024-09-02 00:25:58 查询号码 【1402276】，返回信息 {"status":"ok","msg":"-","gid":"558452","time_insert":"2023-02-27 11:09"}
2024-09-02 00:25:58 查询号码 【1402276】，GSD为【"-"】
2024-09-02 00:25:58 ok && -
2024-09-02 00:26:05 CHB 1402276?1725207958 第 1 次 等待 3 秒
2024-09-02 00:26:08 CHB 1402276?1725207958 第 1 次 获取到号码【1402276】GSD
2024-09-02 00:26:08 未获取到号码【1402276】GSD，可能号码格式错误
2024-09-02 00:26:08 获取到号码【1402276】的GSD为【-】
2024-09-02 00:26:16 GSD insert 第 1 次 等待 3 秒
2024-09-02 00:26:19 {"status":"bad","gid":"558452","msg":"添加失败！号码【1402276(-|-)】已存在！"}
2024-09-02 00:26:19 随机等待 200 秒，约 3 分钟
2024-09-02 00:26:19 下次操作: 2024-09-02 00:29:39

2024-09-02 00:29:39 开始第 2278 次操作

2024-09-02 00:29:39 开始操作号码 【1402277】
2024-09-02 00:29:50 GSD getOne 第 1 次 等待 3 秒
2024-09-02 00:29:53 查询号码 【1402277】，返回信息 {"status":"ok","msg":"-","gid":"558469","time_insert":"2023-02-27 11:23"}
2024-09-02 00:29:53 查询号码 【1402277】，GSD为【"-"】
2024-09-02 00:29:53 ok && -
2024-09-02 00:29:54 CHB 1402277?1725208193 第 1 次 等待 3 秒
2024-09-02 00:29:58 CHB 1402277?1725208193 第 1 次 获取到号码【1402277】GSD
2024-09-02 00:29:58 未获取到号码【1402277】GSD，可能号码格式错误
2024-09-02 00:29:58 获取到号码【1402277】的GSD为【-】
2024-09-02 00:30:06 GSD insert 第 1 次 等待 3 秒
2024-09-02 00:30:09 {"status":"bad","gid":"558469","msg":"添加失败！号码【1402277(-|-)】已存在！"}
2024-09-02 00:30:09 随机等待 142 秒，约 2 分钟
2024-09-02 00:30:09 下次操作: 2024-09-02 00:32:31

2024-09-02 00:32:31 开始第 2279 次操作

2024-09-02 00:32:31 开始操作号码 【1402278】
2024-09-02 00:32:48 GSD getOne 第 1 次 等待 3 秒
2024-09-02 00:32:51 查询号码 【1402278】，返回信息 {"status":"ok","msg":"-","gid":"558485","time_insert":"2023-02-27 11:33"}
2024-09-02 00:32:51 查询号码 【1402278】，GSD为【"-"】
2024-09-02 00:32:51 ok && -
2024-09-02 00:32:53 CHB 1402278?1725208371 第 1 次 等待 3 秒
2024-09-02 00:32:56 CHB 1402278?1725208371 第 1 次 获取到号码【1402278】GSD
2024-09-02 00:32:56 未获取到号码【1402278】GSD，可能号码格式错误
2024-09-02 00:32:56 获取到号码【1402278】的GSD为【-】
2024-09-02 00:33:13 GSD insert 第 1 次 等待 3 秒
2024-09-02 00:33:16 {"status":"bad","gid":"558485","msg":"添加失败！号码【1402278(-|-)】已存在！"}
2024-09-02 00:33:16 随机等待 98 秒，约 1 分钟
2024-09-02 00:33:16 下次操作: 2024-09-02 00:34:54

2024-09-02 00:34:54 开始第 2280 次操作

2024-09-02 00:34:54 开始操作号码 【1402279】
2024-09-02 00:35:02 GSD getOne 第 1 次 等待 3 秒
2024-09-02 00:35:05 查询号码 【1402279】，返回信息 {"status":"ok","msg":"-","gid":"558498","time_insert":"2023-02-27 11:41"}
2024-09-02 00:35:05 查询号码 【1402279】，GSD为【"-"】
2024-09-02 00:35:05 ok && -
2024-09-02 00:35:07 CHB 1402279?1725208505 第 1 次 等待 3 秒
2024-09-02 00:35:10 CHB 1402279?1725208505 第 1 次 获取到号码【1402279】GSD
2024-09-02 00:35:10 未获取到号码【1402279】GSD，可能号码格式错误
2024-09-02 00:35:10 获取到号码【1402279】的GSD为【-】
2024-09-02 00:35:18 GSD insert 第 1 次 等待 3 秒
2024-09-02 00:35:21 {"status":"bad","gid":"558498","msg":"添加失败！号码【1402279(-|-)】已存在！"}

