2024-04-04 00:10:14 开始第 1825 次操作

2024-04-04 00:10:14 开始操作号码 【1621725】
2024-04-04 00:10:22 GSD getOne 第 1 次 等待 3 秒
2024-04-04 00:10:25 查询号码 【1621725】，返回信息 {"status":"ok","msg":"北京-北京","gid":"109055","time_insert":"2021-06-20 20:34"}
2024-04-04 00:10:25 查询号码 【1621725】，GSD为【"北京-北京"】

2024-04-04 00:10:26 开始第 1826 次操作

2024-04-04 00:10:26 开始操作号码 【1621726】
2024-04-04 00:10:31 GSD getOne 第 1 次 等待 3 秒
2024-04-04 00:10:34 查询号码 【1621726】，返回信息 {"status":"ok","msg":"北京-北京","gid":"109062","time_insert":"2021-06-20 20:39"}
2024-04-04 00:10:34 查询号码 【1621726】，GSD为【"北京-北京"】

2024-04-04 00:10:35 开始第 1827 次操作

2024-04-04 00:10:35 开始操作号码 【1621727】
2024-04-04 00:10:40 GSD getOne 第 1 次 等待 3 秒
2024-04-04 00:10:43 查询号码 【1621727】，返回信息 {"status":"ok","msg":"北京-北京","gid":"109066","time_insert":"2021-06-20 20:44"}
2024-04-04 00:10:43 查询号码 【1621727】，GSD为【"北京-北京"】

2024-04-04 00:10:44 开始第 1828 次操作

2024-04-04 00:10:44 开始操作号码 【1621728】
2024-04-04 00:10:50 GSD getOne 第 1 次 等待 3 秒
2024-04-04 00:10:53 查询号码 【1621728】，返回信息 {"status":"ok","msg":"北京-北京","gid":"109074","time_insert":"2021-06-20 20:49"}
2024-04-04 00:10:53 查询号码 【1621728】，GSD为【"北京-北京"】

