2021-07-28 00:00:24 开始第 8 次操作

2021-07-28 00:00:24 开始操作号码 【1555775】
2021-07-28 00:00:31 GSD getOne 第 1 次 等待 3 秒
2021-07-28 00:00:35 查询号码 【1555775】，返回信息 {"status":"bad","msg":""}
2021-07-28 00:00:35 查询号码 【1555775】，GSD为【""】
2021-07-28 00:00:35 bad
2021-07-28 00:00:36 CHB 1555775?1627401635 第 1 次 等待 3 秒
2021-07-28 00:00:39 CHB 1555775?1627401635 第 1 次 获取到号码【1555775】GSD
2021-07-28 00:00:39 获取到号码【1555775】的GSD为【浙江-温州】
2021-07-28 00:00:42 GSD insert 第 1 次 等待 3 秒
2021-07-28 00:00:45 {"status":"ok","gid":418597,"msg":"添加成功！"}
2021-07-28 00:00:45 下次操作: 2021-07-28 00:01:05

2021-07-28 00:01:05 开始第 9 次操作

2021-07-28 00:01:05 开始操作号码 【1555774】
2021-07-28 00:01:09 GSD getOne 第 1 次 等待 3 秒
2021-07-28 00:01:12 查询号码 【1555774】，返回信息 {"status":"bad","msg":""}
2021-07-28 00:01:12 查询号码 【1555774】，GSD为【""】
2021-07-28 00:01:12 bad
2021-07-28 00:01:13 CHB 1555774?1627401672 第 1 次 等待 3 秒
2021-07-28 00:01:16 CHB 1555774?1627401672 第 1 次 获取到号码【1555774】GSD
2021-07-28 00:01:16 获取到号码【1555774】的GSD为【浙江-温州】
2021-07-28 00:01:23 GSD insert 第 1 次 等待 3 秒
2021-07-28 00:01:26 {"status":"ok","gid":418609,"msg":"添加成功！"}
2021-07-28 00:01:26 下次操作: 2021-07-28 00:01:42

2021-07-28 00:01:42 开始第 10 次操作

2021-07-28 00:01:42 开始操作号码 【1555773】
2021-07-28 00:01:45 GSD getOne 第 1 次 等待 3 秒
2021-07-28 00:01:48 查询号码 【1555773】，返回信息 {"status":"bad","msg":""}
2021-07-28 00:01:48 查询号码 【1555773】，GSD为【""】
2021-07-28 00:01:48 bad
2021-07-28 00:01:50 CHB 1555773?1627401708 第 1 次 等待 3 秒
2021-07-28 00:01:53 CHB 1555773?1627401708 第 1 次 获取到号码【1555773】GSD
2021-07-28 00:01:53 获取到号码【1555773】的GSD为【浙江-温州】
2021-07-28 00:01:58 GSD insert 第 1 次 等待 3 秒
2021-07-28 00:02:01 {"status":"ok","gid":418617,"msg":"添加成功！"}
2021-07-28 00:02:01 下次操作: 2021-07-28 00:02:17

2021-07-28 00:02:17 开始第 11 次操作

2021-07-28 00:02:17 开始操作号码 【1555772】
2021-07-28 00:02:26 GSD getOne 第 1 次 等待 3 秒
2021-07-28 00:02:29 查询号码 【1555772】，返回信息 {"status":"bad","msg":""}
2021-07-28 00:02:29 查询号码 【1555772】，GSD为【""】
2021-07-28 00:02:29 bad
2021-07-28 00:02:32 CHB 1555772?1627401749 第 1 次 等待 3 秒
2021-07-28 00:02:35 CHB 1555772?1627401749 第 1 次 获取到号码【1555772】GSD
2021-07-28 00:02:35 获取到号码【1555772】的GSD为【浙江-温州】
2021-07-28 00:02:41 GSD insert 第 1 次 等待 3 秒
2021-07-28 00:02:44 {"status":"ok","gid":418630,"msg":"添加成功！"}
2021-07-28 00:02:44 下次操作: 2021-07-28 00:03:08

2021-07-28 00:03:08 开始第 12 次操作

2021-07-28 00:03:08 开始操作号码 【1555771】
2021-07-28 00:03:13 GSD getOne 第 1 次 等待 3 秒
2021-07-28 00:03:16 查询号码 【1555771】，返回信息 {"status":"bad","msg":""}
2021-07-28 00:03:16 查询号码 【1555771】，GSD为【""】
2021-07-28 00:03:16 bad
2021-07-28 00:03:18 CHB 1555771?1627401796 第 1 次 等待 3 秒
2021-07-28 00:03:21 CHB 1555771?1627401796 第 1 次 获取到号码【1555771】GSD
2021-07-28 00:03:21 获取到号码【1555771】的GSD为【浙江-温州】
2021-07-28 00:03:25 GSD insert 第 1 次 等待 3 秒
2021-07-28 00:03:28 {"status":"ok","gid":418640,"msg":"添加成功！"}
2021-07-28 00:03:28 下次操作: 2021-07-28 00:03:46

2021-07-28 00:03:46 开始第 13 次操作

2021-07-28 00:03:46 开始操作号码 【1555770】
2021-07-28 00:04:10 GSD getOne 第 1 次 等待 3 秒
2021-07-28 00:04:13 查询号码 【1555770】，返回信息 {"status":"bad","msg":""}
2021-07-28 00:04:13 查询号码 【1555770】，GSD为【""】
2021-07-28 00:04:13 bad
2021-07-28 00:04:15 CHB 1555770?1627401853 第 1 次 等待 3 秒
2021-07-28 00:04:18 CHB 1555770?1627401853 第 1 次 获取到号码【1555770】GSD
2021-07-28 00:04:18 获取到号码【1555770】的GSD为【浙江-温州】
2021-07-28 00:04:28 GSD insert 第 1 次 等待 3 秒
2021-07-28 00:04:31 {"status":"ok","gid":418657,"msg":"添加成功！"}
2021-07-28 00:04:31 下次操作: 2021-07-28 00:04:53

2021-07-28 00:04:53 开始第 14 次操作

2021-07-28 00:04:53 开始操作号码 【1555769】
2021-07-28 00:04:57 GSD getOne 第 1 次 等待 3 秒
2021-07-28 00:05:00 查询号码 【1555769】，返回信息 {"status":"bad","msg":""}
2021-07-28 00:05:00 查询号码 【1555769】，GSD为【""】
2021-07-28 00:05:00 bad
2021-07-28 00:05:01 CHB 1555769?1627401900 第 1 次 等待 3 秒
2021-07-28 00:05:04 CHB 1555769?1627401900 第 1 次 获取到号码【1555769】GSD
2021-07-28 00:05:04 获取到号码【1555769】的GSD为【浙江-台州】
2021-07-28 00:05:09 GSD insert 第 1 次 等待 3 秒
2021-07-28 00:05:12 {"status":"ok","gid":418667,"msg":"添加成功！"}
2021-07-28 00:05:12 下次操作: 2021-07-28 00:05:27

2021-07-28 00:05:27 开始第 15 次操作

2021-07-28 00:05:27 开始操作号码 【1555768】
2021-07-28 00:05:31 GSD getOne 第 1 次 等待 3 秒
2021-07-28 00:05:34 查询号码 【1555768】，返回信息 {"status":"bad","msg":""}
2021-07-28 00:05:35 查询号码 【1555768】，GSD为【""】
2021-07-28 00:05:35 bad
2021-07-28 00:05:36 CHB 1555768?1627401935 第 1 次 等待 3 秒
2021-07-28 00:05:39 CHB 1555768?1627401935 第 1 次 获取到号码【1555768】GSD
2021-07-28 00:05:40 获取到号码【1555768】的GSD为【浙江-台州】
2021-07-28 00:05:42 GSD insert 第 1 次 等待 3 秒
2021-07-28 00:05:45 {"status":"ok","gid":418677,"msg":"添加成功！"}
2021-07-28 00:05:45 下次操作: 2021-07-28 00:05:57

2021-07-28 00:05:57 开始第 16 次操作

2021-07-28 00:05:57 开始操作号码 【1555767】
2021-07-28 00:06:02 GSD getOne 第 1 次 等待 3 秒
2021-07-28 00:06:05 查询号码 【1555767】，返回信息 {"status":"bad","msg":""}
2021-07-28 00:06:05 查询号码 【1555767】，GSD为【""】
2021-07-28 00:06:05 bad
2021-07-28 00:06:25 CHB 1555767?1627401965 第 1 次 等待 3 秒
2021-07-28 00:06:28 CHB 1555767?1627401965 第 1 次 获取到号码【1555767】GSD
2021-07-28 00:06:28 获取到号码【1555767】的GSD为【浙江-台州】
2021-07-28 00:06:32 GSD insert 第 1 次 等待 3 秒
2021-07-28 00:06:35 {"status":"ok","gid":418687,"msg":"添加成功！"}
2021-07-28 00:06:35 下次操作: 2021-07-28 00:06:51

2021-07-28 00:06:51 开始第 17 次操作

2021-07-28 00:06:51 开始操作号码 【1555766】
2021-07-28 00:06:55 GSD getOne 第 1 次 等待 3 秒
2021-07-28 00:06:58 查询号码 【1555766】，返回信息 {"status":"bad","msg":""}
2021-07-28 00:06:58 查询号码 【1555766】，GSD为【""】
2021-07-28 00:06:58 bad
2021-07-28 00:07:00 CHB 1555766?1627402018 第 1 次 等待 3 秒
2021-07-28 00:07:03 CHB 1555766?1627402018 第 1 次 获取到号码【1555766】GSD
2021-07-28 00:07:03 获取到号码【1555766】的GSD为【浙江-台州】
2021-07-28 00:07:10 GSD insert 第 1 次 等待 3 秒
2021-07-28 00:07:13 {"status":"ok","gid":418698,"msg":"添加成功！"}
2021-07-28 00:07:13 下次操作: 2021-07-28 00:07:27

2021-07-28 00:07:27 开始第 18 次操作

2021-07-28 00:07:27 开始操作号码 【1555765】
2021-07-28 00:07:32 GSD getOne 第 1 次 等待 3 秒
2021-07-28 00:07:35 查询号码 【1555765】，返回信息 {"status":"bad","msg":""}
2021-07-28 00:07:35 查询号码 【1555765】，GSD为【""】
2021-07-28 00:07:35 bad
2021-07-28 00:07:38 CHB 1555765?1627402055 第 1 次 等待 3 秒
2021-07-28 00:07:41 CHB 1555765?1627402055 第 1 次 获取到号码【1555765】GSD
2021-07-28 00:07:41 获取到号码【1555765】的GSD为【浙江-台州】
2021-07-28 00:07:44 GSD insert 第 1 次 等待 3 秒
2021-07-28 00:07:47 {"status":"ok","gid":418704,"msg":"添加成功！"}
2021-07-28 00:07:47 下次操作: 2021-07-28 00:08:00

2021-07-28 00:08:00 开始第 19 次操作

2021-07-28 00:08:00 开始操作号码 【1555764】
2021-07-28 00:08:09 GSD getOne 第 1 次 等待 3 秒
2021-07-28 00:08:12 查询号码 【1555764】，返回信息 {"status":"bad","msg":""}
2021-07-28 00:08:12 查询号码 【1555764】，GSD为【""】
2021-07-28 00:08:12 bad
2021-07-28 00:08:16 CHB 1555764?1627402092 第 1 次 等待 3 秒
2021-07-28 00:08:19 CHB 1555764?1627402092 第 1 次 获取到号码【1555764】GSD
2021-07-28 00:08:19 获取到号码【1555764】的GSD为【浙江-台州】
2021-07-28 00:08:27 GSD insert 第 1 次 等待 3 秒
2021-07-28 00:08:30 {"status":"ok","gid":418717,"msg":"添加成功！"}
2021-07-28 00:08:30 下次操作: 2021-07-28 00:08:52

2021-07-28 00:08:52 开始第 20 次操作

2021-07-28 00:08:52 开始操作号码 【1555763】
2021-07-28 00:08:54 GSD getOne 第 1 次 等待 3 秒
2021-07-28 00:08:57 查询号码 【1555763】，返回信息 {"status":"bad","msg":""}
2021-07-28 00:08:58 查询号码 【1555763】，GSD为【""】
2021-07-28 00:08:58 bad
2021-07-28 00:08:59 CHB 1555763?1627402138 第 1 次 等待 3 秒
2021-07-28 00:09:02 CHB 1555763?1627402138 第 1 次 获取到号码【1555763】GSD
2021-07-28 00:09:02 获取到号码【1555763】的GSD为【浙江-台州】
2021-07-28 00:09:07 GSD insert 第 1 次 等待 3 秒
2021-07-28 00:09:10 {"status":"ok","gid":418728,"msg":"添加成功！"}
2021-07-28 00:09:10 下次操作: 2021-07-28 00:09:32

2021-07-28 00:09:32 开始第 21 次操作

2021-07-28 00:09:32 开始操作号码 【1555762】
2021-07-28 00:09:34 GSD getOne 第 1 次 等待 3 秒
2021-07-28 00:09:37 查询号码 【1555762】，返回信息 {"status":"bad","msg":""}
2021-07-28 00:09:37 查询号码 【1555762】，GSD为【""】
2021-07-28 00:09:37 bad
2021-07-28 00:09:43 CHB 1555762?1627402177 第 1 次 等待 3 秒
2021-07-28 00:09:46 CHB 1555762?1627402177 第 1 次 获取到号码【1555762】GSD
2021-07-28 00:09:46 获取到号码【1555762】的GSD为【浙江-台州】
2021-07-28 00:09:51 GSD insert 第 1 次 等待 3 秒
2021-07-28 00:09:54 {"status":"ok","gid":418740,"msg":"添加成功！"}
2021-07-28 00:09:54 下次操作: 2021-07-28 00:10:09

2021-07-28 00:10:09 开始第 22 次操作

2021-07-28 00:10:09 开始操作号码 【1555761】
2021-07-28 00:10:14 GSD getOne 第 1 次 等待 3 秒
2021-07-28 00:10:17 查询号码 【1555761】，返回信息 {"status":"bad","msg":""}
2021-07-28 00:10:17 查询号码 【1555761】，GSD为【""】
2021-07-28 00:10:17 bad
2021-07-28 00:10:19 CHB 1555761?1627402217 第 1 次 等待 3 秒
2021-07-28 00:10:22 CHB 1555761?1627402217 第 1 次 获取到号码【1555761】GSD
2021-07-28 00:10:22 获取到号码【1555761】的GSD为【浙江-台州】
2021-07-28 00:10:28 GSD insert 第 1 次 等待 3 秒
2021-07-28 00:10:31 {"status":"ok","gid":418745,"msg":"添加成功！"}
2021-07-28 00:10:31 下次操作: 2021-07-28 00:10:53

2021-07-28 00:10:53 开始第 23 次操作

2021-07-28 00:10:53 开始操作号码 【1555760】
2021-07-28 00:11:00 GSD getOne 第 1 次 等待 3 秒
2021-07-28 00:11:03 查询号码 【1555760】，返回信息 {"status":"bad","msg":""}
2021-07-28 00:11:03 查询号码 【1555760】，GSD为【""】
2021-07-28 00:11:03 bad
2021-07-28 00:11:05 CHB 1555760?1627402263 第 1 次 等待 3 秒
2021-07-28 00:11:08 CHB 1555760?1627402263 第 1 次 获取到号码【1555760】GSD
2021-07-28 00:11:08 获取到号码【1555760】的GSD为【浙江-台州】
2021-07-28 00:11:12 GSD insert 第 1 次 等待 3 秒
2021-07-28 00:11:15 {"status":"ok","gid":418757,"msg":"添加成功！"}
2021-07-28 00:11:15 下次操作: 2021-07-28 00:11:35

2021-07-28 00:11:35 开始第 24 次操作

2021-07-28 00:11:35 开始操作号码 【1555759】
2021-07-28 00:11:41 GSD getOne 第 1 次 等待 3 秒
2021-07-28 00:11:44 查询号码 【1555759】，返回信息 {"status":"bad","msg":""}
2021-07-28 00:11:44 查询号码 【1555759】，GSD为【""】
2021-07-28 00:11:44 bad
2021-07-28 00:11:46 CHB 1555759?1627402304 第 1 次 等待 3 秒
2021-07-28 00:11:49 CHB 1555759?1627402304 第 1 次 获取到号码【1555759】GSD
2021-07-28 00:11:49 获取到号码【1555759】的GSD为【浙江-温州】
2021-07-28 00:11:55 GSD insert 第 1 次 等待 3 秒
2021-07-28 00:11:58 {"status":"ok","gid":418766,"msg":"添加成功！"}
2021-07-28 00:11:58 下次操作: 2021-07-28 00:12:20

2021-07-28 00:12:20 开始第 25 次操作

2021-07-28 00:12:20 开始操作号码 【1555758】
2021-07-28 00:12:27 GSD getOne 第 1 次 等待 3 秒
2021-07-28 00:12:30 查询号码 【1555758】，返回信息 {"status":"bad","msg":""}
2021-07-28 00:12:30 查询号码 【1555758】，GSD为【""】
2021-07-28 00:12:30 bad
2021-07-28 00:12:33 CHB 1555758?1627402350 第 1 次 等待 3 秒
2021-07-28 00:12:36 CHB 1555758?1627402350 第 1 次 获取到号码【1555758】GSD
2021-07-28 00:12:36 获取到号码【1555758】的GSD为【浙江-温州】
2021-07-28 00:12:40 GSD insert 第 1 次 等待 3 秒
2021-07-28 00:12:43 {"status":"ok","gid":418780,"msg":"添加成功！"}
2021-07-28 00:12:43 下次操作: 2021-07-28 00:13:01

2021-07-28 00:13:01 开始第 26 次操作

2021-07-28 00:13:01 开始操作号码 【1555757】
2021-07-28 00:13:06 GSD getOne 第 1 次 等待 3 秒
2021-07-28 00:13:09 查询号码 【1555757】，返回信息 {"status":"bad","msg":""}
2021-07-28 00:13:09 查询号码 【1555757】，GSD为【""】
2021-07-28 00:13:09 bad
2021-07-28 00:13:11 CHB 1555757?1627402389 第 1 次 等待 3 秒
2021-07-28 00:13:14 CHB 1555757?1627402389 第 1 次 获取到号码【1555757】GSD
2021-07-28 00:13:14 获取到号码【1555757】的GSD为【浙江-温州】
2021-07-28 00:13:21 GSD insert 第 1 次 等待 3 秒
2021-07-28 00:13:24 {"status":"ok","gid":418791,"msg":"添加成功！"}
2021-07-28 00:13:24 下次操作: 2021-07-28 00:13:36

2021-07-28 00:13:36 开始第 27 次操作

2021-07-28 00:13:36 开始操作号码 【1555756】
2021-07-28 00:13:40 GSD getOne 第 1 次 等待 3 秒
2021-07-28 00:13:43 查询号码 【1555756】，返回信息 {"status":"bad","msg":""}
2021-07-28 00:13:43 查询号码 【1555756】，GSD为【""】
2021-07-28 00:13:43 bad
2021-07-28 00:13:44 CHB 1555756?1627402423 第 1 次 等待 3 秒
2021-07-28 00:13:47 CHB 1555756?1627402423 第 1 次 获取到号码【1555756】GSD
2021-07-28 00:13:48 获取到号码【1555756】的GSD为【浙江-温州】
2021-07-28 00:13:55 GSD insert 第 1 次 等待 3 秒
2021-07-28 00:13:58 {"status":"ok","gid":418795,"msg":"添加成功！"}
2021-07-28 00:13:58 下次操作: 2021-07-28 00:14:14

2021-07-28 00:14:14 开始第 28 次操作

2021-07-28 00:14:14 开始操作号码 【1555755】
2021-07-28 00:14:18 GSD getOne 第 1 次 等待 3 秒
2021-07-28 00:14:21 查询号码 【1555755】，返回信息 {"status":"bad","msg":""}
2021-07-28 00:14:21 查询号码 【1555755】，GSD为【""】
2021-07-28 00:14:21 bad
2021-07-28 00:14:23 CHB 1555755?1627402461 第 1 次 等待 3 秒
2021-07-28 00:14:26 CHB 1555755?1627402461 第 1 次 获取到号码【1555755】GSD
2021-07-28 00:14:26 获取到号码【1555755】的GSD为【浙江-温州】
2021-07-28 00:14:42 GSD insert 第 1 次 等待 3 秒
2021-07-28 00:14:45 {"status":"ok","gid":418807,"msg":"添加成功！"}
2021-07-28 00:14:45 下次操作: 2021-07-28 00:15:00

2021-07-28 00:15:00 开始第 29 次操作

2021-07-28 00:15:00 开始操作号码 【1555754】
2021-07-28 00:15:11 GSD getOne 第 1 次 等待 3 秒
2021-07-28 00:15:14 查询号码 【1555754】，返回信息 {"status":"bad","msg":""}
2021-07-28 00:15:14 查询号码 【1555754】，GSD为【""】
2021-07-28 00:15:14 bad
2021-07-28 00:15:16 CHB 1555754?1627402514 第 1 次 等待 3 秒
2021-07-28 00:15:19 CHB 1555754?1627402514 第 1 次 获取到号码【1555754】GSD
2021-07-28 00:15:19 获取到号码【1555754】的GSD为【浙江-绍兴】
2021-07-28 00:15:29 GSD insert 第 1 次 等待 3 秒
2021-07-28 00:15:32 {"status":"ok","gid":418809,"msg":"添加成功！"}
2021-07-28 00:15:32 下次操作: 2021-07-28 00:15:51

2021-07-28 00:15:51 开始第 30 次操作

2021-07-28 00:15:51 开始操作号码 【1555753】
2021-07-28 00:15:54 GSD getOne 第 1 次 等待 3 秒
2021-07-28 00:15:57 查询号码 【1555753】，返回信息 {"status":"bad","msg":""}
2021-07-28 00:15:57 查询号码 【1555753】，GSD为【""】
2021-07-28 00:15:57 bad
2021-07-28 00:15:59 CHB 1555753?1627402557 第 1 次 等待 3 秒
2021-07-28 00:16:02 CHB 1555753?1627402557 第 1 次 获取到号码【1555753】GSD
2021-07-28 00:16:02 获取到号码【1555753】的GSD为【浙江-绍兴】
2021-07-28 00:16:05 GSD insert 第 1 次 等待 3 秒
2021-07-28 00:16:08 {"status":"ok","gid":418819,"msg":"添加成功！"}
2021-07-28 00:16:08 下次操作: 2021-07-28 00:16:29

2021-07-28 00:16:29 开始第 31 次操作

2021-07-28 00:16:29 开始操作号码 【1555752】
2021-07-28 00:16:32 GSD getOne 第 1 次 等待 3 秒
2021-07-28 00:16:35 查询号码 【1555752】，返回信息 {"status":"bad","msg":""}
2021-07-28 00:16:35 查询号码 【1555752】，GSD为【""】
2021-07-28 00:16:35 bad
2021-07-28 00:16:37 CHB 1555752?1627402595 第 1 次 等待 3 秒
2021-07-28 00:16:40 CHB 1555752?1627402595 第 1 次 获取到号码【1555752】GSD
2021-07-28 00:16:40 获取到号码【1555752】的GSD为【浙江-绍兴】
2021-07-28 00:16:44 GSD insert 第 1 次 等待 3 秒
2021-07-28 00:16:47 {"status":"ok","gid":418826,"msg":"添加成功！"}
2021-07-28 00:16:47 下次操作: 2021-07-28 00:17:10

2021-07-28 00:17:10 开始第 32 次操作

2021-07-28 00:17:10 开始操作号码 【1555751】
2021-07-28 00:17:14 GSD getOne 第 1 次 等待 3 秒
2021-07-28 00:17:17 查询号码 【1555751】，返回信息 {"status":"ok","msg":"浙江-绍兴","gid":"22069","time_insert":"2018-05-18 22:25","time_update":"2020-08-31 22:26"}
2021-07-28 00:17:17 查询号码 【1555751】，GSD为【"浙江-绍兴"】

2021-07-28 00:17:17 开始第 32 次操作

2021-07-28 00:17:17 开始操作号码 【1555750】
2021-07-28 00:17:20 GSD getOne 第 1 次 等待 3 秒
2021-07-28 00:17:23 查询号码 【1555750】，返回信息 {"status":"bad","msg":""}
2021-07-28 00:17:23 查询号码 【1555750】，GSD为【""】
2021-07-28 00:17:23 bad
2021-07-28 00:17:25 CHB 1555750?1627402643 第 1 次 等待 3 秒
2021-07-28 00:17:28 CHB 1555750?1627402643 第 1 次 获取到号码【1555750】GSD
2021-07-28 00:17:28 获取到号码【1555750】的GSD为【浙江-绍兴】
2021-07-28 00:17:36 GSD insert 第 1 次 等待 3 秒
2021-07-28 00:17:39 {"status":"ok","gid":418835,"msg":"添加成功！"}
2021-07-28 00:17:39 下次操作: 2021-07-28 00:18:02

2021-07-28 00:18:02 开始第 33 次操作

2021-07-28 00:18:02 开始操作号码 【1555749】
2021-07-28 00:18:05 GSD getOne 第 1 次 等待 3 秒
2021-07-28 00:18:08 查询号码 【1555749】，返回信息 {"status":"bad","msg":""}
2021-07-28 00:18:08 查询号码 【1555749】，GSD为【""】
2021-07-28 00:18:08 bad
2021-07-28 00:18:10 CHB 1555749?1627402688 第 1 次 等待 3 秒
2021-07-28 00:18:13 CHB 1555749?1627402688 第 1 次 获取到号码【1555749】GSD
2021-07-28 00:18:13 获取到号码【1555749】的GSD为【浙江-宁波】
2021-07-28 00:18:17 GSD insert 第 1 次 等待 3 秒
2021-07-28 00:18:20 {"status":"ok","gid":418843,"msg":"添加成功！"}
2021-07-28 00:18:20 下次操作: 2021-07-28 00:18:39

2021-07-28 00:18:39 开始第 34 次操作

2021-07-28 00:18:39 开始操作号码 【1555748】
2021-07-28 00:18:42 GSD getOne 第 1 次 等待 3 秒
2021-07-28 00:18:45 查询号码 【1555748】，返回信息 {"status":"bad","msg":""}
2021-07-28 00:18:45 查询号码 【1555748】，GSD为【""】
2021-07-28 00:18:45 bad
2021-07-28 00:18:47 CHB 1555748?1627402725 第 1 次 等待 3 秒
2021-07-28 00:18:50 CHB 1555748?1627402725 第 1 次 获取到号码【1555748】GSD
2021-07-28 00:18:50 获取到号码【1555748】的GSD为【浙江-宁波】
2021-07-28 00:18:54 GSD insert 第 1 次 等待 3 秒
2021-07-28 00:18:57 {"status":"ok","gid":418849,"msg":"添加成功！"}
2021-07-28 00:18:57 下次操作: 2021-07-28 00:19:18

2021-07-28 00:19:18 开始第 35 次操作

2021-07-28 00:19:18 开始操作号码 【1555747】
2021-07-28 00:19:21 GSD getOne 第 1 次 等待 3 秒
2021-07-28 00:19:24 查询号码 【1555747】，返回信息 {"status":"bad","msg":""}
2021-07-28 00:19:24 查询号码 【1555747】，GSD为【""】
2021-07-28 00:19:24 bad
2021-07-28 00:19:30 CHB 1555747?1627402764 第 1 次 等待 3 秒
2021-07-28 00:19:33 CHB 1555747?1627402764 第 1 次 获取到号码【1555747】GSD
2021-07-28 00:19:33 获取到号码【1555747】的GSD为【浙江-宁波】
2021-07-28 00:19:36 GSD insert 第 1 次 等待 3 秒
2021-07-28 00:19:39 {"status":"ok","gid":418855,"msg":"添加成功！"}
2021-07-28 00:19:39 下次操作: 2021-07-28 00:20:02

2021-07-28 00:20:02 开始第 36 次操作

2021-07-28 00:20:02 开始操作号码 【1555746】
2021-07-28 00:20:08 GSD getOne 第 1 次 等待 3 秒
2021-07-28 00:20:11 查询号码 【1555746】，返回信息 {"status":"bad","msg":""}
2021-07-28 00:20:12 查询号码 【1555746】，GSD为【""】
2021-07-28 00:20:12 bad
2021-07-28 00:20:15 CHB 1555746?1627402812 第 1 次 等待 3 秒
2021-07-28 00:20:18 CHB 1555746?1627402812 第 1 次 获取到号码【1555746】GSD
2021-07-28 00:20:18 获取到号码【1555746】的GSD为【浙江-宁波】
2021-07-28 00:20:33 GSD insert 第 1 次 等待 3 秒
2021-07-28 00:20:36 {"status":"ok","gid":418862,"msg":"添加成功！"}
2021-07-28 00:20:36 下次操作: 2021-07-28 00:20:54

2021-07-28 00:20:54 开始第 37 次操作

2021-07-28 00:20:54 开始操作号码 【1555745】
2021-07-28 00:20:56 GSD getOne 第 1 次 等待 3 秒
2021-07-28 00:20:59 查询号码 【1555745】，返回信息 {"status":"bad","msg":""}
2021-07-28 00:20:59 查询号码 【1555745】，GSD为【""】
2021-07-28 00:20:59 bad
2021-07-28 00:21:01 CHB 1555745?1627402859 第 1 次 等待 3 秒
2021-07-28 00:21:04 CHB 1555745?1627402859 第 1 次 获取到号码【1555745】GSD
2021-07-28 00:21:04 获取到号码【1555745】的GSD为【浙江-宁波】
2021-07-28 00:21:10 GSD insert 第 1 次 等待 3 秒
2021-07-28 00:21:13 {"status":"ok","gid":418868,"msg":"添加成功！"}
2021-07-28 00:21:13 下次操作: 2021-07-28 00:21:35

2021-07-28 00:21:35 开始第 38 次操作

2021-07-28 00:21:35 开始操作号码 【1555744】
2021-07-28 00:21:39 GSD getOne 第 1 次 等待 3 秒
2021-07-28 00:21:42 查询号码 【1555744】，返回信息 {"status":"bad","msg":""}
2021-07-28 00:21:42 查询号码 【1555744】，GSD为【""】
2021-07-28 00:21:42 bad
2021-07-28 00:21:44 CHB 1555744?1627402902 第 1 次 等待 3 秒
2021-07-28 00:21:47 CHB 1555744?1627402902 第 1 次 获取到号码【1555744】GSD
2021-07-28 00:21:47 获取到号码【1555744】的GSD为【浙江-宁波】
2021-07-28 00:21:51 GSD insert 第 1 次 等待 3 秒
2021-07-28 00:21:54 {"status":"ok","gid":418874,"msg":"添加成功！"}
2021-07-28 00:21:54 下次操作: 2021-07-28 00:22:13

2021-07-28 00:22:13 开始第 39 次操作

2021-07-28 00:22:13 开始操作号码 【1555743】
2021-07-28 00:22:17 GSD getOne 第 1 次 等待 3 秒
2021-07-28 00:22:20 查询号码 【1555743】，返回信息 {"status":"bad","msg":""}
2021-07-28 00:22:20 查询号码 【1555743】，GSD为【""】
2021-07-28 00:22:20 bad
2021-07-28 00:22:24 CHB 1555743?1627402940 第 1 次 等待 3 秒
2021-07-28 00:22:27 CHB 1555743?1627402940 第 1 次 获取到号码【1555743】GSD
2021-07-28 00:22:27 获取到号码【1555743】的GSD为【浙江-宁波】
2021-07-28 00:22:30 GSD insert 第 1 次 等待 3 秒
2021-07-28 00:22:33 {"status":"ok","gid":418879,"msg":"添加成功！"}
2021-07-28 00:22:33 下次操作: 2021-07-28 00:22:46

2021-07-28 00:22:46 开始第 40 次操作

2021-07-28 00:22:46 开始操作号码 【1555742】
2021-07-28 00:22:53 GSD getOne 第 1 次 等待 3 秒
2021-07-28 00:22:56 查询号码 【1555742】，返回信息 {"status":"bad","msg":""}
2021-07-28 00:22:56 查询号码 【1555742】，GSD为【""】
2021-07-28 00:22:56 bad
2021-07-28 00:22:58 CHB 1555742?1627402976 第 1 次 等待 3 秒
2021-07-28 00:23:01 CHB 1555742?1627402976 第 1 次 获取到号码【1555742】GSD
2021-07-28 00:23:01 获取到号码【1555742】的GSD为【浙江-宁波】
2021-07-28 00:23:05 GSD insert 第 1 次 等待 3 秒
2021-07-28 00:23:08 {"status":"ok","gid":418885,"msg":"添加成功！"}

