2024-05-02 00:11:05 开始第 6817 次操作

2024-05-02 00:11:05 开始操作号码 【1626717】
2024-05-02 00:11:22 GSD getOne 第 1 次 等待 3 秒
2024-05-02 00:11:25 查询号码 【1626717】，返回信息 {"status":"ok","msg":"黑龙江-哈尔滨","gid":"212960","time_insert":"2021-07-07 08:49"}
2024-05-02 00:11:25 查询号码 【1626717】，GSD为【"黑龙江-哈尔滨"】

2024-05-02 00:11:26 开始第 6818 次操作

2024-05-02 00:11:26 开始操作号码 【1626718】
2024-05-02 00:11:31 GSD getOne 第 1 次 等待 3 秒
2024-05-02 00:11:34 查询号码 【1626718】，返回信息 {"status":"ok","msg":"黑龙江-哈尔滨","gid":"212972","time_insert":"2021-07-07 08:54"}
2024-05-02 00:11:34 查询号码 【1626718】，GSD为【"黑龙江-哈尔滨"】

2024-05-02 00:11:35 开始第 6819 次操作

2024-05-02 00:11:35 开始操作号码 【1626719】
2024-05-02 00:11:44 GSD getOne 第 1 次 等待 3 秒
2024-05-02 00:11:47 查询号码 【1626719】，返回信息 {"status":"ok","msg":"黑龙江-哈尔滨","gid":"212986","time_insert":"2021-07-07 08:59"}
2024-05-02 00:11:47 查询号码 【1626719】，GSD为【"黑龙江-哈尔滨"】

2024-05-02 00:11:48 开始第 6820 次操作

2024-05-02 00:11:48 开始操作号码 【1626720】
2024-05-02 00:11:54 GSD getOne 第 1 次 等待 3 秒
2024-05-02 00:11:57 查询号码 【1626720】，返回信息 {"status":"ok","msg":"-","gid":"212989","time_insert":"2021-07-07 09:03"}
2024-05-02 00:11:57 查询号码 【1626720】，GSD为【"-"】
2024-05-02 00:11:57 ok && -
2024-05-02 00:11:59 CHB 1626720?1714579917 第 1 次 等待 3 秒
2024-05-02 00:12:02 CHB 1626720?1714579917 第 1 次 获取到号码【1626720】GSD
2024-05-02 00:12:02 未获取到号码【1626720】GSD，可能号码格式错误
2024-05-02 00:12:02 获取到号码【1626720】的GSD为【-】
2024-05-02 00:12:09 GSD insert 第 1 次 等待 3 秒
2024-05-02 00:12:12 {"status":"bad","gid":"212989","msg":"添加失败！号码【1626720(-|-)】已存在！"}

