2024-10-13 00:27:06 开始第 8921 次操作

2024-10-13 00:27:06 开始操作号码 【1408918】
2024-10-13 00:27:08 GSD getOne 第 1 次 等待 3 秒
2024-10-13 00:27:11 查询号码 【1408918】，返回信息 {"status":"ok","msg":"-","gid":"699079","time_insert":"2023-05-10 05:38"}
2024-10-13 00:27:11 查询号码 【1408918】，GSD为【"-"】
2024-10-13 00:27:11 ok && -
2024-10-13 00:27:14 CHB 1408918?1728750431 第 1 次 等待 3 秒
2024-10-13 00:27:17 CHB 1408918?1728750431 第 1 次 获取到号码【1408918】GSD
2024-10-13 00:27:17 未获取到号码【1408918】GSD，可能号码格式错误
2024-10-13 00:27:17 获取到号码【1408918】的GSD为【-】
2024-10-13 00:27:22 GSD insert 第 1 次 等待 3 秒
2024-10-13 00:27:25 {"status":"bad","gid":"699079","msg":"添加失败！号码【1408918(-|-)】已存在！"}
2024-10-13 00:27:25 随机等待 227 秒，约 3 分钟
2024-10-13 00:27:25 下次操作: 2024-10-13 00:31:12

2024-10-13 00:31:12 开始第 8922 次操作

2024-10-13 00:31:12 开始操作号码 【1408919】
2024-10-13 00:31:15 GSD getOne 第 1 次 等待 3 秒
2024-10-13 00:31:18 查询号码 【1408919】，返回信息 {"status":"ok","msg":"-","gid":"699063","time_insert":"2023-05-10 05:18"}
2024-10-13 00:31:18 查询号码 【1408919】，GSD为【"-"】
2024-10-13 00:31:18 ok && -
2024-10-13 00:31:20 CHB 1408919?1728750678 第 1 次 等待 3 秒
2024-10-13 00:31:23 CHB 1408919?1728750678 第 1 次 获取到号码【1408919】GSD
2024-10-13 00:31:23 未获取到号码【1408919】GSD，可能号码格式错误
2024-10-13 00:31:23 获取到号码【1408919】的GSD为【-】
2024-10-13 00:31:25 GSD insert 第 1 次 等待 3 秒
2024-10-13 00:31:28 {"status":"bad","gid":"699063","msg":"添加失败！号码【1408919(-|-)】已存在！"}
2024-10-13 00:31:28 随机等待 139 秒，约 2 分钟
2024-10-13 00:31:28 下次操作: 2024-10-13 00:33:47

2024-10-13 00:33:47 开始第 8923 次操作

2024-10-13 00:33:47 开始操作号码 【1408920】
2024-10-13 00:33:50 GSD getOne 第 1 次 等待 3 秒
2024-10-13 00:33:53 查询号码 【1408920】，返回信息 {"status":"ok","msg":"-","gid":"699050","time_insert":"2023-05-10 05:03"}
2024-10-13 00:33:53 查询号码 【1408920】，GSD为【"-"】
2024-10-13 00:33:53 ok && -
2024-10-13 00:33:56 CHB 1408920?1728750833 第 1 次 等待 3 秒
2024-10-13 00:33:59 CHB 1408920?1728750833 第 1 次 获取到号码【1408920】GSD
2024-10-13 00:33:59 未获取到号码【1408920】GSD，可能号码格式错误
2024-10-13 00:33:59 获取到号码【1408920】的GSD为【-】
2024-10-13 00:34:01 GSD insert 第 1 次 等待 3 秒
2024-10-13 00:34:04 {"status":"bad","gid":"699050","msg":"添加失败！号码【1408920(-|-)】已存在！"}
2024-10-13 00:34:04 随机等待 73 秒，约 1 分钟
2024-10-13 00:34:04 下次操作: 2024-10-13 00:35:17

2024-10-13 00:35:17 开始第 8924 次操作

2024-10-13 00:35:17 开始操作号码 【1408921】
2024-10-13 00:35:35 GSD getOne 第 1 次 等待 3 秒
2024-10-13 00:35:38 查询号码 【1408921】，返回信息 {"status":"ok","msg":"-","gid":"699044","time_insert":"2023-05-10 04:50"}
2024-10-13 00:35:38 查询号码 【1408921】，GSD为【"-"】
2024-10-13 00:35:38 ok && -
2024-10-13 00:35:40 CHB 1408921?1728750938 第 1 次 等待 3 秒
2024-10-13 00:35:43 CHB 1408921?1728750938 第 1 次 获取到号码【1408921】GSD
2024-10-13 00:35:43 未获取到号码【1408921】GSD，可能号码格式错误
2024-10-13 00:35:43 获取到号码【1408921】的GSD为【-】
2024-10-13 00:35:48 GSD insert 第 1 次 等待 3 秒
2024-10-13 00:35:51 {"status":"bad","gid":"699044","msg":"添加失败！号码【1408921(-|-)】已存在！"}

2024-10-13 00:45:26 开始第 8925 次操作

2024-10-13 00:45:26 开始操作号码 【1408922】
2024-10-13 00:45:31 GSD getOne 第 1 次 等待 3 秒
2024-10-13 00:45:34 查询号码 【1408922】，返回信息 {"status":"ok","msg":"-","gid":"699024","time_insert":"2023-05-10 04:31"}
2024-10-13 00:45:34 查询号码 【1408922】，GSD为【"-"】
2024-10-13 00:45:34 ok && -
2024-10-13 00:45:36 CHB 1408922?1728751534 第 1 次 等待 3 秒
2024-10-13 00:45:39 CHB 1408922?1728751534 第 1 次 获取到号码【1408922】GSD
2024-10-13 00:45:39 未获取到号码【1408922】GSD，可能号码格式错误
2024-10-13 00:45:39 获取到号码【1408922】的GSD为【-】
2024-10-13 00:45:41 GSD insert 第 1 次 等待 3 秒
2024-10-13 00:45:44 {"status":"bad","gid":"699024","msg":"添加失败！号码【1408922(-|-)】已存在！"}
2024-10-13 00:45:44 随机等待 81 秒，约 1 分钟
2024-10-13 00:45:44 下次操作: 2024-10-13 00:47:05

2024-10-13 00:47:05 开始第 8926 次操作

2024-10-13 00:47:05 开始操作号码 【1408923】
2024-10-13 00:47:07 GSD getOne 第 1 次 等待 3 秒
2024-10-13 00:47:10 查询号码 【1408923】，返回信息 {"status":"ok","msg":"-","gid":"699021","time_insert":"2023-05-10 04:23"}
2024-10-13 00:47:10 查询号码 【1408923】，GSD为【"-"】
2024-10-13 00:47:10 ok && -
2024-10-13 00:47:12 CHB 1408923?1728751630 第 1 次 等待 3 秒
2024-10-13 00:47:16 CHB 1408923?1728751630 第 1 次 获取到号码【1408923】GSD
2024-10-13 00:47:16 未获取到号码【1408923】GSD，可能号码格式错误
2024-10-13 00:47:16 获取到号码【1408923】的GSD为【-】
2024-10-13 00:47:18 GSD insert 第 1 次 等待 3 秒
2024-10-13 00:47:21 {"status":"bad","gid":"699021","msg":"添加失败！号码【1408923(-|-)】已存在！"}
2024-10-13 00:47:21 随机等待 85 秒，约 1 分钟
2024-10-13 00:47:21 下次操作: 2024-10-13 00:48:46

2024-10-13 00:48:46 开始第 8927 次操作

2024-10-13 00:48:46 开始操作号码 【1408924】
2024-10-13 00:48:48 GSD getOne 第 1 次 等待 3 秒
2024-10-13 00:48:51 查询号码 【1408924】，返回信息 {"status":"ok","msg":"-","gid":"699005","time_insert":"2023-05-10 04:03"}
2024-10-13 00:48:51 查询号码 【1408924】，GSD为【"-"】
2024-10-13 00:48:51 ok && -
2024-10-13 00:48:52 CHB 1408924?1728751731 第 1 次 等待 3 秒
2024-10-13 00:48:55 CHB 1408924?1728751731 第 1 次 获取到号码【1408924】GSD
2024-10-13 00:48:55 未获取到号码【1408924】GSD，可能号码格式错误
2024-10-13 00:48:55 获取到号码【1408924】的GSD为【-】
2024-10-13 00:49:00 GSD insert 第 1 次 等待 3 秒
2024-10-13 00:49:03 {"status":"bad","gid":"699005","msg":"添加失败！号码【1408924(-|-)】已存在！"}
2024-10-13 00:49:03 随机等待 90 秒，约 1 分钟
2024-10-13 00:49:03 下次操作: 2024-10-13 00:50:33

2024-10-13 00:50:33 开始第 8928 次操作

2024-10-13 00:50:33 开始操作号码 【1408925】
2024-10-13 00:50:35 GSD getOne 第 1 次 等待 3 秒
2024-10-13 00:50:38 查询号码 【1408925】，返回信息 {"status":"ok","msg":"-","gid":"698990","time_insert":"2023-05-10 03:46"}
2024-10-13 00:50:38 查询号码 【1408925】，GSD为【"-"】
2024-10-13 00:50:38 ok && -
2024-10-13 00:50:40 CHB 1408925?1728751838 第 1 次 等待 3 秒
2024-10-13 00:50:43 CHB 1408925?1728751838 第 1 次 获取到号码【1408925】GSD
2024-10-13 00:50:44 未获取到号码【1408925】GSD，可能号码格式错误
2024-10-13 00:50:44 获取到号码【1408925】的GSD为【-】
2024-10-13 00:50:46 GSD insert 第 1 次 等待 3 秒
2024-10-13 00:50:49 {"status":"bad","gid":"698990","msg":"添加失败！号码【1408925(-|-)】已存在！"}

