2024-01-26 00:11:22 开始第 161 次操作

2024-01-26 00:11:22 开始操作号码 【1730060】
2024-01-26 00:11:46 GSD getOne 第 1 次 等待 3 秒
2024-01-26 00:11:49 查询号码 【1730060】，返回信息 {"status":"ok","msg":"江苏-苏州","gid":"133560","time_insert":"2021-06-26 18:07"}
2024-01-26 00:11:49 查询号码 【1730060】，GSD为【"江苏-苏州"】

2024-01-26 00:11:50 开始第 162 次操作

2024-01-26 00:11:50 开始操作号码 【1730061】
2024-01-26 00:12:14 GSD getOne 第 1 次 等待 3 秒
2024-01-26 00:12:17 查询号码 【1730061】，返回信息 {"status":"ok","msg":"江苏-苏州","gid":"133566","time_insert":"2021-06-26 18:07"}
2024-01-26 00:12:17 查询号码 【1730061】，GSD为【"江苏-苏州"】

2024-01-26 00:12:18 开始第 163 次操作

2024-01-26 00:12:18 开始操作号码 【1730062】
2024-01-26 00:12:42 GSD getOne 第 1 次 等待 3 秒
2024-01-26 00:12:45 查询号码 【1730062】，返回信息 {"status":"ok","msg":"江苏-苏州","gid":"133572","time_insert":"2021-06-26 18:08"}
2024-01-26 00:12:45 查询号码 【1730062】，GSD为【"江苏-苏州"】

2024-01-26 00:12:46 开始第 164 次操作

2024-01-26 00:12:46 开始操作号码 【1730063】
2024-01-26 00:13:09 GSD getOne 第 1 次 等待 3 秒
2024-01-26 00:13:12 查询号码 【1730063】，返回信息 {"status":"ok","msg":"江苏-苏州","gid":"133578","time_insert":"2021-06-26 18:09"}
2024-01-26 00:13:12 查询号码 【1730063】，GSD为【"江苏-苏州"】

