2023-12-09 00:11:22 开始第 2233 次操作

2023-12-09 00:11:22 开始操作号码 【1842132】
2023-12-09 00:11:27 GSD getOne 第 1 次 等待 3 秒
2023-12-09 00:11:30 查询号码 【1842132】，返回信息 {"status":"ok","msg":"上海-上海","gid":"488781","time_insert":"2021-08-03 09:57"}
2023-12-09 00:11:30 查询号码 【1842132】，GSD为【"上海-上海"】

2023-12-09 00:11:31 开始第 2234 次操作

2023-12-09 00:11:31 开始操作号码 【1842133】
2023-12-09 00:11:35 GSD getOne 第 1 次 等待 3 秒
2023-12-09 00:11:38 查询号码 【1842133】，返回信息 {"status":"ok","msg":"上海-上海","gid":"488774","time_insert":"2021-08-03 09:57"}
2023-12-09 00:11:38 查询号码 【1842133】，GSD为【"上海-上海"】

2023-12-09 00:11:39 开始第 2235 次操作

2023-12-09 00:11:39 开始操作号码 【1842134】
2023-12-09 00:11:45 GSD getOne 第 1 次 等待 3 秒
2023-12-09 00:11:48 查询号码 【1842134】，返回信息 {"status":"ok","msg":"上海-上海","gid":"488765","time_insert":"2021-08-03 09:56","time_update":"2021-08-09 14:20"}
2023-12-09 00:11:48 查询号码 【1842134】，GSD为【"上海-上海"】

2023-12-09 00:11:49 开始第 2236 次操作

2023-12-09 00:11:49 开始操作号码 【1842135】
2023-12-09 00:11:56 GSD getOne 第 1 次 等待 3 秒
2023-12-09 00:11:59 查询号码 【1842135】，返回信息 {"status":"ok","msg":"上海-上海","gid":"488754","time_insert":"2021-08-03 09:55"}
2023-12-09 00:11:59 查询号码 【1842135】，GSD为【"上海-上海"】

2023-12-09 00:37:48 开始第 2237 次操作

2023-12-09 00:37:48 开始操作号码 【1842136】
2023-12-09 00:37:53 GSD getOne 第 1 次 等待 3 秒
2023-12-09 00:37:56 查询号码 【1842136】，返回信息 {"status":"ok","msg":"上海-上海","gid":"488748","time_insert":"2021-08-03 09:55"}
2023-12-09 00:37:56 查询号码 【1842136】，GSD为【"上海-上海"】

2023-12-09 00:37:57 开始第 2238 次操作

2023-12-09 00:37:57 开始操作号码 【1842137】
2023-12-09 00:38:01 GSD getOne 第 1 次 等待 3 秒
2023-12-09 00:38:04 查询号码 【1842137】，返回信息 {"status":"ok","msg":"上海-上海","gid":"488741","time_insert":"2021-08-03 09:54","time_update":"2021-08-09 14:27"}
2023-12-09 00:38:04 查询号码 【1842137】，GSD为【"上海-上海"】

2023-12-09 00:38:05 开始第 2239 次操作

2023-12-09 00:38:05 开始操作号码 【1842138】
2023-12-09 00:38:13 GSD getOne 第 1 次 等待 3 秒
2023-12-09 00:38:16 查询号码 【1842138】，返回信息 {"status":"ok","msg":"上海-上海","gid":"488734","time_insert":"2021-08-03 09:54"}
2023-12-09 00:38:16 查询号码 【1842138】，GSD为【"上海-上海"】

2023-12-09 00:38:17 开始第 2240 次操作

2023-12-09 00:38:17 开始操作号码 【1842139】
2023-12-09 00:38:21 GSD getOne 第 1 次 等待 3 秒
2023-12-09 00:38:24 查询号码 【1842139】，返回信息 {"status":"ok","msg":"上海-上海","gid":"488725","time_insert":"2021-08-03 09:53"}
2023-12-09 00:38:24 查询号码 【1842139】，GSD为【"上海-上海"】

