2023-11-04 00:10:55 开始第 6861 次操作

2023-11-04 00:10:55 开始操作号码 【1946760】
2023-11-04 00:11:03 GSD getOne 第 1 次 等待 3 秒
2023-11-04 00:11:06 查询号码 【1946760】，返回信息 {"status":"ok","msg":"-","gid":"614224","time_insert":"2023-03-25 18:50"}
2023-11-04 00:11:06 查询号码 【1946760】，GSD为【"-"】
2023-11-04 00:11:06 ok && -
2023-11-04 00:11:08 CHB 1946760?1699027866 第 1 次 等待 3 秒
2023-11-04 00:11:11 CHB 1946760?1699027866 第 1 次 获取到号码【1946760】GSD
2023-11-04 00:11:11 未获取到号码【1946760】GSD，可能号码格式错误
2023-11-04 00:11:11 获取到号码【1946760】的GSD为【-】
2023-11-04 00:11:15 GSD insert 第 1 次 等待 3 秒
2023-11-04 00:11:18 {"status":"bad","gid":"614224","msg":"添加失败！号码【1946760(-|-)】已存在！"}
2023-11-04 00:11:18 随机等待 185 秒，约 3 分钟
2023-11-04 00:11:18 下次操作: 2023-11-04 00:14:23

2023-11-04 00:14:23 开始第 6862 次操作

2023-11-04 00:14:23 开始操作号码 【1946761】
2023-11-04 00:14:26 GSD getOne 第 1 次 等待 3 秒
2023-11-04 00:14:29 查询号码 【1946761】，返回信息 {"status":"ok","msg":"-","gid":"614219","time_insert":"2023-03-25 18:48"}
2023-11-04 00:14:29 查询号码 【1946761】，GSD为【"-"】
2023-11-04 00:14:29 ok && -
2023-11-04 00:14:30 CHB 1946761?1699028069 第 1 次 等待 3 秒
2023-11-04 00:14:33 CHB 1946761?1699028069 第 1 次 获取到号码【1946761】GSD
2023-11-04 00:14:33 未获取到号码【1946761】GSD，可能号码格式错误
2023-11-04 00:14:33 获取到号码【1946761】的GSD为【-】
2023-11-04 00:14:39 GSD insert 第 1 次 等待 3 秒
2023-11-04 00:14:42 {"status":"bad","gid":"614219","msg":"添加失败！号码【1946761(-|-)】已存在！"}
2023-11-04 00:14:42 随机等待 96 秒，约 1 分钟
2023-11-04 00:14:42 下次操作: 2023-11-04 00:16:18

2023-11-04 00:16:18 开始第 6863 次操作

2023-11-04 00:16:18 开始操作号码 【1946762】
2023-11-04 00:16:22 GSD getOne 第 1 次 等待 3 秒
2023-11-04 00:16:25 查询号码 【1946762】，返回信息 {"status":"ok","msg":"-","gid":"614214","time_insert":"2023-03-25 18:46"}
2023-11-04 00:16:25 查询号码 【1946762】，GSD为【"-"】
2023-11-04 00:16:25 ok && -
2023-11-04 00:16:27 CHB 1946762?1699028185 第 1 次 等待 3 秒
2023-11-04 00:16:30 CHB 1946762?1699028185 第 1 次 获取到号码【1946762】GSD
2023-11-04 00:16:30 未获取到号码【1946762】GSD，可能号码格式错误
2023-11-04 00:16:30 获取到号码【1946762】的GSD为【-】
2023-11-04 00:16:33 GSD insert 第 1 次 等待 3 秒
2023-11-04 00:16:36 {"status":"bad","gid":"614214","msg":"添加失败！号码【1946762(-|-)】已存在！"}
2023-11-04 00:16:36 随机等待 70 秒，约 1 分钟
2023-11-04 00:16:36 下次操作: 2023-11-04 00:17:46

2023-11-04 00:17:46 开始第 6864 次操作

2023-11-04 00:17:46 开始操作号码 【1946763】
2023-11-04 00:17:49 GSD getOne 第 1 次 等待 3 秒
2023-11-04 00:17:52 查询号码 【1946763】，返回信息 {"status":"ok","msg":"-","gid":"614208","time_insert":"2023-03-25 18:42"}
2023-11-04 00:17:52 查询号码 【1946763】，GSD为【"-"】
2023-11-04 00:17:52 ok && -
2023-11-04 00:17:53 CHB 1946763?1699028272 第 1 次 等待 3 秒
2023-11-04 00:17:56 CHB 1946763?1699028272 第 1 次 获取到号码【1946763】GSD
2023-11-04 00:17:56 未获取到号码【1946763】GSD，可能号码格式错误
2023-11-04 00:17:56 获取到号码【1946763】的GSD为【-】
2023-11-04 00:17:59 GSD insert 第 1 次 等待 3 秒
2023-11-04 00:18:02 {"status":"bad","gid":"614208","msg":"添加失败！号码【1946763(-|-)】已存在！"}

