2024-08-21 00:25:02 开始第 277 次操作

2024-08-21 00:25:02 开始操作号码 【1400276】
2024-08-21 00:25:11 GSD getOne 第 1 次 等待 3 秒
2024-08-21 00:25:14 查询号码 【1400276】，返回信息 {"status":"ok","msg":"-","gid":"522479","time_insert":"2023-02-09 03:48"}
2024-08-21 00:25:14 查询号码 【1400276】，GSD为【"-"】
2024-08-21 00:25:14 ok && -
2024-08-21 00:25:16 CHB 1400276?1724171114 第 1 次 等待 3 秒
2024-08-21 00:25:19 CHB 1400276?1724171114 第 1 次 获取到号码【1400276】GSD
2024-08-21 00:25:19 未获取到号码【1400276】GSD，可能号码格式错误
2024-08-21 00:25:19 获取到号码【1400276】的GSD为【-】
2024-08-21 00:25:28 GSD insert 第 1 次 等待 3 秒
2024-08-21 00:25:31 {"status":"bad","gid":"522479","msg":"添加失败！号码【1400276(-|-)】已存在！"}
2024-08-21 00:25:31 随机等待 212 秒，约 3 分钟
2024-08-21 00:25:31 下次操作: 2024-08-21 00:29:03

2024-08-21 00:29:03 开始第 278 次操作

2024-08-21 00:29:03 开始操作号码 【1400277】
2024-08-21 00:29:11 GSD getOne 第 1 次 等待 3 秒
2024-08-21 00:29:14 查询号码 【1400277】，返回信息 {"status":"ok","msg":"-","gid":"522493","time_insert":"2023-02-09 03:59"}
2024-08-21 00:29:14 查询号码 【1400277】，GSD为【"-"】
2024-08-21 00:29:14 ok && -
2024-08-21 00:29:17 CHB 1400277?1724171354 第 1 次 等待 3 秒
2024-08-21 00:29:20 CHB 1400277?1724171354 第 1 次 获取到号码【1400277】GSD
2024-08-21 00:29:20 未获取到号码【1400277】GSD，可能号码格式错误
2024-08-21 00:29:20 获取到号码【1400277】的GSD为【-】
2024-08-21 00:29:28 GSD insert 第 1 次 等待 3 秒
2024-08-21 00:29:31 {"status":"bad","gid":"522493","msg":"添加失败！号码【1400277(-|-)】已存在！"}
2024-08-21 00:29:31 随机等待 217 秒，约 3 分钟
2024-08-21 00:29:31 下次操作: 2024-08-21 00:33:08

2024-08-21 00:33:08 开始第 279 次操作

2024-08-21 00:33:08 开始操作号码 【1400278】
2024-08-21 00:33:18 GSD getOne 第 1 次 等待 3 秒
2024-08-21 00:33:21 查询号码 【1400278】，返回信息 {"status":"ok","msg":"-","gid":"522506","time_insert":"2023-02-09 04:13"}
2024-08-21 00:33:21 查询号码 【1400278】，GSD为【"-"】
2024-08-21 00:33:21 ok && -
2024-08-21 00:33:23 CHB 1400278?1724171601 第 1 次 等待 3 秒
2024-08-21 00:33:26 CHB 1400278?1724171601 第 1 次 获取到号码【1400278】GSD
2024-08-21 00:33:26 未获取到号码【1400278】GSD，可能号码格式错误
2024-08-21 00:33:26 获取到号码【1400278】的GSD为【-】
2024-08-21 00:33:35 GSD insert 第 1 次 等待 3 秒
2024-08-21 00:33:38 {"status":"bad","gid":"522506","msg":"添加失败！号码【1400278(-|-)】已存在！"}
2024-08-21 00:33:38 随机等待 221 秒，约 3 分钟
2024-08-21 00:33:38 下次操作: 2024-08-21 00:37:19

2024-08-21 00:37:19 开始第 280 次操作

2024-08-21 00:37:19 开始操作号码 【1400279】
2024-08-21 00:37:27 GSD getOne 第 1 次 等待 3 秒
2024-08-21 00:37:30 查询号码 【1400279】，返回信息 {"status":"ok","msg":"-","gid":"522518","time_insert":"2023-02-09 04:24"}
2024-08-21 00:37:30 查询号码 【1400279】，GSD为【"-"】
2024-08-21 00:37:30 ok && -
2024-08-21 00:37:32 CHB 1400279?1724171850 第 1 次 等待 3 秒
2024-08-21 00:37:35 CHB 1400279?1724171850 第 1 次 获取到号码【1400279】GSD
2024-08-21 00:37:35 未获取到号码【1400279】GSD，可能号码格式错误
2024-08-21 00:37:35 获取到号码【1400279】的GSD为【-】
2024-08-21 00:37:46 GSD insert 第 1 次 等待 3 秒
2024-08-21 00:37:49 {"status":"bad","gid":"522518","msg":"添加失败！号码【1400279(-|-)】已存在！"}

2024-08-21 00:42:17 开始第 281 次操作

2024-08-21 00:42:17 开始操作号码 【1400280】
2024-08-21 00:42:26 GSD getOne 第 1 次 等待 3 秒
2024-08-21 00:42:29 查询号码 【1400280】，返回信息 {"status":"ok","msg":"-","gid":"522537","time_insert":"2023-02-09 04:38"}
2024-08-21 00:42:29 查询号码 【1400280】，GSD为【"-"】
2024-08-21 00:42:29 ok && -
2024-08-21 00:42:31 CHB 1400280?1724172149 第 1 次 等待 3 秒
2024-08-21 00:42:34 CHB 1400280?1724172149 第 1 次 获取到号码【1400280】GSD
2024-08-21 00:42:34 未获取到号码【1400280】GSD，可能号码格式错误
2024-08-21 00:42:34 获取到号码【1400280】的GSD为【-】
2024-08-21 00:42:43 GSD insert 第 1 次 等待 3 秒
2024-08-21 00:42:46 {"status":"bad","gid":"522537","msg":"添加失败！号码【1400280(-|-)】已存在！"}
2024-08-21 00:42:46 随机等待 223 秒，约 3 分钟
2024-08-21 00:42:46 下次操作: 2024-08-21 00:46:29

2024-08-21 00:46:29 开始第 282 次操作

2024-08-21 00:46:29 开始操作号码 【1400281】
2024-08-21 00:46:39 GSD getOne 第 1 次 等待 3 秒
2024-08-21 00:46:42 查询号码 【1400281】，返回信息 {"status":"ok","msg":"-","gid":"522549","time_insert":"2023-02-09 04:51"}
2024-08-21 00:46:42 查询号码 【1400281】，GSD为【"-"】
2024-08-21 00:46:42 ok && -
2024-08-21 00:46:44 CHB 1400281?1724172402 第 1 次 等待 3 秒
2024-08-21 00:46:47 CHB 1400281?1724172402 第 1 次 获取到号码【1400281】GSD
2024-08-21 00:46:47 未获取到号码【1400281】GSD，可能号码格式错误
2024-08-21 00:46:47 获取到号码【1400281】的GSD为【-】
2024-08-21 00:46:55 GSD insert 第 1 次 等待 3 秒
2024-08-21 00:46:58 {"status":"bad","gid":"522549","msg":"添加失败！号码【1400281(-|-)】已存在！"}
2024-08-21 00:46:58 随机等待 154 秒，约 2 分钟
2024-08-21 00:46:58 下次操作: 2024-08-21 00:49:32

2024-08-21 00:49:32 开始第 283 次操作

2024-08-21 00:49:32 开始操作号码 【1400282】
2024-08-21 00:49:42 GSD getOne 第 1 次 等待 3 秒
2024-08-21 00:49:45 查询号码 【1400282】，返回信息 {"status":"ok","msg":"-","gid":"522560","time_insert":"2023-02-09 05:02"}
2024-08-21 00:49:45 查询号码 【1400282】，GSD为【"-"】
2024-08-21 00:49:45 ok && -
2024-08-21 00:49:47 CHB 1400282?1724172585 第 1 次 等待 3 秒
2024-08-21 00:49:50 CHB 1400282?1724172585 第 1 次 获取到号码【1400282】GSD
2024-08-21 00:49:50 未获取到号码【1400282】GSD，可能号码格式错误
2024-08-21 00:49:50 获取到号码【1400282】的GSD为【-】
2024-08-21 00:50:00 GSD insert 第 1 次 等待 3 秒
2024-08-21 00:50:03 {"status":"bad","gid":"522560","msg":"添加失败！号码【1400282(-|-)】已存在！"}
2024-08-21 00:50:03 随机等待 133 秒，约 2 分钟
2024-08-21 00:50:03 下次操作: 2024-08-21 00:52:16

2024-08-21 00:52:16 开始第 284 次操作

2024-08-21 00:52:16 开始操作号码 【1400283】
2024-08-21 00:52:24 GSD getOne 第 1 次 等待 3 秒
2024-08-21 00:52:27 查询号码 【1400283】，返回信息 {"status":"ok","msg":"-","gid":"522574","time_insert":"2023-02-09 05:13"}
2024-08-21 00:52:27 查询号码 【1400283】，GSD为【"-"】
2024-08-21 00:52:27 ok && -
2024-08-21 00:52:29 CHB 1400283?1724172747 第 1 次 等待 3 秒
2024-08-21 00:52:32 CHB 1400283?1724172747 第 1 次 获取到号码【1400283】GSD
2024-08-21 00:52:32 未获取到号码【1400283】GSD，可能号码格式错误
2024-08-21 00:52:32 获取到号码【1400283】的GSD为【-】
2024-08-21 00:52:40 GSD insert 第 1 次 等待 3 秒
2024-08-21 00:52:43 {"status":"bad","gid":"522574","msg":"添加失败！号码【1400283(-|-)】已存在！"}

2024-08-21 01:18:57 开始第 285 次操作

2024-08-21 01:18:57 开始操作号码 【1400284】
2024-08-21 01:19:06 GSD getOne 第 1 次 等待 3 秒
2024-08-21 01:19:09 查询号码 【1400284】，返回信息 {"status":"ok","msg":"-","gid":"522589","time_insert":"2023-02-09 05:27"}
2024-08-21 01:19:09 查询号码 【1400284】，GSD为【"-"】
2024-08-21 01:19:09 ok && -
2024-08-21 01:19:11 CHB 1400284?1724174349 第 1 次 等待 3 秒
2024-08-21 01:19:14 CHB 1400284?1724174349 第 1 次 获取到号码【1400284】GSD
2024-08-21 01:19:14 未获取到号码【1400284】GSD，可能号码格式错误
2024-08-21 01:19:14 获取到号码【1400284】的GSD为【-】
2024-08-21 01:19:22 GSD insert 第 1 次 等待 3 秒
2024-08-21 01:19:25 {"status":"bad","gid":"522589","msg":"添加失败！号码【1400284(-|-)】已存在！"}
2024-08-21 01:19:25 随机等待 142 秒，约 2 分钟
2024-08-21 01:19:25 下次操作: 2024-08-21 01:21:47

2024-08-21 01:21:47 开始第 286 次操作

2024-08-21 01:21:47 开始操作号码 【1400285】
2024-08-21 01:21:56 GSD getOne 第 1 次 等待 3 秒
2024-08-21 01:21:59 查询号码 【1400285】，返回信息 {"status":"ok","msg":"-","gid":"522602","time_insert":"2023-02-09 05:40"}
2024-08-21 01:21:59 查询号码 【1400285】，GSD为【"-"】
2024-08-21 01:21:59 ok && -
2024-08-21 01:22:01 CHB 1400285?1724174519 第 1 次 等待 3 秒
2024-08-21 01:22:04 CHB 1400285?1724174519 第 1 次 获取到号码【1400285】GSD
2024-08-21 01:22:04 未获取到号码【1400285】GSD，可能号码格式错误
2024-08-21 01:22:04 获取到号码【1400285】的GSD为【-】
2024-08-21 01:22:15 GSD insert 第 1 次 等待 3 秒
2024-08-21 01:22:18 {"status":"bad","gid":"522602","msg":"添加失败！号码【1400285(-|-)】已存在！"}
2024-08-21 01:22:18 随机等待 145 秒，约 2 分钟
2024-08-21 01:22:18 下次操作: 2024-08-21 01:24:43

2024-08-21 01:24:43 开始第 287 次操作

2024-08-21 01:24:43 开始操作号码 【1400286】
2024-08-21 01:24:55 GSD getOne 第 1 次 等待 3 秒
2024-08-21 01:24:58 查询号码 【1400286】，返回信息 {"status":"ok","msg":"-","gid":"522617","time_insert":"2023-02-09 05:51"}
2024-08-21 01:24:58 查询号码 【1400286】，GSD为【"-"】
2024-08-21 01:24:58 ok && -
2024-08-21 01:25:00 CHB 1400286?1724174698 第 1 次 等待 3 秒
2024-08-21 01:25:03 CHB 1400286?1724174698 第 1 次 获取到号码【1400286】GSD
2024-08-21 01:25:03 未获取到号码【1400286】GSD，可能号码格式错误
2024-08-21 01:25:03 获取到号码【1400286】的GSD为【-】
2024-08-21 01:25:15 GSD insert 第 1 次 等待 3 秒
2024-08-21 01:25:18 {"status":"bad","gid":"522617","msg":"添加失败！号码【1400286(-|-)】已存在！"}
2024-08-21 01:25:18 随机等待 118 秒，约 1 分钟
2024-08-21 01:25:18 下次操作: 2024-08-21 01:27:16

2024-08-21 01:27:16 开始第 288 次操作

2024-08-21 01:27:16 开始操作号码 【1400287】
2024-08-21 01:27:24 GSD getOne 第 1 次 等待 3 秒
2024-08-21 01:27:27 查询号码 【1400287】，返回信息 {"status":"ok","msg":"-","gid":"522632","time_insert":"2023-02-09 06:05"}
2024-08-21 01:27:27 查询号码 【1400287】，GSD为【"-"】
2024-08-21 01:27:27 ok && -
2024-08-21 01:27:29 CHB 1400287?1724174847 第 1 次 等待 3 秒
2024-08-21 01:27:32 CHB 1400287?1724174847 第 1 次 获取到号码【1400287】GSD
2024-08-21 01:27:32 未获取到号码【1400287】GSD，可能号码格式错误
2024-08-21 01:27:32 获取到号码【1400287】的GSD为【-】
2024-08-21 01:27:40 GSD insert 第 1 次 等待 3 秒
2024-08-21 01:27:43 {"status":"bad","gid":"522632","msg":"添加失败！号码【1400287(-|-)】已存在！"}

2024-08-21 01:38:16 开始第 289 次操作

2024-08-21 01:38:16 开始操作号码 【1400288】
2024-08-21 01:38:25 GSD getOne 第 1 次 等待 3 秒
2024-08-21 01:38:28 查询号码 【1400288】，返回信息 {"status":"ok","msg":"-","gid":"522645","time_insert":"2023-02-09 06:18"}
2024-08-21 01:38:28 查询号码 【1400288】，GSD为【"-"】
2024-08-21 01:38:28 ok && -
2024-08-21 01:38:30 CHB 1400288?1724175508 第 1 次 等待 3 秒
2024-08-21 01:38:33 CHB 1400288?1724175508 第 1 次 获取到号码【1400288】GSD
2024-08-21 01:38:33 未获取到号码【1400288】GSD，可能号码格式错误
2024-08-21 01:38:33 获取到号码【1400288】的GSD为【-】
2024-08-21 01:38:42 GSD insert 第 1 次 等待 3 秒
2024-08-21 01:38:45 {"status":"bad","gid":"522645","msg":"添加失败！号码【1400288(-|-)】已存在！"}
2024-08-21 01:38:45 随机等待 112 秒，约 1 分钟
2024-08-21 01:38:45 下次操作: 2024-08-21 01:40:37

2024-08-21 01:40:37 开始第 290 次操作

2024-08-21 01:40:37 开始操作号码 【1400289】
2024-08-21 01:40:45 GSD getOne 第 1 次 等待 3 秒
2024-08-21 01:40:48 查询号码 【1400289】，返回信息 {"status":"ok","msg":"-","gid":"522661","time_insert":"2023-02-09 06:29"}
2024-08-21 01:40:48 查询号码 【1400289】，GSD为【"-"】
2024-08-21 01:40:48 ok && -
2024-08-21 01:40:50 CHB 1400289?1724175648 第 1 次 等待 3 秒
2024-08-21 01:40:53 CHB 1400289?1724175648 第 1 次 获取到号码【1400289】GSD
2024-08-21 01:40:53 未获取到号码【1400289】GSD，可能号码格式错误
2024-08-21 01:40:53 获取到号码【1400289】的GSD为【-】
2024-08-21 01:41:01 GSD insert 第 1 次 等待 3 秒
2024-08-21 01:41:04 {"status":"bad","gid":"522661","msg":"添加失败！号码【1400289(-|-)】已存在！"}
2024-08-21 01:41:04 随机等待 208 秒，约 3 分钟
2024-08-21 01:41:04 下次操作: 2024-08-21 01:44:32

2024-08-21 01:44:32 开始第 291 次操作

2024-08-21 01:44:32 开始操作号码 【1400290】
2024-08-21 01:44:43 GSD getOne 第 1 次 等待 3 秒
2024-08-21 01:44:46 查询号码 【1400290】，返回信息 {"status":"ok","msg":"-","gid":"522675","time_insert":"2023-02-09 06:44"}
2024-08-21 01:44:46 查询号码 【1400290】，GSD为【"-"】
2024-08-21 01:44:46 ok && -
2024-08-21 01:44:47 CHB 1400290?1724175886 第 1 次 等待 3 秒
2024-08-21 01:44:50 CHB 1400290?1724175886 第 1 次 获取到号码【1400290】GSD
2024-08-21 01:44:50 未获取到号码【1400290】GSD，可能号码格式错误
2024-08-21 01:44:50 获取到号码【1400290】的GSD为【-】
2024-08-21 01:44:58 GSD insert 第 1 次 等待 3 秒
2024-08-21 01:45:01 {"status":"bad","gid":"522675","msg":"添加失败！号码【1400290(-|-)】已存在！"}
2024-08-21 01:45:01 随机等待 107 秒，约 1 分钟
2024-08-21 01:45:01 下次操作: 2024-08-21 01:46:48

2024-08-21 01:46:48 开始第 292 次操作

2024-08-21 01:46:48 开始操作号码 【1400291】
2024-08-21 01:46:57 GSD getOne 第 1 次 等待 3 秒
2024-08-21 01:47:00 查询号码 【1400291】，返回信息 {"status":"ok","msg":"-","gid":"522693","time_insert":"2023-02-09 06:59"}
2024-08-21 01:47:00 查询号码 【1400291】，GSD为【"-"】
2024-08-21 01:47:00 ok && -
2024-08-21 01:47:02 CHB 1400291?1724176020 第 1 次 等待 3 秒
2024-08-21 01:47:05 CHB 1400291?1724176020 第 1 次 获取到号码【1400291】GSD
2024-08-21 01:47:05 未获取到号码【1400291】GSD，可能号码格式错误
2024-08-21 01:47:05 获取到号码【1400291】的GSD为【-】
2024-08-21 01:47:12 GSD insert 第 1 次 等待 3 秒
2024-08-21 01:47:15 {"status":"bad","gid":"522693","msg":"添加失败！号码【1400291(-|-)】已存在！"}

2024-08-21 02:27:37 开始第 293 次操作

2024-08-21 02:27:37 开始操作号码 【1400292】
2024-08-21 02:27:45 GSD getOne 第 1 次 等待 3 秒
2024-08-21 02:27:48 查询号码 【1400292】，返回信息 {"status":"ok","msg":"-","gid":"522707","time_insert":"2023-02-09 07:12"}
2024-08-21 02:27:48 查询号码 【1400292】，GSD为【"-"】
2024-08-21 02:27:48 ok && -
2024-08-21 02:27:50 CHB 1400292?1724178468 第 1 次 等待 3 秒
2024-08-21 02:27:53 CHB 1400292?1724178468 第 1 次 获取到号码【1400292】GSD
2024-08-21 02:27:53 未获取到号码【1400292】GSD，可能号码格式错误
2024-08-21 02:27:53 获取到号码【1400292】的GSD为【-】
2024-08-21 02:28:01 GSD insert 第 1 次 等待 3 秒
2024-08-21 02:28:04 {"status":"bad","gid":"522707","msg":"添加失败！号码【1400292(-|-)】已存在！"}
2024-08-21 02:28:04 随机等待 222 秒，约 3 分钟
2024-08-21 02:28:04 下次操作: 2024-08-21 02:31:46

2024-08-21 02:31:46 开始第 294 次操作

2024-08-21 02:31:46 开始操作号码 【1400293】
2024-08-21 02:31:54 GSD getOne 第 1 次 等待 3 秒
2024-08-21 02:31:57 查询号码 【1400293】，返回信息 {"status":"ok","msg":"-","gid":"522722","time_insert":"2023-02-09 07:26"}
2024-08-21 02:31:57 查询号码 【1400293】，GSD为【"-"】
2024-08-21 02:31:57 ok && -
2024-08-21 02:31:59 CHB 1400293?1724178717 第 1 次 等待 3 秒
2024-08-21 02:32:02 CHB 1400293?1724178717 第 1 次 获取到号码【1400293】GSD
2024-08-21 02:32:02 未获取到号码【1400293】GSD，可能号码格式错误
2024-08-21 02:32:02 获取到号码【1400293】的GSD为【-】
2024-08-21 02:32:10 GSD insert 第 1 次 等待 3 秒
2024-08-21 02:32:13 {"status":"bad","gid":"522722","msg":"添加失败！号码【1400293(-|-)】已存在！"}
2024-08-21 02:32:13 随机等待 105 秒，约 1 分钟
2024-08-21 02:32:13 下次操作: 2024-08-21 02:33:58

2024-08-21 02:33:58 开始第 295 次操作

2024-08-21 02:33:58 开始操作号码 【1400294】
2024-08-21 02:34:06 GSD getOne 第 1 次 等待 3 秒
2024-08-21 02:34:09 查询号码 【1400294】，返回信息 {"status":"ok","msg":"-","gid":"522735","time_insert":"2023-02-09 07:37"}
2024-08-21 02:34:09 查询号码 【1400294】，GSD为【"-"】
2024-08-21 02:34:09 ok && -
2024-08-21 02:34:12 CHB 1400294?1724178849 第 1 次 等待 3 秒
2024-08-21 02:34:15 CHB 1400294?1724178849 第 1 次 获取到号码【1400294】GSD
2024-08-21 02:34:15 未获取到号码【1400294】GSD，可能号码格式错误
2024-08-21 02:34:15 获取到号码【1400294】的GSD为【-】
2024-08-21 02:34:23 GSD insert 第 1 次 等待 3 秒
2024-08-21 02:34:26 {"status":"bad","gid":"522735","msg":"添加失败！号码【1400294(-|-)】已存在！"}
2024-08-21 02:34:26 随机等待 85 秒，约 1 分钟
2024-08-21 02:34:26 下次操作: 2024-08-21 02:35:51

2024-08-21 02:35:51 开始第 296 次操作

2024-08-21 02:35:51 开始操作号码 【1400295】
2024-08-21 02:35:59 GSD getOne 第 1 次 等待 3 秒
2024-08-21 02:36:02 查询号码 【1400295】，返回信息 {"status":"ok","msg":"-","gid":"522749","time_insert":"2023-02-09 07:49"}
2024-08-21 02:36:02 查询号码 【1400295】，GSD为【"-"】
2024-08-21 02:36:02 ok && -
2024-08-21 02:36:04 CHB 1400295?1724178962 第 1 次 等待 3 秒
2024-08-21 02:36:07 CHB 1400295?1724178962 第 1 次 获取到号码【1400295】GSD
2024-08-21 02:36:07 未获取到号码【1400295】GSD，可能号码格式错误
2024-08-21 02:36:07 获取到号码【1400295】的GSD为【-】
2024-08-21 02:36:15 GSD insert 第 1 次 等待 3 秒
2024-08-21 02:36:18 {"status":"bad","gid":"522749","msg":"添加失败！号码【1400295(-|-)】已存在！"}

2024-08-21 02:42:52 开始第 297 次操作

2024-08-21 02:42:52 开始操作号码 【1400296】
2024-08-21 02:43:00 GSD getOne 第 1 次 等待 3 秒
2024-08-21 02:43:03 查询号码 【1400296】，返回信息 {"status":"ok","msg":"-","gid":"522762","time_insert":"2023-02-09 08:02"}
2024-08-21 02:43:03 查询号码 【1400296】，GSD为【"-"】
2024-08-21 02:43:03 ok && -
2024-08-21 02:43:05 CHB 1400296?1724179383 第 1 次 等待 3 秒
2024-08-21 02:43:08 CHB 1400296?1724179383 第 1 次 获取到号码【1400296】GSD
2024-08-21 02:43:08 未获取到号码【1400296】GSD，可能号码格式错误
2024-08-21 02:43:08 获取到号码【1400296】的GSD为【-】
2024-08-21 02:43:17 GSD insert 第 1 次 等待 3 秒
2024-08-21 02:43:20 {"status":"bad","gid":"522762","msg":"添加失败！号码【1400296(-|-)】已存在！"}
2024-08-21 02:43:20 随机等待 167 秒，约 2 分钟
2024-08-21 02:43:20 下次操作: 2024-08-21 02:46:07

2024-08-21 02:46:07 开始第 298 次操作

2024-08-21 02:46:07 开始操作号码 【1400297】
2024-08-21 02:46:14 GSD getOne 第 1 次 等待 3 秒
2024-08-21 02:46:17 查询号码 【1400297】，返回信息 {"status":"ok","msg":"-","gid":"522776","time_insert":"2023-02-09 08:13"}
2024-08-21 02:46:17 查询号码 【1400297】，GSD为【"-"】
2024-08-21 02:46:17 ok && -
2024-08-21 02:46:19 CHB 1400297?1724179577 第 1 次 等待 3 秒
2024-08-21 02:46:22 CHB 1400297?1724179577 第 1 次 获取到号码【1400297】GSD
2024-08-21 02:46:22 未获取到号码【1400297】GSD，可能号码格式错误
2024-08-21 02:46:22 获取到号码【1400297】的GSD为【-】
2024-08-21 02:46:30 GSD insert 第 1 次 等待 3 秒
2024-08-21 02:46:33 {"status":"bad","gid":"522776","msg":"添加失败！号码【1400297(-|-)】已存在！"}
2024-08-21 02:46:33 随机等待 191 秒，约 3 分钟
2024-08-21 02:46:33 下次操作: 2024-08-21 02:49:44

2024-08-21 02:49:44 开始第 299 次操作

2024-08-21 02:49:44 开始操作号码 【1400298】
2024-08-21 02:49:52 GSD getOne 第 1 次 等待 3 秒
2024-08-21 02:49:55 查询号码 【1400298】，返回信息 {"status":"ok","msg":"-","gid":"522793","time_insert":"2023-02-09 08:28"}
2024-08-21 02:49:55 查询号码 【1400298】，GSD为【"-"】
2024-08-21 02:49:55 ok && -
2024-08-21 02:49:56 CHB 1400298?1724179795 第 1 次 等待 3 秒
2024-08-21 02:49:59 CHB 1400298?1724179795 第 1 次 获取到号码【1400298】GSD
2024-08-21 02:49:59 未获取到号码【1400298】GSD，可能号码格式错误
2024-08-21 02:49:59 获取到号码【1400298】的GSD为【-】
2024-08-21 02:50:07 GSD insert 第 1 次 等待 3 秒
2024-08-21 02:50:10 {"status":"bad","gid":"522793","msg":"添加失败！号码【1400298(-|-)】已存在！"}
2024-08-21 02:50:10 随机等待 172 秒，约 2 分钟
2024-08-21 02:50:10 下次操作: 2024-08-21 02:53:02

2024-08-21 02:53:02 开始第 300 次操作

2024-08-21 02:53:02 开始操作号码 【1400299】
2024-08-21 02:53:10 GSD getOne 第 1 次 等待 3 秒
2024-08-21 02:53:13 查询号码 【1400299】，返回信息 {"status":"ok","msg":"-","gid":"522808","time_insert":"2023-02-09 08:43"}
2024-08-21 02:53:13 查询号码 【1400299】，GSD为【"-"】
2024-08-21 02:53:13 ok && -
2024-08-21 02:53:16 CHB 1400299?1724179993 第 1 次 等待 3 秒
2024-08-21 02:53:19 CHB 1400299?1724179993 第 1 次 获取到号码【1400299】GSD
2024-08-21 02:53:19 未获取到号码【1400299】GSD，可能号码格式错误
2024-08-21 02:53:19 获取到号码【1400299】的GSD为【-】
2024-08-21 02:53:26 GSD insert 第 1 次 等待 3 秒
2024-08-21 02:53:29 {"status":"bad","gid":"522808","msg":"添加失败！号码【1400299(-|-)】已存在！"}

