2023-11-08 00:10:49 开始第 7593 次操作

2023-11-08 00:10:49 开始操作号码 【1947492】
2023-11-08 00:10:52 GSD getOne 第 1 次 等待 3 秒
2023-11-08 00:10:55 查询号码 【1947492】，返回信息 {"status":"ok","msg":"-","gid":"610241","time_insert":"2023-03-23 22:31"}
2023-11-08 00:10:55 查询号码 【1947492】，GSD为【"-"】
2023-11-08 00:10:55 ok && -
2023-11-08 00:10:58 CHB 1947492?1699373455 第 1 次 等待 3 秒
2023-11-08 00:11:01 CHB 1947492?1699373455 第 1 次 获取到号码【1947492】GSD
2023-11-08 00:11:01 未获取到号码【1947492】GSD，可能号码格式错误
2023-11-08 00:11:01 获取到号码【1947492】的GSD为【-】
2023-11-08 00:11:04 GSD insert 第 1 次 等待 3 秒
2023-11-08 00:11:07 {"status":"bad","gid":"610241","msg":"添加失败！号码【1947492(-|-)】已存在！"}
2023-11-08 00:11:07 随机等待 144 秒，约 2 分钟
2023-11-08 00:11:07 下次操作: 2023-11-08 00:13:31

2023-11-08 00:13:31 开始第 7594 次操作

2023-11-08 00:13:31 开始操作号码 【1947493】
2023-11-08 00:13:34 GSD getOne 第 1 次 等待 3 秒
2023-11-08 00:13:37 查询号码 【1947493】，返回信息 {"status":"ok","msg":"-","gid":"610240","time_insert":"2023-03-23 22:30"}
2023-11-08 00:13:38 查询号码 【1947493】，GSD为【"-"】
2023-11-08 00:13:38 ok && -
2023-11-08 00:13:41 CHB 1947493?1699373618 第 1 次 等待 3 秒
2023-11-08 00:13:44 CHB 1947493?1699373618 第 1 次 获取到号码【1947493】GSD
2023-11-08 00:13:44 未获取到号码【1947493】GSD，可能号码格式错误
2023-11-08 00:13:44 获取到号码【1947493】的GSD为【-】
2023-11-08 00:13:48 GSD insert 第 1 次 等待 3 秒
2023-11-08 00:13:51 {"status":"bad","gid":"610240","msg":"添加失败！号码【1947493(-|-)】已存在！"}
2023-11-08 00:13:51 随机等待 99 秒，约 1 分钟
2023-11-08 00:13:51 下次操作: 2023-11-08 00:15:30

2023-11-08 00:15:30 开始第 7595 次操作

2023-11-08 00:15:30 开始操作号码 【1947494】
2023-11-08 00:15:35 GSD getOne 第 1 次 等待 3 秒
2023-11-08 00:15:38 查询号码 【1947494】，返回信息 {"status":"ok","msg":"-","gid":"610237","time_insert":"2023-03-23 22:27"}
2023-11-08 00:15:38 查询号码 【1947494】，GSD为【"-"】
2023-11-08 00:15:38 ok && -
2023-11-08 00:15:40 CHB 1947494?1699373738 第 1 次 等待 3 秒
2023-11-08 00:15:43 CHB 1947494?1699373738 第 1 次 获取到号码【1947494】GSD
2023-11-08 00:15:43 未获取到号码【1947494】GSD，可能号码格式错误
2023-11-08 00:15:43 获取到号码【1947494】的GSD为【-】
2023-11-08 00:15:49 GSD insert 第 1 次 等待 3 秒
2023-11-08 00:15:52 {"status":"bad","gid":"610237","msg":"添加失败！号码【1947494(-|-)】已存在！"}
2023-11-08 00:15:52 随机等待 189 秒，约 3 分钟
2023-11-08 00:15:52 下次操作: 2023-11-08 00:19:01

2023-11-08 00:19:01 开始第 7596 次操作

2023-11-08 00:19:01 开始操作号码 【1947495】
2023-11-08 00:19:04 GSD getOne 第 1 次 等待 3 秒
2023-11-08 00:19:07 查询号码 【1947495】，返回信息 {"status":"ok","msg":"-","gid":"610234","time_insert":"2023-03-23 22:25"}
2023-11-08 00:19:07 查询号码 【1947495】，GSD为【"-"】
2023-11-08 00:19:07 ok && -
2023-11-08 00:19:11 CHB 1947495?1699373947 第 1 次 等待 3 秒
2023-11-08 00:19:14 CHB 1947495?1699373947 第 1 次 获取到号码【1947495】GSD
2023-11-08 00:19:14 未获取到号码【1947495】GSD，可能号码格式错误
2023-11-08 00:19:14 获取到号码【1947495】的GSD为【-】
2023-11-08 00:19:17 GSD insert 第 1 次 等待 3 秒
2023-11-08 00:19:20 {"status":"bad","gid":"610234","msg":"添加失败！号码【1947495(-|-)】已存在！"}

2023-11-08 00:37:59 开始第 7597 次操作

2023-11-08 00:37:59 开始操作号码 【1947496】
2023-11-08 00:38:06 GSD getOne 第 1 次 等待 3 秒
2023-11-08 00:38:09 查询号码 【1947496】，返回信息 {"status":"ok","msg":"-","gid":"610220","time_insert":"2023-03-23 22:16"}
2023-11-08 00:38:09 查询号码 【1947496】，GSD为【"-"】
2023-11-08 00:38:09 ok && -
2023-11-08 00:38:12 CHB 1947496?1699375089 第 1 次 等待 3 秒
2023-11-08 00:38:15 CHB 1947496?1699375089 第 1 次 获取到号码【1947496】GSD
2023-11-08 00:38:15 未获取到号码【1947496】GSD，可能号码格式错误
2023-11-08 00:38:15 获取到号码【1947496】的GSD为【-】
2023-11-08 00:38:20 GSD insert 第 1 次 等待 3 秒
2023-11-08 00:38:23 {"status":"bad","gid":"610220","msg":"添加失败！号码【1947496(-|-)】已存在！"}
2023-11-08 00:38:23 随机等待 186 秒，约 3 分钟
2023-11-08 00:38:23 下次操作: 2023-11-08 00:41:29

2023-11-08 00:41:29 开始第 7598 次操作

2023-11-08 00:41:29 开始操作号码 【1947497】
2023-11-08 00:41:33 GSD getOne 第 1 次 等待 3 秒
2023-11-08 00:41:36 查询号码 【1947497】，返回信息 {"status":"ok","msg":"-","gid":"610215","time_insert":"2023-03-23 22:13"}
2023-11-08 00:41:36 查询号码 【1947497】，GSD为【"-"】
2023-11-08 00:41:36 ok && -
2023-11-08 00:41:38 CHB 1947497?1699375296 第 1 次 等待 3 秒
2023-11-08 00:41:41 CHB 1947497?1699375296 第 1 次 获取到号码【1947497】GSD
2023-11-08 00:41:41 未获取到号码【1947497】GSD，可能号码格式错误
2023-11-08 00:41:41 获取到号码【1947497】的GSD为【-】
2023-11-08 00:41:48 GSD insert 第 1 次 等待 3 秒
2023-11-08 00:41:51 {"status":"bad","gid":"610215","msg":"添加失败！号码【1947497(-|-)】已存在！"}
2023-11-08 00:41:51 随机等待 158 秒，约 2 分钟
2023-11-08 00:41:51 下次操作: 2023-11-08 00:44:29

2023-11-08 00:44:29 开始第 7599 次操作

2023-11-08 00:44:29 开始操作号码 【1947498】
2023-11-08 00:44:34 GSD getOne 第 1 次 等待 3 秒
2023-11-08 00:44:37 查询号码 【1947498】，返回信息 {"status":"ok","msg":"-","gid":"610211","time_insert":"2023-03-23 22:12"}
2023-11-08 00:44:37 查询号码 【1947498】，GSD为【"-"】
2023-11-08 00:44:37 ok && -
2023-11-08 00:44:39 CHB 1947498?1699375477 第 1 次 等待 3 秒
2023-11-08 00:44:42 CHB 1947498?1699375477 第 1 次 获取到号码【1947498】GSD
2023-11-08 00:44:42 未获取到号码【1947498】GSD，可能号码格式错误
2023-11-08 00:44:42 获取到号码【1947498】的GSD为【-】
2023-11-08 00:44:46 GSD insert 第 1 次 等待 3 秒
2023-11-08 00:44:49 {"status":"bad","gid":"610211","msg":"添加失败！号码【1947498(-|-)】已存在！"}
2023-11-08 00:44:49 随机等待 213 秒，约 3 分钟
2023-11-08 00:44:49 下次操作: 2023-11-08 00:48:22

2023-11-08 00:48:22 开始第 7600 次操作

2023-11-08 00:48:22 开始操作号码 【1947499】
2023-11-08 00:48:29 GSD getOne 第 1 次 等待 3 秒
2023-11-08 00:48:32 查询号码 【1947499】，返回信息 {"status":"ok","msg":"-","gid":"610209","time_insert":"2023-03-23 22:09"}
2023-11-08 00:48:32 查询号码 【1947499】，GSD为【"-"】
2023-11-08 00:48:32 ok && -
2023-11-08 00:48:35 CHB 1947499?1699375712 第 1 次 等待 3 秒
2023-11-08 00:48:38 CHB 1947499?1699375712 第 1 次 获取到号码【1947499】GSD
2023-11-08 00:48:38 未获取到号码【1947499】GSD，可能号码格式错误
2023-11-08 00:48:38 获取到号码【1947499】的GSD为【-】
2023-11-08 00:48:45 GSD insert 第 1 次 等待 3 秒
2023-11-08 00:48:48 {"status":"bad","gid":"610209","msg":"添加失败！号码【1947499(-|-)】已存在！"}

2023-11-08 01:07:49 开始第 7601 次操作

2023-11-08 01:07:49 开始操作号码 【1947500】
2023-11-08 01:07:53 GSD getOne 第 1 次 等待 3 秒
2023-11-08 01:07:56 查询号码 【1947500】，返回信息 {"status":"ok","msg":"-","gid":"610196","time_insert":"2023-03-23 22:00"}
2023-11-08 01:07:56 查询号码 【1947500】，GSD为【"-"】
2023-11-08 01:07:56 ok && -
2023-11-08 01:07:59 CHB 1947500?1699376876 第 1 次 等待 3 秒
2023-11-08 01:08:02 CHB 1947500?1699376876 第 1 次 获取到号码【1947500】GSD
2023-11-08 01:08:02 未获取到号码【1947500】GSD，可能号码格式错误
2023-11-08 01:08:02 获取到号码【1947500】的GSD为【-】
2023-11-08 01:08:05 GSD insert 第 1 次 等待 3 秒
2023-11-08 01:08:08 {"status":"bad","gid":"610196","msg":"添加失败！号码【1947500(-|-)】已存在！"}
2023-11-08 01:08:08 随机等待 202 秒，约 3 分钟
2023-11-08 01:08:08 下次操作: 2023-11-08 01:11:30

2023-11-08 01:11:30 开始第 7602 次操作

2023-11-08 01:11:30 开始操作号码 【1947501】
2023-11-08 01:11:33 GSD getOne 第 1 次 等待 3 秒
2023-11-08 01:11:36 查询号码 【1947501】，返回信息 {"status":"ok","msg":"-","gid":"610192","time_insert":"2023-03-23 21:57"}
2023-11-08 01:11:36 查询号码 【1947501】，GSD为【"-"】
2023-11-08 01:11:36 ok && -
2023-11-08 01:11:39 CHB 1947501?1699377096 第 1 次 等待 3 秒
2023-11-08 01:11:42 CHB 1947501?1699377096 第 1 次 获取到号码【1947501】GSD
2023-11-08 01:11:42 未获取到号码【1947501】GSD，可能号码格式错误
2023-11-08 01:11:42 获取到号码【1947501】的GSD为【-】
2023-11-08 01:11:45 GSD insert 第 1 次 等待 3 秒
2023-11-08 01:11:48 {"status":"bad","gid":"610192","msg":"添加失败！号码【1947501(-|-)】已存在！"}
2023-11-08 01:11:48 随机等待 212 秒，约 3 分钟
2023-11-08 01:11:48 下次操作: 2023-11-08 01:15:20

2023-11-08 01:15:20 开始第 7603 次操作

2023-11-08 01:15:20 开始操作号码 【1947502】
2023-11-08 01:15:24 GSD getOne 第 1 次 等待 3 秒
2023-11-08 01:15:27 查询号码 【1947502】，返回信息 {"status":"ok","msg":"-","gid":"610190","time_insert":"2023-03-23 21:55"}
2023-11-08 01:15:27 查询号码 【1947502】，GSD为【"-"】
2023-11-08 01:15:27 ok && -
2023-11-08 01:15:29 CHB 1947502?1699377327 第 1 次 等待 3 秒
2023-11-08 01:15:32 CHB 1947502?1699377327 第 1 次 获取到号码【1947502】GSD
2023-11-08 01:15:32 未获取到号码【1947502】GSD，可能号码格式错误
2023-11-08 01:15:32 获取到号码【1947502】的GSD为【-】
2023-11-08 01:15:35 GSD insert 第 1 次 等待 3 秒
2023-11-08 01:15:38 {"status":"bad","gid":"610190","msg":"添加失败！号码【1947502(-|-)】已存在！"}
2023-11-08 01:15:38 随机等待 187 秒，约 3 分钟
2023-11-08 01:15:38 下次操作: 2023-11-08 01:18:45

2023-11-08 01:18:45 开始第 7604 次操作

2023-11-08 01:18:45 开始操作号码 【1947503】
2023-11-08 01:18:50 GSD getOne 第 1 次 等待 3 秒
2023-11-08 01:18:53 查询号码 【1947503】，返回信息 {"status":"ok","msg":"-","gid":"610184","time_insert":"2023-03-23 21:53"}
2023-11-08 01:18:53 查询号码 【1947503】，GSD为【"-"】
2023-11-08 01:18:53 ok && -
2023-11-08 01:18:55 CHB 1947503?1699377533 第 1 次 等待 3 秒
2023-11-08 01:18:58 CHB 1947503?1699377533 第 1 次 获取到号码【1947503】GSD
2023-11-08 01:18:58 未获取到号码【1947503】GSD，可能号码格式错误
2023-11-08 01:18:58 获取到号码【1947503】的GSD为【-】
2023-11-08 01:19:01 GSD insert 第 1 次 等待 3 秒
2023-11-08 01:19:04 {"status":"bad","gid":"610184","msg":"添加失败！号码【1947503(-|-)】已存在！"}

