2024-05-06 00:10:42 开始第 7549 次操作

2024-05-06 00:10:42 开始操作号码 【1627449】
2024-05-06 00:10:48 GSD getOne 第 1 次 等待 3 秒
2024-05-06 00:10:51 查询号码 【1627449】，返回信息 {"status":"ok","msg":"四川-成都","gid":"233679","time_insert":"2021-07-09 20:14"}
2024-05-06 00:10:51 查询号码 【1627449】，GSD为【"四川-成都"】

2024-05-06 00:10:53 开始第 7550 次操作

2024-05-06 00:10:53 开始操作号码 【1627450】
2024-05-06 00:11:00 GSD getOne 第 1 次 等待 3 秒
2024-05-06 00:11:03 查询号码 【1627450】，返回信息 {"status":"ok","msg":"安徽-合肥","gid":"233690","time_insert":"2021-07-09 20:20","time_update":"2021-09-12 21:39"}
2024-05-06 00:11:03 查询号码 【1627450】，GSD为【"安徽-合肥"】

2024-05-06 00:11:04 开始第 7551 次操作

2024-05-06 00:11:04 开始操作号码 【1627451】
2024-05-06 00:11:11 GSD getOne 第 1 次 等待 3 秒
2024-05-06 00:11:14 查询号码 【1627451】，返回信息 {"status":"ok","msg":"安徽-合肥","gid":"233701","time_insert":"2021-07-09 20:25"}
2024-05-06 00:11:14 查询号码 【1627451】，GSD为【"安徽-合肥"】

2024-05-06 00:11:15 开始第 7552 次操作

2024-05-06 00:11:15 开始操作号码 【1627452】
2024-05-06 00:11:29 GSD getOne 第 1 次 等待 3 秒
2024-05-06 00:11:32 查询号码 【1627452】，返回信息 {"status":"ok","msg":"安徽-合肥","gid":"233714","time_insert":"2021-07-09 20:34"}
2024-05-06 00:11:32 查询号码 【1627452】，GSD为【"安徽-合肥"】

2024-05-06 00:35:10 开始第 7553 次操作

2024-05-06 00:35:10 开始操作号码 【1627453】
2024-05-06 00:35:17 GSD getOne 第 1 次 等待 3 秒
2024-05-06 00:35:20 查询号码 【1627453】，返回信息 {"status":"ok","msg":"安徽-合肥","gid":"233726","time_insert":"2021-07-09 20:41"}
2024-05-06 00:35:20 查询号码 【1627453】，GSD为【"安徽-合肥"】

2024-05-06 00:35:21 开始第 7554 次操作

2024-05-06 00:35:21 开始操作号码 【1627454】
2024-05-06 00:35:30 GSD getOne 第 1 次 等待 3 秒
2024-05-06 00:35:33 查询号码 【1627454】，返回信息 {"status":"ok","msg":"安徽-合肥","gid":"233735","time_insert":"2021-07-09 20:48","time_update":"2021-09-12 21:23"}
2024-05-06 00:35:33 查询号码 【1627454】，GSD为【"安徽-合肥"】

2024-05-06 00:35:34 开始第 7555 次操作

2024-05-06 00:35:34 开始操作号码 【1627455】
2024-05-06 00:35:40 GSD getOne 第 1 次 等待 3 秒
2024-05-06 00:35:43 查询号码 【1627455】，返回信息 {"status":"ok","msg":"安徽-合肥","gid":"233746","time_insert":"2021-07-09 20:53"}
2024-05-06 00:35:43 查询号码 【1627455】，GSD为【"安徽-合肥"】

2024-05-06 00:35:44 开始第 7556 次操作

2024-05-06 00:35:44 开始操作号码 【1627456】
2024-05-06 00:35:51 GSD getOne 第 1 次 等待 3 秒
2024-05-06 00:35:54 查询号码 【1627456】，返回信息 {"status":"ok","msg":"安徽-合肥","gid":"233788","time_insert":"2021-07-09 21:00","time_update":"2021-09-12 21:10"}
2024-05-06 00:35:54 查询号码 【1627456】，GSD为【"安徽-合肥"】

2024-05-06 01:06:57 开始第 7557 次操作

2024-05-06 01:06:57 开始操作号码 【1627457】
2024-05-06 01:07:06 GSD getOne 第 1 次 等待 3 秒
2024-05-06 01:07:09 查询号码 【1627457】，返回信息 {"status":"ok","msg":"安徽-合肥","gid":"233860","time_insert":"2021-07-09 21:06","time_update":"2021-09-12 20:59"}
2024-05-06 01:07:09 查询号码 【1627457】，GSD为【"安徽-合肥"】

2024-05-06 01:07:10 开始第 7558 次操作

2024-05-06 01:07:10 开始操作号码 【1627458】
2024-05-06 01:07:15 GSD getOne 第 1 次 等待 3 秒
2024-05-06 01:07:18 查询号码 【1627458】，返回信息 {"status":"ok","msg":"安徽-合肥","gid":"233909","time_insert":"2021-07-09 21:11"}
2024-05-06 01:07:18 查询号码 【1627458】，GSD为【"安徽-合肥"】

2024-05-06 01:07:19 开始第 7559 次操作

2024-05-06 01:07:19 开始操作号码 【1627459】
2024-05-06 01:07:24 GSD getOne 第 1 次 等待 3 秒
2024-05-06 01:07:27 查询号码 【1627459】，返回信息 {"status":"ok","msg":"安徽-合肥","gid":"233932","time_insert":"2021-07-09 21:15"}
2024-05-06 01:07:27 查询号码 【1627459】，GSD为【"安徽-合肥"】

2024-05-06 01:07:28 开始第 7560 次操作

2024-05-06 01:07:28 开始操作号码 【1627460】
2024-05-06 01:07:35 GSD getOne 第 1 次 等待 3 秒
2024-05-06 01:07:38 查询号码 【1627460】，返回信息 {"status":"ok","msg":"山西-大同","gid":"233979","time_insert":"2021-07-09 21:31"}
2024-05-06 01:07:38 查询号码 【1627460】，GSD为【"山西-大同"】

2024-05-06 01:32:52 开始第 7561 次操作

2024-05-06 01:32:52 开始操作号码 【1627461】
2024-05-06 01:32:59 GSD getOne 第 1 次 等待 3 秒
2024-05-06 01:33:02 查询号码 【1627461】，返回信息 {"status":"ok","msg":"山西-大同","gid":"234016","time_insert":"2021-07-09 21:35"}
2024-05-06 01:33:02 查询号码 【1627461】，GSD为【"山西-大同"】

2024-05-06 01:33:03 开始第 7562 次操作

2024-05-06 01:33:03 开始操作号码 【1627462】
2024-05-06 01:33:11 GSD getOne 第 1 次 等待 3 秒
2024-05-06 01:33:14 查询号码 【1627462】，返回信息 {"status":"ok","msg":"山西-大同","gid":"234058","time_insert":"2021-07-09 21:39"}
2024-05-06 01:33:14 查询号码 【1627462】，GSD为【"山西-大同"】

2024-05-06 01:33:15 开始第 7563 次操作

2024-05-06 01:33:15 开始操作号码 【1627463】
2024-05-06 01:33:20 GSD getOne 第 1 次 等待 3 秒
2024-05-06 01:33:23 查询号码 【1627463】，返回信息 {"status":"ok","msg":"山西-大同","gid":"234143","time_insert":"2021-07-09 21:45"}
2024-05-06 01:33:23 查询号码 【1627463】，GSD为【"山西-大同"】

2024-05-06 01:33:24 开始第 7564 次操作

2024-05-06 01:33:24 开始操作号码 【1627464】
2024-05-06 01:33:30 GSD getOne 第 1 次 等待 3 秒
2024-05-06 01:33:33 查询号码 【1627464】，返回信息 {"status":"ok","msg":"山西-大同","gid":"234223","time_insert":"2021-07-09 21:50"}
2024-05-06 01:33:33 查询号码 【1627464】，GSD为【"山西-大同"】

