2024-03-08 00:10:07 开始第 7837 次操作

2024-03-08 00:10:07 开始操作号码 【1737736】
2024-03-08 00:10:12 GSD getOne 第 1 次 等待 3 秒
2024-03-08 00:10:15 查询号码 【1737736】，返回信息 {"status":"ok","msg":"广西-桂林","gid":"212806","time_insert":"2021-07-07 07:52"}
2024-03-08 00:10:15 查询号码 【1737736】，GSD为【"广西-桂林"】

2024-03-08 00:10:16 开始第 7838 次操作

2024-03-08 00:10:16 开始操作号码 【1737737】
2024-03-08 00:10:21 GSD getOne 第 1 次 等待 3 秒
2024-03-08 00:10:24 查询号码 【1737737】，返回信息 {"status":"ok","msg":"广西-桂林","gid":"212810","time_insert":"2021-07-07 07:52"}
2024-03-08 00:10:24 查询号码 【1737737】，GSD为【"广西-桂林"】

2024-03-08 00:10:25 开始第 7839 次操作

2024-03-08 00:10:25 开始操作号码 【1737738】
2024-03-08 00:10:30 GSD getOne 第 1 次 等待 3 秒
2024-03-08 00:10:33 查询号码 【1737738】，返回信息 {"status":"ok","msg":"广西-桂林","gid":"212817","time_insert":"2021-07-07 07:53"}
2024-03-08 00:10:33 查询号码 【1737738】，GSD为【"广西-桂林"】

2024-03-08 00:10:34 开始第 7840 次操作

2024-03-08 00:10:34 开始操作号码 【1737739】
2024-03-08 00:10:39 GSD getOne 第 1 次 等待 3 秒
2024-03-08 00:10:42 查询号码 【1737739】，返回信息 {"status":"ok","msg":"广西-桂林","gid":"212823","time_insert":"2021-07-07 07:53"}
2024-03-08 00:10:42 查询号码 【1737739】，GSD为【"广西-桂林"】

2024-03-08 00:34:17 开始第 7841 次操作

2024-03-08 00:34:17 开始操作号码 【1737740】
2024-03-08 00:34:22 GSD getOne 第 1 次 等待 3 秒
2024-03-08 00:34:25 查询号码 【1737740】，返回信息 {"status":"ok","msg":"广西-南宁","gid":"29481","time_insert":"2019-04-12 10:21","time_update":"2020-12-17 15:09"}
2024-03-08 00:34:25 查询号码 【1737740】，GSD为【"广西-南宁"】

2024-03-08 00:34:26 开始第 7842 次操作

2024-03-08 00:34:26 开始操作号码 【1737741】
2024-03-08 00:34:31 GSD getOne 第 1 次 等待 3 秒
2024-03-08 00:34:34 查询号码 【1737741】，返回信息 {"status":"ok","msg":"广西-崇左","gid":"212828","time_insert":"2021-07-07 07:53"}
2024-03-08 00:34:34 查询号码 【1737741】，GSD为【"广西-崇左"】

2024-03-08 00:34:35 开始第 7843 次操作

2024-03-08 00:34:35 开始操作号码 【1737742】
2024-03-08 00:34:44 GSD getOne 第 1 次 等待 3 秒
2024-03-08 00:34:47 查询号码 【1737742】，返回信息 {"status":"ok","msg":"广西-百色","gid":"213228","time_insert":"2021-07-07 10:17"}
2024-03-08 00:34:47 查询号码 【1737742】，GSD为【"广西-百色"】

2024-03-08 00:34:48 开始第 7844 次操作

2024-03-08 00:34:48 开始操作号码 【1737743】
2024-03-08 00:34:52 GSD getOne 第 1 次 等待 3 秒
2024-03-08 00:34:56 查询号码 【1737743】，返回信息 {"status":"ok","msg":"广西-钦州","gid":"213235","time_insert":"2021-07-07 10:18"}
2024-03-08 00:34:56 查询号码 【1737743】，GSD为【"广西-钦州"】

