2024-06-19 00:12:39 开始第 1505 次操作

2024-06-19 00:12:39 开始操作号码 【1511397】
2024-06-19 00:12:58 GSD getOne 第 1 次 等待 3 秒
2024-06-19 00:13:01 查询号码 【1511397】，返回信息 {"status":"ok","msg":"广东-肇庆","gid":"94916","time_insert":"2021-06-13 16:06"}
2024-06-19 00:13:01 查询号码 【1511397】，GSD为【"广东-肇庆"】

2024-06-19 00:13:02 开始第 1506 次操作

2024-06-19 00:13:02 开始操作号码 【1511398】
2024-06-19 00:13:10 GSD getOne 第 1 次 等待 3 秒
2024-06-19 00:13:13 查询号码 【1511398】，返回信息 {"status":"ok","msg":"广东-肇庆","gid":"94938","time_insert":"2021-06-13 16:28"}
2024-06-19 00:13:13 查询号码 【1511398】，GSD为【"广东-肇庆"】

2024-06-19 00:13:14 开始第 1507 次操作

2024-06-19 00:13:14 开始操作号码 【1511399】
2024-06-19 00:13:20 GSD getOne 第 1 次 等待 3 秒
2024-06-19 00:13:23 查询号码 【1511399】，返回信息 {"status":"ok","msg":"广东-潮州","gid":"94968","time_insert":"2021-06-13 16:53"}
2024-06-19 00:13:23 查询号码 【1511399】，GSD为【"广东-潮州"】

2024-06-19 00:13:24 开始第 1508 次操作

2024-06-19 00:13:24 开始操作号码 【1511400】
2024-06-19 00:13:31 GSD getOne 第 1 次 等待 3 秒
2024-06-19 00:13:34 查询号码 【1511400】，返回信息 {"status":"ok","msg":"四川-成都","gid":"94997","time_insert":"2021-06-13 17:17"}
2024-06-19 00:13:34 查询号码 【1511400】，GSD为【"四川-成都"】

