2024-01-20 00:10:59 开始第 9941 次操作

2024-01-20 00:10:59 开始操作号码 【1849840】
2024-01-20 00:11:03 GSD getOne 第 1 次 等待 3 秒
2024-01-20 00:11:06 查询号码 【1849840】，返回信息 {"status":"ok","msg":"上海-上海","gid":"400895","time_insert":"2021-07-26 12:13"}
2024-01-20 00:11:06 查询号码 【1849840】，GSD为【"上海-上海"】

2024-01-20 00:11:07 开始第 9942 次操作

2024-01-20 00:11:07 开始操作号码 【1849841】
2024-01-20 00:11:11 GSD getOne 第 1 次 等待 3 秒
2024-01-20 00:11:14 查询号码 【1849841】，返回信息 {"status":"ok","msg":"上海-上海","gid":"400887","time_insert":"2021-07-26 12:12"}
2024-01-20 00:11:14 查询号码 【1849841】，GSD为【"上海-上海"】

2024-01-20 00:11:15 开始第 9943 次操作

2024-01-20 00:11:15 开始操作号码 【1849842】
2024-01-20 00:11:19 GSD getOne 第 1 次 等待 3 秒
2024-01-20 00:11:22 查询号码 【1849842】，返回信息 {"status":"ok","msg":"上海-上海","gid":"400878","time_insert":"2021-07-26 12:11"}
2024-01-20 00:11:22 查询号码 【1849842】，GSD为【"上海-上海"】

2024-01-20 00:11:23 开始第 9944 次操作

2024-01-20 00:11:23 开始操作号码 【1849843】
2024-01-20 00:11:27 GSD getOne 第 1 次 等待 3 秒
2024-01-20 00:11:30 查询号码 【1849843】，返回信息 {"status":"ok","msg":"上海-上海","gid":"400870","time_insert":"2021-07-26 12:11"}
2024-01-20 00:11:30 查询号码 【1849843】，GSD为【"上海-上海"】

