2024-04-21 00:10:42 开始第 4793 次操作

2024-04-21 00:10:42 开始操作号码 【1624693】
2024-04-21 00:11:05 GSD getOne 第 1 次 等待 3 秒
2024-04-21 00:11:08 查询号码 【1624693】，返回信息 {"status":"ok","msg":"-","gid":"161790","time_insert":"2021-06-30 16:33"}
2024-04-21 00:11:08 查询号码 【1624693】，GSD为【"-"】
2024-04-21 00:11:08 ok && -
2024-04-21 00:11:10 CHB 1624693?1713629468 第 1 次 等待 3 秒
2024-04-21 00:11:13 CHB 1624693?1713629468 第 1 次 获取到号码【1624693】GSD
2024-04-21 00:11:13 未获取到号码【1624693】GSD，可能号码格式错误
2024-04-21 00:11:13 获取到号码【1624693】的GSD为【-】
2024-04-21 00:11:25 GSD insert 第 1 次 等待 3 秒
2024-04-21 00:11:28 {"status":"bad","gid":"161790","msg":"添加失败！号码【1624693(-|-)】已存在！"}
2024-04-21 00:11:28 随机等待 92 秒，约 1 分钟
2024-04-21 00:11:28 下次操作: 2024-04-21 00:13:00

2024-04-21 00:13:00 开始第 4794 次操作

2024-04-21 00:13:00 开始操作号码 【1624694】
2024-04-21 00:13:09 GSD getOne 第 1 次 等待 3 秒
2024-04-21 00:13:12 查询号码 【1624694】，返回信息 {"status":"ok","msg":"-","gid":"161863","time_insert":"2021-06-30 16:39"}
2024-04-21 00:13:12 查询号码 【1624694】，GSD为【"-"】
2024-04-21 00:13:12 ok && -
2024-04-21 00:13:15 CHB 1624694?1713629592 第 1 次 等待 3 秒
2024-04-21 00:13:18 CHB 1624694?1713629592 第 1 次 获取到号码【1624694】GSD
2024-04-21 00:13:18 未获取到号码【1624694】GSD，可能号码格式错误
2024-04-21 00:13:18 获取到号码【1624694】的GSD为【-】
2024-04-21 00:13:28 GSD insert 第 1 次 等待 3 秒
2024-04-21 00:13:31 {"status":"bad","gid":"161863","msg":"添加失败！号码【1624694(-|-)】已存在！"}
2024-04-21 00:13:31 随机等待 124 秒，约 2 分钟
2024-04-21 00:13:31 下次操作: 2024-04-21 00:15:35

2024-04-21 00:15:35 开始第 4795 次操作

2024-04-21 00:15:35 开始操作号码 【1624695】
2024-04-21 00:16:24 GSD getOne 第 1 次 等待 3 秒
2024-04-21 00:16:27 查询号码 【1624695】，返回信息 {"status":"ok","msg":"-","gid":"161884","time_insert":"2021-06-30 16:44"}
2024-04-21 00:16:27 查询号码 【1624695】，GSD为【"-"】
2024-04-21 00:16:27 ok && -
2024-04-21 00:16:30 CHB 1624695?1713629787 第 1 次 等待 3 秒
2024-04-21 00:16:33 CHB 1624695?1713629787 第 1 次 获取到号码【1624695】GSD
2024-04-21 00:16:33 未获取到号码【1624695】GSD，可能号码格式错误
2024-04-21 00:16:33 获取到号码【1624695】的GSD为【-】
2024-04-21 00:18:55 GSD insert 第 1 次 等待 3 秒
2024-04-21 00:18:58 {"status":"bad","gid":"161884","msg":"添加失败！号码【1624695(-|-)】已存在！"}
2024-04-21 00:18:58 随机等待 214 秒，约 3 分钟
2024-04-21 00:18:58 下次操作: 2024-04-21 00:22:32

2024-04-21 00:22:32 开始第 4796 次操作

2024-04-21 00:22:32 开始操作号码 【1624696】
2024-04-21 00:22:44 GSD getOne 第 1 次 等待 3 秒
2024-04-21 00:22:47 查询号码 【1624696】，返回信息 {"status":"ok","msg":"-","gid":"161942","time_insert":"2021-06-30 16:48"}
2024-04-21 00:22:47 查询号码 【1624696】，GSD为【"-"】
2024-04-21 00:22:47 ok && -
2024-04-21 00:22:49 CHB 1624696?1713630167 第 1 次 等待 3 秒
2024-04-21 00:22:52 CHB 1624696?1713630167 第 1 次 获取到号码【1624696】GSD
2024-04-21 00:22:52 未获取到号码【1624696】GSD，可能号码格式错误
2024-04-21 00:22:52 获取到号码【1624696】的GSD为【-】
2024-04-21 00:23:22 GSD insert 第 1 次 等待 3 秒
2024-04-21 00:23:25 {"status":"bad","gid":"161942","msg":"添加失败！号码【1624696(-|-)】已存在！"}

