2024-03-07 00:10:25 开始第 7649 次操作

2024-03-07 00:10:25 开始操作号码 【1737548】
2024-03-07 00:10:30 GSD getOne 第 1 次 等待 3 秒
2024-03-07 00:10:33 查询号码 【1737548】，返回信息 {"status":"ok","msg":"安徽-六安","gid":"210700","time_insert":"2021-07-07 01:54"}
2024-03-07 00:10:33 查询号码 【1737548】，GSD为【"安徽-六安"】

2024-03-07 00:10:34 开始第 7650 次操作

2024-03-07 00:10:34 开始操作号码 【1737549】
2024-03-07 00:10:38 GSD getOne 第 1 次 等待 3 秒
2024-03-07 00:10:41 查询号码 【1737549】，返回信息 {"status":"ok","msg":"安徽-六安","gid":"210711","time_insert":"2021-07-07 01:55"}
2024-03-07 00:10:41 查询号码 【1737549】，GSD为【"安徽-六安"】

2024-03-07 00:10:42 开始第 7651 次操作

2024-03-07 00:10:42 开始操作号码 【1737550】
2024-03-07 00:10:46 GSD getOne 第 1 次 等待 3 秒
2024-03-07 00:10:49 查询号码 【1737550】，返回信息 {"status":"ok","msg":"湖南-怀化","gid":"210720","time_insert":"2021-07-07 01:56"}
2024-03-07 00:10:50 查询号码 【1737550】，GSD为【"湖南-怀化"】

2024-03-07 00:10:51 开始第 7652 次操作

2024-03-07 00:10:51 开始操作号码 【1737551】
2024-03-07 00:10:55 GSD getOne 第 1 次 等待 3 秒
2024-03-07 00:10:58 查询号码 【1737551】，返回信息 {"status":"ok","msg":"湖南-怀化","gid":"210727","time_insert":"2021-07-07 01:56"}
2024-03-07 00:10:58 查询号码 【1737551】，GSD为【"湖南-怀化"】

