2023-12-14 00:09:57 开始第 3153 次操作

2023-12-14 00:09:57 开始操作号码 【1843052】
2023-12-14 00:10:01 GSD getOne 第 1 次 等待 3 秒
2023-12-14 00:10:04 查询号码 【1843052】，返回信息 {"status":"ok","msg":"安徽-铜陵","gid":"478508","time_insert":"2021-08-02 11:52"}
2023-12-14 00:10:04 查询号码 【1843052】，GSD为【"安徽-铜陵"】

2023-12-14 00:10:05 开始第 3154 次操作

2023-12-14 00:10:05 开始操作号码 【1843053】
2023-12-14 00:10:09 GSD getOne 第 1 次 等待 3 秒
2023-12-14 00:10:12 查询号码 【1843053】，返回信息 {"status":"ok","msg":"安徽-六安","gid":"478497","time_insert":"2021-08-02 11:52"}
2023-12-14 00:10:12 查询号码 【1843053】，GSD为【"安徽-六安"】

2023-12-14 00:10:13 开始第 3155 次操作

2023-12-14 00:10:13 开始操作号码 【1843054】
2023-12-14 00:10:16 GSD getOne 第 1 次 等待 3 秒
2023-12-14 00:10:19 查询号码 【1843054】，返回信息 {"status":"ok","msg":"安徽-六安","gid":"478489","time_insert":"2021-08-02 11:51"}
2023-12-14 00:10:19 查询号码 【1843054】，GSD为【"安徽-六安"】

2023-12-14 00:10:20 开始第 3156 次操作

2023-12-14 00:10:20 开始操作号码 【1843055】
2023-12-14 00:10:24 GSD getOne 第 1 次 等待 3 秒
2023-12-14 00:10:27 查询号码 【1843055】，返回信息 {"status":"ok","msg":"安徽-六安","gid":"478474","time_insert":"2021-08-02 11:50"}
2023-12-14 00:10:27 查询号码 【1843055】，GSD为【"安徽-六安"】

