2024-02-28 00:11:01 开始第 6229 次操作

2024-02-28 00:11:01 开始操作号码 【1736128】
2024-02-28 00:11:09 GSD getOne 第 1 次 等待 3 秒
2024-02-28 00:11:12 查询号码 【1736128】，返回信息 {"status":"ok","msg":"四川-绵阳","gid":"29397","time_insert":"2018-06-30 11:30","time_update":"2020-10-28 22:11"}
2024-02-28 00:11:12 查询号码 【1736128】，GSD为【"四川-绵阳"】

2024-02-28 00:11:13 开始第 6230 次操作

2024-02-28 00:11:13 开始操作号码 【1736129】
2024-02-28 00:11:20 GSD getOne 第 1 次 等待 3 秒
2024-02-28 00:11:23 查询号码 【1736129】，返回信息 {"status":"ok","msg":"四川-绵阳","gid":"29398","time_insert":"2018-11-08 13:41","time_update":"2020-10-28 22:15"}
2024-02-28 00:11:23 查询号码 【1736129】，GSD为【"四川-绵阳"】

2024-02-28 00:11:24 开始第 6231 次操作

2024-02-28 00:11:24 开始操作号码 【1736130】
2024-02-28 00:11:32 GSD getOne 第 1 次 等待 3 秒
2024-02-28 00:11:35 查询号码 【1736130】，返回信息 {"status":"ok","msg":"四川-南充","gid":"194595","time_insert":"2021-07-05 02:03"}
2024-02-28 00:11:35 查询号码 【1736130】，GSD为【"四川-南充"】

2024-02-28 00:11:36 开始第 6232 次操作

2024-02-28 00:11:36 开始操作号码 【1736131】
2024-02-28 00:11:41 GSD getOne 第 1 次 等待 3 秒
2024-02-28 00:11:44 查询号码 【1736131】，返回信息 {"status":"ok","msg":"四川-南充","gid":"194597","time_insert":"2021-07-05 02:03"}
2024-02-28 00:11:44 查询号码 【1736131】，GSD为【"四川-南充"】

