2024-05-09 00:11:53 开始第 8101 次操作

2024-05-09 00:11:53 开始操作号码 【1628001】
2024-05-09 00:12:04 GSD getOne 第 1 次 等待 3 秒
2024-05-09 00:12:07 查询号码 【1628001】，返回信息 {"status":"ok","msg":"北京-北京","gid":"250005","time_insert":"2021-07-11 18:14","time_update":"2023-05-16 14:56"}
2024-05-09 00:12:07 查询号码 【1628001】，GSD为【"北京-北京"】

2024-05-09 00:12:08 开始第 8102 次操作

2024-05-09 00:12:08 开始操作号码 【1628002】
2024-05-09 00:12:17 GSD getOne 第 1 次 等待 3 秒
2024-05-09 00:12:20 查询号码 【1628002】，返回信息 {"status":"ok","msg":"北京-北京","gid":"250013","time_insert":"2021-07-11 18:19","time_update":"2023-05-16 15:00"}
2024-05-09 00:12:20 查询号码 【1628002】，GSD为【"北京-北京"】

2024-05-09 00:12:21 开始第 8103 次操作

2024-05-09 00:12:21 开始操作号码 【1628003】
2024-05-09 00:12:28 GSD getOne 第 1 次 等待 3 秒
2024-05-09 00:12:31 查询号码 【1628003】，返回信息 {"status":"ok","msg":"北京-北京","gid":"250022","time_insert":"2021-07-11 18:26","time_update":"2023-05-16 15:19"}
2024-05-09 00:12:31 查询号码 【1628003】，GSD为【"北京-北京"】

2024-05-09 00:12:32 开始第 8104 次操作

2024-05-09 00:12:32 开始操作号码 【1628004】
2024-05-09 00:12:39 GSD getOne 第 1 次 等待 3 秒
2024-05-09 00:12:42 查询号码 【1628004】，返回信息 {"status":"ok","msg":"北京-北京","gid":"250030","time_insert":"2021-07-11 18:30","time_update":"2023-05-16 15:28"}
2024-05-09 00:12:42 查询号码 【1628004】，GSD为【"北京-北京"】

