2023-12-07 00:11:52 开始第 1865 次操作

2023-12-07 00:11:52 开始操作号码 【1841764】
2023-12-07 00:11:58 GSD getOne 第 1 次 等待 3 秒
2023-12-07 00:12:01 查询号码 【1841764】，返回信息 {"status":"ok","msg":"海南-海口","gid":"467144","time_insert":"2021-08-01 12:10"}
2023-12-07 00:12:01 查询号码 【1841764】，GSD为【"海南-海口"】

2023-12-07 00:12:02 开始第 1866 次操作

2023-12-07 00:12:02 开始操作号码 【1841765】
2023-12-07 00:12:06 GSD getOne 第 1 次 等待 3 秒
2023-12-07 00:12:09 查询号码 【1841765】，返回信息 {"status":"ok","msg":"海南-海口","gid":"467218","time_insert":"2021-08-01 12:22"}
2023-12-07 00:12:09 查询号码 【1841765】，GSD为【"海南-海口"】

2023-12-07 00:12:10 开始第 1867 次操作

2023-12-07 00:12:10 开始操作号码 【1841766】
2023-12-07 00:12:38 GSD getOne 第 1 次 等待 3 秒
2023-12-07 00:12:41 查询号码 【1841766】，返回信息 {"status":"ok","msg":"海南-海口","gid":"467243","time_insert":"2021-08-01 12:33"}
2023-12-07 00:12:41 查询号码 【1841766】，GSD为【"海南-海口"】

2023-12-07 00:12:42 开始第 1868 次操作

2023-12-07 00:12:42 开始操作号码 【1841767】
2023-12-07 00:12:46 GSD getOne 第 1 次 等待 3 秒
2023-12-07 00:12:49 查询号码 【1841767】，返回信息 {"status":"ok","msg":"海南-海口","gid":"467268","time_insert":"2021-08-01 12:46"}
2023-12-07 00:12:49 查询号码 【1841767】，GSD为【"海南-海口"】

2023-12-07 00:39:29 开始第 1869 次操作

2023-12-07 00:39:29 开始操作号码 【1841768】
2023-12-07 00:39:33 GSD getOne 第 1 次 等待 3 秒
2023-12-07 00:39:36 查询号码 【1841768】，返回信息 {"status":"ok","msg":"海南-海口","gid":"467383","time_insert":"2021-08-01 12:58"}
2023-12-07 00:39:36 查询号码 【1841768】，GSD为【"海南-海口"】

2023-12-07 00:39:37 开始第 1870 次操作

2023-12-07 00:39:37 开始操作号码 【1841769】
2023-12-07 00:39:41 GSD getOne 第 1 次 等待 3 秒
2023-12-07 00:39:44 查询号码 【1841769】，返回信息 {"status":"ok","msg":"海南-海口","gid":"467587","time_insert":"2021-08-01 13:13"}
2023-12-07 00:39:44 查询号码 【1841769】，GSD为【"海南-海口"】

2023-12-07 00:39:45 开始第 1871 次操作

2023-12-07 00:39:45 开始操作号码 【1841770】
2023-12-07 00:39:48 GSD getOne 第 1 次 等待 3 秒
2023-12-07 00:39:51 查询号码 【1841770】，返回信息 {"status":"ok","msg":"海南-海口","gid":"467731","time_insert":"2021-08-01 13:26"}
2023-12-07 00:39:51 查询号码 【1841770】，GSD为【"海南-海口"】

2023-12-07 00:39:52 开始第 1872 次操作

2023-12-07 00:39:52 开始操作号码 【1841771】
2023-12-07 00:39:56 GSD getOne 第 1 次 等待 3 秒
2023-12-07 00:39:59 查询号码 【1841771】，返回信息 {"status":"ok","msg":"海南-海口","gid":"467812","time_insert":"2021-08-01 13:39"}
2023-12-07 00:39:59 查询号码 【1841771】，GSD为【"海南-海口"】

2023-12-07 01:08:09 开始第 1873 次操作

2023-12-07 01:08:09 开始操作号码 【1841772】
2023-12-07 01:08:16 GSD getOne 第 1 次 等待 3 秒
2023-12-07 01:08:19 查询号码 【1841772】，返回信息 {"status":"ok","msg":"海南-海口","gid":"467976","time_insert":"2021-08-01 13:50"}
2023-12-07 01:08:19 查询号码 【1841772】，GSD为【"海南-海口"】

2023-12-07 01:08:20 开始第 1874 次操作

2023-12-07 01:08:20 开始操作号码 【1841773】
2023-12-07 01:08:23 GSD getOne 第 1 次 等待 3 秒
2023-12-07 01:08:26 查询号码 【1841773】，返回信息 {"status":"ok","msg":"海南-海口","gid":"468146","time_insert":"2021-08-01 14:01"}
2023-12-07 01:08:26 查询号码 【1841773】，GSD为【"海南-海口"】

2023-12-07 01:08:27 开始第 1875 次操作

2023-12-07 01:08:27 开始操作号码 【1841774】
2023-12-07 01:08:31 GSD getOne 第 1 次 等待 3 秒
2023-12-07 01:08:34 查询号码 【1841774】，返回信息 {"status":"ok","msg":"海南-海口","gid":"468246","time_insert":"2021-08-01 14:12"}
2023-12-07 01:08:34 查询号码 【1841774】，GSD为【"海南-海口"】

2023-12-07 01:08:35 开始第 1876 次操作

2023-12-07 01:08:35 开始操作号码 【1841775】
2023-12-07 01:08:38 GSD getOne 第 1 次 等待 3 秒
2023-12-07 01:08:41 查询号码 【1841775】，返回信息 {"status":"ok","msg":"海南-海口","gid":"468270","time_insert":"2021-08-01 14:24"}
2023-12-07 01:08:41 查询号码 【1841775】，GSD为【"海南-海口"】

2023-12-07 01:33:11 开始第 1877 次操作

2023-12-07 01:33:11 开始操作号码 【1841776】
2023-12-07 01:33:15 GSD getOne 第 1 次 等待 3 秒
2023-12-07 01:33:18 查询号码 【1841776】，返回信息 {"status":"ok","msg":"海南-海口","gid":"468285","time_insert":"2021-08-01 14:37"}
2023-12-07 01:33:18 查询号码 【1841776】，GSD为【"海南-海口"】

2023-12-07 01:33:19 开始第 1878 次操作

2023-12-07 01:33:19 开始操作号码 【1841777】
2023-12-07 01:33:22 GSD getOne 第 1 次 等待 3 秒
2023-12-07 01:33:25 查询号码 【1841777】，返回信息 {"status":"ok","msg":"海南-海口","gid":"468327","time_insert":"2021-08-01 14:51"}
2023-12-07 01:33:25 查询号码 【1841777】，GSD为【"海南-海口"】

2023-12-07 01:33:26 开始第 1879 次操作

2023-12-07 01:33:26 开始操作号码 【1841778】
2023-12-07 01:33:30 GSD getOne 第 1 次 等待 3 秒
2023-12-07 01:33:33 查询号码 【1841778】，返回信息 {"status":"ok","msg":"海南-海口","gid":"468472","time_insert":"2021-08-01 15:02"}
2023-12-07 01:33:33 查询号码 【1841778】，GSD为【"海南-海口"】

2023-12-07 01:33:34 开始第 1880 次操作

2023-12-07 01:33:34 开始操作号码 【1841779】
2023-12-07 01:33:37 GSD getOne 第 1 次 等待 3 秒
2023-12-07 01:33:40 查询号码 【1841779】，返回信息 {"status":"ok","msg":"海南-海口","gid":"468610","time_insert":"2021-08-01 15:13"}
2023-12-07 01:33:40 查询号码 【1841779】，GSD为【"海南-海口"】

2023-12-07 02:11:23 开始第 1881 次操作

2023-12-07 02:11:23 开始操作号码 【1841780】
2023-12-07 02:11:27 GSD getOne 第 1 次 等待 3 秒
2023-12-07 02:11:30 查询号码 【1841780】，返回信息 {"status":"ok","msg":"陕西-西安","gid":"468752","time_insert":"2021-08-01 15:27"}
2023-12-07 02:11:30 查询号码 【1841780】，GSD为【"陕西-西安"】

2023-12-07 02:11:31 开始第 1882 次操作

2023-12-07 02:11:31 开始操作号码 【1841781】
2023-12-07 02:11:34 GSD getOne 第 1 次 等待 3 秒
2023-12-07 02:11:37 查询号码 【1841781】，返回信息 {"status":"ok","msg":"陕西-西安","gid":"468888","time_insert":"2021-08-01 15:42"}
2023-12-07 02:11:37 查询号码 【1841781】，GSD为【"陕西-西安"】

2023-12-07 02:11:38 开始第 1883 次操作

2023-12-07 02:11:38 开始操作号码 【1841782】
2023-12-07 02:11:42 GSD getOne 第 1 次 等待 3 秒
2023-12-07 02:11:45 查询号码 【1841782】，返回信息 {"status":"ok","msg":"陕西-西安","gid":"469046","time_insert":"2021-08-01 15:53"}
2023-12-07 02:11:45 查询号码 【1841782】，GSD为【"陕西-西安"】

2023-12-07 02:11:46 开始第 1884 次操作

2023-12-07 02:11:46 开始操作号码 【1841783】
2023-12-07 02:11:50 GSD getOne 第 1 次 等待 3 秒
2023-12-07 02:11:53 查询号码 【1841783】，返回信息 {"status":"ok","msg":"陕西-西安","gid":"469190","time_insert":"2021-08-01 16:04"}
2023-12-07 02:11:53 查询号码 【1841783】，GSD为【"陕西-西安"】

