2024-06-15 00:11:08 开始第 777 次操作

2024-06-15 00:11:08 开始操作号码 【1510669】
2024-06-15 00:11:14 GSD getOne 第 1 次 等待 3 秒
2024-06-15 00:11:17 查询号码 【1510669】，返回信息 {"status":"ok","msg":"山东-临沂","gid":"78946","time_insert":"2021-06-03 23:30"}
2024-06-15 00:11:17 查询号码 【1510669】，GSD为【"山东-临沂"】

2024-06-15 00:11:18 开始第 778 次操作

2024-06-15 00:11:18 开始操作号码 【1510670】
2024-06-15 00:11:25 GSD getOne 第 1 次 等待 3 秒
2024-06-15 00:11:28 查询号码 【1510670】，返回信息 {"status":"ok","msg":"山东-济宁","gid":"78966","time_insert":"2021-06-03 23:52"}
2024-06-15 00:11:28 查询号码 【1510670】，GSD为【"山东-济宁"】

2024-06-15 00:11:29 开始第 779 次操作

2024-06-15 00:11:29 开始操作号码 【1510671】
2024-06-15 00:11:36 GSD getOne 第 1 次 等待 3 秒
2024-06-15 00:11:39 查询号码 【1510671】，返回信息 {"status":"ok","msg":"山东-济宁","gid":"78990","time_insert":"2021-06-04 00:16"}
2024-06-15 00:11:39 查询号码 【1510671】，GSD为【"山东-济宁"】

2024-06-15 00:11:40 开始第 780 次操作

2024-06-15 00:11:40 开始操作号码 【1510672】
2024-06-15 00:11:48 GSD getOne 第 1 次 等待 3 秒
2024-06-15 00:11:51 查询号码 【1510672】，返回信息 {"status":"ok","msg":"山东-济宁","gid":"79012","time_insert":"2021-06-04 00:40"}
2024-06-15 00:11:51 查询号码 【1510672】，GSD为【"山东-济宁"】

2024-06-15 00:36:57 开始第 781 次操作

2024-06-15 00:36:57 开始操作号码 【1510673】
2024-06-15 00:37:10 GSD getOne 第 1 次 等待 3 秒
2024-06-15 00:37:13 查询号码 【1510673】，返回信息 {"status":"ok","msg":"山东-济宁","gid":"79034","time_insert":"2021-06-04 01:07"}
2024-06-15 00:37:13 查询号码 【1510673】，GSD为【"山东-济宁"】

2024-06-15 00:37:14 开始第 782 次操作

2024-06-15 00:37:14 开始操作号码 【1510674】
2024-06-15 00:37:22 GSD getOne 第 1 次 等待 3 秒
2024-06-15 00:37:25 查询号码 【1510674】，返回信息 {"status":"ok","msg":"山东-济宁","gid":"79055","time_insert":"2021-06-04 01:32"}
2024-06-15 00:37:25 查询号码 【1510674】，GSD为【"山东-济宁"】

2024-06-15 00:37:26 开始第 783 次操作

2024-06-15 00:37:27 开始操作号码 【1510675】
2024-06-15 00:37:33 GSD getOne 第 1 次 等待 3 秒
2024-06-15 00:37:36 查询号码 【1510675】，返回信息 {"status":"ok","msg":"山东-济宁","gid":"79078","time_insert":"2021-06-04 01:57"}
2024-06-15 00:37:36 查询号码 【1510675】，GSD为【"山东-济宁"】

2024-06-15 00:37:37 开始第 784 次操作

2024-06-15 00:37:37 开始操作号码 【1510676】
2024-06-15 00:37:49 GSD getOne 第 1 次 等待 3 秒
2024-06-15 00:37:52 查询号码 【1510676】，返回信息 {"status":"ok","msg":"山东-济宁","gid":"79101","time_insert":"2021-06-04 02:22"}
2024-06-15 00:37:53 查询号码 【1510676】，GSD为【"山东-济宁"】

2024-06-15 01:09:35 开始第 785 次操作

2024-06-15 01:09:35 开始操作号码 【1510677】
2024-06-15 01:09:46 GSD getOne 第 1 次 等待 3 秒
2024-06-15 01:09:49 查询号码 【1510677】，返回信息 {"status":"ok","msg":"山东-济宁","gid":"79121","time_insert":"2021-06-04 02:46"}
2024-06-15 01:09:49 查询号码 【1510677】，GSD为【"山东-济宁"】

2024-06-15 01:09:50 开始第 786 次操作

2024-06-15 01:09:50 开始操作号码 【1510678】
2024-06-15 01:09:59 GSD getOne 第 1 次 等待 3 秒
2024-06-15 01:10:02 查询号码 【1510678】，返回信息 {"status":"ok","msg":"山东-济宁","gid":"79145","time_insert":"2021-06-04 03:16"}
2024-06-15 01:10:02 查询号码 【1510678】，GSD为【"山东-济宁"】

2024-06-15 01:10:03 开始第 787 次操作

2024-06-15 01:10:03 开始操作号码 【1510679】
2024-06-15 01:10:15 GSD getOne 第 1 次 等待 3 秒
2024-06-15 01:10:18 查询号码 【1510679】，返回信息 {"status":"ok","msg":"山东-济宁","gid":"79173","time_insert":"2021-06-04 03:44"}
2024-06-15 01:10:19 查询号码 【1510679】，GSD为【"山东-济宁"】

2024-06-15 01:10:20 开始第 788 次操作

2024-06-15 01:10:20 开始操作号码 【1510680】
2024-06-15 01:10:32 GSD getOne 第 1 次 等待 3 秒
2024-06-15 01:10:35 查询号码 【1510680】，返回信息 {"status":"ok","msg":"山东-聊城","gid":"79194","time_insert":"2021-06-04 04:06"}
2024-06-15 01:10:35 查询号码 【1510680】，GSD为【"山东-聊城"】

