2024-09-18 00:27:53 开始第 4857 次操作

2024-09-18 00:27:53 开始操作号码 【1404855】
2024-09-18 00:28:02 GSD getOne 第 1 次 等待 3 秒
2024-09-18 00:28:05 查询号码 【1404855】，返回信息 {"status":"ok","msg":"-","gid":"618334","time_insert":"2023-03-27 17:34"}
2024-09-18 00:28:05 查询号码 【1404855】，GSD为【"-"】
2024-09-18 00:28:05 ok && -
2024-09-18 00:28:09 CHB 1404855?1726590485 第 1 次 等待 3 秒
2024-09-18 00:28:12 CHB 1404855?1726590485 第 1 次 获取到号码【1404855】GSD
2024-09-18 00:28:12 未获取到号码【1404855】GSD，可能号码格式错误
2024-09-18 00:28:12 获取到号码【1404855】的GSD为【-】
2024-09-18 00:28:20 GSD insert 第 1 次 等待 3 秒
2024-09-18 00:28:23 {"status":"bad","gid":"618334","msg":"添加失败！号码【1404855(-|-)】已存在！"}
2024-09-18 00:28:23 随机等待 215 秒，约 3 分钟
2024-09-18 00:28:23 下次操作: 2024-09-18 00:31:58

2024-09-18 00:31:58 开始第 4858 次操作

2024-09-18 00:31:58 开始操作号码 【1404856】
2024-09-18 00:32:10 GSD getOne 第 1 次 等待 3 秒
2024-09-18 00:32:13 查询号码 【1404856】，返回信息 {"status":"ok","msg":"-","gid":"618364","time_insert":"2023-03-27 17:52"}
2024-09-18 00:32:13 查询号码 【1404856】，GSD为【"-"】
2024-09-18 00:32:13 ok && -
2024-09-18 00:32:16 CHB 1404856?1726590733 第 1 次 等待 3 秒
2024-09-18 00:32:19 CHB 1404856?1726590733 第 1 次 获取到号码【1404856】GSD
2024-09-18 00:32:19 未获取到号码【1404856】GSD，可能号码格式错误
2024-09-18 00:32:19 获取到号码【1404856】的GSD为【-】
2024-09-18 00:32:30 GSD insert 第 1 次 等待 3 秒
2024-09-18 00:32:33 {"status":"bad","gid":"618364","msg":"添加失败！号码【1404856(-|-)】已存在！"}
2024-09-18 00:32:33 随机等待 134 秒，约 2 分钟
2024-09-18 00:32:33 下次操作: 2024-09-18 00:34:47

2024-09-18 00:34:47 开始第 4859 次操作

2024-09-18 00:34:47 开始操作号码 【1404857】
2024-09-18 00:34:55 GSD getOne 第 1 次 等待 3 秒
2024-09-18 00:34:58 查询号码 【1404857】，返回信息 {"status":"ok","msg":"-","gid":"618391","time_insert":"2023-03-27 18:09"}
2024-09-18 00:34:58 查询号码 【1404857】，GSD为【"-"】
2024-09-18 00:34:58 ok && -
2024-09-18 00:35:00 CHB 1404857?1726590898 第 1 次 等待 3 秒
2024-09-18 00:35:03 CHB 1404857?1726590898 第 1 次 获取到号码【1404857】GSD
2024-09-18 00:35:03 未获取到号码【1404857】GSD，可能号码格式错误
2024-09-18 00:35:03 获取到号码【1404857】的GSD为【-】
2024-09-18 00:35:11 GSD insert 第 1 次 等待 3 秒
2024-09-18 00:35:14 {"status":"bad","gid":"618391","msg":"添加失败！号码【1404857(-|-)】已存在！"}
2024-09-18 00:35:14 随机等待 189 秒，约 3 分钟
2024-09-18 00:35:14 下次操作: 2024-09-18 00:38:23

2024-09-18 00:38:23 开始第 4860 次操作

2024-09-18 00:38:23 开始操作号码 【1404858】
2024-09-18 00:38:31 GSD getOne 第 1 次 等待 3 秒
2024-09-18 00:38:34 查询号码 【1404858】，返回信息 {"status":"ok","msg":"-","gid":"618412","time_insert":"2023-03-27 18:22"}
2024-09-18 00:38:34 查询号码 【1404858】，GSD为【"-"】
2024-09-18 00:38:34 ok && -
2024-09-18 00:38:36 CHB 1404858?1726591114 第 1 次 等待 3 秒
2024-09-18 00:38:39 CHB 1404858?1726591114 第 1 次 获取到号码【1404858】GSD
2024-09-18 00:38:39 未获取到号码【1404858】GSD，可能号码格式错误
2024-09-18 00:38:39 获取到号码【1404858】的GSD为【-】
2024-09-18 00:38:47 GSD insert 第 1 次 等待 3 秒
2024-09-18 00:38:50 {"status":"bad","gid":"618412","msg":"添加失败！号码【1404858(-|-)】已存在！"}

