2024-02-14 00:11:20 开始第 3653 次操作

2024-02-14 00:11:20 开始操作号码 【1733552】
2024-02-14 00:11:25 GSD getOne 第 1 次 等待 3 秒
2024-02-14 00:11:28 查询号码 【1733552】，返回信息 {"status":"ok","msg":"河南-鹤壁","gid":"167974","time_insert":"2021-07-01 17:05"}
2024-02-14 00:11:28 查询号码 【1733552】，GSD为【"河南-鹤壁"】

2024-02-14 00:11:29 开始第 3654 次操作

2024-02-14 00:11:29 开始操作号码 【1733553】
2024-02-14 00:11:37 GSD getOne 第 1 次 等待 3 秒
2024-02-14 00:11:40 查询号码 【1733553】，返回信息 {"status":"ok","msg":"河南-濮阳","gid":"167978","time_insert":"2021-07-01 17:06"}
2024-02-14 00:11:40 查询号码 【1733553】，GSD为【"河南-濮阳"】

2024-02-14 00:11:41 开始第 3655 次操作

2024-02-14 00:11:41 开始操作号码 【1733554】
2024-02-14 00:11:46 GSD getOne 第 1 次 等待 3 秒
2024-02-14 00:11:49 查询号码 【1733554】，返回信息 {"status":"ok","msg":"河南-洛阳","gid":"167983","time_insert":"2021-07-01 17:07"}
2024-02-14 00:11:49 查询号码 【1733554】，GSD为【"河南-洛阳"】

2024-02-14 00:11:50 开始第 3656 次操作

2024-02-14 00:11:50 开始操作号码 【1733555】
2024-02-14 00:11:58 GSD getOne 第 1 次 等待 3 秒
2024-02-14 00:12:01 查询号码 【1733555】，返回信息 {"status":"ok","msg":"河南-驻马店","gid":"167990","time_insert":"2021-07-01 17:07"}
2024-02-14 00:12:01 查询号码 【1733555】，GSD为【"河南-驻马店"】

