2024-01-27 00:10:35 开始第 345 次操作

2024-01-27 00:10:35 开始操作号码 【1730244】
2024-01-27 00:10:58 GSD getOne 第 1 次 等待 3 秒
2024-01-27 00:11:01 查询号码 【1730244】，返回信息 {"status":"ok","msg":"辽宁-抚顺","gid":"135521","time_insert":"2021-06-27 00:11"}
2024-01-27 00:11:01 查询号码 【1730244】，GSD为【"辽宁-抚顺"】

2024-01-27 00:11:02 开始第 346 次操作

2024-01-27 00:11:02 开始操作号码 【1730245】
2024-01-27 00:11:26 GSD getOne 第 1 次 等待 3 秒
2024-01-27 00:11:29 查询号码 【1730245】，返回信息 {"status":"ok","msg":"辽宁-沈阳","gid":"135530","time_insert":"2021-06-27 00:12"}
2024-01-27 00:11:29 查询号码 【1730245】，GSD为【"辽宁-沈阳"】

2024-01-27 00:11:30 开始第 347 次操作

2024-01-27 00:11:30 开始操作号码 【1730246】
2024-01-27 00:11:53 GSD getOne 第 1 次 等待 3 秒
2024-01-27 00:11:56 查询号码 【1730246】，返回信息 {"status":"ok","msg":"辽宁-沈阳","gid":"135540","time_insert":"2021-06-27 00:13"}
2024-01-27 00:11:56 查询号码 【1730246】，GSD为【"辽宁-沈阳"】

2024-01-27 00:11:57 开始第 348 次操作

2024-01-27 00:11:57 开始操作号码 【1730247】
2024-01-27 00:12:20 GSD getOne 第 1 次 等待 3 秒
2024-01-27 00:12:23 查询号码 【1730247】，返回信息 {"status":"ok","msg":"辽宁-沈阳","gid":"135548","time_insert":"2021-06-27 00:14"}
2024-01-27 00:12:23 查询号码 【1730247】，GSD为【"辽宁-沈阳"】

