2024-09-13 00:27:55 开始第 4025 次操作

2024-09-13 00:27:55 开始操作号码 【1404024】
2024-09-13 00:28:05 GSD getOne 第 1 次 等待 3 秒
2024-09-13 00:28:08 查询号码 【1404024】，返回信息 {"status":"ok","msg":"-","gid":"598279","time_insert":"2023-03-18 11:18"}
2024-09-13 00:28:08 查询号码 【1404024】，GSD为【"-"】
2024-09-13 00:28:08 ok && -
2024-09-13 00:28:09 CHB 1404024?1726158488 第 1 次 等待 3 秒
2024-09-13 00:28:12 CHB 1404024?1726158488 第 1 次 获取到号码【1404024】GSD
2024-09-13 00:28:12 未获取到号码【1404024】GSD，可能号码格式错误
2024-09-13 00:28:12 获取到号码【1404024】的GSD为【-】
2024-09-13 00:28:20 GSD insert 第 1 次 等待 3 秒
2024-09-13 00:28:23 {"status":"bad","gid":"598279","msg":"添加失败！号码【1404024(-|-)】已存在！"}
2024-09-13 00:28:23 随机等待 117 秒，约 1 分钟
2024-09-13 00:28:23 下次操作: 2024-09-13 00:30:20

2024-09-13 00:30:20 开始第 4026 次操作

2024-09-13 00:30:20 开始操作号码 【1404025】
2024-09-13 00:30:28 GSD getOne 第 1 次 等待 3 秒
2024-09-13 00:30:31 查询号码 【1404025】，返回信息 {"status":"ok","msg":"-","gid":"598314","time_insert":"2023-03-18 11:41"}
2024-09-13 00:30:31 查询号码 【1404025】，GSD为【"-"】
2024-09-13 00:30:31 ok && -
2024-09-13 00:30:33 CHB 1404025?1726158631 第 1 次 等待 3 秒
2024-09-13 00:30:36 CHB 1404025?1726158631 第 1 次 获取到号码【1404025】GSD
2024-09-13 00:30:36 未获取到号码【1404025】GSD，可能号码格式错误
2024-09-13 00:30:36 获取到号码【1404025】的GSD为【-】
2024-09-13 00:30:44 GSD insert 第 1 次 等待 3 秒
2024-09-13 00:30:47 {"status":"bad","gid":"598314","msg":"添加失败！号码【1404025(-|-)】已存在！"}
2024-09-13 00:30:47 随机等待 82 秒，约 1 分钟
2024-09-13 00:30:47 下次操作: 2024-09-13 00:32:09

2024-09-13 00:32:09 开始第 4027 次操作

2024-09-13 00:32:09 开始操作号码 【1404026】
2024-09-13 00:32:17 GSD getOne 第 1 次 等待 3 秒
2024-09-13 00:32:20 查询号码 【1404026】，返回信息 {"status":"ok","msg":"-","gid":"598347","time_insert":"2023-03-18 11:59"}
2024-09-13 00:32:20 查询号码 【1404026】，GSD为【"-"】
2024-09-13 00:32:20 ok && -
2024-09-13 00:32:21 CHB 1404026?1726158740 第 1 次 等待 3 秒
2024-09-13 00:32:24 CHB 1404026?1726158740 第 1 次 获取到号码【1404026】GSD
2024-09-13 00:32:24 未获取到号码【1404026】GSD，可能号码格式错误
2024-09-13 00:32:24 获取到号码【1404026】的GSD为【-】
2024-09-13 00:32:32 GSD insert 第 1 次 等待 3 秒
2024-09-13 00:32:35 {"status":"bad","gid":"598347","msg":"添加失败！号码【1404026(-|-)】已存在！"}
2024-09-13 00:32:35 随机等待 201 秒，约 3 分钟
2024-09-13 00:32:35 下次操作: 2024-09-13 00:35:56

2024-09-13 00:35:56 开始第 4028 次操作

2024-09-13 00:35:56 开始操作号码 【1404027】
2024-09-13 00:36:04 GSD getOne 第 1 次 等待 3 秒
2024-09-13 00:36:07 查询号码 【1404027】，返回信息 {"status":"ok","msg":"-","gid":"598375","time_insert":"2023-03-18 12:19"}
2024-09-13 00:36:07 查询号码 【1404027】，GSD为【"-"】
2024-09-13 00:36:07 ok && -
2024-09-13 00:36:08 CHB 1404027?1726158967 第 1 次 等待 3 秒
2024-09-13 00:36:11 CHB 1404027?1726158967 第 1 次 获取到号码【1404027】GSD
2024-09-13 00:36:11 未获取到号码【1404027】GSD，可能号码格式错误
2024-09-13 00:36:11 获取到号码【1404027】的GSD为【-】
2024-09-13 00:36:19 GSD insert 第 1 次 等待 3 秒
2024-09-13 00:36:22 {"status":"bad","gid":"598375","msg":"添加失败！号码【1404027(-|-)】已存在！"}

2024-09-13 00:46:36 开始第 4029 次操作

2024-09-13 00:46:36 开始操作号码 【1404028】
2024-09-13 00:46:44 GSD getOne 第 1 次 等待 3 秒
2024-09-13 00:46:47 查询号码 【1404028】，返回信息 {"status":"ok","msg":"-","gid":"598393","time_insert":"2023-03-18 12:33"}
2024-09-13 00:46:47 查询号码 【1404028】，GSD为【"-"】
2024-09-13 00:46:47 ok && -
2024-09-13 00:46:49 CHB 1404028?1726159607 第 1 次 等待 3 秒
2024-09-13 00:46:52 CHB 1404028?1726159607 第 1 次 获取到号码【1404028】GSD
2024-09-13 00:46:52 未获取到号码【1404028】GSD，可能号码格式错误
2024-09-13 00:46:52 获取到号码【1404028】的GSD为【-】
2024-09-13 00:47:01 GSD insert 第 1 次 等待 3 秒
2024-09-13 00:47:04 {"status":"bad","gid":"598393","msg":"添加失败！号码【1404028(-|-)】已存在！"}
2024-09-13 00:47:04 随机等待 178 秒，约 2 分钟
2024-09-13 00:47:04 下次操作: 2024-09-13 00:50:02

2024-09-13 00:50:02 开始第 4030 次操作

2024-09-13 00:50:02 开始操作号码 【1404029】
2024-09-13 00:50:09 GSD getOne 第 1 次 等待 3 秒
2024-09-13 00:50:12 查询号码 【1404029】，返回信息 {"status":"ok","msg":"-","gid":"598422","time_insert":"2023-03-18 12:51"}
2024-09-13 00:50:13 查询号码 【1404029】，GSD为【"-"】
2024-09-13 00:50:13 ok && -
2024-09-13 00:50:15 CHB 1404029?1726159813 第 1 次 等待 3 秒
2024-09-13 00:50:18 CHB 1404029?1726159813 第 1 次 获取到号码【1404029】GSD
2024-09-13 00:50:18 未获取到号码【1404029】GSD，可能号码格式错误
2024-09-13 00:50:18 获取到号码【1404029】的GSD为【-】
2024-09-13 00:50:25 GSD insert 第 1 次 等待 3 秒
2024-09-13 00:50:28 {"status":"bad","gid":"598422","msg":"添加失败！号码【1404029(-|-)】已存在！"}
2024-09-13 00:50:28 随机等待 156 秒，约 2 分钟
2024-09-13 00:50:28 下次操作: 2024-09-13 00:53:04

2024-09-13 00:53:04 开始第 4031 次操作

2024-09-13 00:53:04 开始操作号码 【1404030】
2024-09-13 00:53:12 GSD getOne 第 1 次 等待 3 秒
2024-09-13 00:53:15 查询号码 【1404030】，返回信息 {"status":"ok","msg":"-","gid":"598446","time_insert":"2023-03-18 13:08"}
2024-09-13 00:53:15 查询号码 【1404030】，GSD为【"-"】
2024-09-13 00:53:15 ok && -
2024-09-13 00:53:17 CHB 1404030?1726159995 第 1 次 等待 3 秒
2024-09-13 00:53:20 CHB 1404030?1726159995 第 1 次 获取到号码【1404030】GSD
2024-09-13 00:53:20 未获取到号码【1404030】GSD，可能号码格式错误
2024-09-13 00:53:20 获取到号码【1404030】的GSD为【-】
2024-09-13 00:53:29 GSD insert 第 1 次 等待 3 秒
2024-09-13 00:53:32 {"status":"bad","gid":"598446","msg":"添加失败！号码【1404030(-|-)】已存在！"}
2024-09-13 00:53:32 随机等待 154 秒，约 2 分钟
2024-09-13 00:53:32 下次操作: 2024-09-13 00:56:06

2024-09-13 00:56:06 开始第 4032 次操作

2024-09-13 00:56:06 开始操作号码 【1404031】
2024-09-13 00:56:14 GSD getOne 第 1 次 等待 3 秒
2024-09-13 00:56:17 查询号码 【1404031】，返回信息 {"status":"ok","msg":"-","gid":"598465","time_insert":"2023-03-18 13:19"}
2024-09-13 00:56:17 查询号码 【1404031】，GSD为【"-"】
2024-09-13 00:56:17 ok && -
2024-09-13 00:57:30 CHB 1404031?1726160177 第 1 次 等待 3 秒
2024-09-13 00:57:33 CHB 1404031?1726160177 第 1 次 获取到号码【1404031】GSD
2024-09-13 00:57:33 未获取到号码【1404031】GSD，可能号码格式错误
2024-09-13 00:57:33 获取到号码【1404031】的GSD为【-】
2024-09-13 00:57:42 GSD insert 第 1 次 等待 3 秒
2024-09-13 00:57:45 {"status":"bad","gid":"598465","msg":"添加失败！号码【1404031(-|-)】已存在！"}

2024-09-13 01:19:34 开始第 4033 次操作

2024-09-13 01:19:34 开始操作号码 【1404032】
2024-09-13 01:19:42 GSD getOne 第 1 次 等待 3 秒
2024-09-13 01:19:45 查询号码 【1404032】，返回信息 {"status":"ok","msg":"-","gid":"598491","time_insert":"2023-03-18 13:35"}
2024-09-13 01:19:45 查询号码 【1404032】，GSD为【"-"】
2024-09-13 01:19:45 ok && -
2024-09-13 01:19:47 CHB 1404032?1726161585 第 1 次 等待 3 秒
2024-09-13 01:19:50 CHB 1404032?1726161585 第 1 次 获取到号码【1404032】GSD
2024-09-13 01:19:50 未获取到号码【1404032】GSD，可能号码格式错误
2024-09-13 01:19:50 获取到号码【1404032】的GSD为【-】
2024-09-13 01:19:58 GSD insert 第 1 次 等待 3 秒
2024-09-13 01:20:01 {"status":"bad","gid":"598491","msg":"添加失败！号码【1404032(-|-)】已存在！"}
2024-09-13 01:20:01 随机等待 161 秒，约 2 分钟
2024-09-13 01:20:01 下次操作: 2024-09-13 01:22:42

2024-09-13 01:22:42 开始第 4034 次操作

2024-09-13 01:22:42 开始操作号码 【1404033】
2024-09-13 01:22:50 GSD getOne 第 1 次 等待 3 秒
2024-09-13 01:22:53 查询号码 【1404033】，返回信息 {"status":"ok","msg":"-","gid":"598513","time_insert":"2023-03-18 13:48"}
2024-09-13 01:22:53 查询号码 【1404033】，GSD为【"-"】
2024-09-13 01:22:53 ok && -
2024-09-13 01:22:55 CHB 1404033?1726161773 第 1 次 等待 3 秒
2024-09-13 01:22:58 CHB 1404033?1726161773 第 1 次 获取到号码【1404033】GSD
2024-09-13 01:22:58 未获取到号码【1404033】GSD，可能号码格式错误
2024-09-13 01:22:58 获取到号码【1404033】的GSD为【-】
2024-09-13 01:23:06 GSD insert 第 1 次 等待 3 秒
2024-09-13 01:23:09 {"status":"bad","gid":"598513","msg":"添加失败！号码【1404033(-|-)】已存在！"}
2024-09-13 01:23:09 随机等待 173 秒，约 2 分钟
2024-09-13 01:23:09 下次操作: 2024-09-13 01:26:02

2024-09-13 01:26:02 开始第 4035 次操作

2024-09-13 01:26:02 开始操作号码 【1404034】
2024-09-13 01:26:10 GSD getOne 第 1 次 等待 3 秒
2024-09-13 01:26:13 查询号码 【1404034】，返回信息 {"status":"ok","msg":"-","gid":"598540","time_insert":"2023-03-18 14:05"}
2024-09-13 01:26:13 查询号码 【1404034】，GSD为【"-"】
2024-09-13 01:26:13 ok && -
2024-09-13 01:26:15 CHB 1404034?1726161973 第 1 次 等待 3 秒
2024-09-13 01:26:18 CHB 1404034?1726161973 第 1 次 获取到号码【1404034】GSD
2024-09-13 01:26:18 未获取到号码【1404034】GSD，可能号码格式错误
2024-09-13 01:26:18 获取到号码【1404034】的GSD为【-】
2024-09-13 01:26:26 GSD insert 第 1 次 等待 3 秒
2024-09-13 01:26:29 {"status":"bad","gid":"598540","msg":"添加失败！号码【1404034(-|-)】已存在！"}
2024-09-13 01:26:29 随机等待 175 秒，约 2 分钟
2024-09-13 01:26:29 下次操作: 2024-09-13 01:29:24

2024-09-13 01:29:24 开始第 4036 次操作

2024-09-13 01:29:24 开始操作号码 【1404035】
2024-09-13 01:29:31 GSD getOne 第 1 次 等待 3 秒
2024-09-13 01:29:34 查询号码 【1404035】，返回信息 {"status":"ok","msg":"-","gid":"598552","time_insert":"2023-03-18 14:14"}
2024-09-13 01:29:34 查询号码 【1404035】，GSD为【"-"】
2024-09-13 01:29:34 ok && -
2024-09-13 01:29:36 CHB 1404035?1726162174 第 1 次 等待 3 秒
2024-09-13 01:29:39 CHB 1404035?1726162174 第 1 次 获取到号码【1404035】GSD
2024-09-13 01:29:39 未获取到号码【1404035】GSD，可能号码格式错误
2024-09-13 01:29:39 获取到号码【1404035】的GSD为【-】
2024-09-13 01:29:48 GSD insert 第 1 次 等待 3 秒
2024-09-13 01:29:51 {"status":"bad","gid":"598552","msg":"添加失败！号码【1404035(-|-)】已存在！"}

