2024-09-14 00:26:15 开始第 4185 次操作

2024-09-14 00:26:15 开始操作号码 【1404184】
2024-09-14 00:26:23 GSD getOne 第 1 次 等待 3 秒
2024-09-14 00:26:26 查询号码 【1404184】，返回信息 {"status":"ok","msg":"-","gid":"602068","time_insert":"2023-03-20 04:38"}
2024-09-14 00:26:26 查询号码 【1404184】，GSD为【"-"】
2024-09-14 00:26:26 ok && -
2024-09-14 00:26:28 CHB 1404184?1726244786 第 1 次 等待 3 秒
2024-09-14 00:26:31 CHB 1404184?1726244786 第 1 次 获取到号码【1404184】GSD
2024-09-14 00:26:31 未获取到号码【1404184】GSD，可能号码格式错误
2024-09-14 00:26:31 获取到号码【1404184】的GSD为【-】
2024-09-14 00:26:39 GSD insert 第 1 次 等待 3 秒
2024-09-14 00:26:42 {"status":"bad","gid":"602068","msg":"添加失败！号码【1404184(-|-)】已存在！"}
2024-09-14 00:26:42 随机等待 114 秒，约 1 分钟
2024-09-14 00:26:42 下次操作: 2024-09-14 00:28:36

2024-09-14 00:28:36 开始第 4186 次操作

2024-09-14 00:28:36 开始操作号码 【1404185】
2024-09-14 00:28:44 GSD getOne 第 1 次 等待 3 秒
2024-09-14 00:28:47 查询号码 【1404185】，返回信息 {"status":"ok","msg":"-","gid":"602107","time_insert":"2023-03-20 04:59"}
2024-09-14 00:28:47 查询号码 【1404185】，GSD为【"-"】
2024-09-14 00:28:47 ok && -
2024-09-14 00:28:49 CHB 1404185?1726244927 第 1 次 等待 3 秒
2024-09-14 00:28:52 CHB 1404185?1726244927 第 1 次 获取到号码【1404185】GSD
2024-09-14 00:28:52 未获取到号码【1404185】GSD，可能号码格式错误
2024-09-14 00:28:52 获取到号码【1404185】的GSD为【-】
2024-09-14 00:28:59 GSD insert 第 1 次 等待 3 秒
2024-09-14 00:29:02 {"status":"bad","gid":"602107","msg":"添加失败！号码【1404185(-|-)】已存在！"}
2024-09-14 00:29:02 随机等待 148 秒，约 2 分钟
2024-09-14 00:29:02 下次操作: 2024-09-14 00:31:30

2024-09-14 00:31:30 开始第 4187 次操作

2024-09-14 00:31:30 开始操作号码 【1404186】
2024-09-14 00:31:38 GSD getOne 第 1 次 等待 3 秒
2024-09-14 00:31:41 查询号码 【1404186】，返回信息 {"status":"ok","msg":"-","gid":"602134","time_insert":"2023-03-20 05:18"}
2024-09-14 00:31:41 查询号码 【1404186】，GSD为【"-"】
2024-09-14 00:31:41 ok && -
2024-09-14 00:31:43 CHB 1404186?1726245101 第 1 次 等待 3 秒
2024-09-14 00:31:46 CHB 1404186?1726245101 第 1 次 获取到号码【1404186】GSD
2024-09-14 00:31:46 未获取到号码【1404186】GSD，可能号码格式错误
2024-09-14 00:31:46 获取到号码【1404186】的GSD为【-】
2024-09-14 00:31:54 GSD insert 第 1 次 等待 3 秒
2024-09-14 00:31:57 {"status":"bad","gid":"602134","msg":"添加失败！号码【1404186(-|-)】已存在！"}
2024-09-14 00:31:57 随机等待 227 秒，约 3 分钟
2024-09-14 00:31:57 下次操作: 2024-09-14 00:35:44

2024-09-14 00:35:44 开始第 4188 次操作

2024-09-14 00:35:44 开始操作号码 【1404187】
2024-09-14 00:35:52 GSD getOne 第 1 次 等待 3 秒
2024-09-14 00:35:55 查询号码 【1404187】，返回信息 {"status":"ok","msg":"-","gid":"602153","time_insert":"2023-03-20 05:31"}
2024-09-14 00:35:55 查询号码 【1404187】，GSD为【"-"】
2024-09-14 00:35:55 ok && -
2024-09-14 00:35:57 CHB 1404187?1726245355 第 1 次 等待 3 秒
2024-09-14 00:36:00 CHB 1404187?1726245355 第 1 次 获取到号码【1404187】GSD
2024-09-14 00:36:00 未获取到号码【1404187】GSD，可能号码格式错误
2024-09-14 00:36:00 获取到号码【1404187】的GSD为【-】
2024-09-14 00:36:07 GSD insert 第 1 次 等待 3 秒
2024-09-14 00:36:10 {"status":"bad","gid":"602153","msg":"添加失败！号码【1404187(-|-)】已存在！"}

2024-09-14 00:44:09 开始第 4189 次操作

2024-09-14 00:44:09 开始操作号码 【1404188】
2024-09-14 00:44:20 GSD getOne 第 1 次 等待 3 秒
2024-09-14 00:44:23 查询号码 【1404188】，返回信息 {"status":"ok","msg":"-","gid":"602179","time_insert":"2023-03-20 05:47"}
2024-09-14 00:44:23 查询号码 【1404188】，GSD为【"-"】
2024-09-14 00:44:23 ok && -
2024-09-14 00:44:25 CHB 1404188?1726245863 第 1 次 等待 3 秒
2024-09-14 00:44:28 CHB 1404188?1726245863 第 1 次 获取到号码【1404188】GSD
2024-09-14 00:44:28 未获取到号码【1404188】GSD，可能号码格式错误
2024-09-14 00:44:28 获取到号码【1404188】的GSD为【-】
2024-09-14 00:44:37 GSD insert 第 1 次 等待 3 秒
2024-09-14 00:44:40 {"status":"bad","gid":"602179","msg":"添加失败！号码【1404188(-|-)】已存在！"}
2024-09-14 00:44:40 随机等待 99 秒，约 1 分钟
2024-09-14 00:44:40 下次操作: 2024-09-14 00:46:19

2024-09-14 00:46:19 开始第 4190 次操作

2024-09-14 00:46:19 开始操作号码 【1404189】
2024-09-14 00:46:35 GSD getOne 第 1 次 等待 3 秒
2024-09-14 00:46:38 查询号码 【1404189】，返回信息 {"status":"ok","msg":"-","gid":"602204","time_insert":"2023-03-20 06:06"}
2024-09-14 00:46:39 查询号码 【1404189】，GSD为【"-"】
2024-09-14 00:46:39 ok && -
2024-09-14 00:46:40 CHB 1404189?1726245999 第 1 次 等待 3 秒
2024-09-14 00:46:43 CHB 1404189?1726245999 第 1 次 获取到号码【1404189】GSD
2024-09-14 00:46:43 未获取到号码【1404189】GSD，可能号码格式错误
2024-09-14 00:46:43 获取到号码【1404189】的GSD为【-】
2024-09-14 00:46:51 GSD insert 第 1 次 等待 3 秒
2024-09-14 00:46:54 {"status":"bad","gid":"602204","msg":"添加失败！号码【1404189(-|-)】已存在！"}
2024-09-14 00:46:54 随机等待 172 秒，约 2 分钟
2024-09-14 00:46:54 下次操作: 2024-09-14 00:49:46

2024-09-14 00:49:46 开始第 4191 次操作

2024-09-14 00:49:46 开始操作号码 【1404190】
2024-09-14 00:49:53 GSD getOne 第 1 次 等待 3 秒
2024-09-14 00:49:56 查询号码 【1404190】，返回信息 {"status":"ok","msg":"-","gid":"602233","time_insert":"2023-03-20 06:25"}
2024-09-14 00:49:56 查询号码 【1404190】，GSD为【"-"】
2024-09-14 00:49:56 ok && -
2024-09-14 00:49:58 CHB 1404190?1726246196 第 1 次 等待 3 秒
2024-09-14 00:50:01 CHB 1404190?1726246196 第 1 次 获取到号码【1404190】GSD
2024-09-14 00:50:01 未获取到号码【1404190】GSD，可能号码格式错误
2024-09-14 00:50:01 获取到号码【1404190】的GSD为【-】
2024-09-14 00:50:09 GSD insert 第 1 次 等待 3 秒
2024-09-14 00:50:12 {"status":"bad","gid":"602233","msg":"添加失败！号码【1404190(-|-)】已存在！"}
2024-09-14 00:50:12 随机等待 96 秒，约 1 分钟
2024-09-14 00:50:12 下次操作: 2024-09-14 00:51:48

2024-09-14 00:51:48 开始第 4192 次操作

2024-09-14 00:51:48 开始操作号码 【1404191】
2024-09-14 00:51:56 GSD getOne 第 1 次 等待 3 秒
2024-09-14 00:51:59 查询号码 【1404191】，返回信息 {"status":"ok","msg":"-","gid":"602255","time_insert":"2023-03-20 06:38"}
2024-09-14 00:51:59 查询号码 【1404191】，GSD为【"-"】
2024-09-14 00:51:59 ok && -
2024-09-14 00:52:00 CHB 1404191?1726246319 第 1 次 等待 3 秒
2024-09-14 00:52:03 CHB 1404191?1726246319 第 1 次 获取到号码【1404191】GSD
2024-09-14 00:52:03 未获取到号码【1404191】GSD，可能号码格式错误
2024-09-14 00:52:03 获取到号码【1404191】的GSD为【-】
2024-09-14 00:52:11 GSD insert 第 1 次 等待 3 秒
2024-09-14 00:52:14 {"status":"bad","gid":"602255","msg":"添加失败！号码【1404191(-|-)】已存在！"}

2024-09-14 01:19:13 开始第 4193 次操作

2024-09-14 01:19:13 开始操作号码 【1404192】
2024-09-14 01:19:21 GSD getOne 第 1 次 等待 3 秒
2024-09-14 01:19:24 查询号码 【1404192】，返回信息 {"status":"ok","msg":"-","gid":"602274","time_insert":"2023-03-20 06:49"}
2024-09-14 01:19:24 查询号码 【1404192】，GSD为【"-"】
2024-09-14 01:19:24 ok && -
2024-09-14 01:19:26 CHB 1404192?1726247964 第 1 次 等待 3 秒
2024-09-14 01:19:29 CHB 1404192?1726247964 第 1 次 获取到号码【1404192】GSD
2024-09-14 01:19:29 未获取到号码【1404192】GSD，可能号码格式错误
2024-09-14 01:19:29 获取到号码【1404192】的GSD为【-】
2024-09-14 01:19:37 GSD insert 第 1 次 等待 3 秒
2024-09-14 01:19:40 {"status":"bad","gid":"602274","msg":"添加失败！号码【1404192(-|-)】已存在！"}
2024-09-14 01:19:40 随机等待 221 秒，约 3 分钟
2024-09-14 01:19:40 下次操作: 2024-09-14 01:23:21

2024-09-14 01:23:21 开始第 4194 次操作

2024-09-14 01:23:21 开始操作号码 【1404193】
2024-09-14 01:23:29 GSD getOne 第 1 次 等待 3 秒
2024-09-14 01:23:32 查询号码 【1404193】，返回信息 {"status":"ok","msg":"-","gid":"602298","time_insert":"2023-03-20 07:02"}
2024-09-14 01:23:32 查询号码 【1404193】，GSD为【"-"】
2024-09-14 01:23:32 ok && -
2024-09-14 01:23:34 CHB 1404193?1726248212 第 1 次 等待 3 秒
2024-09-14 01:23:37 CHB 1404193?1726248212 第 1 次 获取到号码【1404193】GSD
2024-09-14 01:23:37 未获取到号码【1404193】GSD，可能号码格式错误
2024-09-14 01:23:37 获取到号码【1404193】的GSD为【-】
2024-09-14 01:23:45 GSD insert 第 1 次 等待 3 秒
2024-09-14 01:23:48 {"status":"bad","gid":"602298","msg":"添加失败！号码【1404193(-|-)】已存在！"}
2024-09-14 01:23:48 随机等待 224 秒，约 3 分钟
2024-09-14 01:23:48 下次操作: 2024-09-14 01:27:32

2024-09-14 01:27:32 开始第 4195 次操作

2024-09-14 01:27:32 开始操作号码 【1404194】
2024-09-14 01:27:40 GSD getOne 第 1 次 等待 3 秒
2024-09-14 01:27:43 查询号码 【1404194】，返回信息 {"status":"ok","msg":"-","gid":"602326","time_insert":"2023-03-20 07:23"}
2024-09-14 01:27:43 查询号码 【1404194】，GSD为【"-"】
2024-09-14 01:27:43 ok && -
2024-09-14 01:28:20 CHB 1404194?1726248463 第 1 次 等待 3 秒
2024-09-14 01:28:23 CHB 1404194?1726248463 第 1 次 获取到号码【1404194】GSD
2024-09-14 01:28:23 未获取到号码【1404194】GSD，可能号码格式错误
2024-09-14 01:28:23 获取到号码【1404194】的GSD为【-】
2024-09-14 01:28:32 GSD insert 第 1 次 等待 3 秒
2024-09-14 01:28:35 {"status":"bad","gid":"602326","msg":"添加失败！号码【1404194(-|-)】已存在！"}
2024-09-14 01:28:35 随机等待 119 秒，约 1 分钟
2024-09-14 01:28:35 下次操作: 2024-09-14 01:30:34

2024-09-14 01:30:34 开始第 4196 次操作

2024-09-14 01:30:34 开始操作号码 【1404195】
2024-09-14 01:30:44 GSD getOne 第 1 次 等待 3 秒
2024-09-14 01:30:47 查询号码 【1404195】，返回信息 {"status":"ok","msg":"-","gid":"602346","time_insert":"2023-03-20 07:36"}
2024-09-14 01:30:47 查询号码 【1404195】，GSD为【"-"】
2024-09-14 01:30:47 ok && -
2024-09-14 01:30:48 CHB 1404195?1726248647 第 1 次 等待 3 秒
2024-09-14 01:30:51 CHB 1404195?1726248647 第 1 次 获取到号码【1404195】GSD
2024-09-14 01:30:51 未获取到号码【1404195】GSD，可能号码格式错误
2024-09-14 01:30:51 获取到号码【1404195】的GSD为【-】
2024-09-14 01:31:02 GSD insert 第 1 次 等待 3 秒
2024-09-14 01:31:05 {"status":"bad","gid":"602346","msg":"添加失败！号码【1404195(-|-)】已存在！"}

2024-09-14 01:39:26 开始第 4197 次操作

2024-09-14 01:39:26 开始操作号码 【1404196】
2024-09-14 01:39:36 GSD getOne 第 1 次 等待 3 秒
2024-09-14 01:39:39 查询号码 【1404196】，返回信息 {"status":"ok","msg":"-","gid":"602382","time_insert":"2023-03-20 07:58"}
2024-09-14 01:39:39 查询号码 【1404196】，GSD为【"-"】
2024-09-14 01:39:39 ok && -
2024-09-14 01:39:41 CHB 1404196?1726249179 第 1 次 等待 3 秒
2024-09-14 01:39:44 CHB 1404196?1726249179 第 1 次 获取到号码【1404196】GSD
2024-09-14 01:39:44 未获取到号码【1404196】GSD，可能号码格式错误
2024-09-14 01:39:44 获取到号码【1404196】的GSD为【-】
2024-09-14 01:39:52 GSD insert 第 1 次 等待 3 秒
2024-09-14 01:39:55 {"status":"bad","gid":"602382","msg":"添加失败！号码【1404196(-|-)】已存在！"}
2024-09-14 01:39:55 随机等待 76 秒，约 1 分钟
2024-09-14 01:39:55 下次操作: 2024-09-14 01:41:11

2024-09-14 01:41:11 开始第 4198 次操作

2024-09-14 01:41:11 开始操作号码 【1404197】
2024-09-14 01:41:20 GSD getOne 第 1 次 等待 3 秒
2024-09-14 01:41:23 查询号码 【1404197】，返回信息 {"status":"ok","msg":"-","gid":"602399","time_insert":"2023-03-20 08:12"}
2024-09-14 01:41:23 查询号码 【1404197】，GSD为【"-"】
2024-09-14 01:41:23 ok && -
2024-09-14 01:41:25 CHB 1404197?1726249283 第 1 次 等待 3 秒
2024-09-14 01:41:28 CHB 1404197?1726249283 第 1 次 获取到号码【1404197】GSD
2024-09-14 01:41:28 未获取到号码【1404197】GSD，可能号码格式错误
2024-09-14 01:41:28 获取到号码【1404197】的GSD为【-】
2024-09-14 01:41:35 GSD insert 第 1 次 等待 3 秒
2024-09-14 01:41:38 {"status":"bad","gid":"602399","msg":"添加失败！号码【1404197(-|-)】已存在！"}
2024-09-14 01:41:38 随机等待 176 秒，约 2 分钟
2024-09-14 01:41:38 下次操作: 2024-09-14 01:44:34

2024-09-14 01:44:34 开始第 4199 次操作

2024-09-14 01:44:34 开始操作号码 【1404198】
2024-09-14 01:44:42 GSD getOne 第 1 次 等待 3 秒
2024-09-14 01:44:45 查询号码 【1404198】，返回信息 {"status":"ok","msg":"-","gid":"602419","time_insert":"2023-03-20 08:34"}
2024-09-14 01:44:45 查询号码 【1404198】，GSD为【"-"】
2024-09-14 01:44:45 ok && -
2024-09-14 01:44:47 CHB 1404198?1726249485 第 1 次 等待 3 秒
2024-09-14 01:44:50 CHB 1404198?1726249485 第 1 次 获取到号码【1404198】GSD
2024-09-14 01:44:50 未获取到号码【1404198】GSD，可能号码格式错误
2024-09-14 01:44:50 获取到号码【1404198】的GSD为【-】
2024-09-14 01:44:58 GSD insert 第 1 次 等待 3 秒
2024-09-14 01:45:01 {"status":"bad","gid":"602419","msg":"添加失败！号码【1404198(-|-)】已存在！"}
2024-09-14 01:45:01 随机等待 174 秒，约 2 分钟
2024-09-14 01:45:01 下次操作: 2024-09-14 01:47:55

2024-09-14 01:47:55 开始第 4200 次操作

2024-09-14 01:47:55 开始操作号码 【1404199】
2024-09-14 01:48:05 GSD getOne 第 1 次 等待 3 秒
2024-09-14 01:48:08 查询号码 【1404199】，返回信息 {"status":"ok","msg":"-","gid":"602438","time_insert":"2023-03-20 08:53"}
2024-09-14 01:48:08 查询号码 【1404199】，GSD为【"-"】
2024-09-14 01:48:08 ok && -
2024-09-14 01:48:10 CHB 1404199?1726249688 第 1 次 等待 3 秒
2024-09-14 01:48:13 CHB 1404199?1726249688 第 1 次 获取到号码【1404199】GSD
2024-09-14 01:48:13 未获取到号码【1404199】GSD，可能号码格式错误
2024-09-14 01:48:13 获取到号码【1404199】的GSD为【-】
2024-09-14 01:48:21 GSD insert 第 1 次 等待 3 秒
2024-09-14 01:48:24 {"status":"bad","gid":"602438","msg":"添加失败！号码【1404199(-|-)】已存在！"}

