2024-05-04 00:11:32 开始第 7181 次操作

2024-05-04 00:11:32 开始操作号码 【1627081】
2024-05-04 00:11:37 GSD getOne 第 1 次 等待 3 秒
2024-05-04 00:11:40 查询号码 【1627081】，返回信息 {"status":"ok","msg":"内蒙古-乌海","gid":"222663","time_insert":"2021-07-08 13:19"}
2024-05-04 00:11:40 查询号码 【1627081】，GSD为【"内蒙古-乌海"】

2024-05-04 00:11:41 开始第 7182 次操作

2024-05-04 00:11:41 开始操作号码 【1627082】
2024-05-04 00:11:47 GSD getOne 第 1 次 等待 3 秒
2024-05-04 00:11:50 查询号码 【1627082】，返回信息 {"status":"ok","msg":"内蒙古-锡林郭勒","gid":"222674","time_insert":"2021-07-08 13:23"}
2024-05-04 00:11:50 查询号码 【1627082】，GSD为【"内蒙古-锡林郭勒"】

2024-05-04 00:11:51 开始第 7183 次操作

2024-05-04 00:11:51 开始操作号码 【1627083】
2024-05-04 00:11:59 GSD getOne 第 1 次 等待 3 秒
2024-05-04 00:12:02 查询号码 【1627083】，返回信息 {"status":"ok","msg":"内蒙古-锡林郭勒","gid":"222687","time_insert":"2021-07-08 13:29"}
2024-05-04 00:12:03 查询号码 【1627083】，GSD为【"内蒙古-锡林郭勒"】

2024-05-04 00:12:04 开始第 7184 次操作

2024-05-04 00:12:04 开始操作号码 【1627084】
2024-05-04 00:12:09 GSD getOne 第 1 次 等待 3 秒
2024-05-04 00:12:12 查询号码 【1627084】，返回信息 {"status":"ok","msg":"内蒙古-锡林郭勒","gid":"222705","time_insert":"2021-07-08 13:34"}
2024-05-04 00:12:12 查询号码 【1627084】，GSD为【"内蒙古-锡林郭勒"】

