2024-01-11 00:11:34 开始第 8285 次操作

2024-01-11 00:11:34 开始操作号码 【1848184】
2024-01-11 00:11:37 GSD getOne 第 1 次 等待 3 秒
2024-01-11 00:11:40 查询号码 【1848184】，返回信息 {"status":"ok","msg":"四川-达州","gid":"419808","time_insert":"2021-07-28 02:15"}
2024-01-11 00:11:40 查询号码 【1848184】，GSD为【"四川-达州"】

2024-01-11 00:11:41 开始第 8286 次操作

2024-01-11 00:11:41 开始操作号码 【1848185】
2024-01-11 00:11:44 GSD getOne 第 1 次 等待 3 秒
2024-01-11 00:11:47 查询号码 【1848185】，返回信息 {"status":"ok","msg":"四川-达州","gid":"39436","time_insert":"2017-06-19 15:40","time_update":"2020-11-10 07:26"}
2024-01-11 00:11:47 查询号码 【1848185】，GSD为【"四川-达州"】

2024-01-11 00:11:48 开始第 8287 次操作

2024-01-11 00:11:48 开始操作号码 【1848186】
2024-01-11 00:11:51 GSD getOne 第 1 次 等待 3 秒
2024-01-11 00:11:54 查询号码 【1848186】，返回信息 {"status":"ok","msg":"四川-达州","gid":"419800","time_insert":"2021-07-28 02:14"}
2024-01-11 00:11:54 查询号码 【1848186】，GSD为【"四川-达州"】

2024-01-11 00:11:55 开始第 8288 次操作

2024-01-11 00:11:55 开始操作号码 【1848187】
2024-01-11 00:11:58 GSD getOne 第 1 次 等待 3 秒
2024-01-11 00:12:01 查询号码 【1848187】，返回信息 {"status":"ok","msg":"四川-达州","gid":"419795","time_insert":"2021-07-28 02:13"}
2024-01-11 00:12:01 查询号码 【1848187】，GSD为【"四川-达州"】

