2023-12-26 00:10:18 开始第 5353 次操作

2023-12-26 00:10:18 开始操作号码 【1845252】
2023-12-26 00:10:23 GSD getOne 第 1 次 等待 3 秒
2023-12-26 00:10:26 查询号码 【1845252】，返回信息 {"status":"ok","msg":"江苏-宿迁","gid":"451557","time_insert":"2021-07-31 03:13"}
2023-12-26 00:10:26 查询号码 【1845252】，GSD为【"江苏-宿迁"】

2023-12-26 00:10:27 开始第 5354 次操作

2023-12-26 00:10:27 开始操作号码 【1845253】
2023-12-26 00:10:31 GSD getOne 第 1 次 等待 3 秒
2023-12-26 00:10:34 查询号码 【1845253】，返回信息 {"status":"ok","msg":"江苏-宿迁","gid":"451549","time_insert":"2021-07-31 03:12"}
2023-12-26 00:10:34 查询号码 【1845253】，GSD为【"江苏-宿迁"】

2023-12-26 00:10:35 开始第 5355 次操作

2023-12-26 00:10:35 开始操作号码 【1845254】
2023-12-26 00:10:39 GSD getOne 第 1 次 等待 3 秒
2023-12-26 00:10:42 查询号码 【1845254】，返回信息 {"status":"ok","msg":"江苏-南京","gid":"451536","time_insert":"2021-07-31 03:11"}
2023-12-26 00:10:42 查询号码 【1845254】，GSD为【"江苏-南京"】

2023-12-26 00:10:43 开始第 5356 次操作

2023-12-26 00:10:43 开始操作号码 【1845255】
2023-12-26 00:10:46 GSD getOne 第 1 次 等待 3 秒
2023-12-26 00:10:49 查询号码 【1845255】，返回信息 {"status":"ok","msg":"江苏-盐城","gid":"451525","time_insert":"2021-07-31 03:10"}
2023-12-26 00:10:49 查询号码 【1845255】，GSD为【"江苏-盐城"】

2023-12-26 00:36:50 开始第 5357 次操作

2023-12-26 00:36:50 开始操作号码 【1845256】
2023-12-26 00:36:55 GSD getOne 第 1 次 等待 3 秒
2023-12-26 00:36:58 查询号码 【1845256】，返回信息 {"status":"ok","msg":"江苏-盐城","gid":"451513","time_insert":"2021-07-31 03:10"}
2023-12-26 00:36:59 查询号码 【1845256】，GSD为【"江苏-盐城"】

2023-12-26 00:37:00 开始第 5358 次操作

2023-12-26 00:37:00 开始操作号码 【1845257】
2023-12-26 00:37:05 GSD getOne 第 1 次 等待 3 秒
2023-12-26 00:37:08 查询号码 【1845257】，返回信息 {"status":"ok","msg":"江苏-连云港","gid":"451499","time_insert":"2021-07-31 03:09"}
2023-12-26 00:37:08 查询号码 【1845257】，GSD为【"江苏-连云港"】

2023-12-26 00:37:09 开始第 5359 次操作

2023-12-26 00:37:09 开始操作号码 【1845258】
2023-12-26 00:37:14 GSD getOne 第 1 次 等待 3 秒
2023-12-26 00:37:17 查询号码 【1845258】，返回信息 {"status":"ok","msg":"江苏-徐州","gid":"451485","time_insert":"2021-07-31 03:08"}
2023-12-26 00:37:17 查询号码 【1845258】，GSD为【"江苏-徐州"】

2023-12-26 00:37:18 开始第 5360 次操作

2023-12-26 00:37:18 开始操作号码 【1845259】
2023-12-26 00:37:22 GSD getOne 第 1 次 等待 3 秒
2023-12-26 00:37:25 查询号码 【1845259】，返回信息 {"status":"ok","msg":"江苏-徐州","gid":"451474","time_insert":"2021-07-31 03:07"}
2023-12-26 00:37:25 查询号码 【1845259】，GSD为【"江苏-徐州"】

