2024-07-26 00:12:52 开始第 8193 次操作

2024-07-26 00:12:52 开始操作号码 【1518083】
2024-07-26 00:13:02 GSD getOne 第 1 次 等待 3 秒
2024-07-26 00:13:05 查询号码 【1518083】，返回信息 {"status":"ok","msg":"贵州-贵阳","gid":"17734","time_insert":"2017-05-17 14:22","time_update":"2020-11-19 17:08"}
2024-07-26 00:13:05 查询号码 【1518083】，GSD为【"贵州-贵阳"】

2024-07-26 00:13:06 开始第 8194 次操作

2024-07-26 00:13:06 开始操作号码 【1518084】
2024-07-26 00:13:14 GSD getOne 第 1 次 等待 3 秒
2024-07-26 00:13:17 查询号码 【1518084】，返回信息 {"status":"ok","msg":"贵州-贵阳","gid":"17735","time_insert":"2018-08-27 17:30","time_update":"2020-11-19 17:13"}
2024-07-26 00:13:17 查询号码 【1518084】，GSD为【"贵州-贵阳"】

2024-07-26 00:13:18 开始第 8195 次操作

2024-07-26 00:13:18 开始操作号码 【1518085】
2024-07-26 00:13:26 GSD getOne 第 1 次 等待 3 秒
2024-07-26 00:13:29 查询号码 【1518085】，返回信息 {"status":"ok","msg":"贵州-贵阳","gid":"432146","time_insert":"2021-07-29 10:13"}
2024-07-26 00:13:29 查询号码 【1518085】，GSD为【"贵州-贵阳"】

2024-07-26 00:13:30 开始第 8196 次操作

2024-07-26 00:13:30 开始操作号码 【1518086】
2024-07-26 00:13:38 GSD getOne 第 1 次 等待 3 秒
2024-07-26 00:13:41 查询号码 【1518086】，返回信息 {"status":"ok","msg":"贵州-贵阳","gid":"17736","time_insert":"2015-09-22 16:29","time_update":"2020-11-19 17:17"}
2024-07-26 00:13:42 查询号码 【1518086】，GSD为【"贵州-贵阳"】

