2024-02-18 00:10:10 开始第 4389 次操作

2024-02-18 00:10:10 开始操作号码 【1734288】
2024-02-18 00:10:16 GSD getOne 第 1 次 等待 3 秒
2024-02-18 00:10:19 查询号码 【1734288】，返回信息 {"status":"ok","msg":"广东-肇庆","gid":"174820","time_insert":"2021-07-02 15:46"}
2024-02-18 00:10:19 查询号码 【1734288】，GSD为【"广东-肇庆"】

2024-02-18 00:10:20 开始第 4390 次操作

2024-02-18 00:10:20 开始操作号码 【1734289】
2024-02-18 00:10:24 GSD getOne 第 1 次 等待 3 秒
2024-02-18 00:10:27 查询号码 【1734289】，返回信息 {"status":"ok","msg":"广东-肇庆","gid":"174826","time_insert":"2021-07-02 15:46"}
2024-02-18 00:10:27 查询号码 【1734289】，GSD为【"广东-肇庆"】

2024-02-18 00:10:28 开始第 4391 次操作

2024-02-18 00:10:28 开始操作号码 【1734290】
2024-02-18 00:10:33 GSD getOne 第 1 次 等待 3 秒
2024-02-18 00:10:36 查询号码 【1734290】，返回信息 {"status":"ok","msg":"陕西-商洛","gid":"174835","time_insert":"2021-07-02 15:47"}
2024-02-18 00:10:36 查询号码 【1734290】，GSD为【"陕西-商洛"】

2024-02-18 00:10:37 开始第 4392 次操作

2024-02-18 00:10:37 开始操作号码 【1734291】
2024-02-18 00:10:42 GSD getOne 第 1 次 等待 3 秒
2024-02-18 00:10:45 查询号码 【1734291】，返回信息 {"status":"ok","msg":"陕西-商洛","gid":"174843","time_insert":"2021-07-02 15:48"}
2024-02-18 00:10:46 查询号码 【1734291】，GSD为【"陕西-商洛"】

