2024-08-24 00:27:09 开始第 793 次操作

2024-08-24 00:27:09 开始操作号码 【1400792】
2024-08-24 00:27:17 GSD getOne 第 1 次 等待 3 秒
2024-08-24 00:27:20 查询号码 【1400792】，返回信息 {"status":"ok","msg":"-","gid":"529292","time_insert":"2023-02-13 17:57"}
2024-08-24 00:27:20 查询号码 【1400792】，GSD为【"-"】
2024-08-24 00:27:20 ok && -
2024-08-24 00:27:23 CHB 1400792?1724430440 第 1 次 等待 3 秒
2024-08-24 00:27:26 CHB 1400792?1724430440 第 1 次 获取到号码【1400792】GSD
2024-08-24 00:27:26 未获取到号码【1400792】GSD，可能号码格式错误
2024-08-24 00:27:26 获取到号码【1400792】的GSD为【-】
2024-08-24 00:27:35 GSD insert 第 1 次 等待 3 秒
2024-08-24 00:27:38 {"status":"bad","gid":"529292","msg":"添加失败！号码【1400792(-|-)】已存在！"}
2024-08-24 00:27:38 随机等待 178 秒，约 2 分钟
2024-08-24 00:27:38 下次操作: 2024-08-24 00:30:36

2024-08-24 00:30:36 开始第 794 次操作

2024-08-24 00:30:36 开始操作号码 【1400793】
2024-08-24 00:30:45 GSD getOne 第 1 次 等待 3 秒
2024-08-24 00:30:48 查询号码 【1400793】，返回信息 {"status":"ok","msg":"-","gid":"529305","time_insert":"2023-02-13 18:09"}
2024-08-24 00:30:48 查询号码 【1400793】，GSD为【"-"】
2024-08-24 00:30:48 ok && -
2024-08-24 00:30:50 CHB 1400793?1724430648 第 1 次 等待 3 秒
2024-08-24 00:30:53 CHB 1400793?1724430648 第 1 次 获取到号码【1400793】GSD
2024-08-24 00:30:53 未获取到号码【1400793】GSD，可能号码格式错误
2024-08-24 00:30:53 获取到号码【1400793】的GSD为【-】
2024-08-24 00:31:09 GSD insert 第 1 次 等待 3 秒
2024-08-24 00:31:12 {"status":"bad","gid":"529305","msg":"添加失败！号码【1400793(-|-)】已存在！"}
2024-08-24 00:31:12 随机等待 183 秒，约 3 分钟
2024-08-24 00:31:12 下次操作: 2024-08-24 00:34:15

2024-08-24 00:34:15 开始第 795 次操作

2024-08-24 00:34:15 开始操作号码 【1400794】
2024-08-24 00:34:23 GSD getOne 第 1 次 等待 3 秒
2024-08-24 00:34:26 查询号码 【1400794】，返回信息 {"status":"ok","msg":"-","gid":"529320","time_insert":"2023-02-13 18:22"}
2024-08-24 00:34:26 查询号码 【1400794】，GSD为【"-"】
2024-08-24 00:34:26 ok && -
2024-08-24 00:34:28 CHB 1400794?1724430866 第 1 次 等待 3 秒
2024-08-24 00:34:31 CHB 1400794?1724430866 第 1 次 获取到号码【1400794】GSD
2024-08-24 00:34:31 未获取到号码【1400794】GSD，可能号码格式错误
2024-08-24 00:34:31 获取到号码【1400794】的GSD为【-】
2024-08-24 00:34:43 GSD insert 第 1 次 等待 3 秒
2024-08-24 00:34:46 {"status":"bad","gid":"529320","msg":"添加失败！号码【1400794(-|-)】已存在！"}
2024-08-24 00:34:46 随机等待 108 秒，约 1 分钟
2024-08-24 00:34:46 下次操作: 2024-08-24 00:36:34

2024-08-24 00:36:34 开始第 796 次操作

2024-08-24 00:36:34 开始操作号码 【1400795】
2024-08-24 00:36:42 GSD getOne 第 1 次 等待 3 秒
2024-08-24 00:36:45 查询号码 【1400795】，返回信息 {"status":"ok","msg":"-","gid":"529335","time_insert":"2023-02-13 18:34"}
2024-08-24 00:36:45 查询号码 【1400795】，GSD为【"-"】
2024-08-24 00:36:45 ok && -
2024-08-24 00:36:48 CHB 1400795?1724431005 第 1 次 等待 3 秒
2024-08-24 00:36:51 CHB 1400795?1724431005 第 1 次 获取到号码【1400795】GSD
2024-08-24 00:36:51 未获取到号码【1400795】GSD，可能号码格式错误
2024-08-24 00:36:51 获取到号码【1400795】的GSD为【-】
2024-08-24 00:36:58 GSD insert 第 1 次 等待 3 秒
2024-08-24 00:37:01 {"status":"bad","gid":"529335","msg":"添加失败！号码【1400795(-|-)】已存在！"}

