2024-02-03 00:09:31 开始第 1633 次操作

2024-02-03 00:09:31 开始操作号码 【1731532】
2024-02-03 00:09:36 GSD getOne 第 1 次 等待 3 秒
2024-02-03 00:09:39 查询号码 【1731532】，返回信息 {"status":"ok","msg":"江苏-泰州","gid":"147367","time_insert":"2021-06-28 15:42"}
2024-02-03 00:09:39 查询号码 【1731532】，GSD为【"江苏-泰州"】

2024-02-03 00:09:40 开始第 1634 次操作

2024-02-03 00:09:40 开始操作号码 【1731533】
2024-02-03 00:09:45 GSD getOne 第 1 次 等待 3 秒
2024-02-03 00:09:48 查询号码 【1731533】，返回信息 {"status":"ok","msg":"江苏-泰州","gid":"147377","time_insert":"2021-06-28 15:43"}
2024-02-03 00:09:48 查询号码 【1731533】，GSD为【"江苏-泰州"】

2024-02-03 00:09:49 开始第 1635 次操作

2024-02-03 00:09:49 开始操作号码 【1731534】
2024-02-03 00:09:54 GSD getOne 第 1 次 等待 3 秒
2024-02-03 00:09:57 查询号码 【1731534】，返回信息 {"status":"ok","msg":"江苏-苏州","gid":"55155","time_insert":"2020-04-09 08:52"}
2024-02-03 00:09:57 查询号码 【1731534】，GSD为【"江苏-苏州"】

2024-02-03 00:09:58 开始第 1636 次操作

2024-02-03 00:09:58 开始操作号码 【1731535】
2024-02-03 00:10:03 GSD getOne 第 1 次 等待 3 秒
2024-02-03 00:10:06 查询号码 【1731535】，返回信息 {"status":"ok","msg":"江苏-镇江","gid":"147394","time_insert":"2021-06-28 15:44"}
2024-02-03 00:10:06 查询号码 【1731535】，GSD为【"江苏-镇江"】

