2023-12-16 00:11:29 开始第 3521 次操作

2023-12-16 00:11:29 开始操作号码 【1843420】
2023-12-16 00:11:33 GSD getOne 第 1 次 等待 3 秒
2023-12-16 00:11:36 查询号码 【1843420】，返回信息 {"status":"ok","msg":"山西-大同","gid":"473959","time_insert":"2021-08-02 01:53"}
2023-12-16 00:11:36 查询号码 【1843420】，GSD为【"山西-大同"】

2023-12-16 00:11:37 开始第 3522 次操作

2023-12-16 00:11:37 开始操作号码 【1843421】
2023-12-16 00:11:46 GSD getOne 第 1 次 等待 3 秒
2023-12-16 00:11:49 查询号码 【1843421】，返回信息 {"status":"ok","msg":"山西-大同","gid":"473944","time_insert":"2021-08-02 01:52"}
2023-12-16 00:11:49 查询号码 【1843421】，GSD为【"山西-大同"】

2023-12-16 00:11:50 开始第 3523 次操作

2023-12-16 00:11:50 开始操作号码 【1843422】
2023-12-16 00:11:57 GSD getOne 第 1 次 等待 3 秒
2023-12-16 00:12:00 查询号码 【1843422】，返回信息 {"status":"ok","msg":"山西-大同","gid":"473931","time_insert":"2021-08-02 01:51"}
2023-12-16 00:12:00 查询号码 【1843422】，GSD为【"山西-大同"】

2023-12-16 00:12:01 开始第 3524 次操作

2023-12-16 00:12:01 开始操作号码 【1843423】
2023-12-16 00:12:06 GSD getOne 第 1 次 等待 3 秒
2023-12-16 00:12:09 查询号码 【1843423】，返回信息 {"status":"ok","msg":"山西-长治","gid":"473916","time_insert":"2021-08-02 01:50"}
2023-12-16 00:12:09 查询号码 【1843423】，GSD为【"山西-长治"】

