2024-09-19 00:27:22 开始第 5025 次操作

2024-09-19 00:27:22 开始操作号码 【1405023】
2024-09-19 00:27:31 GSD getOne 第 1 次 等待 3 秒
2024-09-19 00:27:34 查询号码 【1405023】，返回信息 {"status":"ok","msg":"-","gid":"621711","time_insert":"2023-03-29 13:47"}
2024-09-19 00:27:35 查询号码 【1405023】，GSD为【"-"】
2024-09-19 00:27:35 ok && -
2024-09-19 00:27:37 CHB 1405023?1726676855 第 1 次 等待 3 秒
2024-09-19 00:27:40 CHB 1405023?1726676855 第 1 次 获取到号码【1405023】GSD
2024-09-19 00:27:40 未获取到号码【1405023】GSD，可能号码格式错误
2024-09-19 00:27:40 获取到号码【1405023】的GSD为【-】
2024-09-19 00:27:49 GSD insert 第 1 次 等待 3 秒
2024-09-19 00:27:52 {"status":"bad","gid":"621711","msg":"添加失败！号码【1405023(-|-)】已存在！"}
2024-09-19 00:27:52 随机等待 150 秒，约 2 分钟
2024-09-19 00:27:52 下次操作: 2024-09-19 00:30:22

2024-09-19 00:30:22 开始第 5026 次操作

2024-09-19 00:30:22 开始操作号码 【1405024】
2024-09-19 00:30:30 GSD getOne 第 1 次 等待 3 秒
2024-09-19 00:30:33 查询号码 【1405024】，返回信息 {"status":"ok","msg":"-","gid":"621733","time_insert":"2023-03-29 13:58"}
2024-09-19 00:30:33 查询号码 【1405024】，GSD为【"-"】
2024-09-19 00:30:33 ok && -
2024-09-19 00:30:35 CHB 1405024?1726677033 第 1 次 等待 3 秒
2024-09-19 00:30:38 CHB 1405024?1726677033 第 1 次 获取到号码【1405024】GSD
2024-09-19 00:30:38 未获取到号码【1405024】GSD，可能号码格式错误
2024-09-19 00:30:38 获取到号码【1405024】的GSD为【-】
2024-09-19 00:30:46 GSD insert 第 1 次 等待 3 秒
2024-09-19 00:30:49 {"status":"bad","gid":"621733","msg":"添加失败！号码【1405024(-|-)】已存在！"}
2024-09-19 00:30:49 随机等待 198 秒，约 3 分钟
2024-09-19 00:30:49 下次操作: 2024-09-19 00:34:07

2024-09-19 00:34:07 开始第 5027 次操作

2024-09-19 00:34:07 开始操作号码 【1405025】
2024-09-19 00:34:25 GSD getOne 第 1 次 等待 3 秒
2024-09-19 00:34:28 查询号码 【1405025】，返回信息 {"status":"ok","msg":"-","gid":"621761","time_insert":"2023-03-29 14:19"}
2024-09-19 00:34:28 查询号码 【1405025】，GSD为【"-"】
2024-09-19 00:34:28 ok && -
2024-09-19 00:34:31 CHB 1405025?1726677268 第 1 次 等待 3 秒
2024-09-19 00:34:34 CHB 1405025?1726677268 第 1 次 获取到号码【1405025】GSD
2024-09-19 00:34:34 未获取到号码【1405025】GSD，可能号码格式错误
2024-09-19 00:34:34 获取到号码【1405025】的GSD为【-】
2024-09-19 00:34:42 GSD insert 第 1 次 等待 3 秒
2024-09-19 00:34:45 {"status":"bad","gid":"621761","msg":"添加失败！号码【1405025(-|-)】已存在！"}
2024-09-19 00:34:45 随机等待 158 秒，约 2 分钟
2024-09-19 00:34:45 下次操作: 2024-09-19 00:37:23

2024-09-19 00:37:23 开始第 5028 次操作

2024-09-19 00:37:23 开始操作号码 【1405026】
2024-09-19 00:37:34 GSD getOne 第 1 次 等待 3 秒
2024-09-19 00:37:37 查询号码 【1405026】，返回信息 {"status":"ok","msg":"-","gid":"621778","time_insert":"2023-03-29 14:31"}
2024-09-19 00:37:37 查询号码 【1405026】，GSD为【"-"】
2024-09-19 00:37:37 ok && -
2024-09-19 00:37:39 CHB 1405026?1726677457 第 1 次 等待 3 秒
2024-09-19 00:37:42 CHB 1405026?1726677457 第 1 次 获取到号码【1405026】GSD
2024-09-19 00:37:42 未获取到号码【1405026】GSD，可能号码格式错误
2024-09-19 00:37:42 获取到号码【1405026】的GSD为【-】
2024-09-19 00:37:52 GSD insert 第 1 次 等待 3 秒
2024-09-19 00:37:55 {"status":"bad","gid":"621778","msg":"添加失败！号码【1405026(-|-)】已存在！"}

2024-09-19 00:45:40 开始第 5029 次操作

2024-09-19 00:45:40 开始操作号码 【1405027】
2024-09-19 00:45:49 GSD getOne 第 1 次 等待 3 秒
2024-09-19 00:45:52 查询号码 【1405027】，返回信息 {"status":"ok","msg":"-","gid":"621795","time_insert":"2023-03-29 14:40"}
2024-09-19 00:45:52 查询号码 【1405027】，GSD为【"-"】
2024-09-19 00:45:52 ok && -
2024-09-19 00:45:54 CHB 1405027?1726677952 第 1 次 等待 3 秒
2024-09-19 00:45:57 CHB 1405027?1726677952 第 1 次 获取到号码【1405027】GSD
2024-09-19 00:45:57 未获取到号码【1405027】GSD，可能号码格式错误
2024-09-19 00:45:57 获取到号码【1405027】的GSD为【-】
2024-09-19 00:46:05 GSD insert 第 1 次 等待 3 秒
2024-09-19 00:46:08 {"status":"bad","gid":"621795","msg":"添加失败！号码【1405027(-|-)】已存在！"}
2024-09-19 00:46:08 随机等待 163 秒，约 2 分钟
2024-09-19 00:46:08 下次操作: 2024-09-19 00:48:51

2024-09-19 00:48:51 开始第 5030 次操作

2024-09-19 00:48:51 开始操作号码 【1405028】
2024-09-19 00:48:59 GSD getOne 第 1 次 等待 3 秒
2024-09-19 00:49:02 查询号码 【1405028】，返回信息 {"status":"ok","msg":"-","gid":"621813","time_insert":"2023-03-29 14:49"}
2024-09-19 00:49:02 查询号码 【1405028】，GSD为【"-"】
2024-09-19 00:49:02 ok && -
2024-09-19 00:49:04 CHB 1405028?1726678142 第 1 次 等待 3 秒
2024-09-19 00:49:07 CHB 1405028?1726678142 第 1 次 获取到号码【1405028】GSD
2024-09-19 00:49:07 未获取到号码【1405028】GSD，可能号码格式错误
2024-09-19 00:49:07 获取到号码【1405028】的GSD为【-】
2024-09-19 00:49:16 GSD insert 第 1 次 等待 3 秒
2024-09-19 00:49:19 {"status":"bad","gid":"621813","msg":"添加失败！号码【1405028(-|-)】已存在！"}
2024-09-19 00:49:19 随机等待 81 秒，约 1 分钟
2024-09-19 00:49:19 下次操作: 2024-09-19 00:50:40

2024-09-19 00:50:40 开始第 5031 次操作

2024-09-19 00:50:40 开始操作号码 【1405029】
2024-09-19 00:51:02 GSD getOne 第 1 次 等待 3 秒
2024-09-19 00:51:05 查询号码 【1405029】，返回信息 {"status":"ok","msg":"-","gid":"621834","time_insert":"2023-03-29 15:02"}
2024-09-19 00:51:05 查询号码 【1405029】，GSD为【"-"】
2024-09-19 00:51:05 ok && -
2024-09-19 00:51:06 CHB 1405029?1726678265 第 1 次 等待 3 秒
2024-09-19 00:51:09 CHB 1405029?1726678265 第 1 次 获取到号码【1405029】GSD
2024-09-19 00:51:09 未获取到号码【1405029】GSD，可能号码格式错误
2024-09-19 00:51:09 获取到号码【1405029】的GSD为【-】
2024-09-19 00:51:17 GSD insert 第 1 次 等待 3 秒
2024-09-19 00:51:20 {"status":"bad","gid":"621834","msg":"添加失败！号码【1405029(-|-)】已存在！"}
2024-09-19 00:51:20 随机等待 123 秒，约 2 分钟
2024-09-19 00:51:20 下次操作: 2024-09-19 00:53:23

2024-09-19 00:53:23 开始第 5032 次操作

2024-09-19 00:53:23 开始操作号码 【1405030】
2024-09-19 00:53:32 GSD getOne 第 1 次 等待 3 秒
2024-09-19 00:53:35 查询号码 【1405030】，返回信息 {"status":"ok","msg":"-","gid":"621855","time_insert":"2023-03-29 15:18"}
2024-09-19 00:53:35 查询号码 【1405030】，GSD为【"-"】
2024-09-19 00:53:35 ok && -
2024-09-19 00:53:37 CHB 1405030?1726678415 第 1 次 等待 3 秒
2024-09-19 00:53:40 CHB 1405030?1726678415 第 1 次 获取到号码【1405030】GSD
2024-09-19 00:53:40 未获取到号码【1405030】GSD，可能号码格式错误
2024-09-19 00:53:40 获取到号码【1405030】的GSD为【-】
2024-09-19 00:53:48 GSD insert 第 1 次 等待 3 秒
2024-09-19 00:53:51 {"status":"bad","gid":"621855","msg":"添加失败！号码【1405030(-|-)】已存在！"}

