2023-10-08 00:09:06 开始第 2137 次操作

2023-10-08 00:09:06 开始操作号码 【1942136】
2023-10-08 00:09:10 GSD getOne 第 1 次 等待 3 秒
2023-10-08 00:09:13 查询号码 【1942136】，返回信息 {"status":"ok","msg":"-","gid":"591776","time_insert":"2023-03-15 06:55"}
2023-10-08 00:09:13 查询号码 【1942136】，GSD为【"-"】
2023-10-08 00:09:13 ok && -
2023-10-08 00:09:19 CHB 1942136?1696694953 第 1 次 等待 3 秒
2023-10-08 00:09:22 CHB 1942136?1696694953 第 1 次 获取到号码【1942136】GSD
2023-10-08 00:09:22 未获取到号码【1942136】GSD，可能号码格式错误
2023-10-08 00:09:22 获取到号码【1942136】的GSD为【-】
2023-10-08 00:09:27 GSD insert 第 1 次 等待 3 秒
2023-10-08 00:09:30 {"status":"bad","gid":"591776","msg":"添加失败！号码【1942136(-|-)】已存在！"}
2023-10-08 00:09:30 随机等待 90 秒，约 1 分钟
2023-10-08 00:09:30 下次操作: 2023-10-08 00:11:00

2023-10-08 00:11:00 开始第 2138 次操作

2023-10-08 00:11:00 开始操作号码 【1942137】
2023-10-08 00:11:07 GSD getOne 第 1 次 等待 3 秒
2023-10-08 00:11:10 查询号码 【1942137】，返回信息 {"status":"ok","msg":"-","gid":"591801","time_insert":"2023-03-15 07:13"}
2023-10-08 00:11:10 查询号码 【1942137】，GSD为【"-"】
2023-10-08 00:11:10 ok && -
2023-10-08 00:11:17 CHB 1942137?1696695070 第 1 次 等待 3 秒
2023-10-08 00:11:20 CHB 1942137?1696695070 第 1 次 获取到号码【1942137】GSD
2023-10-08 00:11:20 未获取到号码【1942137】GSD，可能号码格式错误
2023-10-08 00:11:20 获取到号码【1942137】的GSD为【-】
2023-10-08 00:11:32 GSD insert 第 1 次 等待 3 秒
2023-10-08 00:11:35 {"status":"bad","gid":"591801","msg":"添加失败！号码【1942137(-|-)】已存在！"}
2023-10-08 00:11:35 随机等待 106 秒，约 1 分钟
2023-10-08 00:11:35 下次操作: 2023-10-08 00:13:21

2023-10-08 00:13:21 开始第 2139 次操作

2023-10-08 00:13:21 开始操作号码 【1942138】
2023-10-08 00:13:29 GSD getOne 第 1 次 等待 3 秒
2023-10-08 00:13:32 查询号码 【1942138】，返回信息 {"status":"ok","msg":"-","gid":"591835","time_insert":"2023-03-15 07:32"}
2023-10-08 00:13:32 查询号码 【1942138】，GSD为【"-"】
2023-10-08 00:13:32 ok && -
2023-10-08 00:13:34 CHB 1942138?1696695212 第 1 次 等待 3 秒
2023-10-08 00:13:37 CHB 1942138?1696695212 第 1 次 获取到号码【1942138】GSD
2023-10-08 00:13:38 未获取到号码【1942138】GSD，可能号码格式错误
2023-10-08 00:13:38 获取到号码【1942138】的GSD为【-】
2023-10-08 00:13:40 GSD insert 第 1 次 等待 3 秒
2023-10-08 00:13:43 {"status":"bad","gid":"591835","msg":"添加失败！号码【1942138(-|-)】已存在！"}
2023-10-08 00:13:43 随机等待 181 秒，约 3 分钟
2023-10-08 00:13:43 下次操作: 2023-10-08 00:16:44

2023-10-08 00:16:44 开始第 2140 次操作

2023-10-08 00:16:44 开始操作号码 【1942139】
2023-10-08 00:16:47 GSD getOne 第 1 次 等待 3 秒
2023-10-08 00:16:50 查询号码 【1942139】，返回信息 {"status":"ok","msg":"-","gid":"591866","time_insert":"2023-03-15 07:48"}
2023-10-08 00:16:50 查询号码 【1942139】，GSD为【"-"】
2023-10-08 00:16:50 ok && -
2023-10-08 00:16:53 CHB 1942139?1696695410 第 1 次 等待 3 秒
2023-10-08 00:16:56 CHB 1942139?1696695410 第 1 次 获取到号码【1942139】GSD
2023-10-08 00:16:56 未获取到号码【1942139】GSD，可能号码格式错误
2023-10-08 00:16:56 获取到号码【1942139】的GSD为【-】
2023-10-08 00:17:03 GSD insert 第 1 次 等待 3 秒
2023-10-08 00:17:06 {"status":"bad","gid":"591866","msg":"添加失败！号码【1942139(-|-)】已存在！"}

