2024-08-03 00:12:03 开始第 9641 次操作

2024-08-03 00:12:03 开始操作号码 【1519531】
2024-08-03 00:12:11 GSD getOne 第 1 次 等待 3 秒
2024-08-03 00:12:14 查询号码 【1519531】，返回信息 {"status":"ok","msg":"江苏-淮安","gid":"374667","time_insert":"2021-07-24 06:51"}
2024-08-03 00:12:14 查询号码 【1519531】，GSD为【"江苏-淮安"】

2024-08-03 00:12:15 开始第 9642 次操作

2024-08-03 00:12:15 开始操作号码 【1519532】
2024-08-03 00:12:23 GSD getOne 第 1 次 等待 3 秒
2024-08-03 00:12:26 查询号码 【1519532】，返回信息 {"status":"ok","msg":"江苏-淮安","gid":"374515","time_insert":"2021-07-24 06:40"}
2024-08-03 00:12:26 查询号码 【1519532】，GSD为【"江苏-淮安"】

2024-08-03 00:12:27 开始第 9643 次操作

2024-08-03 00:12:27 开始操作号码 【1519533】
2024-08-03 00:12:39 GSD getOne 第 1 次 等待 3 秒
2024-08-03 00:12:42 查询号码 【1519533】，返回信息 {"status":"ok","msg":"江苏-淮安","gid":"374475","time_insert":"2021-07-24 06:30"}
2024-08-03 00:12:42 查询号码 【1519533】，GSD为【"江苏-淮安"】

2024-08-03 00:12:43 开始第 9644 次操作

2024-08-03 00:12:43 开始操作号码 【1519534】
2024-08-03 00:12:56 GSD getOne 第 1 次 等待 3 秒
2024-08-03 00:12:59 查询号码 【1519534】，返回信息 {"status":"ok","msg":"江苏-淮安","gid":"374460","time_insert":"2021-07-24 06:20"}
2024-08-03 00:12:59 查询号码 【1519534】，GSD为【"江苏-淮安"】

2024-08-03 00:39:53 开始第 9645 次操作

2024-08-03 00:39:53 开始操作号码 【1519535】
2024-08-03 00:40:02 GSD getOne 第 1 次 等待 3 秒
2024-08-03 00:40:05 查询号码 【1519535】，返回信息 {"status":"ok","msg":"江苏-淮安","gid":"374408","time_insert":"2021-07-24 06:11"}
2024-08-03 00:40:05 查询号码 【1519535】，GSD为【"江苏-淮安"】

2024-08-03 00:40:06 开始第 9646 次操作

2024-08-03 00:40:06 开始操作号码 【1519536】
2024-08-03 00:40:14 GSD getOne 第 1 次 等待 3 秒
2024-08-03 00:40:17 查询号码 【1519536】，返回信息 {"status":"ok","msg":"江苏-淮安","gid":"374333","time_insert":"2021-07-24 06:02"}
2024-08-03 00:40:17 查询号码 【1519536】，GSD为【"江苏-淮安"】

2024-08-03 00:40:18 开始第 9647 次操作

2024-08-03 00:40:18 开始操作号码 【1519537】
2024-08-03 00:40:27 GSD getOne 第 1 次 等待 3 秒
2024-08-03 00:40:30 查询号码 【1519537】，返回信息 {"status":"ok","msg":"江苏-淮安","gid":"374183","time_insert":"2021-07-24 05:52"}
2024-08-03 00:40:30 查询号码 【1519537】，GSD为【"江苏-淮安"】

2024-08-03 00:40:31 开始第 9648 次操作

2024-08-03 00:40:31 开始操作号码 【1519538】
2024-08-03 00:40:39 GSD getOne 第 1 次 等待 3 秒
2024-08-03 00:40:42 查询号码 【1519538】，返回信息 {"status":"ok","msg":"江苏-淮安","gid":"374043","time_insert":"2021-07-24 05:44"}
2024-08-03 00:40:42 查询号码 【1519538】，GSD为【"江苏-淮安"】

2024-08-03 01:09:28 开始第 9649 次操作

2024-08-03 01:09:28 开始操作号码 【1519539】
2024-08-03 01:09:36 GSD getOne 第 1 次 等待 3 秒
2024-08-03 01:09:39 查询号码 【1519539】，返回信息 {"status":"ok","msg":"江苏-淮安","gid":"373975","time_insert":"2021-07-24 05:34"}
2024-08-03 01:09:39 查询号码 【1519539】，GSD为【"江苏-淮安"】

2024-08-03 01:09:40 开始第 9650 次操作

2024-08-03 01:09:40 开始操作号码 【1519540】
2024-08-03 01:09:48 GSD getOne 第 1 次 等待 3 秒
2024-08-03 01:09:51 查询号码 【1519540】，返回信息 {"status":"ok","msg":"江苏-淮安","gid":"373960","time_insert":"2021-07-24 05:25"}
2024-08-03 01:09:51 查询号码 【1519540】，GSD为【"江苏-淮安"】

2024-08-03 01:09:52 开始第 9651 次操作

2024-08-03 01:09:52 开始操作号码 【1519541】
2024-08-03 01:10:00 GSD getOne 第 1 次 等待 3 秒
2024-08-03 01:10:03 查询号码 【1519541】，返回信息 {"status":"ok","msg":"江苏-淮安","gid":"373944","time_insert":"2021-07-24 05:16"}
2024-08-03 01:10:04 查询号码 【1519541】，GSD为【"江苏-淮安"】

2024-08-03 01:10:05 开始第 9652 次操作

2024-08-03 01:10:05 开始操作号码 【1519542】
2024-08-03 01:10:12 GSD getOne 第 1 次 等待 3 秒
2024-08-03 01:10:15 查询号码 【1519542】，返回信息 {"status":"ok","msg":"江苏-盐城","gid":"373908","time_insert":"2021-07-24 05:06"}
2024-08-03 01:10:15 查询号码 【1519542】，GSD为【"江苏-盐城"】

2024-08-03 01:33:01 开始第 9653 次操作

2024-08-03 01:33:01 开始操作号码 【1519543】
2024-08-03 01:33:09 GSD getOne 第 1 次 等待 3 秒
2024-08-03 01:33:12 查询号码 【1519543】，返回信息 {"status":"ok","msg":"江苏-盐城","gid":"373813","time_insert":"2021-07-24 04:57"}
2024-08-03 01:33:12 查询号码 【1519543】，GSD为【"江苏-盐城"】

2024-08-03 01:33:13 开始第 9654 次操作

2024-08-03 01:33:13 开始操作号码 【1519544】
2024-08-03 01:33:21 GSD getOne 第 1 次 等待 3 秒
2024-08-03 01:33:24 查询号码 【1519544】，返回信息 {"status":"ok","msg":"江苏-镇江","gid":"373646","time_insert":"2021-07-24 04:47"}
2024-08-03 01:33:24 查询号码 【1519544】，GSD为【"江苏-镇江"】

2024-08-03 01:33:25 开始第 9655 次操作

2024-08-03 01:33:25 开始操作号码 【1519545】
2024-08-03 01:33:33 GSD getOne 第 1 次 等待 3 秒
2024-08-03 01:33:36 查询号码 【1519545】，返回信息 {"status":"ok","msg":"江苏-徐州","gid":"373482","time_insert":"2021-07-24 04:37"}
2024-08-03 01:33:36 查询号码 【1519545】，GSD为【"江苏-徐州"】

2024-08-03 01:33:37 开始第 9656 次操作

2024-08-03 01:33:37 开始操作号码 【1519546】
2024-08-03 01:33:46 GSD getOne 第 1 次 等待 3 秒
2024-08-03 01:33:49 查询号码 【1519546】，返回信息 {"status":"ok","msg":"江苏-徐州","gid":"373460","time_insert":"2021-07-24 04:28"}
2024-08-03 01:33:49 查询号码 【1519546】，GSD为【"江苏-徐州"】

2024-08-03 02:13:21 开始第 9657 次操作

2024-08-03 02:13:21 开始操作号码 【1519547】
2024-08-03 02:13:29 GSD getOne 第 1 次 等待 3 秒
2024-08-03 02:13:32 查询号码 【1519547】，返回信息 {"status":"ok","msg":"江苏-徐州","gid":"373442","time_insert":"2021-07-24 04:18"}
2024-08-03 02:13:32 查询号码 【1519547】，GSD为【"江苏-徐州"】

2024-08-03 02:13:33 开始第 9658 次操作

2024-08-03 02:13:33 开始操作号码 【1519548】
2024-08-03 02:13:41 GSD getOne 第 1 次 等待 3 秒
2024-08-03 02:13:44 查询号码 【1519548】，返回信息 {"status":"ok","msg":"江苏-徐州","gid":"373406","time_insert":"2021-07-24 04:08"}
2024-08-03 02:13:44 查询号码 【1519548】，GSD为【"江苏-徐州"】

2024-08-03 02:13:45 开始第 9659 次操作

2024-08-03 02:13:45 开始操作号码 【1519549】
2024-08-03 02:13:53 GSD getOne 第 1 次 等待 3 秒
2024-08-03 02:13:56 查询号码 【1519549】，返回信息 {"status":"ok","msg":"江苏-徐州","gid":"18397","time_insert":"2017-05-19 14:40","time_update":"2020-08-25 04:34"}
2024-08-03 02:13:56 查询号码 【1519549】，GSD为【"江苏-徐州"】

2024-08-03 02:13:57 开始第 9660 次操作

2024-08-03 02:13:57 开始操作号码 【1519550】
2024-08-03 02:14:06 GSD getOne 第 1 次 等待 3 秒
2024-08-03 02:14:09 查询号码 【1519550】，返回信息 {"status":"ok","msg":"江苏-淮安","gid":"373352","time_insert":"2021-07-24 03:58"}
2024-08-03 02:14:09 查询号码 【1519550】，GSD为【"江苏-淮安"】

