2024-08-25 00:23:53 开始第 965 次操作

2024-08-25 00:23:53 开始操作号码 【1400964】
2024-08-25 00:24:03 GSD getOne 第 1 次 等待 3 秒
2024-08-25 00:24:06 查询号码 【1400964】，返回信息 {"status":"ok","msg":"-","gid":"531924","time_insert":"2023-02-15 06:50"}
2024-08-25 00:24:06 查询号码 【1400964】，GSD为【"-"】
2024-08-25 00:24:06 ok && -
2024-08-25 00:24:08 CHB 1400964?1724516646 第 1 次 等待 3 秒
2024-08-25 00:24:11 CHB 1400964?1724516646 第 1 次 获取到号码【1400964】GSD
2024-08-25 00:24:11 未获取到号码【1400964】GSD，可能号码格式错误
2024-08-25 00:24:11 获取到号码【1400964】的GSD为【-】
2024-08-25 00:24:20 GSD insert 第 1 次 等待 3 秒
2024-08-25 00:24:23 {"status":"bad","gid":"531924","msg":"添加失败！号码【1400964(-|-)】已存在！"}
2024-08-25 00:24:23 随机等待 82 秒，约 1 分钟
2024-08-25 00:24:23 下次操作: 2024-08-25 00:25:45

2024-08-25 00:25:45 开始第 966 次操作

2024-08-25 00:25:45 开始操作号码 【1400965】
2024-08-25 00:25:54 GSD getOne 第 1 次 等待 3 秒
2024-08-25 00:25:57 查询号码 【1400965】，返回信息 {"status":"ok","msg":"-","gid":"531937","time_insert":"2023-02-15 07:01"}
2024-08-25 00:25:57 查询号码 【1400965】，GSD为【"-"】
2024-08-25 00:25:57 ok && -
2024-08-25 00:25:59 CHB 1400965?1724516757 第 1 次 等待 3 秒
2024-08-25 00:26:02 CHB 1400965?1724516757 第 1 次 获取到号码【1400965】GSD
2024-08-25 00:26:02 未获取到号码【1400965】GSD，可能号码格式错误
2024-08-25 00:26:02 获取到号码【1400965】的GSD为【-】
2024-08-25 00:26:10 GSD insert 第 1 次 等待 3 秒
2024-08-25 00:26:13 {"status":"bad","gid":"531937","msg":"添加失败！号码【1400965(-|-)】已存在！"}
2024-08-25 00:26:13 随机等待 210 秒，约 3 分钟
2024-08-25 00:26:13 下次操作: 2024-08-25 00:29:43

2024-08-25 00:29:43 开始第 967 次操作

2024-08-25 00:29:43 开始操作号码 【1400966】
2024-08-25 00:29:51 GSD getOne 第 1 次 等待 3 秒
2024-08-25 00:29:54 查询号码 【1400966】，返回信息 {"status":"ok","msg":"-","gid":"531950","time_insert":"2023-02-15 07:11"}
2024-08-25 00:29:54 查询号码 【1400966】，GSD为【"-"】
2024-08-25 00:29:54 ok && -
2024-08-25 00:29:56 CHB 1400966?1724516994 第 1 次 等待 3 秒
2024-08-25 00:29:59 CHB 1400966?1724516994 第 1 次 获取到号码【1400966】GSD
2024-08-25 00:29:59 未获取到号码【1400966】GSD，可能号码格式错误
2024-08-25 00:29:59 获取到号码【1400966】的GSD为【-】
2024-08-25 00:30:07 GSD insert 第 1 次 等待 3 秒
2024-08-25 00:30:10 {"status":"bad","gid":"531950","msg":"添加失败！号码【1400966(-|-)】已存在！"}
2024-08-25 00:30:10 随机等待 87 秒，约 1 分钟
2024-08-25 00:30:10 下次操作: 2024-08-25 00:31:37

2024-08-25 00:31:37 开始第 968 次操作

2024-08-25 00:31:37 开始操作号码 【1400967】
2024-08-25 00:31:45 GSD getOne 第 1 次 等待 3 秒
2024-08-25 00:31:48 查询号码 【1400967】，返回信息 {"status":"ok","msg":"-","gid":"531967","time_insert":"2023-02-15 07:25"}
2024-08-25 00:31:48 查询号码 【1400967】，GSD为【"-"】
2024-08-25 00:31:48 ok && -
2024-08-25 00:31:50 CHB 1400967?1724517108 第 1 次 等待 3 秒
2024-08-25 00:31:53 CHB 1400967?1724517108 第 1 次 获取到号码【1400967】GSD
2024-08-25 00:31:53 未获取到号码【1400967】GSD，可能号码格式错误
2024-08-25 00:31:53 获取到号码【1400967】的GSD为【-】
2024-08-25 00:32:01 GSD insert 第 1 次 等待 3 秒
2024-08-25 00:32:04 {"status":"bad","gid":"531967","msg":"添加失败！号码【1400967(-|-)】已存在！"}

2024-08-25 00:41:53 开始第 969 次操作

2024-08-25 00:41:53 开始操作号码 【1400968】
2024-08-25 00:42:05 GSD getOne 第 1 次 等待 3 秒
2024-08-25 00:42:08 查询号码 【1400968】，返回信息 {"status":"ok","msg":"-","gid":"531982","time_insert":"2023-02-15 07:40"}
2024-08-25 00:42:08 查询号码 【1400968】，GSD为【"-"】
2024-08-25 00:42:08 ok && -
2024-08-25 00:42:11 CHB 1400968?1724517728 第 1 次 等待 3 秒
2024-08-25 00:42:14 CHB 1400968?1724517728 第 1 次 获取到号码【1400968】GSD
2024-08-25 00:42:14 未获取到号码【1400968】GSD，可能号码格式错误
2024-08-25 00:42:14 获取到号码【1400968】的GSD为【-】
2024-08-25 00:42:22 GSD insert 第 1 次 等待 3 秒
2024-08-25 00:42:25 {"status":"bad","gid":"531982","msg":"添加失败！号码【1400968(-|-)】已存在！"}
2024-08-25 00:42:25 随机等待 88 秒，约 1 分钟
2024-08-25 00:42:25 下次操作: 2024-08-25 00:43:53

2024-08-25 00:43:53 开始第 970 次操作

2024-08-25 00:43:53 开始操作号码 【1400969】
2024-08-25 00:44:01 GSD getOne 第 1 次 等待 3 秒
2024-08-25 00:44:04 查询号码 【1400969】，返回信息 {"status":"ok","msg":"-","gid":"531999","time_insert":"2023-02-15 07:51"}
2024-08-25 00:44:04 查询号码 【1400969】，GSD为【"-"】
2024-08-25 00:44:04 ok && -
2024-08-25 00:44:06 CHB 1400969?1724517844 第 1 次 等待 3 秒
2024-08-25 00:44:09 CHB 1400969?1724517844 第 1 次 获取到号码【1400969】GSD
2024-08-25 00:44:09 未获取到号码【1400969】GSD，可能号码格式错误
2024-08-25 00:44:09 获取到号码【1400969】的GSD为【-】
2024-08-25 00:44:17 GSD insert 第 1 次 等待 3 秒
2024-08-25 00:44:20 {"status":"bad","gid":"531999","msg":"添加失败！号码【1400969(-|-)】已存在！"}
2024-08-25 00:44:20 随机等待 116 秒，约 1 分钟
2024-08-25 00:44:20 下次操作: 2024-08-25 00:46:16

2024-08-25 00:46:16 开始第 971 次操作

2024-08-25 00:46:16 开始操作号码 【1400970】
2024-08-25 00:46:24 GSD getOne 第 1 次 等待 3 秒
2024-08-25 00:46:27 查询号码 【1400970】，返回信息 {"status":"ok","msg":"-","gid":"532016","time_insert":"2023-02-15 08:05"}
2024-08-25 00:46:27 查询号码 【1400970】，GSD为【"-"】
2024-08-25 00:46:27 ok && -
2024-08-25 00:46:28 CHB 1400970?1724517987 第 1 次 等待 3 秒
2024-08-25 00:46:31 CHB 1400970?1724517987 第 1 次 获取到号码【1400970】GSD
2024-08-25 00:46:31 未获取到号码【1400970】GSD，可能号码格式错误
2024-08-25 00:46:31 获取到号码【1400970】的GSD为【-】
2024-08-25 00:46:39 GSD insert 第 1 次 等待 3 秒
2024-08-25 00:46:42 {"status":"bad","gid":"532016","msg":"添加失败！号码【1400970(-|-)】已存在！"}
2024-08-25 00:46:42 随机等待 67 秒，约 1 分钟
2024-08-25 00:46:42 下次操作: 2024-08-25 00:47:49

2024-08-25 00:47:49 开始第 972 次操作

2024-08-25 00:47:49 开始操作号码 【1400971】
2024-08-25 00:47:57 GSD getOne 第 1 次 等待 3 秒
2024-08-25 00:48:00 查询号码 【1400971】，返回信息 {"status":"ok","msg":"-","gid":"532030","time_insert":"2023-02-15 08:18"}
2024-08-25 00:48:00 查询号码 【1400971】，GSD为【"-"】
2024-08-25 00:48:00 ok && -
2024-08-25 00:48:01 CHB 1400971?1724518080 第 1 次 等待 3 秒
2024-08-25 00:48:04 CHB 1400971?1724518080 第 1 次 获取到号码【1400971】GSD
2024-08-25 00:48:05 未获取到号码【1400971】GSD，可能号码格式错误
2024-08-25 00:48:05 获取到号码【1400971】的GSD为【-】
2024-08-25 00:48:12 GSD insert 第 1 次 等待 3 秒
2024-08-25 00:48:15 {"status":"bad","gid":"532030","msg":"添加失败！号码【1400971(-|-)】已存在！"}

