2024-05-01 00:12:04 开始第 6633 次操作

2024-05-01 00:12:04 开始操作号码 【1626533】
2024-05-01 00:12:16 GSD getOne 第 1 次 等待 3 秒
2024-05-01 00:12:19 查询号码 【1626533】，返回信息 {"status":"ok","msg":"山东-潍坊","gid":"207963","time_insert":"2021-07-06 18:22"}
2024-05-01 00:12:19 查询号码 【1626533】，GSD为【"山东-潍坊"】

2024-05-01 00:12:20 开始第 6634 次操作

2024-05-01 00:12:20 开始操作号码 【1626534】
2024-05-01 00:12:27 GSD getOne 第 1 次 等待 3 秒
2024-05-01 00:12:30 查询号码 【1626534】，返回信息 {"status":"ok","msg":"山东-潍坊","gid":"207969","time_insert":"2021-07-06 18:26"}
2024-05-01 00:12:30 查询号码 【1626534】，GSD为【"山东-潍坊"】

2024-05-01 00:12:31 开始第 6635 次操作

2024-05-01 00:12:31 开始操作号码 【1626535】
2024-05-01 00:12:40 GSD getOne 第 1 次 等待 3 秒
2024-05-01 00:12:43 查询号码 【1626535】，返回信息 {"status":"ok","msg":"山东-菏泽","gid":"207978","time_insert":"2021-07-06 18:31"}
2024-05-01 00:12:43 查询号码 【1626535】，GSD为【"山东-菏泽"】

2024-05-01 00:12:44 开始第 6636 次操作

2024-05-01 00:12:44 开始操作号码 【1626536】
2024-05-01 00:12:51 GSD getOne 第 1 次 等待 3 秒
2024-05-01 00:12:54 查询号码 【1626536】，返回信息 {"status":"ok","msg":"山东-菏泽","gid":"207990","time_insert":"2021-07-06 18:36"}
2024-05-01 00:12:54 查询号码 【1626536】，GSD为【"山东-菏泽"】

2024-05-01 00:37:07 开始第 6637 次操作

2024-05-01 00:37:07 开始操作号码 【1626537】
2024-05-01 00:37:13 GSD getOne 第 1 次 等待 3 秒
2024-05-01 00:37:16 查询号码 【1626537】，返回信息 {"status":"ok","msg":"山东-菏泽","gid":"207998","time_insert":"2021-07-06 18:41"}
2024-05-01 00:37:16 查询号码 【1626537】，GSD为【"山东-菏泽"】

2024-05-01 00:37:17 开始第 6638 次操作

2024-05-01 00:37:17 开始操作号码 【1626538】
2024-05-01 00:37:32 GSD getOne 第 1 次 等待 3 秒
2024-05-01 00:37:35 查询号码 【1626538】，返回信息 {"status":"ok","msg":"山东-菏泽","gid":"208056","time_insert":"2021-07-06 18:46"}
2024-05-01 00:37:36 查询号码 【1626538】，GSD为【"山东-菏泽"】

2024-05-01 00:37:37 开始第 6639 次操作

2024-05-01 00:37:37 开始操作号码 【1626539】
2024-05-01 00:37:44 GSD getOne 第 1 次 等待 3 秒
2024-05-01 00:37:47 查询号码 【1626539】，返回信息 {"status":"ok","msg":"山东-菏泽","gid":"208173","time_insert":"2021-07-06 18:51"}
2024-05-01 00:37:47 查询号码 【1626539】，GSD为【"山东-菏泽"】

2024-05-01 00:37:48 开始第 6640 次操作

2024-05-01 00:37:48 开始操作号码 【1626540】
2024-05-01 00:37:56 GSD getOne 第 1 次 等待 3 秒
2024-05-01 00:37:59 查询号码 【1626540】，返回信息 {"status":"ok","msg":"-","gid":"208268","time_insert":"2021-07-06 18:56"}
2024-05-01 00:37:59 查询号码 【1626540】，GSD为【"-"】
2024-05-01 00:37:59 ok && -
2024-05-01 00:38:01 CHB 1626540?1714495079 第 1 次 等待 3 秒
2024-05-01 00:38:04 CHB 1626540?1714495079 第 1 次 获取到号码【1626540】GSD
2024-05-01 00:38:04 未获取到号码【1626540】GSD，可能号码格式错误
2024-05-01 00:38:04 获取到号码【1626540】的GSD为【-】
2024-05-01 00:38:11 GSD insert 第 1 次 等待 3 秒
2024-05-01 00:38:14 {"status":"bad","gid":"208268","msg":"添加失败！号码【1626540(-|-)】已存在！"}

2024-05-01 01:08:11 开始第 6641 次操作

2024-05-01 01:08:11 开始操作号码 【1626541】
2024-05-01 01:08:23 GSD getOne 第 1 次 等待 3 秒
2024-05-01 01:08:26 查询号码 【1626541】，返回信息 {"status":"ok","msg":"-","gid":"208285","time_insert":"2021-07-06 19:01"}
2024-05-01 01:08:26 查询号码 【1626541】，GSD为【"-"】
2024-05-01 01:08:26 ok && -
2024-05-01 01:08:27 CHB 1626541?1714496906 第 1 次 等待 3 秒
2024-05-01 01:08:30 CHB 1626541?1714496906 第 1 次 获取到号码【1626541】GSD
2024-05-01 01:08:30 未获取到号码【1626541】GSD，可能号码格式错误
2024-05-01 01:08:30 获取到号码【1626541】的GSD为【-】
2024-05-01 01:08:35 GSD insert 第 1 次 等待 3 秒
2024-05-01 01:08:38 {"status":"bad","gid":"208285","msg":"添加失败！号码【1626541(-|-)】已存在！"}
2024-05-01 01:08:38 随机等待 197 秒，约 3 分钟
2024-05-01 01:08:38 下次操作: 2024-05-01 01:11:55

2024-05-01 01:11:55 开始第 6642 次操作

2024-05-01 01:11:55 开始操作号码 【1626542】
2024-05-01 01:12:01 GSD getOne 第 1 次 等待 3 秒
2024-05-01 01:12:04 查询号码 【1626542】，返回信息 {"status":"ok","msg":"-","gid":"208296","time_insert":"2021-07-06 19:05"}
2024-05-01 01:12:04 查询号码 【1626542】，GSD为【"-"】
2024-05-01 01:12:04 ok && -
2024-05-01 01:12:06 CHB 1626542?1714497124 第 1 次 等待 3 秒
2024-05-01 01:12:09 CHB 1626542?1714497124 第 1 次 获取到号码【1626542】GSD
2024-05-01 01:12:09 未获取到号码【1626542】GSD，可能号码格式错误
2024-05-01 01:12:09 获取到号码【1626542】的GSD为【-】
2024-05-01 01:12:13 GSD insert 第 1 次 等待 3 秒
2024-05-01 01:12:17 {"status":"bad","gid":"208296","msg":"添加失败！号码【1626542(-|-)】已存在！"}
2024-05-01 01:12:17 随机等待 206 秒，约 3 分钟
2024-05-01 01:12:17 下次操作: 2024-05-01 01:15:43

2024-05-01 01:15:43 开始第 6643 次操作

2024-05-01 01:15:43 开始操作号码 【1626543】
2024-05-01 01:15:55 GSD getOne 第 1 次 等待 3 秒
2024-05-01 01:15:58 查询号码 【1626543】，返回信息 {"status":"ok","msg":"-","gid":"208311","time_insert":"2021-07-06 19:10"}
2024-05-01 01:15:58 查询号码 【1626543】，GSD为【"-"】
2024-05-01 01:15:58 ok && -
2024-05-01 01:16:00 CHB 1626543?1714497358 第 1 次 等待 3 秒
2024-05-01 01:16:03 CHB 1626543?1714497358 第 1 次 获取到号码【1626543】GSD
2024-05-01 01:16:03 未获取到号码【1626543】GSD，可能号码格式错误
2024-05-01 01:16:03 获取到号码【1626543】的GSD为【-】
2024-05-01 01:16:08 GSD insert 第 1 次 等待 3 秒
2024-05-01 01:16:11 {"status":"bad","gid":"208311","msg":"添加失败！号码【1626543(-|-)】已存在！"}
2024-05-01 01:16:11 随机等待 120 秒，约 2 分钟
2024-05-01 01:16:11 下次操作: 2024-05-01 01:18:11

2024-05-01 01:18:11 开始第 6644 次操作

2024-05-01 01:18:11 开始操作号码 【1626544】
2024-05-01 01:18:24 GSD getOne 第 1 次 等待 3 秒
2024-05-01 01:18:27 查询号码 【1626544】，返回信息 {"status":"ok","msg":"-","gid":"208328","time_insert":"2021-07-06 19:15"}
2024-05-01 01:18:27 查询号码 【1626544】，GSD为【"-"】
2024-05-01 01:18:27 ok && -
2024-05-01 01:18:29 CHB 1626544?1714497507 第 1 次 等待 3 秒
2024-05-01 01:18:32 CHB 1626544?1714497507 第 1 次 获取到号码【1626544】GSD
2024-05-01 01:18:32 未获取到号码【1626544】GSD，可能号码格式错误
2024-05-01 01:18:32 获取到号码【1626544】的GSD为【-】
2024-05-01 01:18:38 GSD insert 第 1 次 等待 3 秒
2024-05-01 01:18:41 {"status":"bad","gid":"208328","msg":"添加失败！号码【1626544(-|-)】已存在！"}

