2024-07-16 00:12:11 开始第 6401 次操作

2024-07-16 00:12:11 开始操作号码 【1516291】
2024-07-16 00:12:19 GSD getOne 第 1 次 等待 3 秒
2024-07-16 00:12:22 查询号码 【1516291】，返回信息 {"status":"ok","msg":"江苏-宿迁","gid":"443598","time_insert":"2021-07-30 11:39"}
2024-07-16 00:12:22 查询号码 【1516291】，GSD为【"江苏-宿迁"】

2024-07-16 00:12:23 开始第 6402 次操作

2024-07-16 00:12:23 开始操作号码 【1516292】
2024-07-16 00:12:31 GSD getOne 第 1 次 等待 3 秒
2024-07-16 00:12:34 查询号码 【1516292】，返回信息 {"status":"ok","msg":"江苏-淮安","gid":"443735","time_insert":"2021-07-30 11:53"}
2024-07-16 00:12:34 查询号码 【1516292】，GSD为【"江苏-淮安"】

2024-07-16 00:12:35 开始第 6403 次操作

2024-07-16 00:12:35 开始操作号码 【1516293】
2024-07-16 00:12:43 GSD getOne 第 1 次 等待 3 秒
2024-07-16 00:12:46 查询号码 【1516293】，返回信息 {"status":"ok","msg":"江苏-镇江","gid":"443947","time_insert":"2021-07-30 12:07"}
2024-07-16 00:12:46 查询号码 【1516293】，GSD为【"江苏-镇江"】

2024-07-16 00:12:47 开始第 6404 次操作

2024-07-16 00:12:47 开始操作号码 【1516294】
2024-07-16 00:12:55 GSD getOne 第 1 次 等待 3 秒
2024-07-16 00:12:58 查询号码 【1516294】，返回信息 {"status":"ok","msg":"江苏-镇江","gid":"444068","time_insert":"2021-07-30 12:21"}
2024-07-16 00:12:58 查询号码 【1516294】，GSD为【"江苏-镇江"】

2024-07-16 00:40:21 开始第 6405 次操作

2024-07-16 00:40:21 开始操作号码 【1516295】
2024-07-16 00:40:36 GSD getOne 第 1 次 等待 3 秒
2024-07-16 00:40:39 查询号码 【1516295】，返回信息 {"status":"ok","msg":"江苏-镇江","gid":"444109","time_insert":"2021-07-30 12:36"}
2024-07-16 00:40:39 查询号码 【1516295】，GSD为【"江苏-镇江"】

2024-07-16 00:40:40 开始第 6406 次操作

2024-07-16 00:40:40 开始操作号码 【1516296】
2024-07-16 00:40:51 GSD getOne 第 1 次 等待 3 秒
2024-07-16 00:40:54 查询号码 【1516296】，返回信息 {"status":"ok","msg":"江苏-镇江","gid":"444140","time_insert":"2021-07-30 12:49"}
2024-07-16 00:40:54 查询号码 【1516296】，GSD为【"江苏-镇江"】

2024-07-16 00:40:55 开始第 6407 次操作

2024-07-16 00:40:55 开始操作号码 【1516297】
2024-07-16 00:41:04 GSD getOne 第 1 次 等待 3 秒
2024-07-16 00:41:07 查询号码 【1516297】，返回信息 {"status":"ok","msg":"江苏-镇江","gid":"17533","time_insert":"2019-11-13 16:23","time_update":"2020-08-25 03:05"}
2024-07-16 00:41:07 查询号码 【1516297】，GSD为【"江苏-镇江"】

2024-07-16 00:41:08 开始第 6408 次操作

2024-07-16 00:41:08 开始操作号码 【1516298】
2024-07-16 00:41:16 GSD getOne 第 1 次 等待 3 秒
2024-07-16 00:41:19 查询号码 【1516298】，返回信息 {"status":"ok","msg":"江苏-镇江","gid":"444344","time_insert":"2021-07-30 13:04"}
2024-07-16 00:41:19 查询号码 【1516298】，GSD为【"江苏-镇江"】

2024-07-16 01:09:06 开始第 6409 次操作

2024-07-16 01:09:06 开始操作号码 【1516299】
2024-07-16 01:09:14 GSD getOne 第 1 次 等待 3 秒
2024-07-16 01:09:17 查询号码 【1516299】，返回信息 {"status":"ok","msg":"江苏-镇江","gid":"444513","time_insert":"2021-07-30 13:15"}
2024-07-16 01:09:17 查询号码 【1516299】，GSD为【"江苏-镇江"】

2024-07-16 01:09:18 开始第 6410 次操作

2024-07-16 01:09:18 开始操作号码 【1516300】
2024-07-16 01:09:26 GSD getOne 第 1 次 等待 3 秒
2024-07-16 01:09:29 查询号码 【1516300】，返回信息 {"status":"ok","msg":"山东-菏泽","gid":"444615","time_insert":"2021-07-30 13:30"}
2024-07-16 01:09:29 查询号码 【1516300】，GSD为【"山东-菏泽"】

2024-07-16 01:09:30 开始第 6411 次操作

2024-07-16 01:09:30 开始操作号码 【1516301】
2024-07-16 01:09:31 GSD getOne 第 1 次 等待 3 秒
2024-07-16 01:09:34 查询号码 【1516301】，返回信息 {"status":"ok","msg":"山东-菏泽","gid":"444730","time_insert":"2021-07-30 13:43"}
2024-07-16 01:09:35 查询号码 【1516301】，GSD为【"山东-菏泽"】

2024-07-16 01:09:36 开始第 6412 次操作

2024-07-16 01:09:36 开始操作号码 【1516302】
2024-07-16 01:09:44 GSD getOne 第 1 次 等待 3 秒
2024-07-16 01:09:47 查询号码 【1516302】，返回信息 {"status":"ok","msg":"山东-菏泽","gid":"444865","time_insert":"2021-07-30 13:54"}
2024-07-16 01:09:47 查询号码 【1516302】，GSD为【"山东-菏泽"】

2024-07-16 01:33:27 开始第 6413 次操作

2024-07-16 01:33:27 开始操作号码 【1516303】
2024-07-16 01:33:36 GSD getOne 第 1 次 等待 3 秒
2024-07-16 01:33:39 查询号码 【1516303】，返回信息 {"status":"ok","msg":"山东-菏泽","gid":"445018","time_insert":"2021-07-30 14:08"}
2024-07-16 01:33:39 查询号码 【1516303】，GSD为【"山东-菏泽"】

2024-07-16 01:33:40 开始第 6414 次操作

2024-07-16 01:33:40 开始操作号码 【1516304】
2024-07-16 01:33:48 GSD getOne 第 1 次 等待 3 秒
2024-07-16 01:33:51 查询号码 【1516304】，返回信息 {"status":"ok","msg":"山东-菏泽","gid":"17534","time_insert":"2018-10-04 12:34","time_update":"2021-01-22 17:30"}
2024-07-16 01:33:51 查询号码 【1516304】，GSD为【"山东-菏泽"】

2024-07-16 01:33:52 开始第 6415 次操作

2024-07-16 01:33:52 开始操作号码 【1516305】
2024-07-16 01:33:59 GSD getOne 第 1 次 等待 3 秒
2024-07-16 01:34:03 查询号码 【1516305】，返回信息 {"status":"ok","msg":"山东-菏泽","gid":"17535","time_insert":"2017-07-04 00:00","time_update":"2020-09-10 03:15"}
2024-07-16 01:34:03 查询号码 【1516305】，GSD为【"山东-菏泽"】

2024-07-16 01:34:04 开始第 6416 次操作

2024-07-16 01:34:04 开始操作号码 【1516306】
2024-07-16 01:34:11 GSD getOne 第 1 次 等待 3 秒
2024-07-16 01:34:14 查询号码 【1516306】，返回信息 {"status":"ok","msg":"山东-菏泽","gid":"445120","time_insert":"2021-07-30 14:23"}
2024-07-16 01:34:14 查询号码 【1516306】，GSD为【"山东-菏泽"】

