2024-01-08 00:10:09 开始第 7741 次操作

2024-01-08 00:10:09 开始操作号码 【1847640】
2024-01-08 00:10:12 GSD getOne 第 1 次 等待 3 秒
2024-01-08 00:10:15 查询号码 【1847640】，返回信息 {"status":"ok","msg":"广东-茂名","gid":"425245","time_insert":"2021-07-28 15:35"}
2024-01-08 00:10:15 查询号码 【1847640】，GSD为【"广东-茂名"】

2024-01-08 00:10:17 开始第 7742 次操作

2024-01-08 00:10:17 开始操作号码 【1847641】
2024-01-08 00:10:20 GSD getOne 第 1 次 等待 3 秒
2024-01-08 00:10:23 查询号码 【1847641】，返回信息 {"status":"ok","msg":"广东-茂名","gid":"425242","time_insert":"2021-07-28 15:34"}
2024-01-08 00:10:23 查询号码 【1847641】，GSD为【"广东-茂名"】

2024-01-08 00:10:24 开始第 7743 次操作

2024-01-08 00:10:24 开始操作号码 【1847642】
2024-01-08 00:10:28 GSD getOne 第 1 次 等待 3 秒
2024-01-08 00:10:31 查询号码 【1847642】，返回信息 {"status":"ok","msg":"广东-梅州","gid":"425222","time_insert":"2021-07-28 15:29"}
2024-01-08 00:10:31 查询号码 【1847642】，GSD为【"广东-梅州"】

2024-01-08 00:10:32 开始第 7744 次操作

2024-01-08 00:10:32 开始操作号码 【1847643】
2024-01-08 00:10:35 GSD getOne 第 1 次 等待 3 秒
2024-01-08 00:10:38 查询号码 【1847643】，返回信息 {"status":"ok","msg":"广东-梅州","gid":"425220","time_insert":"2021-07-28 15:28"}
2024-01-08 00:10:38 查询号码 【1847643】，GSD为【"广东-梅州"】

2024-01-08 00:36:28 开始第 7745 次操作

2024-01-08 00:36:28 开始操作号码 【1847644】
2024-01-08 00:36:33 GSD getOne 第 1 次 等待 3 秒
2024-01-08 00:36:36 查询号码 【1847644】，返回信息 {"status":"ok","msg":"广东-中山","gid":"425216","time_insert":"2021-07-28 15:27","time_update":"2021-08-09 16:45"}
2024-01-08 00:36:36 查询号码 【1847644】，GSD为【"广东-中山"】

2024-01-08 00:36:37 开始第 7746 次操作

2024-01-08 00:36:37 开始操作号码 【1847645】
2024-01-08 00:36:43 GSD getOne 第 1 次 等待 3 秒
2024-01-08 00:36:46 查询号码 【1847645】，返回信息 {"status":"ok","msg":"广东-中山","gid":"425213","time_insert":"2021-07-28 15:26"}
2024-01-08 00:36:46 查询号码 【1847645】，GSD为【"广东-中山"】

2024-01-08 00:36:47 开始第 7747 次操作

2024-01-08 00:36:47 开始操作号码 【1847646】
2024-01-08 00:36:52 GSD getOne 第 1 次 等待 3 秒
2024-01-08 00:36:55 查询号码 【1847646】，返回信息 {"status":"ok","msg":"广东-中山","gid":"425211","time_insert":"2021-07-28 15:25"}
2024-01-08 00:36:55 查询号码 【1847646】，GSD为【"广东-中山"】

2024-01-08 00:36:56 开始第 7748 次操作

2024-01-08 00:36:56 开始操作号码 【1847647】
2024-01-08 00:36:59 GSD getOne 第 1 次 等待 3 秒
2024-01-08 00:37:02 查询号码 【1847647】，返回信息 {"status":"ok","msg":"广东-湛江","gid":"425209","time_insert":"2021-07-28 15:24"}
2024-01-08 00:37:02 查询号码 【1847647】，GSD为【"广东-湛江"】

2024-01-08 01:07:23 开始第 7749 次操作

2024-01-08 01:07:23 开始操作号码 【1847648】
2024-01-08 01:07:26 GSD getOne 第 1 次 等待 3 秒
2024-01-08 01:07:29 查询号码 【1847648】，返回信息 {"status":"ok","msg":"广东-深圳","gid":"425204","time_insert":"2021-07-28 15:23"}
2024-01-08 01:07:29 查询号码 【1847648】，GSD为【"广东-深圳"】

2024-01-08 01:07:30 开始第 7750 次操作

2024-01-08 01:07:30 开始操作号码 【1847649】
2024-01-08 01:07:35 GSD getOne 第 1 次 等待 3 秒
2024-01-08 01:07:38 查询号码 【1847649】，返回信息 {"status":"ok","msg":"广东-深圳","gid":"425196","time_insert":"2021-07-28 15:22"}
2024-01-08 01:07:38 查询号码 【1847649】，GSD为【"广东-深圳"】

2024-01-08 01:07:39 开始第 7751 次操作

2024-01-08 01:07:39 开始操作号码 【1847650】
2024-01-08 01:07:43 GSD getOne 第 1 次 等待 3 秒
2024-01-08 01:07:46 查询号码 【1847650】，返回信息 {"status":"ok","msg":"广东-茂名","gid":"425189","time_insert":"2021-07-28 15:22"}
2024-01-08 01:07:46 查询号码 【1847650】，GSD为【"广东-茂名"】

2024-01-08 01:07:47 开始第 7752 次操作

2024-01-08 01:07:47 开始操作号码 【1847651】
2024-01-08 01:07:50 GSD getOne 第 1 次 等待 3 秒
2024-01-08 01:07:53 查询号码 【1847651】，返回信息 {"status":"ok","msg":"广东-茂名","gid":"39395","time_insert":"2018-04-08 23:51","time_update":"2020-10-01 17:47"}
2024-01-08 01:07:53 查询号码 【1847651】，GSD为【"广东-茂名"】

2024-01-08 01:33:00 开始第 7753 次操作

2024-01-08 01:33:00 开始操作号码 【1847652】
2024-01-08 01:33:04 GSD getOne 第 1 次 等待 3 秒
2024-01-08 01:33:07 查询号码 【1847652】，返回信息 {"status":"ok","msg":"广东-茂名","gid":"425182","time_insert":"2021-07-28 15:20"}
2024-01-08 01:33:07 查询号码 【1847652】，GSD为【"广东-茂名"】

2024-01-08 01:33:08 开始第 7754 次操作

2024-01-08 01:33:08 开始操作号码 【1847653】
2024-01-08 01:33:12 GSD getOne 第 1 次 等待 3 秒
2024-01-08 01:33:15 查询号码 【1847653】，返回信息 {"status":"ok","msg":"广东-茂名","gid":"425174","time_insert":"2021-07-28 15:19"}
2024-01-08 01:33:15 查询号码 【1847653】，GSD为【"广东-茂名"】

2024-01-08 01:33:16 开始第 7755 次操作

2024-01-08 01:33:16 开始操作号码 【1847654】
2024-01-08 01:33:20 GSD getOne 第 1 次 等待 3 秒
2024-01-08 01:33:23 查询号码 【1847654】，返回信息 {"status":"ok","msg":"广东-深圳","gid":"39396","time_insert":"2017-10-17 20:30","time_update":"2020-10-01 17:52"}
2024-01-08 01:33:23 查询号码 【1847654】，GSD为【"广东-深圳"】

2024-01-08 01:33:24 开始第 7756 次操作

2024-01-08 01:33:24 开始操作号码 【1847655】
2024-01-08 01:33:28 GSD getOne 第 1 次 等待 3 秒
2024-01-08 01:33:31 查询号码 【1847655】，返回信息 {"status":"ok","msg":"广东-深圳","gid":"425162","time_insert":"2021-07-28 15:18"}
2024-01-08 01:33:31 查询号码 【1847655】，GSD为【"广东-深圳"】

2024-01-08 02:10:27 开始第 7757 次操作

2024-01-08 02:10:27 开始操作号码 【1847656】
2024-01-08 02:10:32 GSD getOne 第 1 次 等待 3 秒
2024-01-08 02:10:35 查询号码 【1847656】，返回信息 {"status":"ok","msg":"广东-茂名","gid":"425155","time_insert":"2021-07-28 15:17","time_update":"2021-08-09 16:45"}
2024-01-08 02:10:35 查询号码 【1847656】，GSD为【"广东-茂名"】

2024-01-08 02:10:36 开始第 7758 次操作

2024-01-08 02:10:36 开始操作号码 【1847657】
2024-01-08 02:10:40 GSD getOne 第 1 次 等待 3 秒
2024-01-08 02:10:43 查询号码 【1847657】，返回信息 {"status":"ok","msg":"广东-深圳","gid":"425148","time_insert":"2021-07-28 15:17"}
2024-01-08 02:10:43 查询号码 【1847657】，GSD为【"广东-深圳"】

2024-01-08 02:10:44 开始第 7759 次操作

2024-01-08 02:10:44 开始操作号码 【1847658】
2024-01-08 02:10:47 GSD getOne 第 1 次 等待 3 秒
2024-01-08 02:10:50 查询号码 【1847658】，返回信息 {"status":"ok","msg":"广东-中山","gid":"425137","time_insert":"2021-07-28 15:16"}
2024-01-08 02:10:50 查询号码 【1847658】，GSD为【"广东-中山"】

2024-01-08 02:10:52 开始第 7760 次操作

2024-01-08 02:10:52 开始操作号码 【1847659】
2024-01-08 02:10:55 GSD getOne 第 1 次 等待 3 秒
2024-01-08 02:10:58 查询号码 【1847659】，返回信息 {"status":"ok","msg":"广东-茂名","gid":"425129","time_insert":"2021-07-28 15:15"}
2024-01-08 02:10:58 查询号码 【1847659】，GSD为【"广东-茂名"】

2024-01-08 02:32:45 开始第 7761 次操作

2024-01-08 02:32:45 开始操作号码 【1847660】
2024-01-08 02:32:49 GSD getOne 第 1 次 等待 3 秒
2024-01-08 02:32:52 查询号码 【1847660】，返回信息 {"status":"ok","msg":"广东-湛江","gid":"425117","time_insert":"2021-07-28 15:14"}
2024-01-08 02:32:53 查询号码 【1847660】，GSD为【"广东-湛江"】

2024-01-08 02:32:54 开始第 7762 次操作

2024-01-08 02:32:54 开始操作号码 【1847661】
2024-01-08 02:32:58 GSD getOne 第 1 次 等待 3 秒
2024-01-08 02:33:01 查询号码 【1847661】，返回信息 {"status":"ok","msg":"广东-湛江","gid":"425108","time_insert":"2021-07-28 15:13"}
2024-01-08 02:33:01 查询号码 【1847661】，GSD为【"广东-湛江"】

2024-01-08 02:33:02 开始第 7763 次操作

2024-01-08 02:33:02 开始操作号码 【1847662】
2024-01-08 02:33:06 GSD getOne 第 1 次 等待 3 秒
2024-01-08 02:33:09 查询号码 【1847662】，返回信息 {"status":"ok","msg":"广东-佛山","gid":"425099","time_insert":"2021-07-28 15:12"}
2024-01-08 02:33:09 查询号码 【1847662】，GSD为【"广东-佛山"】

2024-01-08 02:33:10 开始第 7764 次操作

2024-01-08 02:33:10 开始操作号码 【1847663】
2024-01-08 02:33:13 GSD getOne 第 1 次 等待 3 秒
2024-01-08 02:33:16 查询号码 【1847663】，返回信息 {"status":"ok","msg":"广东-深圳","gid":"425089","time_insert":"2021-07-28 15:11"}
2024-01-08 02:33:16 查询号码 【1847663】，GSD为【"广东-深圳"】

2024-01-08 03:06:31 开始第 7765 次操作

2024-01-08 03:06:31 开始操作号码 【1847664】
2024-01-08 03:06:35 GSD getOne 第 1 次 等待 3 秒
2024-01-08 03:06:38 查询号码 【1847664】，返回信息 {"status":"ok","msg":"广东-湛江","gid":"425080","time_insert":"2021-07-28 15:11"}
2024-01-08 03:06:38 查询号码 【1847664】，GSD为【"广东-湛江"】

2024-01-08 03:06:39 开始第 7766 次操作

2024-01-08 03:06:39 开始操作号码 【1847665】
2024-01-08 03:06:42 GSD getOne 第 1 次 等待 3 秒
2024-01-08 03:06:45 查询号码 【1847665】，返回信息 {"status":"ok","msg":"广东-深圳","gid":"425070","time_insert":"2021-07-28 15:10"}
2024-01-08 03:06:45 查询号码 【1847665】，GSD为【"广东-深圳"】

2024-01-08 03:06:46 开始第 7767 次操作

2024-01-08 03:06:46 开始操作号码 【1847666】
2024-01-08 03:06:50 GSD getOne 第 1 次 等待 3 秒
2024-01-08 03:06:53 查询号码 【1847666】，返回信息 {"status":"ok","msg":"广东-湛江","gid":"425051","time_insert":"2021-07-28 15:08"}
2024-01-08 03:06:53 查询号码 【1847666】，GSD为【"广东-湛江"】

2024-01-08 03:06:54 开始第 7768 次操作

2024-01-08 03:06:54 开始操作号码 【1847667】
2024-01-08 03:06:57 GSD getOne 第 1 次 等待 3 秒
2024-01-08 03:07:00 查询号码 【1847667】，返回信息 {"status":"ok","msg":"广东-湛江","gid":"425041","time_insert":"2021-07-28 15:07"}
2024-01-08 03:07:00 查询号码 【1847667】，GSD为【"广东-湛江"】

2024-01-08 03:32:44 开始第 7769 次操作

2024-01-08 03:32:44 开始操作号码 【1847668】
2024-01-08 03:32:49 GSD getOne 第 1 次 等待 3 秒
2024-01-08 03:32:52 查询号码 【1847668】，返回信息 {"status":"ok","msg":"广东-广州","gid":"39397","time_insert":"2017-11-04 17:00","time_update":"2020-10-01 17:56"}
2024-01-08 03:32:52 查询号码 【1847668】，GSD为【"广东-广州"】

2024-01-08 03:32:53 开始第 7770 次操作

2024-01-08 03:32:53 开始操作号码 【1847669】
2024-01-08 03:32:57 GSD getOne 第 1 次 等待 3 秒
2024-01-08 03:33:00 查询号码 【1847669】，返回信息 {"status":"ok","msg":"广东-深圳","gid":"425029","time_insert":"2021-07-28 15:06"}
2024-01-08 03:33:00 查询号码 【1847669】，GSD为【"广东-深圳"】

2024-01-08 03:33:01 开始第 7771 次操作

2024-01-08 03:33:01 开始操作号码 【1847670】
2024-01-08 03:33:05 GSD getOne 第 1 次 等待 3 秒
2024-01-08 03:33:08 查询号码 【1847670】，返回信息 {"status":"ok","msg":"广东-河源","gid":"425021","time_insert":"2021-07-28 15:05"}
2024-01-08 03:33:08 查询号码 【1847670】，GSD为【"广东-河源"】

2024-01-08 03:33:09 开始第 7772 次操作

2024-01-08 03:33:09 开始操作号码 【1847671】
2024-01-08 03:33:12 GSD getOne 第 1 次 等待 3 秒
2024-01-08 03:33:15 查询号码 【1847671】，返回信息 {"status":"ok","msg":"广东-河源","gid":"425010","time_insert":"2021-07-28 15:04"}
2024-01-08 03:33:15 查询号码 【1847671】，GSD为【"广东-河源"】

2024-01-08 04:08:36 开始第 7773 次操作

2024-01-08 04:08:36 开始操作号码 【1847672】
2024-01-08 04:08:40 GSD getOne 第 1 次 等待 3 秒
2024-01-08 04:08:43 查询号码 【1847672】，返回信息 {"status":"ok","msg":"广东-湛江","gid":"425000","time_insert":"2021-07-28 15:03"}
2024-01-08 04:08:43 查询号码 【1847672】，GSD为【"广东-湛江"】

2024-01-08 04:08:44 开始第 7774 次操作

2024-01-08 04:08:44 开始操作号码 【1847673】
2024-01-08 04:08:47 GSD getOne 第 1 次 等待 3 秒
2024-01-08 04:08:50 查询号码 【1847673】，返回信息 {"status":"ok","msg":"广东-湛江","gid":"424997","time_insert":"2021-07-28 15:02"}
2024-01-08 04:08:50 查询号码 【1847673】，GSD为【"广东-湛江"】

2024-01-08 04:08:51 开始第 7775 次操作

2024-01-08 04:08:51 开始操作号码 【1847674】
2024-01-08 04:08:54 GSD getOne 第 1 次 等待 3 秒
2024-01-08 04:08:57 查询号码 【1847674】，返回信息 {"status":"ok","msg":"广东-深圳","gid":"424985","time_insert":"2021-07-28 15:01"}
2024-01-08 04:08:57 查询号码 【1847674】，GSD为【"广东-深圳"】

2024-01-08 04:08:58 开始第 7776 次操作

2024-01-08 04:08:58 开始操作号码 【1847675】
2024-01-08 04:09:01 GSD getOne 第 1 次 等待 3 秒
2024-01-08 04:09:04 查询号码 【1847675】，返回信息 {"status":"ok","msg":"广东-汕尾","gid":"424978","time_insert":"2021-07-28 15:00"}
2024-01-08 04:09:04 查询号码 【1847675】，GSD为【"广东-汕尾"】

2024-01-08 04:33:25 开始第 7777 次操作

2024-01-08 04:33:25 开始操作号码 【1847676】
2024-01-08 04:33:28 GSD getOne 第 1 次 等待 3 秒
2024-01-08 04:33:31 查询号码 【1847676】，返回信息 {"status":"ok","msg":"广东-汕尾","gid":"424950","time_insert":"2021-07-28 14:57"}
2024-01-08 04:33:31 查询号码 【1847676】，GSD为【"广东-汕尾"】

2024-01-08 04:33:32 开始第 7778 次操作

2024-01-08 04:33:32 开始操作号码 【1847677】
2024-01-08 04:33:35 GSD getOne 第 1 次 等待 3 秒
2024-01-08 04:33:38 查询号码 【1847677】，返回信息 {"status":"ok","msg":"广东-汕尾","gid":"424937","time_insert":"2021-07-28 14:56"}
2024-01-08 04:33:38 查询号码 【1847677】，GSD为【"广东-汕尾"】

2024-01-08 04:33:39 开始第 7779 次操作

2024-01-08 04:33:39 开始操作号码 【1847678】
2024-01-08 04:33:44 GSD getOne 第 1 次 等待 3 秒
2024-01-08 04:33:47 查询号码 【1847678】，返回信息 {"status":"ok","msg":"广东-汕尾","gid":"424927","time_insert":"2021-07-28 14:55"}
2024-01-08 04:33:47 查询号码 【1847678】，GSD为【"广东-汕尾"】

2024-01-08 04:33:48 开始第 7780 次操作

2024-01-08 04:33:48 开始操作号码 【1847679】
2024-01-08 04:33:52 GSD getOne 第 1 次 等待 3 秒
2024-01-08 04:33:55 查询号码 【1847679】，返回信息 {"status":"ok","msg":"广东-汕尾","gid":"424919","time_insert":"2021-07-28 14:54","time_update":"2021-08-09 16:56"}
2024-01-08 04:33:55 查询号码 【1847679】，GSD为【"广东-汕尾"】

