2023-12-23 00:10:29 开始第 4801 次操作

2023-12-23 00:10:29 开始操作号码 【1844700】
2023-12-23 00:10:38 GSD getOne 第 1 次 等待 3 秒
2023-12-23 00:10:41 查询号码 【1844700】，返回信息 {"status":"ok","msg":"内蒙古-海拉尔","gid":"458583","time_insert":"2021-07-31 18:00"}
2023-12-23 00:10:41 查询号码 【1844700】，GSD为【"内蒙古-海拉尔"】

2023-12-23 00:10:42 开始第 4802 次操作

2023-12-23 00:10:42 开始操作号码 【1844701】
2023-12-23 00:10:46 GSD getOne 第 1 次 等待 3 秒
2023-12-23 00:10:49 查询号码 【1844701】，返回信息 {"status":"ok","msg":"内蒙古-海拉尔","gid":"458565","time_insert":"2021-07-31 17:57"}
2023-12-23 00:10:49 查询号码 【1844701】，GSD为【"内蒙古-海拉尔"】

2023-12-23 00:10:50 开始第 4803 次操作

2023-12-23 00:10:50 开始操作号码 【1844702】
2023-12-23 00:10:53 GSD getOne 第 1 次 等待 3 秒
2023-12-23 00:10:56 查询号码 【1844702】，返回信息 {"status":"ok","msg":"内蒙古-海拉尔","gid":"458560","time_insert":"2021-07-31 17:57"}
2023-12-23 00:10:56 查询号码 【1844702】，GSD为【"内蒙古-海拉尔"】

2023-12-23 00:10:57 开始第 4804 次操作

2023-12-23 00:10:57 开始操作号码 【1844703】
2023-12-23 00:11:02 GSD getOne 第 1 次 等待 3 秒
2023-12-23 00:11:05 查询号码 【1844703】，返回信息 {"status":"ok","msg":"内蒙古-海拉尔","gid":"458542","time_insert":"2021-07-31 17:55"}
2023-12-23 00:11:05 查询号码 【1844703】，GSD为【"内蒙古-海拉尔"】

2023-12-23 00:36:20 开始第 4805 次操作

2023-12-23 00:36:20 开始操作号码 【1844704】
2023-12-23 00:36:28 GSD getOne 第 1 次 等待 3 秒
2023-12-23 00:36:31 查询号码 【1844704】，返回信息 {"status":"ok","msg":"内蒙古-呼和浩特","gid":"458532","time_insert":"2021-07-31 17:54"}
2023-12-23 00:36:31 查询号码 【1844704】，GSD为【"内蒙古-呼和浩特"】

2023-12-23 00:36:32 开始第 4806 次操作

2023-12-23 00:36:32 开始操作号码 【1844705】
2023-12-23 00:36:38 GSD getOne 第 1 次 等待 3 秒
2023-12-23 00:36:41 查询号码 【1844705】，返回信息 {"status":"ok","msg":"内蒙古-呼和浩特","gid":"458511","time_insert":"2021-07-31 17:52"}
2023-12-23 00:36:41 查询号码 【1844705】，GSD为【"内蒙古-呼和浩特"】

2023-12-23 00:36:42 开始第 4807 次操作

2023-12-23 00:36:42 开始操作号码 【1844706】
2023-12-23 00:36:50 GSD getOne 第 1 次 等待 3 秒
2023-12-23 00:36:53 查询号码 【1844706】，返回信息 {"status":"ok","msg":"内蒙古-呼和浩特","gid":"458500","time_insert":"2021-07-31 17:50"}
2023-12-23 00:36:53 查询号码 【1844706】，GSD为【"内蒙古-呼和浩特"】

2023-12-23 00:36:54 开始第 4808 次操作

2023-12-23 00:36:54 开始操作号码 【1844707】
2023-12-23 00:36:58 GSD getOne 第 1 次 等待 3 秒
2023-12-23 00:37:01 查询号码 【1844707】，返回信息 {"status":"ok","msg":"内蒙古-呼和浩特","gid":"39316","time_insert":"2017-06-10 12:01","time_update":"2020-12-16 20:28"}
2023-12-23 00:37:01 查询号码 【1844707】，GSD为【"内蒙古-呼和浩特"】

