2024-04-01 00:09:16 开始第 1277 次操作

2024-04-01 00:09:16 开始操作号码 【1621177】
2024-04-01 00:09:21 GSD getOne 第 1 次 等待 3 秒
2024-04-01 00:09:24 查询号码 【1621177】，返回信息 {"status":"ok","msg":"北京-北京","gid":"105227","time_insert":"2021-06-19 03:25"}
2024-04-01 00:09:24 查询号码 【1621177】，GSD为【"北京-北京"】

2024-04-01 00:09:25 开始第 1278 次操作

2024-04-01 00:09:25 开始操作号码 【1621178】
2024-04-01 00:09:30 GSD getOne 第 1 次 等待 3 秒
2024-04-01 00:09:33 查询号码 【1621178】，返回信息 {"status":"ok","msg":"北京-北京","gid":"105228","time_insert":"2021-06-19 03:26"}
2024-04-01 00:09:33 查询号码 【1621178】，GSD为【"北京-北京"】

2024-04-01 00:09:34 开始第 1279 次操作

2024-04-01 00:09:34 开始操作号码 【1621179】
2024-04-01 00:09:40 GSD getOne 第 1 次 等待 3 秒
2024-04-01 00:09:43 查询号码 【1621179】，返回信息 {"status":"ok","msg":"北京-北京","gid":"105232","time_insert":"2021-06-19 03:26"}
2024-04-01 00:09:43 查询号码 【1621179】，GSD为【"北京-北京"】

2024-04-01 00:09:44 开始第 1280 次操作

2024-04-01 00:09:44 开始操作号码 【1621180】
2024-04-01 00:09:51 GSD getOne 第 1 次 等待 3 秒
2024-04-01 00:09:54 查询号码 【1621180】，返回信息 {"status":"ok","msg":"北京-北京","gid":"105233","time_insert":"2021-06-19 03:27"}
2024-04-01 00:09:54 查询号码 【1621180】，GSD为【"北京-北京"】

2024-04-01 00:35:57 开始第 1281 次操作

2024-04-01 00:35:57 开始操作号码 【1621181】
2024-04-01 00:36:05 GSD getOne 第 1 次 等待 3 秒
2024-04-01 00:36:08 查询号码 【1621181】，返回信息 {"status":"ok","msg":"北京-北京","gid":"105235","time_insert":"2021-06-19 03:28"}
2024-04-01 00:36:08 查询号码 【1621181】，GSD为【"北京-北京"】

2024-04-01 00:36:09 开始第 1282 次操作

2024-04-01 00:36:09 开始操作号码 【1621182】
2024-04-01 00:36:13 GSD getOne 第 1 次 等待 3 秒
2024-04-01 00:36:16 查询号码 【1621182】，返回信息 {"status":"ok","msg":"北京-北京","gid":"105237","time_insert":"2021-06-19 03:28"}
2024-04-01 00:36:16 查询号码 【1621182】，GSD为【"北京-北京"】

2024-04-01 00:36:17 开始第 1283 次操作

2024-04-01 00:36:17 开始操作号码 【1621183】
2024-04-01 00:36:30 GSD getOne 第 1 次 等待 3 秒
2024-04-01 00:36:33 查询号码 【1621183】，返回信息 {"status":"ok","msg":"北京-北京","gid":"105238","time_insert":"2021-06-19 03:29"}
2024-04-01 00:36:33 查询号码 【1621183】，GSD为【"北京-北京"】

2024-04-01 00:36:34 开始第 1284 次操作

2024-04-01 00:36:34 开始操作号码 【1621184】
2024-04-01 00:36:40 GSD getOne 第 1 次 等待 3 秒
2024-04-01 00:36:43 查询号码 【1621184】，返回信息 {"status":"ok","msg":"北京-北京","gid":"105239","time_insert":"2021-06-19 03:30"}
2024-04-01 00:36:43 查询号码 【1621184】，GSD为【"北京-北京"】

