2024-06-23 00:11:40 开始第 2237 次操作

2024-06-23 00:11:40 开始操作号码 【1512128】
2024-06-23 00:11:58 GSD getOne 第 1 次 等待 3 秒
2024-06-23 00:12:01 查询号码 【1512128】，返回信息 {"status":"ok","msg":"贵州-遵义","gid":"16956","time_insert":"2018-05-30 22:44","time_update":"2020-11-19 14:32"}
2024-06-23 00:12:01 查询号码 【1512128】，GSD为【"贵州-遵义"】

2024-06-23 00:12:02 开始第 2238 次操作

2024-06-23 00:12:02 开始操作号码 【1512129】
2024-06-23 00:12:17 GSD getOne 第 1 次 等待 3 秒
2024-06-23 00:12:20 查询号码 【1512129】，返回信息 {"status":"ok","msg":"贵州-遵义","gid":"116500","time_insert":"2021-06-23 05:04"}
2024-06-23 00:12:20 查询号码 【1512129】，GSD为【"贵州-遵义"】

2024-06-23 00:12:21 开始第 2239 次操作

2024-06-23 00:12:21 开始操作号码 【1512130】
2024-06-23 00:12:34 GSD getOne 第 1 次 等待 3 秒
2024-06-23 00:12:37 查询号码 【1512130】，返回信息 {"status":"ok","msg":"贵州-安顺","gid":"16957","time_insert":"2017-09-18 10:53","time_update":"2020-11-19 14:37"}
2024-06-23 00:12:37 查询号码 【1512130】，GSD为【"贵州-安顺"】

2024-06-23 00:12:39 开始第 2240 次操作

2024-06-23 00:12:39 开始操作号码 【1512131】
2024-06-23 00:12:53 GSD getOne 第 1 次 等待 3 秒
2024-06-23 00:12:56 查询号码 【1512131】，返回信息 {"status":"ok","msg":"贵州-安顺","gid":"16958","time_insert":"2017-07-31 03:23","time_update":"2021-05-28 17:49"}
2024-06-23 00:12:56 查询号码 【1512131】，GSD为【"贵州-安顺"】

