2024-04-27 00:11:59 开始第 5897 次操作

2024-04-27 00:11:59 开始操作号码 【1625797】
2024-04-27 00:12:04 GSD getOne 第 1 次 等待 3 秒
2024-04-27 00:12:07 查询号码 【1625797】，返回信息 {"status":"ok","msg":"黑龙江-牡丹江","gid":"188617","time_insert":"2021-07-04 08:15"}
2024-04-27 00:12:07 查询号码 【1625797】，GSD为【"黑龙江-牡丹江"】

2024-04-27 00:12:08 开始第 5898 次操作

2024-04-27 00:12:08 开始操作号码 【1625798】
2024-04-27 00:12:19 GSD getOne 第 1 次 等待 3 秒
2024-04-27 00:12:22 查询号码 【1625798】，返回信息 {"status":"ok","msg":"黑龙江-牡丹江","gid":"188627","time_insert":"2021-07-04 08:19"}
2024-04-27 00:12:22 查询号码 【1625798】，GSD为【"黑龙江-牡丹江"】

2024-04-27 00:12:23 开始第 5899 次操作

2024-04-27 00:12:23 开始操作号码 【1625799】
2024-04-27 00:12:30 GSD getOne 第 1 次 等待 3 秒
2024-04-27 00:12:33 查询号码 【1625799】，返回信息 {"status":"ok","msg":"黑龙江-牡丹江","gid":"188633","time_insert":"2021-07-04 08:25"}
2024-04-27 00:12:33 查询号码 【1625799】，GSD为【"黑龙江-牡丹江"】

2024-04-27 00:12:34 开始第 5900 次操作

2024-04-27 00:12:34 开始操作号码 【1625800】
2024-04-27 00:12:40 GSD getOne 第 1 次 等待 3 秒
2024-04-27 00:12:43 查询号码 【1625800】，返回信息 {"status":"ok","msg":"北京-北京","gid":"188640","time_insert":"2021-07-04 08:29","time_update":"2023-05-16 13:53"}
2024-04-27 00:12:43 查询号码 【1625800】，GSD为【"北京-北京"】

2024-04-27 00:36:21 开始第 5901 次操作

2024-04-27 00:36:21 开始操作号码 【1625801】
2024-04-27 00:36:34 GSD getOne 第 1 次 等待 3 秒
2024-04-27 00:36:37 查询号码 【1625801】，返回信息 {"status":"ok","msg":"-","gid":"188649","time_insert":"2021-07-04 08:33"}
2024-04-27 00:36:37 查询号码 【1625801】，GSD为【"-"】
2024-04-27 00:36:37 ok && -
2024-04-27 00:36:40 CHB 1625801?1714149397 第 1 次 等待 3 秒
2024-04-27 00:36:43 CHB 1625801?1714149397 第 1 次 获取到号码【1625801】GSD
2024-04-27 00:36:43 未获取到号码【1625801】GSD，可能号码格式错误
2024-04-27 00:36:43 获取到号码【1625801】的GSD为【-】
2024-04-27 00:36:51 GSD insert 第 1 次 等待 3 秒
2024-04-27 00:36:54 {"status":"bad","gid":"188649","msg":"添加失败！号码【1625801(-|-)】已存在！"}
2024-04-27 00:36:54 随机等待 116 秒，约 1 分钟
2024-04-27 00:36:54 下次操作: 2024-04-27 00:38:50

2024-04-27 00:38:50 开始第 5902 次操作

2024-04-27 00:38:50 开始操作号码 【1625802】
2024-04-27 00:38:56 GSD getOne 第 1 次 等待 3 秒
2024-04-27 00:38:59 查询号码 【1625802】，返回信息 {"status":"ok","msg":"-","gid":"188655","time_insert":"2021-07-04 08:37"}
2024-04-27 00:38:59 查询号码 【1625802】，GSD为【"-"】
2024-04-27 00:38:59 ok && -
2024-04-27 00:39:01 CHB 1625802?1714149539 第 1 次 等待 3 秒
2024-04-27 00:39:04 CHB 1625802?1714149539 第 1 次 获取到号码【1625802】GSD
2024-04-27 00:39:04 未获取到号码【1625802】GSD，可能号码格式错误
2024-04-27 00:39:04 获取到号码【1625802】的GSD为【-】
2024-04-27 00:39:15 GSD insert 第 1 次 等待 3 秒
2024-04-27 00:39:18 {"status":"bad","gid":"188655","msg":"添加失败！号码【1625802(-|-)】已存在！"}
2024-04-27 00:39:18 随机等待 155 秒，约 2 分钟
2024-04-27 00:39:18 下次操作: 2024-04-27 00:41:53

2024-04-27 00:41:53 开始第 5903 次操作

2024-04-27 00:41:53 开始操作号码 【1625803】
2024-04-27 00:42:08 GSD getOne 第 1 次 等待 3 秒
2024-04-27 00:42:11 查询号码 【1625803】，返回信息 {"status":"ok","msg":"-","gid":"188664","time_insert":"2021-07-04 08:42"}
2024-04-27 00:42:11 查询号码 【1625803】，GSD为【"-"】
2024-04-27 00:42:11 ok && -
2024-04-27 00:42:13 CHB 1625803?1714149731 第 1 次 等待 3 秒
2024-04-27 00:42:16 CHB 1625803?1714149731 第 1 次 获取到号码【1625803】GSD
2024-04-27 00:42:16 未获取到号码【1625803】GSD，可能号码格式错误
2024-04-27 00:42:16 获取到号码【1625803】的GSD为【-】
2024-04-27 00:42:22 GSD insert 第 1 次 等待 3 秒
2024-04-27 00:42:25 {"status":"bad","gid":"188664","msg":"添加失败！号码【1625803(-|-)】已存在！"}
2024-04-27 00:42:25 随机等待 170 秒，约 2 分钟
2024-04-27 00:42:25 下次操作: 2024-04-27 00:45:15

2024-04-27 00:45:15 开始第 5904 次操作

2024-04-27 00:45:15 开始操作号码 【1625804】
2024-04-27 00:45:23 GSD getOne 第 1 次 等待 3 秒
2024-04-27 00:45:26 查询号码 【1625804】，返回信息 {"status":"ok","msg":"-","gid":"188671","time_insert":"2021-07-04 08:47"}
2024-04-27 00:45:26 查询号码 【1625804】，GSD为【"-"】
2024-04-27 00:45:26 ok && -
2024-04-27 00:45:29 CHB 1625804?1714149926 第 1 次 等待 3 秒
2024-04-27 00:45:32 CHB 1625804?1714149926 第 1 次 获取到号码【1625804】GSD
2024-04-27 00:45:32 未获取到号码【1625804】GSD，可能号码格式错误
2024-04-27 00:45:32 获取到号码【1625804】的GSD为【-】
2024-04-27 00:45:37 GSD insert 第 1 次 等待 3 秒
2024-04-27 00:45:40 {"status":"bad","gid":"188671","msg":"添加失败！号码【1625804(-|-)】已存在！"}

