2023-12-01 00:11:44 开始第 765 次操作

2023-12-01 00:11:44 开始操作号码 【1840664】
2023-12-01 00:11:48 GSD getOne 第 1 次 等待 3 秒
2023-12-01 00:11:51 查询号码 【1840664】，返回信息 {"status":"ok","msg":"广东-茂名","gid":"363355","time_insert":"2021-07-23 06:51"}
2023-12-01 00:11:51 查询号码 【1840664】，GSD为【"广东-茂名"】

2023-12-01 00:11:52 开始第 766 次操作

2023-12-01 00:11:52 开始操作号码 【1840665】
2023-12-01 00:11:55 GSD getOne 第 1 次 等待 3 秒
2023-12-01 00:11:58 查询号码 【1840665】，返回信息 {"status":"ok","msg":"广东-梅州","gid":"363517","time_insert":"2021-07-23 07:04"}
2023-12-01 00:11:59 查询号码 【1840665】，GSD为【"广东-梅州"】

2023-12-01 00:12:00 开始第 767 次操作

2023-12-01 00:12:00 开始操作号码 【1840666】
2023-12-01 00:12:03 GSD getOne 第 1 次 等待 3 秒
2023-12-01 00:12:06 查询号码 【1840666】，返回信息 {"status":"ok","msg":"广东-深圳","gid":"363570","time_insert":"2021-07-23 07:18"}
2023-12-01 00:12:06 查询号码 【1840666】，GSD为【"广东-深圳"】

2023-12-01 00:12:07 开始第 768 次操作

2023-12-01 00:12:07 开始操作号码 【1840667】
2023-12-01 00:12:10 GSD getOne 第 1 次 等待 3 秒
2023-12-01 00:12:13 查询号码 【1840667】，返回信息 {"status":"ok","msg":"广东-茂名","gid":"363593","time_insert":"2021-07-23 07:30"}
2023-12-01 00:12:13 查询号码 【1840667】，GSD为【"广东-茂名"】

