2024-03-15 00:11:04 开始第 9109 次操作

2024-03-15 00:11:04 开始操作号码 【1739008】
2024-03-15 00:11:10 GSD getOne 第 1 次 等待 3 秒
2024-03-15 00:11:13 查询号码 【1739008】，返回信息 {"status":"ok","msg":"吉林-长春","gid":"225045","time_insert":"2021-07-08 19:43"}
2024-03-15 00:11:13 查询号码 【1739008】，GSD为【"吉林-长春"】

2024-03-15 00:11:14 开始第 9110 次操作

2024-03-15 00:11:14 开始操作号码 【1739009】
2024-03-15 00:11:20 GSD getOne 第 1 次 等待 3 秒
2024-03-15 00:11:23 查询号码 【1739009】，返回信息 {"status":"ok","msg":"吉林-松原","gid":"225052","time_insert":"2021-07-08 19:43"}
2024-03-15 00:11:23 查询号码 【1739009】，GSD为【"吉林-松原"】

2024-03-15 00:11:24 开始第 9111 次操作

2024-03-15 00:11:24 开始操作号码 【1739010】
2024-03-15 00:11:28 GSD getOne 第 1 次 等待 3 秒
2024-03-15 00:11:31 查询号码 【1739010】，返回信息 {"status":"ok","msg":"四川-绵阳","gid":"51941","time_insert":"2021-04-22 10:29"}
2024-03-15 00:11:31 查询号码 【1739010】，GSD为【"四川-绵阳"】

2024-03-15 00:11:32 开始第 9112 次操作

2024-03-15 00:11:32 开始操作号码 【1739011】
2024-03-15 00:11:37 GSD getOne 第 1 次 等待 3 秒
2024-03-15 00:11:40 查询号码 【1739011】，返回信息 {"status":"ok","msg":"四川-绵阳","gid":"29753","time_insert":"2018-06-23 18:13","time_update":"2020-10-29 14:51"}
2024-03-15 00:11:40 查询号码 【1739011】，GSD为【"四川-绵阳"】

