2024-03-05 00:11:41 开始第 7285 次操作

2024-03-05 00:11:41 开始操作号码 【1737184】
2024-03-05 00:11:46 GSD getOne 第 1 次 等待 3 秒
2024-03-05 00:11:49 查询号码 【1737184】，返回信息 {"status":"ok","msg":"湖北-恩施","gid":"206217","time_insert":"2021-07-06 13:39"}
2024-03-05 00:11:49 查询号码 【1737184】，GSD为【"湖北-恩施"】

2024-03-05 00:11:50 开始第 7286 次操作

2024-03-05 00:11:50 开始操作号码 【1737185】
2024-03-05 00:11:54 GSD getOne 第 1 次 等待 3 秒
2024-03-05 00:11:57 查询号码 【1737185】，返回信息 {"status":"ok","msg":"湖北-黄石","gid":"206228","time_insert":"2021-07-06 13:39"}
2024-03-05 00:11:57 查询号码 【1737185】，GSD为【"湖北-黄石"】

2024-03-05 00:11:58 开始第 7287 次操作

2024-03-05 00:11:58 开始操作号码 【1737186】
2024-03-05 00:12:02 GSD getOne 第 1 次 等待 3 秒
2024-03-05 00:12:05 查询号码 【1737186】，返回信息 {"status":"ok","msg":"湖北-宜昌","gid":"206237","time_insert":"2021-07-06 13:40"}
2024-03-05 00:12:05 查询号码 【1737186】，GSD为【"湖北-宜昌"】

2024-03-05 00:12:06 开始第 7288 次操作

2024-03-05 00:12:06 开始操作号码 【1737187】
2024-03-05 00:12:10 GSD getOne 第 1 次 等待 3 秒
2024-03-05 00:12:13 查询号码 【1737187】，返回信息 {"status":"ok","msg":"湖北-荆州","gid":"206247","time_insert":"2021-07-06 13:41"}
2024-03-05 00:12:13 查询号码 【1737187】，GSD为【"湖北-荆州"】

