2024-04-11 00:13:17 开始第 3109 次操作

2024-04-11 00:13:17 开始操作号码 【1623009】
2024-04-11 00:13:23 GSD getOne 第 1 次 等待 3 秒
2024-04-11 00:13:26 查询号码 【1623009】，返回信息 {"status":"ok","msg":"河北-邯郸","gid":"124995","time_insert":"2021-06-25 02:00"}
2024-04-11 00:13:26 查询号码 【1623009】，GSD为【"河北-邯郸"】

2024-04-11 00:13:27 开始第 3110 次操作

2024-04-11 00:13:27 开始操作号码 【1623010】
2024-04-11 00:13:32 GSD getOne 第 1 次 等待 3 秒
2024-04-11 00:13:35 查询号码 【1623010】，返回信息 {"status":"ok","msg":"河北-邯郸","gid":"125010","time_insert":"2021-06-25 02:05"}
2024-04-11 00:13:35 查询号码 【1623010】，GSD为【"河北-邯郸"】

2024-04-11 00:13:36 开始第 3111 次操作

2024-04-11 00:13:36 开始操作号码 【1623011】
2024-04-11 00:13:43 GSD getOne 第 1 次 等待 3 秒
2024-04-11 00:13:46 查询号码 【1623011】，返回信息 {"status":"ok","msg":"河北-石家庄","gid":"125014","time_insert":"2021-06-25 02:10"}
2024-04-11 00:13:47 查询号码 【1623011】，GSD为【"河北-石家庄"】

2024-04-11 00:13:48 开始第 3112 次操作

2024-04-11 00:13:48 开始操作号码 【1623012】
2024-04-11 00:13:53 GSD getOne 第 1 次 等待 3 秒
2024-04-11 00:13:56 查询号码 【1623012】，返回信息 {"status":"ok","msg":"河北-石家庄","gid":"125020","time_insert":"2021-06-25 02:13"}
2024-04-11 00:13:56 查询号码 【1623012】，GSD为【"河北-石家庄"】

