2024-07-04 00:12:44 开始第 4237 次操作

2024-07-04 00:12:44 开始操作号码 【1514127】
2024-07-04 00:12:53 GSD getOne 第 1 次 等待 3 秒
2024-07-04 00:12:56 查询号码 【1514127】，返回信息 {"status":"ok","msg":"辽宁-鞍山","gid":"251654","time_insert":"2021-07-11 23:01"}
2024-07-04 00:12:56 查询号码 【1514127】，GSD为【"辽宁-鞍山"】

2024-07-04 00:12:57 开始第 4238 次操作

2024-07-04 00:12:57 开始操作号码 【1514128】
2024-07-04 00:13:06 GSD getOne 第 1 次 等待 3 秒
2024-07-04 00:13:09 查询号码 【1514128】，返回信息 {"status":"ok","msg":"辽宁-鞍山","gid":"251675","time_insert":"2021-07-11 23:13"}
2024-07-04 00:13:09 查询号码 【1514128】，GSD为【"辽宁-鞍山"】

2024-07-04 00:13:10 开始第 4239 次操作

2024-07-04 00:13:10 开始操作号码 【1514129】
2024-07-04 00:13:18 GSD getOne 第 1 次 等待 3 秒
2024-07-04 00:13:21 查询号码 【1514129】，返回信息 {"status":"ok","msg":"辽宁-鞍山","gid":"251699","time_insert":"2021-07-11 23:26","time_update":"2021-07-12 11:28"}
2024-07-04 00:13:21 查询号码 【1514129】，GSD为【"辽宁-鞍山"】

2024-07-04 00:13:22 开始第 4240 次操作

2024-07-04 00:13:22 开始操作号码 【1514130】
2024-07-04 00:13:31 GSD getOne 第 1 次 等待 3 秒
2024-07-04 00:13:34 查询号码 【1514130】，返回信息 {"status":"ok","msg":"辽宁-抚顺","gid":"251720","time_insert":"2021-07-11 23:39"}
2024-07-04 00:13:34 查询号码 【1514130】，GSD为【"辽宁-抚顺"】

2024-07-04 00:38:24 开始第 4241 次操作

2024-07-04 00:38:24 开始操作号码 【1514131】
2024-07-04 00:38:33 GSD getOne 第 1 次 等待 3 秒
2024-07-04 00:38:36 查询号码 【1514131】，返回信息 {"status":"ok","msg":"辽宁-抚顺","gid":"251832","time_insert":"2021-07-11 23:51","time_update":"2021-07-12 11:01"}
2024-07-04 00:38:36 查询号码 【1514131】，GSD为【"辽宁-抚顺"】

2024-07-04 00:38:37 开始第 4242 次操作

2024-07-04 00:38:37 开始操作号码 【1514132】
2024-07-04 00:38:45 GSD getOne 第 1 次 等待 3 秒
2024-07-04 00:38:48 查询号码 【1514132】，返回信息 {"status":"ok","msg":"辽宁-抚顺","gid":"251983","time_insert":"2021-07-12 00:06"}
2024-07-04 00:38:48 查询号码 【1514132】，GSD为【"辽宁-抚顺"】

2024-07-04 00:38:49 开始第 4243 次操作

2024-07-04 00:38:49 开始操作号码 【1514133】
2024-07-04 00:38:58 GSD getOne 第 1 次 等待 3 秒
2024-07-04 00:39:01 查询号码 【1514133】，返回信息 {"status":"ok","msg":"辽宁-抚顺","gid":"17348","time_insert":"2019-01-05 10:44","time_update":"2020-08-20 16:05"}
2024-07-04 00:39:01 查询号码 【1514133】，GSD为【"辽宁-抚顺"】

2024-07-04 00:39:02 开始第 4244 次操作

2024-07-04 00:39:02 开始操作号码 【1514134】
2024-07-04 00:39:11 GSD getOne 第 1 次 等待 3 秒
2024-07-04 00:39:14 查询号码 【1514134】，返回信息 {"status":"ok","msg":"辽宁-抚顺","gid":"252044","time_insert":"2021-07-12 00:19"}
2024-07-04 00:39:14 查询号码 【1514134】，GSD为【"辽宁-抚顺"】

