2024-06-27 00:12:30 开始第 2965 次操作

2024-06-27 00:12:30 开始操作号码 【1512856】
2024-06-27 00:12:51 GSD getOne 第 1 次 等待 3 秒
2024-06-27 00:12:54 查询号码 【1512856】，返回信息 {"status":"ok","msg":"河北-承德","gid":"163231","time_insert":"2021-07-01 01:03"}
2024-06-27 00:12:54 查询号码 【1512856】，GSD为【"河北-承德"】

2024-06-27 00:12:55 开始第 2966 次操作

2024-06-27 00:12:55 开始操作号码 【1512857】
2024-06-27 00:13:11 GSD getOne 第 1 次 等待 3 秒
2024-06-27 00:13:14 查询号码 【1512857】，返回信息 {"status":"ok","msg":"河北-承德","gid":"163301","time_insert":"2021-07-01 01:28"}
2024-06-27 00:13:14 查询号码 【1512857】，GSD为【"河北-承德"】

2024-06-27 00:13:15 开始第 2967 次操作

2024-06-27 00:13:15 开始操作号码 【1512858】
2024-06-27 00:13:28 GSD getOne 第 1 次 等待 3 秒
2024-06-27 00:13:31 查询号码 【1512858】，返回信息 {"status":"ok","msg":"河北-承德","gid":"163403","time_insert":"2021-07-01 01:45"}
2024-06-27 00:13:31 查询号码 【1512858】，GSD为【"河北-承德"】

2024-06-27 00:13:32 开始第 2968 次操作

2024-06-27 00:13:32 开始操作号码 【1512859】
2024-06-27 00:13:58 GSD getOne 第 1 次 等待 3 秒
2024-06-27 00:14:01 查询号码 【1512859】，返回信息 {"status":"ok","msg":"河北-承德","gid":"163557","time_insert":"2021-07-01 02:03"}
2024-06-27 00:14:01 查询号码 【1512859】，GSD为【"河北-承德"】

2024-06-27 00:37:55 开始第 2969 次操作

2024-06-27 00:37:55 开始操作号码 【1512860】
2024-06-27 00:38:18 GSD getOne 第 1 次 等待 3 秒
2024-06-27 00:38:21 查询号码 【1512860】，返回信息 {"status":"ok","msg":"河北-承德","gid":"163620","time_insert":"2021-07-01 02:22"}
2024-06-27 00:38:21 查询号码 【1512860】，GSD为【"河北-承德"】

2024-06-27 00:38:22 开始第 2970 次操作

2024-06-27 00:38:22 开始操作号码 【1512861】
2024-06-27 00:38:41 GSD getOne 第 1 次 等待 3 秒
2024-06-27 00:38:44 查询号码 【1512861】，返回信息 {"status":"ok","msg":"河北-承德","gid":"163651","time_insert":"2021-07-01 02:45"}
2024-06-27 00:38:44 查询号码 【1512861】，GSD为【"河北-承德"】

2024-06-27 00:38:45 开始第 2971 次操作

2024-06-27 00:38:45 开始操作号码 【1512862】
2024-06-27 00:39:07 GSD getOne 第 1 次 等待 3 秒
2024-06-27 00:39:10 查询号码 【1512862】，返回信息 {"status":"ok","msg":"河北-承德","gid":"163749","time_insert":"2021-07-01 03:04"}
2024-06-27 00:39:10 查询号码 【1512862】，GSD为【"河北-承德"】

2024-06-27 00:39:11 开始第 2972 次操作

2024-06-27 00:39:11 开始操作号码 【1512863】
2024-06-27 00:39:28 GSD getOne 第 1 次 等待 3 秒
2024-06-27 00:39:31 查询号码 【1512863】，返回信息 {"status":"ok","msg":"河北-承德","gid":"163914","time_insert":"2021-07-01 03:27"}
2024-06-27 00:39:31 查询号码 【1512863】，GSD为【"河北-承德"】

2024-06-27 01:08:45 开始第 2973 次操作

2024-06-27 01:08:45 开始操作号码 【1512864】
2024-06-27 01:08:59 GSD getOne 第 1 次 等待 3 秒
2024-06-27 01:09:02 查询号码 【1512864】，返回信息 {"status":"ok","msg":"河北-承德","gid":"164109","time_insert":"2021-07-01 03:51"}
2024-06-27 01:09:02 查询号码 【1512864】，GSD为【"河北-承德"】

2024-06-27 01:09:03 开始第 2974 次操作

2024-06-27 01:09:03 开始操作号码 【1512865】
2024-06-27 01:09:21 GSD getOne 第 1 次 等待 3 秒
2024-06-27 01:09:24 查询号码 【1512865】，返回信息 {"status":"ok","msg":"河北-廊坊","gid":"164171","time_insert":"2021-07-01 04:13"}
2024-06-27 01:09:24 查询号码 【1512865】，GSD为【"河北-廊坊"】

2024-06-27 01:09:25 开始第 2975 次操作

2024-06-27 01:09:25 开始操作号码 【1512866】
2024-06-27 01:09:41 GSD getOne 第 1 次 等待 3 秒
2024-06-27 01:09:44 查询号码 【1512866】，返回信息 {"status":"ok","msg":"河北-廊坊","gid":"164203","time_insert":"2021-07-01 04:33"}
2024-06-27 01:09:44 查询号码 【1512866】，GSD为【"河北-廊坊"】

2024-06-27 01:09:45 开始第 2976 次操作

2024-06-27 01:09:45 开始操作号码 【1512867】
2024-06-27 01:10:02 GSD getOne 第 1 次 等待 3 秒
2024-06-27 01:10:05 查询号码 【1512867】，返回信息 {"status":"ok","msg":"河北-廊坊","gid":"17256","time_insert":"2017-04-19 11:23","time_update":"2020-08-17 21:17"}
2024-06-27 01:10:05 查询号码 【1512867】，GSD为【"河北-廊坊"】

2024-06-27 01:33:04 开始第 2977 次操作

2024-06-27 01:33:04 开始操作号码 【1512868】
2024-06-27 01:33:36 GSD getOne 第 1 次 等待 3 秒
2024-06-27 01:33:39 查询号码 【1512868】，返回信息 {"status":"ok","msg":"河北-廊坊","gid":"164436","time_insert":"2021-07-01 04:59"}
2024-06-27 01:33:39 查询号码 【1512868】，GSD为【"河北-廊坊"】

2024-06-27 01:33:40 开始第 2978 次操作

2024-06-27 01:33:40 开始操作号码 【1512869】
2024-06-27 01:33:54 GSD getOne 第 1 次 等待 3 秒
2024-06-27 01:33:57 查询号码 【1512869】，返回信息 {"status":"ok","msg":"河北-廊坊","gid":"164502","time_insert":"2021-07-01 05:22"}
2024-06-27 01:33:57 查询号码 【1512869】，GSD为【"河北-廊坊"】

2024-06-27 01:33:58 开始第 2979 次操作

2024-06-27 01:33:58 开始操作号码 【1512870】
2024-06-27 01:34:13 GSD getOne 第 1 次 等待 3 秒
2024-06-27 01:34:16 查询号码 【1512870】，返回信息 {"status":"ok","msg":"河北-沧州","gid":"164573","time_insert":"2021-07-01 05:46"}
2024-06-27 01:34:16 查询号码 【1512870】，GSD为【"河北-沧州"】

2024-06-27 01:34:17 开始第 2980 次操作

2024-06-27 01:34:17 开始操作号码 【1512871】
2024-06-27 01:34:34 GSD getOne 第 1 次 等待 3 秒
2024-06-27 01:34:37 查询号码 【1512871】，返回信息 {"status":"ok","msg":"河北-沧州","gid":"164767","time_insert":"2021-07-01 06:05"}
2024-06-27 01:34:37 查询号码 【1512871】，GSD为【"河北-沧州"】

2024-06-27 02:12:16 开始第 2981 次操作

2024-06-27 02:12:16 开始操作号码 【1512872】
2024-06-27 02:12:31 GSD getOne 第 1 次 等待 3 秒
2024-06-27 02:12:34 查询号码 【1512872】，返回信息 {"status":"ok","msg":"河北-沧州","gid":"164816","time_insert":"2021-07-01 06:24"}
2024-06-27 02:12:34 查询号码 【1512872】，GSD为【"河北-沧州"】

2024-06-27 02:12:35 开始第 2982 次操作

2024-06-27 02:12:35 开始操作号码 【1512873】
2024-06-27 02:12:48 GSD getOne 第 1 次 等待 3 秒
2024-06-27 02:12:51 查询号码 【1512873】，返回信息 {"status":"ok","msg":"河北-沧州","gid":"164926","time_insert":"2021-07-01 06:48"}
2024-06-27 02:12:51 查询号码 【1512873】，GSD为【"河北-沧州"】

2024-06-27 02:12:52 开始第 2983 次操作

2024-06-27 02:12:52 开始操作号码 【1512874】
2024-06-27 02:13:08 GSD getOne 第 1 次 等待 3 秒
2024-06-27 02:13:11 查询号码 【1512874】，返回信息 {"status":"ok","msg":"河北-沧州","gid":"165088","time_insert":"2021-07-01 07:10"}
2024-06-27 02:13:11 查询号码 【1512874】，GSD为【"河北-沧州"】

2024-06-27 02:13:12 开始第 2984 次操作

2024-06-27 02:13:12 开始操作号码 【1512875】
2024-06-27 02:13:29 GSD getOne 第 1 次 等待 3 秒
2024-06-27 02:13:32 查询号码 【1512875】，返回信息 {"status":"ok","msg":"河北-沧州","gid":"165110","time_insert":"2021-07-01 07:28"}
2024-06-27 02:13:32 查询号码 【1512875】，GSD为【"河北-沧州"】

2024-06-27 02:37:16 开始第 2985 次操作

2024-06-27 02:37:16 开始操作号码 【1512876】
2024-06-27 02:37:36 GSD getOne 第 1 次 等待 3 秒
2024-06-27 02:37:39 查询号码 【1512876】，返回信息 {"status":"ok","msg":"河北-沧州","gid":"165251","time_insert":"2021-07-01 07:49"}
2024-06-27 02:37:40 查询号码 【1512876】，GSD为【"河北-沧州"】

2024-06-27 02:37:41 开始第 2986 次操作

2024-06-27 02:37:41 开始操作号码 【1512877】
2024-06-27 02:38:57 GSD getOne 第 1 次 等待 3 秒
2024-06-27 02:39:00 查询号码 【1512877】，返回信息 {"status":"ok","msg":"河北-沧州","gid":"17257","time_insert":"2018-05-08 10:03","time_update":"2020-08-17 21:21"}
2024-06-27 02:39:00 查询号码 【1512877】，GSD为【"河北-沧州"】

2024-06-27 02:39:01 开始第 2987 次操作

2024-06-27 02:39:01 开始操作号码 【1512878】
2024-06-27 02:39:34 GSD getOne 第 1 次 等待 3 秒
2024-06-27 02:39:37 查询号码 【1512878】，返回信息 {"status":"ok","msg":"河北-沧州","gid":"165381","time_insert":"2021-07-01 08:16"}
2024-06-27 02:39:37 查询号码 【1512878】，GSD为【"河北-沧州"】

2024-06-27 02:39:38 开始第 2988 次操作

2024-06-27 02:39:38 开始操作号码 【1512879】
2024-06-27 02:39:55 GSD getOne 第 1 次 等待 3 秒
2024-06-27 02:39:58 查询号码 【1512879】，返回信息 {"status":"ok","msg":"河北-沧州","gid":"165403","time_insert":"2021-07-01 08:34"}
2024-06-27 02:39:58 查询号码 【1512879】，GSD为【"河北-沧州"】

2024-06-27 03:07:32 开始第 2989 次操作

2024-06-27 03:07:32 开始操作号码 【1512880】
2024-06-27 03:07:46 GSD getOne 第 1 次 等待 3 秒
2024-06-27 03:07:49 查询号码 【1512880】，返回信息 {"status":"ok","msg":"河北-唐山","gid":"165431","time_insert":"2021-07-01 08:52"}
2024-06-27 03:07:49 查询号码 【1512880】，GSD为【"河北-唐山"】

2024-06-27 03:07:50 开始第 2990 次操作

2024-06-27 03:07:50 开始操作号码 【1512881】
2024-06-27 03:08:06 GSD getOne 第 1 次 等待 3 秒
2024-06-27 03:08:09 查询号码 【1512881】，返回信息 {"status":"ok","msg":"河北-唐山","gid":"165451","time_insert":"2021-07-01 09:09"}
2024-06-27 03:08:10 查询号码 【1512881】，GSD为【"河北-唐山"】

2024-06-27 03:08:11 开始第 2991 次操作

2024-06-27 03:08:11 开始操作号码 【1512882】
2024-06-27 03:08:27 GSD getOne 第 1 次 等待 3 秒
2024-06-27 03:08:30 查询号码 【1512882】，返回信息 {"status":"ok","msg":"河北-唐山","gid":"165480","time_insert":"2021-07-01 09:30"}
2024-06-27 03:08:30 查询号码 【1512882】，GSD为【"河北-唐山"】

2024-06-27 03:08:31 开始第 2992 次操作

2024-06-27 03:08:31 开始操作号码 【1512883】
2024-06-27 03:08:45 GSD getOne 第 1 次 等待 3 秒
2024-06-27 03:08:48 查询号码 【1512883】，返回信息 {"status":"ok","msg":"河北-唐山","gid":"165514","time_insert":"2021-07-01 09:55"}
2024-06-27 03:08:48 查询号码 【1512883】，GSD为【"河北-唐山"】

2024-06-27 03:32:59 开始第 2993 次操作

2024-06-27 03:32:59 开始操作号码 【1512884】
2024-06-27 03:33:14 GSD getOne 第 1 次 等待 3 秒
2024-06-27 03:33:17 查询号码 【1512884】，返回信息 {"status":"ok","msg":"河北-唐山","gid":"165537","time_insert":"2021-07-01 10:11"}
2024-06-27 03:33:17 查询号码 【1512884】，GSD为【"河北-唐山"】

2024-06-27 03:33:18 开始第 2994 次操作

2024-06-27 03:33:18 开始操作号码 【1512885】
2024-06-27 03:33:36 GSD getOne 第 1 次 等待 3 秒
2024-06-27 03:33:39 查询号码 【1512885】，返回信息 {"status":"ok","msg":"河北-唐山","gid":"165679","time_insert":"2021-07-01 10:26"}
2024-06-27 03:33:39 查询号码 【1512885】，GSD为【"河北-唐山"】

2024-06-27 03:33:40 开始第 2995 次操作

2024-06-27 03:33:40 开始操作号码 【1512886】
2024-06-27 03:33:56 GSD getOne 第 1 次 等待 3 秒
2024-06-27 03:33:59 查询号码 【1512886】，返回信息 {"status":"ok","msg":"河北-唐山","gid":"165794","time_insert":"2021-07-01 10:44"}
2024-06-27 03:33:59 查询号码 【1512886】，GSD为【"河北-唐山"】

2024-06-27 03:34:00 开始第 2996 次操作

2024-06-27 03:34:00 开始操作号码 【1512887】
2024-06-27 03:34:13 GSD getOne 第 1 次 等待 3 秒
2024-06-27 03:34:16 查询号码 【1512887】，返回信息 {"status":"ok","msg":"河北-邯郸","gid":"165952","time_insert":"2021-07-01 11:03"}
2024-06-27 03:34:16 查询号码 【1512887】，GSD为【"河北-邯郸"】

2024-06-27 04:12:09 开始第 2997 次操作

2024-06-27 04:12:09 开始操作号码 【1512888】
2024-06-27 04:12:23 GSD getOne 第 1 次 等待 3 秒
2024-06-27 04:12:26 查询号码 【1512888】，返回信息 {"status":"ok","msg":"河北-邯郸","gid":"166051","time_insert":"2021-07-01 11:19"}
2024-06-27 04:12:26 查询号码 【1512888】，GSD为【"河北-邯郸"】

2024-06-27 04:12:27 开始第 2998 次操作

2024-06-27 04:12:27 开始操作号码 【1512889】
2024-06-27 04:12:46 GSD getOne 第 1 次 等待 3 秒
2024-06-27 04:12:49 查询号码 【1512889】，返回信息 {"status":"ok","msg":"河北-邯郸","gid":"166103","time_insert":"2021-07-01 11:35"}
2024-06-27 04:12:49 查询号码 【1512889】，GSD为【"河北-邯郸"】

2024-06-27 04:12:50 开始第 2999 次操作

2024-06-27 04:12:50 开始操作号码 【1512890】
2024-06-27 04:13:03 GSD getOne 第 1 次 等待 3 秒
2024-06-27 04:13:06 查询号码 【1512890】，返回信息 {"status":"ok","msg":"河北-邯郸","gid":"166160","time_insert":"2021-07-01 11:51"}
2024-06-27 04:13:06 查询号码 【1512890】，GSD为【"河北-邯郸"】

2024-06-27 04:13:07 开始第 3000 次操作

2024-06-27 04:13:07 开始操作号码 【1512891】
2024-06-27 04:13:22 GSD getOne 第 1 次 等待 3 秒
2024-06-27 04:13:25 查询号码 【1512891】，返回信息 {"status":"ok","msg":"河北-邯郸","gid":"166350","time_insert":"2021-07-01 12:06"}
2024-06-27 04:13:25 查询号码 【1512891】，GSD为【"河北-邯郸"】

2024-06-27 04:33:42 开始第 3001 次操作

2024-06-27 04:33:42 开始操作号码 【1512892】
2024-06-27 04:33:58 GSD getOne 第 1 次 等待 3 秒
2024-06-27 04:34:01 查询号码 【1512892】，返回信息 {"status":"ok","msg":"河北-邯郸","gid":"166417","time_insert":"2021-07-01 12:30"}
2024-06-27 04:34:01 查询号码 【1512892】，GSD为【"河北-邯郸"】

2024-06-27 04:34:02 开始第 3002 次操作

2024-06-27 04:34:02 开始操作号码 【1512893】
2024-06-27 04:34:18 GSD getOne 第 1 次 等待 3 秒
2024-06-27 04:34:21 查询号码 【1512893】，返回信息 {"status":"ok","msg":"河北-承德","gid":"166446","time_insert":"2021-07-01 12:49"}
2024-06-27 04:34:21 查询号码 【1512893】，GSD为【"河北-承德"】

2024-06-27 04:34:22 开始第 3003 次操作

2024-06-27 04:34:22 开始操作号码 【1512894】
2024-06-27 04:34:38 GSD getOne 第 1 次 等待 3 秒
2024-06-27 04:34:41 查询号码 【1512894】，返回信息 {"status":"ok","msg":"河北-廊坊","gid":"166662","time_insert":"2021-07-01 13:13"}
2024-06-27 04:34:41 查询号码 【1512894】，GSD为【"河北-廊坊"】

2024-06-27 04:34:42 开始第 3004 次操作

2024-06-27 04:34:42 开始操作号码 【1512895】
2024-06-27 04:34:56 GSD getOne 第 1 次 等待 3 秒
2024-06-27 04:34:59 查询号码 【1512895】，返回信息 {"status":"ok","msg":"河北-保定","gid":"166779","time_insert":"2021-07-01 13:38"}
2024-06-27 04:34:59 查询号码 【1512895】，GSD为【"河北-保定"】

2024-06-27 05:09:56 开始第 3005 次操作

2024-06-27 05:09:56 开始操作号码 【1512896】
2024-06-27 05:10:24 GSD getOne 第 1 次 等待 3 秒
2024-06-27 05:10:27 查询号码 【1512896】，返回信息 {"status":"ok","msg":"河北-保定","gid":"166974","time_insert":"2021-07-01 13:51"}
2024-06-27 05:10:27 查询号码 【1512896】，GSD为【"河北-保定"】

2024-06-27 05:10:28 开始第 3006 次操作

2024-06-27 05:10:28 开始操作号码 【1512897】
2024-06-27 05:10:55 GSD getOne 第 1 次 等待 3 秒
2024-06-27 05:10:58 查询号码 【1512897】，返回信息 {"status":"ok","msg":"河北-保定","gid":"167043","time_insert":"2021-07-01 14:11"}
2024-06-27 05:10:58 查询号码 【1512897】，GSD为【"河北-保定"】

2024-06-27 05:10:59 开始第 3007 次操作

2024-06-27 05:10:59 开始操作号码 【1512898】
2024-06-27 05:11:13 GSD getOne 第 1 次 等待 3 秒
2024-06-27 05:11:16 查询号码 【1512898】，返回信息 {"status":"ok","msg":"河北-保定","gid":"167063","time_insert":"2021-07-01 14:27"}
2024-06-27 05:11:16 查询号码 【1512898】，GSD为【"河北-保定"】

2024-06-27 05:11:17 开始第 3008 次操作

2024-06-27 05:11:17 开始操作号码 【1512899】
2024-06-27 05:11:38 GSD getOne 第 1 次 等待 3 秒
2024-06-27 05:11:41 查询号码 【1512899】，返回信息 {"status":"ok","msg":"河北-保定","gid":"167091","time_insert":"2021-07-01 14:47"}
2024-06-27 05:11:41 查询号码 【1512899】，GSD为【"河北-保定"】

2024-06-27 05:33:05 开始第 3009 次操作

2024-06-27 05:33:05 开始操作号码 【1512900】
2024-06-27 05:33:21 GSD getOne 第 1 次 等待 3 秒
2024-06-27 05:33:24 查询号码 【1512900】，返回信息 {"status":"ok","msg":"陕西-西安","gid":"17258","time_insert":"2017-03-18 08:00","time_update":"2020-12-09 20:01"}
2024-06-27 05:33:24 查询号码 【1512900】，GSD为【"陕西-西安"】

2024-06-27 05:33:25 开始第 3010 次操作

2024-06-27 05:33:25 开始操作号码 【1512901】
2024-06-27 05:33:41 GSD getOne 第 1 次 等待 3 秒
2024-06-27 05:33:44 查询号码 【1512901】，返回信息 {"status":"ok","msg":"陕西-西安","gid":"167209","time_insert":"2021-07-01 15:06"}
2024-06-27 05:33:44 查询号码 【1512901】，GSD为【"陕西-西安"】

2024-06-27 05:33:45 开始第 3011 次操作

2024-06-27 05:33:45 开始操作号码 【1512902】
2024-06-27 05:33:59 GSD getOne 第 1 次 等待 3 秒
2024-06-27 05:34:02 查询号码 【1512902】，返回信息 {"status":"ok","msg":"陕西-西安","gid":"167389","time_insert":"2021-07-01 15:30"}
2024-06-27 05:34:02 查询号码 【1512902】，GSD为【"陕西-西安"】

2024-06-27 05:34:03 开始第 3012 次操作

2024-06-27 05:34:03 开始操作号码 【1512903】
2024-06-27 05:34:20 GSD getOne 第 1 次 等待 3 秒
2024-06-27 05:34:23 查询号码 【1512903】，返回信息 {"status":"ok","msg":"陕西-西安","gid":"167616","time_insert":"2021-07-01 15:53"}
2024-06-27 05:34:23 查询号码 【1512903】，GSD为【"陕西-西安"】

