2024-09-10 00:27:20 开始第 3545 次操作

2024-09-10 00:27:20 开始操作号码 【1403544】
2024-09-10 00:27:28 GSD getOne 第 1 次 等待 3 秒
2024-09-10 00:27:31 查询号码 【1403544】，返回信息 {"status":"ok","msg":"-","gid":"587240","time_insert":"2023-03-13 04:12"}
2024-09-10 00:27:31 查询号码 【1403544】，GSD为【"-"】
2024-09-10 00:27:31 ok && -
2024-09-10 00:27:33 CHB 1403544?1725899251 第 1 次 等待 3 秒
2024-09-10 00:27:36 CHB 1403544?1725899251 第 1 次 获取到号码【1403544】GSD
2024-09-10 00:27:36 未获取到号码【1403544】GSD，可能号码格式错误
2024-09-10 00:27:36 获取到号码【1403544】的GSD为【-】
2024-09-10 00:27:44 GSD insert 第 1 次 等待 3 秒
2024-09-10 00:27:47 {"status":"bad","gid":"587240","msg":"添加失败！号码【1403544(-|-)】已存在！"}
2024-09-10 00:27:47 随机等待 93 秒，约 1 分钟
2024-09-10 00:27:47 下次操作: 2024-09-10 00:29:20

2024-09-10 00:29:20 开始第 3546 次操作

2024-09-10 00:29:20 开始操作号码 【1403545】
2024-09-10 00:29:29 GSD getOne 第 1 次 等待 3 秒
2024-09-10 00:29:32 查询号码 【1403545】，返回信息 {"status":"ok","msg":"-","gid":"587280","time_insert":"2023-03-13 04:34"}
2024-09-10 00:29:32 查询号码 【1403545】，GSD为【"-"】
2024-09-10 00:29:32 ok && -
2024-09-10 00:29:37 CHB 1403545?1725899372 第 1 次 等待 3 秒
2024-09-10 00:29:40 CHB 1403545?1725899372 第 1 次 获取到号码【1403545】GSD
2024-09-10 00:29:40 未获取到号码【1403545】GSD，可能号码格式错误
2024-09-10 00:29:40 获取到号码【1403545】的GSD为【-】
2024-09-10 00:29:49 GSD insert 第 1 次 等待 3 秒
2024-09-10 00:29:52 {"status":"bad","gid":"587280","msg":"添加失败！号码【1403545(-|-)】已存在！"}
2024-09-10 00:29:52 随机等待 73 秒，约 1 分钟
2024-09-10 00:29:52 下次操作: 2024-09-10 00:31:05

2024-09-10 00:31:05 开始第 3547 次操作

2024-09-10 00:31:05 开始操作号码 【1403546】
2024-09-10 00:31:13 GSD getOne 第 1 次 等待 3 秒
2024-09-10 00:31:16 查询号码 【1403546】，返回信息 {"status":"ok","msg":"-","gid":"587301","time_insert":"2023-03-13 04:47"}
2024-09-10 00:31:16 查询号码 【1403546】，GSD为【"-"】
2024-09-10 00:31:16 ok && -
2024-09-10 00:31:18 CHB 1403546?1725899476 第 1 次 等待 3 秒
2024-09-10 00:31:21 CHB 1403546?1725899476 第 1 次 获取到号码【1403546】GSD
2024-09-10 00:31:21 未获取到号码【1403546】GSD，可能号码格式错误
2024-09-10 00:31:21 获取到号码【1403546】的GSD为【-】
2024-09-10 00:31:29 GSD insert 第 1 次 等待 3 秒
2024-09-10 00:31:32 {"status":"bad","gid":"587301","msg":"添加失败！号码【1403546(-|-)】已存在！"}
2024-09-10 00:31:32 随机等待 156 秒，约 2 分钟
2024-09-10 00:31:32 下次操作: 2024-09-10 00:34:08

2024-09-10 00:34:08 开始第 3548 次操作

2024-09-10 00:34:08 开始操作号码 【1403547】
2024-09-10 00:34:16 GSD getOne 第 1 次 等待 3 秒
2024-09-10 00:34:19 查询号码 【1403547】，返回信息 {"status":"ok","msg":"-","gid":"587320","time_insert":"2023-03-13 04:59"}
2024-09-10 00:34:19 查询号码 【1403547】，GSD为【"-"】
2024-09-10 00:34:19 ok && -
2024-09-10 00:34:20 CHB 1403547?1725899659 第 1 次 等待 3 秒
2024-09-10 00:34:23 CHB 1403547?1725899659 第 1 次 获取到号码【1403547】GSD
2024-09-10 00:34:23 未获取到号码【1403547】GSD，可能号码格式错误
2024-09-10 00:34:23 获取到号码【1403547】的GSD为【-】
2024-09-10 00:34:31 GSD insert 第 1 次 等待 3 秒
2024-09-10 00:34:34 {"status":"bad","gid":"587320","msg":"添加失败！号码【1403547(-|-)】已存在！"}

