2023-10-23 00:09:34 开始第 4673 次操作

2023-10-23 00:09:34 开始操作号码 【1944582】
2023-10-23 00:09:40 GSD getOne 第 1 次 等待 3 秒
2023-10-23 00:09:43 查询号码 【1944582】，返回信息 {"status":"ok","msg":"-","gid":"626542","time_insert":"2023-03-31 21:09"}
2023-10-23 00:09:43 查询号码 【1944582】，GSD为【"-"】
2023-10-23 00:09:43 ok && -
2023-10-23 00:09:50 CHB 1944582?1697990983 第 1 次 等待 3 秒
2023-10-23 00:09:53 CHB 1944582?1697990983 第 1 次 获取到号码【1944582】GSD
2023-10-23 00:09:53 未获取到号码【1944582】GSD，可能号码格式错误
2023-10-23 00:09:53 获取到号码【1944582】的GSD为【-】
2023-10-23 00:09:57 GSD insert 第 1 次 等待 3 秒
2023-10-23 00:10:00 {"status":"bad","gid":"626542","msg":"添加失败！号码【1944582(-|-)】已存在！"}
2023-10-23 00:10:00 随机等待 209 秒，约 3 分钟
2023-10-23 00:10:00 下次操作: 2023-10-23 00:13:29

2023-10-23 00:13:29 开始第 4674 次操作

2023-10-23 00:13:29 开始操作号码 【1944583】
2023-10-23 00:13:32 GSD getOne 第 1 次 等待 3 秒
2023-10-23 00:13:35 查询号码 【1944583】，返回信息 {"status":"ok","msg":"-","gid":"626538","time_insert":"2023-03-31 21:07"}
2023-10-23 00:13:35 查询号码 【1944583】，GSD为【"-"】
2023-10-23 00:13:35 ok && -
2023-10-23 00:13:37 CHB 1944583?1697991215 第 1 次 等待 3 秒
2023-10-23 00:13:40 CHB 1944583?1697991215 第 1 次 获取到号码【1944583】GSD
2023-10-23 00:13:40 未获取到号码【1944583】GSD，可能号码格式错误
2023-10-23 00:13:40 获取到号码【1944583】的GSD为【-】
2023-10-23 00:13:43 GSD insert 第 1 次 等待 3 秒
2023-10-23 00:13:46 {"status":"bad","gid":"626538","msg":"添加失败！号码【1944583(-|-)】已存在！"}
2023-10-23 00:13:46 随机等待 115 秒，约 1 分钟
2023-10-23 00:13:46 下次操作: 2023-10-23 00:15:41

2023-10-23 00:15:41 开始第 4675 次操作

2023-10-23 00:15:41 开始操作号码 【1944584】
2023-10-23 00:15:52 GSD getOne 第 1 次 等待 3 秒
2023-10-23 00:15:55 查询号码 【1944584】，返回信息 {"status":"ok","msg":"-","gid":"626535","time_insert":"2023-03-31 21:05"}
2023-10-23 00:15:55 查询号码 【1944584】，GSD为【"-"】
2023-10-23 00:15:55 ok && -
2023-10-23 00:16:01 CHB 1944584?1697991355 第 1 次 等待 3 秒
2023-10-23 00:16:04 CHB 1944584?1697991355 第 1 次 获取到号码【1944584】GSD
2023-10-23 00:16:04 未获取到号码【1944584】GSD，可能号码格式错误
2023-10-23 00:16:04 获取到号码【1944584】的GSD为【-】
2023-10-23 00:16:08 GSD insert 第 1 次 等待 3 秒
2023-10-23 00:16:11 {"status":"bad","gid":"626535","msg":"添加失败！号码【1944584(-|-)】已存在！"}
2023-10-23 00:16:11 随机等待 137 秒，约 2 分钟
2023-10-23 00:16:11 下次操作: 2023-10-23 00:18:28

2023-10-23 00:18:28 开始第 4676 次操作

2023-10-23 00:18:28 开始操作号码 【1944585】
2023-10-23 00:18:36 GSD getOne 第 1 次 等待 3 秒
2023-10-23 00:18:39 查询号码 【1944585】，返回信息 {"status":"ok","msg":"-","gid":"626533","time_insert":"2023-03-31 21:03"}
2023-10-23 00:18:39 查询号码 【1944585】，GSD为【"-"】
2023-10-23 00:18:39 ok && -
2023-10-23 00:18:45 CHB 1944585?1697991519 第 1 次 等待 3 秒
2023-10-23 00:18:48 CHB 1944585?1697991519 第 1 次 获取到号码【1944585】GSD
2023-10-23 00:18:48 未获取到号码【1944585】GSD，可能号码格式错误
2023-10-23 00:18:48 获取到号码【1944585】的GSD为【-】
2023-10-23 00:18:51 GSD insert 第 1 次 等待 3 秒
2023-10-23 00:18:54 {"status":"bad","gid":"626533","msg":"添加失败！号码【1944585(-|-)】已存在！"}

2023-10-23 00:34:31 开始第 4677 次操作

2023-10-23 00:34:31 开始操作号码 【1944586】
2023-10-23 00:34:40 GSD getOne 第 1 次 等待 3 秒
2023-10-23 00:34:43 查询号码 【1944586】，返回信息 {"status":"ok","msg":"-","gid":"626521","time_insert":"2023-03-31 20:54"}
2023-10-23 00:34:43 查询号码 【1944586】，GSD为【"-"】
2023-10-23 00:34:43 ok && -
2023-10-23 00:34:49 CHB 1944586?1697992483 第 1 次 等待 3 秒
2023-10-23 00:34:52 CHB 1944586?1697992483 第 1 次 获取到号码【1944586】GSD
2023-10-23 00:34:53 未获取到号码【1944586】GSD，可能号码格式错误
2023-10-23 00:34:53 获取到号码【1944586】的GSD为【-】
2023-10-23 00:34:56 GSD insert 第 1 次 等待 3 秒
2023-10-23 00:34:59 {"status":"bad","gid":"626521","msg":"添加失败！号码【1944586(-|-)】已存在！"}
2023-10-23 00:34:59 随机等待 91 秒，约 1 分钟
2023-10-23 00:34:59 下次操作: 2023-10-23 00:36:30

2023-10-23 00:36:30 开始第 4678 次操作

2023-10-23 00:36:30 开始操作号码 【1944587】
2023-10-23 00:36:34 GSD getOne 第 1 次 等待 3 秒
2023-10-23 00:36:37 查询号码 【1944587】，返回信息 {"status":"ok","msg":"-","gid":"626518","time_insert":"2023-03-31 20:52"}
2023-10-23 00:36:37 查询号码 【1944587】，GSD为【"-"】
2023-10-23 00:36:37 ok && -
2023-10-23 00:36:39 CHB 1944587?1697992597 第 1 次 等待 3 秒
2023-10-23 00:36:42 CHB 1944587?1697992597 第 1 次 获取到号码【1944587】GSD
2023-10-23 00:36:42 未获取到号码【1944587】GSD，可能号码格式错误
2023-10-23 00:36:42 获取到号码【1944587】的GSD为【-】
2023-10-23 00:36:44 GSD insert 第 1 次 等待 3 秒
2023-10-23 00:36:47 {"status":"bad","gid":"626518","msg":"添加失败！号码【1944587(-|-)】已存在！"}
2023-10-23 00:36:47 随机等待 182 秒，约 3 分钟
2023-10-23 00:36:47 下次操作: 2023-10-23 00:39:49

2023-10-23 00:39:49 开始第 4679 次操作

2023-10-23 00:39:49 开始操作号码 【1944588】
2023-10-23 00:39:52 GSD getOne 第 1 次 等待 3 秒
2023-10-23 00:39:55 查询号码 【1944588】，返回信息 {"status":"ok","msg":"-","gid":"626513","time_insert":"2023-03-31 20:49"}
2023-10-23 00:39:55 查询号码 【1944588】，GSD为【"-"】
2023-10-23 00:39:55 ok && -
2023-10-23 00:39:57 CHB 1944588?1697992795 第 1 次 等待 3 秒
2023-10-23 00:40:00 CHB 1944588?1697992795 第 1 次 获取到号码【1944588】GSD
2023-10-23 00:40:00 未获取到号码【1944588】GSD，可能号码格式错误
2023-10-23 00:40:00 获取到号码【1944588】的GSD为【-】
2023-10-23 00:40:09 GSD insert 第 1 次 等待 3 秒
2023-10-23 00:40:12 {"status":"bad","gid":"626513","msg":"添加失败！号码【1944588(-|-)】已存在！"}
2023-10-23 00:40:12 随机等待 214 秒，约 3 分钟
2023-10-23 00:40:12 下次操作: 2023-10-23 00:43:46

2023-10-23 00:43:46 开始第 4680 次操作

2023-10-23 00:43:46 开始操作号码 【1944589】
2023-10-23 00:43:48 GSD getOne 第 1 次 等待 3 秒
2023-10-23 00:43:51 查询号码 【1944589】，返回信息 {"status":"ok","msg":"-","gid":"626512","time_insert":"2023-03-31 20:46"}
2023-10-23 00:43:51 查询号码 【1944589】，GSD为【"-"】
2023-10-23 00:43:51 ok && -
2023-10-23 00:43:57 CHB 1944589?1697993031 第 1 次 等待 3 秒
2023-10-23 00:44:00 CHB 1944589?1697993031 第 1 次 获取到号码【1944589】GSD
2023-10-23 00:44:00 未获取到号码【1944589】GSD，可能号码格式错误
2023-10-23 00:44:00 获取到号码【1944589】的GSD为【-】
2023-10-23 00:44:02 GSD insert 第 1 次 等待 3 秒
2023-10-23 00:44:05 {"status":"bad","gid":"626512","msg":"添加失败！号码【1944589(-|-)】已存在！"}

2023-10-23 01:07:02 开始第 4681 次操作

2023-10-23 01:07:02 开始操作号码 【1944590】
2023-10-23 01:07:12 GSD getOne 第 1 次 等待 3 秒
2023-10-23 01:07:15 查询号码 【1944590】，返回信息 {"status":"ok","msg":"-","gid":"626489","time_insert":"2023-03-31 20:24"}
2023-10-23 01:07:15 查询号码 【1944590】，GSD为【"-"】
2023-10-23 01:07:15 ok && -
2023-10-23 01:07:21 CHB 1944590?1697994435 第 1 次 等待 3 秒
2023-10-23 01:07:24 CHB 1944590?1697994435 第 1 次 获取到号码【1944590】GSD
2023-10-23 01:07:24 未获取到号码【1944590】GSD，可能号码格式错误
2023-10-23 01:07:24 获取到号码【1944590】的GSD为【-】
2023-10-23 01:07:29 GSD insert 第 1 次 等待 3 秒
2023-10-23 01:07:32 {"status":"bad","gid":"626489","msg":"添加失败！号码【1944590(-|-)】已存在！"}
2023-10-23 01:07:32 随机等待 185 秒，约 3 分钟
2023-10-23 01:07:32 下次操作: 2023-10-23 01:10:37

2023-10-23 01:10:37 开始第 4682 次操作

2023-10-23 01:10:37 开始操作号码 【1944591】
2023-10-23 01:10:44 GSD getOne 第 1 次 等待 3 秒
2023-10-23 01:10:48 查询号码 【1944591】，返回信息 {"status":"ok","msg":"-","gid":"626485","time_insert":"2023-03-31 20:21"}
2023-10-23 01:10:48 查询号码 【1944591】，GSD为【"-"】
2023-10-23 01:10:48 ok && -
2023-10-23 01:10:50 CHB 1944591?1697994648 第 1 次 等待 3 秒
2023-10-23 01:10:53 CHB 1944591?1697994648 第 1 次 获取到号码【1944591】GSD
2023-10-23 01:10:53 未获取到号码【1944591】GSD，可能号码格式错误
2023-10-23 01:10:53 获取到号码【1944591】的GSD为【-】
2023-10-23 01:11:10 GSD insert 第 1 次 等待 3 秒
2023-10-23 01:11:13 {"status":"bad","gid":"626485","msg":"添加失败！号码【1944591(-|-)】已存在！"}
2023-10-23 01:11:13 随机等待 72 秒，约 1 分钟
2023-10-23 01:11:13 下次操作: 2023-10-23 01:12:25

2023-10-23 01:12:25 开始第 4683 次操作

2023-10-23 01:12:25 开始操作号码 【1944592】
2023-10-23 01:12:37 GSD getOne 第 1 次 等待 3 秒
2023-10-23 01:12:40 查询号码 【1944592】，返回信息 {"status":"ok","msg":"-","gid":"626484","time_insert":"2023-03-31 20:19"}
2023-10-23 01:12:40 查询号码 【1944592】，GSD为【"-"】
2023-10-23 01:12:40 ok && -
2023-10-23 01:12:47 CHB 1944592?1697994760 第 1 次 等待 3 秒
2023-10-23 01:12:50 CHB 1944592?1697994760 第 1 次 获取到号码【1944592】GSD
2023-10-23 01:12:50 未获取到号码【1944592】GSD，可能号码格式错误
2023-10-23 01:12:50 获取到号码【1944592】的GSD为【-】
2023-10-23 01:12:53 GSD insert 第 1 次 等待 3 秒
2023-10-23 01:12:56 {"status":"bad","gid":"626484","msg":"添加失败！号码【1944592(-|-)】已存在！"}
2023-10-23 01:12:56 随机等待 135 秒，约 2 分钟
2023-10-23 01:12:56 下次操作: 2023-10-23 01:15:11

2023-10-23 01:15:11 开始第 4684 次操作

2023-10-23 01:15:11 开始操作号码 【1944593】
2023-10-23 01:15:16 GSD getOne 第 1 次 等待 3 秒
2023-10-23 01:15:19 查询号码 【1944593】，返回信息 {"status":"ok","msg":"-","gid":"626481","time_insert":"2023-03-31 20:16"}
2023-10-23 01:15:19 查询号码 【1944593】，GSD为【"-"】
2023-10-23 01:15:19 ok && -
2023-10-23 01:15:21 CHB 1944593?1697994919 第 1 次 等待 3 秒
2023-10-23 01:15:24 CHB 1944593?1697994919 第 1 次 获取到号码【1944593】GSD
2023-10-23 01:15:24 未获取到号码【1944593】GSD，可能号码格式错误
2023-10-23 01:15:24 获取到号码【1944593】的GSD为【-】
2023-10-23 01:15:49 GSD insert 第 1 次 等待 3 秒
2023-10-23 01:15:52 {"status":"bad","gid":"626481","msg":"添加失败！号码【1944593(-|-)】已存在！"}

