2024-09-21 00:27:56 开始第 5357 次操作

2024-09-21 00:27:56 开始操作号码 【1405355】
2024-09-21 00:28:18 GSD getOne 第 1 次 等待 3 秒
2024-09-21 00:28:21 查询号码 【1405355】，返回信息 {"status":"ok","msg":"-","gid":"629237","time_insert":"2023-04-02 05:28"}
2024-09-21 00:28:21 查询号码 【1405355】，GSD为【"-"】
2024-09-21 00:28:21 ok && -
2024-09-21 00:28:24 CHB 1405355?1726849701 第 1 次 等待 3 秒
2024-09-21 00:28:27 CHB 1405355?1726849701 第 1 次 获取到号码【1405355】GSD
2024-09-21 00:28:27 未获取到号码【1405355】GSD，可能号码格式错误
2024-09-21 00:28:27 获取到号码【1405355】的GSD为【-】
2024-09-21 00:28:32 GSD insert 第 1 次 等待 3 秒
2024-09-21 00:28:35 {"status":"bad","gid":"629237","msg":"添加失败！号码【1405355(-|-)】已存在！"}
2024-09-21 00:28:35 随机等待 159 秒，约 2 分钟
2024-09-21 00:28:35 下次操作: 2024-09-21 00:31:14

2024-09-21 00:31:14 开始第 5358 次操作

2024-09-21 00:31:14 开始操作号码 【1405356】
2024-09-21 00:31:16 GSD getOne 第 1 次 等待 3 秒
2024-09-21 00:31:19 查询号码 【1405356】，返回信息 {"status":"ok","msg":"-","gid":"629268","time_insert":"2023-04-02 05:47"}
2024-09-21 00:31:19 查询号码 【1405356】，GSD为【"-"】
2024-09-21 00:31:19 ok && -
2024-09-21 00:31:21 CHB 1405356?1726849879 第 1 次 等待 3 秒
2024-09-21 00:31:24 CHB 1405356?1726849879 第 1 次 获取到号码【1405356】GSD
2024-09-21 00:31:24 未获取到号码【1405356】GSD，可能号码格式错误
2024-09-21 00:31:24 获取到号码【1405356】的GSD为【-】
2024-09-21 00:31:25 GSD insert 第 1 次 等待 3 秒
2024-09-21 00:31:28 {"status":"bad","gid":"629268","msg":"添加失败！号码【1405356(-|-)】已存在！"}
2024-09-21 00:31:28 随机等待 79 秒，约 1 分钟
2024-09-21 00:31:28 下次操作: 2024-09-21 00:32:47

2024-09-21 00:32:47 开始第 5359 次操作

2024-09-21 00:32:47 开始操作号码 【1405357】
2024-09-21 00:32:50 GSD getOne 第 1 次 等待 3 秒
2024-09-21 00:32:53 查询号码 【1405357】，返回信息 {"status":"ok","msg":"-","gid":"629291","time_insert":"2023-04-02 06:03"}
2024-09-21 00:32:53 查询号码 【1405357】，GSD为【"-"】
2024-09-21 00:32:53 ok && -
2024-09-21 00:32:55 CHB 1405357?1726849973 第 1 次 等待 3 秒
2024-09-21 00:32:58 CHB 1405357?1726849973 第 1 次 获取到号码【1405357】GSD
2024-09-21 00:32:58 未获取到号码【1405357】GSD，可能号码格式错误
2024-09-21 00:32:58 获取到号码【1405357】的GSD为【-】
2024-09-21 00:33:01 GSD insert 第 1 次 等待 3 秒
2024-09-21 00:33:04 {"status":"bad","gid":"629291","msg":"添加失败！号码【1405357(-|-)】已存在！"}
2024-09-21 00:33:04 随机等待 142 秒，约 2 分钟
2024-09-21 00:33:04 下次操作: 2024-09-21 00:35:26

2024-09-21 00:35:26 开始第 5360 次操作

2024-09-21 00:35:26 开始操作号码 【1405358】
2024-09-21 00:35:29 GSD getOne 第 1 次 等待 3 秒
2024-09-21 00:35:32 查询号码 【1405358】，返回信息 {"status":"ok","msg":"-","gid":"629319","time_insert":"2023-04-02 06:24"}
2024-09-21 00:35:32 查询号码 【1405358】，GSD为【"-"】
2024-09-21 00:35:32 ok && -
2024-09-21 00:35:35 CHB 1405358?1726850132 第 1 次 等待 3 秒
2024-09-21 00:35:38 CHB 1405358?1726850132 第 1 次 获取到号码【1405358】GSD
2024-09-21 00:35:38 未获取到号码【1405358】GSD，可能号码格式错误
2024-09-21 00:35:38 获取到号码【1405358】的GSD为【-】
2024-09-21 00:35:42 GSD insert 第 1 次 等待 3 秒
2024-09-21 00:35:45 {"status":"bad","gid":"629319","msg":"添加失败！号码【1405358(-|-)】已存在！"}

2024-09-21 00:46:13 开始第 5361 次操作

2024-09-21 00:46:13 开始操作号码 【1405359】
2024-09-21 00:46:15 GSD getOne 第 1 次 等待 3 秒
2024-09-21 00:46:18 查询号码 【1405359】，返回信息 {"status":"ok","msg":"-","gid":"629335","time_insert":"2023-04-02 06:34"}
2024-09-21 00:46:18 查询号码 【1405359】，GSD为【"-"】
2024-09-21 00:46:18 ok && -
2024-09-21 00:46:20 CHB 1405359?1726850778 第 1 次 等待 3 秒
2024-09-21 00:46:23 CHB 1405359?1726850778 第 1 次 获取到号码【1405359】GSD
2024-09-21 00:46:23 未获取到号码【1405359】GSD，可能号码格式错误
2024-09-21 00:46:23 获取到号码【1405359】的GSD为【-】
2024-09-21 00:46:26 GSD insert 第 1 次 等待 3 秒
2024-09-21 00:46:29 {"status":"bad","gid":"629335","msg":"添加失败！号码【1405359(-|-)】已存在！"}
2024-09-21 00:46:29 随机等待 90 秒，约 1 分钟
2024-09-21 00:46:29 下次操作: 2024-09-21 00:47:59

2024-09-21 00:47:59 开始第 5362 次操作

2024-09-21 00:47:59 开始操作号码 【1405360】
2024-09-21 00:48:01 GSD getOne 第 1 次 等待 3 秒
2024-09-21 00:48:04 查询号码 【1405360】，返回信息 {"status":"ok","msg":"-","gid":"629351","time_insert":"2023-04-02 06:43"}
2024-09-21 00:48:04 查询号码 【1405360】，GSD为【"-"】
2024-09-21 00:48:04 ok && -
2024-09-21 00:48:05 CHB 1405360?1726850884 第 1 次 等待 3 秒
2024-09-21 00:48:08 CHB 1405360?1726850884 第 1 次 获取到号码【1405360】GSD
2024-09-21 00:48:08 未获取到号码【1405360】GSD，可能号码格式错误
2024-09-21 00:48:08 获取到号码【1405360】的GSD为【-】
2024-09-21 00:48:10 GSD insert 第 1 次 等待 3 秒
2024-09-21 00:48:13 {"status":"bad","gid":"629351","msg":"添加失败！号码【1405360(-|-)】已存在！"}
2024-09-21 00:48:13 随机等待 139 秒，约 2 分钟
2024-09-21 00:48:13 下次操作: 2024-09-21 00:50:32

2024-09-21 00:50:32 开始第 5363 次操作

2024-09-21 00:50:32 开始操作号码 【1405361】
2024-09-21 00:50:34 GSD getOne 第 1 次 等待 3 秒
2024-09-21 00:50:37 查询号码 【1405361】，返回信息 {"status":"ok","msg":"-","gid":"629370","time_insert":"2023-04-02 06:56"}
2024-09-21 00:50:38 查询号码 【1405361】，GSD为【"-"】
2024-09-21 00:50:38 ok && -
2024-09-21 00:50:39 CHB 1405361?1726851038 第 1 次 等待 3 秒
2024-09-21 00:50:42 CHB 1405361?1726851038 第 1 次 获取到号码【1405361】GSD
2024-09-21 00:50:42 未获取到号码【1405361】GSD，可能号码格式错误
2024-09-21 00:50:42 获取到号码【1405361】的GSD为【-】
2024-09-21 00:50:47 GSD insert 第 1 次 等待 3 秒
2024-09-21 00:50:50 {"status":"bad","gid":"629370","msg":"添加失败！号码【1405361(-|-)】已存在！"}
2024-09-21 00:50:50 随机等待 91 秒，约 1 分钟
2024-09-21 00:50:50 下次操作: 2024-09-21 00:52:21

2024-09-21 00:52:21 开始第 5364 次操作

2024-09-21 00:52:21 开始操作号码 【1405362】
2024-09-21 00:52:23 GSD getOne 第 1 次 等待 3 秒
2024-09-21 00:52:26 查询号码 【1405362】，返回信息 {"status":"ok","msg":"-","gid":"629383","time_insert":"2023-04-02 07:07"}
2024-09-21 00:52:26 查询号码 【1405362】，GSD为【"-"】
2024-09-21 00:52:26 ok && -
2024-09-21 00:52:27 CHB 1405362?1726851146 第 1 次 等待 3 秒
2024-09-21 00:52:30 CHB 1405362?1726851146 第 1 次 获取到号码【1405362】GSD
2024-09-21 00:52:30 未获取到号码【1405362】GSD，可能号码格式错误
2024-09-21 00:52:30 获取到号码【1405362】的GSD为【-】
2024-09-21 00:52:50 GSD insert 第 1 次 等待 3 秒
2024-09-21 00:52:53 {"status":"bad","gid":"629383","msg":"添加失败！号码【1405362(-|-)】已存在！"}

2024-09-21 01:18:59 开始第 5365 次操作

2024-09-21 01:18:59 开始操作号码 【1405363】
2024-09-21 01:19:01 GSD getOne 第 1 次 等待 3 秒
2024-09-21 01:19:04 查询号码 【1405363】，返回信息 {"status":"ok","msg":"-","gid":"629399","time_insert":"2023-04-02 07:19"}
2024-09-21 01:19:04 查询号码 【1405363】，GSD为【"-"】
2024-09-21 01:19:04 ok && -
2024-09-21 01:19:06 CHB 1405363?1726852744 第 1 次 等待 3 秒
2024-09-21 01:19:09 CHB 1405363?1726852744 第 1 次 获取到号码【1405363】GSD
2024-09-21 01:19:09 未获取到号码【1405363】GSD，可能号码格式错误
2024-09-21 01:19:09 获取到号码【1405363】的GSD为【-】
2024-09-21 01:19:12 GSD insert 第 1 次 等待 3 秒
2024-09-21 01:19:15 {"status":"bad","gid":"629399","msg":"添加失败！号码【1405363(-|-)】已存在！"}
2024-09-21 01:19:15 随机等待 109 秒，约 1 分钟
2024-09-21 01:19:15 下次操作: 2024-09-21 01:21:04

2024-09-21 01:21:04 开始第 5366 次操作

2024-09-21 01:21:04 开始操作号码 【1405364】
2024-09-21 01:21:06 GSD getOne 第 1 次 等待 3 秒
2024-09-21 01:21:09 查询号码 【1405364】，返回信息 {"status":"ok","msg":"-","gid":"629426","time_insert":"2023-04-02 07:36"}
2024-09-21 01:21:09 查询号码 【1405364】，GSD为【"-"】
2024-09-21 01:21:09 ok && -
2024-09-21 01:21:11 CHB 1405364?1726852869 第 1 次 等待 3 秒
2024-09-21 01:21:14 CHB 1405364?1726852869 第 1 次 获取到号码【1405364】GSD
2024-09-21 01:21:14 未获取到号码【1405364】GSD，可能号码格式错误
2024-09-21 01:21:14 获取到号码【1405364】的GSD为【-】
2024-09-21 01:21:15 GSD insert 第 1 次 等待 3 秒
2024-09-21 01:21:18 {"status":"bad","gid":"629426","msg":"添加失败！号码【1405364(-|-)】已存在！"}
2024-09-21 01:21:18 随机等待 116 秒，约 1 分钟
2024-09-21 01:21:18 下次操作: 2024-09-21 01:23:14

2024-09-21 01:23:14 开始第 5367 次操作

2024-09-21 01:23:14 开始操作号码 【1405365】
2024-09-21 01:23:18 GSD getOne 第 1 次 等待 3 秒
2024-09-21 01:23:21 查询号码 【1405365】，返回信息 {"status":"ok","msg":"-","gid":"629450","time_insert":"2023-04-02 07:50"}
2024-09-21 01:23:21 查询号码 【1405365】，GSD为【"-"】
2024-09-21 01:23:21 ok && -
2024-09-21 01:23:23 CHB 1405365?1726853001 第 1 次 等待 3 秒
2024-09-21 01:23:26 CHB 1405365?1726853001 第 1 次 获取到号码【1405365】GSD
2024-09-21 01:23:26 未获取到号码【1405365】GSD，可能号码格式错误
2024-09-21 01:23:26 获取到号码【1405365】的GSD为【-】
2024-09-21 01:23:27 GSD insert 第 1 次 等待 3 秒
2024-09-21 01:23:30 {"status":"bad","gid":"629450","msg":"添加失败！号码【1405365(-|-)】已存在！"}
2024-09-21 01:23:30 随机等待 165 秒，约 2 分钟
2024-09-21 01:23:30 下次操作: 2024-09-21 01:26:15

2024-09-21 01:26:15 开始第 5368 次操作

2024-09-21 01:26:15 开始操作号码 【1405366】
2024-09-21 01:26:17 GSD getOne 第 1 次 等待 3 秒
2024-09-21 01:26:20 查询号码 【1405366】，返回信息 {"status":"ok","msg":"-","gid":"629476","time_insert":"2023-04-02 08:08"}
2024-09-21 01:26:20 查询号码 【1405366】，GSD为【"-"】
2024-09-21 01:26:20 ok && -
2024-09-21 01:26:22 CHB 1405366?1726853180 第 1 次 等待 3 秒
2024-09-21 01:26:25 CHB 1405366?1726853180 第 1 次 获取到号码【1405366】GSD
2024-09-21 01:26:25 未获取到号码【1405366】GSD，可能号码格式错误
2024-09-21 01:26:25 获取到号码【1405366】的GSD为【-】
2024-09-21 01:26:27 GSD insert 第 1 次 等待 3 秒
2024-09-21 01:26:30 {"status":"bad","gid":"629476","msg":"添加失败！号码【1405366(-|-)】已存在！"}

2024-09-21 01:39:33 开始第 5369 次操作

2024-09-21 01:39:33 开始操作号码 【1405367】
2024-09-21 01:39:35 GSD getOne 第 1 次 等待 3 秒
2024-09-21 01:39:38 查询号码 【1405367】，返回信息 {"status":"ok","msg":"-","gid":"629490","time_insert":"2023-04-02 08:24"}
2024-09-21 01:39:38 查询号码 【1405367】，GSD为【"-"】
2024-09-21 01:39:38 ok && -
2024-09-21 01:39:40 CHB 1405367?1726853978 第 1 次 等待 3 秒
2024-09-21 01:39:43 CHB 1405367?1726853978 第 1 次 获取到号码【1405367】GSD
2024-09-21 01:39:43 未获取到号码【1405367】GSD，可能号码格式错误
2024-09-21 01:39:43 获取到号码【1405367】的GSD为【-】
2024-09-21 01:39:45 GSD insert 第 1 次 等待 3 秒
2024-09-21 01:39:48 {"status":"bad","gid":"629490","msg":"添加失败！号码【1405367(-|-)】已存在！"}
2024-09-21 01:39:48 随机等待 164 秒，约 2 分钟
2024-09-21 01:39:48 下次操作: 2024-09-21 01:42:32

2024-09-21 01:42:32 开始第 5370 次操作

2024-09-21 01:42:32 开始操作号码 【1405368】
2024-09-21 01:42:35 GSD getOne 第 1 次 等待 3 秒
2024-09-21 01:42:38 查询号码 【1405368】，返回信息 {"status":"ok","msg":"-","gid":"629502","time_insert":"2023-04-02 08:40"}
2024-09-21 01:42:38 查询号码 【1405368】，GSD为【"-"】
2024-09-21 01:42:38 ok && -
2024-09-21 01:42:40 CHB 1405368?1726854158 第 1 次 等待 3 秒
2024-09-21 01:42:43 CHB 1405368?1726854158 第 1 次 获取到号码【1405368】GSD
2024-09-21 01:42:43 未获取到号码【1405368】GSD，可能号码格式错误
2024-09-21 01:42:43 获取到号码【1405368】的GSD为【-】
2024-09-21 01:42:44 GSD insert 第 1 次 等待 3 秒
2024-09-21 01:42:47 {"status":"bad","gid":"629502","msg":"添加失败！号码【1405368(-|-)】已存在！"}
2024-09-21 01:42:47 随机等待 86 秒，约 1 分钟
2024-09-21 01:42:48 下次操作: 2024-09-21 01:44:13

2024-09-21 01:44:14 开始第 5371 次操作

2024-09-21 01:44:14 开始操作号码 【1405369】
2024-09-21 01:44:16 GSD getOne 第 1 次 等待 3 秒
2024-09-21 01:44:19 查询号码 【1405369】，返回信息 {"status":"ok","msg":"-","gid":"629517","time_insert":"2023-04-02 08:55"}
2024-09-21 01:44:19 查询号码 【1405369】，GSD为【"-"】
2024-09-21 01:44:19 ok && -
2024-09-21 01:44:20 CHB 1405369?1726854259 第 1 次 等待 3 秒
2024-09-21 01:44:23 CHB 1405369?1726854259 第 1 次 获取到号码【1405369】GSD
2024-09-21 01:44:23 未获取到号码【1405369】GSD，可能号码格式错误
2024-09-21 01:44:23 获取到号码【1405369】的GSD为【-】
2024-09-21 01:44:26 GSD insert 第 1 次 等待 3 秒
2024-09-21 01:44:29 {"status":"bad","gid":"629517","msg":"添加失败！号码【1405369(-|-)】已存在！"}
2024-09-21 01:44:29 随机等待 226 秒，约 3 分钟
2024-09-21 01:44:29 下次操作: 2024-09-21 01:48:15

2024-09-21 01:48:15 开始第 5372 次操作

2024-09-21 01:48:15 开始操作号码 【1405370】
2024-09-21 01:48:21 GSD getOne 第 1 次 等待 3 秒
2024-09-21 01:48:24 查询号码 【1405370】，返回信息 {"status":"ok","msg":"-","gid":"629530","time_insert":"2023-04-02 09:06"}
2024-09-21 01:48:24 查询号码 【1405370】，GSD为【"-"】
2024-09-21 01:48:24 ok && -
2024-09-21 01:48:26 CHB 1405370?1726854504 第 1 次 等待 3 秒
2024-09-21 01:48:29 CHB 1405370?1726854504 第 1 次 获取到号码【1405370】GSD
2024-09-21 01:48:29 未获取到号码【1405370】GSD，可能号码格式错误
2024-09-21 01:48:29 获取到号码【1405370】的GSD为【-】
2024-09-21 01:48:31 GSD insert 第 1 次 等待 3 秒
2024-09-21 01:48:34 {"status":"bad","gid":"629530","msg":"添加失败！号码【1405370(-|-)】已存在！"}

