2024-04-20 00:10:48 开始第 4609 次操作

2024-04-20 00:10:48 开始操作号码 【1624509】
2024-04-20 00:10:53 GSD getOne 第 1 次 等待 3 秒
2024-04-20 00:10:56 查询号码 【1624509】，返回信息 {"status":"ok","msg":"-","gid":"157342","time_insert":"2021-06-30 01:47"}
2024-04-20 00:10:56 查询号码 【1624509】，GSD为【"-"】
2024-04-20 00:10:56 ok && -
2024-04-20 00:10:59 CHB 1624509?1713543056 第 1 次 等待 3 秒
2024-04-20 00:11:02 CHB 1624509?1713543056 第 1 次 获取到号码【1624509】GSD
2024-04-20 00:11:02 未获取到号码【1624509】GSD，可能号码格式错误
2024-04-20 00:11:02 获取到号码【1624509】的GSD为【-】
2024-04-20 00:11:07 GSD insert 第 1 次 等待 3 秒
2024-04-20 00:11:10 {"status":"bad","gid":"157342","msg":"添加失败！号码【1624509(-|-)】已存在！"}
2024-04-20 00:11:10 随机等待 209 秒，约 3 分钟
2024-04-20 00:11:10 下次操作: 2024-04-20 00:14:39

2024-04-20 00:14:39 开始第 4610 次操作

2024-04-20 00:14:39 开始操作号码 【1624510】
2024-04-20 00:14:44 GSD getOne 第 1 次 等待 3 秒
2024-04-20 00:14:47 查询号码 【1624510】，返回信息 {"status":"ok","msg":"-","gid":"157386","time_insert":"2021-06-30 01:51"}
2024-04-20 00:14:47 查询号码 【1624510】，GSD为【"-"】
2024-04-20 00:14:47 ok && -
2024-04-20 00:14:50 CHB 1624510?1713543287 第 1 次 等待 3 秒
2024-04-20 00:14:53 CHB 1624510?1713543287 第 1 次 获取到号码【1624510】GSD
2024-04-20 00:14:53 未获取到号码【1624510】GSD，可能号码格式错误
2024-04-20 00:14:53 获取到号码【1624510】的GSD为【-】
2024-04-20 00:14:59 GSD insert 第 1 次 等待 3 秒
2024-04-20 00:15:02 {"status":"bad","gid":"157386","msg":"添加失败！号码【1624510(-|-)】已存在！"}
2024-04-20 00:15:02 随机等待 221 秒，约 3 分钟
2024-04-20 00:15:02 下次操作: 2024-04-20 00:18:43

2024-04-20 00:18:43 开始第 4611 次操作

2024-04-20 00:18:43 开始操作号码 【1624511】
2024-04-20 00:18:50 GSD getOne 第 1 次 等待 3 秒
2024-04-20 00:18:53 查询号码 【1624511】，返回信息 {"status":"ok","msg":"-","gid":"157431","time_insert":"2021-06-30 01:57"}
2024-04-20 00:18:53 查询号码 【1624511】，GSD为【"-"】
2024-04-20 00:18:53 ok && -
2024-04-20 00:18:55 CHB 1624511?1713543533 第 1 次 等待 3 秒
2024-04-20 00:18:58 CHB 1624511?1713543533 第 1 次 获取到号码【1624511】GSD
2024-04-20 00:18:58 未获取到号码【1624511】GSD，可能号码格式错误
2024-04-20 00:18:58 获取到号码【1624511】的GSD为【-】
2024-04-20 00:19:03 GSD insert 第 1 次 等待 3 秒
2024-04-20 00:19:06 {"status":"bad","gid":"157431","msg":"添加失败！号码【1624511(-|-)】已存在！"}
2024-04-20 00:19:06 随机等待 92 秒，约 1 分钟
2024-04-20 00:19:06 下次操作: 2024-04-20 00:20:38

2024-04-20 00:20:38 开始第 4612 次操作

2024-04-20 00:20:38 开始操作号码 【1624512】
2024-04-20 00:20:43 GSD getOne 第 1 次 等待 3 秒
2024-04-20 00:20:46 查询号码 【1624512】，返回信息 {"status":"ok","msg":"-","gid":"157472","time_insert":"2021-06-30 02:01"}
2024-04-20 00:20:46 查询号码 【1624512】，GSD为【"-"】
2024-04-20 00:20:46 ok && -
2024-04-20 00:20:48 CHB 1624512?1713543646 第 1 次 等待 3 秒
2024-04-20 00:20:51 CHB 1624512?1713543646 第 1 次 获取到号码【1624512】GSD
2024-04-20 00:20:51 未获取到号码【1624512】GSD，可能号码格式错误
2024-04-20 00:20:51 获取到号码【1624512】的GSD为【-】
2024-04-20 00:21:02 GSD insert 第 1 次 等待 3 秒
2024-04-20 00:21:05 {"status":"bad","gid":"157472","msg":"添加失败！号码【1624512(-|-)】已存在！"}

