2024-09-08 00:25:47 开始第 3241 次操作

2024-09-08 00:25:47 开始操作号码 【1403240】
2024-09-08 00:25:55 GSD getOne 第 1 次 等待 3 秒
2024-09-08 00:25:58 查询号码 【1403240】，返回信息 {"status":"ok","msg":"-","gid":"580224","time_insert":"2023-03-09 19:16"}
2024-09-08 00:25:58 查询号码 【1403240】，GSD为【"-"】
2024-09-08 00:25:58 ok && -
2024-09-08 00:26:01 CHB 1403240?1725726358 第 1 次 等待 3 秒
2024-09-08 00:26:04 CHB 1403240?1725726358 第 1 次 获取到号码【1403240】GSD
2024-09-08 00:26:04 未获取到号码【1403240】GSD，可能号码格式错误
2024-09-08 00:26:04 获取到号码【1403240】的GSD为【-】
2024-09-08 00:26:13 GSD insert 第 1 次 等待 3 秒
2024-09-08 00:26:16 {"status":"bad","gid":"580224","msg":"添加失败！号码【1403240(-|-)】已存在！"}
2024-09-08 00:26:16 随机等待 160 秒，约 2 分钟
2024-09-08 00:26:16 下次操作: 2024-09-08 00:28:56

2024-09-08 00:28:56 开始第 3242 次操作

2024-09-08 00:28:56 开始操作号码 【1403241】
2024-09-08 00:29:04 GSD getOne 第 1 次 等待 3 秒
2024-09-08 00:29:07 查询号码 【1403241】，返回信息 {"status":"ok","msg":"-","gid":"580249","time_insert":"2023-03-09 19:33"}
2024-09-08 00:29:07 查询号码 【1403241】，GSD为【"-"】
2024-09-08 00:29:07 ok && -
2024-09-08 00:29:10 CHB 1403241?1725726547 第 1 次 等待 3 秒
2024-09-08 00:29:13 CHB 1403241?1725726547 第 1 次 获取到号码【1403241】GSD
2024-09-08 00:29:13 未获取到号码【1403241】GSD，可能号码格式错误
2024-09-08 00:29:13 获取到号码【1403241】的GSD为【-】
2024-09-08 00:29:21 GSD insert 第 1 次 等待 3 秒
2024-09-08 00:29:24 {"status":"bad","gid":"580249","msg":"添加失败！号码【1403241(-|-)】已存在！"}
2024-09-08 00:29:24 随机等待 92 秒，约 1 分钟
2024-09-08 00:29:24 下次操作: 2024-09-08 00:30:56

2024-09-08 00:30:56 开始第 3243 次操作

2024-09-08 00:30:56 开始操作号码 【1403242】
2024-09-08 00:31:04 GSD getOne 第 1 次 等待 3 秒
2024-09-08 00:31:07 查询号码 【1403242】，返回信息 {"status":"ok","msg":"-","gid":"580277","time_insert":"2023-03-09 19:48"}
2024-09-08 00:31:07 查询号码 【1403242】，GSD为【"-"】
2024-09-08 00:31:07 ok && -
2024-09-08 00:31:09 CHB 1403242?1725726667 第 1 次 等待 3 秒
2024-09-08 00:31:12 CHB 1403242?1725726667 第 1 次 获取到号码【1403242】GSD
2024-09-08 00:31:12 未获取到号码【1403242】GSD，可能号码格式错误
2024-09-08 00:31:12 获取到号码【1403242】的GSD为【-】
2024-09-08 00:31:21 GSD insert 第 1 次 等待 3 秒
2024-09-08 00:31:24 {"status":"bad","gid":"580277","msg":"添加失败！号码【1403242(-|-)】已存在！"}
2024-09-08 00:31:24 随机等待 121 秒，约 2 分钟
2024-09-08 00:31:24 下次操作: 2024-09-08 00:33:25

2024-09-08 00:33:25 开始第 3244 次操作

2024-09-08 00:33:25 开始操作号码 【1403243】
2024-09-08 00:33:33 GSD getOne 第 1 次 等待 3 秒
2024-09-08 00:33:36 查询号码 【1403243】，返回信息 {"status":"ok","msg":"-","gid":"580297","time_insert":"2023-03-09 20:00"}
2024-09-08 00:33:36 查询号码 【1403243】，GSD为【"-"】
2024-09-08 00:33:36 ok && -
2024-09-08 00:33:38 CHB 1403243?1725726816 第 1 次 等待 3 秒
2024-09-08 00:33:41 CHB 1403243?1725726816 第 1 次 获取到号码【1403243】GSD
2024-09-08 00:33:41 未获取到号码【1403243】GSD，可能号码格式错误
2024-09-08 00:33:41 获取到号码【1403243】的GSD为【-】
2024-09-08 00:33:49 GSD insert 第 1 次 等待 3 秒
2024-09-08 00:33:52 {"status":"bad","gid":"580297","msg":"添加失败！号码【1403243(-|-)】已存在！"}

2024-09-08 00:42:42 开始第 3245 次操作

2024-09-08 00:42:42 开始操作号码 【1403244】
2024-09-08 00:42:53 GSD getOne 第 1 次 等待 3 秒
2024-09-08 00:42:56 查询号码 【1403244】，返回信息 {"status":"ok","msg":"-","gid":"580309","time_insert":"2023-03-09 20:09"}
2024-09-08 00:42:56 查询号码 【1403244】，GSD为【"-"】
2024-09-08 00:42:56 ok && -
2024-09-08 00:47:57 CHB 1403244?1725727376 第 1 次 等待 3 秒
2024-09-08 00:48:00 CHB 1403244?1725727376 第 1 次 未获取到 等待 166 秒 下次操作: 2024-09-08 00:50:46
2024-09-08 00:50:48 CHB 1403244?1725727846 第 2 次 等待 3 秒
2024-09-08 00:50:51 CHB 1403244?1725727846 第 2 次 获取到号码【1403244】GSD
2024-09-08 00:50:51 未获取到号码【1403244】GSD，可能号码格式错误
2024-09-08 00:50:51 获取到号码【1403244】的GSD为【-】
2024-09-08 00:51:01 GSD insert 第 1 次 等待 3 秒
2024-09-08 00:51:04 {"status":"bad","gid":"580309","msg":"添加失败！号码【1403244(-|-)】已存在！"}
2024-09-08 00:51:04 随机等待 183 秒，约 3 分钟
2024-09-08 00:51:04 下次操作: 2024-09-08 00:54:07

2024-09-08 00:54:07 开始第 3246 次操作

2024-09-08 00:54:07 开始操作号码 【1403245】
2024-09-08 00:54:16 GSD getOne 第 1 次 等待 3 秒
2024-09-08 00:54:19 查询号码 【1403245】，返回信息 {"status":"ok","msg":"-","gid":"580320","time_insert":"2023-03-09 20:20"}
2024-09-08 00:54:19 查询号码 【1403245】，GSD为【"-"】
2024-09-08 00:54:19 ok && -
2024-09-08 00:54:21 CHB 1403245?1725728059 第 1 次 等待 3 秒
2024-09-08 00:54:24 CHB 1403245?1725728059 第 1 次 获取到号码【1403245】GSD
2024-09-08 00:54:24 未获取到号码【1403245】GSD，可能号码格式错误
2024-09-08 00:54:24 获取到号码【1403245】的GSD为【-】
2024-09-08 00:54:32 GSD insert 第 1 次 等待 3 秒
2024-09-08 00:54:35 {"status":"bad","gid":"580320","msg":"添加失败！号码【1403245(-|-)】已存在！"}
2024-09-08 00:54:35 随机等待 229 秒，约 3 分钟
2024-09-08 00:54:35 下次操作: 2024-09-08 00:58:24

2024-09-08 00:58:24 开始第 3247 次操作

2024-09-08 00:58:24 开始操作号码 【1403246】
2024-09-08 00:58:32 GSD getOne 第 1 次 等待 3 秒
2024-09-08 00:58:35 查询号码 【1403246】，返回信息 {"status":"ok","msg":"-","gid":"580333","time_insert":"2023-03-09 20:29"}
2024-09-08 00:58:35 查询号码 【1403246】，GSD为【"-"】
2024-09-08 00:58:35 ok && -
2024-09-08 00:58:37 CHB 1403246?1725728315 第 1 次 等待 3 秒
2024-09-08 00:58:40 CHB 1403246?1725728315 第 1 次 获取到号码【1403246】GSD
2024-09-08 00:58:40 未获取到号码【1403246】GSD，可能号码格式错误
2024-09-08 00:58:40 获取到号码【1403246】的GSD为【-】
2024-09-08 00:58:48 GSD insert 第 1 次 等待 3 秒
2024-09-08 00:58:51 {"status":"bad","gid":"580333","msg":"添加失败！号码【1403246(-|-)】已存在！"}
2024-09-08 00:58:51 随机等待 74 秒，约 1 分钟
2024-09-08 00:58:51 下次操作: 2024-09-08 01:00:05

2024-09-08 01:00:05 开始第 3248 次操作

2024-09-08 01:00:05 开始操作号码 【1403247】
2024-09-08 01:00:12 GSD getOne 第 1 次 等待 3 秒
2024-09-08 01:00:15 查询号码 【1403247】，返回信息 {"status":"ok","msg":"-","gid":"580354","time_insert":"2023-03-09 20:48"}
2024-09-08 01:00:15 查询号码 【1403247】，GSD为【"-"】
2024-09-08 01:00:15 ok && -
2024-09-08 01:00:18 CHB 1403247?1725728415 第 1 次 等待 3 秒
2024-09-08 01:00:21 CHB 1403247?1725728415 第 1 次 获取到号码【1403247】GSD
2024-09-08 01:00:21 未获取到号码【1403247】GSD，可能号码格式错误
2024-09-08 01:00:21 获取到号码【1403247】的GSD为【-】
2024-09-08 01:00:29 GSD insert 第 1 次 等待 3 秒
2024-09-08 01:00:32 {"status":"bad","gid":"580354","msg":"添加失败！号码【1403247(-|-)】已存在！"}

