2024-07-01 00:11:49 开始第 3693 次操作

2024-07-01 00:11:49 开始操作号码 【1513583】
2024-07-01 00:12:04 GSD getOne 第 1 次 等待 3 秒
2024-07-01 00:12:07 查询号码 【1513583】，返回信息 {"status":"ok","msg":"山西-吕梁","gid":"216823","time_insert":"2021-07-07 19:59"}
2024-07-01 00:12:07 查询号码 【1513583】，GSD为【"山西-吕梁"】

2024-07-01 00:12:08 开始第 3694 次操作

2024-07-01 00:12:08 开始操作号码 【1513584】
2024-07-01 00:12:24 GSD getOne 第 1 次 等待 3 秒
2024-07-01 00:12:27 查询号码 【1513584】，返回信息 {"status":"ok","msg":"山西-吕梁","gid":"216847","time_insert":"2021-07-07 20:13"}
2024-07-01 00:12:27 查询号码 【1513584】，GSD为【"山西-吕梁"】

2024-07-01 00:12:28 开始第 3695 次操作

2024-07-01 00:12:29 开始操作号码 【1513585】
2024-07-01 00:12:42 GSD getOne 第 1 次 等待 3 秒
2024-07-01 00:12:45 查询号码 【1513585】，返回信息 {"status":"ok","msg":"山西-吕梁","gid":"216869","time_insert":"2021-07-07 20:26"}
2024-07-01 00:12:45 查询号码 【1513585】，GSD为【"山西-吕梁"】

2024-07-01 00:12:46 开始第 3696 次操作

2024-07-01 00:12:46 开始操作号码 【1513586】
2024-07-01 00:13:02 GSD getOne 第 1 次 等待 3 秒
2024-07-01 00:13:05 查询号码 【1513586】，返回信息 {"status":"ok","msg":"山西-吕梁","gid":"216889","time_insert":"2021-07-07 20:36"}
2024-07-01 00:13:05 查询号码 【1513586】，GSD为【"山西-吕梁"】

2024-07-01 00:37:55 开始第 3697 次操作

2024-07-01 00:37:55 开始操作号码 【1513587】
2024-07-01 00:38:20 GSD getOne 第 1 次 等待 3 秒
2024-07-01 00:38:23 查询号码 【1513587】，返回信息 {"status":"ok","msg":"山西-吕梁","gid":"216904","time_insert":"2021-07-07 20:46"}
2024-07-01 00:38:23 查询号码 【1513587】，GSD为【"山西-吕梁"】

2024-07-01 00:38:24 开始第 3698 次操作

2024-07-01 00:38:24 开始操作号码 【1513588】
2024-07-01 00:38:38 GSD getOne 第 1 次 等待 3 秒
2024-07-01 00:38:41 查询号码 【1513588】，返回信息 {"status":"ok","msg":"山西-吕梁","gid":"216953","time_insert":"2021-07-07 21:00"}
2024-07-01 00:38:41 查询号码 【1513588】，GSD为【"山西-吕梁"】

2024-07-01 00:38:42 开始第 3699 次操作

2024-07-01 00:38:42 开始操作号码 【1513589】
2024-07-01 00:38:57 GSD getOne 第 1 次 等待 3 秒
2024-07-01 00:39:00 查询号码 【1513589】，返回信息 {"status":"ok","msg":"山西-吕梁","gid":"217082","time_insert":"2021-07-07 21:13"}
2024-07-01 00:39:00 查询号码 【1513589】，GSD为【"山西-吕梁"】

2024-07-01 00:39:01 开始第 3700 次操作

2024-07-01 00:39:01 开始操作号码 【1513590】
2024-07-01 00:39:17 GSD getOne 第 1 次 等待 3 秒
2024-07-01 00:39:20 查询号码 【1513590】，返回信息 {"status":"ok","msg":"山西-运城","gid":"217130","time_insert":"2021-07-07 21:28"}
2024-07-01 00:39:20 查询号码 【1513590】，GSD为【"山西-运城"】

2024-07-01 01:08:49 开始第 3701 次操作

2024-07-01 01:08:49 开始操作号码 【1513591】
2024-07-01 01:09:05 GSD getOne 第 1 次 等待 3 秒
2024-07-01 01:09:08 查询号码 【1513591】，返回信息 {"status":"ok","msg":"山西-运城","gid":"217238","time_insert":"2021-07-07 21:42"}
2024-07-01 01:09:08 查询号码 【1513591】，GSD为【"山西-运城"】

2024-07-01 01:09:10 开始第 3702 次操作

2024-07-01 01:09:10 开始操作号码 【1513592】
2024-07-01 01:09:24 GSD getOne 第 1 次 等待 3 秒
2024-07-01 01:09:27 查询号码 【1513592】，返回信息 {"status":"ok","msg":"山西-运城","gid":"217421","time_insert":"2021-07-07 21:56"}
2024-07-01 01:09:27 查询号码 【1513592】，GSD为【"山西-运城"】

2024-07-01 01:09:28 开始第 3703 次操作

2024-07-01 01:09:28 开始操作号码 【1513593】
2024-07-01 01:09:50 GSD getOne 第 1 次 等待 3 秒
2024-07-01 01:09:53 查询号码 【1513593】，返回信息 {"status":"ok","msg":"山西-运城","gid":"217472","time_insert":"2021-07-07 22:09"}
2024-07-01 01:09:53 查询号码 【1513593】，GSD为【"山西-运城"】

2024-07-01 01:09:54 开始第 3704 次操作

2024-07-01 01:09:54 开始操作号码 【1513594】
2024-07-01 01:10:11 GSD getOne 第 1 次 等待 3 秒
2024-07-01 01:10:14 查询号码 【1513594】，返回信息 {"status":"ok","msg":"山西-运城","gid":"217493","time_insert":"2021-07-07 22:22"}
2024-07-01 01:10:14 查询号码 【1513594】，GSD为【"山西-运城"】

