2023-11-18 00:12:34 开始第 9429 次操作

2023-11-18 00:12:34 开始操作号码 【1949327】
2023-11-18 00:12:40 GSD getOne 第 1 次 等待 3 秒
2023-11-18 00:12:43 查询号码 【1949327】，返回信息 {"status":"ok","msg":"-","gid":"600047","time_insert":"2023-03-19 05:53"}
2023-11-18 00:12:44 查询号码 【1949327】，GSD为【"-"】
2023-11-18 00:12:44 ok && -
2023-11-18 00:12:47 CHB 1949327?1700237564 第 1 次 等待 3 秒
2023-11-18 00:12:50 CHB 1949327?1700237564 第 1 次 获取到号码【1949327】GSD
2023-11-18 00:12:50 未获取到号码【1949327】GSD，可能号码格式错误
2023-11-18 00:12:50 获取到号码【1949327】的GSD为【-】
2023-11-18 00:12:56 GSD insert 第 1 次 等待 3 秒
2023-11-18 00:12:59 {"status":"bad","gid":"600047","msg":"添加失败！号码【1949327(-|-)】已存在！"}
2023-11-18 00:12:59 随机等待 160 秒，约 2 分钟
2023-11-18 00:12:59 下次操作: 2023-11-18 00:15:39

2023-11-18 00:15:39 开始第 9430 次操作

2023-11-18 00:15:39 开始操作号码 【1949328】
2023-11-18 00:15:45 GSD getOne 第 1 次 等待 3 秒
2023-11-18 00:15:48 查询号码 【1949328】，返回信息 {"status":"ok","msg":"-","gid":"600034","time_insert":"2023-03-19 05:44"}
2023-11-18 00:15:48 查询号码 【1949328】，GSD为【"-"】
2023-11-18 00:15:48 ok && -
2023-11-18 00:15:52 CHB 1949328?1700237748 第 1 次 等待 3 秒
2023-11-18 00:15:55 CHB 1949328?1700237748 第 1 次 获取到号码【1949328】GSD
2023-11-18 00:15:55 未获取到号码【1949328】GSD，可能号码格式错误
2023-11-18 00:15:55 获取到号码【1949328】的GSD为【-】
2023-11-18 00:16:00 GSD insert 第 1 次 等待 3 秒
2023-11-18 00:16:03 {"status":"bad","gid":"600034","msg":"添加失败！号码【1949328(-|-)】已存在！"}
2023-11-18 00:16:03 随机等待 154 秒，约 2 分钟
2023-11-18 00:16:03 下次操作: 2023-11-18 00:18:37

2023-11-18 00:18:37 开始第 9431 次操作

2023-11-18 00:18:37 开始操作号码 【1949329】
2023-11-18 00:18:45 GSD getOne 第 1 次 等待 3 秒
2023-11-18 00:18:48 查询号码 【1949329】，返回信息 {"status":"ok","msg":"-","gid":"600028","time_insert":"2023-03-19 05:41"}
2023-11-18 00:18:48 查询号码 【1949329】，GSD为【"-"】
2023-11-18 00:18:48 ok && -
2023-11-18 00:18:51 CHB 1949329?1700237928 第 1 次 等待 3 秒
2023-11-18 00:18:54 CHB 1949329?1700237928 第 1 次 获取到号码【1949329】GSD
2023-11-18 00:18:54 未获取到号码【1949329】GSD，可能号码格式错误
2023-11-18 00:18:54 获取到号码【1949329】的GSD为【-】
2023-11-18 00:18:59 GSD insert 第 1 次 等待 3 秒
2023-11-18 00:19:02 {"status":"bad","gid":"600028","msg":"添加失败！号码【1949329(-|-)】已存在！"}
2023-11-18 00:19:02 随机等待 94 秒，约 1 分钟
2023-11-18 00:19:02 下次操作: 2023-11-18 00:20:36

2023-11-18 00:20:36 开始第 9432 次操作

2023-11-18 00:20:36 开始操作号码 【1949330】
2023-11-18 00:20:43 GSD getOne 第 1 次 等待 3 秒
2023-11-18 00:20:46 查询号码 【1949330】，返回信息 {"status":"ok","msg":"-","gid":"600024","time_insert":"2023-03-19 05:38"}
2023-11-18 00:20:46 查询号码 【1949330】，GSD为【"-"】
2023-11-18 00:20:46 ok && -
2023-11-18 00:20:50 CHB 1949330?1700238046 第 1 次 等待 3 秒
2023-11-18 00:20:53 CHB 1949330?1700238046 第 1 次 获取到号码【1949330】GSD
2023-11-18 00:20:53 未获取到号码【1949330】GSD，可能号码格式错误
2023-11-18 00:20:53 获取到号码【1949330】的GSD为【-】
2023-11-18 00:21:05 GSD insert 第 1 次 等待 3 秒
2023-11-18 00:21:08 {"status":"bad","gid":"600024","msg":"添加失败！号码【1949330(-|-)】已存在！"}

