2024-02-23 00:10:30 开始第 5309 次操作

2024-02-23 00:10:30 开始操作号码 【1735208】
2024-02-23 00:10:35 GSD getOne 第 1 次 等待 3 秒
2024-02-23 00:10:38 查询号码 【1735208】，返回信息 {"status":"ok","msg":"甘肃-兰州","gid":"184631","time_insert":"2021-07-03 21:29"}
2024-02-23 00:10:38 查询号码 【1735208】，GSD为【"甘肃-兰州"】

2024-02-23 00:10:39 开始第 5310 次操作

2024-02-23 00:10:39 开始操作号码 【1735209】
2024-02-23 00:10:43 GSD getOne 第 1 次 等待 3 秒
2024-02-23 00:10:46 查询号码 【1735209】，返回信息 {"status":"ok","msg":"甘肃-兰州","gid":"184660","time_insert":"2021-07-03 21:38"}
2024-02-23 00:10:46 查询号码 【1735209】，GSD为【"甘肃-兰州"】

2024-02-23 00:10:47 开始第 5311 次操作

2024-02-23 00:10:47 开始操作号码 【1735210】
2024-02-23 00:10:52 GSD getOne 第 1 次 等待 3 秒
2024-02-23 00:10:55 查询号码 【1735210】，返回信息 {"status":"ok","msg":"甘肃-兰州","gid":"184664","time_insert":"2021-07-03 21:38"}
2024-02-23 00:10:55 查询号码 【1735210】，GSD为【"甘肃-兰州"】

2024-02-23 00:10:56 开始第 5312 次操作

2024-02-23 00:10:56 开始操作号码 【1735211】
2024-02-23 00:11:04 GSD getOne 第 1 次 等待 3 秒
2024-02-23 00:11:07 查询号码 【1735211】，返回信息 {"status":"ok","msg":"甘肃-兰州","gid":"184670","time_insert":"2021-07-03 21:38"}
2024-02-23 00:11:07 查询号码 【1735211】，GSD为【"甘肃-兰州"】

2024-02-23 00:35:28 开始第 5313 次操作

2024-02-23 00:35:28 开始操作号码 【1735212】
2024-02-23 00:35:36 GSD getOne 第 1 次 等待 3 秒
2024-02-23 00:35:39 查询号码 【1735212】，返回信息 {"status":"ok","msg":"甘肃-兰州","gid":"184674","time_insert":"2021-07-03 21:39"}
2024-02-23 00:35:39 查询号码 【1735212】，GSD为【"甘肃-兰州"】

2024-02-23 00:35:40 开始第 5314 次操作

2024-02-23 00:35:40 开始操作号码 【1735213】
2024-02-23 00:35:44 GSD getOne 第 1 次 等待 3 秒
2024-02-23 00:35:47 查询号码 【1735213】，返回信息 {"status":"ok","msg":"甘肃-兰州","gid":"184679","time_insert":"2021-07-03 21:39"}
2024-02-23 00:35:47 查询号码 【1735213】，GSD为【"甘肃-兰州"】

2024-02-23 00:35:48 开始第 5315 次操作

2024-02-23 00:35:48 开始操作号码 【1735214】
2024-02-23 00:35:52 GSD getOne 第 1 次 等待 3 秒
2024-02-23 00:35:55 查询号码 【1735214】，返回信息 {"status":"ok","msg":"甘肃-兰州","gid":"184688","time_insert":"2021-07-03 21:40"}
2024-02-23 00:35:55 查询号码 【1735214】，GSD为【"甘肃-兰州"】

2024-02-23 00:35:56 开始第 5316 次操作

2024-02-23 00:35:56 开始操作号码 【1735215】
2024-02-23 00:36:01 GSD getOne 第 1 次 等待 3 秒
2024-02-23 00:36:04 查询号码 【1735215】，返回信息 {"status":"ok","msg":"甘肃-兰州","gid":"184696","time_insert":"2021-07-03 21:40"}
2024-02-23 00:36:04 查询号码 【1735215】，GSD为【"甘肃-兰州"】

2024-02-23 01:07:44 开始第 5317 次操作

2024-02-23 01:07:44 开始操作号码 【1735216】
2024-02-23 01:07:49 GSD getOne 第 1 次 等待 3 秒
2024-02-23 01:07:52 查询号码 【1735216】，返回信息 {"status":"ok","msg":"甘肃-兰州","gid":"184704","time_insert":"2021-07-03 21:40"}
2024-02-23 01:07:52 查询号码 【1735216】，GSD为【"甘肃-兰州"】

2024-02-23 01:07:53 开始第 5318 次操作

2024-02-23 01:07:53 开始操作号码 【1735217】
2024-02-23 01:07:59 GSD getOne 第 1 次 等待 3 秒
2024-02-23 01:08:02 查询号码 【1735217】，返回信息 {"status":"ok","msg":"甘肃-兰州","gid":"184714","time_insert":"2021-07-03 21:41"}
2024-02-23 01:08:02 查询号码 【1735217】，GSD为【"甘肃-兰州"】

2024-02-23 01:08:03 开始第 5319 次操作

2024-02-23 01:08:03 开始操作号码 【1735218】
2024-02-23 01:08:08 GSD getOne 第 1 次 等待 3 秒
2024-02-23 01:08:11 查询号码 【1735218】，返回信息 {"status":"ok","msg":"甘肃-兰州","gid":"184720","time_insert":"2021-07-03 21:41"}
2024-02-23 01:08:11 查询号码 【1735218】，GSD为【"甘肃-兰州"】

2024-02-23 01:08:12 开始第 5320 次操作

2024-02-23 01:08:12 开始操作号码 【1735219】
2024-02-23 01:08:17 GSD getOne 第 1 次 等待 3 秒
2024-02-23 01:08:20 查询号码 【1735219】，返回信息 {"status":"ok","msg":"甘肃-兰州","gid":"184730","time_insert":"2021-07-03 21:42"}
2024-02-23 01:08:20 查询号码 【1735219】，GSD为【"甘肃-兰州"】

