2021-08-02 00:00:14 开始第 13 次操作

2021-08-02 00:00:14 开始操作号码 【1936852】
2021-08-02 00:00:18 GSD getOne 第 1 次 等待 3 秒
2021-08-02 00:00:21 查询号码 【1936852】，返回信息 {"status":"bad","msg":""}
2021-08-02 00:00:21 查询号码 【1936852】，GSD为【""】
2021-08-02 00:00:21 bad
2021-08-02 00:00:23 CHB 1936852?1627833621 第 1 次 等待 3 秒
2021-08-02 00:00:26 CHB 1936852?1627833621 第 1 次 获取到号码【1936852】GSD
2021-08-02 00:00:26 未获取到号码【1936852】GSD，可能号码格式错误
2021-08-02 00:00:26 获取到号码【1936852】的GSD为【-】
2021-08-02 00:00:30 GSD insert 第 1 次 等待 3 秒
2021-08-02 00:00:33 {"status":"ok","gid":473040,"msg":"添加成功！"}
2021-08-02 00:00:33 下次操作: 2021-08-02 00:00:55

2021-08-02 00:00:55 开始第 14 次操作

2021-08-02 00:00:55 开始操作号码 【1936851】
2021-08-02 00:00:59 GSD getOne 第 1 次 等待 3 秒
2021-08-02 00:01:02 查询号码 【1936851】，返回信息 {"status":"bad","msg":""}
2021-08-02 00:01:02 查询号码 【1936851】，GSD为【""】
2021-08-02 00:01:02 bad
2021-08-02 00:01:04 CHB 1936851?1627833662 第 1 次 等待 3 秒
2021-08-02 00:01:07 CHB 1936851?1627833662 第 1 次 获取到号码【1936851】GSD
2021-08-02 00:01:07 未获取到号码【1936851】GSD，可能号码格式错误
2021-08-02 00:01:07 获取到号码【1936851】的GSD为【-】
2021-08-02 00:01:10 GSD insert 第 1 次 等待 3 秒
2021-08-02 00:01:13 {"status":"ok","gid":473050,"msg":"添加成功！"}
2021-08-02 00:01:13 下次操作: 2021-08-02 00:01:31

2021-08-02 00:01:31 开始第 15 次操作

2021-08-02 00:01:31 开始操作号码 【1936850】
2021-08-02 00:01:40 GSD getOne 第 1 次 等待 3 秒
2021-08-02 00:01:43 查询号码 【1936850】，返回信息 {"status":"bad","msg":""}
2021-08-02 00:01:43 查询号码 【1936850】，GSD为【""】
2021-08-02 00:01:43 bad
2021-08-02 00:01:45 CHB 1936850?1627833703 第 1 次 等待 3 秒
2021-08-02 00:01:48 CHB 1936850?1627833703 第 1 次 获取到号码【1936850】GSD
2021-08-02 00:01:48 未获取到号码【1936850】GSD，可能号码格式错误
2021-08-02 00:01:48 获取到号码【1936850】的GSD为【-】
2021-08-02 00:01:51 GSD insert 第 1 次 等待 3 秒
2021-08-02 00:01:54 {"status":"ok","gid":473060,"msg":"添加成功！"}
2021-08-02 00:01:54 下次操作: 2021-08-02 00:02:12

2021-08-02 00:02:12 开始第 16 次操作

2021-08-02 00:02:12 开始操作号码 【1936849】
2021-08-02 00:02:22 GSD getOne 第 1 次 等待 3 秒
2021-08-02 00:02:25 查询号码 【1936849】，返回信息 {"status":"bad","msg":""}
2021-08-02 00:02:25 查询号码 【1936849】，GSD为【""】
2021-08-02 00:02:25 bad
2021-08-02 00:02:27 CHB 1936849?1627833745 第 1 次 等待 3 秒
2021-08-02 00:02:30 CHB 1936849?1627833745 第 1 次 获取到号码【1936849】GSD
2021-08-02 00:02:30 未获取到号码【1936849】GSD，可能号码格式错误
2021-08-02 00:02:30 获取到号码【1936849】的GSD为【-】
2021-08-02 00:02:34 GSD insert 第 1 次 等待 3 秒
2021-08-02 00:02:37 {"status":"ok","gid":473067,"msg":"添加成功！"}
2021-08-02 00:02:37 下次操作: 2021-08-02 00:02:51

2021-08-02 00:02:51 开始第 17 次操作

2021-08-02 00:02:51 开始操作号码 【1936848】
2021-08-02 00:03:26 GSD getOne 第 1 次 等待 3 秒
2021-08-02 00:03:29 查询号码 【1936848】，返回信息 {"status":"bad","msg":""}
2021-08-02 00:03:29 查询号码 【1936848】，GSD为【""】
2021-08-02 00:03:29 bad
2021-08-02 00:03:30 CHB 1936848?1627833809 第 1 次 等待 3 秒
2021-08-02 00:03:33 CHB 1936848?1627833809 第 1 次 获取到号码【1936848】GSD
2021-08-02 00:03:33 未获取到号码【1936848】GSD，可能号码格式错误
2021-08-02 00:03:33 获取到号码【1936848】的GSD为【-】
2021-08-02 00:03:37 GSD insert 第 1 次 等待 3 秒
2021-08-02 00:03:40 {"status":"ok","gid":473080,"msg":"添加成功！"}
2021-08-02 00:03:40 下次操作: 2021-08-02 00:03:55

2021-08-02 00:03:55 开始第 18 次操作

2021-08-02 00:03:55 开始操作号码 【1936847】
2021-08-02 00:03:59 GSD getOne 第 1 次 等待 3 秒
2021-08-02 00:04:02 查询号码 【1936847】，返回信息 {"status":"bad","msg":""}
2021-08-02 00:04:03 查询号码 【1936847】，GSD为【""】
2021-08-02 00:04:03 bad
2021-08-02 00:04:04 CHB 1936847?1627833843 第 1 次 等待 3 秒
2021-08-02 00:04:07 CHB 1936847?1627833843 第 1 次 获取到号码【1936847】GSD
2021-08-02 00:04:07 未获取到号码【1936847】GSD，可能号码格式错误
2021-08-02 00:04:07 获取到号码【1936847】的GSD为【-】
2021-08-02 00:04:11 GSD insert 第 1 次 等待 3 秒
2021-08-02 00:04:14 {"status":"ok","gid":473087,"msg":"添加成功！"}
2021-08-02 00:04:14 下次操作: 2021-08-02 00:04:28

2021-08-02 00:04:28 开始第 19 次操作

2021-08-02 00:04:28 开始操作号码 【1936846】
2021-08-02 00:04:31 GSD getOne 第 1 次 等待 3 秒
2021-08-02 00:04:34 查询号码 【1936846】，返回信息 {"status":"bad","msg":""}
2021-08-02 00:04:35 查询号码 【1936846】，GSD为【""】
2021-08-02 00:04:35 bad
2021-08-02 00:04:36 CHB 1936846?1627833875 第 1 次 等待 3 秒
2021-08-02 00:04:39 CHB 1936846?1627833875 第 1 次 获取到号码【1936846】GSD
2021-08-02 00:04:39 未获取到号码【1936846】GSD，可能号码格式错误
2021-08-02 00:04:39 获取到号码【1936846】的GSD为【-】
2021-08-02 00:04:50 GSD insert 第 1 次 等待 3 秒
2021-08-02 00:04:53 {"status":"ok","gid":473095,"msg":"添加成功！"}
2021-08-02 00:04:53 下次操作: 2021-08-02 00:05:07

2021-08-02 00:05:07 开始第 20 次操作

2021-08-02 00:05:07 开始操作号码 【1936845】
2021-08-02 00:05:12 GSD getOne 第 1 次 等待 3 秒
2021-08-02 00:05:15 查询号码 【1936845】，返回信息 {"status":"bad","msg":""}
2021-08-02 00:05:15 查询号码 【1936845】，GSD为【""】
2021-08-02 00:05:15 bad
2021-08-02 00:05:16 CHB 1936845?1627833915 第 1 次 等待 3 秒
2021-08-02 00:05:19 CHB 1936845?1627833915 第 1 次 获取到号码【1936845】GSD
2021-08-02 00:05:19 未获取到号码【1936845】GSD，可能号码格式错误
2021-08-02 00:05:19 获取到号码【1936845】的GSD为【-】
2021-08-02 00:05:23 GSD insert 第 1 次 等待 3 秒
2021-08-02 00:05:26 {"status":"ok","gid":473104,"msg":"添加成功！"}
2021-08-02 00:05:26 下次操作: 2021-08-02 00:05:45

2021-08-02 00:05:45 开始第 21 次操作

2021-08-02 00:05:45 开始操作号码 【1936844】
2021-08-02 00:05:50 GSD getOne 第 1 次 等待 3 秒
2021-08-02 00:05:53 查询号码 【1936844】，返回信息 {"status":"bad","msg":""}
2021-08-02 00:05:54 查询号码 【1936844】，GSD为【""】
2021-08-02 00:05:54 bad
2021-08-02 00:05:55 CHB 1936844?1627833954 第 1 次 等待 3 秒
2021-08-02 00:05:58 CHB 1936844?1627833954 第 1 次 获取到号码【1936844】GSD
2021-08-02 00:05:58 未获取到号码【1936844】GSD，可能号码格式错误
2021-08-02 00:05:58 获取到号码【1936844】的GSD为【-】
2021-08-02 00:06:06 GSD insert 第 1 次 等待 3 秒
2021-08-02 00:06:09 {"status":"ok","gid":473112,"msg":"添加成功！"}
2021-08-02 00:06:09 下次操作: 2021-08-02 00:06:21

2021-08-02 00:06:21 开始第 22 次操作

2021-08-02 00:06:21 开始操作号码 【1936843】
2021-08-02 00:06:29 GSD getOne 第 1 次 等待 3 秒
2021-08-02 00:06:32 查询号码 【1936843】，返回信息 {"status":"bad","msg":""}
2021-08-02 00:06:32 查询号码 【1936843】，GSD为【""】
2021-08-02 00:06:32 bad
2021-08-02 00:06:33 CHB 1936843?1627833992 第 1 次 等待 3 秒
2021-08-02 00:06:36 CHB 1936843?1627833992 第 1 次 获取到号码【1936843】GSD
2021-08-02 00:06:36 未获取到号码【1936843】GSD，可能号码格式错误
2021-08-02 00:06:36 获取到号码【1936843】的GSD为【-】
2021-08-02 00:06:52 GSD insert 第 1 次 等待 3 秒
2021-08-02 00:06:55 {"status":"ok","gid":473123,"msg":"添加成功！"}
2021-08-02 00:06:55 下次操作: 2021-08-02 00:07:07

2021-08-02 00:07:07 开始第 23 次操作

2021-08-02 00:07:07 开始操作号码 【1936842】
2021-08-02 00:07:11 GSD getOne 第 1 次 等待 3 秒
2021-08-02 00:07:14 查询号码 【1936842】，返回信息 {"status":"bad","msg":""}
2021-08-02 00:07:14 查询号码 【1936842】，GSD为【""】
2021-08-02 00:07:14 bad
2021-08-02 00:07:20 CHB 1936842?1627834034 第 1 次 等待 3 秒
2021-08-02 00:07:23 CHB 1936842?1627834034 第 1 次 获取到号码【1936842】GSD
2021-08-02 00:07:23 未获取到号码【1936842】GSD，可能号码格式错误
2021-08-02 00:07:23 获取到号码【1936842】的GSD为【-】
2021-08-02 00:07:28 GSD insert 第 1 次 等待 3 秒
2021-08-02 00:07:31 {"status":"ok","gid":473132,"msg":"添加成功！"}
2021-08-02 00:07:31 下次操作: 2021-08-02 00:07:52

2021-08-02 00:07:52 开始第 24 次操作

2021-08-02 00:07:52 开始操作号码 【1936841】
2021-08-02 00:08:05 GSD getOne 第 1 次 等待 3 秒
2021-08-02 00:08:08 查询号码 【1936841】，返回信息 {"status":"bad","msg":""}
2021-08-02 00:08:08 查询号码 【1936841】，GSD为【""】
2021-08-02 00:08:08 bad
2021-08-02 00:08:09 CHB 1936841?1627834088 第 1 次 等待 3 秒
2021-08-02 00:08:12 CHB 1936841?1627834088 第 1 次 获取到号码【1936841】GSD
2021-08-02 00:08:12 未获取到号码【1936841】GSD，可能号码格式错误
2021-08-02 00:08:12 获取到号码【1936841】的GSD为【-】
2021-08-02 00:08:17 GSD insert 第 1 次 等待 3 秒
2021-08-02 00:08:20 {"status":"ok","gid":473142,"msg":"添加成功！"}
2021-08-02 00:08:20 下次操作: 2021-08-02 00:08:33

2021-08-02 00:08:33 开始第 25 次操作

2021-08-02 00:08:33 开始操作号码 【1936840】
2021-08-02 00:08:37 GSD getOne 第 1 次 等待 3 秒
2021-08-02 00:08:40 查询号码 【1936840】，返回信息 {"status":"bad","msg":""}
2021-08-02 00:08:40 查询号码 【1936840】，GSD为【""】
2021-08-02 00:08:40 bad
2021-08-02 00:08:41 CHB 1936840?1627834120 第 1 次 等待 3 秒
2021-08-02 00:08:44 CHB 1936840?1627834120 第 1 次 获取到号码【1936840】GSD
2021-08-02 00:08:44 未获取到号码【1936840】GSD，可能号码格式错误
2021-08-02 00:08:44 获取到号码【1936840】的GSD为【-】
2021-08-02 00:08:48 GSD insert 第 1 次 等待 3 秒
2021-08-02 00:08:51 {"status":"ok","gid":473148,"msg":"添加成功！"}
2021-08-02 00:08:51 下次操作: 2021-08-02 00:09:05

2021-08-02 00:09:05 开始第 26 次操作

2021-08-02 00:09:05 开始操作号码 【1936839】
2021-08-02 00:10:07 GSD getOne 第 1 次 等待 3 秒
2021-08-02 00:10:10 查询号码 【1936839】，返回信息 {"status":"bad","msg":""}
2021-08-02 00:10:10 查询号码 【1936839】，GSD为【""】
2021-08-02 00:10:10 bad
2021-08-02 00:10:12 CHB 1936839?1627834210 第 1 次 等待 3 秒
2021-08-02 00:10:15 CHB 1936839?1627834210 第 1 次 获取到号码【1936839】GSD
2021-08-02 00:10:15 未获取到号码【1936839】GSD，可能号码格式错误
2021-08-02 00:10:15 获取到号码【1936839】的GSD为【-】
2021-08-02 00:10:19 GSD insert 第 1 次 等待 3 秒
2021-08-02 00:10:22 {"status":"ok","gid":473161,"msg":"添加成功！"}
2021-08-02 00:10:22 下次操作: 2021-08-02 00:10:38

2021-08-02 00:10:38 开始第 27 次操作

2021-08-02 00:10:38 开始操作号码 【1936838】
2021-08-02 00:10:42 GSD getOne 第 1 次 等待 3 秒
2021-08-02 00:10:45 查询号码 【1936838】，返回信息 {"status":"bad","msg":""}
2021-08-02 00:10:45 查询号码 【1936838】，GSD为【""】
2021-08-02 00:10:45 bad
2021-08-02 00:10:47 CHB 1936838?1627834245 第 1 次 等待 3 秒
2021-08-02 00:10:50 CHB 1936838?1627834245 第 1 次 获取到号码【1936838】GSD
2021-08-02 00:10:50 未获取到号码【1936838】GSD，可能号码格式错误
2021-08-02 00:10:50 获取到号码【1936838】的GSD为【-】
2021-08-02 00:10:55 GSD insert 第 1 次 等待 3 秒
2021-08-02 00:10:58 {"status":"ok","gid":473168,"msg":"添加成功！"}
2021-08-02 00:10:58 下次操作: 2021-08-02 00:11:16

2021-08-02 00:11:16 开始第 28 次操作

2021-08-02 00:11:16 开始操作号码 【1936837】
2021-08-02 00:11:20 GSD getOne 第 1 次 等待 3 秒
2021-08-02 00:11:23 查询号码 【1936837】，返回信息 {"status":"bad","msg":""}
2021-08-02 00:11:23 查询号码 【1936837】，GSD为【""】
2021-08-02 00:11:23 bad
2021-08-02 00:11:25 CHB 1936837?1627834283 第 1 次 等待 3 秒
2021-08-02 00:11:28 CHB 1936837?1627834283 第 1 次 获取到号码【1936837】GSD
2021-08-02 00:11:28 未获取到号码【1936837】GSD，可能号码格式错误
2021-08-02 00:11:28 获取到号码【1936837】的GSD为【-】
2021-08-02 00:11:33 GSD insert 第 1 次 等待 3 秒
2021-08-02 00:11:36 {"status":"ok","gid":473176,"msg":"添加成功！"}
2021-08-02 00:11:36 下次操作: 2021-08-02 00:11:51

2021-08-02 00:11:51 开始第 29 次操作

2021-08-02 00:11:51 开始操作号码 【1936836】
2021-08-02 00:11:54 GSD getOne 第 1 次 等待 3 秒
2021-08-02 00:11:57 查询号码 【1936836】，返回信息 {"status":"bad","msg":""}
2021-08-02 00:11:57 查询号码 【1936836】，GSD为【""】
2021-08-02 00:11:57 bad
2021-08-02 00:11:59 CHB 1936836?1627834317 第 1 次 等待 3 秒
2021-08-02 00:12:02 CHB 1936836?1627834317 第 1 次 获取到号码【1936836】GSD
2021-08-02 00:12:02 未获取到号码【1936836】GSD，可能号码格式错误
2021-08-02 00:12:02 获取到号码【1936836】的GSD为【-】
2021-08-02 00:12:08 GSD insert 第 1 次 等待 3 秒
2021-08-02 00:12:11 {"status":"ok","gid":473183,"msg":"添加成功！"}
2021-08-02 00:12:11 下次操作: 2021-08-02 00:12:26

2021-08-02 00:12:26 开始第 30 次操作

2021-08-02 00:12:26 开始操作号码 【1936835】
2021-08-02 00:12:31 GSD getOne 第 1 次 等待 3 秒
2021-08-02 00:12:34 查询号码 【1936835】，返回信息 {"status":"bad","msg":""}
2021-08-02 00:12:34 查询号码 【1936835】，GSD为【""】
2021-08-02 00:12:34 bad
2021-08-02 00:12:35 CHB 1936835?1627834354 第 1 次 等待 3 秒
2021-08-02 00:12:38 CHB 1936835?1627834354 第 1 次 获取到号码【1936835】GSD
2021-08-02 00:12:38 未获取到号码【1936835】GSD，可能号码格式错误
2021-08-02 00:12:38 获取到号码【1936835】的GSD为【-】
2021-08-02 00:12:47 GSD insert 第 1 次 等待 3 秒
2021-08-02 00:12:50 {"status":"ok","gid":473191,"msg":"添加成功！"}
2021-08-02 00:12:50 下次操作: 2021-08-02 00:13:14

2021-08-02 00:13:14 开始第 31 次操作

2021-08-02 00:13:14 开始操作号码 【1936834】
2021-08-02 00:13:19 GSD getOne 第 1 次 等待 3 秒
2021-08-02 00:13:22 查询号码 【1936834】，返回信息 {"status":"bad","msg":""}
2021-08-02 00:13:22 查询号码 【1936834】，GSD为【""】
2021-08-02 00:13:22 bad
2021-08-02 00:13:23 CHB 1936834?1627834402 第 1 次 等待 3 秒
2021-08-02 00:13:26 CHB 1936834?1627834402 第 1 次 获取到号码【1936834】GSD
2021-08-02 00:13:26 未获取到号码【1936834】GSD，可能号码格式错误
2021-08-02 00:13:26 获取到号码【1936834】的GSD为【-】
2021-08-02 00:13:36 GSD insert 第 1 次 等待 3 秒
2021-08-02 00:13:39 {"status":"ok","gid":473198,"msg":"添加成功！"}
2021-08-02 00:13:39 下次操作: 2021-08-02 00:13:54

2021-08-02 00:13:54 开始第 32 次操作

2021-08-02 00:13:54 开始操作号码 【1936833】
2021-08-02 00:14:06 GSD getOne 第 1 次 等待 3 秒
2021-08-02 00:14:09 查询号码 【1936833】，返回信息 {"status":"bad","msg":""}
2021-08-02 00:14:09 查询号码 【1936833】，GSD为【""】
2021-08-02 00:14:09 bad
2021-08-02 00:14:11 CHB 1936833?1627834449 第 1 次 等待 3 秒
2021-08-02 00:14:14 CHB 1936833?1627834449 第 1 次 获取到号码【1936833】GSD
2021-08-02 00:14:14 未获取到号码【1936833】GSD，可能号码格式错误
2021-08-02 00:14:14 获取到号码【1936833】的GSD为【-】
2021-08-02 00:14:17 GSD insert 第 1 次 等待 3 秒
2021-08-02 00:14:20 {"status":"ok","gid":473206,"msg":"添加成功！"}
2021-08-02 00:14:20 下次操作: 2021-08-02 00:14:44

2021-08-02 00:14:44 开始第 33 次操作

2021-08-02 00:14:44 开始操作号码 【1936832】
2021-08-02 00:15:22 GSD getOne 第 1 次 等待 3 秒
2021-08-02 00:15:25 查询号码 【1936832】，返回信息 {"status":"bad","msg":""}
2021-08-02 00:15:25 查询号码 【1936832】，GSD为【""】
2021-08-02 00:15:25 bad
2021-08-02 00:15:27 CHB 1936832?1627834525 第 1 次 等待 3 秒
2021-08-02 00:15:30 CHB 1936832?1627834525 第 1 次 获取到号码【1936832】GSD
2021-08-02 00:15:30 未获取到号码【1936832】GSD，可能号码格式错误
2021-08-02 00:15:30 获取到号码【1936832】的GSD为【-】
2021-08-02 00:15:33 GSD insert 第 1 次 等待 3 秒
2021-08-02 00:15:36 {"status":"ok","gid":473213,"msg":"添加成功！"}
2021-08-02 00:15:36 下次操作: 2021-08-02 00:15:51

2021-08-02 00:15:51 开始第 34 次操作

2021-08-02 00:15:51 开始操作号码 【1936831】
2021-08-02 00:15:55 GSD getOne 第 1 次 等待 3 秒
2021-08-02 00:15:58 查询号码 【1936831】，返回信息 {"status":"bad","msg":""}
2021-08-02 00:15:58 查询号码 【1936831】，GSD为【""】
2021-08-02 00:15:58 bad
2021-08-02 00:16:00 CHB 1936831?1627834558 第 1 次 等待 3 秒
2021-08-02 00:16:03 CHB 1936831?1627834558 第 1 次 获取到号码【1936831】GSD
2021-08-02 00:16:03 未获取到号码【1936831】GSD，可能号码格式错误
2021-08-02 00:16:03 获取到号码【1936831】的GSD为【-】
2021-08-02 00:16:10 GSD insert 第 1 次 等待 3 秒
2021-08-02 00:16:13 {"status":"ok","gid":473218,"msg":"添加成功！"}
2021-08-02 00:16:13 下次操作: 2021-08-02 00:16:32

2021-08-02 00:16:32 开始第 35 次操作

2021-08-02 00:16:32 开始操作号码 【1936830】
2021-08-02 00:17:37 GSD getOne 第 1 次 等待 3 秒
2021-08-02 00:17:40 查询号码 【1936830】，返回信息 {"status":"bad","msg":""}
2021-08-02 00:17:40 查询号码 【1936830】，GSD为【""】
2021-08-02 00:17:40 bad
2021-08-02 00:17:42 CHB 1936830?1627834660 第 1 次 等待 3 秒
2021-08-02 00:17:45 CHB 1936830?1627834660 第 1 次 获取到号码【1936830】GSD
2021-08-02 00:17:45 未获取到号码【1936830】GSD，可能号码格式错误
2021-08-02 00:17:45 获取到号码【1936830】的GSD为【-】
2021-08-02 00:19:06 GSD insert 第 1 次 等待 3 秒
2021-08-02 00:19:09 {"status":"ok","gid":473236,"msg":"添加成功！"}
2021-08-02 00:19:09 下次操作: 2021-08-02 00:19:26

2021-08-02 00:19:26 开始第 36 次操作

2021-08-02 00:19:26 开始操作号码 【1936829】
2021-08-02 00:19:49 GSD getOne 第 1 次 等待 3 秒
2021-08-02 00:19:52 查询号码 【1936829】，返回信息 {"status":"bad","msg":""}
2021-08-02 00:19:52 查询号码 【1936829】，GSD为【""】
2021-08-02 00:19:52 bad
2021-08-02 00:19:53 CHB 1936829?1627834792 第 1 次 等待 3 秒
2021-08-02 00:19:56 CHB 1936829?1627834792 第 1 次 获取到号码【1936829】GSD
2021-08-02 00:19:56 未获取到号码【1936829】GSD，可能号码格式错误
2021-08-02 00:19:56 获取到号码【1936829】的GSD为【-】
2021-08-02 00:20:02 GSD insert 第 1 次 等待 3 秒
2021-08-02 00:20:05 {"status":"ok","gid":473240,"msg":"添加成功！"}
2021-08-02 00:20:05 下次操作: 2021-08-02 00:20:26

2021-08-02 00:20:26 开始第 37 次操作

2021-08-02 00:20:26 开始操作号码 【1936828】
2021-08-02 00:20:30 GSD getOne 第 1 次 等待 3 秒
2021-08-02 00:20:33 查询号码 【1936828】，返回信息 {"status":"bad","msg":""}
2021-08-02 00:20:33 查询号码 【1936828】，GSD为【""】
2021-08-02 00:20:33 bad
2021-08-02 00:20:34 CHB 1936828?1627834833 第 1 次 等待 3 秒
2021-08-02 00:20:37 CHB 1936828?1627834833 第 1 次 获取到号码【1936828】GSD
2021-08-02 00:20:37 未获取到号码【1936828】GSD，可能号码格式错误
2021-08-02 00:20:37 获取到号码【1936828】的GSD为【-】
2021-08-02 00:20:42 GSD insert 第 1 次 等待 3 秒
2021-08-02 00:20:45 {"status":"ok","gid":473246,"msg":"添加成功！"}
2021-08-02 00:20:45 下次操作: 2021-08-02 00:21:00

2021-08-02 00:21:00 开始第 38 次操作

2021-08-02 00:21:00 开始操作号码 【1936827】
2021-08-02 00:21:03 GSD getOne 第 1 次 等待 3 秒
2021-08-02 00:21:06 查询号码 【1936827】，返回信息 {"status":"bad","msg":""}
2021-08-02 00:21:06 查询号码 【1936827】，GSD为【""】
2021-08-02 00:21:06 bad
2021-08-02 00:21:08 CHB 1936827?1627834866 第 1 次 等待 3 秒
2021-08-02 00:21:11 CHB 1936827?1627834866 第 1 次 获取到号码【1936827】GSD
2021-08-02 00:21:11 未获取到号码【1936827】GSD，可能号码格式错误
2021-08-02 00:21:11 获取到号码【1936827】的GSD为【-】
2021-08-02 00:21:17 GSD insert 第 1 次 等待 3 秒
2021-08-02 00:21:20 {"status":"ok","gid":473250,"msg":"添加成功！"}
2021-08-02 00:21:20 下次操作: 2021-08-02 00:21:41

2021-08-02 00:21:41 开始第 39 次操作

2021-08-02 00:21:41 开始操作号码 【1936826】
2021-08-02 00:21:46 GSD getOne 第 1 次 等待 3 秒
2021-08-02 00:21:49 查询号码 【1936826】，返回信息 {"status":"bad","msg":""}
2021-08-02 00:21:49 查询号码 【1936826】，GSD为【""】
2021-08-02 00:21:49 bad
2021-08-02 00:21:50 CHB 1936826?1627834909 第 1 次 等待 3 秒
2021-08-02 00:21:53 CHB 1936826?1627834909 第 1 次 获取到号码【1936826】GSD
2021-08-02 00:21:54 未获取到号码【1936826】GSD，可能号码格式错误
2021-08-02 00:21:54 获取到号码【1936826】的GSD为【-】
2021-08-02 00:21:57 GSD insert 第 1 次 等待 3 秒
2021-08-02 00:22:00 {"status":"ok","gid":473254,"msg":"添加成功！"}
2021-08-02 00:22:00 下次操作: 2021-08-02 00:22:19

2021-08-02 00:22:19 开始第 40 次操作

2021-08-02 00:22:19 开始操作号码 【1936825】
2021-08-02 00:22:30 GSD getOne 第 1 次 等待 3 秒
2021-08-02 00:22:33 查询号码 【1936825】，返回信息 {"status":"bad","msg":""}
2021-08-02 00:22:33 查询号码 【1936825】，GSD为【""】
2021-08-02 00:22:33 bad
2021-08-02 00:22:35 CHB 1936825?1627834953 第 1 次 等待 3 秒
2021-08-02 00:22:38 CHB 1936825?1627834953 第 1 次 获取到号码【1936825】GSD
2021-08-02 00:22:38 未获取到号码【1936825】GSD，可能号码格式错误
2021-08-02 00:22:38 获取到号码【1936825】的GSD为【-】
2021-08-02 00:22:54 GSD insert 第 1 次 等待 3 秒
2021-08-02 00:22:57 {"status":"ok","gid":473261,"msg":"添加成功！"}

