2024-07-29 00:12:24 开始第 8737 次操作

2024-07-29 00:12:24 开始操作号码 【1518627】
2024-07-29 00:12:35 GSD getOne 第 1 次 等待 3 秒
2024-07-29 00:12:38 查询号码 【1518627】，返回信息 {"status":"ok","msg":"贵州-六盘水","gid":"18162","time_insert":"2017-09-08 16:37","time_update":"2020-11-19 22:34"}
2024-07-29 00:12:38 查询号码 【1518627】，GSD为【"贵州-六盘水"】

2024-07-29 00:12:39 开始第 8738 次操作

2024-07-29 00:12:39 开始操作号码 【1518628】
2024-07-29 00:12:49 GSD getOne 第 1 次 等待 3 秒
2024-07-29 00:12:52 查询号码 【1518628】，返回信息 {"status":"ok","msg":"贵州-六盘水","gid":"18163","time_insert":"2017-01-02 19:15","time_update":"2020-11-19 22:38"}
2024-07-29 00:12:52 查询号码 【1518628】，GSD为【"贵州-六盘水"】

2024-07-29 00:12:53 开始第 8739 次操作

2024-07-29 00:12:53 开始操作号码 【1518629】
2024-07-29 00:13:02 GSD getOne 第 1 次 等待 3 秒
2024-07-29 00:13:05 查询号码 【1518629】，返回信息 {"status":"ok","msg":"贵州-六盘水","gid":"18164","time_insert":"2018-10-23 10:26","time_update":"2020-11-19 22:43"}
2024-07-29 00:13:05 查询号码 【1518629】，GSD为【"贵州-六盘水"】

2024-07-29 00:13:06 开始第 8740 次操作

2024-07-29 00:13:06 开始操作号码 【1518630】
2024-07-29 00:13:14 GSD getOne 第 1 次 等待 3 秒
2024-07-29 00:13:17 查询号码 【1518630】，返回信息 {"status":"ok","msg":"贵州-六盘水","gid":"424906","time_insert":"2021-07-28 14:53"}
2024-07-29 00:13:17 查询号码 【1518630】，GSD为【"贵州-六盘水"】

