2023-12-10 00:09:50 开始第 2417 次操作

2023-12-10 00:09:50 开始操作号码 【1842316】
2023-12-10 00:09:55 GSD getOne 第 1 次 等待 3 秒
2023-12-10 00:09:58 查询号码 【1842316】，返回信息 {"status":"ok","msg":"重庆-重庆","gid":"486745","time_insert":"2021-08-03 04:44"}
2023-12-10 00:09:58 查询号码 【1842316】，GSD为【"重庆-重庆"】

2023-12-10 00:09:59 开始第 2418 次操作

2023-12-10 00:09:59 开始操作号码 【1842317】
2023-12-10 00:10:02 GSD getOne 第 1 次 等待 3 秒
2023-12-10 00:10:05 查询号码 【1842317】，返回信息 {"status":"ok","msg":"重庆-重庆","gid":"39236","time_insert":"2016-12-27 20:08","time_update":"2021-01-17 10:03"}
2023-12-10 00:10:05 查询号码 【1842317】，GSD为【"重庆-重庆"】

2023-12-10 00:10:06 开始第 2419 次操作

2023-12-10 00:10:06 开始操作号码 【1842318】
2023-12-10 00:10:17 GSD getOne 第 1 次 等待 3 秒
2023-12-10 00:10:20 查询号码 【1842318】，返回信息 {"status":"ok","msg":"重庆-重庆","gid":"486731","time_insert":"2021-08-03 04:43"}
2023-12-10 00:10:20 查询号码 【1842318】，GSD为【"重庆-重庆"】

2023-12-10 00:10:21 开始第 2420 次操作

2023-12-10 00:10:21 开始操作号码 【1842319】
2023-12-10 00:10:25 GSD getOne 第 1 次 等待 3 秒
2023-12-10 00:10:28 查询号码 【1842319】，返回信息 {"status":"ok","msg":"重庆-重庆","gid":"486721","time_insert":"2021-08-03 04:43"}
2023-12-10 00:10:28 查询号码 【1842319】，GSD为【"重庆-重庆"】

2023-12-10 00:35:09 开始第 2421 次操作

2023-12-10 00:35:09 开始操作号码 【1842320】
2023-12-10 00:35:14 GSD getOne 第 1 次 等待 3 秒
2023-12-10 00:35:17 查询号码 【1842320】，返回信息 {"status":"ok","msg":"重庆-万州","gid":"486714","time_insert":"2021-08-03 04:42"}
2023-12-10 00:35:17 查询号码 【1842320】，GSD为【"重庆-万州"】

2023-12-10 00:35:18 开始第 2422 次操作

2023-12-10 00:35:18 开始操作号码 【1842321】
2023-12-10 00:35:23 GSD getOne 第 1 次 等待 3 秒
2023-12-10 00:35:26 查询号码 【1842321】，返回信息 {"status":"ok","msg":"重庆-万州","gid":"39237","time_insert":"2017-05-30 10:52","time_update":"2021-01-17 10:07"}
2023-12-10 00:35:26 查询号码 【1842321】，GSD为【"重庆-万州"】

2023-12-10 00:35:27 开始第 2423 次操作

2023-12-10 00:35:27 开始操作号码 【1842322】
2023-12-10 00:35:31 GSD getOne 第 1 次 等待 3 秒
2023-12-10 00:35:34 查询号码 【1842322】，返回信息 {"status":"ok","msg":"重庆-万州","gid":"486706","time_insert":"2021-08-03 04:41"}
2023-12-10 00:35:34 查询号码 【1842322】，GSD为【"重庆-万州"】

2023-12-10 00:35:35 开始第 2424 次操作

2023-12-10 00:35:35 开始操作号码 【1842323】
2023-12-10 00:35:39 GSD getOne 第 1 次 等待 3 秒
2023-12-10 00:35:42 查询号码 【1842323】，返回信息 {"status":"ok","msg":"重庆-万州","gid":"39238","time_insert":"2014-02-23 16:04","time_update":"2021-01-17 10:13"}
2023-12-10 00:35:42 查询号码 【1842323】，GSD为【"重庆-万州"】

