2024-09-27 00:28:36 开始第 6341 次操作

2024-09-27 00:28:36 开始操作号码 【1406339】
2024-09-27 00:28:39 GSD getOne 第 1 次 等待 3 秒
2024-09-27 00:28:42 查询号码 【1406339】，返回信息 {"status":"ok","msg":"-","gid":"652284","time_insert":"2023-04-13 20:45"}
2024-09-27 00:28:42 查询号码 【1406339】，GSD为【"-"】
2024-09-27 00:28:42 ok && -
2024-09-27 00:28:44 CHB 1406339?1727368122 第 1 次 等待 3 秒
2024-09-27 00:28:47 CHB 1406339?1727368122 第 1 次 获取到号码【1406339】GSD
2024-09-27 00:28:47 未获取到号码【1406339】GSD，可能号码格式错误
2024-09-27 00:28:47 获取到号码【1406339】的GSD为【-】
2024-09-27 00:29:04 GSD insert 第 1 次 等待 3 秒
2024-09-27 00:29:07 {"status":"bad","gid":"652284","msg":"添加失败！号码【1406339(-|-)】已存在！"}
2024-09-27 00:29:07 随机等待 169 秒，约 2 分钟
2024-09-27 00:29:07 下次操作: 2024-09-27 00:31:56

2024-09-27 00:31:56 开始第 6342 次操作

2024-09-27 00:31:56 开始操作号码 【1406340】
2024-09-27 00:31:58 GSD getOne 第 1 次 等待 3 秒
2024-09-27 00:32:01 查询号码 【1406340】，返回信息 {"status":"ok","msg":"-","gid":"652306","time_insert":"2023-04-13 20:58"}
2024-09-27 00:32:01 查询号码 【1406340】，GSD为【"-"】
2024-09-27 00:32:01 ok && -
2024-09-27 00:32:03 CHB 1406340?1727368321 第 1 次 等待 3 秒
2024-09-27 00:32:06 CHB 1406340?1727368321 第 1 次 获取到号码【1406340】GSD
2024-09-27 00:32:06 未获取到号码【1406340】GSD，可能号码格式错误
2024-09-27 00:32:06 获取到号码【1406340】的GSD为【-】
2024-09-27 00:32:08 GSD insert 第 1 次 等待 3 秒
2024-09-27 00:32:11 {"status":"bad","gid":"652306","msg":"添加失败！号码【1406340(-|-)】已存在！"}
2024-09-27 00:32:11 随机等待 111 秒，约 1 分钟
2024-09-27 00:32:11 下次操作: 2024-09-27 00:34:02

2024-09-27 00:34:02 开始第 6343 次操作

2024-09-27 00:34:02 开始操作号码 【1406341】
2024-09-27 00:34:05 GSD getOne 第 1 次 等待 3 秒
2024-09-27 00:34:08 查询号码 【1406341】，返回信息 {"status":"ok","msg":"-","gid":"652323","time_insert":"2023-04-13 21:12"}
2024-09-27 00:34:08 查询号码 【1406341】，GSD为【"-"】
2024-09-27 00:34:08 ok && -
2024-09-27 00:34:10 CHB 1406341?1727368448 第 1 次 等待 3 秒
2024-09-27 00:34:13 CHB 1406341?1727368448 第 1 次 获取到号码【1406341】GSD
2024-09-27 00:34:13 未获取到号码【1406341】GSD，可能号码格式错误
2024-09-27 00:34:13 获取到号码【1406341】的GSD为【-】
2024-09-27 00:34:16 GSD insert 第 1 次 等待 3 秒
2024-09-27 00:34:19 {"status":"bad","gid":"652323","msg":"添加失败！号码【1406341(-|-)】已存在！"}
2024-09-27 00:34:19 随机等待 187 秒，约 3 分钟
2024-09-27 00:34:19 下次操作: 2024-09-27 00:37:26

2024-09-27 00:37:26 开始第 6344 次操作

2024-09-27 00:37:26 开始操作号码 【1406342】
2024-09-27 00:37:43 GSD getOne 第 1 次 等待 3 秒
2024-09-27 00:37:46 查询号码 【1406342】，返回信息 {"status":"ok","msg":"-","gid":"652337","time_insert":"2023-04-13 21:22"}
2024-09-27 00:37:46 查询号码 【1406342】，GSD为【"-"】
2024-09-27 00:37:46 ok && -
2024-09-27 00:37:48 CHB 1406342?1727368666 第 1 次 等待 3 秒
2024-09-27 00:37:51 CHB 1406342?1727368666 第 1 次 获取到号码【1406342】GSD
2024-09-27 00:37:51 未获取到号码【1406342】GSD，可能号码格式错误
2024-09-27 00:37:51 获取到号码【1406342】的GSD为【-】
2024-09-27 00:37:53 GSD insert 第 1 次 等待 3 秒
2024-09-27 00:37:56 {"status":"bad","gid":"652337","msg":"添加失败！号码【1406342(-|-)】已存在！"}

