2024-05-07 00:11:37 开始第 7733 次操作

2024-05-07 00:11:37 开始操作号码 【1627633】
2024-05-07 00:11:46 GSD getOne 第 1 次 等待 3 秒
2024-05-07 00:11:49 查询号码 【1627633】，返回信息 {"status":"ok","msg":"-","gid":"239285","time_insert":"2021-07-10 12:03"}
2024-05-07 00:11:49 查询号码 【1627633】，GSD为【"-"】
2024-05-07 00:11:49 ok && -
2024-05-07 00:11:51 CHB 1627633?1715011909 第 1 次 等待 3 秒
2024-05-07 00:11:54 CHB 1627633?1715011909 第 1 次 获取到号码【1627633】GSD
2024-05-07 00:11:55 未获取到号码【1627633】GSD，可能号码格式错误
2024-05-07 00:11:55 获取到号码【1627633】的GSD为【-】
2024-05-07 00:12:01 GSD insert 第 1 次 等待 3 秒
2024-05-07 00:12:04 {"status":"bad","gid":"239285","msg":"添加失败！号码【1627633(-|-)】已存在！"}
2024-05-07 00:12:04 随机等待 150 秒，约 2 分钟
2024-05-07 00:12:04 下次操作: 2024-05-07 00:14:34

2024-05-07 00:14:34 开始第 7734 次操作

2024-05-07 00:14:34 开始操作号码 【1627634】
2024-05-07 00:14:39 GSD getOne 第 1 次 等待 3 秒
2024-05-07 00:14:42 查询号码 【1627634】，返回信息 {"status":"ok","msg":"-","gid":"239320","time_insert":"2021-07-10 12:08"}
2024-05-07 00:14:42 查询号码 【1627634】，GSD为【"-"】
2024-05-07 00:14:42 ok && -
2024-05-07 00:14:45 CHB 1627634?1715012082 第 1 次 等待 3 秒
2024-05-07 00:14:48 CHB 1627634?1715012082 第 1 次 获取到号码【1627634】GSD
2024-05-07 00:14:48 未获取到号码【1627634】GSD，可能号码格式错误
2024-05-07 00:14:48 获取到号码【1627634】的GSD为【-】
2024-05-07 00:14:54 GSD insert 第 1 次 等待 3 秒
2024-05-07 00:14:57 {"status":"bad","gid":"239320","msg":"添加失败！号码【1627634(-|-)】已存在！"}
2024-05-07 00:14:57 随机等待 230 秒，约 3 分钟
2024-05-07 00:14:57 下次操作: 2024-05-07 00:18:47

2024-05-07 00:18:47 开始第 7735 次操作

2024-05-07 00:18:47 开始操作号码 【1627635】
2024-05-07 00:18:54 GSD getOne 第 1 次 等待 3 秒
2024-05-07 00:18:57 查询号码 【1627635】，返回信息 {"status":"ok","msg":"-","gid":"239339","time_insert":"2021-07-10 12:13"}
2024-05-07 00:18:57 查询号码 【1627635】，GSD为【"-"】
2024-05-07 00:18:57 ok && -
2024-05-07 00:19:00 CHB 1627635?1715012337 第 1 次 等待 3 秒
2024-05-07 00:19:03 CHB 1627635?1715012337 第 1 次 获取到号码【1627635】GSD
2024-05-07 00:19:03 未获取到号码【1627635】GSD，可能号码格式错误
2024-05-07 00:19:03 获取到号码【1627635】的GSD为【-】
2024-05-07 00:19:08 GSD insert 第 1 次 等待 3 秒
2024-05-07 00:19:11 {"status":"bad","gid":"239339","msg":"添加失败！号码【1627635(-|-)】已存在！"}
2024-05-07 00:19:11 随机等待 99 秒，约 1 分钟
2024-05-07 00:19:11 下次操作: 2024-05-07 00:20:50

2024-05-07 00:20:50 开始第 7736 次操作

2024-05-07 00:20:50 开始操作号码 【1627636】
2024-05-07 00:20:57 GSD getOne 第 1 次 等待 3 秒
2024-05-07 00:21:00 查询号码 【1627636】，返回信息 {"status":"ok","msg":"-","gid":"239346","time_insert":"2021-07-10 12:18"}
2024-05-07 00:21:00 查询号码 【1627636】，GSD为【"-"】
2024-05-07 00:21:00 ok && -
2024-05-07 00:21:03 CHB 1627636?1715012460 第 1 次 等待 3 秒
2024-05-07 00:21:06 CHB 1627636?1715012460 第 1 次 获取到号码【1627636】GSD
2024-05-07 00:21:06 未获取到号码【1627636】GSD，可能号码格式错误
2024-05-07 00:21:06 获取到号码【1627636】的GSD为【-】
2024-05-07 00:21:12 GSD insert 第 1 次 等待 3 秒
2024-05-07 00:21:15 {"status":"bad","gid":"239346","msg":"添加失败！号码【1627636(-|-)】已存在！"}

