2024-10-17 00:28:17 开始第 9565 次操作

2024-10-17 00:28:17 开始操作号码 【1409562】
2024-10-17 00:28:20 GSD getOne 第 1 次 等待 3 秒
2024-10-17 00:28:23 查询号码 【1409562】，返回信息 {"status":"ok","msg":"-","gid":"695501","time_insert":"2023-05-07 01:44"}
2024-10-17 00:28:23 查询号码 【1409562】，GSD为【"-"】
2024-10-17 00:28:23 ok && -
2024-10-17 00:28:25 CHB 1409562?1729096103 第 1 次 等待 3 秒
2024-10-17 00:28:28 CHB 1409562?1729096103 第 1 次 获取到号码【1409562】GSD
2024-10-17 00:28:28 未获取到号码【1409562】GSD，可能号码格式错误
2024-10-17 00:28:28 获取到号码【1409562】的GSD为【-】
2024-10-17 00:28:30 GSD insert 第 1 次 等待 3 秒
2024-10-17 00:28:33 {"status":"bad","gid":"695501","msg":"添加失败！号码【1409562(-|-)】已存在！"}
2024-10-17 00:28:33 随机等待 164 秒，约 2 分钟
2024-10-17 00:28:33 下次操作: 2024-10-17 00:31:17

2024-10-17 00:31:17 开始第 9566 次操作

2024-10-17 00:31:17 开始操作号码 【1409563】
2024-10-17 00:31:20 GSD getOne 第 1 次 等待 3 秒
2024-10-17 00:31:23 查询号码 【1409563】，返回信息 {"status":"ok","msg":"-","gid":"695482","time_insert":"2023-05-07 01:22"}
2024-10-17 00:31:23 查询号码 【1409563】，GSD为【"-"】
2024-10-17 00:31:23 ok && -
2024-10-17 00:31:25 CHB 1409563?1729096283 第 1 次 等待 3 秒
2024-10-17 00:31:28 CHB 1409563?1729096283 第 1 次 获取到号码【1409563】GSD
2024-10-17 00:31:28 未获取到号码【1409563】GSD，可能号码格式错误
2024-10-17 00:31:28 获取到号码【1409563】的GSD为【-】
2024-10-17 00:31:30 GSD insert 第 1 次 等待 3 秒
2024-10-17 00:31:33 {"status":"bad","gid":"695482","msg":"添加失败！号码【1409563(-|-)】已存在！"}
2024-10-17 00:31:33 随机等待 200 秒，约 3 分钟
2024-10-17 00:31:33 下次操作: 2024-10-17 00:34:53

2024-10-17 00:34:53 开始第 9567 次操作

2024-10-17 00:34:53 开始操作号码 【1409564】
2024-10-17 00:34:55 GSD getOne 第 1 次 等待 3 秒
2024-10-17 00:34:58 查询号码 【1409564】，返回信息 {"status":"ok","msg":"-","gid":"695472","time_insert":"2023-05-07 01:11"}
2024-10-17 00:34:58 查询号码 【1409564】，GSD为【"-"】
2024-10-17 00:34:58 ok && -
2024-10-17 00:35:00 CHB 1409564?1729096498 第 1 次 等待 3 秒
2024-10-17 00:35:03 CHB 1409564?1729096498 第 1 次 获取到号码【1409564】GSD
2024-10-17 00:35:03 未获取到号码【1409564】GSD，可能号码格式错误
2024-10-17 00:35:03 获取到号码【1409564】的GSD为【-】
2024-10-17 00:35:05 GSD insert 第 1 次 等待 3 秒
2024-10-17 00:35:08 {"status":"bad","gid":"695472","msg":"添加失败！号码【1409564(-|-)】已存在！"}
2024-10-17 00:35:08 随机等待 233 秒，约 3 分钟
2024-10-17 00:35:08 下次操作: 2024-10-17 00:39:01

2024-10-17 00:39:01 开始第 9568 次操作

2024-10-17 00:39:01 开始操作号码 【1409565】
2024-10-17 00:39:05 GSD getOne 第 1 次 等待 3 秒
2024-10-17 00:39:08 查询号码 【1409565】，返回信息 {"status":"ok","msg":"-","gid":"695458","time_insert":"2023-05-07 01:00"}
2024-10-17 00:39:08 查询号码 【1409565】，GSD为【"-"】
2024-10-17 00:39:08 ok && -
2024-10-17 00:39:10 CHB 1409565?1729096748 第 1 次 等待 3 秒
2024-10-17 00:39:13 CHB 1409565?1729096748 第 1 次 获取到号码【1409565】GSD
2024-10-17 00:39:13 未获取到号码【1409565】GSD，可能号码格式错误
2024-10-17 00:39:13 获取到号码【1409565】的GSD为【-】
2024-10-17 00:39:15 GSD insert 第 1 次 等待 3 秒
2024-10-17 00:39:18 {"status":"bad","gid":"695458","msg":"添加失败！号码【1409565(-|-)】已存在！"}

2024-10-17 00:46:24 开始第 9569 次操作

2024-10-17 00:46:24 开始操作号码 【1409566】
2024-10-17 00:46:28 GSD getOne 第 1 次 等待 3 秒
2024-10-17 00:46:31 查询号码 【1409566】，返回信息 {"status":"ok","msg":"-","gid":"695443","time_insert":"2023-05-07 00:46"}
2024-10-17 00:46:31 查询号码 【1409566】，GSD为【"-"】
2024-10-17 00:46:31 ok && -
2024-10-17 00:46:33 CHB 1409566?1729097191 第 1 次 等待 3 秒
2024-10-17 00:46:36 CHB 1409566?1729097191 第 1 次 获取到号码【1409566】GSD
2024-10-17 00:46:36 未获取到号码【1409566】GSD，可能号码格式错误
2024-10-17 00:46:36 获取到号码【1409566】的GSD为【-】
2024-10-17 00:46:38 GSD insert 第 1 次 等待 3 秒
2024-10-17 00:46:41 {"status":"bad","gid":"695443","msg":"添加失败！号码【1409566(-|-)】已存在！"}
2024-10-17 00:46:41 随机等待 171 秒，约 2 分钟
2024-10-17 00:46:41 下次操作: 2024-10-17 00:49:32

2024-10-17 00:49:32 开始第 9570 次操作

2024-10-17 00:49:32 开始操作号码 【1409567】
2024-10-17 00:49:49 GSD getOne 第 1 次 等待 3 秒
2024-10-17 00:49:52 查询号码 【1409567】，返回信息 {"status":"ok","msg":"-","gid":"695426","time_insert":"2023-05-07 00:30"}
2024-10-17 00:49:52 查询号码 【1409567】，GSD为【"-"】
2024-10-17 00:49:52 ok && -
2024-10-17 00:49:54 CHB 1409567?1729097392 第 1 次 等待 3 秒
2024-10-17 00:49:57 CHB 1409567?1729097392 第 1 次 获取到号码【1409567】GSD
2024-10-17 00:49:57 未获取到号码【1409567】GSD，可能号码格式错误
2024-10-17 00:49:57 获取到号码【1409567】的GSD为【-】
2024-10-17 00:49:58 GSD insert 第 1 次 等待 3 秒
2024-10-17 00:50:01 {"status":"bad","gid":"695426","msg":"添加失败！号码【1409567(-|-)】已存在！"}
2024-10-17 00:50:01 随机等待 191 秒，约 3 分钟
2024-10-17 00:50:01 下次操作: 2024-10-17 00:53:12

2024-10-17 00:53:12 开始第 9571 次操作

2024-10-17 00:53:12 开始操作号码 【1409568】
2024-10-17 00:53:15 GSD getOne 第 1 次 等待 3 秒
2024-10-17 00:53:18 查询号码 【1409568】，返回信息 {"status":"ok","msg":"-","gid":"695420","time_insert":"2023-05-07 00:22"}
2024-10-17 00:53:18 查询号码 【1409568】，GSD为【"-"】
2024-10-17 00:53:18 ok && -
2024-10-17 00:53:20 CHB 1409568?1729097598 第 1 次 等待 3 秒
2024-10-17 00:53:23 CHB 1409568?1729097598 第 1 次 获取到号码【1409568】GSD
2024-10-17 00:53:23 未获取到号码【1409568】GSD，可能号码格式错误
2024-10-17 00:53:23 获取到号码【1409568】的GSD为【-】
2024-10-17 00:53:25 GSD insert 第 1 次 等待 3 秒
2024-10-17 00:53:28 {"status":"bad","gid":"695420","msg":"添加失败！号码【1409568(-|-)】已存在！"}
2024-10-17 00:53:28 随机等待 185 秒，约 3 分钟
2024-10-17 00:53:28 下次操作: 2024-10-17 00:56:33

2024-10-17 00:56:33 开始第 9572 次操作

2024-10-17 00:56:33 开始操作号码 【1409569】
2024-10-17 00:56:37 GSD getOne 第 1 次 等待 3 秒
2024-10-17 00:56:40 查询号码 【1409569】，返回信息 {"status":"ok","msg":"-","gid":"695405","time_insert":"2023-05-07 00:06"}
2024-10-17 00:56:40 查询号码 【1409569】，GSD为【"-"】
2024-10-17 00:56:40 ok && -
2024-10-17 00:56:42 CHB 1409569?1729097800 第 1 次 等待 3 秒
2024-10-17 00:56:45 CHB 1409569?1729097800 第 1 次 获取到号码【1409569】GSD
2024-10-17 00:56:45 未获取到号码【1409569】GSD，可能号码格式错误
2024-10-17 00:56:45 获取到号码【1409569】的GSD为【-】
2024-10-17 00:56:47 GSD insert 第 1 次 等待 3 秒
2024-10-17 00:56:50 {"status":"bad","gid":"695405","msg":"添加失败！号码【1409569(-|-)】已存在！"}

