2024-02-04 00:10:38 开始第 1817 次操作

2024-02-04 00:10:38 开始操作号码 【1731716】
2024-02-04 00:10:42 GSD getOne 第 1 次 等待 3 秒
2024-02-04 00:10:45 查询号码 【1731716】，返回信息 {"status":"ok","msg":"上海-上海","gid":"149330","time_insert":"2021-06-28 22:38"}
2024-02-04 00:10:45 查询号码 【1731716】，GSD为【"上海-上海"】

2024-02-04 00:10:46 开始第 1818 次操作

2024-02-04 00:10:46 开始操作号码 【1731717】
2024-02-04 00:10:50 GSD getOne 第 1 次 等待 3 秒
2024-02-04 00:10:53 查询号码 【1731717】，返回信息 {"status":"ok","msg":"上海-上海","gid":"149335","time_insert":"2021-06-28 22:38"}
2024-02-04 00:10:53 查询号码 【1731717】，GSD为【"上海-上海"】

2024-02-04 00:10:54 开始第 1819 次操作

2024-02-04 00:10:54 开始操作号码 【1731718】
2024-02-04 00:11:03 GSD getOne 第 1 次 等待 3 秒
2024-02-04 00:11:06 查询号码 【1731718】，返回信息 {"status":"ok","msg":"上海-上海","gid":"149340","time_insert":"2021-06-28 22:39"}
2024-02-04 00:11:06 查询号码 【1731718】，GSD为【"上海-上海"】

2024-02-04 00:11:07 开始第 1820 次操作

2024-02-04 00:11:07 开始操作号码 【1731719】
2024-02-04 00:11:12 GSD getOne 第 1 次 等待 3 秒
2024-02-04 00:11:15 查询号码 【1731719】，返回信息 {"status":"ok","msg":"上海-上海","gid":"149349","time_insert":"2021-06-28 22:40"}
2024-02-04 00:11:15 查询号码 【1731719】，GSD为【"上海-上海"】

