2021-08-01 00:00:40 开始第 9 次操作

2021-08-01 00:00:40 开始操作号码 【1937693】
2021-08-01 00:00:44 GSD getOne 第 1 次 等待 3 秒
2021-08-01 00:00:47 查询号码 【1937693】，返回信息 {"status":"bad","msg":""}
2021-08-01 00:00:47 查询号码 【1937693】，GSD为【""】
2021-08-01 00:00:47 bad
2021-08-01 00:00:48 CHB 1937693?1627747247 第 1 次 等待 3 秒
2021-08-01 00:00:51 CHB 1937693?1627747247 第 1 次 获取到号码【1937693】GSD
2021-08-01 00:00:51 获取到号码【1937693】的GSD为【湖南-邵阳】
2021-08-01 00:01:15 GSD insert 第 1 次 等待 3 秒
2021-08-01 00:01:18 {"status":"ok","gid":461573,"msg":"添加成功！"}
2021-08-01 00:01:18 下次操作: 2021-08-01 00:01:30

2021-08-01 00:01:30 开始第 10 次操作

2021-08-01 00:01:30 开始操作号码 【1937692】
2021-08-01 00:01:39 GSD getOne 第 1 次 等待 3 秒
2021-08-01 00:01:42 查询号码 【1937692】，返回信息 {"status":"bad","msg":""}
2021-08-01 00:01:42 查询号码 【1937692】，GSD为【""】
2021-08-01 00:01:42 bad
2021-08-01 00:01:43 CHB 1937692?1627747302 第 1 次 等待 3 秒
2021-08-01 00:01:46 CHB 1937692?1627747302 第 1 次 获取到号码【1937692】GSD
2021-08-01 00:01:46 获取到号码【1937692】的GSD为【湖南-邵阳】
2021-08-01 00:02:09 GSD insert 第 1 次 等待 3 秒
2021-08-01 00:02:12 {"status":"ok","gid":461582,"msg":"添加成功！"}
2021-08-01 00:02:12 下次操作: 2021-08-01 00:02:33

2021-08-01 00:02:33 开始第 11 次操作

2021-08-01 00:02:33 开始操作号码 【1937691】
2021-08-01 00:02:48 GSD getOne 第 1 次 等待 3 秒
2021-08-01 00:02:51 查询号码 【1937691】，返回信息 {"status":"bad","msg":""}
2021-08-01 00:02:52 查询号码 【1937691】，GSD为【""】
2021-08-01 00:02:52 bad
2021-08-01 00:02:56 CHB 1937691?1627747372 第 1 次 等待 3 秒
2021-08-01 00:02:59 CHB 1937691?1627747372 第 1 次 获取到号码【1937691】GSD
2021-08-01 00:02:59 获取到号码【1937691】的GSD为【湖南-邵阳】
2021-08-01 00:03:11 GSD insert 第 1 次 等待 3 秒
2021-08-01 00:03:14 {"status":"ok","gid":461595,"msg":"添加成功！"}
2021-08-01 00:03:14 下次操作: 2021-08-01 00:03:30

2021-08-01 00:03:30 开始第 12 次操作

2021-08-01 00:03:30 开始操作号码 【1937690】
2021-08-01 00:03:34 GSD getOne 第 1 次 等待 3 秒
2021-08-01 00:03:37 查询号码 【1937690】，返回信息 {"status":"bad","msg":""}
2021-08-01 00:03:37 查询号码 【1937690】，GSD为【""】
2021-08-01 00:03:37 bad
2021-08-01 00:03:39 CHB 1937690?1627747417 第 1 次 等待 3 秒
2021-08-01 00:03:42 CHB 1937690?1627747417 第 1 次 获取到号码【1937690】GSD
2021-08-01 00:03:42 获取到号码【1937690】的GSD为【湖南-邵阳】
2021-08-01 00:04:02 GSD insert 第 1 次 等待 3 秒
2021-08-01 00:04:05 {"status":"ok","gid":461606,"msg":"添加成功！"}
2021-08-01 00:04:05 下次操作: 2021-08-01 00:04:17

2021-08-01 00:04:17 开始第 13 次操作

2021-08-01 00:04:17 开始操作号码 【1937689】
2021-08-01 00:04:27 GSD getOne 第 1 次 等待 3 秒
2021-08-01 00:04:30 查询号码 【1937689】，返回信息 {"status":"bad","msg":""}
2021-08-01 00:04:30 查询号码 【1937689】，GSD为【""】
2021-08-01 00:04:30 bad
2021-08-01 00:04:32 CHB 1937689?1627747470 第 1 次 等待 3 秒
2021-08-01 00:04:35 CHB 1937689?1627747470 第 1 次 获取到号码【1937689】GSD
2021-08-01 00:04:35 获取到号码【1937689】的GSD为【湖南-长沙】
2021-08-01 00:04:53 GSD insert 第 1 次 等待 3 秒
2021-08-01 00:04:56 {"status":"ok","gid":461616,"msg":"添加成功！"}
2021-08-01 00:04:56 下次操作: 2021-08-01 00:05:12

2021-08-01 00:05:12 开始第 14 次操作

2021-08-01 00:05:12 开始操作号码 【1937688】
2021-08-01 00:05:19 GSD getOne 第 1 次 等待 3 秒
2021-08-01 00:05:22 查询号码 【1937688】，返回信息 {"status":"bad","msg":""}
2021-08-01 00:05:22 查询号码 【1937688】，GSD为【""】
2021-08-01 00:05:22 bad
2021-08-01 00:05:23 CHB 1937688?1627747522 第 1 次 等待 3 秒
2021-08-01 00:05:26 CHB 1937688?1627747522 第 1 次 获取到号码【1937688】GSD
2021-08-01 00:05:26 获取到号码【1937688】的GSD为【湖南-长沙】
2021-08-01 00:05:47 GSD insert 第 1 次 等待 3 秒
2021-08-01 00:05:50 {"status":"ok","gid":461627,"msg":"添加成功！"}
2021-08-01 00:05:50 下次操作: 2021-08-01 00:06:04

2021-08-01 00:06:04 开始第 15 次操作

2021-08-01 00:06:04 开始操作号码 【1937687】
2021-08-01 00:06:09 GSD getOne 第 1 次 等待 3 秒
2021-08-01 00:06:12 查询号码 【1937687】，返回信息 {"status":"bad","msg":""}
2021-08-01 00:06:12 查询号码 【1937687】，GSD为【""】
2021-08-01 00:06:12 bad
2021-08-01 00:06:13 CHB 1937687?1627747572 第 1 次 等待 3 秒
2021-08-01 00:06:16 CHB 1937687?1627747572 第 1 次 获取到号码【1937687】GSD
2021-08-01 00:06:16 获取到号码【1937687】的GSD为【湖南-长沙】
2021-08-01 00:06:35 GSD insert 第 1 次 等待 3 秒
2021-08-01 00:06:38 {"status":"ok","gid":461638,"msg":"添加成功！"}
2021-08-01 00:06:38 下次操作: 2021-08-01 00:07:01

2021-08-01 00:07:01 开始第 16 次操作

2021-08-01 00:07:01 开始操作号码 【1937686】
2021-08-01 00:07:04 GSD getOne 第 1 次 等待 3 秒
2021-08-01 00:07:07 查询号码 【1937686】，返回信息 {"status":"bad","msg":""}
2021-08-01 00:07:07 查询号码 【1937686】，GSD为【""】
2021-08-01 00:07:07 bad
2021-08-01 00:07:09 CHB 1937686?1627747627 第 1 次 等待 3 秒
2021-08-01 00:07:12 CHB 1937686?1627747627 第 1 次 获取到号码【1937686】GSD
2021-08-01 00:07:12 获取到号码【1937686】的GSD为【湖南-长沙】
2021-08-01 00:07:47 GSD insert 第 1 次 等待 3 秒
2021-08-01 00:07:50 {"status":"ok","gid":461651,"msg":"添加成功！"}
2021-08-01 00:07:50 下次操作: 2021-08-01 00:08:13

2021-08-01 00:08:13 开始第 17 次操作

2021-08-01 00:08:13 开始操作号码 【1937685】
2021-08-01 00:08:17 GSD getOne 第 1 次 等待 3 秒
2021-08-01 00:08:20 查询号码 【1937685】，返回信息 {"status":"bad","msg":""}
2021-08-01 00:08:20 查询号码 【1937685】，GSD为【""】
2021-08-01 00:08:20 bad
2021-08-01 00:08:21 CHB 1937685?1627747700 第 1 次 等待 3 秒
2021-08-01 00:08:24 CHB 1937685?1627747700 第 1 次 获取到号码【1937685】GSD
2021-08-01 00:08:24 获取到号码【1937685】的GSD为【湖南-长沙】
2021-08-01 00:08:44 GSD insert 第 1 次 等待 3 秒
2021-08-01 00:08:47 {"status":"ok","gid":461665,"msg":"添加成功！"}
2021-08-01 00:08:47 下次操作: 2021-08-01 00:09:03

2021-08-01 00:09:03 开始第 18 次操作

2021-08-01 00:09:03 开始操作号码 【1937684】
2021-08-01 00:09:08 GSD getOne 第 1 次 等待 3 秒
2021-08-01 00:09:11 查询号码 【1937684】，返回信息 {"status":"bad","msg":""}
2021-08-01 00:09:11 查询号码 【1937684】，GSD为【""】
2021-08-01 00:09:11 bad
2021-08-01 00:09:12 CHB 1937684?1627747751 第 1 次 等待 3 秒
2021-08-01 00:09:15 CHB 1937684?1627747751 第 1 次 获取到号码【1937684】GSD
2021-08-01 00:09:15 获取到号码【1937684】的GSD为【湖南-邵阳】
2021-08-01 00:09:37 GSD insert 第 1 次 等待 3 秒
2021-08-01 00:09:40 {"status":"ok","gid":461676,"msg":"添加成功！"}
2021-08-01 00:09:40 下次操作: 2021-08-01 00:09:57

2021-08-01 00:09:57 开始第 19 次操作

2021-08-01 00:09:57 开始操作号码 【1937683】
2021-08-01 00:10:04 GSD getOne 第 1 次 等待 3 秒
2021-08-01 00:10:07 查询号码 【1937683】，返回信息 {"status":"bad","msg":""}
2021-08-01 00:10:07 查询号码 【1937683】，GSD为【""】
2021-08-01 00:10:07 bad
2021-08-01 00:10:08 CHB 1937683?1627747807 第 1 次 等待 3 秒
2021-08-01 00:10:11 CHB 1937683?1627747807 第 1 次 获取到号码【1937683】GSD
2021-08-01 00:10:11 获取到号码【1937683】的GSD为【湖南-邵阳】
2021-08-01 00:10:41 GSD insert 第 1 次 等待 3 秒
2021-08-01 00:10:44 {"status":"ok","gid":461691,"msg":"添加成功！"}
2021-08-01 00:10:44 下次操作: 2021-08-01 00:11:03

2021-08-01 00:11:03 开始第 20 次操作

2021-08-01 00:11:03 开始操作号码 【1937682】
2021-08-01 00:11:10 GSD getOne 第 1 次 等待 3 秒
2021-08-01 00:11:13 查询号码 【1937682】，返回信息 {"status":"bad","msg":""}
2021-08-01 00:11:13 查询号码 【1937682】，GSD为【""】
2021-08-01 00:11:13 bad
2021-08-01 00:11:15 CHB 1937682?1627747873 第 1 次 等待 3 秒
2021-08-01 00:11:18 CHB 1937682?1627747873 第 1 次 获取到号码【1937682】GSD
2021-08-01 00:11:18 获取到号码【1937682】的GSD为【湖南-邵阳】
2021-08-01 00:11:37 GSD insert 第 1 次 等待 3 秒
2021-08-01 00:11:40 {"status":"ok","gid":461706,"msg":"添加成功！"}
2021-08-01 00:11:40 下次操作: 2021-08-01 00:12:04

2021-08-01 00:12:04 开始第 21 次操作

2021-08-01 00:12:04 开始操作号码 【1937681】
2021-08-01 00:12:10 GSD getOne 第 1 次 等待 3 秒
2021-08-01 00:12:13 查询号码 【1937681】，返回信息 {"status":"bad","msg":""}
2021-08-01 00:12:14 查询号码 【1937681】，GSD为【""】
2021-08-01 00:12:14 bad
2021-08-01 00:12:15 CHB 1937681?1627747934 第 1 次 等待 3 秒
2021-08-01 00:12:18 CHB 1937681?1627747934 第 1 次 获取到号码【1937681】GSD
2021-08-01 00:12:18 未获取到号码【1937681】GSD，查号吧 400 错误
2021-08-01 00:12:18 获取到号码【1937681】的GSD为【-】
2021-08-01 00:12:39 GSD insert 第 1 次 等待 3 秒
2021-08-01 00:12:42 {"status":"ok","gid":461717,"msg":"添加成功！"}
2021-08-01 00:12:42 下次操作: 2021-08-01 00:13:00

2021-08-01 00:13:00 开始第 22 次操作

2021-08-01 00:13:00 开始操作号码 【1937680】
2021-08-01 00:13:05 GSD getOne 第 1 次 等待 3 秒
2021-08-01 00:13:08 查询号码 【1937680】，返回信息 {"status":"bad","msg":""}
2021-08-01 00:13:08 查询号码 【1937680】，GSD为【""】
2021-08-01 00:13:08 bad
2021-08-01 00:13:09 CHB 1937680?1627747988 第 1 次 等待 3 秒
2021-08-01 00:13:12 CHB 1937680?1627747988 第 1 次 获取到号码【1937680】GSD
2021-08-01 00:13:12 获取到号码【1937680】的GSD为【湖南-邵阳】
2021-08-01 00:13:31 GSD insert 第 1 次 等待 3 秒
2021-08-01 00:13:34 {"status":"ok","gid":461728,"msg":"添加成功！"}
2021-08-01 00:13:34 下次操作: 2021-08-01 00:13:48

2021-08-01 00:13:48 开始第 23 次操作

2021-08-01 00:13:48 开始操作号码 【1937679】
2021-08-01 00:13:53 GSD getOne 第 1 次 等待 3 秒
2021-08-01 00:13:56 查询号码 【1937679】，返回信息 {"status":"bad","msg":""}
2021-08-01 00:13:56 查询号码 【1937679】，GSD为【""】
2021-08-01 00:13:56 bad
2021-08-01 00:13:58 CHB 1937679?1627748036 第 1 次 等待 3 秒
2021-08-01 00:14:01 CHB 1937679?1627748036 第 1 次 获取到号码【1937679】GSD
2021-08-01 00:14:01 获取到号码【1937679】的GSD为【湖南-邵阳】
2021-08-01 00:14:25 GSD insert 第 1 次 等待 3 秒
2021-08-01 00:14:28 {"status":"ok","gid":461737,"msg":"添加成功！"}
2021-08-01 00:14:28 下次操作: 2021-08-01 00:14:44

2021-08-01 00:14:44 开始第 24 次操作

2021-08-01 00:14:44 开始操作号码 【1937678】
2021-08-01 00:14:54 GSD getOne 第 1 次 等待 3 秒
2021-08-01 00:14:57 查询号码 【1937678】，返回信息 {"status":"bad","msg":""}
2021-08-01 00:14:57 查询号码 【1937678】，GSD为【""】
2021-08-01 00:14:57 bad
2021-08-01 00:14:58 CHB 1937678?1627748097 第 1 次 等待 3 秒
2021-08-01 00:15:01 CHB 1937678?1627748097 第 1 次 获取到号码【1937678】GSD
2021-08-01 00:15:01 获取到号码【1937678】的GSD为【湖南-邵阳】
2021-08-01 00:15:23 GSD insert 第 1 次 等待 3 秒
2021-08-01 00:15:26 {"status":"ok","gid":461744,"msg":"添加成功！"}
2021-08-01 00:15:26 下次操作: 2021-08-01 00:15:39

2021-08-01 00:15:39 开始第 25 次操作

2021-08-01 00:15:39 开始操作号码 【1937677】
2021-08-01 00:15:45 GSD getOne 第 1 次 等待 3 秒
2021-08-01 00:15:48 查询号码 【1937677】，返回信息 {"status":"bad","msg":""}
2021-08-01 00:15:48 查询号码 【1937677】，GSD为【""】
2021-08-01 00:15:48 bad
2021-08-01 00:15:49 CHB 1937677?1627748148 第 1 次 等待 3 秒
2021-08-01 00:15:52 CHB 1937677?1627748148 第 1 次 获取到号码【1937677】GSD
2021-08-01 00:15:52 获取到号码【1937677】的GSD为【湖南-邵阳】
2021-08-01 00:16:12 GSD insert 第 1 次 等待 3 秒
2021-08-01 00:16:15 {"status":"ok","gid":461750,"msg":"添加成功！"}
2021-08-01 00:16:15 下次操作: 2021-08-01 00:16:39

2021-08-01 00:16:39 开始第 26 次操作

2021-08-01 00:16:39 开始操作号码 【1937676】
2021-08-01 00:16:44 GSD getOne 第 1 次 等待 3 秒
2021-08-01 00:16:47 查询号码 【1937676】，返回信息 {"status":"bad","msg":""}
2021-08-01 00:16:47 查询号码 【1937676】，GSD为【""】
2021-08-01 00:16:47 bad
2021-08-01 00:16:49 CHB 1937676?1627748207 第 1 次 等待 3 秒
2021-08-01 00:16:52 CHB 1937676?1627748207 第 1 次 获取到号码【1937676】GSD
2021-08-01 00:16:52 获取到号码【1937676】的GSD为【湖南-衡阳】
2021-08-01 00:17:22 GSD insert 第 1 次 等待 3 秒
2021-08-01 00:17:25 {"status":"ok","gid":461764,"msg":"添加成功！"}
2021-08-01 00:17:25 下次操作: 2021-08-01 00:17:46

2021-08-01 00:17:46 开始第 27 次操作

2021-08-01 00:17:46 开始操作号码 【1937675】
2021-08-01 00:17:56 GSD getOne 第 1 次 等待 3 秒
2021-08-01 00:17:59 查询号码 【1937675】，返回信息 {"status":"bad","msg":""}
2021-08-01 00:18:00 查询号码 【1937675】，GSD为【""】
2021-08-01 00:18:00 bad
2021-08-01 00:18:01 CHB 1937675?1627748280 第 1 次 等待 3 秒
2021-08-01 00:18:04 CHB 1937675?1627748280 第 1 次 获取到号码【1937675】GSD
2021-08-01 00:18:04 获取到号码【1937675】的GSD为【湖南-邵阳】
2021-08-01 00:18:23 GSD insert 第 1 次 等待 3 秒
2021-08-01 00:18:26 {"status":"ok","gid":461771,"msg":"添加成功！"}
2021-08-01 00:18:26 下次操作: 2021-08-01 00:18:48

2021-08-01 00:18:48 开始第 28 次操作

2021-08-01 00:18:48 开始操作号码 【1937674】
2021-08-01 00:18:51 GSD getOne 第 1 次 等待 3 秒
2021-08-01 00:18:54 查询号码 【1937674】，返回信息 {"status":"bad","msg":""}
2021-08-01 00:18:54 查询号码 【1937674】，GSD为【""】
2021-08-01 00:18:54 bad
2021-08-01 00:18:56 CHB 1937674?1627748334 第 1 次 等待 3 秒
2021-08-01 00:18:59 CHB 1937674?1627748334 第 1 次 获取到号码【1937674】GSD
2021-08-01 00:18:59 获取到号码【1937674】的GSD为【湖南-张家界】
2021-08-01 00:19:24 GSD insert 第 1 次 等待 3 秒
2021-08-01 00:19:27 {"status":"ok","gid":461779,"msg":"添加成功！"}
2021-08-01 00:19:27 下次操作: 2021-08-01 00:19:40

2021-08-01 00:19:40 开始第 29 次操作

2021-08-01 00:19:40 开始操作号码 【1937673】
2021-08-01 00:19:47 GSD getOne 第 1 次 等待 3 秒
2021-08-01 00:19:50 查询号码 【1937673】，返回信息 {"status":"bad","msg":""}
2021-08-01 00:19:50 查询号码 【1937673】，GSD为【""】
2021-08-01 00:19:50 bad
2021-08-01 00:19:51 CHB 1937673?1627748390 第 1 次 等待 3 秒
2021-08-01 00:19:54 CHB 1937673?1627748390 第 1 次 获取到号码【1937673】GSD
2021-08-01 00:19:55 获取到号码【1937673】的GSD为【湖南-衡阳】
2021-08-01 00:20:32 GSD insert 第 1 次 等待 3 秒
2021-08-01 00:20:35 {"status":"ok","gid":461788,"msg":"添加成功！"}
2021-08-01 00:20:35 下次操作: 2021-08-01 00:20:52

2021-08-01 00:20:52 开始第 30 次操作

2021-08-01 00:20:52 开始操作号码 【1937672】
2021-08-01 00:20:56 GSD getOne 第 1 次 等待 3 秒
2021-08-01 00:20:59 查询号码 【1937672】，返回信息 {"status":"bad","msg":""}
2021-08-01 00:20:59 查询号码 【1937672】，GSD为【""】
2021-08-01 00:20:59 bad
2021-08-01 00:21:01 CHB 1937672?1627748459 第 1 次 等待 3 秒
2021-08-01 00:21:04 CHB 1937672?1627748459 第 1 次 获取到号码【1937672】GSD
2021-08-01 00:21:04 获取到号码【1937672】的GSD为【湖南-衡阳】
2021-08-01 00:21:25 GSD insert 第 1 次 等待 3 秒
2021-08-01 00:21:28 {"status":"ok","gid":461794,"msg":"添加成功！"}
2021-08-01 00:21:28 下次操作: 2021-08-01 00:21:45

2021-08-01 00:21:45 开始第 31 次操作

2021-08-01 00:21:45 开始操作号码 【1937671】
2021-08-01 00:22:11 GSD getOne 第 1 次 等待 3 秒
2021-08-01 00:22:14 查询号码 【1937671】，返回信息 {"status":"bad","msg":""}
2021-08-01 00:22:15 查询号码 【1937671】，GSD为【""】
2021-08-01 00:22:15 bad
2021-08-01 00:22:16 CHB 1937671?1627748535 第 1 次 等待 3 秒
2021-08-01 00:22:19 CHB 1937671?1627748535 第 1 次 获取到号码【1937671】GSD
2021-08-01 00:22:19 获取到号码【1937671】的GSD为【湖南-衡阳】
2021-08-01 00:22:39 GSD insert 第 1 次 等待 3 秒
2021-08-01 00:22:42 {"status":"ok","gid":461802,"msg":"添加成功！"}
2021-08-01 00:22:42 下次操作: 2021-08-01 00:22:55

2021-08-01 00:22:55 开始第 32 次操作

2021-08-01 00:22:55 开始操作号码 【1937670】
2021-08-01 00:22:58 GSD getOne 第 1 次 等待 3 秒
2021-08-01 00:23:01 查询号码 【1937670】，返回信息 {"status":"bad","msg":""}
2021-08-01 00:23:01 查询号码 【1937670】，GSD为【""】
2021-08-01 00:23:01 bad
2021-08-01 00:23:03 CHB 1937670?1627748581 第 1 次 等待 3 秒
2021-08-01 00:23:06 CHB 1937670?1627748581 第 1 次 获取到号码【1937670】GSD
2021-08-01 00:23:06 获取到号码【1937670】的GSD为【湖南-衡阳】
2021-08-01 00:23:29 GSD insert 第 1 次 等待 3 秒
2021-08-01 00:23:32 {"status":"ok","gid":461810,"msg":"添加成功！"}
2021-08-01 00:23:32 下次操作: 2021-08-01 00:23:55

2021-08-01 00:23:55 开始第 33 次操作

2021-08-01 00:23:55 开始操作号码 【1937669】
2021-08-01 00:23:59 GSD getOne 第 1 次 等待 3 秒
2021-08-01 00:24:02 查询号码 【1937669】，返回信息 {"status":"bad","msg":""}
2021-08-01 00:24:02 查询号码 【1937669】，GSD为【""】
2021-08-01 00:24:02 bad
2021-08-01 00:24:03 CHB 1937669?1627748642 第 1 次 等待 3 秒
2021-08-01 00:24:06 CHB 1937669?1627748642 第 1 次 获取到号码【1937669】GSD
2021-08-01 00:24:06 未获取到号码【1937669】GSD，查号吧 400 错误
2021-08-01 00:24:06 获取到号码【1937669】的GSD为【-】
2021-08-01 00:24:25 GSD insert 第 1 次 等待 3 秒
2021-08-01 00:24:28 {"status":"ok","gid":461817,"msg":"添加成功！"}
2021-08-01 00:24:28 下次操作: 2021-08-01 00:24:44

2021-08-01 00:24:44 开始第 34 次操作

2021-08-01 00:24:44 开始操作号码 【1937668】
2021-08-01 00:24:48 GSD getOne 第 1 次 等待 3 秒
2021-08-01 00:24:51 查询号码 【1937668】，返回信息 {"status":"bad","msg":""}
2021-08-01 00:24:51 查询号码 【1937668】，GSD为【""】
2021-08-01 00:24:51 bad
2021-08-01 00:24:56 CHB 1937668?1627748691 第 1 次 等待 3 秒
2021-08-01 00:24:59 CHB 1937668?1627748691 第 1 次 获取到号码【1937668】GSD
2021-08-01 00:24:59 获取到号码【1937668】的GSD为【湖南-长沙】
2021-08-01 00:25:39 GSD insert 第 1 次 等待 3 秒
2021-08-01 00:25:42 {"status":"ok","gid":461825,"msg":"添加成功！"}
2021-08-01 00:25:42 下次操作: 2021-08-01 00:25:57

2021-08-01 00:25:57 开始第 35 次操作

2021-08-01 00:25:57 开始操作号码 【1937667】
2021-08-01 00:26:01 GSD getOne 第 1 次 等待 3 秒
2021-08-01 00:26:04 查询号码 【1937667】，返回信息 {"status":"bad","msg":""}
2021-08-01 00:26:05 查询号码 【1937667】，GSD为【""】
2021-08-01 00:26:05 bad
2021-08-01 00:26:06 CHB 1937667?1627748765 第 1 次 等待 3 秒
2021-08-01 00:26:09 CHB 1937667?1627748765 第 1 次 获取到号码【1937667】GSD
2021-08-01 00:26:09 获取到号码【1937667】的GSD为【湖南-长沙】
2021-08-01 00:26:28 GSD insert 第 1 次 等待 3 秒
2021-08-01 00:26:31 {"status":"ok","gid":461830,"msg":"添加成功！"}
2021-08-01 00:26:31 下次操作: 2021-08-01 00:26:50

2021-08-01 00:26:50 开始第 36 次操作

2021-08-01 00:26:50 开始操作号码 【1937666】
2021-08-01 00:26:56 GSD getOne 第 1 次 等待 3 秒
2021-08-01 00:26:59 查询号码 【1937666】，返回信息 {"status":"bad","msg":""}
2021-08-01 00:26:59 查询号码 【1937666】，GSD为【""】
2021-08-01 00:26:59 bad
2021-08-01 00:27:01 CHB 1937666?1627748819 第 1 次 等待 3 秒
2021-08-01 00:27:04 CHB 1937666?1627748819 第 1 次 获取到号码【1937666】GSD
2021-08-01 00:27:04 获取到号码【1937666】的GSD为【湖南-长沙】
2021-08-01 00:27:29 GSD insert 第 1 次 等待 3 秒
2021-08-01 00:27:32 {"status":"ok","gid":461833,"msg":"添加成功！"}
2021-08-01 00:27:32 下次操作: 2021-08-01 00:27:50

2021-08-01 00:27:50 开始第 37 次操作

2021-08-01 00:27:50 开始操作号码 【1937665】
2021-08-01 00:28:00 GSD getOne 第 1 次 等待 3 秒
2021-08-01 00:28:03 查询号码 【1937665】，返回信息 {"status":"bad","msg":""}
2021-08-01 00:28:04 查询号码 【1937665】，GSD为【""】
2021-08-01 00:28:04 bad
2021-08-01 00:28:05 CHB 1937665?1627748884 第 1 次 等待 3 秒
2021-08-01 00:28:08 CHB 1937665?1627748884 第 1 次 获取到号码【1937665】GSD
2021-08-01 00:28:08 获取到号码【1937665】的GSD为【湖南-长沙】
2021-08-01 00:28:31 GSD insert 第 1 次 等待 3 秒
2021-08-01 00:28:34 {"status":"ok","gid":461838,"msg":"添加成功！"}
2021-08-01 00:28:34 下次操作: 2021-08-01 00:28:53

2021-08-01 00:28:53 开始第 38 次操作

2021-08-01 00:28:53 开始操作号码 【1937664】
2021-08-01 00:29:01 GSD getOne 第 1 次 等待 3 秒
2021-08-01 00:29:04 查询号码 【1937664】，返回信息 {"status":"bad","msg":""}
2021-08-01 00:29:04 查询号码 【1937664】，GSD为【""】
2021-08-01 00:29:04 bad
2021-08-01 00:29:06 CHB 1937664?1627748944 第 1 次 等待 3 秒
2021-08-01 00:29:09 CHB 1937664?1627748944 第 1 次 获取到号码【1937664】GSD
2021-08-01 00:29:09 获取到号码【1937664】的GSD为【湖南-常德】
2021-08-01 00:29:28 GSD insert 第 1 次 等待 3 秒
2021-08-01 00:29:31 {"status":"ok","gid":461843,"msg":"添加成功！"}
2021-08-01 00:29:31 下次操作: 2021-08-01 00:29:44

2021-08-01 00:29:44 开始第 39 次操作

2021-08-01 00:29:44 开始操作号码 【1937663】
2021-08-01 00:29:47 GSD getOne 第 1 次 等待 3 秒
2021-08-01 00:29:50 查询号码 【1937663】，返回信息 {"status":"bad","msg":""}
2021-08-01 00:29:50 查询号码 【1937663】，GSD为【""】
2021-08-01 00:29:50 bad
2021-08-01 00:29:52 CHB 1937663?1627748990 第 1 次 等待 3 秒
2021-08-01 00:29:55 CHB 1937663?1627748990 第 1 次 获取到号码【1937663】GSD
2021-08-01 00:29:55 获取到号码【1937663】的GSD为【湖南-常德】
2021-08-01 00:30:14 GSD insert 第 1 次 等待 3 秒
2021-08-01 00:30:17 {"status":"ok","gid":461846,"msg":"添加成功！"}
2021-08-01 00:30:17 下次操作: 2021-08-01 00:30:29

2021-08-01 00:30:29 开始第 40 次操作

2021-08-01 00:30:29 开始操作号码 【1937662】
2021-08-01 00:30:37 GSD getOne 第 1 次 等待 3 秒
2021-08-01 00:30:40 查询号码 【1937662】，返回信息 {"status":"bad","msg":""}
2021-08-01 00:30:41 查询号码 【1937662】，GSD为【""】
2021-08-01 00:30:41 bad
2021-08-01 00:30:43 CHB 1937662?1627749041 第 1 次 等待 3 秒
2021-08-01 00:30:46 CHB 1937662?1627749041 第 1 次 获取到号码【1937662】GSD
2021-08-01 00:30:46 获取到号码【1937662】的GSD为【湖南-常德】
2021-08-01 00:31:05 GSD insert 第 1 次 等待 3 秒
2021-08-01 00:31:08 {"status":"ok","gid":461852,"msg":"添加成功！"}

