2024-02-12 00:10:13 开始第 3285 次操作

2024-02-12 00:10:13 开始操作号码 【1733184】
2024-02-12 00:10:19 GSD getOne 第 1 次 等待 3 秒
2024-02-12 00:10:22 查询号码 【1733184】，返回信息 {"status":"ok","msg":"河北-衡水","gid":"29134","time_insert":"2019-12-17 16:04","time_update":"2020-08-18 22:34"}
2024-02-12 00:10:22 查询号码 【1733184】，GSD为【"河北-衡水"】

2024-02-12 00:10:23 开始第 3286 次操作

2024-02-12 00:10:23 开始操作号码 【1733185】
2024-02-12 00:10:28 GSD getOne 第 1 次 等待 3 秒
2024-02-12 00:10:31 查询号码 【1733185】，返回信息 {"status":"ok","msg":"河北-衡水","gid":"164133","time_insert":"2021-07-01 03:56"}
2024-02-12 00:10:31 查询号码 【1733185】，GSD为【"河北-衡水"】

2024-02-12 00:10:32 开始第 3287 次操作

2024-02-12 00:10:32 开始操作号码 【1733186】
2024-02-12 00:10:36 GSD getOne 第 1 次 等待 3 秒
2024-02-12 00:10:39 查询号码 【1733186】，返回信息 {"status":"ok","msg":"河北-衡水","gid":"164136","time_insert":"2021-07-01 03:56"}
2024-02-12 00:10:39 查询号码 【1733186】，GSD为【"河北-衡水"】

2024-02-12 00:10:40 开始第 3288 次操作

2024-02-12 00:10:40 开始操作号码 【1733187】
2024-02-12 00:10:44 GSD getOne 第 1 次 等待 3 秒
2024-02-12 00:10:47 查询号码 【1733187】，返回信息 {"status":"ok","msg":"河北-衡水","gid":"164139","time_insert":"2021-07-01 03:57"}
2024-02-12 00:10:47 查询号码 【1733187】，GSD为【"河北-衡水"】

