2024-08-19 10:39:59 开始第 1 次操作

2024-08-19 10:39:59 开始操作号码 【1400000】
2024-08-19 10:40:07 GSD getOne 第 1 次 等待 3 秒
2024-08-19 10:40:10 查询号码 【1400000】，返回信息 {"status":"ok","msg":"-","gid":"520026","time_insert":"2023-02-06 17:08"}
2024-08-19 10:40:10 查询号码 【1400000】，GSD为【"-"】
2024-08-19 10:40:10 ok && -
2024-08-19 10:40:12 CHB 1400000?1724035210 第 1 次 等待 3 秒
2024-08-19 10:40:15 CHB 1400000?1724035210 第 1 次 获取到号码【1400000】GSD
2024-08-19 10:40:15 未获取到号码【1400000】GSD，可能号码格式错误
2024-08-19 10:40:15 获取到号码【1400000】的GSD为【-】
2024-08-19 10:40:22 GSD insert 第 1 次 等待 3 秒
2024-08-19 10:40:25 {"status":"bad","gid":"520026","msg":"添加失败！号码【1400000(-|-)】已存在！"}
2024-08-19 10:40:25 随机等待 163 秒，约 2 分钟
2024-08-19 10:40:25 下次操作: 2024-08-19 10:43:08

2024-08-19 10:43:08 开始第 2 次操作

2024-08-19 10:43:08 开始操作号码 【1400001】
2024-08-19 10:43:23 GSD getOne 第 1 次 等待 3 秒
2024-08-19 10:43:26 查询号码 【1400001】，返回信息 {"status":"ok","msg":"-","gid":"520032","time_insert":"2023-02-06 17:21"}
2024-08-19 10:43:26 查询号码 【1400001】，GSD为【"-"】
2024-08-19 10:43:26 ok && -
2024-08-19 10:43:28 CHB 1400001?1724035406 第 1 次 等待 3 秒
2024-08-19 10:43:31 CHB 1400001?1724035406 第 1 次 获取到号码【1400001】GSD
2024-08-19 10:43:31 未获取到号码【1400001】GSD，可能号码格式错误
2024-08-19 10:43:31 获取到号码【1400001】的GSD为【-】
2024-08-19 10:43:39 GSD insert 第 1 次 等待 3 秒
2024-08-19 10:43:42 {"status":"bad","gid":"520032","msg":"添加失败！号码【1400001(-|-)】已存在！"}
2024-08-19 10:43:42 随机等待 117 秒，约 1 分钟
2024-08-19 10:43:42 下次操作: 2024-08-19 10:45:39

2024-08-19 10:45:39 开始第 3 次操作

2024-08-19 10:45:39 开始操作号码 【1400002】
2024-08-19 10:45:46 GSD getOne 第 1 次 等待 3 秒
2024-08-19 10:45:49 查询号码 【1400002】，返回信息 {"status":"ok","msg":"-","gid":"520037","time_insert":"2023-02-06 17:32"}
2024-08-19 10:45:50 查询号码 【1400002】，GSD为【"-"】
2024-08-19 10:45:50 ok && -
2024-08-19 10:45:52 CHB 1400002?1724035550 第 1 次 等待 3 秒
2024-08-19 10:45:55 CHB 1400002?1724035550 第 1 次 获取到号码【1400002】GSD
2024-08-19 10:45:55 未获取到号码【1400002】GSD，可能号码格式错误
2024-08-19 10:45:55 获取到号码【1400002】的GSD为【-】
2024-08-19 10:46:03 GSD insert 第 1 次 等待 3 秒
2024-08-19 10:46:06 {"status":"bad","gid":"520037","msg":"添加失败！号码【1400002(-|-)】已存在！"}
2024-08-19 10:46:06 随机等待 78 秒，约 1 分钟
2024-08-19 10:46:06 下次操作: 2024-08-19 10:47:24

2024-08-19 10:47:24 开始第 4 次操作

2024-08-19 10:47:24 开始操作号码 【1400003】
2024-08-19 10:47:32 GSD getOne 第 1 次 等待 3 秒
2024-08-19 10:47:35 查询号码 【1400003】，返回信息 {"status":"ok","msg":"-","gid":"520044","time_insert":"2023-02-06 17:46"}
2024-08-19 10:47:35 查询号码 【1400003】，GSD为【"-"】
2024-08-19 10:47:35 ok && -
2024-08-19 10:47:37 CHB 1400003?1724035655 第 1 次 等待 3 秒
2024-08-19 10:47:40 CHB 1400003?1724035655 第 1 次 获取到号码【1400003】GSD
2024-08-19 10:47:40 未获取到号码【1400003】GSD，可能号码格式错误
2024-08-19 10:47:40 获取到号码【1400003】的GSD为【-】
2024-08-19 10:47:48 GSD insert 第 1 次 等待 3 秒
2024-08-19 10:47:51 {"status":"bad","gid":"520044","msg":"添加失败！号码【1400003(-|-)】已存在！"}

