2021-07-30 00:00:34 开始第 8 次操作

2021-07-30 00:00:34 开始操作号码 【1939421】
2021-07-30 00:00:41 GSD getOne 第 1 次 等待 3 秒
2021-07-30 00:00:44 查询号码 【1939421】，返回信息 {"status":"bad","msg":""}
2021-07-30 00:00:44 查询号码 【1939421】，GSD为【""】
2021-07-30 00:00:44 bad
2021-07-30 00:00:47 CHB 1939421?1627574444 第 1 次 等待 3 秒
2021-07-30 00:00:50 CHB 1939421?1627574444 第 1 次 获取到号码【1939421】GSD
2021-07-30 00:00:50 获取到号码【1939421】的GSD为【甘肃-白银】
2021-07-30 00:01:00 GSD insert 第 1 次 等待 3 秒
2021-07-30 00:01:03 {"status":"ok","gid":438559,"msg":"添加成功！"}
2021-07-30 00:01:03 下次操作: 2021-07-30 00:01:21

2021-07-30 00:01:21 开始第 9 次操作

2021-07-30 00:01:21 开始操作号码 【1939420】
2021-07-30 00:01:24 GSD getOne 第 1 次 等待 3 秒
2021-07-30 00:01:27 查询号码 【1939420】，返回信息 {"status":"bad","msg":""}
2021-07-30 00:01:27 查询号码 【1939420】，GSD为【""】
2021-07-30 00:01:27 bad
2021-07-30 00:01:30 CHB 1939420?1627574487 第 1 次 等待 3 秒
2021-07-30 00:01:33 CHB 1939420?1627574487 第 1 次 获取到号码【1939420】GSD
2021-07-30 00:01:33 获取到号码【1939420】的GSD为【甘肃-白银】
2021-07-30 00:01:44 GSD insert 第 1 次 等待 3 秒
2021-07-30 00:01:47 {"status":"ok","gid":438572,"msg":"添加成功！"}
2021-07-30 00:01:47 下次操作: 2021-07-30 00:02:00

2021-07-30 00:02:00 开始第 10 次操作

2021-07-30 00:02:00 开始操作号码 【1939419】
2021-07-30 00:02:03 GSD getOne 第 1 次 等待 3 秒
2021-07-30 00:02:06 查询号码 【1939419】，返回信息 {"status":"bad","msg":""}
2021-07-30 00:02:06 查询号码 【1939419】，GSD为【""】
2021-07-30 00:02:06 bad
2021-07-30 00:02:09 CHB 1939419?1627574526 第 1 次 等待 3 秒
2021-07-30 00:02:12 CHB 1939419?1627574526 第 1 次 获取到号码【1939419】GSD
2021-07-30 00:02:12 获取到号码【1939419】的GSD为【甘肃-甘南】
2021-07-30 00:02:30 GSD insert 第 1 次 等待 3 秒
2021-07-30 00:02:33 {"status":"ok","gid":438584,"msg":"添加成功！"}
2021-07-30 00:02:33 下次操作: 2021-07-30 00:02:48

2021-07-30 00:02:48 开始第 11 次操作

2021-07-30 00:02:48 开始操作号码 【1939418】
2021-07-30 00:02:55 GSD getOne 第 1 次 等待 3 秒
2021-07-30 00:02:58 查询号码 【1939418】，返回信息 {"status":"bad","msg":""}
2021-07-30 00:02:58 查询号码 【1939418】，GSD为【""】
2021-07-30 00:02:58 bad
2021-07-30 00:03:00 CHB 1939418?1627574578 第 1 次 等待 3 秒
2021-07-30 00:03:03 CHB 1939418?1627574578 第 1 次 获取到号码【1939418】GSD
2021-07-30 00:03:03 获取到号码【1939418】的GSD为【甘肃-甘南】
2021-07-30 00:03:23 GSD insert 第 1 次 等待 3 秒
2021-07-30 00:03:26 {"status":"ok","gid":438595,"msg":"添加成功！"}
2021-07-30 00:03:26 下次操作: 2021-07-30 00:03:49

2021-07-30 00:03:49 开始第 12 次操作

2021-07-30 00:03:49 开始操作号码 【1939417】
2021-07-30 00:04:00 GSD getOne 第 1 次 等待 3 秒
2021-07-30 00:04:03 查询号码 【1939417】，返回信息 {"status":"bad","msg":""}
2021-07-30 00:04:03 查询号码 【1939417】，GSD为【""】
2021-07-30 00:04:03 bad
2021-07-30 00:04:08 CHB 1939417?1627574643 第 1 次 等待 3 秒
2021-07-30 00:04:11 CHB 1939417?1627574643 第 1 次 获取到号码【1939417】GSD
2021-07-30 00:04:11 获取到号码【1939417】的GSD为【甘肃-庆阳】
2021-07-30 00:04:32 GSD insert 第 1 次 等待 3 秒
2021-07-30 00:04:35 {"status":"ok","gid":438613,"msg":"添加成功！"}
2021-07-30 00:04:35 下次操作: 2021-07-30 00:04:48

2021-07-30 00:04:48 开始第 13 次操作

2021-07-30 00:04:48 开始操作号码 【1939416】
2021-07-30 00:04:59 GSD getOne 第 1 次 等待 3 秒
2021-07-30 00:05:02 查询号码 【1939416】，返回信息 {"status":"bad","msg":""}
2021-07-30 00:05:03 查询号码 【1939416】，GSD为【""】
2021-07-30 00:05:03 bad
2021-07-30 00:05:05 CHB 1939416?1627574703 第 1 次 等待 3 秒
2021-07-30 00:05:08 CHB 1939416?1627574703 第 1 次 获取到号码【1939416】GSD
2021-07-30 00:05:08 获取到号码【1939416】的GSD为【甘肃-甘南】
2021-07-30 00:06:18 GSD insert 第 1 次 等待 3 秒
2021-07-30 00:06:21 {"status":"ok","gid":438636,"msg":"添加成功！"}
2021-07-30 00:06:21 下次操作: 2021-07-30 00:06:43

2021-07-30 00:06:43 开始第 14 次操作

2021-07-30 00:06:43 开始操作号码 【1939415】
2021-07-30 00:06:47 GSD getOne 第 1 次 等待 3 秒
2021-07-30 00:06:50 查询号码 【1939415】，返回信息 {"status":"bad","msg":""}
2021-07-30 00:06:50 查询号码 【1939415】，GSD为【""】
2021-07-30 00:06:50 bad
2021-07-30 00:06:53 CHB 1939415?1627574810 第 1 次 等待 3 秒
2021-07-30 00:06:56 CHB 1939415?1627574810 第 1 次 获取到号码【1939415】GSD
2021-07-30 00:06:56 获取到号码【1939415】的GSD为【甘肃-甘南】
2021-07-30 00:07:08 GSD insert 第 1 次 等待 3 秒
2021-07-30 00:07:11 {"status":"ok","gid":438651,"msg":"添加成功！"}
2021-07-30 00:07:11 下次操作: 2021-07-30 00:07:28

2021-07-30 00:07:28 开始第 15 次操作

2021-07-30 00:07:28 开始操作号码 【1939414】
2021-07-30 00:07:31 GSD getOne 第 1 次 等待 3 秒
2021-07-30 00:07:34 查询号码 【1939414】，返回信息 {"status":"bad","msg":""}
2021-07-30 00:07:34 查询号码 【1939414】，GSD为【""】
2021-07-30 00:07:34 bad
2021-07-30 00:07:36 CHB 1939414?1627574854 第 1 次 等待 3 秒
2021-07-30 00:07:39 CHB 1939414?1627574854 第 1 次 获取到号码【1939414】GSD
2021-07-30 00:07:39 获取到号码【1939414】的GSD为【甘肃-定西】
2021-07-30 00:07:58 GSD insert 第 1 次 等待 3 秒
2021-07-30 00:08:01 {"status":"ok","gid":438666,"msg":"添加成功！"}
2021-07-30 00:08:01 下次操作: 2021-07-30 00:08:19

2021-07-30 00:08:19 开始第 16 次操作

2021-07-30 00:08:19 开始操作号码 【1939413】
2021-07-30 00:08:23 GSD getOne 第 1 次 等待 3 秒
2021-07-30 00:08:26 查询号码 【1939413】，返回信息 {"status":"bad","msg":""}
2021-07-30 00:08:26 查询号码 【1939413】，GSD为【""】
2021-07-30 00:08:26 bad
2021-07-30 00:08:27 CHB 1939413?1627574906 第 1 次 等待 3 秒
2021-07-30 00:08:30 CHB 1939413?1627574906 第 1 次 获取到号码【1939413】GSD
2021-07-30 00:08:31 获取到号码【1939413】的GSD为【甘肃-甘南】
2021-07-30 00:09:40 GSD insert 第 1 次 等待 3 秒
2021-07-30 00:09:43 {"status":"ok","gid":438689,"msg":"添加成功！"}
2021-07-30 00:09:43 下次操作: 2021-07-30 00:09:55

2021-07-30 00:09:55 开始第 17 次操作

2021-07-30 00:09:55 开始操作号码 【1939412】
2021-07-30 00:10:01 GSD getOne 第 1 次 等待 3 秒
2021-07-30 00:10:04 查询号码 【1939412】，返回信息 {"status":"bad","msg":""}
2021-07-30 00:10:04 查询号码 【1939412】，GSD为【""】
2021-07-30 00:10:04 bad
2021-07-30 00:10:08 CHB 1939412?1627575004 第 1 次 等待 3 秒
2021-07-30 00:10:11 CHB 1939412?1627575004 第 1 次 获取到号码【1939412】GSD
2021-07-30 00:10:11 获取到号码【1939412】的GSD为【甘肃-甘南】
2021-07-30 00:10:22 GSD insert 第 1 次 等待 3 秒
2021-07-30 00:10:25 {"status":"ok","gid":438698,"msg":"添加成功！"}
2021-07-30 00:10:25 下次操作: 2021-07-30 00:10:49

2021-07-30 00:10:49 开始第 18 次操作

2021-07-30 00:10:49 开始操作号码 【1939411】
2021-07-30 00:10:53 GSD getOne 第 1 次 等待 3 秒
2021-07-30 00:10:56 查询号码 【1939411】，返回信息 {"status":"bad","msg":""}
2021-07-30 00:10:56 查询号码 【1939411】，GSD为【""】
2021-07-30 00:10:56 bad
2021-07-30 00:10:58 CHB 1939411?1627575056 第 1 次 等待 3 秒
2021-07-30 00:11:01 CHB 1939411?1627575056 第 1 次 获取到号码【1939411】GSD
2021-07-30 00:11:01 获取到号码【1939411】的GSD为【甘肃-甘南】
2021-07-30 00:11:20 GSD insert 第 1 次 等待 3 秒
2021-07-30 00:11:23 {"status":"ok","gid":438710,"msg":"添加成功！"}
2021-07-30 00:11:23 下次操作: 2021-07-30 00:11:35

2021-07-30 00:11:35 开始第 19 次操作

2021-07-30 00:11:35 开始操作号码 【1939410】
2021-07-30 00:11:40 GSD getOne 第 1 次 等待 3 秒
2021-07-30 00:11:43 查询号码 【1939410】，返回信息 {"status":"bad","msg":""}
2021-07-30 00:11:43 查询号码 【1939410】，GSD为【""】
2021-07-30 00:11:43 bad
2021-07-30 00:11:45 CHB 1939410?1627575103 第 1 次 等待 3 秒
2021-07-30 00:11:48 CHB 1939410?1627575103 第 1 次 获取到号码【1939410】GSD
2021-07-30 00:11:48 获取到号码【1939410】的GSD为【甘肃-甘南】
2021-07-30 00:12:07 GSD insert 第 1 次 等待 3 秒
2021-07-30 00:12:10 {"status":"ok","gid":438723,"msg":"添加成功！"}
2021-07-30 00:12:10 下次操作: 2021-07-30 00:12:27

2021-07-30 00:12:27 开始第 20 次操作

2021-07-30 00:12:27 开始操作号码 【1939409】
2021-07-30 00:12:31 GSD getOne 第 1 次 等待 3 秒
2021-07-30 00:12:34 查询号码 【1939409】，返回信息 {"status":"bad","msg":""}
2021-07-30 00:12:34 查询号码 【1939409】，GSD为【""】
2021-07-30 00:12:34 bad
2021-07-30 00:12:37 CHB 1939409?1627575154 第 1 次 等待 3 秒
2021-07-30 00:12:40 CHB 1939409?1627575154 第 1 次 获取到号码【1939409】GSD
2021-07-30 00:12:40 获取到号码【1939409】的GSD为【重庆-重庆】
2021-07-30 00:12:52 GSD insert 第 1 次 等待 3 秒
2021-07-30 00:12:55 {"status":"ok","gid":438733,"msg":"添加成功！"}
2021-07-30 00:12:55 下次操作: 2021-07-30 00:13:11

2021-07-30 00:13:11 开始第 21 次操作

2021-07-30 00:13:11 开始操作号码 【1939408】
2021-07-30 00:13:15 GSD getOne 第 1 次 等待 3 秒
2021-07-30 00:13:18 查询号码 【1939408】，返回信息 {"status":"bad","msg":""}
2021-07-30 00:13:18 查询号码 【1939408】，GSD为【""】
2021-07-30 00:13:18 bad
2021-07-30 00:13:20 CHB 1939408?1627575198 第 1 次 等待 3 秒
2021-07-30 00:13:23 CHB 1939408?1627575198 第 1 次 获取到号码【1939408】GSD
2021-07-30 00:13:23 获取到号码【1939408】的GSD为【重庆-重庆】
2021-07-30 00:13:37 GSD insert 第 1 次 等待 3 秒
2021-07-30 00:13:40 {"status":"ok","gid":438743,"msg":"添加成功！"}
2021-07-30 00:13:40 下次操作: 2021-07-30 00:13:55

2021-07-30 00:13:55 开始第 22 次操作

2021-07-30 00:13:55 开始操作号码 【1939407】
2021-07-30 00:14:11 GSD getOne 第 1 次 等待 3 秒
2021-07-30 00:14:14 查询号码 【1939407】，返回信息 {"status":"bad","msg":""}
2021-07-30 00:14:14 查询号码 【1939407】，GSD为【""】
2021-07-30 00:14:14 bad
2021-07-30 00:14:16 CHB 1939407?1627575254 第 1 次 等待 3 秒
2021-07-30 00:14:19 CHB 1939407?1627575254 第 1 次 获取到号码【1939407】GSD
2021-07-30 00:14:19 获取到号码【1939407】的GSD为【重庆-重庆】
2021-07-30 00:14:43 GSD insert 第 1 次 等待 3 秒
2021-07-30 00:14:46 {"status":"ok","gid":438750,"msg":"添加成功！"}
2021-07-30 00:14:47 下次操作: 2021-07-30 00:15:09

2021-07-30 00:15:09 开始第 23 次操作

2021-07-30 00:15:09 开始操作号码 【1939406】
2021-07-30 00:15:16 GSD getOne 第 1 次 等待 3 秒
2021-07-30 00:15:19 查询号码 【1939406】，返回信息 {"status":"bad","msg":""}
2021-07-30 00:15:19 查询号码 【1939406】，GSD为【""】
2021-07-30 00:15:19 bad
2021-07-30 00:15:21 CHB 1939406?1627575319 第 1 次 等待 3 秒
2021-07-30 00:15:24 CHB 1939406?1627575319 第 1 次 获取到号码【1939406】GSD
2021-07-30 00:15:24 获取到号码【1939406】的GSD为【重庆-重庆】
2021-07-30 00:16:31 GSD insert 第 1 次 等待 3 秒
2021-07-30 00:16:34 {"status":"ok","gid":438761,"msg":"添加成功！"}
2021-07-30 00:16:34 下次操作: 2021-07-30 00:16:56

2021-07-30 00:16:56 开始第 24 次操作

2021-07-30 00:16:56 开始操作号码 【1939405】
2021-07-30 00:16:59 GSD getOne 第 1 次 等待 3 秒
2021-07-30 00:17:02 查询号码 【1939405】，返回信息 {"status":"bad","msg":""}
2021-07-30 00:17:02 查询号码 【1939405】，GSD为【""】
2021-07-30 00:17:02 bad
2021-07-30 00:17:04 CHB 1939405?1627575422 第 1 次 等待 3 秒
2021-07-30 00:17:07 CHB 1939405?1627575422 第 1 次 获取到号码【1939405】GSD
2021-07-30 00:17:07 获取到号码【1939405】的GSD为【重庆-重庆】
2021-07-30 00:17:25 GSD insert 第 1 次 等待 3 秒
2021-07-30 00:17:28 {"status":"ok","gid":438764,"msg":"添加成功！"}
2021-07-30 00:17:28 下次操作: 2021-07-30 00:17:52

2021-07-30 00:17:52 开始第 25 次操作

2021-07-30 00:17:52 开始操作号码 【1939404】
2021-07-30 00:18:01 GSD getOne 第 1 次 等待 3 秒
2021-07-30 00:18:04 查询号码 【1939404】，返回信息 {"status":"bad","msg":""}
2021-07-30 00:18:04 查询号码 【1939404】，GSD为【""】
2021-07-30 00:18:04 bad
2021-07-30 00:18:06 CHB 1939404?1627575484 第 1 次 等待 3 秒
2021-07-30 00:18:09 CHB 1939404?1627575484 第 1 次 获取到号码【1939404】GSD
2021-07-30 00:18:09 获取到号码【1939404】的GSD为【重庆-重庆】
2021-07-30 00:18:29 GSD insert 第 1 次 等待 3 秒
2021-07-30 00:18:32 {"status":"ok","gid":438772,"msg":"添加成功！"}
2021-07-30 00:18:32 下次操作: 2021-07-30 00:18:50

2021-07-30 00:18:50 开始第 26 次操作

2021-07-30 00:18:50 开始操作号码 【1939403】
2021-07-30 00:18:56 GSD getOne 第 1 次 等待 3 秒
2021-07-30 00:18:59 查询号码 【1939403】，返回信息 {"status":"bad","msg":""}
2021-07-30 00:18:59 查询号码 【1939403】，GSD为【""】
2021-07-30 00:18:59 bad
2021-07-30 00:19:01 CHB 1939403?1627575539 第 1 次 等待 3 秒
2021-07-30 00:19:04 CHB 1939403?1627575539 第 1 次 获取到号码【1939403】GSD
2021-07-30 00:19:04 获取到号码【1939403】的GSD为【重庆-重庆】
2021-07-30 00:19:23 GSD insert 第 1 次 等待 3 秒
2021-07-30 00:19:26 {"status":"ok","gid":438775,"msg":"添加成功！"}
2021-07-30 00:19:26 下次操作: 2021-07-30 00:19:48

2021-07-30 00:19:48 开始第 27 次操作

2021-07-30 00:19:48 开始操作号码 【1939402】
2021-07-30 00:19:52 GSD getOne 第 1 次 等待 3 秒
2021-07-30 00:19:55 查询号码 【1939402】，返回信息 {"status":"bad","msg":""}
2021-07-30 00:19:55 查询号码 【1939402】，GSD为【""】
2021-07-30 00:19:55 bad
2021-07-30 00:19:57 CHB 1939402?1627575595 第 1 次 等待 3 秒
2021-07-30 00:20:00 CHB 1939402?1627575595 第 1 次 获取到号码【1939402】GSD
2021-07-30 00:20:00 获取到号码【1939402】的GSD为【重庆-重庆】
2021-07-30 00:20:20 GSD insert 第 1 次 等待 3 秒
2021-07-30 00:20:23 {"status":"ok","gid":438778,"msg":"添加成功！"}
2021-07-30 00:20:23 下次操作: 2021-07-30 00:20:45

2021-07-30 00:20:45 开始第 28 次操作

2021-07-30 00:20:45 开始操作号码 【1939401】
2021-07-30 00:20:50 GSD getOne 第 1 次 等待 3 秒
2021-07-30 00:20:53 查询号码 【1939401】，返回信息 {"status":"bad","msg":""}
2021-07-30 00:20:53 查询号码 【1939401】，GSD为【""】
2021-07-30 00:20:53 bad
2021-07-30 00:20:56 CHB 1939401?1627575653 第 1 次 等待 3 秒
2021-07-30 00:20:59 CHB 1939401?1627575653 第 1 次 获取到号码【1939401】GSD
2021-07-30 00:20:59 获取到号码【1939401】的GSD为【重庆-重庆】
2021-07-30 00:21:18 GSD insert 第 1 次 等待 3 秒
2021-07-30 00:21:21 {"status":"ok","gid":438781,"msg":"添加成功！"}
2021-07-30 00:21:21 下次操作: 2021-07-30 00:21:42

2021-07-30 00:21:42 开始第 29 次操作

2021-07-30 00:21:42 开始操作号码 【1939400】
2021-07-30 00:21:46 GSD getOne 第 1 次 等待 3 秒
2021-07-30 00:21:49 查询号码 【1939400】，返回信息 {"status":"bad","msg":""}
2021-07-30 00:21:49 查询号码 【1939400】，GSD为【""】
2021-07-30 00:21:49 bad
2021-07-30 00:21:51 CHB 1939400?1627575709 第 1 次 等待 3 秒
2021-07-30 00:21:54 CHB 1939400?1627575709 第 1 次 获取到号码【1939400】GSD
2021-07-30 00:21:55 获取到号码【1939400】的GSD为【重庆-重庆】
2021-07-30 00:22:05 GSD insert 第 1 次 等待 3 秒
2021-07-30 00:22:08 {"status":"ok","gid":438784,"msg":"添加成功！"}
2021-07-30 00:22:08 下次操作: 2021-07-30 00:22:26

2021-07-30 00:22:26 开始第 30 次操作

2021-07-30 00:22:26 开始操作号码 【1939399】
2021-07-30 00:22:30 GSD getOne 第 1 次 等待 3 秒
2021-07-30 00:22:33 查询号码 【1939399】，返回信息 {"status":"bad","msg":""}
2021-07-30 00:22:33 查询号码 【1939399】，GSD为【""】
2021-07-30 00:22:33 bad
2021-07-30 00:22:34 CHB 1939399?1627575753 第 1 次 等待 3 秒
2021-07-30 00:22:37 CHB 1939399?1627575753 第 1 次 获取到号码【1939399】GSD
2021-07-30 00:22:37 未获取到号码【1939399】GSD，可能号码格式错误
2021-07-30 00:22:37 获取到号码【1939399】的GSD为【-】
2021-07-30 00:22:56 GSD insert 第 1 次 等待 3 秒
2021-07-30 00:22:59 {"status":"ok","gid":438786,"msg":"添加成功！"}
2021-07-30 00:22:59 下次操作: 2021-07-30 00:23:14

2021-07-30 00:23:14 开始第 31 次操作

2021-07-30 00:23:14 开始操作号码 【1939398】
2021-07-30 00:23:23 GSD getOne 第 1 次 等待 3 秒
2021-07-30 00:23:26 查询号码 【1939398】，返回信息 {"status":"bad","msg":""}
2021-07-30 00:23:26 查询号码 【1939398】，GSD为【""】
2021-07-30 00:23:26 bad
2021-07-30 00:23:27 CHB 1939398?1627575806 第 1 次 等待 3 秒
2021-07-30 00:23:30 CHB 1939398?1627575806 第 1 次 获取到号码【1939398】GSD
2021-07-30 00:23:31 未获取到号码【1939398】GSD，可能号码格式错误
2021-07-30 00:23:31 获取到号码【1939398】的GSD为【-】
2021-07-30 00:23:53 GSD insert 第 1 次 等待 3 秒
2021-07-30 00:23:56 {"status":"ok","gid":438787,"msg":"添加成功！"}
2021-07-30 00:23:56 下次操作: 2021-07-30 00:24:08

2021-07-30 00:24:08 开始第 32 次操作

2021-07-30 00:24:08 开始操作号码 【1939397】
2021-07-30 00:24:16 GSD getOne 第 1 次 等待 3 秒
2021-07-30 00:24:19 查询号码 【1939397】，返回信息 {"status":"bad","msg":""}
2021-07-30 00:24:19 查询号码 【1939397】，GSD为【""】
2021-07-30 00:24:19 bad
2021-07-30 00:24:22 CHB 1939397?1627575859 第 1 次 等待 3 秒
2021-07-30 00:24:25 CHB 1939397?1627575859 第 1 次 获取到号码【1939397】GSD
2021-07-30 00:24:25 未获取到号码【1939397】GSD，可能号码格式错误
2021-07-30 00:24:25 获取到号码【1939397】的GSD为【-】
2021-07-30 00:24:38 GSD insert 第 1 次 等待 3 秒
2021-07-30 00:24:41 {"status":"ok","gid":438790,"msg":"添加成功！"}
2021-07-30 00:24:41 下次操作: 2021-07-30 00:25:00

2021-07-30 00:25:00 开始第 33 次操作

2021-07-30 00:25:00 开始操作号码 【1939396】
2021-07-30 00:25:07 GSD getOne 第 1 次 等待 3 秒
2021-07-30 00:25:10 查询号码 【1939396】，返回信息 {"status":"bad","msg":""}
2021-07-30 00:25:10 查询号码 【1939396】，GSD为【""】
2021-07-30 00:25:10 bad
2021-07-30 00:25:12 CHB 1939396?1627575910 第 1 次 等待 3 秒
2021-07-30 00:25:15 CHB 1939396?1627575910 第 1 次 获取到号码【1939396】GSD
2021-07-30 00:25:15 未获取到号码【1939396】GSD，可能号码格式错误
2021-07-30 00:25:15 获取到号码【1939396】的GSD为【-】
2021-07-30 00:25:27 GSD insert 第 1 次 等待 3 秒
2021-07-30 00:25:30 {"status":"ok","gid":438792,"msg":"添加成功！"}
2021-07-30 00:25:30 下次操作: 2021-07-30 00:25:45

2021-07-30 00:25:45 开始第 34 次操作

2021-07-30 00:25:45 开始操作号码 【1939395】
2021-07-30 00:25:50 GSD getOne 第 1 次 等待 3 秒
2021-07-30 00:25:53 查询号码 【1939395】，返回信息 {"status":"bad","msg":""}
2021-07-30 00:25:53 查询号码 【1939395】，GSD为【""】
2021-07-30 00:25:53 bad
2021-07-30 00:25:56 CHB 1939395?1627575953 第 1 次 等待 3 秒
2021-07-30 00:25:59 CHB 1939395?1627575953 第 1 次 获取到号码【1939395】GSD
2021-07-30 00:25:59 未获取到号码【1939395】GSD，可能号码格式错误
2021-07-30 00:25:59 获取到号码【1939395】的GSD为【-】
2021-07-30 00:26:11 GSD insert 第 1 次 等待 3 秒
2021-07-30 00:26:14 {"status":"ok","gid":438793,"msg":"添加成功！"}
2021-07-30 00:26:14 下次操作: 2021-07-30 00:26:30

2021-07-30 00:26:30 开始第 35 次操作

2021-07-30 00:26:30 开始操作号码 【1939394】
2021-07-30 00:26:34 GSD getOne 第 1 次 等待 3 秒
2021-07-30 00:26:37 查询号码 【1939394】，返回信息 {"status":"bad","msg":""}
2021-07-30 00:26:37 查询号码 【1939394】，GSD为【""】
2021-07-30 00:26:37 bad
2021-07-30 00:26:39 CHB 1939394?1627575997 第 1 次 等待 3 秒
2021-07-30 00:26:42 CHB 1939394?1627575997 第 1 次 获取到号码【1939394】GSD
2021-07-30 00:26:42 未获取到号码【1939394】GSD，可能号码格式错误
2021-07-30 00:26:42 获取到号码【1939394】的GSD为【-】
2021-07-30 00:26:59 GSD insert 第 1 次 等待 3 秒
2021-07-30 00:27:02 {"status":"ok","gid":438796,"msg":"添加成功！"}
2021-07-30 00:27:02 下次操作: 2021-07-30 00:27:25

2021-07-30 00:27:25 开始第 36 次操作

2021-07-30 00:27:25 开始操作号码 【1939393】
2021-07-30 00:27:28 GSD getOne 第 1 次 等待 3 秒
2021-07-30 00:27:31 查询号码 【1939393】，返回信息 {"status":"bad","msg":""}
2021-07-30 00:27:31 查询号码 【1939393】，GSD为【""】
2021-07-30 00:27:31 bad
2021-07-30 00:27:33 CHB 1939393?1627576051 第 1 次 等待 3 秒
2021-07-30 00:27:36 CHB 1939393?1627576051 第 1 次 获取到号码【1939393】GSD
2021-07-30 00:27:36 未获取到号码【1939393】GSD，可能号码格式错误
2021-07-30 00:27:36 获取到号码【1939393】的GSD为【-】
2021-07-30 00:28:11 GSD insert 第 1 次 等待 3 秒
2021-07-30 00:28:14 {"status":"ok","gid":438800,"msg":"添加成功！"}
2021-07-30 00:28:14 下次操作: 2021-07-30 00:28:27

2021-07-30 00:28:27 开始第 37 次操作

2021-07-30 00:28:27 开始操作号码 【1939392】
2021-07-30 00:28:38 GSD getOne 第 1 次 等待 3 秒
2021-07-30 00:28:41 查询号码 【1939392】，返回信息 {"status":"bad","msg":""}
2021-07-30 00:28:41 查询号码 【1939392】，GSD为【""】
2021-07-30 00:28:42 bad
2021-07-30 00:28:43 CHB 1939392?1627576122 第 1 次 等待 3 秒
2021-07-30 00:28:46 CHB 1939392?1627576122 第 1 次 获取到号码【1939392】GSD
2021-07-30 00:28:46 未获取到号码【1939392】GSD，可能号码格式错误
2021-07-30 00:28:46 获取到号码【1939392】的GSD为【-】
2021-07-30 00:29:05 GSD insert 第 1 次 等待 3 秒
2021-07-30 00:29:08 {"status":"ok","gid":438803,"msg":"添加成功！"}
2021-07-30 00:29:08 下次操作: 2021-07-30 00:29:31

2021-07-30 00:29:31 开始第 38 次操作

2021-07-30 00:29:31 开始操作号码 【1939391】
2021-07-30 00:29:38 GSD getOne 第 1 次 等待 3 秒
2021-07-30 00:29:41 查询号码 【1939391】，返回信息 {"status":"bad","msg":""}
2021-07-30 00:29:41 查询号码 【1939391】，GSD为【""】
2021-07-30 00:29:41 bad
2021-07-30 00:29:46 CHB 1939391?1627576181 第 1 次 等待 3 秒
2021-07-30 00:29:49 CHB 1939391?1627576181 第 1 次 获取到号码【1939391】GSD
2021-07-30 00:29:49 未获取到号码【1939391】GSD，可能号码格式错误
2021-07-30 00:29:49 获取到号码【1939391】的GSD为【-】
2021-07-30 00:30:37 GSD insert 第 1 次 等待 3 秒
2021-07-30 00:30:40 {"status":"ok","gid":438807,"msg":"添加成功！"}
2021-07-30 00:30:40 下次操作: 2021-07-30 00:31:03

2021-07-30 00:31:03 开始第 39 次操作

2021-07-30 00:31:03 开始操作号码 【1939390】
2021-07-30 00:31:07 GSD getOne 第 1 次 等待 3 秒
2021-07-30 00:31:10 查询号码 【1939390】，返回信息 {"status":"bad","msg":""}
2021-07-30 00:31:10 查询号码 【1939390】，GSD为【""】
2021-07-30 00:31:10 bad
2021-07-30 00:31:11 CHB 1939390?1627576270 第 1 次 等待 3 秒
2021-07-30 00:31:14 CHB 1939390?1627576270 第 1 次 获取到号码【1939390】GSD
2021-07-30 00:31:14 未获取到号码【1939390】GSD，可能号码格式错误
2021-07-30 00:31:14 获取到号码【1939390】的GSD为【-】
2021-07-30 00:31:34 GSD insert 第 1 次 等待 3 秒
2021-07-30 00:31:37 {"status":"ok","gid":438808,"msg":"添加成功！"}
2021-07-30 00:31:37 下次操作: 2021-07-30 00:31:57

2021-07-30 00:31:57 开始第 40 次操作

2021-07-30 00:31:57 开始操作号码 【1939389】
2021-07-30 00:32:09 GSD getOne 第 1 次 等待 3 秒
2021-07-30 00:32:12 查询号码 【1939389】，返回信息 {"status":"bad","msg":""}
2021-07-30 00:32:12 查询号码 【1939389】，GSD为【""】
2021-07-30 00:32:12 bad
2021-07-30 00:32:14 CHB 1939389?1627576332 第 1 次 等待 3 秒
2021-07-30 00:32:17 CHB 1939389?1627576332 第 1 次 获取到号码【1939389】GSD
2021-07-30 00:32:17 获取到号码【1939389】的GSD为【甘肃-天水】
2021-07-30 00:32:40 GSD insert 第 1 次 等待 3 秒
2021-07-30 00:32:43 {"status":"ok","gid":438809,"msg":"添加成功！"}

2021-07-30 01:36:28 开始第 1 次操作

2021-07-30 01:36:28 开始操作号码 【1939388】
2021-07-30 01:36:31 GSD getOne 第 1 次 等待 3 秒
2021-07-30 01:36:34 查询号码 【1939388】，返回信息 {"status":"bad","msg":""}
2021-07-30 01:36:34 查询号码 【1939388】，GSD为【""】
2021-07-30 01:36:34 bad
2021-07-30 01:36:36 CHB 1939388?1627580194 第 1 次 等待 3 秒
2021-07-30 01:36:39 CHB 1939388?1627580194 第 1 次 获取到号码【1939388】GSD
2021-07-30 01:36:39 获取到号码【1939388】的GSD为【甘肃-天水】
2021-07-30 01:36:42 GSD insert 第 1 次 等待 3 秒
2021-07-30 01:36:45 {"status":"ok","gid":439165,"msg":"添加成功！"}
2021-07-30 01:36:45 下次操作: 2021-07-30 01:37:02

2021-07-30 01:37:02 开始第 2 次操作

2021-07-30 01:37:02 开始操作号码 【1939387】
2021-07-30 01:37:05 GSD getOne 第 1 次 等待 3 秒
2021-07-30 01:37:08 查询号码 【1939387】，返回信息 {"status":"bad","msg":""}
2021-07-30 01:37:08 查询号码 【1939387】，GSD为【""】
2021-07-30 01:37:08 bad
2021-07-30 01:37:10 CHB 1939387?1627580228 第 1 次 等待 3 秒
2021-07-30 01:37:13 CHB 1939387?1627580228 第 1 次 获取到号码【1939387】GSD
2021-07-30 01:37:13 获取到号码【1939387】的GSD为【甘肃-天水】
2021-07-30 01:37:16 GSD insert 第 1 次 等待 3 秒
2021-07-30 01:37:19 {"status":"ok","gid":439169,"msg":"添加成功！"}
2021-07-30 01:37:19 下次操作: 2021-07-30 01:37:42

2021-07-30 01:37:42 开始第 3 次操作

2021-07-30 01:37:42 开始操作号码 【1939386】
2021-07-30 01:37:45 GSD getOne 第 1 次 等待 3 秒
2021-07-30 01:37:48 查询号码 【1939386】，返回信息 {"status":"bad","msg":""}
2021-07-30 01:37:48 查询号码 【1939386】，GSD为【""】
2021-07-30 01:37:48 bad
2021-07-30 01:37:50 CHB 1939386?1627580268 第 1 次 等待 3 秒
2021-07-30 01:37:53 CHB 1939386?1627580268 第 1 次 获取到号码【1939386】GSD
2021-07-30 01:37:53 获取到号码【1939386】的GSD为【甘肃-天水】
2021-07-30 01:37:56 GSD insert 第 1 次 等待 3 秒
2021-07-30 01:37:59 {"status":"ok","gid":439174,"msg":"添加成功！"}
2021-07-30 01:37:59 下次操作: 2021-07-30 01:38:14

2021-07-30 01:38:14 开始第 4 次操作

2021-07-30 01:38:14 开始操作号码 【1939385】
2021-07-30 01:38:17 GSD getOne 第 1 次 等待 3 秒
2021-07-30 01:38:20 查询号码 【1939385】，返回信息 {"status":"bad","msg":""}
2021-07-30 01:38:20 查询号码 【1939385】，GSD为【""】
2021-07-30 01:38:20 bad
2021-07-30 01:38:21 CHB 1939385?1627580300 第 1 次 等待 3 秒
2021-07-30 01:38:24 CHB 1939385?1627580300 第 1 次 获取到号码【1939385】GSD
2021-07-30 01:38:24 获取到号码【1939385】的GSD为【甘肃-天水】
2021-07-30 01:38:27 GSD insert 第 1 次 等待 3 秒
2021-07-30 01:38:30 {"status":"ok","gid":439177,"msg":"添加成功！"}
2021-07-30 01:38:30 下次操作: 2021-07-30 01:38:52

2021-07-30 01:38:52 开始第 5 次操作

2021-07-30 01:38:52 开始操作号码 【1939384】
2021-07-30 01:38:56 GSD getOne 第 1 次 等待 3 秒
2021-07-30 01:38:59 查询号码 【1939384】，返回信息 {"status":"bad","msg":""}
2021-07-30 01:38:59 查询号码 【1939384】，GSD为【""】
2021-07-30 01:38:59 bad
2021-07-30 01:39:00 CHB 1939384?1627580339 第 1 次 等待 3 秒
2021-07-30 01:39:03 CHB 1939384?1627580339 第 1 次 获取到号码【1939384】GSD
2021-07-30 01:39:03 获取到号码【1939384】的GSD为【甘肃-天水】
2021-07-30 01:39:06 GSD insert 第 1 次 等待 3 秒
2021-07-30 01:39:09 {"status":"ok","gid":439182,"msg":"添加成功！"}
2021-07-30 01:39:09 下次操作: 2021-07-30 01:39:26

2021-07-30 01:39:26 开始第 6 次操作

2021-07-30 01:39:26 开始操作号码 【1939383】
2021-07-30 01:39:29 GSD getOne 第 1 次 等待 3 秒
2021-07-30 01:39:32 查询号码 【1939383】，返回信息 {"status":"bad","msg":""}
2021-07-30 01:39:32 查询号码 【1939383】，GSD为【""】
2021-07-30 01:39:32 bad
2021-07-30 01:39:34 CHB 1939383?1627580372 第 1 次 等待 3 秒
2021-07-30 01:39:37 CHB 1939383?1627580372 第 1 次 获取到号码【1939383】GSD
2021-07-30 01:39:37 获取到号码【1939383】的GSD为【甘肃-天水】
2021-07-30 01:39:40 GSD insert 第 1 次 等待 3 秒
2021-07-30 01:39:43 {"status":"ok","gid":439186,"msg":"添加成功！"}
2021-07-30 01:39:43 下次操作: 2021-07-30 01:40:07

2021-07-30 01:40:07 开始第 7 次操作

2021-07-30 01:40:07 开始操作号码 【1939382】
2021-07-30 01:40:10 GSD getOne 第 1 次 等待 3 秒
2021-07-30 01:40:13 查询号码 【1939382】，返回信息 {"status":"bad","msg":""}
2021-07-30 01:40:13 查询号码 【1939382】，GSD为【""】
2021-07-30 01:40:13 bad
2021-07-30 01:40:15 CHB 1939382?1627580413 第 1 次 等待 3 秒
2021-07-30 01:40:18 CHB 1939382?1627580413 第 1 次 获取到号码【1939382】GSD
2021-07-30 01:40:18 获取到号码【1939382】的GSD为【甘肃-天水】
2021-07-30 01:40:21 GSD insert 第 1 次 等待 3 秒
2021-07-30 01:40:24 {"status":"ok","gid":439189,"msg":"添加成功！"}
2021-07-30 01:40:24 下次操作: 2021-07-30 01:40:45

2021-07-30 01:40:45 开始第 8 次操作

2021-07-30 01:40:45 开始操作号码 【1939381】
2021-07-30 01:40:48 GSD getOne 第 1 次 等待 3 秒
2021-07-30 01:40:51 查询号码 【1939381】，返回信息 {"status":"bad","msg":""}
2021-07-30 01:40:51 查询号码 【1939381】，GSD为【""】
2021-07-30 01:40:51 bad
2021-07-30 01:40:52 CHB 1939381?1627580451 第 1 次 等待 3 秒
2021-07-30 01:40:55 CHB 1939381?1627580451 第 1 次 获取到号码【1939381】GSD
2021-07-30 01:40:55 未获取到号码【1939381】GSD，查号吧 400 错误
2021-07-30 01:40:55 获取到号码【1939381】的GSD为【-】
2021-07-30 01:40:58 GSD insert 第 1 次 等待 3 秒
2021-07-30 01:41:01 {"status":"ok","gid":439196,"msg":"添加成功！"}
2021-07-30 01:41:01 下次操作: 2021-07-30 01:41:25

2021-07-30 01:41:25 开始第 9 次操作

2021-07-30 01:41:25 开始操作号码 【1939380】
2021-07-30 01:41:28 GSD getOne 第 1 次 等待 3 秒
2021-07-30 01:41:31 查询号码 【1939380】，返回信息 {"status":"bad","msg":""}
2021-07-30 01:41:31 查询号码 【1939380】，GSD为【""】
2021-07-30 01:41:31 bad
2021-07-30 01:41:33 CHB 1939380?1627580491 第 1 次 等待 3 秒
2021-07-30 01:41:36 CHB 1939380?1627580491 第 1 次 获取到号码【1939380】GSD
2021-07-30 01:41:36 获取到号码【1939380】的GSD为【甘肃-天水】
2021-07-30 01:41:39 GSD insert 第 1 次 等待 3 秒
2021-07-30 01:41:42 {"status":"ok","gid":439200,"msg":"添加成功！"}
2021-07-30 01:41:42 下次操作: 2021-07-30 01:42:00

2021-07-30 01:42:00 开始第 10 次操作

2021-07-30 01:42:00 开始操作号码 【1939379】
2021-07-30 01:42:03 GSD getOne 第 1 次 等待 3 秒
2021-07-30 01:42:06 查询号码 【1939379】，返回信息 {"status":"bad","msg":""}
2021-07-30 01:42:06 查询号码 【1939379】，GSD为【""】
2021-07-30 01:42:06 bad
2021-07-30 01:42:08 CHB 1939379?1627580526 第 1 次 等待 3 秒
2021-07-30 01:42:11 CHB 1939379?1627580526 第 1 次 获取到号码【1939379】GSD
2021-07-30 01:42:11 获取到号码【1939379】的GSD为【甘肃-天水】
2021-07-30 01:42:14 GSD insert 第 1 次 等待 3 秒
2021-07-30 01:42:17 {"status":"ok","gid":439205,"msg":"添加成功！"}
2021-07-30 01:42:17 下次操作: 2021-07-30 01:42:31

2021-07-30 01:42:31 开始第 11 次操作

2021-07-30 01:42:31 开始操作号码 【1939378】
2021-07-30 01:42:34 GSD getOne 第 1 次 等待 3 秒
2021-07-30 01:42:37 查询号码 【1939378】，返回信息 {"status":"bad","msg":""}
2021-07-30 01:42:37 查询号码 【1939378】，GSD为【""】
2021-07-30 01:42:37 bad
2021-07-30 01:42:38 CHB 1939378?1627580557 第 1 次 等待 3 秒
2021-07-30 01:42:41 CHB 1939378?1627580557 第 1 次 获取到号码【1939378】GSD
2021-07-30 01:42:41 获取到号码【1939378】的GSD为【甘肃-天水】
2021-07-30 01:42:44 GSD insert 第 1 次 等待 3 秒
2021-07-30 01:42:47 {"status":"ok","gid":439209,"msg":"添加成功！"}
2021-07-30 01:42:47 下次操作: 2021-07-30 01:43:05

2021-07-30 01:43:05 开始第 12 次操作

2021-07-30 01:43:05 开始操作号码 【1939377】
2021-07-30 01:43:08 GSD getOne 第 1 次 等待 3 秒
2021-07-30 01:43:11 查询号码 【1939377】，返回信息 {"status":"bad","msg":""}
2021-07-30 01:43:11 查询号码 【1939377】，GSD为【""】
2021-07-30 01:43:11 bad
2021-07-30 01:43:13 CHB 1939377?1627580591 第 1 次 等待 3 秒
2021-07-30 01:43:16 CHB 1939377?1627580591 第 1 次 获取到号码【1939377】GSD
2021-07-30 01:43:16 获取到号码【1939377】的GSD为【甘肃-酒泉】
2021-07-30 01:43:21 GSD insert 第 1 次 等待 3 秒
2021-07-30 01:43:24 {"status":"ok","gid":439216,"msg":"添加成功！"}
2021-07-30 01:43:24 下次操作: 2021-07-30 01:43:48

2021-07-30 01:43:48 开始第 13 次操作

2021-07-30 01:43:48 开始操作号码 【1939376】
2021-07-30 01:43:54 GSD getOne 第 1 次 等待 3 秒
2021-07-30 01:43:57 查询号码 【1939376】，返回信息 {"status":"bad","msg":""}
2021-07-30 01:43:57 查询号码 【1939376】，GSD为【""】
2021-07-30 01:43:57 bad
2021-07-30 01:43:58 CHB 1939376?1627580637 第 1 次 等待 3 秒
2021-07-30 01:44:01 CHB 1939376?1627580637 第 1 次 获取到号码【1939376】GSD
2021-07-30 01:44:01 获取到号码【1939376】的GSD为【甘肃-酒泉】
2021-07-30 01:44:04 GSD insert 第 1 次 等待 3 秒
2021-07-30 01:44:07 {"status":"ok","gid":439223,"msg":"添加成功！"}
2021-07-30 01:44:07 下次操作: 2021-07-30 01:44:23

2021-07-30 01:44:23 开始第 14 次操作

2021-07-30 01:44:23 开始操作号码 【1939375】
2021-07-30 01:44:26 GSD getOne 第 1 次 等待 3 秒
2021-07-30 01:44:29 查询号码 【1939375】，返回信息 {"status":"bad","msg":""}
2021-07-30 01:44:29 查询号码 【1939375】，GSD为【""】
2021-07-30 01:44:29 bad
2021-07-30 01:44:31 CHB 1939375?1627580669 第 1 次 等待 3 秒
2021-07-30 01:44:34 CHB 1939375?1627580669 第 1 次 获取到号码【1939375】GSD
2021-07-30 01:44:34 获取到号码【1939375】的GSD为【甘肃-酒泉】
2021-07-30 01:44:37 GSD insert 第 1 次 等待 3 秒
2021-07-30 01:44:40 {"status":"ok","gid":439229,"msg":"添加成功！"}
2021-07-30 01:44:40 下次操作: 2021-07-30 01:44:55

2021-07-30 01:44:55 开始第 15 次操作

2021-07-30 01:44:55 开始操作号码 【1939374】
2021-07-30 01:44:58 GSD getOne 第 1 次 等待 3 秒
2021-07-30 01:45:01 查询号码 【1939374】，返回信息 {"status":"bad","msg":""}
2021-07-30 01:45:01 查询号码 【1939374】，GSD为【""】
2021-07-30 01:45:01 bad
2021-07-30 01:45:02 CHB 1939374?1627580701 第 1 次 等待 3 秒
2021-07-30 01:45:05 CHB 1939374?1627580701 第 1 次 获取到号码【1939374】GSD
2021-07-30 01:45:05 未获取到号码【1939374】GSD，查号吧 400 错误
2021-07-30 01:45:05 获取到号码【1939374】的GSD为【-】
2021-07-30 01:45:09 GSD insert 第 1 次 等待 3 秒
2021-07-30 01:45:12 {"status":"ok","gid":439237,"msg":"添加成功！"}
2021-07-30 01:45:12 下次操作: 2021-07-30 01:45:36

2021-07-30 01:45:36 开始第 16 次操作

2021-07-30 01:45:36 开始操作号码 【1939373】
2021-07-30 01:45:39 GSD getOne 第 1 次 等待 3 秒
2021-07-30 01:45:42 查询号码 【1939373】，返回信息 {"status":"bad","msg":""}
2021-07-30 01:45:42 查询号码 【1939373】，GSD为【""】
2021-07-30 01:45:42 bad
2021-07-30 01:45:43 CHB 1939373?1627580742 第 1 次 等待 3 秒
2021-07-30 01:45:46 CHB 1939373?1627580742 第 1 次 获取到号码【1939373】GSD
2021-07-30 01:45:46 获取到号码【1939373】的GSD为【甘肃-酒泉】
2021-07-30 01:45:50 GSD insert 第 1 次 等待 3 秒
2021-07-30 01:45:53 {"status":"ok","gid":439247,"msg":"添加成功！"}
2021-07-30 01:45:53 下次操作: 2021-07-30 01:46:12

2021-07-30 01:46:12 开始第 17 次操作

2021-07-30 01:46:12 开始操作号码 【1939372】
2021-07-30 01:46:15 GSD getOne 第 1 次 等待 3 秒
2021-07-30 01:46:18 查询号码 【1939372】，返回信息 {"status":"bad","msg":""}
2021-07-30 01:46:18 查询号码 【1939372】，GSD为【""】
2021-07-30 01:46:18 bad
2021-07-30 01:46:20 CHB 1939372?1627580778 第 1 次 等待 3 秒
2021-07-30 01:46:23 CHB 1939372?1627580778 第 1 次 获取到号码【1939372】GSD
2021-07-30 01:46:23 获取到号码【1939372】的GSD为【甘肃-酒泉】
2021-07-30 01:46:26 GSD insert 第 1 次 等待 3 秒
2021-07-30 01:46:29 {"status":"ok","gid":439255,"msg":"添加成功！"}
2021-07-30 01:46:29 下次操作: 2021-07-30 01:46:44

2021-07-30 01:46:44 开始第 18 次操作

2021-07-30 01:46:44 开始操作号码 【1939371】
2021-07-30 01:46:47 GSD getOne 第 1 次 等待 3 秒
2021-07-30 01:46:50 查询号码 【1939371】，返回信息 {"status":"bad","msg":""}
2021-07-30 01:46:50 查询号码 【1939371】，GSD为【""】
2021-07-30 01:46:50 bad
2021-07-30 01:46:52 CHB 1939371?1627580810 第 1 次 等待 3 秒
2021-07-30 01:46:55 CHB 1939371?1627580810 第 1 次 获取到号码【1939371】GSD
2021-07-30 01:46:55 获取到号码【1939371】的GSD为【甘肃-酒泉】
2021-07-30 01:46:59 GSD insert 第 1 次 等待 3 秒
2021-07-30 01:47:02 {"status":"ok","gid":439262,"msg":"添加成功！"}
2021-07-30 01:47:02 下次操作: 2021-07-30 01:47:20

2021-07-30 01:47:20 开始第 19 次操作

2021-07-30 01:47:20 开始操作号码 【1939370】
2021-07-30 01:47:23 GSD getOne 第 1 次 等待 3 秒
2021-07-30 01:47:26 查询号码 【1939370】，返回信息 {"status":"bad","msg":""}
2021-07-30 01:47:26 查询号码 【1939370】，GSD为【""】
2021-07-30 01:47:26 bad
2021-07-30 01:47:27 CHB 1939370?1627580846 第 1 次 等待 3 秒
2021-07-30 01:47:30 CHB 1939370?1627580846 第 1 次 获取到号码【1939370】GSD
2021-07-30 01:47:30 获取到号码【1939370】的GSD为【甘肃-酒泉】
2021-07-30 01:47:33 GSD insert 第 1 次 等待 3 秒
2021-07-30 01:47:36 {"status":"ok","gid":439270,"msg":"添加成功！"}
2021-07-30 01:47:36 下次操作: 2021-07-30 01:47:57

2021-07-30 01:47:57 开始第 20 次操作

2021-07-30 01:47:57 开始操作号码 【1939369】
2021-07-30 01:48:00 GSD getOne 第 1 次 等待 3 秒
2021-07-30 01:48:03 查询号码 【1939369】，返回信息 {"status":"bad","msg":""}
2021-07-30 01:48:03 查询号码 【1939369】，GSD为【""】
2021-07-30 01:48:03 bad
2021-07-30 01:48:05 CHB 1939369?1627580883 第 1 次 等待 3 秒
2021-07-30 01:48:08 CHB 1939369?1627580883 第 1 次 获取到号码【1939369】GSD
2021-07-30 01:48:08 获取到号码【1939369】的GSD为【甘肃-陇南】
2021-07-30 01:48:11 GSD insert 第 1 次 等待 3 秒
2021-07-30 01:48:14 {"status":"ok","gid":439277,"msg":"添加成功！"}
2021-07-30 01:48:14 下次操作: 2021-07-30 01:48:34

2021-07-30 01:48:34 开始第 21 次操作

2021-07-30 01:48:34 开始操作号码 【1939368】
2021-07-30 01:48:37 GSD getOne 第 1 次 等待 3 秒
2021-07-30 01:48:40 查询号码 【1939368】，返回信息 {"status":"bad","msg":""}
2021-07-30 01:48:40 查询号码 【1939368】，GSD为【""】
2021-07-30 01:48:40 bad
2021-07-30 01:48:42 CHB 1939368?1627580920 第 1 次 等待 3 秒
2021-07-30 01:48:45 CHB 1939368?1627580920 第 1 次 获取到号码【1939368】GSD
2021-07-30 01:48:45 获取到号码【1939368】的GSD为【甘肃-陇南】
2021-07-30 01:48:48 GSD insert 第 1 次 等待 3 秒
2021-07-30 01:48:51 {"status":"ok","gid":439284,"msg":"添加成功！"}
2021-07-30 01:48:51 下次操作: 2021-07-30 01:49:04

2021-07-30 01:49:04 开始第 22 次操作

2021-07-30 01:49:04 开始操作号码 【1939367】
2021-07-30 01:49:07 GSD getOne 第 1 次 等待 3 秒
2021-07-30 01:49:10 查询号码 【1939367】，返回信息 {"status":"bad","msg":""}
2021-07-30 01:49:10 查询号码 【1939367】，GSD为【""】
2021-07-30 01:49:10 bad
2021-07-30 01:49:12 CHB 1939367?1627580950 第 1 次 等待 3 秒
2021-07-30 01:49:15 CHB 1939367?1627580950 第 1 次 获取到号码【1939367】GSD
2021-07-30 01:49:15 获取到号码【1939367】的GSD为【甘肃-陇南】
2021-07-30 01:49:18 GSD insert 第 1 次 等待 3 秒
2021-07-30 01:49:21 {"status":"ok","gid":439293,"msg":"添加成功！"}
2021-07-30 01:49:21 下次操作: 2021-07-30 01:49:36

2021-07-30 01:49:36 开始第 23 次操作

2021-07-30 01:49:36 开始操作号码 【1939366】
2021-07-30 01:49:39 GSD getOne 第 1 次 等待 3 秒
2021-07-30 01:49:42 查询号码 【1939366】，返回信息 {"status":"bad","msg":""}
2021-07-30 01:49:42 查询号码 【1939366】，GSD为【""】
2021-07-30 01:49:42 bad
2021-07-30 01:49:44 CHB 1939366?1627580982 第 1 次 等待 3 秒
2021-07-30 01:49:47 CHB 1939366?1627580982 第 1 次 获取到号码【1939366】GSD
2021-07-30 01:49:47 获取到号码【1939366】的GSD为【甘肃-张掖】
2021-07-30 01:49:50 GSD insert 第 1 次 等待 3 秒
2021-07-30 01:49:53 {"status":"ok","gid":439298,"msg":"添加成功！"}
2021-07-30 01:49:53 下次操作: 2021-07-30 01:50:14

2021-07-30 01:50:14 开始第 24 次操作

2021-07-30 01:50:14 开始操作号码 【1939365】
2021-07-30 01:50:18 GSD getOne 第 1 次 等待 3 秒
2021-07-30 01:50:21 查询号码 【1939365】，返回信息 {"status":"bad","msg":""}
2021-07-30 01:50:21 查询号码 【1939365】，GSD为【""】
2021-07-30 01:50:21 bad
2021-07-30 01:50:23 CHB 1939365?1627581021 第 1 次 等待 3 秒
2021-07-30 01:50:26 CHB 1939365?1627581021 第 1 次 获取到号码【1939365】GSD
2021-07-30 01:50:26 获取到号码【1939365】的GSD为【甘肃-张掖】
2021-07-30 01:50:29 GSD insert 第 1 次 等待 3 秒
2021-07-30 01:50:32 {"status":"ok","gid":439308,"msg":"添加成功！"}
2021-07-30 01:50:32 下次操作: 2021-07-30 01:50:44

2021-07-30 01:50:44 开始第 25 次操作

2021-07-30 01:50:44 开始操作号码 【1939364】
2021-07-30 01:50:47 GSD getOne 第 1 次 等待 3 秒
2021-07-30 01:50:50 查询号码 【1939364】，返回信息 {"status":"bad","msg":""}
2021-07-30 01:50:50 查询号码 【1939364】，GSD为【""】
2021-07-30 01:50:50 bad
2021-07-30 01:50:52 CHB 1939364?1627581050 第 1 次 等待 3 秒
2021-07-30 01:50:55 CHB 1939364?1627581050 第 1 次 获取到号码【1939364】GSD
2021-07-30 01:50:55 获取到号码【1939364】的GSD为【甘肃-张掖】
2021-07-30 01:50:58 GSD insert 第 1 次 等待 3 秒
2021-07-30 01:51:01 {"status":"ok","gid":439314,"msg":"添加成功！"}
2021-07-30 01:51:01 下次操作: 2021-07-30 01:51:13

2021-07-30 01:51:13 开始第 26 次操作

2021-07-30 01:51:13 开始操作号码 【1939363】
2021-07-30 01:51:16 GSD getOne 第 1 次 等待 3 秒
2021-07-30 01:51:19 查询号码 【1939363】，返回信息 {"status":"bad","msg":""}
2021-07-30 01:51:19 查询号码 【1939363】，GSD为【""】
2021-07-30 01:51:19 bad
2021-07-30 01:51:21 CHB 1939363?1627581079 第 1 次 等待 3 秒
2021-07-30 01:51:24 CHB 1939363?1627581079 第 1 次 获取到号码【1939363】GSD
2021-07-30 01:51:24 获取到号码【1939363】的GSD为【甘肃-张掖】
2021-07-30 01:51:27 GSD insert 第 1 次 等待 3 秒
2021-07-30 01:51:30 {"status":"ok","gid":439318,"msg":"添加成功！"}
2021-07-30 01:51:30 下次操作: 2021-07-30 01:51:42

2021-07-30 01:51:42 开始第 27 次操作

2021-07-30 01:51:42 开始操作号码 【1939362】
2021-07-30 01:51:45 GSD getOne 第 1 次 等待 3 秒
2021-07-30 01:51:48 查询号码 【1939362】，返回信息 {"status":"bad","msg":""}
2021-07-30 01:51:48 查询号码 【1939362】，GSD为【""】
2021-07-30 01:51:48 bad
2021-07-30 01:51:49 CHB 1939362?1627581108 第 1 次 等待 3 秒
2021-07-30 01:51:52 CHB 1939362?1627581108 第 1 次 获取到号码【1939362】GSD
2021-07-30 01:51:52 获取到号码【1939362】的GSD为【甘肃-张掖】
2021-07-30 01:51:56 GSD insert 第 1 次 等待 3 秒
2021-07-30 01:51:59 {"status":"ok","gid":439325,"msg":"添加成功！"}
2021-07-30 01:51:59 下次操作: 2021-07-30 01:52:18

2021-07-30 01:52:18 开始第 28 次操作

2021-07-30 01:52:18 开始操作号码 【1939361】
2021-07-30 01:52:21 GSD getOne 第 1 次 等待 3 秒
2021-07-30 01:52:24 查询号码 【1939361】，返回信息 {"status":"bad","msg":""}
2021-07-30 01:52:24 查询号码 【1939361】，GSD为【""】
2021-07-30 01:52:24 bad
2021-07-30 01:52:26 CHB 1939361?1627581144 第 1 次 等待 3 秒
2021-07-30 01:52:29 CHB 1939361?1627581144 第 1 次 获取到号码【1939361】GSD
2021-07-30 01:52:29 获取到号码【1939361】的GSD为【甘肃-张掖】
2021-07-30 01:52:32 GSD insert 第 1 次 等待 3 秒
2021-07-30 01:52:35 {"status":"ok","gid":439333,"msg":"添加成功！"}
2021-07-30 01:52:35 下次操作: 2021-07-30 01:52:49

2021-07-30 01:52:50 开始第 29 次操作

2021-07-30 01:52:50 开始操作号码 【1939360】
2021-07-30 01:52:54 GSD getOne 第 1 次 等待 3 秒
2021-07-30 01:52:57 查询号码 【1939360】，返回信息 {"status":"bad","msg":""}
2021-07-30 01:52:57 查询号码 【1939360】，GSD为【""】
2021-07-30 01:52:57 bad
2021-07-30 01:52:58 CHB 1939360?1627581177 第 1 次 等待 3 秒
2021-07-30 01:53:01 CHB 1939360?1627581177 第 1 次 获取到号码【1939360】GSD
2021-07-30 01:53:01 获取到号码【1939360】的GSD为【甘肃-张掖】
2021-07-30 01:53:04 GSD insert 第 1 次 等待 3 秒
2021-07-30 01:53:07 {"status":"ok","gid":439341,"msg":"添加成功！"}
2021-07-30 01:53:07 下次操作: 2021-07-30 01:53:20

2021-07-30 01:53:20 开始第 30 次操作

2021-07-30 01:53:20 开始操作号码 【1939359】
2021-07-30 01:53:24 GSD getOne 第 1 次 等待 3 秒
2021-07-30 01:53:27 查询号码 【1939359】，返回信息 {"status":"bad","msg":""}
2021-07-30 01:53:27 查询号码 【1939359】，GSD为【""】
2021-07-30 01:53:27 bad
2021-07-30 01:53:29 CHB 1939359?1627581207 第 1 次 等待 3 秒
2021-07-30 01:53:32 CHB 1939359?1627581207 第 1 次 获取到号码【1939359】GSD
2021-07-30 01:53:32 获取到号码【1939359】的GSD为【甘肃-武威】
2021-07-30 01:53:35 GSD insert 第 1 次 等待 3 秒
2021-07-30 01:53:38 {"status":"ok","gid":439347,"msg":"添加成功！"}
2021-07-30 01:53:38 下次操作: 2021-07-30 01:53:52

2021-07-30 01:53:52 开始第 31 次操作

2021-07-30 01:53:52 开始操作号码 【1939358】
2021-07-30 01:53:55 GSD getOne 第 1 次 等待 3 秒
2021-07-30 01:53:58 查询号码 【1939358】，返回信息 {"status":"bad","msg":""}
2021-07-30 01:53:58 查询号码 【1939358】，GSD为【""】
2021-07-30 01:53:58 bad
2021-07-30 01:53:59 CHB 1939358?1627581238 第 1 次 等待 3 秒
2021-07-30 01:54:02 CHB 1939358?1627581238 第 1 次 获取到号码【1939358】GSD
2021-07-30 01:54:02 获取到号码【1939358】的GSD为【甘肃-武威】
2021-07-30 01:54:06 GSD insert 第 1 次 等待 3 秒
2021-07-30 01:54:09 {"status":"ok","gid":439353,"msg":"添加成功！"}
2021-07-30 01:54:09 下次操作: 2021-07-30 01:54:27

2021-07-30 01:54:27 开始第 32 次操作

2021-07-30 01:54:27 开始操作号码 【1939357】
2021-07-30 01:54:30 GSD getOne 第 1 次 等待 3 秒
2021-07-30 01:54:33 查询号码 【1939357】，返回信息 {"status":"bad","msg":""}
2021-07-30 01:54:33 查询号码 【1939357】，GSD为【""】
2021-07-30 01:54:33 bad
2021-07-30 01:54:34 CHB 1939357?1627581273 第 1 次 等待 3 秒
2021-07-30 01:54:37 CHB 1939357?1627581273 第 1 次 获取到号码【1939357】GSD
2021-07-30 01:54:37 获取到号码【1939357】的GSD为【甘肃-武威】
2021-07-30 01:54:46 GSD insert 第 1 次 等待 3 秒
2021-07-30 01:54:49 {"status":"ok","gid":439364,"msg":"添加成功！"}
2021-07-30 01:54:49 下次操作: 2021-07-30 01:55:03

2021-07-30 01:55:03 开始第 33 次操作

2021-07-30 01:55:03 开始操作号码 【1939356】
2021-07-30 01:55:06 GSD getOne 第 1 次 等待 3 秒
2021-07-30 01:55:09 查询号码 【1939356】，返回信息 {"status":"bad","msg":""}
2021-07-30 01:55:09 查询号码 【1939356】，GSD为【""】
2021-07-30 01:55:09 bad
2021-07-30 01:55:11 CHB 1939356?1627581309 第 1 次 等待 3 秒
2021-07-30 01:55:14 CHB 1939356?1627581309 第 1 次 获取到号码【1939356】GSD
2021-07-30 01:55:14 获取到号码【1939356】的GSD为【甘肃-武威】
2021-07-30 01:55:17 GSD insert 第 1 次 等待 3 秒
2021-07-30 01:55:20 {"status":"ok","gid":439370,"msg":"添加成功！"}
2021-07-30 01:55:20 下次操作: 2021-07-30 01:55:42

2021-07-30 01:55:42 开始第 34 次操作

2021-07-30 01:55:42 开始操作号码 【1939355】
2021-07-30 01:55:45 GSD getOne 第 1 次 等待 3 秒
2021-07-30 01:55:48 查询号码 【1939355】，返回信息 {"status":"bad","msg":""}
2021-07-30 01:55:48 查询号码 【1939355】，GSD为【""】
2021-07-30 01:55:48 bad
2021-07-30 01:55:49 CHB 1939355?1627581348 第 1 次 等待 3 秒
2021-07-30 01:55:52 CHB 1939355?1627581348 第 1 次 获取到号码【1939355】GSD
2021-07-30 01:55:52 获取到号码【1939355】的GSD为【甘肃-武威】
2021-07-30 01:55:56 GSD insert 第 1 次 等待 3 秒
2021-07-30 01:55:59 {"status":"ok","gid":439379,"msg":"添加成功！"}
2021-07-30 01:55:59 下次操作: 2021-07-30 01:56:12

2021-07-30 01:56:12 开始第 35 次操作

2021-07-30 01:56:12 开始操作号码 【1939354】
2021-07-30 01:56:15 GSD getOne 第 1 次 等待 3 秒
2021-07-30 01:56:18 查询号码 【1939354】，返回信息 {"status":"bad","msg":""}
2021-07-30 01:56:18 查询号码 【1939354】，GSD为【""】
2021-07-30 01:56:18 bad
2021-07-30 01:56:20 CHB 1939354?1627581378 第 1 次 等待 3 秒
2021-07-30 01:56:23 CHB 1939354?1627581378 第 1 次 获取到号码【1939354】GSD
2021-07-30 01:56:23 获取到号码【1939354】的GSD为【甘肃-武威】
2021-07-30 01:56:26 GSD insert 第 1 次 等待 3 秒
2021-07-30 01:56:29 {"status":"ok","gid":439386,"msg":"添加成功！"}
2021-07-30 01:56:29 下次操作: 2021-07-30 01:56:53

2021-07-30 01:56:53 开始第 36 次操作

2021-07-30 01:56:53 开始操作号码 【1939353】
2021-07-30 01:56:56 GSD getOne 第 1 次 等待 3 秒
2021-07-30 01:56:59 查询号码 【1939353】，返回信息 {"status":"bad","msg":""}
2021-07-30 01:56:59 查询号码 【1939353】，GSD为【""】
2021-07-30 01:56:59 bad
2021-07-30 01:57:00 CHB 1939353?1627581419 第 1 次 等待 3 秒
2021-07-30 01:57:03 CHB 1939353?1627581419 第 1 次 获取到号码【1939353】GSD
2021-07-30 01:57:04 获取到号码【1939353】的GSD为【甘肃-武威】
2021-07-30 01:57:07 GSD insert 第 1 次 等待 3 秒
2021-07-30 01:57:10 {"status":"ok","gid":439394,"msg":"添加成功！"}
2021-07-30 01:57:10 下次操作: 2021-07-30 01:57:29

2021-07-30 01:57:29 开始第 37 次操作

2021-07-30 01:57:29 开始操作号码 【1939352】
2021-07-30 01:57:32 GSD getOne 第 1 次 等待 3 秒
2021-07-30 01:57:35 查询号码 【1939352】，返回信息 {"status":"bad","msg":""}
2021-07-30 01:57:35 查询号码 【1939352】，GSD为【""】
2021-07-30 01:57:35 bad
2021-07-30 01:57:37 CHB 1939352?1627581455 第 1 次 等待 3 秒
2021-07-30 01:57:40 CHB 1939352?1627581455 第 1 次 获取到号码【1939352】GSD
2021-07-30 01:57:40 获取到号码【1939352】的GSD为【甘肃-武威】
2021-07-30 01:57:43 GSD insert 第 1 次 等待 3 秒
2021-07-30 01:57:46 {"status":"ok","gid":439402,"msg":"添加成功！"}
2021-07-30 01:57:46 下次操作: 2021-07-30 01:58:05

2021-07-30 01:58:05 开始第 38 次操作

2021-07-30 01:58:05 开始操作号码 【1939351】
2021-07-30 01:58:08 GSD getOne 第 1 次 等待 3 秒
2021-07-30 01:58:11 查询号码 【1939351】，返回信息 {"status":"bad","msg":""}
2021-07-30 01:58:11 查询号码 【1939351】，GSD为【""】
2021-07-30 01:58:11 bad
2021-07-30 01:58:12 CHB 1939351?1627581491 第 1 次 等待 3 秒
2021-07-30 01:58:15 CHB 1939351?1627581491 第 1 次 获取到号码【1939351】GSD
2021-07-30 01:58:16 获取到号码【1939351】的GSD为【甘肃-武威】
2021-07-30 01:58:19 GSD insert 第 1 次 等待 3 秒
2021-07-30 01:58:22 {"status":"ok","gid":439410,"msg":"添加成功！"}
2021-07-30 01:58:22 下次操作: 2021-07-30 01:58:35

2021-07-30 01:58:35 开始第 39 次操作

2021-07-30 01:58:35 开始操作号码 【1939350】
2021-07-30 01:58:38 GSD getOne 第 1 次 等待 3 秒
2021-07-30 01:58:41 查询号码 【1939350】，返回信息 {"status":"bad","msg":""}
2021-07-30 01:58:41 查询号码 【1939350】，GSD为【""】
2021-07-30 01:58:41 bad
2021-07-30 01:58:42 CHB 1939350?1627581521 第 1 次 等待 3 秒
2021-07-30 01:58:45 CHB 1939350?1627581521 第 1 次 获取到号码【1939350】GSD
2021-07-30 01:58:45 获取到号码【1939350】的GSD为【甘肃-武威】
2021-07-30 01:58:48 GSD insert 第 1 次 等待 3 秒
2021-07-30 01:58:51 {"status":"ok","gid":439418,"msg":"添加成功！"}
2021-07-30 01:58:51 下次操作: 2021-07-30 01:59:10

2021-07-30 01:59:10 开始第 40 次操作

2021-07-30 01:59:10 开始操作号码 【1939349】
2021-07-30 01:59:13 GSD getOne 第 1 次 等待 3 秒
2021-07-30 01:59:16 查询号码 【1939349】，返回信息 {"status":"bad","msg":""}
2021-07-30 01:59:16 查询号码 【1939349】，GSD为【""】
2021-07-30 01:59:16 bad
2021-07-30 01:59:18 CHB 1939349?1627581556 第 1 次 等待 3 秒
2021-07-30 01:59:21 CHB 1939349?1627581556 第 1 次 获取到号码【1939349】GSD
2021-07-30 01:59:21 获取到号码【1939349】的GSD为【甘肃-庆阳】
2021-07-30 01:59:24 GSD insert 第 1 次 等待 3 秒
2021-07-30 01:59:27 {"status":"ok","gid":439426,"msg":"添加成功！"}

