2021-08-03 00:00:44 开始第 8 次操作

2021-08-03 00:00:44 开始操作号码 【1936057】
2021-08-03 00:00:48 GSD getOne 第 1 次 等待 3 秒
2021-08-03 00:00:51 查询号码 【1936057】，返回信息 {"status":"bad","msg":""}
2021-08-03 00:00:51 查询号码 【1936057】，GSD为【""】
2021-08-03 00:00:51 bad
2021-08-03 00:00:53 CHB 1936057?1627920051 第 1 次 等待 3 秒
2021-08-03 00:00:56 CHB 1936057?1627920051 第 1 次 获取到号码【1936057】GSD
2021-08-03 00:00:56 未获取到号码【1936057】GSD，可能号码格式错误
2021-08-03 00:00:56 获取到号码【1936057】的GSD为【-】
2021-08-03 00:01:16 GSD insert 第 1 次 等待 3 秒
2021-08-03 00:01:19 {"status":"ok","gid":484607,"msg":"添加成功！"}
2021-08-03 00:01:19 下次操作: 2021-08-03 00:01:42

2021-08-03 00:01:42 开始第 9 次操作

2021-08-03 00:01:42 开始操作号码 【1936056】
2021-08-03 00:03:04 GSD getOne 第 1 次 等待 3 秒
2021-08-03 00:03:07 查询号码 【1936056】，返回信息 {"status":"bad","msg":""}
2021-08-03 00:03:07 查询号码 【1936056】，GSD为【""】
2021-08-03 00:03:07 bad
2021-08-03 00:03:09 CHB 1936056?1627920187 第 1 次 等待 3 秒
2021-08-03 00:03:12 CHB 1936056?1627920187 第 1 次 获取到号码【1936056】GSD
2021-08-03 00:03:12 未获取到号码【1936056】GSD，可能号码格式错误
2021-08-03 00:03:12 获取到号码【1936056】的GSD为【-】
2021-08-03 00:03:39 GSD insert 第 1 次 等待 3 秒
2021-08-03 00:03:42 {"status":"ok","gid":484628,"msg":"添加成功！"}
2021-08-03 00:03:42 下次操作: 2021-08-03 00:03:55

2021-08-03 00:03:55 开始第 10 次操作

2021-08-03 00:03:55 开始操作号码 【1936055】
2021-08-03 00:04:02 GSD getOne 第 1 次 等待 3 秒
2021-08-03 00:04:05 查询号码 【1936055】，返回信息 {"status":"bad","msg":""}
2021-08-03 00:04:05 查询号码 【1936055】，GSD为【""】
2021-08-03 00:04:05 bad
2021-08-03 00:04:07 CHB 1936055?1627920245 第 1 次 等待 3 秒
2021-08-03 00:04:10 CHB 1936055?1627920245 第 1 次 获取到号码【1936055】GSD
2021-08-03 00:04:10 未获取到号码【1936055】GSD，可能号码格式错误
2021-08-03 00:04:10 获取到号码【1936055】的GSD为【-】
2021-08-03 00:04:30 GSD insert 第 1 次 等待 3 秒
2021-08-03 00:04:33 {"status":"ok","gid":484640,"msg":"添加成功！"}
2021-08-03 00:04:33 下次操作: 2021-08-03 00:04:49

2021-08-03 00:04:49 开始第 11 次操作

2021-08-03 00:04:49 开始操作号码 【1936054】
2021-08-03 00:04:57 GSD getOne 第 1 次 等待 3 秒
2021-08-03 00:05:00 查询号码 【1936054】，返回信息 {"status":"bad","msg":""}
2021-08-03 00:05:00 查询号码 【1936054】，GSD为【""】
2021-08-03 00:05:00 bad
2021-08-03 00:05:01 CHB 1936054?1627920300 第 1 次 等待 3 秒
2021-08-03 00:05:04 CHB 1936054?1627920300 第 1 次 获取到号码【1936054】GSD
2021-08-03 00:05:04 未获取到号码【1936054】GSD，可能号码格式错误
2021-08-03 00:05:04 获取到号码【1936054】的GSD为【-】
2021-08-03 00:05:39 GSD insert 第 1 次 等待 3 秒
2021-08-03 00:05:42 {"status":"ok","gid":484651,"msg":"添加成功！"}
2021-08-03 00:05:43 下次操作: 2021-08-03 00:05:59

2021-08-03 00:05:59 开始第 12 次操作

2021-08-03 00:05:59 开始操作号码 【1936053】
2021-08-03 00:06:17 GSD getOne 第 1 次 等待 3 秒
2021-08-03 00:06:20 查询号码 【1936053】，返回信息 {"status":"bad","msg":""}
2021-08-03 00:06:20 查询号码 【1936053】，GSD为【""】
2021-08-03 00:06:20 bad
2021-08-03 00:06:22 CHB 1936053?1627920380 第 1 次 等待 3 秒
2021-08-03 00:06:25 CHB 1936053?1627920380 第 1 次 获取到号码【1936053】GSD
2021-08-03 00:06:25 未获取到号码【1936053】GSD，可能号码格式错误
2021-08-03 00:06:25 获取到号码【1936053】的GSD为【-】
2021-08-03 00:06:46 GSD insert 第 1 次 等待 3 秒
2021-08-03 00:06:49 {"status":"ok","gid":484664,"msg":"添加成功！"}
2021-08-03 00:06:49 下次操作: 2021-08-03 00:07:11

2021-08-03 00:07:11 开始第 13 次操作

2021-08-03 00:07:11 开始操作号码 【1936052】
2021-08-03 00:07:18 GSD getOne 第 1 次 等待 3 秒
2021-08-03 00:07:21 查询号码 【1936052】，返回信息 {"status":"bad","msg":""}
2021-08-03 00:07:21 查询号码 【1936052】，GSD为【""】
2021-08-03 00:07:21 bad
2021-08-03 00:07:22 CHB 1936052?1627920441 第 1 次 等待 3 秒
2021-08-03 00:07:25 CHB 1936052?1627920441 第 1 次 获取到号码【1936052】GSD
2021-08-03 00:07:25 未获取到号码【1936052】GSD，可能号码格式错误
2021-08-03 00:07:25 获取到号码【1936052】的GSD为【-】
2021-08-03 00:09:03 GSD insert 第 1 次 等待 3 秒
2021-08-03 00:09:06 {"status":"ok","gid":484682,"msg":"添加成功！"}
2021-08-03 00:09:06 下次操作: 2021-08-03 00:09:28

2021-08-03 00:09:28 开始第 14 次操作

2021-08-03 00:09:28 开始操作号码 【1936051】
2021-08-03 00:09:50 GSD getOne 第 1 次 等待 3 秒
2021-08-03 00:09:53 查询号码 【1936051】，返回信息 {"status":"bad","msg":""}
2021-08-03 00:09:53 查询号码 【1936051】，GSD为【""】
2021-08-03 00:09:53 bad
2021-08-03 00:09:54 CHB 1936051?1627920593 第 1 次 等待 3 秒
2021-08-03 00:09:57 CHB 1936051?1627920593 第 1 次 获取到号码【1936051】GSD
2021-08-03 00:09:57 未获取到号码【1936051】GSD，可能号码格式错误
2021-08-03 00:09:57 获取到号码【1936051】的GSD为【-】
2021-08-03 00:10:17 GSD insert 第 1 次 等待 3 秒
2021-08-03 00:10:20 {"status":"ok","gid":484697,"msg":"添加成功！"}
2021-08-03 00:10:20 下次操作: 2021-08-03 00:10:33

2021-08-03 00:10:33 开始第 15 次操作

2021-08-03 00:10:33 开始操作号码 【1936050】
2021-08-03 00:10:43 GSD getOne 第 1 次 等待 3 秒
2021-08-03 00:10:46 查询号码 【1936050】，返回信息 {"status":"bad","msg":""}
2021-08-03 00:10:46 查询号码 【1936050】，GSD为【""】
2021-08-03 00:10:46 bad
2021-08-03 00:10:48 CHB 1936050?1627920646 第 1 次 等待 3 秒
2021-08-03 00:10:51 CHB 1936050?1627920646 第 1 次 获取到号码【1936050】GSD
2021-08-03 00:10:51 未获取到号码【1936050】GSD，可能号码格式错误
2021-08-03 00:10:51 获取到号码【1936050】的GSD为【-】
2021-08-03 00:12:12 GSD insert 第 1 次 等待 3 秒
2021-08-03 00:12:15 {"status":"ok","gid":484714,"msg":"添加成功！"}
2021-08-03 00:12:15 下次操作: 2021-08-03 00:12:29

2021-08-03 00:12:29 开始第 16 次操作

2021-08-03 00:12:29 开始操作号码 【1936049】
2021-08-03 00:13:13 GSD getOne 第 1 次 等待 3 秒
2021-08-03 00:13:16 查询号码 【1936049】，返回信息 {"status":"bad","msg":""}
2021-08-03 00:13:16 查询号码 【1936049】，GSD为【""】
2021-08-03 00:13:16 bad
2021-08-03 00:13:17 CHB 1936049?1627920796 第 1 次 等待 3 秒
2021-08-03 00:13:20 CHB 1936049?1627920796 第 1 次 获取到号码【1936049】GSD
2021-08-03 00:13:21 未获取到号码【1936049】GSD，可能号码格式错误
2021-08-03 00:13:21 获取到号码【1936049】的GSD为【-】
2021-08-03 00:13:45 GSD insert 第 1 次 等待 3 秒
2021-08-03 00:13:48 {"status":"ok","gid":484733,"msg":"添加成功！"}
2021-08-03 00:13:48 下次操作: 2021-08-03 00:14:12

2021-08-03 00:14:12 开始第 17 次操作

2021-08-03 00:14:12 开始操作号码 【1936048】
2021-08-03 00:14:17 GSD getOne 第 1 次 等待 3 秒
2021-08-03 00:14:20 查询号码 【1936048】，返回信息 {"status":"bad","msg":""}
2021-08-03 00:14:20 查询号码 【1936048】，GSD为【""】
2021-08-03 00:14:20 bad
2021-08-03 00:14:21 CHB 1936048?1627920860 第 1 次 等待 3 秒
2021-08-03 00:14:24 CHB 1936048?1627920860 第 1 次 获取到号码【1936048】GSD
2021-08-03 00:14:24 未获取到号码【1936048】GSD，可能号码格式错误
2021-08-03 00:14:24 获取到号码【1936048】的GSD为【-】
2021-08-03 00:16:35 GSD insert 第 1 次 等待 3 秒
2021-08-03 00:16:53 GSD insert 第 2 次 等待 3 秒
2021-08-03 00:16:56 {"status":"ok","gid":484766,"msg":"添加成功！"}
2021-08-03 00:16:56 下次操作: 2021-08-03 00:17:14

2021-08-03 00:17:14 开始第 18 次操作

2021-08-03 00:17:14 开始操作号码 【1936047】
2021-08-03 00:17:25 GSD getOne 第 1 次 等待 3 秒
2021-08-03 00:17:28 查询号码 【1936047】，返回信息 {"status":"bad","msg":""}
2021-08-03 00:17:28 查询号码 【1936047】，GSD为【""】
2021-08-03 00:17:28 bad
2021-08-03 00:17:29 CHB 1936047?1627921048 第 1 次 等待 3 秒
2021-08-03 00:17:32 CHB 1936047?1627921048 第 1 次 获取到号码【1936047】GSD
2021-08-03 00:17:32 未获取到号码【1936047】GSD，可能号码格式错误
2021-08-03 00:17:32 获取到号码【1936047】的GSD为【-】
2021-08-03 00:17:52 GSD insert 第 1 次 等待 3 秒
2021-08-03 00:17:55 {"status":"ok","gid":484777,"msg":"添加成功！"}
2021-08-03 00:17:55 下次操作: 2021-08-03 00:18:08

2021-08-03 00:18:08 开始第 19 次操作

2021-08-03 00:18:08 开始操作号码 【1936046】
2021-08-03 00:18:19 GSD getOne 第 1 次 等待 3 秒
2021-08-03 00:18:22 查询号码 【1936046】，返回信息 {"status":"bad","msg":""}
2021-08-03 00:18:22 查询号码 【1936046】，GSD为【""】
2021-08-03 00:18:22 bad
2021-08-03 00:18:23 CHB 1936046?1627921102 第 1 次 等待 3 秒
2021-08-03 00:18:26 CHB 1936046?1627921102 第 1 次 获取到号码【1936046】GSD
2021-08-03 00:18:26 未获取到号码【1936046】GSD，可能号码格式错误
2021-08-03 00:18:26 获取到号码【1936046】的GSD为【-】
2021-08-03 00:19:47 GSD insert 第 1 次 等待 3 秒
2021-08-03 00:19:50 {"status":"ok","gid":484793,"msg":"添加成功！"}
2021-08-03 00:19:50 下次操作: 2021-08-03 00:20:12

2021-08-03 00:20:12 开始第 20 次操作

2021-08-03 00:20:12 开始操作号码 【1936045】
2021-08-03 00:20:20 GSD getOne 第 1 次 等待 3 秒
2021-08-03 00:20:23 查询号码 【1936045】，返回信息 {"status":"bad","msg":""}
2021-08-03 00:20:23 查询号码 【1936045】，GSD为【""】
2021-08-03 00:20:23 bad
2021-08-03 00:20:24 CHB 1936045?1627921223 第 1 次 等待 3 秒
2021-08-03 00:20:27 CHB 1936045?1627921223 第 1 次 获取到号码【1936045】GSD
2021-08-03 00:20:27 未获取到号码【1936045】GSD，可能号码格式错误
2021-08-03 00:20:27 获取到号码【1936045】的GSD为【-】
2021-08-03 00:20:51 GSD insert 第 1 次 等待 3 秒
2021-08-03 00:20:54 {"status":"ok","gid":484801,"msg":"添加成功！"}
2021-08-03 00:20:54 下次操作: 2021-08-03 00:21:10

2021-08-03 00:21:10 开始第 21 次操作

2021-08-03 00:21:10 开始操作号码 【1936044】
2021-08-03 00:21:14 GSD getOne 第 1 次 等待 3 秒
2021-08-03 00:21:17 查询号码 【1936044】，返回信息 {"status":"bad","msg":""}
2021-08-03 00:21:17 查询号码 【1936044】，GSD为【""】
2021-08-03 00:21:17 bad
2021-08-03 00:21:19 CHB 1936044?1627921277 第 1 次 等待 3 秒
2021-08-03 00:21:22 CHB 1936044?1627921277 第 1 次 获取到号码【1936044】GSD
2021-08-03 00:21:22 未获取到号码【1936044】GSD，可能号码格式错误
2021-08-03 00:21:22 获取到号码【1936044】的GSD为【-】
2021-08-03 00:21:41 GSD insert 第 1 次 等待 3 秒
2021-08-03 00:21:44 {"status":"ok","gid":484807,"msg":"添加成功！"}
2021-08-03 00:21:44 下次操作: 2021-08-03 00:22:01

2021-08-03 00:22:01 开始第 22 次操作

2021-08-03 00:22:01 开始操作号码 【1936043】
2021-08-03 00:22:06 GSD getOne 第 1 次 等待 3 秒
2021-08-03 00:22:09 查询号码 【1936043】，返回信息 {"status":"bad","msg":""}
2021-08-03 00:22:09 查询号码 【1936043】，GSD为【""】
2021-08-03 00:22:09 bad
2021-08-03 00:22:11 CHB 1936043?1627921329 第 1 次 等待 3 秒
2021-08-03 00:22:14 CHB 1936043?1627921329 第 1 次 获取到号码【1936043】GSD
2021-08-03 00:22:14 未获取到号码【1936043】GSD，可能号码格式错误
2021-08-03 00:22:14 获取到号码【1936043】的GSD为【-】
2021-08-03 00:22:33 GSD insert 第 1 次 等待 3 秒
2021-08-03 00:22:36 {"status":"ok","gid":484811,"msg":"添加成功！"}
2021-08-03 00:22:36 下次操作: 2021-08-03 00:22:56

2021-08-03 00:22:56 开始第 23 次操作

2021-08-03 00:22:56 开始操作号码 【1936042】
2021-08-03 00:23:02 GSD getOne 第 1 次 等待 3 秒
2021-08-03 00:23:05 查询号码 【1936042】，返回信息 {"status":"bad","msg":""}
2021-08-03 00:23:05 查询号码 【1936042】，GSD为【""】
2021-08-03 00:23:05 bad
2021-08-03 00:23:07 CHB 1936042?1627921385 第 1 次 等待 3 秒
2021-08-03 00:23:10 CHB 1936042?1627921385 第 1 次 获取到号码【1936042】GSD
2021-08-03 00:23:10 未获取到号码【1936042】GSD，可能号码格式错误
2021-08-03 00:23:10 获取到号码【1936042】的GSD为【-】
2021-08-03 00:23:29 GSD insert 第 1 次 等待 3 秒
2021-08-03 00:23:32 {"status":"ok","gid":484814,"msg":"添加成功！"}
2021-08-03 00:23:32 下次操作: 2021-08-03 00:23:44

2021-08-03 00:23:44 开始第 24 次操作

2021-08-03 00:23:44 开始操作号码 【1936041】
2021-08-03 00:23:52 GSD getOne 第 1 次 等待 3 秒
2021-08-03 00:23:55 查询号码 【1936041】，返回信息 {"status":"bad","msg":""}
2021-08-03 00:23:55 查询号码 【1936041】，GSD为【""】
2021-08-03 00:23:55 bad
2021-08-03 00:23:56 CHB 1936041?1627921435 第 1 次 等待 3 秒
2021-08-03 00:23:59 CHB 1936041?1627921435 第 1 次 获取到号码【1936041】GSD
2021-08-03 00:23:59 未获取到号码【1936041】GSD，可能号码格式错误
2021-08-03 00:23:59 获取到号码【1936041】的GSD为【-】
2021-08-03 00:24:20 GSD insert 第 1 次 等待 3 秒
2021-08-03 00:24:23 {"status":"ok","gid":484821,"msg":"添加成功！"}
2021-08-03 00:24:23 下次操作: 2021-08-03 00:24:40

2021-08-03 00:24:40 开始第 25 次操作

2021-08-03 00:24:40 开始操作号码 【1936040】
2021-08-03 00:24:50 GSD getOne 第 1 次 等待 3 秒
2021-08-03 00:24:53 查询号码 【1936040】，返回信息 {"status":"bad","msg":""}
2021-08-03 00:24:53 查询号码 【1936040】，GSD为【""】
2021-08-03 00:24:53 bad
2021-08-03 00:24:55 CHB 1936040?1627921493 第 1 次 等待 3 秒
2021-08-03 00:24:58 CHB 1936040?1627921493 第 1 次 获取到号码【1936040】GSD
2021-08-03 00:24:58 未获取到号码【1936040】GSD，可能号码格式错误
2021-08-03 00:24:58 获取到号码【1936040】的GSD为【-】
2021-08-03 00:25:25 GSD insert 第 1 次 等待 3 秒
2021-08-03 00:25:28 {"status":"ok","gid":484829,"msg":"添加成功！"}
2021-08-03 00:25:28 下次操作: 2021-08-03 00:25:49

2021-08-03 00:25:49 开始第 26 次操作

2021-08-03 00:25:49 开始操作号码 【1936039】
2021-08-03 00:25:59 GSD getOne 第 1 次 等待 3 秒
2021-08-03 00:26:02 查询号码 【1936039】，返回信息 {"status":"bad","msg":""}
2021-08-03 00:26:02 查询号码 【1936039】，GSD为【""】
2021-08-03 00:26:02 bad
2021-08-03 00:26:04 CHB 1936039?1627921562 第 1 次 等待 3 秒
2021-08-03 00:26:07 CHB 1936039?1627921562 第 1 次 获取到号码【1936039】GSD
2021-08-03 00:26:07 未获取到号码【1936039】GSD，可能号码格式错误
2021-08-03 00:26:07 获取到号码【1936039】的GSD为【-】
2021-08-03 00:26:28 GSD insert 第 1 次 等待 3 秒
2021-08-03 00:26:31 {"status":"ok","gid":484835,"msg":"添加成功！"}
2021-08-03 00:26:31 下次操作: 2021-08-03 00:26:52

2021-08-03 00:26:52 开始第 27 次操作

2021-08-03 00:26:52 开始操作号码 【1936038】
2021-08-03 00:27:01 GSD getOne 第 1 次 等待 3 秒
2021-08-03 00:27:04 查询号码 【1936038】，返回信息 {"status":"bad","msg":""}
2021-08-03 00:27:04 查询号码 【1936038】，GSD为【""】
2021-08-03 00:27:04 bad
2021-08-03 00:27:05 CHB 1936038?1627921624 第 1 次 等待 3 秒
2021-08-03 00:27:08 CHB 1936038?1627921624 第 1 次 获取到号码【1936038】GSD
2021-08-03 00:27:08 未获取到号码【1936038】GSD，可能号码格式错误
2021-08-03 00:27:08 获取到号码【1936038】的GSD为【-】
2021-08-03 00:27:27 GSD insert 第 1 次 等待 3 秒
2021-08-03 00:27:30 {"status":"ok","gid":484837,"msg":"添加成功！"}
2021-08-03 00:27:30 下次操作: 2021-08-03 00:27:48

2021-08-03 00:27:48 开始第 28 次操作

2021-08-03 00:27:48 开始操作号码 【1936037】
2021-08-03 00:28:11 GSD getOne 第 1 次 等待 3 秒
2021-08-03 00:28:14 查询号码 【1936037】，返回信息 {"status":"bad","msg":""}
2021-08-03 00:28:14 查询号码 【1936037】，GSD为【""】
2021-08-03 00:28:14 bad
2021-08-03 00:28:16 CHB 1936037?1627921694 第 1 次 等待 3 秒
2021-08-03 00:28:19 CHB 1936037?1627921694 第 1 次 获取到号码【1936037】GSD
2021-08-03 00:28:19 未获取到号码【1936037】GSD，可能号码格式错误
2021-08-03 00:28:19 获取到号码【1936037】的GSD为【-】
2021-08-03 00:29:31 GSD insert 第 1 次 等待 3 秒
2021-08-03 00:29:34 {"status":"ok","gid":484844,"msg":"添加成功！"}
2021-08-03 00:29:34 下次操作: 2021-08-03 00:29:47

2021-08-03 00:29:47 开始第 29 次操作

2021-08-03 00:29:47 开始操作号码 【1936036】
2021-08-03 00:30:20 GSD getOne 第 1 次 等待 3 秒
2021-08-03 00:30:23 查询号码 【1936036】，返回信息 {"status":"bad","msg":""}
2021-08-03 00:30:23 查询号码 【1936036】，GSD为【""】
2021-08-03 00:30:23 bad
2021-08-03 00:30:25 CHB 1936036?1627921823 第 1 次 等待 3 秒
2021-08-03 00:30:28 CHB 1936036?1627921823 第 1 次 获取到号码【1936036】GSD
2021-08-03 00:30:28 未获取到号码【1936036】GSD，可能号码格式错误
2021-08-03 00:30:28 获取到号码【1936036】的GSD为【-】
2021-08-03 00:30:51 GSD insert 第 1 次 等待 3 秒
2021-08-03 00:30:54 {"status":"ok","gid":484849,"msg":"添加成功！"}
2021-08-03 00:30:54 下次操作: 2021-08-03 00:31:18

2021-08-03 00:31:18 开始第 30 次操作

2021-08-03 00:31:18 开始操作号码 【1936035】
2021-08-03 00:31:23 GSD getOne 第 1 次 等待 3 秒
2021-08-03 00:31:26 查询号码 【1936035】，返回信息 {"status":"bad","msg":""}
2021-08-03 00:31:26 查询号码 【1936035】，GSD为【""】
2021-08-03 00:31:26 bad
2021-08-03 00:31:27 CHB 1936035?1627921886 第 1 次 等待 3 秒
2021-08-03 00:31:30 CHB 1936035?1627921886 第 1 次 获取到号码【1936035】GSD
2021-08-03 00:31:30 未获取到号码【1936035】GSD，可能号码格式错误
2021-08-03 00:31:30 获取到号码【1936035】的GSD为【-】
2021-08-03 00:31:58 GSD insert 第 1 次 等待 3 秒
2021-08-03 00:32:01 {"status":"ok","gid":484854,"msg":"添加成功！"}
2021-08-03 00:32:01 下次操作: 2021-08-03 00:32:17

2021-08-03 00:32:17 开始第 31 次操作

2021-08-03 00:32:17 开始操作号码 【1936034】
2021-08-03 00:32:20 GSD getOne 第 1 次 等待 3 秒
2021-08-03 00:32:23 查询号码 【1936034】，返回信息 {"status":"bad","msg":""}
2021-08-03 00:32:24 查询号码 【1936034】，GSD为【""】
2021-08-03 00:32:24 bad
2021-08-03 00:32:25 CHB 1936034?1627921944 第 1 次 等待 3 秒
2021-08-03 00:32:28 CHB 1936034?1627921944 第 1 次 获取到号码【1936034】GSD
2021-08-03 00:32:28 未获取到号码【1936034】GSD，可能号码格式错误
2021-08-03 00:32:28 获取到号码【1936034】的GSD为【-】
2021-08-03 00:32:48 GSD insert 第 1 次 等待 3 秒
2021-08-03 00:32:51 {"status":"ok","gid":484857,"msg":"添加成功！"}
2021-08-03 00:32:51 下次操作: 2021-08-03 00:33:10

2021-08-03 00:33:10 开始第 32 次操作

2021-08-03 00:33:10 开始操作号码 【1936033】
2021-08-03 00:33:17 GSD getOne 第 1 次 等待 3 秒
2021-08-03 00:33:20 查询号码 【1936033】，返回信息 {"status":"bad","msg":""}
2021-08-03 00:33:20 查询号码 【1936033】，GSD为【""】
2021-08-03 00:33:20 bad
2021-08-03 00:33:21 CHB 1936033?1627922000 第 1 次 等待 3 秒
2021-08-03 00:33:24 CHB 1936033?1627922000 第 1 次 获取到号码【1936033】GSD
2021-08-03 00:33:24 未获取到号码【1936033】GSD，可能号码格式错误
2021-08-03 00:33:24 获取到号码【1936033】的GSD为【-】
2021-08-03 00:34:21 GSD insert 第 1 次 等待 3 秒
2021-08-03 00:34:24 {"status":"ok","gid":484865,"msg":"添加成功！"}
2021-08-03 00:34:24 下次操作: 2021-08-03 00:34:37

2021-08-03 00:34:37 开始第 33 次操作

2021-08-03 00:34:37 开始操作号码 【1936032】
2021-08-03 00:34:44 GSD getOne 第 1 次 等待 3 秒
2021-08-03 00:34:47 查询号码 【1936032】，返回信息 {"status":"bad","msg":""}
2021-08-03 00:34:47 查询号码 【1936032】，GSD为【""】
2021-08-03 00:34:47 bad
2021-08-03 00:34:49 CHB 1936032?1627922087 第 1 次 等待 3 秒
2021-08-03 00:34:52 CHB 1936032?1627922087 第 1 次 获取到号码【1936032】GSD
2021-08-03 00:34:52 未获取到号码【1936032】GSD，可能号码格式错误
2021-08-03 00:34:52 获取到号码【1936032】的GSD为【-】
2021-08-03 00:35:19 GSD insert 第 1 次 等待 3 秒
2021-08-03 00:35:22 {"status":"ok","gid":484867,"msg":"添加成功！"}
2021-08-03 00:35:22 下次操作: 2021-08-03 00:35:37

2021-08-03 00:35:37 开始第 34 次操作

2021-08-03 00:35:37 开始操作号码 【1936031】
2021-08-03 00:35:42 GSD getOne 第 1 次 等待 3 秒
2021-08-03 00:35:45 查询号码 【1936031】，返回信息 {"status":"bad","msg":""}
2021-08-03 00:35:45 查询号码 【1936031】，GSD为【""】
2021-08-03 00:35:45 bad
2021-08-03 00:35:46 CHB 1936031?1627922145 第 1 次 等待 3 秒
2021-08-03 00:35:49 CHB 1936031?1627922145 第 1 次 获取到号码【1936031】GSD
2021-08-03 00:35:49 未获取到号码【1936031】GSD，可能号码格式错误
2021-08-03 00:35:49 获取到号码【1936031】的GSD为【-】
2021-08-03 00:36:10 GSD insert 第 1 次 等待 3 秒
2021-08-03 00:36:13 {"status":"ok","gid":484871,"msg":"添加成功！"}
2021-08-03 00:36:13 下次操作: 2021-08-03 00:36:27

2021-08-03 00:36:27 开始第 35 次操作

2021-08-03 00:36:27 开始操作号码 【1936030】
2021-08-03 00:36:34 GSD getOne 第 1 次 等待 3 秒
2021-08-03 00:36:37 查询号码 【1936030】，返回信息 {"status":"bad","msg":""}
2021-08-03 00:36:37 查询号码 【1936030】，GSD为【""】
2021-08-03 00:36:37 bad
2021-08-03 00:36:38 CHB 1936030?1627922197 第 1 次 等待 3 秒
2021-08-03 00:36:41 CHB 1936030?1627922197 第 1 次 获取到号码【1936030】GSD
2021-08-03 00:36:41 未获取到号码【1936030】GSD，可能号码格式错误
2021-08-03 00:36:41 获取到号码【1936030】的GSD为【-】
2021-08-03 00:37:01 GSD insert 第 1 次 等待 3 秒
2021-08-03 00:37:04 {"status":"ok","gid":484875,"msg":"添加成功！"}
2021-08-03 00:37:04 下次操作: 2021-08-03 00:37:17

2021-08-03 00:37:17 开始第 36 次操作

2021-08-03 00:37:17 开始操作号码 【1936029】
2021-08-03 00:37:26 GSD getOne 第 1 次 等待 3 秒
2021-08-03 00:37:29 查询号码 【1936029】，返回信息 {"status":"bad","msg":""}
2021-08-03 00:37:29 查询号码 【1936029】，GSD为【""】
2021-08-03 00:37:29 bad
2021-08-03 00:37:31 CHB 1936029?1627922249 第 1 次 等待 3 秒
2021-08-03 00:37:34 CHB 1936029?1627922249 第 1 次 获取到号码【1936029】GSD
2021-08-03 00:37:34 未获取到号码【1936029】GSD，可能号码格式错误
2021-08-03 00:37:34 获取到号码【1936029】的GSD为【-】
2021-08-03 00:37:59 GSD insert 第 1 次 等待 3 秒
2021-08-03 00:38:02 {"status":"ok","gid":484879,"msg":"添加成功！"}
2021-08-03 00:38:02 下次操作: 2021-08-03 00:38:20

2021-08-03 00:38:20 开始第 37 次操作

2021-08-03 00:38:20 开始操作号码 【1936028】
2021-08-03 00:38:25 GSD getOne 第 1 次 等待 3 秒
2021-08-03 00:38:28 查询号码 【1936028】，返回信息 {"status":"bad","msg":""}
2021-08-03 00:38:28 查询号码 【1936028】，GSD为【""】
2021-08-03 00:38:28 bad
2021-08-03 00:38:29 CHB 1936028?1627922308 第 1 次 等待 3 秒
2021-08-03 00:38:32 CHB 1936028?1627922308 第 1 次 获取到号码【1936028】GSD
2021-08-03 00:38:32 未获取到号码【1936028】GSD，可能号码格式错误
2021-08-03 00:38:32 获取到号码【1936028】的GSD为【-】
2021-08-03 00:38:56 GSD insert 第 1 次 等待 3 秒
2021-08-03 00:38:59 {"status":"ok","gid":484882,"msg":"添加成功！"}
2021-08-03 00:38:59 下次操作: 2021-08-03 00:39:21

2021-08-03 00:39:21 开始第 38 次操作

2021-08-03 00:39:21 开始操作号码 【1936027】
2021-08-03 00:40:24 GSD getOne 第 1 次 等待 3 秒
2021-08-03 00:40:27 查询号码 【1936027】，返回信息 {"status":"bad","msg":""}
2021-08-03 00:40:27 查询号码 【1936027】，GSD为【""】
2021-08-03 00:40:27 bad
2021-08-03 00:40:28 CHB 1936027?1627922427 第 1 次 等待 3 秒
2021-08-03 00:40:31 CHB 1936027?1627922427 第 1 次 获取到号码【1936027】GSD
2021-08-03 00:40:31 未获取到号码【1936027】GSD，可能号码格式错误
2021-08-03 00:40:31 获取到号码【1936027】的GSD为【-】
2021-08-03 00:40:59 GSD insert 第 1 次 等待 3 秒
2021-08-03 00:41:02 {"status":"ok","gid":484886,"msg":"添加成功！"}
2021-08-03 00:41:02 下次操作: 2021-08-03 00:41:19

2021-08-03 00:41:19 开始第 39 次操作

2021-08-03 00:41:19 开始操作号码 【1936026】
2021-08-03 00:41:26 GSD getOne 第 1 次 等待 3 秒
2021-08-03 00:41:29 查询号码 【1936026】，返回信息 {"status":"bad","msg":""}
2021-08-03 00:41:29 查询号码 【1936026】，GSD为【""】
2021-08-03 00:41:29 bad
2021-08-03 00:41:31 CHB 1936026?1627922489 第 1 次 等待 3 秒
2021-08-03 00:41:34 CHB 1936026?1627922489 第 1 次 获取到号码【1936026】GSD
2021-08-03 00:41:34 未获取到号码【1936026】GSD，可能号码格式错误
2021-08-03 00:41:34 获取到号码【1936026】的GSD为【-】
2021-08-03 00:41:57 GSD insert 第 1 次 等待 3 秒
2021-08-03 00:42:00 {"status":"ok","gid":484887,"msg":"添加成功！"}
2021-08-03 00:42:00 下次操作: 2021-08-03 00:42:16

2021-08-03 00:42:16 开始第 40 次操作

2021-08-03 00:42:16 开始操作号码 【1936025】
2021-08-03 00:42:32 GSD getOne 第 1 次 等待 3 秒
2021-08-03 00:42:35 查询号码 【1936025】，返回信息 {"status":"bad","msg":""}
2021-08-03 00:42:35 查询号码 【1936025】，GSD为【""】
2021-08-03 00:42:35 bad
2021-08-03 00:42:36 CHB 1936025?1627922555 第 1 次 等待 3 秒
2021-08-03 00:42:39 CHB 1936025?1627922555 第 1 次 获取到号码【1936025】GSD
2021-08-03 00:42:39 未获取到号码【1936025】GSD，可能号码格式错误
2021-08-03 00:42:39 获取到号码【1936025】的GSD为【-】
2021-08-03 00:43:00 GSD insert 第 1 次 等待 3 秒
2021-08-03 00:43:03 {"status":"ok","gid":484891,"msg":"添加成功！"}

