2024-09-06 00:27:27 开始第 2917 次操作

2024-09-06 00:27:27 开始操作号码 【1402916】
2024-09-06 00:27:35 GSD getOne 第 1 次 等待 3 秒
2024-09-06 00:27:38 查询号码 【1402916】，返回信息 {"status":"ok","msg":"-","gid":"573088","time_insert":"2023-03-06 07:25"}
2024-09-06 00:27:38 查询号码 【1402916】，GSD为【"-"】
2024-09-06 00:27:38 ok && -
2024-09-06 00:27:39 CHB 1402916?1725553658 第 1 次 等待 3 秒
2024-09-06 00:27:42 CHB 1402916?1725553658 第 1 次 获取到号码【1402916】GSD
2024-09-06 00:27:42 未获取到号码【1402916】GSD，可能号码格式错误
2024-09-06 00:27:42 获取到号码【1402916】的GSD为【-】
2024-09-06 00:27:50 GSD insert 第 1 次 等待 3 秒
2024-09-06 00:27:53 {"status":"bad","gid":"573088","msg":"添加失败！号码【1402916(-|-)】已存在！"}
2024-09-06 00:27:53 随机等待 101 秒，约 1 分钟
2024-09-06 00:27:53 下次操作: 2024-09-06 00:29:34

2024-09-06 00:29:34 开始第 2918 次操作

2024-09-06 00:29:34 开始操作号码 【1402917】
2024-09-06 00:29:41 GSD getOne 第 1 次 等待 3 秒
2024-09-06 00:29:44 查询号码 【1402917】，返回信息 {"status":"ok","msg":"-","gid":"573120","time_insert":"2023-03-06 07:43"}
2024-09-06 00:29:45 查询号码 【1402917】，GSD为【"-"】
2024-09-06 00:29:45 ok && -
2024-09-06 00:29:46 CHB 1402917?1725553785 第 1 次 等待 3 秒
2024-09-06 00:29:49 CHB 1402917?1725553785 第 1 次 获取到号码【1402917】GSD
2024-09-06 00:29:49 未获取到号码【1402917】GSD，可能号码格式错误
2024-09-06 00:29:50 获取到号码【1402917】的GSD为【-】
2024-09-06 00:29:58 GSD insert 第 1 次 等待 3 秒
2024-09-06 00:30:01 {"status":"bad","gid":"573120","msg":"添加失败！号码【1402917(-|-)】已存在！"}
2024-09-06 00:30:01 随机等待 124 秒，约 2 分钟
2024-09-06 00:30:01 下次操作: 2024-09-06 00:32:05

2024-09-06 00:32:05 开始第 2919 次操作

2024-09-06 00:32:05 开始操作号码 【1402918】
2024-09-06 00:32:13 GSD getOne 第 1 次 等待 3 秒
2024-09-06 00:32:16 查询号码 【1402918】，返回信息 {"status":"ok","msg":"-","gid":"573158","time_insert":"2023-03-06 08:05"}
2024-09-06 00:32:16 查询号码 【1402918】，GSD为【"-"】
2024-09-06 00:32:16 ok && -
2024-09-06 00:32:17 CHB 1402918?1725553936 第 1 次 等待 3 秒
2024-09-06 00:32:20 CHB 1402918?1725553936 第 1 次 获取到号码【1402918】GSD
2024-09-06 00:32:20 未获取到号码【1402918】GSD，可能号码格式错误
2024-09-06 00:32:20 获取到号码【1402918】的GSD为【-】
2024-09-06 00:32:29 GSD insert 第 1 次 等待 3 秒
2024-09-06 00:32:32 {"status":"bad","gid":"573158","msg":"添加失败！号码【1402918(-|-)】已存在！"}
2024-09-06 00:32:32 随机等待 180 秒，约 3 分钟
2024-09-06 00:32:32 下次操作: 2024-09-06 00:35:32

2024-09-06 00:35:32 开始第 2920 次操作

2024-09-06 00:35:32 开始操作号码 【1402919】
2024-09-06 00:35:42 GSD getOne 第 1 次 等待 3 秒
2024-09-06 00:35:45 查询号码 【1402919】，返回信息 {"status":"ok","msg":"-","gid":"573181","time_insert":"2023-03-06 08:28"}
2024-09-06 00:35:45 查询号码 【1402919】，GSD为【"-"】
2024-09-06 00:35:45 ok && -
2024-09-06 00:35:47 CHB 1402919?1725554145 第 1 次 等待 3 秒
2024-09-06 00:35:50 CHB 1402919?1725554145 第 1 次 获取到号码【1402919】GSD
2024-09-06 00:35:50 未获取到号码【1402919】GSD，可能号码格式错误
2024-09-06 00:35:50 获取到号码【1402919】的GSD为【-】
2024-09-06 00:35:58 GSD insert 第 1 次 等待 3 秒
2024-09-06 00:36:01 {"status":"bad","gid":"573181","msg":"添加失败！号码【1402919(-|-)】已存在！"}

