2023-11-13 00:09:21 开始第 8509 次操作

2023-11-13 00:09:21 开始操作号码 【1948407】
2023-11-13 00:09:24 GSD getOne 第 1 次 等待 3 秒
2023-11-13 00:09:27 查询号码 【1948407】，返回信息 {"status":"ok","msg":"-","gid":"605268","time_insert":"2023-03-21 16:31"}
2023-11-13 00:09:27 查询号码 【1948407】，GSD为【"-"】
2023-11-13 00:09:27 ok && -
2023-11-13 00:09:29 CHB 1948407?1699805367 第 1 次 等待 3 秒
2023-11-13 00:09:32 CHB 1948407?1699805367 第 1 次 获取到号码【1948407】GSD
2023-11-13 00:09:32 未获取到号码【1948407】GSD，可能号码格式错误
2023-11-13 00:09:32 获取到号码【1948407】的GSD为【-】
2023-11-13 00:09:35 GSD insert 第 1 次 等待 3 秒
2023-11-13 00:09:38 {"status":"bad","gid":"605268","msg":"添加失败！号码【1948407(-|-)】已存在！"}
2023-11-13 00:09:38 随机等待 79 秒，约 1 分钟
2023-11-13 00:09:38 下次操作: 2023-11-13 00:10:57

2023-11-13 00:10:57 开始第 8510 次操作

2023-11-13 00:10:57 开始操作号码 【1948408】
2023-11-13 00:11:00 GSD getOne 第 1 次 等待 3 秒
2023-11-13 00:11:03 查询号码 【1948408】，返回信息 {"status":"ok","msg":"-","gid":"605254","time_insert":"2023-03-21 16:18"}
2023-11-13 00:11:03 查询号码 【1948408】，GSD为【"-"】
2023-11-13 00:11:03 ok && -
2023-11-13 00:11:05 CHB 1948408?1699805463 第 1 次 等待 3 秒
2023-11-13 00:11:08 CHB 1948408?1699805463 第 1 次 获取到号码【1948408】GSD
2023-11-13 00:11:08 未获取到号码【1948408】GSD，可能号码格式错误
2023-11-13 00:11:08 获取到号码【1948408】的GSD为【-】
2023-11-13 00:11:11 GSD insert 第 1 次 等待 3 秒
2023-11-13 00:11:14 {"status":"bad","gid":"605254","msg":"添加失败！号码【1948408(-|-)】已存在！"}
2023-11-13 00:11:14 随机等待 126 秒，约 2 分钟
2023-11-13 00:11:14 下次操作: 2023-11-13 00:13:20

2023-11-13 00:13:20 开始第 8511 次操作

2023-11-13 00:13:20 开始操作号码 【1948409】
2023-11-13 00:13:37 GSD getOne 第 1 次 等待 3 秒
2023-11-13 00:13:40 查询号码 【1948409】，返回信息 {"status":"ok","msg":"-","gid":"605248","time_insert":"2023-03-21 16:16"}
2023-11-13 00:13:40 查询号码 【1948409】，GSD为【"-"】
2023-11-13 00:13:40 ok && -
2023-11-13 00:13:42 CHB 1948409?1699805620 第 1 次 等待 3 秒
2023-11-13 00:13:45 CHB 1948409?1699805620 第 1 次 获取到号码【1948409】GSD
2023-11-13 00:13:45 未获取到号码【1948409】GSD，可能号码格式错误
2023-11-13 00:13:45 获取到号码【1948409】的GSD为【-】
2023-11-13 00:13:48 GSD insert 第 1 次 等待 3 秒
2023-11-13 00:13:51 {"status":"bad","gid":"605248","msg":"添加失败！号码【1948409(-|-)】已存在！"}
2023-11-13 00:13:51 随机等待 169 秒，约 2 分钟
2023-11-13 00:13:51 下次操作: 2023-11-13 00:16:40

2023-11-13 00:16:40 开始第 8512 次操作

2023-11-13 00:16:40 开始操作号码 【1948410】
2023-11-13 00:16:43 GSD getOne 第 1 次 等待 3 秒
2023-11-13 00:16:46 查询号码 【1948410】，返回信息 {"status":"ok","msg":"-","gid":"605243","time_insert":"2023-03-21 16:13"}
2023-11-13 00:16:46 查询号码 【1948410】，GSD为【"-"】
2023-11-13 00:16:46 ok && -
2023-11-13 00:16:49 CHB 1948410?1699805806 第 1 次 等待 3 秒
2023-11-13 00:16:52 CHB 1948410?1699805806 第 1 次 获取到号码【1948410】GSD
2023-11-13 00:16:52 未获取到号码【1948410】GSD，可能号码格式错误
2023-11-13 00:16:52 获取到号码【1948410】的GSD为【-】
2023-11-13 00:16:55 GSD insert 第 1 次 等待 3 秒
2023-11-13 00:16:58 {"status":"bad","gid":"605243","msg":"添加失败！号码【1948410(-|-)】已存在！"}

2023-11-13 00:34:38 开始第 8513 次操作

2023-11-13 00:34:38 开始操作号码 【1948411】
2023-11-13 00:34:41 GSD getOne 第 1 次 等待 3 秒
2023-11-13 00:34:44 查询号码 【1948411】，返回信息 {"status":"ok","msg":"-","gid":"605239","time_insert":"2023-03-21 16:12"}
2023-11-13 00:34:44 查询号码 【1948411】，GSD为【"-"】
2023-11-13 00:34:44 ok && -
2023-11-13 00:34:46 CHB 1948411?1699806884 第 1 次 等待 3 秒
2023-11-13 00:34:49 CHB 1948411?1699806884 第 1 次 获取到号码【1948411】GSD
2023-11-13 00:34:49 未获取到号码【1948411】GSD，可能号码格式错误
2023-11-13 00:34:49 获取到号码【1948411】的GSD为【-】
2023-11-13 00:34:53 GSD insert 第 1 次 等待 3 秒
2023-11-13 00:34:56 {"status":"bad","gid":"605239","msg":"添加失败！号码【1948411(-|-)】已存在！"}
2023-11-13 00:34:56 随机等待 175 秒，约 2 分钟
2023-11-13 00:34:56 下次操作: 2023-11-13 00:37:51

2023-11-13 00:37:51 开始第 8514 次操作

2023-11-13 00:37:51 开始操作号码 【1948412】
2023-11-13 00:37:54 GSD getOne 第 1 次 等待 3 秒
2023-11-13 00:37:57 查询号码 【1948412】，返回信息 {"status":"ok","msg":"-","gid":"605226","time_insert":"2023-03-21 15:58"}
2023-11-13 00:37:57 查询号码 【1948412】，GSD为【"-"】
2023-11-13 00:37:57 ok && -
2023-11-13 00:37:59 CHB 1948412?1699807077 第 1 次 等待 3 秒
2023-11-13 00:38:02 CHB 1948412?1699807077 第 1 次 获取到号码【1948412】GSD
2023-11-13 00:38:03 未获取到号码【1948412】GSD，可能号码格式错误
2023-11-13 00:38:03 获取到号码【1948412】的GSD为【-】
2023-11-13 00:38:05 GSD insert 第 1 次 等待 3 秒
2023-11-13 00:38:08 {"status":"bad","gid":"605226","msg":"添加失败！号码【1948412(-|-)】已存在！"}
2023-11-13 00:38:08 随机等待 225 秒，约 3 分钟
2023-11-13 00:38:08 下次操作: 2023-11-13 00:41:53

2023-11-13 00:41:53 开始第 8515 次操作

2023-11-13 00:41:53 开始操作号码 【1948413】
2023-11-13 00:41:56 GSD getOne 第 1 次 等待 3 秒
2023-11-13 00:41:59 查询号码 【1948413】，返回信息 {"status":"ok","msg":"-","gid":"605223","time_insert":"2023-03-21 15:56"}
2023-11-13 00:41:59 查询号码 【1948413】，GSD为【"-"】
2023-11-13 00:41:59 ok && -
2023-11-13 00:42:01 CHB 1948413?1699807319 第 1 次 等待 3 秒
2023-11-13 00:42:04 CHB 1948413?1699807319 第 1 次 获取到号码【1948413】GSD
2023-11-13 00:42:04 未获取到号码【1948413】GSD，可能号码格式错误
2023-11-13 00:42:04 获取到号码【1948413】的GSD为【-】
2023-11-13 00:42:11 GSD insert 第 1 次 等待 3 秒
2023-11-13 00:42:14 {"status":"bad","gid":"605223","msg":"添加失败！号码【1948413(-|-)】已存在！"}
2023-11-13 00:42:14 随机等待 128 秒，约 2 分钟
2023-11-13 00:42:14 下次操作: 2023-11-13 00:44:22

2023-11-13 00:44:22 开始第 8516 次操作

2023-11-13 00:44:22 开始操作号码 【1948414】
2023-11-13 00:44:25 GSD getOne 第 1 次 等待 3 秒
2023-11-13 00:44:28 查询号码 【1948414】，返回信息 {"status":"ok","msg":"-","gid":"605218","time_insert":"2023-03-21 15:55"}
2023-11-13 00:44:28 查询号码 【1948414】，GSD为【"-"】
2023-11-13 00:44:28 ok && -
2023-11-13 00:44:30 CHB 1948414?1699807468 第 1 次 等待 3 秒
2023-11-13 00:44:33 CHB 1948414?1699807468 第 1 次 获取到号码【1948414】GSD
2023-11-13 00:44:34 未获取到号码【1948414】GSD，可能号码格式错误
2023-11-13 00:44:34 获取到号码【1948414】的GSD为【-】
2023-11-13 00:44:36 GSD insert 第 1 次 等待 3 秒
2023-11-13 00:44:39 {"status":"bad","gid":"605218","msg":"添加失败！号码【1948414(-|-)】已存在！"}

2023-11-13 01:06:52 开始第 8517 次操作

2023-11-13 01:06:52 开始操作号码 【1948415】
2023-11-13 01:06:56 GSD getOne 第 1 次 等待 3 秒
2023-11-13 01:06:59 查询号码 【1948415】，返回信息 {"status":"ok","msg":"-","gid":"605214","time_insert":"2023-03-21 15:53"}
2023-11-13 01:06:59 查询号码 【1948415】，GSD为【"-"】
2023-11-13 01:06:59 ok && -
2023-11-13 01:07:03 CHB 1948415?1699808819 第 1 次 等待 3 秒
2023-11-13 01:07:06 CHB 1948415?1699808819 第 1 次 获取到号码【1948415】GSD
2023-11-13 01:07:06 未获取到号码【1948415】GSD，可能号码格式错误
2023-11-13 01:07:06 获取到号码【1948415】的GSD为【-】
2023-11-13 01:07:09 GSD insert 第 1 次 等待 3 秒
2023-11-13 01:07:12 {"status":"bad","gid":"605214","msg":"添加失败！号码【1948415(-|-)】已存在！"}
2023-11-13 01:07:12 随机等待 145 秒，约 2 分钟
2023-11-13 01:07:12 下次操作: 2023-11-13 01:09:37

2023-11-13 01:09:37 开始第 8518 次操作

2023-11-13 01:09:37 开始操作号码 【1948416】
2023-11-13 01:09:40 GSD getOne 第 1 次 等待 3 秒
2023-11-13 01:09:43 查询号码 【1948416】，返回信息 {"status":"ok","msg":"-","gid":"605210","time_insert":"2023-03-21 15:51"}
2023-11-13 01:09:43 查询号码 【1948416】，GSD为【"-"】
2023-11-13 01:09:43 ok && -
2023-11-13 01:09:46 CHB 1948416?1699808983 第 1 次 等待 3 秒
2023-11-13 01:09:49 CHB 1948416?1699808983 第 1 次 获取到号码【1948416】GSD
2023-11-13 01:09:49 未获取到号码【1948416】GSD，可能号码格式错误
2023-11-13 01:09:49 获取到号码【1948416】的GSD为【-】
2023-11-13 01:09:52 GSD insert 第 1 次 等待 3 秒
2023-11-13 01:09:55 {"status":"bad","gid":"605210","msg":"添加失败！号码【1948416(-|-)】已存在！"}
2023-11-13 01:09:55 随机等待 105 秒，约 1 分钟
2023-11-13 01:09:55 下次操作: 2023-11-13 01:11:40

2023-11-13 01:11:40 开始第 8519 次操作

2023-11-13 01:11:40 开始操作号码 【1948417】
2023-11-13 01:11:45 GSD getOne 第 1 次 等待 3 秒
2023-11-13 01:11:48 查询号码 【1948417】，返回信息 {"status":"ok","msg":"-","gid":"605206","time_insert":"2023-03-21 15:48"}
2023-11-13 01:11:48 查询号码 【1948417】，GSD为【"-"】
2023-11-13 01:11:48 ok && -
2023-11-13 01:11:51 CHB 1948417?1699809108 第 1 次 等待 3 秒
2023-11-13 01:11:54 CHB 1948417?1699809108 第 1 次 获取到号码【1948417】GSD
2023-11-13 01:11:54 未获取到号码【1948417】GSD，可能号码格式错误
2023-11-13 01:11:54 获取到号码【1948417】的GSD为【-】
2023-11-13 01:11:58 GSD insert 第 1 次 等待 3 秒
2023-11-13 01:12:01 {"status":"bad","gid":"605206","msg":"添加失败！号码【1948417(-|-)】已存在！"}
2023-11-13 01:12:01 随机等待 160 秒，约 2 分钟
2023-11-13 01:12:01 下次操作: 2023-11-13 01:14:41

2023-11-13 01:14:41 开始第 8520 次操作

2023-11-13 01:14:41 开始操作号码 【1948418】
2023-11-13 01:14:44 GSD getOne 第 1 次 等待 3 秒
2023-11-13 01:14:47 查询号码 【1948418】，返回信息 {"status":"ok","msg":"-","gid":"605201","time_insert":"2023-03-21 15:46"}
2023-11-13 01:14:47 查询号码 【1948418】，GSD为【"-"】
2023-11-13 01:14:47 ok && -
2023-11-13 01:14:50 CHB 1948418?1699809287 第 1 次 等待 3 秒
2023-11-13 01:14:53 CHB 1948418?1699809287 第 1 次 获取到号码【1948418】GSD
2023-11-13 01:14:53 未获取到号码【1948418】GSD，可能号码格式错误
2023-11-13 01:14:53 获取到号码【1948418】的GSD为【-】
2023-11-13 01:14:57 GSD insert 第 1 次 等待 3 秒
2023-11-13 01:15:00 {"status":"bad","gid":"605201","msg":"添加失败！号码【1948418(-|-)】已存在！"}

2023-11-13 01:33:02 开始第 8521 次操作

2023-11-13 01:33:02 开始操作号码 【1948419】
2023-11-13 01:33:05 GSD getOne 第 1 次 等待 3 秒
2023-11-13 01:33:08 查询号码 【1948419】，返回信息 {"status":"ok","msg":"-","gid":"605196","time_insert":"2023-03-21 15:43"}
2023-11-13 01:33:08 查询号码 【1948419】，GSD为【"-"】
2023-11-13 01:33:08 ok && -
2023-11-13 01:33:09 CHB 1948419?1699810388 第 1 次 等待 3 秒
2023-11-13 01:33:12 CHB 1948419?1699810388 第 1 次 获取到号码【1948419】GSD
2023-11-13 01:33:12 未获取到号码【1948419】GSD，可能号码格式错误
2023-11-13 01:33:12 获取到号码【1948419】的GSD为【-】
2023-11-13 01:33:18 GSD insert 第 1 次 等待 3 秒
2023-11-13 01:33:21 {"status":"bad","gid":"605196","msg":"添加失败！号码【1948419(-|-)】已存在！"}
2023-11-13 01:33:21 随机等待 227 秒，约 3 分钟
2023-11-13 01:33:21 下次操作: 2023-11-13 01:37:08

2023-11-13 01:37:08 开始第 8522 次操作

2023-11-13 01:37:08 开始操作号码 【1948420】
2023-11-13 01:37:11 GSD getOne 第 1 次 等待 3 秒
2023-11-13 01:37:14 查询号码 【1948420】，返回信息 {"status":"ok","msg":"-","gid":"605189","time_insert":"2023-03-21 15:38"}
2023-11-13 01:37:14 查询号码 【1948420】，GSD为【"-"】
2023-11-13 01:37:14 ok && -
2023-11-13 01:37:16 CHB 1948420?1699810634 第 1 次 等待 3 秒
2023-11-13 01:37:19 CHB 1948420?1699810634 第 1 次 获取到号码【1948420】GSD
2023-11-13 01:37:19 未获取到号码【1948420】GSD，可能号码格式错误
2023-11-13 01:37:19 获取到号码【1948420】的GSD为【-】
2023-11-13 01:37:22 GSD insert 第 1 次 等待 3 秒
2023-11-13 01:37:25 {"status":"bad","gid":"605189","msg":"添加失败！号码【1948420(-|-)】已存在！"}
2023-11-13 01:37:25 随机等待 86 秒，约 1 分钟
2023-11-13 01:37:25 下次操作: 2023-11-13 01:38:51

2023-11-13 01:38:51 开始第 8523 次操作

2023-11-13 01:38:51 开始操作号码 【1948421】
2023-11-13 01:38:54 GSD getOne 第 1 次 等待 3 秒
2023-11-13 01:38:57 查询号码 【1948421】，返回信息 {"status":"ok","msg":"-","gid":"605184","time_insert":"2023-03-21 15:36"}
2023-11-13 01:38:57 查询号码 【1948421】，GSD为【"-"】
2023-11-13 01:38:57 ok && -
2023-11-13 01:38:59 CHB 1948421?1699810737 第 1 次 等待 3 秒
2023-11-13 01:39:02 CHB 1948421?1699810737 第 1 次 获取到号码【1948421】GSD
2023-11-13 01:39:02 未获取到号码【1948421】GSD，可能号码格式错误
2023-11-13 01:39:02 获取到号码【1948421】的GSD为【-】
2023-11-13 01:39:05 GSD insert 第 1 次 等待 3 秒
2023-11-13 01:39:08 {"status":"bad","gid":"605184","msg":"添加失败！号码【1948421(-|-)】已存在！"}
2023-11-13 01:39:08 随机等待 143 秒，约 2 分钟
2023-11-13 01:39:08 下次操作: 2023-11-13 01:41:31

2023-11-13 01:41:31 开始第 8524 次操作

2023-11-13 01:41:31 开始操作号码 【1948422】
2023-11-13 01:41:34 GSD getOne 第 1 次 等待 3 秒
2023-11-13 01:41:37 查询号码 【1948422】，返回信息 {"status":"ok","msg":"-","gid":"605182","time_insert":"2023-03-21 15:34"}
2023-11-13 01:41:37 查询号码 【1948422】，GSD为【"-"】
2023-11-13 01:41:37 ok && -
2023-11-13 01:41:40 CHB 1948422?1699810897 第 1 次 等待 3 秒
2023-11-13 01:41:43 CHB 1948422?1699810897 第 1 次 获取到号码【1948422】GSD
2023-11-13 01:41:43 未获取到号码【1948422】GSD，可能号码格式错误
2023-11-13 01:41:43 获取到号码【1948422】的GSD为【-】
2023-11-13 01:41:46 GSD insert 第 1 次 等待 3 秒
2023-11-13 01:41:49 {"status":"bad","gid":"605182","msg":"添加失败！号码【1948422(-|-)】已存在！"}

2023-11-13 02:09:50 开始第 8525 次操作

2023-11-13 02:09:50 开始操作号码 【1948423】
2023-11-13 02:09:53 GSD getOne 第 1 次 等待 3 秒
2023-11-13 02:09:56 查询号码 【1948423】，返回信息 {"status":"ok","msg":"-","gid":"605179","time_insert":"2023-03-21 15:33"}
2023-11-13 02:09:56 查询号码 【1948423】，GSD为【"-"】
2023-11-13 02:09:56 ok && -
2023-11-13 02:10:01 CHB 1948423?1699812596 第 1 次 等待 3 秒
2023-11-13 02:10:04 CHB 1948423?1699812596 第 1 次 获取到号码【1948423】GSD
2023-11-13 02:10:04 未获取到号码【1948423】GSD，可能号码格式错误
2023-11-13 02:10:04 获取到号码【1948423】的GSD为【-】
2023-11-13 02:10:08 GSD insert 第 1 次 等待 3 秒
2023-11-13 02:10:11 {"status":"bad","gid":"605179","msg":"添加失败！号码【1948423(-|-)】已存在！"}
2023-11-13 02:10:11 随机等待 176 秒，约 2 分钟
2023-11-13 02:10:11 下次操作: 2023-11-13 02:13:07

2023-11-13 02:13:07 开始第 8526 次操作

2023-11-13 02:13:07 开始操作号码 【1948424】
2023-11-13 02:13:10 GSD getOne 第 1 次 等待 3 秒
2023-11-13 02:13:13 查询号码 【1948424】，返回信息 {"status":"ok","msg":"-","gid":"605171","time_insert":"2023-03-21 15:27"}
2023-11-13 02:13:13 查询号码 【1948424】，GSD为【"-"】
2023-11-13 02:13:13 ok && -
2023-11-13 02:13:15 CHB 1948424?1699812793 第 1 次 等待 3 秒
2023-11-13 02:13:18 CHB 1948424?1699812793 第 1 次 获取到号码【1948424】GSD
2023-11-13 02:13:18 未获取到号码【1948424】GSD，可能号码格式错误
2023-11-13 02:13:18 获取到号码【1948424】的GSD为【-】
2023-11-13 02:13:22 GSD insert 第 1 次 等待 3 秒
2023-11-13 02:13:25 {"status":"bad","gid":"605171","msg":"添加失败！号码【1948424(-|-)】已存在！"}
2023-11-13 02:13:25 随机等待 73 秒，约 1 分钟
2023-11-13 02:13:25 下次操作: 2023-11-13 02:14:38

2023-11-13 02:14:38 开始第 8527 次操作

2023-11-13 02:14:38 开始操作号码 【1948425】
2023-11-13 02:14:40 GSD getOne 第 1 次 等待 3 秒
2023-11-13 02:14:43 查询号码 【1948425】，返回信息 {"status":"ok","msg":"-","gid":"605167","time_insert":"2023-03-21 15:25"}
2023-11-13 02:14:44 查询号码 【1948425】，GSD为【"-"】
2023-11-13 02:14:44 ok && -
2023-11-13 02:14:46 CHB 1948425?1699812884 第 1 次 等待 3 秒
2023-11-13 02:14:49 CHB 1948425?1699812884 第 1 次 获取到号码【1948425】GSD
2023-11-13 02:14:49 未获取到号码【1948425】GSD，可能号码格式错误
2023-11-13 02:14:49 获取到号码【1948425】的GSD为【-】
2023-11-13 02:14:52 GSD insert 第 1 次 等待 3 秒
2023-11-13 02:14:55 {"status":"bad","gid":"605167","msg":"添加失败！号码【1948425(-|-)】已存在！"}
2023-11-13 02:14:55 随机等待 220 秒，约 3 分钟
2023-11-13 02:14:55 下次操作: 2023-11-13 02:18:35

2023-11-13 02:18:35 开始第 8528 次操作

2023-11-13 02:18:35 开始操作号码 【1948426】
2023-11-13 02:18:38 GSD getOne 第 1 次 等待 3 秒
2023-11-13 02:18:41 查询号码 【1948426】，返回信息 {"status":"ok","msg":"-","gid":"605162","time_insert":"2023-03-21 15:22"}
2023-11-13 02:18:41 查询号码 【1948426】，GSD为【"-"】
2023-11-13 02:18:41 ok && -
2023-11-13 02:18:44 CHB 1948426?1699813121 第 1 次 等待 3 秒
2023-11-13 02:18:47 CHB 1948426?1699813121 第 1 次 获取到号码【1948426】GSD
2023-11-13 02:18:47 未获取到号码【1948426】GSD，可能号码格式错误
2023-11-13 02:18:47 获取到号码【1948426】的GSD为【-】
2023-11-13 02:18:50 GSD insert 第 1 次 等待 3 秒
2023-11-13 02:18:53 {"status":"bad","gid":"605162","msg":"添加失败！号码【1948426(-|-)】已存在！"}

