2024-03-30 00:09:48 开始第 909 次操作

2024-03-30 00:09:48 开始操作号码 【1620809】
2024-03-30 00:09:54 GSD getOne 第 1 次 等待 3 秒
2024-03-30 00:09:57 查询号码 【1620809】，返回信息 {"status":"ok","msg":"-","gid":"104826","time_insert":"2021-06-19 00:17"}
2024-03-30 00:09:57 查询号码 【1620809】，GSD为【"-"】
2024-03-30 00:09:57 ok && -
2024-03-30 00:10:00 CHB 1620809?1711728597 第 1 次 等待 3 秒
2024-03-30 00:10:03 CHB 1620809?1711728597 第 1 次 获取到号码【1620809】GSD
2024-03-30 00:10:03 未获取到号码【1620809】GSD，可能号码格式错误
2024-03-30 00:10:03 获取到号码【1620809】的GSD为【-】
2024-03-30 00:10:08 GSD insert 第 1 次 等待 3 秒
2024-03-30 00:10:11 {"status":"bad","gid":"104826","msg":"添加失败！号码【1620809(-|-)】已存在！"}
2024-03-30 00:10:11 随机等待 181 秒，约 3 分钟
2024-03-30 00:10:11 下次操作: 2024-03-30 00:13:12

2024-03-30 00:13:12 开始第 910 次操作

2024-03-30 00:13:12 开始操作号码 【1620810】
2024-03-30 00:13:18 GSD getOne 第 1 次 等待 3 秒
2024-03-30 00:13:21 查询号码 【1620810】，返回信息 {"status":"ok","msg":"-","gid":"104827","time_insert":"2021-06-19 00:18"}
2024-03-30 00:13:22 查询号码 【1620810】，GSD为【"-"】
2024-03-30 00:13:22 ok && -
2024-03-30 00:13:24 CHB 1620810?1711728802 第 1 次 等待 3 秒
2024-03-30 00:13:27 CHB 1620810?1711728802 第 1 次 获取到号码【1620810】GSD
2024-03-30 00:13:27 未获取到号码【1620810】GSD，可能号码格式错误
2024-03-30 00:13:27 获取到号码【1620810】的GSD为【-】
2024-03-30 00:13:32 GSD insert 第 1 次 等待 3 秒
2024-03-30 00:13:35 {"status":"bad","gid":"104827","msg":"添加失败！号码【1620810(-|-)】已存在！"}
2024-03-30 00:13:35 随机等待 106 秒，约 1 分钟
2024-03-30 00:13:35 下次操作: 2024-03-30 00:15:21

2024-03-30 00:15:21 开始第 911 次操作

2024-03-30 00:15:21 开始操作号码 【1620811】
2024-03-30 00:15:27 GSD getOne 第 1 次 等待 3 秒
2024-03-30 00:15:30 查询号码 【1620811】，返回信息 {"status":"ok","msg":"-","gid":"104828","time_insert":"2021-06-19 00:19"}
2024-03-30 00:15:30 查询号码 【1620811】，GSD为【"-"】
2024-03-30 00:15:30 ok && -
2024-03-30 00:15:32 CHB 1620811?1711728930 第 1 次 等待 3 秒
2024-03-30 00:15:35 CHB 1620811?1711728930 第 1 次 获取到号码【1620811】GSD
2024-03-30 00:15:35 未获取到号码【1620811】GSD，可能号码格式错误
2024-03-30 00:15:35 获取到号码【1620811】的GSD为【-】
2024-03-30 00:15:42 GSD insert 第 1 次 等待 3 秒
2024-03-30 00:15:45 {"status":"bad","gid":"104828","msg":"添加失败！号码【1620811(-|-)】已存在！"}
2024-03-30 00:15:45 随机等待 158 秒，约 2 分钟
2024-03-30 00:15:45 下次操作: 2024-03-30 00:18:23

2024-03-30 00:18:23 开始第 912 次操作

2024-03-30 00:18:23 开始操作号码 【1620812】
2024-03-30 00:18:28 GSD getOne 第 1 次 等待 3 秒
2024-03-30 00:18:31 查询号码 【1620812】，返回信息 {"status":"ok","msg":"-","gid":"104829","time_insert":"2021-06-19 00:19"}
2024-03-30 00:18:31 查询号码 【1620812】，GSD为【"-"】
2024-03-30 00:18:31 ok && -
2024-03-30 00:18:34 CHB 1620812?1711729111 第 1 次 等待 3 秒
2024-03-30 00:18:37 CHB 1620812?1711729111 第 1 次 获取到号码【1620812】GSD
2024-03-30 00:18:37 未获取到号码【1620812】GSD，可能号码格式错误
2024-03-30 00:18:37 获取到号码【1620812】的GSD为【-】
2024-03-30 00:18:46 GSD insert 第 1 次 等待 3 秒
2024-03-30 00:18:49 {"status":"bad","gid":"104829","msg":"添加失败！号码【1620812(-|-)】已存在！"}

