2024-01-15 00:10:07 开始第 9021 次操作

2024-01-15 00:10:07 开始操作号码 【1848920】
2024-01-15 00:10:11 GSD getOne 第 1 次 等待 3 秒
2024-01-15 00:10:14 查询号码 【1848920】，返回信息 {"status":"ok","msg":"西藏-拉萨","gid":"412670","time_insert":"2021-07-27 12:08"}
2024-01-15 00:10:14 查询号码 【1848920】，GSD为【"西藏-拉萨"】

2024-01-15 00:10:15 开始第 9022 次操作

2024-01-15 00:10:15 开始操作号码 【1848921】
2024-01-15 00:10:20 GSD getOne 第 1 次 等待 3 秒
2024-01-15 00:10:23 查询号码 【1848921】，返回信息 {"status":"ok","msg":"西藏-拉萨","gid":"39609","time_insert":"2017-04-16 17:27","time_update":"2020-12-20 17:37"}
2024-01-15 00:10:23 查询号码 【1848921】，GSD为【"西藏-拉萨"】

2024-01-15 00:10:25 开始第 9023 次操作

2024-01-15 00:10:25 开始操作号码 【1848922】
2024-01-15 00:10:35 GSD getOne 第 1 次 等待 3 秒
2024-01-15 00:10:38 查询号码 【1848922】，返回信息 {"status":"ok","msg":"西藏-日喀则","gid":"50716","time_insert":"2021-04-21 16:58"}
2024-01-15 00:10:38 查询号码 【1848922】，GSD为【"西藏-日喀则"】

2024-01-15 00:10:39 开始第 9024 次操作

2024-01-15 00:10:39 开始操作号码 【1848923】
2024-01-15 00:10:44 GSD getOne 第 1 次 等待 3 秒
2024-01-15 00:10:47 查询号码 【1848923】，返回信息 {"status":"ok","msg":"西藏-山南","gid":"412660","time_insert":"2021-07-27 12:07"}
2024-01-15 00:10:47 查询号码 【1848923】，GSD为【"西藏-山南"】

