2023-09-29 00:10:47 开始第 485 次操作

2023-09-29 00:10:47 开始操作号码 【1940484】
2023-09-29 00:10:49 GSD getOne 第 1 次 等待 3 秒
2023-09-29 00:10:52 查询号码 【1940484】，返回信息 {"status":"ok","msg":"-","gid":"545325","time_insert":"2023-02-21 17:20"}
2023-09-29 00:10:52 查询号码 【1940484】，GSD为【"-"】
2023-09-29 00:10:52 ok && -
2023-09-29 00:10:59 CHB 1940484?1695917452 第 1 次 等待 3 秒
2023-09-29 00:11:02 CHB 1940484?1695917452 第 1 次 获取到号码【1940484】GSD
2023-09-29 00:11:02 未获取到号码【1940484】GSD，可能号码格式错误
2023-09-29 00:11:02 获取到号码【1940484】的GSD为【-】
2023-09-29 00:11:14 GSD insert 第 1 次 等待 3 秒
2023-09-29 00:11:17 {"status":"bad","gid":"545325","msg":"添加失败！号码【1940484(-|-)】已存在！"}
2023-09-29 00:11:17 随机等待 113 秒，约 1 分钟
2023-09-29 00:11:17 下次操作: 2023-09-29 00:13:10

2023-09-29 00:13:10 开始第 486 次操作

2023-09-29 00:13:10 开始操作号码 【1940485】
2023-09-29 00:13:15 GSD getOne 第 1 次 等待 3 秒
2023-09-29 00:13:18 查询号码 【1940485】，返回信息 {"status":"ok","msg":"-","gid":"545353","time_insert":"2023-02-21 17:37"}
2023-09-29 00:13:18 查询号码 【1940485】，GSD为【"-"】
2023-09-29 00:13:18 ok && -
2023-09-29 00:13:20 CHB 1940485?1695917598 第 1 次 等待 3 秒
2023-09-29 00:13:23 CHB 1940485?1695917598 第 1 次 获取到号码【1940485】GSD
2023-09-29 00:13:23 未获取到号码【1940485】GSD，可能号码格式错误
2023-09-29 00:13:23 获取到号码【1940485】的GSD为【-】
2023-09-29 00:13:25 GSD insert 第 1 次 等待 3 秒
2023-09-29 00:13:28 {"status":"bad","gid":"545353","msg":"添加失败！号码【1940485(-|-)】已存在！"}
2023-09-29 00:13:28 随机等待 105 秒，约 1 分钟
2023-09-29 00:13:28 下次操作: 2023-09-29 00:15:13

2023-09-29 00:15:13 开始第 487 次操作

2023-09-29 00:15:13 开始操作号码 【1940486】
2023-09-29 00:15:15 GSD getOne 第 1 次 等待 3 秒
2023-09-29 00:15:18 查询号码 【1940486】，返回信息 {"status":"ok","msg":"-","gid":"545385","time_insert":"2023-02-21 17:53"}
2023-09-29 00:15:18 查询号码 【1940486】，GSD为【"-"】
2023-09-29 00:15:18 ok && -
2023-09-29 00:15:20 CHB 1940486?1695917718 第 1 次 等待 3 秒
2023-09-29 00:15:23 CHB 1940486?1695917718 第 1 次 获取到号码【1940486】GSD
2023-09-29 00:15:23 未获取到号码【1940486】GSD，可能号码格式错误
2023-09-29 00:15:23 获取到号码【1940486】的GSD为【-】
2023-09-29 00:15:26 GSD insert 第 1 次 等待 3 秒
2023-09-29 00:15:29 {"status":"bad","gid":"545385","msg":"添加失败！号码【1940486(-|-)】已存在！"}
2023-09-29 00:15:29 随机等待 206 秒，约 3 分钟
2023-09-29 00:15:29 下次操作: 2023-09-29 00:18:55

2023-09-29 00:18:55 开始第 488 次操作

2023-09-29 00:18:55 开始操作号码 【1940487】
2023-09-29 00:19:04 GSD getOne 第 1 次 等待 3 秒
2023-09-29 00:19:07 查询号码 【1940487】，返回信息 {"status":"ok","msg":"-","gid":"545412","time_insert":"2023-02-21 18:13"}
2023-09-29 00:19:07 查询号码 【1940487】，GSD为【"-"】
2023-09-29 00:19:07 ok && -
2023-09-29 00:19:09 CHB 1940487?1695917947 第 1 次 等待 3 秒
2023-09-29 00:19:12 CHB 1940487?1695917947 第 1 次 获取到号码【1940487】GSD
2023-09-29 00:19:12 未获取到号码【1940487】GSD，可能号码格式错误
2023-09-29 00:19:12 获取到号码【1940487】的GSD为【-】
2023-09-29 00:19:17 GSD insert 第 1 次 等待 3 秒
2023-09-29 00:19:20 {"status":"bad","gid":"545412","msg":"添加失败！号码【1940487(-|-)】已存在！"}

