2023-12-11 00:09:56 开始第 2601 次操作

2023-12-11 00:09:56 开始操作号码 【1842500】
2023-12-11 00:10:00 GSD getOne 第 1 次 等待 3 秒
2023-12-11 00:10:03 查询号码 【1842500】，返回信息 {"status":"ok","msg":"江苏-南京","gid":"485062","time_insert":"2021-08-03 01:14"}
2023-12-11 00:10:04 查询号码 【1842500】，GSD为【"江苏-南京"】

2023-12-11 00:10:05 开始第 2602 次操作

2023-12-11 00:10:05 开始操作号码 【1842501】
2023-12-11 00:10:08 GSD getOne 第 1 次 等待 3 秒
2023-12-11 00:10:11 查询号码 【1842501】，返回信息 {"status":"ok","msg":"江苏-南京","gid":"485054","time_insert":"2021-08-03 01:13"}
2023-12-11 00:10:11 查询号码 【1842501】，GSD为【"江苏-南京"】

2023-12-11 00:10:12 开始第 2603 次操作

2023-12-11 00:10:12 开始操作号码 【1842502】
2023-12-11 00:10:20 GSD getOne 第 1 次 等待 3 秒
2023-12-11 00:10:23 查询号码 【1842502】，返回信息 {"status":"ok","msg":"江苏-南京","gid":"485045","time_insert":"2021-08-03 01:13"}
2023-12-11 00:10:23 查询号码 【1842502】，GSD为【"江苏-南京"】

2023-12-11 00:10:24 开始第 2604 次操作

2023-12-11 00:10:24 开始操作号码 【1842503】
2023-12-11 00:10:29 GSD getOne 第 1 次 等待 3 秒
2023-12-11 00:10:32 查询号码 【1842503】，返回信息 {"status":"ok","msg":"江苏-南京","gid":"485034","time_insert":"2021-08-03 01:12"}
2023-12-11 00:10:32 查询号码 【1842503】，GSD为【"江苏-南京"】

