2023-10-26 00:10:36 开始第 5225 次操作

2023-10-26 00:10:36 开始操作号码 【1945134】
2023-10-26 00:10:41 GSD getOne 第 1 次 等待 3 秒
2023-10-26 00:10:44 查询号码 【1945134】，返回信息 {"status":"ok","msg":"-","gid":"623461","time_insert":"2023-03-30 10:46"}
2023-10-26 00:10:44 查询号码 【1945134】，GSD为【"-"】
2023-10-26 00:10:44 ok && -
2023-10-26 00:10:51 CHB 1945134?1698250244 第 1 次 等待 3 秒
2023-10-26 00:10:54 CHB 1945134?1698250244 第 1 次 获取到号码【1945134】GSD
2023-10-26 00:10:54 未获取到号码【1945134】GSD，可能号码格式错误
2023-10-26 00:10:54 获取到号码【1945134】的GSD为【-】
2023-10-26 00:10:58 GSD insert 第 1 次 等待 3 秒
2023-10-26 00:11:01 {"status":"bad","gid":"623461","msg":"添加失败！号码【1945134(-|-)】已存在！"}
2023-10-26 00:11:01 随机等待 131 秒，约 2 分钟
2023-10-26 00:11:01 下次操作: 2023-10-26 00:13:12

2023-10-26 00:13:12 开始第 5226 次操作

2023-10-26 00:13:12 开始操作号码 【1945135】
2023-10-26 00:13:15 GSD getOne 第 1 次 等待 3 秒
2023-10-26 00:13:18 查询号码 【1945135】，返回信息 {"status":"ok","msg":"-","gid":"623455","time_insert":"2023-03-30 10:43"}
2023-10-26 00:13:18 查询号码 【1945135】，GSD为【"-"】
2023-10-26 00:13:18 ok && -
2023-10-26 00:13:20 CHB 1945135?1698250398 第 1 次 等待 3 秒
2023-10-26 00:13:23 CHB 1945135?1698250398 第 1 次 获取到号码【1945135】GSD
2023-10-26 00:13:23 未获取到号码【1945135】GSD，可能号码格式错误
2023-10-26 00:13:23 获取到号码【1945135】的GSD为【-】
2023-10-26 00:13:30 GSD insert 第 1 次 等待 3 秒
2023-10-26 00:13:33 {"status":"bad","gid":"623455","msg":"添加失败！号码【1945135(-|-)】已存在！"}
2023-10-26 00:13:33 随机等待 205 秒，约 3 分钟
2023-10-26 00:13:33 下次操作: 2023-10-26 00:16:58

2023-10-26 00:16:58 开始第 5227 次操作

2023-10-26 00:16:58 开始操作号码 【1945136】
2023-10-26 00:17:02 GSD getOne 第 1 次 等待 3 秒
2023-10-26 00:17:05 查询号码 【1945136】，返回信息 {"status":"ok","msg":"-","gid":"623453","time_insert":"2023-03-30 10:41"}
2023-10-26 00:17:05 查询号码 【1945136】，GSD为【"-"】
2023-10-26 00:17:05 ok && -
2023-10-26 00:17:10 CHB 1945136?1698250625 第 1 次 等待 3 秒
2023-10-26 00:17:13 CHB 1945136?1698250625 第 1 次 获取到号码【1945136】GSD
2023-10-26 00:17:13 未获取到号码【1945136】GSD，可能号码格式错误
2023-10-26 00:17:13 获取到号码【1945136】的GSD为【-】
2023-10-26 00:17:18 GSD insert 第 1 次 等待 3 秒
2023-10-26 00:17:21 {"status":"bad","gid":"623453","msg":"添加失败！号码【1945136(-|-)】已存在！"}
2023-10-26 00:17:21 随机等待 100 秒，约 1 分钟
2023-10-26 00:17:21 下次操作: 2023-10-26 00:19:01

2023-10-26 00:19:01 开始第 5228 次操作

2023-10-26 00:19:01 开始操作号码 【1945137】
2023-10-26 00:19:07 GSD getOne 第 1 次 等待 3 秒
2023-10-26 00:19:10 查询号码 【1945137】，返回信息 {"status":"ok","msg":"-","gid":"623451","time_insert":"2023-03-30 10:40"}
2023-10-26 00:19:10 查询号码 【1945137】，GSD为【"-"】
2023-10-26 00:19:10 ok && -
2023-10-26 00:19:16 CHB 1945137?1698250750 第 1 次 等待 3 秒
2023-10-26 00:19:19 CHB 1945137?1698250750 第 1 次 获取到号码【1945137】GSD
2023-10-26 00:19:19 未获取到号码【1945137】GSD，可能号码格式错误
2023-10-26 00:19:19 获取到号码【1945137】的GSD为【-】
2023-10-26 00:19:31 GSD insert 第 1 次 等待 3 秒
2023-10-26 00:19:34 {"status":"bad","gid":"623451","msg":"添加失败！号码【1945137(-|-)】已存在！"}

2023-10-26 00:36:00 开始第 5229 次操作

2023-10-26 00:36:00 开始操作号码 【1945138】
2023-10-26 00:36:05 GSD getOne 第 1 次 等待 3 秒
2023-10-26 00:36:08 查询号码 【1945138】，返回信息 {"status":"ok","msg":"-","gid":"623420","time_insert":"2023-03-30 10:14"}
2023-10-26 00:36:08 查询号码 【1945138】，GSD为【"-"】
2023-10-26 00:36:08 ok && -
2023-10-26 00:36:15 CHB 1945138?1698251768 第 1 次 等待 3 秒
2023-10-26 00:36:18 CHB 1945138?1698251768 第 1 次 获取到号码【1945138】GSD
2023-10-26 00:36:18 未获取到号码【1945138】GSD，可能号码格式错误
2023-10-26 00:36:18 获取到号码【1945138】的GSD为【-】
2023-10-26 00:36:22 GSD insert 第 1 次 等待 3 秒
2023-10-26 00:36:25 {"status":"bad","gid":"623420","msg":"添加失败！号码【1945138(-|-)】已存在！"}
2023-10-26 00:36:25 随机等待 149 秒，约 2 分钟
2023-10-26 00:36:25 下次操作: 2023-10-26 00:38:54

2023-10-26 00:38:54 开始第 5230 次操作

2023-10-26 00:38:54 开始操作号码 【1945139】
2023-10-26 00:38:58 GSD getOne 第 1 次 等待 3 秒
2023-10-26 00:39:01 查询号码 【1945139】，返回信息 {"status":"ok","msg":"-","gid":"623418","time_insert":"2023-03-30 10:11"}
2023-10-26 00:39:01 查询号码 【1945139】，GSD为【"-"】
2023-10-26 00:39:01 ok && -
2023-10-26 00:39:06 CHB 1945139?1698251941 第 1 次 等待 3 秒
2023-10-26 00:39:09 CHB 1945139?1698251941 第 1 次 获取到号码【1945139】GSD
2023-10-26 00:39:10 未获取到号码【1945139】GSD，可能号码格式错误
2023-10-26 00:39:10 获取到号码【1945139】的GSD为【-】
2023-10-26 00:39:12 GSD insert 第 1 次 等待 3 秒
2023-10-26 00:39:15 {"status":"bad","gid":"623418","msg":"添加失败！号码【1945139(-|-)】已存在！"}
2023-10-26 00:39:15 随机等待 224 秒，约 3 分钟
2023-10-26 00:39:15 下次操作: 2023-10-26 00:42:59

2023-10-26 00:42:59 开始第 5231 次操作

2023-10-26 00:42:59 开始操作号码 【1945140】
2023-10-26 00:43:03 GSD getOne 第 1 次 等待 3 秒
2023-10-26 00:43:06 查询号码 【1945140】，返回信息 {"status":"ok","msg":"-","gid":"623414","time_insert":"2023-03-30 10:08"}
2023-10-26 00:43:06 查询号码 【1945140】，GSD为【"-"】
2023-10-26 00:43:06 ok && -
2023-10-26 00:43:08 CHB 1945140?1698252186 第 1 次 等待 3 秒
2023-10-26 00:43:11 CHB 1945140?1698252186 第 1 次 获取到号码【1945140】GSD
2023-10-26 00:43:11 未获取到号码【1945140】GSD，可能号码格式错误
2023-10-26 00:43:11 获取到号码【1945140】的GSD为【-】
2023-10-26 00:43:14 GSD insert 第 1 次 等待 3 秒
2023-10-26 00:43:17 {"status":"bad","gid":"623414","msg":"添加失败！号码【1945140(-|-)】已存在！"}
2023-10-26 00:43:17 随机等待 135 秒，约 2 分钟
2023-10-26 00:43:17 下次操作: 2023-10-26 00:45:32

2023-10-26 00:45:32 开始第 5232 次操作

2023-10-26 00:45:32 开始操作号码 【1945141】
2023-10-26 00:45:38 GSD getOne 第 1 次 等待 3 秒
2023-10-26 00:45:41 查询号码 【1945141】，返回信息 {"status":"ok","msg":"-","gid":"623410","time_insert":"2023-03-30 10:06"}
2023-10-26 00:45:41 查询号码 【1945141】，GSD为【"-"】
2023-10-26 00:45:41 ok && -
2023-10-26 00:45:45 CHB 1945141?1698252341 第 1 次 等待 3 秒
2023-10-26 00:45:48 CHB 1945141?1698252341 第 1 次 获取到号码【1945141】GSD
2023-10-26 00:45:48 未获取到号码【1945141】GSD，可能号码格式错误
2023-10-26 00:45:48 获取到号码【1945141】的GSD为【-】
2023-10-26 00:45:51 GSD insert 第 1 次 等待 3 秒
2023-10-26 00:45:54 {"status":"bad","gid":"623410","msg":"添加失败！号码【1945141(-|-)】已存在！"}

