2024-01-07 00:09:54 开始第 7557 次操作

2024-01-07 00:09:54 开始操作号码 【1847456】
2024-01-07 00:09:58 GSD getOne 第 1 次 等待 3 秒
2024-01-07 00:10:01 查询号码 【1847456】，返回信息 {"status":"ok","msg":"湖南-怀化","gid":"426932","time_insert":"2021-07-28 19:48"}
2024-01-07 00:10:01 查询号码 【1847456】，GSD为【"湖南-怀化"】

2024-01-07 00:10:02 开始第 7558 次操作

2024-01-07 00:10:02 开始操作号码 【1847457】
2024-01-07 00:10:05 GSD getOne 第 1 次 等待 3 秒
2024-01-07 00:10:08 查询号码 【1847457】，返回信息 {"status":"ok","msg":"湖南-怀化","gid":"426924","time_insert":"2021-07-28 19:48"}
2024-01-07 00:10:08 查询号码 【1847457】，GSD为【"湖南-怀化"】

2024-01-07 00:10:09 开始第 7559 次操作

2024-01-07 00:10:09 开始操作号码 【1847458】
2024-01-07 00:10:12 GSD getOne 第 1 次 等待 3 秒
2024-01-07 00:10:15 查询号码 【1847458】，返回信息 {"status":"ok","msg":"湖南-怀化","gid":"426916","time_insert":"2021-07-28 19:47"}
2024-01-07 00:10:15 查询号码 【1847458】，GSD为【"湖南-怀化"】

2024-01-07 00:10:16 开始第 7560 次操作

2024-01-07 00:10:16 开始操作号码 【1847459】
2024-01-07 00:10:20 GSD getOne 第 1 次 等待 3 秒
2024-01-07 00:10:23 查询号码 【1847459】，返回信息 {"status":"ok","msg":"湖南-怀化","gid":"426906","time_insert":"2021-07-28 19:46"}
2024-01-07 00:10:23 查询号码 【1847459】，GSD为【"湖南-怀化"】

2024-01-07 00:36:29 开始第 7561 次操作

2024-01-07 00:36:29 开始操作号码 【1847460】
2024-01-07 00:36:34 GSD getOne 第 1 次 等待 3 秒
2024-01-07 00:36:37 查询号码 【1847460】，返回信息 {"status":"ok","msg":"湖南-永州","gid":"426900","time_insert":"2021-07-28 19:46"}
2024-01-07 00:36:37 查询号码 【1847460】，GSD为【"湖南-永州"】

2024-01-07 00:36:38 开始第 7562 次操作

2024-01-07 00:36:38 开始操作号码 【1847461】
2024-01-07 00:36:42 GSD getOne 第 1 次 等待 3 秒
2024-01-07 00:36:45 查询号码 【1847461】，返回信息 {"status":"ok","msg":"湖南-永州","gid":"426889","time_insert":"2021-07-28 19:45"}
2024-01-07 00:36:45 查询号码 【1847461】，GSD为【"湖南-永州"】

2024-01-07 00:36:46 开始第 7563 次操作

2024-01-07 00:36:46 开始操作号码 【1847462】
2024-01-07 00:36:49 GSD getOne 第 1 次 等待 3 秒
2024-01-07 00:36:52 查询号码 【1847462】，返回信息 {"status":"ok","msg":"湖南-永州","gid":"426883","time_insert":"2021-07-28 19:44"}
2024-01-07 00:36:52 查询号码 【1847462】，GSD为【"湖南-永州"】

2024-01-07 00:36:53 开始第 7564 次操作

2024-01-07 00:36:53 开始操作号码 【1847463】
2024-01-07 00:37:01 GSD getOne 第 1 次 等待 3 秒
2024-01-07 00:37:04 查询号码 【1847463】，返回信息 {"status":"ok","msg":"湖南-永州","gid":"426870","time_insert":"2021-07-28 19:43"}
2024-01-07 00:37:04 查询号码 【1847463】，GSD为【"湖南-永州"】

