2023-10-29 00:09:13 开始第 5777 次操作

2023-10-29 00:09:13 开始操作号码 【1945686】
2023-10-29 00:09:25 GSD getOne 第 1 次 等待 3 秒
2023-10-29 00:09:28 查询号码 【1945686】，返回信息 {"status":"ok","msg":"-","gid":"620003","time_insert":"2023-03-28 13:29"}
2023-10-29 00:09:28 查询号码 【1945686】，GSD为【"-"】
2023-10-29 00:09:28 ok && -
2023-10-29 00:09:33 CHB 1945686?1698509368 第 1 次 等待 3 秒
2023-10-29 00:09:36 CHB 1945686?1698509368 第 1 次 获取到号码【1945686】GSD
2023-10-29 00:09:36 未获取到号码【1945686】GSD，可能号码格式错误
2023-10-29 00:09:36 获取到号码【1945686】的GSD为【-】
2023-10-29 00:09:43 GSD insert 第 1 次 等待 3 秒
2023-10-29 00:09:46 {"status":"bad","gid":"620003","msg":"添加失败！号码【1945686(-|-)】已存在！"}
2023-10-29 00:09:46 随机等待 68 秒，约 1 分钟
2023-10-29 00:09:46 下次操作: 2023-10-29 00:10:54

2023-10-29 00:10:54 开始第 5778 次操作

2023-10-29 00:10:54 开始操作号码 【1945687】
2023-10-29 00:11:03 GSD getOne 第 1 次 等待 3 秒
2023-10-29 00:11:06 查询号码 【1945687】，返回信息 {"status":"ok","msg":"-","gid":"619999","time_insert":"2023-03-28 13:27"}
2023-10-29 00:11:06 查询号码 【1945687】，GSD为【"-"】
2023-10-29 00:11:06 ok && -
2023-10-29 00:11:08 CHB 1945687?1698509466 第 1 次 等待 3 秒
2023-10-29 00:11:11 CHB 1945687?1698509466 第 1 次 获取到号码【1945687】GSD
2023-10-29 00:11:11 未获取到号码【1945687】GSD，可能号码格式错误
2023-10-29 00:11:11 获取到号码【1945687】的GSD为【-】
2023-10-29 00:11:20 GSD insert 第 1 次 等待 3 秒
2023-10-29 00:11:23 {"status":"bad","gid":"619999","msg":"添加失败！号码【1945687(-|-)】已存在！"}
2023-10-29 00:11:23 随机等待 201 秒，约 3 分钟
2023-10-29 00:11:23 下次操作: 2023-10-29 00:14:44

2023-10-29 00:14:44 开始第 5779 次操作

2023-10-29 00:14:44 开始操作号码 【1945688】
2023-10-29 00:14:50 GSD getOne 第 1 次 等待 3 秒
2023-10-29 00:14:53 查询号码 【1945688】，返回信息 {"status":"ok","msg":"-","gid":"619998","time_insert":"2023-03-28 13:25"}
2023-10-29 00:14:53 查询号码 【1945688】，GSD为【"-"】
2023-10-29 00:14:53 ok && -
2023-10-29 00:14:55 CHB 1945688?1698509693 第 1 次 等待 3 秒
2023-10-29 00:14:59 CHB 1945688?1698509693 第 1 次 获取到号码【1945688】GSD
2023-10-29 00:14:59 未获取到号码【1945688】GSD，可能号码格式错误
2023-10-29 00:14:59 获取到号码【1945688】的GSD为【-】
2023-10-29 00:15:05 GSD insert 第 1 次 等待 3 秒
2023-10-29 00:15:08 {"status":"bad","gid":"619998","msg":"添加失败！号码【1945688(-|-)】已存在！"}
2023-10-29 00:15:08 随机等待 170 秒，约 2 分钟
2023-10-29 00:15:08 下次操作: 2023-10-29 00:17:58

2023-10-29 00:17:58 开始第 5780 次操作

2023-10-29 00:17:58 开始操作号码 【1945689】
2023-10-29 00:18:01 GSD getOne 第 1 次 等待 3 秒
2023-10-29 00:18:04 查询号码 【1945689】，返回信息 {"status":"ok","msg":"-","gid":"619997","time_insert":"2023-03-28 13:24"}
2023-10-29 00:18:04 查询号码 【1945689】，GSD为【"-"】
2023-10-29 00:18:04 ok && -
2023-10-29 00:18:11 CHB 1945689?1698509884 第 1 次 等待 3 秒
2023-10-29 00:18:14 CHB 1945689?1698509884 第 1 次 获取到号码【1945689】GSD
2023-10-29 00:18:14 未获取到号码【1945689】GSD，可能号码格式错误
2023-10-29 00:18:14 获取到号码【1945689】的GSD为【-】
2023-10-29 00:18:21 GSD insert 第 1 次 等待 3 秒
2023-10-29 00:18:24 {"status":"bad","gid":"619997","msg":"添加失败！号码【1945689(-|-)】已存在！"}

2023-10-29 00:34:36 开始第 5781 次操作

2023-10-29 00:34:36 开始操作号码 【1945690】
2023-10-29 00:34:41 GSD getOne 第 1 次 等待 3 秒
2023-10-29 00:34:44 查询号码 【1945690】，返回信息 {"status":"ok","msg":"-","gid":"619985","time_insert":"2023-03-28 13:15"}
2023-10-29 00:34:44 查询号码 【1945690】，GSD为【"-"】
2023-10-29 00:34:44 ok && -
2023-10-29 00:34:50 CHB 1945690?1698510884 第 1 次 等待 3 秒
2023-10-29 00:34:53 CHB 1945690?1698510884 第 1 次 获取到号码【1945690】GSD
2023-10-29 00:34:53 未获取到号码【1945690】GSD，可能号码格式错误
2023-10-29 00:34:53 获取到号码【1945690】的GSD为【-】
2023-10-29 00:35:00 GSD insert 第 1 次 等待 3 秒
2023-10-29 00:35:03 {"status":"bad","gid":"619985","msg":"添加失败！号码【1945690(-|-)】已存在！"}
2023-10-29 00:35:03 随机等待 94 秒，约 1 分钟
2023-10-29 00:35:03 下次操作: 2023-10-29 00:36:37

2023-10-29 00:36:37 开始第 5782 次操作

2023-10-29 00:36:37 开始操作号码 【1945691】
2023-10-29 00:36:44 GSD getOne 第 1 次 等待 3 秒
2023-10-29 00:36:47 查询号码 【1945691】，返回信息 {"status":"ok","msg":"-","gid":"619980","time_insert":"2023-03-28 13:12"}
2023-10-29 00:36:47 查询号码 【1945691】，GSD为【"-"】
2023-10-29 00:36:47 ok && -
2023-10-29 00:36:53 CHB 1945691?1698511007 第 1 次 等待 3 秒
2023-10-29 00:36:56 CHB 1945691?1698511007 第 1 次 获取到号码【1945691】GSD
2023-10-29 00:36:56 未获取到号码【1945691】GSD，可能号码格式错误
2023-10-29 00:36:56 获取到号码【1945691】的GSD为【-】
2023-10-29 00:36:59 GSD insert 第 1 次 等待 3 秒
2023-10-29 00:37:02 {"status":"bad","gid":"619980","msg":"添加失败！号码【1945691(-|-)】已存在！"}
2023-10-29 00:37:02 随机等待 76 秒，约 1 分钟
2023-10-29 00:37:02 下次操作: 2023-10-29 00:38:18

2023-10-29 00:38:18 开始第 5783 次操作

2023-10-29 00:38:18 开始操作号码 【1945692】
2023-10-29 00:38:25 GSD getOne 第 1 次 等待 3 秒
2023-10-29 00:38:28 查询号码 【1945692】，返回信息 {"status":"ok","msg":"-","gid":"619977","time_insert":"2023-03-28 13:10"}
2023-10-29 00:38:28 查询号码 【1945692】，GSD为【"-"】
2023-10-29 00:38:28 ok && -
2023-10-29 00:38:30 CHB 1945692?1698511108 第 1 次 等待 3 秒
2023-10-29 00:38:33 CHB 1945692?1698511108 第 1 次 获取到号码【1945692】GSD
2023-10-29 00:38:33 未获取到号码【1945692】GSD，可能号码格式错误
2023-10-29 00:38:33 获取到号码【1945692】的GSD为【-】
2023-10-29 00:38:38 GSD insert 第 1 次 等待 3 秒
2023-10-29 00:38:41 {"status":"bad","gid":"619977","msg":"添加失败！号码【1945692(-|-)】已存在！"}
2023-10-29 00:38:41 随机等待 107 秒，约 1 分钟
2023-10-29 00:38:41 下次操作: 2023-10-29 00:40:28

2023-10-29 00:40:28 开始第 5784 次操作

2023-10-29 00:40:28 开始操作号码 【1945693】
2023-10-29 00:40:35 GSD getOne 第 1 次 等待 3 秒
2023-10-29 00:40:38 查询号码 【1945693】，返回信息 {"status":"ok","msg":"-","gid":"619974","time_insert":"2023-03-28 13:09"}
2023-10-29 00:40:38 查询号码 【1945693】，GSD为【"-"】
2023-10-29 00:40:38 ok && -
2023-10-29 00:40:40 CHB 1945693?1698511238 第 1 次 等待 3 秒
2023-10-29 00:40:43 CHB 1945693?1698511238 第 1 次 获取到号码【1945693】GSD
2023-10-29 00:40:43 未获取到号码【1945693】GSD，可能号码格式错误
2023-10-29 00:40:43 获取到号码【1945693】的GSD为【-】
2023-10-29 00:40:51 GSD insert 第 1 次 等待 3 秒
2023-10-29 00:40:54 {"status":"bad","gid":"619974","msg":"添加失败！号码【1945693(-|-)】已存在！"}

2023-10-29 01:06:36 开始第 5785 次操作

2023-10-29 01:06:36 开始操作号码 【1945694】
2023-10-29 01:06:40 GSD getOne 第 1 次 等待 3 秒
2023-10-29 01:06:43 查询号码 【1945694】，返回信息 {"status":"ok","msg":"-","gid":"619965","time_insert":"2023-03-28 13:01"}
2023-10-29 01:06:43 查询号码 【1945694】，GSD为【"-"】
2023-10-29 01:06:43 ok && -
2023-10-29 01:06:45 CHB 1945694?1698512803 第 1 次 等待 3 秒
2023-10-29 01:06:48 CHB 1945694?1698512803 第 1 次 获取到号码【1945694】GSD
2023-10-29 01:06:49 未获取到号码【1945694】GSD，可能号码格式错误
2023-10-29 01:06:49 获取到号码【1945694】的GSD为【-】
2023-10-29 01:07:14 GSD insert 第 1 次 等待 3 秒
2023-10-29 01:07:17 {"status":"bad","gid":"619965","msg":"添加失败！号码【1945694(-|-)】已存在！"}
2023-10-29 01:07:17 随机等待 215 秒，约 3 分钟
2023-10-29 01:07:17 下次操作: 2023-10-29 01:10:52

2023-10-29 01:10:52 开始第 5786 次操作

2023-10-29 01:10:52 开始操作号码 【1945695】
2023-10-29 01:11:00 GSD getOne 第 1 次 等待 3 秒
2023-10-29 01:11:03 查询号码 【1945695】，返回信息 {"status":"ok","msg":"-","gid":"619961","time_insert":"2023-03-28 12:58"}
2023-10-29 01:11:03 查询号码 【1945695】，GSD为【"-"】
2023-10-29 01:11:03 ok && -
2023-10-29 01:11:05 CHB 1945695?1698513063 第 1 次 等待 3 秒
2023-10-29 01:11:08 CHB 1945695?1698513063 第 1 次 获取到号码【1945695】GSD
2023-10-29 01:11:08 未获取到号码【1945695】GSD，可能号码格式错误
2023-10-29 01:11:08 获取到号码【1945695】的GSD为【-】
2023-10-29 01:11:16 GSD insert 第 1 次 等待 3 秒
2023-10-29 01:11:19 {"status":"bad","gid":"619961","msg":"添加失败！号码【1945695(-|-)】已存在！"}
2023-10-29 01:11:19 随机等待 86 秒，约 1 分钟
2023-10-29 01:11:19 下次操作: 2023-10-29 01:12:45

2023-10-29 01:12:45 开始第 5787 次操作

2023-10-29 01:12:45 开始操作号码 【1945696】
2023-10-29 01:12:52 GSD getOne 第 1 次 等待 3 秒
2023-10-29 01:12:55 查询号码 【1945696】，返回信息 {"status":"ok","msg":"-","gid":"619954","time_insert":"2023-03-28 12:55"}
2023-10-29 01:12:55 查询号码 【1945696】，GSD为【"-"】
2023-10-29 01:12:55 ok && -
2023-10-29 01:12:56 CHB 1945696?1698513175 第 1 次 等待 3 秒
2023-10-29 01:12:59 CHB 1945696?1698513175 第 1 次 获取到号码【1945696】GSD
2023-10-29 01:12:59 未获取到号码【1945696】GSD，可能号码格式错误
2023-10-29 01:12:59 获取到号码【1945696】的GSD为【-】
2023-10-29 01:13:13 GSD insert 第 1 次 等待 3 秒
2023-10-29 01:13:16 {"status":"bad","gid":"619954","msg":"添加失败！号码【1945696(-|-)】已存在！"}
2023-10-29 01:13:17 随机等待 126 秒，约 2 分钟
2023-10-29 01:13:17 下次操作: 2023-10-29 01:15:22

2023-10-29 01:15:23 开始第 5788 次操作

2023-10-29 01:15:23 开始操作号码 【1945697】
2023-10-29 01:15:27 GSD getOne 第 1 次 等待 3 秒
2023-10-29 01:15:30 查询号码 【1945697】，返回信息 {"status":"ok","msg":"-","gid":"619950","time_insert":"2023-03-28 12:53"}
2023-10-29 01:15:30 查询号码 【1945697】，GSD为【"-"】
2023-10-29 01:15:30 ok && -
2023-10-29 01:15:31 CHB 1945697?1698513330 第 1 次 等待 3 秒
2023-10-29 01:15:34 CHB 1945697?1698513330 第 1 次 获取到号码【1945697】GSD
2023-10-29 01:15:34 未获取到号码【1945697】GSD，可能号码格式错误
2023-10-29 01:15:34 获取到号码【1945697】的GSD为【-】
2023-10-29 01:15:41 GSD insert 第 1 次 等待 3 秒
2023-10-29 01:15:44 {"status":"bad","gid":"619950","msg":"添加失败！号码【1945697(-|-)】已存在！"}

2023-10-29 01:32:49 开始第 5789 次操作

2023-10-29 01:32:49 开始操作号码 【1945698】
2023-10-29 01:32:52 GSD getOne 第 1 次 等待 3 秒
2023-10-29 01:32:55 查询号码 【1945698】，返回信息 {"status":"ok","msg":"-","gid":"619944","time_insert":"2023-03-28 12:49"}
2023-10-29 01:32:55 查询号码 【1945698】，GSD为【"-"】
2023-10-29 01:32:55 ok && -
2023-10-29 01:32:57 CHB 1945698?1698514375 第 1 次 等待 3 秒
2023-10-29 01:33:00 CHB 1945698?1698514375 第 1 次 获取到号码【1945698】GSD
2023-10-29 01:33:00 未获取到号码【1945698】GSD，可能号码格式错误
2023-10-29 01:33:00 获取到号码【1945698】的GSD为【-】
2023-10-29 01:33:04 GSD insert 第 1 次 等待 3 秒
2023-10-29 01:33:07 {"status":"bad","gid":"619944","msg":"添加失败！号码【1945698(-|-)】已存在！"}
2023-10-29 01:33:07 随机等待 95 秒，约 1 分钟
2023-10-29 01:33:07 下次操作: 2023-10-29 01:34:42

2023-10-29 01:34:42 开始第 5790 次操作

2023-10-29 01:34:42 开始操作号码 【1945699】
2023-10-29 01:34:45 GSD getOne 第 1 次 等待 3 秒
2023-10-29 01:34:48 查询号码 【1945699】，返回信息 {"status":"ok","msg":"-","gid":"619942","time_insert":"2023-03-28 12:47"}
2023-10-29 01:34:48 查询号码 【1945699】，GSD为【"-"】
2023-10-29 01:34:48 ok && -
2023-10-29 01:34:51 CHB 1945699?1698514488 第 1 次 等待 3 秒
2023-10-29 01:34:54 CHB 1945699?1698514488 第 1 次 获取到号码【1945699】GSD
2023-10-29 01:34:54 未获取到号码【1945699】GSD，可能号码格式错误
2023-10-29 01:34:54 获取到号码【1945699】的GSD为【-】
2023-10-29 01:34:59 GSD insert 第 1 次 等待 3 秒
2023-10-29 01:35:02 {"status":"bad","gid":"619942","msg":"添加失败！号码【1945699(-|-)】已存在！"}
2023-10-29 01:35:02 随机等待 226 秒，约 3 分钟
2023-10-29 01:35:02 下次操作: 2023-10-29 01:38:48

2023-10-29 01:38:48 开始第 5791 次操作

2023-10-29 01:38:48 开始操作号码 【1945700】
2023-10-29 01:39:13 GSD getOne 第 1 次 等待 3 秒
2023-10-29 01:39:16 查询号码 【1945700】，返回信息 {"status":"ok","msg":"-","gid":"619940","time_insert":"2023-03-28 12:46"}
2023-10-29 01:39:16 查询号码 【1945700】，GSD为【"-"】
2023-10-29 01:39:16 ok && -
2023-10-29 01:39:18 CHB 1945700?1698514756 第 1 次 等待 3 秒
2023-10-29 01:39:21 CHB 1945700?1698514756 第 1 次 获取到号码【1945700】GSD
2023-10-29 01:39:22 未获取到号码【1945700】GSD，可能号码格式错误
2023-10-29 01:39:22 获取到号码【1945700】的GSD为【-】
2023-10-29 01:39:26 GSD insert 第 1 次 等待 3 秒
2023-10-29 01:39:29 {"status":"bad","gid":"619940","msg":"添加失败！号码【1945700(-|-)】已存在！"}
2023-10-29 01:39:29 随机等待 156 秒，约 2 分钟
2023-10-29 01:39:29 下次操作: 2023-10-29 01:42:05

2023-10-29 01:42:05 开始第 5792 次操作

2023-10-29 01:42:05 开始操作号码 【1945701】
2023-10-29 01:42:12 GSD getOne 第 1 次 等待 3 秒
2023-10-29 01:42:15 查询号码 【1945701】，返回信息 {"status":"ok","msg":"-","gid":"619935","time_insert":"2023-03-28 12:43"}
2023-10-29 01:42:15 查询号码 【1945701】，GSD为【"-"】
2023-10-29 01:42:15 ok && -
2023-10-29 01:42:17 CHB 1945701?1698514935 第 1 次 等待 3 秒
2023-10-29 01:42:20 CHB 1945701?1698514935 第 1 次 获取到号码【1945701】GSD
2023-10-29 01:42:20 未获取到号码【1945701】GSD，可能号码格式错误
2023-10-29 01:42:20 获取到号码【1945701】的GSD为【-】
2023-10-29 01:42:27 GSD insert 第 1 次 等待 3 秒
2023-10-29 01:42:30 {"status":"bad","gid":"619935","msg":"添加失败！号码【1945701(-|-)】已存在！"}

