2024-10-14 00:26:19 开始第 9089 次操作

2024-10-14 00:26:19 开始操作号码 【1409086】
2024-10-14 00:26:22 GSD getOne 第 1 次 等待 3 秒
2024-10-14 00:26:25 查询号码 【1409086】，返回信息 {"status":"ok","msg":"-","gid":"699175","time_insert":"2023-05-10 07:37"}
2024-10-14 00:26:25 查询号码 【1409086】，GSD为【"-"】
2024-10-14 00:26:25 ok && -
2024-10-14 00:26:27 CHB 1409086?1728836785 第 1 次 等待 3 秒
2024-10-14 00:26:30 CHB 1409086?1728836785 第 1 次 获取到号码【1409086】GSD
2024-10-14 00:26:30 未获取到号码【1409086】GSD，可能号码格式错误
2024-10-14 00:26:30 获取到号码【1409086】的GSD为【-】
2024-10-14 00:26:32 GSD insert 第 1 次 等待 3 秒
2024-10-14 00:26:35 {"status":"bad","gid":"699175","msg":"添加失败！号码【1409086(-|-)】已存在！"}
2024-10-14 00:26:35 随机等待 156 秒，约 2 分钟
2024-10-14 00:26:35 下次操作: 2024-10-14 00:29:11

2024-10-14 00:29:11 开始第 9090 次操作

2024-10-14 00:29:11 开始操作号码 【1409087】
2024-10-14 00:29:13 GSD getOne 第 1 次 等待 3 秒
2024-10-14 00:29:16 查询号码 【1409087】，返回信息 {"status":"ok","msg":"-","gid":"699186","time_insert":"2023-05-10 07:50"}
2024-10-14 00:29:16 查询号码 【1409087】，GSD为【"-"】
2024-10-14 00:29:16 ok && -
2024-10-14 00:29:19 CHB 1409087?1728836956 第 1 次 等待 3 秒
2024-10-14 00:29:22 CHB 1409087?1728836956 第 1 次 获取到号码【1409087】GSD
2024-10-14 00:29:22 未获取到号码【1409087】GSD，可能号码格式错误
2024-10-14 00:29:22 获取到号码【1409087】的GSD为【-】
2024-10-14 00:29:25 GSD insert 第 1 次 等待 3 秒
2024-10-14 00:29:28 {"status":"bad","gid":"699186","msg":"添加失败！号码【1409087(-|-)】已存在！"}
2024-10-14 00:29:28 随机等待 203 秒，约 3 分钟
2024-10-14 00:29:28 下次操作: 2024-10-14 00:32:51

2024-10-14 00:32:51 开始第 9091 次操作

2024-10-14 00:32:51 开始操作号码 【1409088】
2024-10-14 00:32:54 GSD getOne 第 1 次 等待 3 秒
2024-10-14 00:32:57 查询号码 【1409088】，返回信息 {"status":"ok","msg":"-","gid":"699203","time_insert":"2023-05-10 08:12"}
2024-10-14 00:32:57 查询号码 【1409088】，GSD为【"-"】
2024-10-14 00:32:57 ok && -
2024-10-14 00:32:59 CHB 1409088?1728837177 第 1 次 等待 3 秒
2024-10-14 00:33:02 CHB 1409088?1728837177 第 1 次 获取到号码【1409088】GSD
2024-10-14 00:33:02 未获取到号码【1409088】GSD，可能号码格式错误
2024-10-14 00:33:02 获取到号码【1409088】的GSD为【-】
2024-10-14 00:33:04 GSD insert 第 1 次 等待 3 秒
2024-10-14 00:33:07 {"status":"bad","gid":"699203","msg":"添加失败！号码【1409088(-|-)】已存在！"}
2024-10-14 00:33:07 随机等待 166 秒，约 2 分钟
2024-10-14 00:33:07 下次操作: 2024-10-14 00:35:53

2024-10-14 00:35:53 开始第 9092 次操作

2024-10-14 00:35:53 开始操作号码 【1409089】
2024-10-14 00:35:55 GSD getOne 第 1 次 等待 3 秒
2024-10-14 00:35:58 查询号码 【1409089】，返回信息 {"status":"ok","msg":"-","gid":"699214","time_insert":"2023-05-10 08:29"}
2024-10-14 00:35:58 查询号码 【1409089】，GSD为【"-"】
2024-10-14 00:35:58 ok && -
2024-10-14 00:36:00 CHB 1409089?1728837358 第 1 次 等待 3 秒
2024-10-14 00:36:03 CHB 1409089?1728837358 第 1 次 获取到号码【1409089】GSD
2024-10-14 00:36:03 未获取到号码【1409089】GSD，可能号码格式错误
2024-10-14 00:36:03 获取到号码【1409089】的GSD为【-】
2024-10-14 00:36:05 GSD insert 第 1 次 等待 3 秒
2024-10-14 00:36:08 {"status":"bad","gid":"699214","msg":"添加失败！号码【1409089(-|-)】已存在！"}

