2024-08-04 00:11:26 开始第 9821 次操作

2024-08-04 00:11:26 开始操作号码 【1519711】
2024-08-04 00:11:37 GSD getOne 第 1 次 等待 3 秒
2024-08-04 00:11:40 查询号码 【1519711】，返回信息 {"status":"ok","msg":"湖南-岳阳","gid":"368745","time_insert":"2021-07-23 18:45"}
2024-08-04 00:11:40 查询号码 【1519711】，GSD为【"湖南-岳阳"】

2024-08-04 00:11:41 开始第 9822 次操作

2024-08-04 00:11:41 开始操作号码 【1519712】
2024-08-04 00:11:57 GSD getOne 第 1 次 等待 3 秒
2024-08-04 00:12:00 查询号码 【1519712】，返回信息 {"status":"ok","msg":"湖南-岳阳","gid":"368669","time_insert":"2021-07-23 18:36"}
2024-08-04 00:12:00 查询号码 【1519712】，GSD为【"湖南-岳阳"】

2024-08-04 00:12:01 开始第 9823 次操作

2024-08-04 00:12:01 开始操作号码 【1519713】
2024-08-04 00:12:18 GSD getOne 第 1 次 等待 3 秒
2024-08-04 00:12:21 查询号码 【1519713】，返回信息 {"status":"ok","msg":"湖南-岳阳","gid":"368635","time_insert":"2021-07-23 18:26"}
2024-08-04 00:12:21 查询号码 【1519713】，GSD为【"湖南-岳阳"】

2024-08-04 00:12:22 开始第 9824 次操作

2024-08-04 00:12:22 开始操作号码 【1519714】
2024-08-04 00:12:24 GSD getOne 第 1 次 等待 3 秒
2024-08-04 00:12:27 查询号码 【1519714】，返回信息 {"status":"ok","msg":"湖南-岳阳","gid":"368587","time_insert":"2021-07-23 18:16"}
2024-08-04 00:12:27 查询号码 【1519714】，GSD为【"湖南-岳阳"】

