2024-04-29 00:09:54 开始第 6265 次操作

2024-04-29 00:09:54 开始操作号码 【1626165】
2024-04-29 00:10:01 GSD getOne 第 1 次 等待 3 秒
2024-04-29 00:10:04 查询号码 【1626165】，返回信息 {"status":"ok","msg":"辽宁-阜新","gid":"197944","time_insert":"2021-07-05 13:21"}
2024-04-29 00:10:04 查询号码 【1626165】，GSD为【"辽宁-阜新"】

2024-04-29 00:10:05 开始第 6266 次操作

2024-04-29 00:10:05 开始操作号码 【1626166】
2024-04-29 00:10:13 GSD getOne 第 1 次 等待 3 秒
2024-04-29 00:10:16 查询号码 【1626166】，返回信息 {"status":"ok","msg":"辽宁-阜新","gid":"197950","time_insert":"2021-07-05 13:25"}
2024-04-29 00:10:16 查询号码 【1626166】，GSD为【"辽宁-阜新"】

2024-04-29 00:10:17 开始第 6267 次操作

2024-04-29 00:10:17 开始操作号码 【1626167】
2024-04-29 00:10:23 GSD getOne 第 1 次 等待 3 秒
2024-04-29 00:10:26 查询号码 【1626167】，返回信息 {"status":"ok","msg":"辽宁-阜新","gid":"197958","time_insert":"2021-07-05 13:29"}
2024-04-29 00:10:26 查询号码 【1626167】，GSD为【"辽宁-阜新"】

2024-04-29 00:10:27 开始第 6268 次操作

2024-04-29 00:10:27 开始操作号码 【1626168】
2024-04-29 00:10:35 GSD getOne 第 1 次 等待 3 秒
2024-04-29 00:10:38 查询号码 【1626168】，返回信息 {"status":"ok","msg":"辽宁-阜新","gid":"197967","time_insert":"2021-07-05 13:33"}
2024-04-29 00:10:38 查询号码 【1626168】，GSD为【"辽宁-阜新"】

2024-04-29 00:33:37 开始第 6269 次操作

2024-04-29 00:33:37 开始操作号码 【1626169】
2024-04-29 00:33:45 GSD getOne 第 1 次 等待 3 秒
2024-04-29 00:33:48 查询号码 【1626169】，返回信息 {"status":"ok","msg":"辽宁-阜新","gid":"197996","time_insert":"2021-07-05 13:38"}
2024-04-29 00:33:48 查询号码 【1626169】，GSD为【"辽宁-阜新"】

2024-04-29 00:33:49 开始第 6270 次操作

2024-04-29 00:33:49 开始操作号码 【1626170】
2024-04-29 00:33:57 GSD getOne 第 1 次 等待 3 秒
2024-04-29 00:34:00 查询号码 【1626170】，返回信息 {"status":"ok","msg":"辽宁-阜新","gid":"198037","time_insert":"2021-07-05 13:42"}
2024-04-29 00:34:01 查询号码 【1626170】，GSD为【"辽宁-阜新"】

2024-04-29 00:34:02 开始第 6271 次操作

2024-04-29 00:34:02 开始操作号码 【1626171】
2024-04-29 00:34:09 GSD getOne 第 1 次 等待 3 秒
2024-04-29 00:34:12 查询号码 【1626171】，返回信息 {"status":"ok","msg":"辽宁-阜新","gid":"198085","time_insert":"2021-07-05 13:47"}
2024-04-29 00:34:12 查询号码 【1626171】，GSD为【"辽宁-阜新"】

2024-04-29 00:34:13 开始第 6272 次操作

2024-04-29 00:34:13 开始操作号码 【1626172】
2024-04-29 00:34:26 GSD getOne 第 1 次 等待 3 秒
2024-04-29 00:34:29 查询号码 【1626172】，返回信息 {"status":"ok","msg":"辽宁-阜新","gid":"198141","time_insert":"2021-07-05 13:53"}
2024-04-29 00:34:29 查询号码 【1626172】，GSD为【"辽宁-阜新"】

