2024-02-01 00:10:03 开始第 1265 次操作

2024-02-01 00:10:03 开始操作号码 【1731164】
2024-02-01 00:10:07 GSD getOne 第 1 次 等待 3 秒
2024-02-01 00:10:10 查询号码 【1731164】，返回信息 {"status":"ok","msg":"四川-乐山","gid":"28924","time_insert":"2018-05-08 10:03","time_update":"2020-10-28 00:04"}
2024-02-01 00:10:10 查询号码 【1731164】，GSD为【"四川-乐山"】

2024-02-01 00:10:11 开始第 1266 次操作

2024-02-01 00:10:11 开始操作号码 【1731165】
2024-02-01 00:10:16 GSD getOne 第 1 次 等待 3 秒
2024-02-01 00:10:19 查询号码 【1731165】，返回信息 {"status":"ok","msg":"四川-乐山","gid":"144559","time_insert":"2021-06-28 05:54"}
2024-02-01 00:10:19 查询号码 【1731165】，GSD为【"四川-乐山"】

2024-02-01 00:10:20 开始第 1267 次操作

2024-02-01 00:10:20 开始操作号码 【1731166】
2024-02-01 00:10:24 GSD getOne 第 1 次 等待 3 秒
2024-02-01 00:10:27 查询号码 【1731166】，返回信息 {"status":"ok","msg":"四川-乐山","gid":"28925","time_insert":"2020-05-29 10:33","time_update":"2020-10-28 00:07"}
2024-02-01 00:10:27 查询号码 【1731166】，GSD为【"四川-乐山"】

2024-02-01 00:10:28 开始第 1268 次操作

2024-02-01 00:10:28 开始操作号码 【1731167】
2024-02-01 00:10:31 GSD getOne 第 1 次 等待 3 秒
2024-02-01 00:10:34 查询号码 【1731167】，返回信息 {"status":"ok","msg":"四川-乐山","gid":"28926","time_insert":"2018-11-03 16:30","time_update":"2020-10-28 00:11"}
2024-02-01 00:10:34 查询号码 【1731167】，GSD为【"四川-乐山"】

