2024-10-16 00:28:36 开始第 9405 次操作

2024-10-16 00:28:36 开始操作号码 【1409402】
2024-10-16 00:28:39 GSD getOne 第 1 次 等待 3 秒
2024-10-16 00:28:42 查询号码 【1409402】，返回信息 {"status":"ok","msg":"-","gid":"697573","time_insert":"2023-05-08 19:21"}
2024-10-16 00:28:42 查询号码 【1409402】，GSD为【"-"】
2024-10-16 00:28:42 ok && -
2024-10-16 00:30:20 CHB 1409402?1729009722 第 1 次 等待 3 秒
2024-10-16 00:30:23 CHB 1409402?1729009722 第 1 次 获取到号码【1409402】GSD
2024-10-16 00:30:23 未获取到号码【1409402】GSD，可能号码格式错误
2024-10-16 00:30:23 获取到号码【1409402】的GSD为【-】
2024-10-16 00:30:28 GSD insert 第 1 次 等待 3 秒
2024-10-16 00:30:31 {"status":"bad","gid":"697573","msg":"添加失败！号码【1409402(-|-)】已存在！"}
2024-10-16 00:30:31 随机等待 207 秒，约 3 分钟
2024-10-16 00:30:31 下次操作: 2024-10-16 00:33:58

2024-10-16 00:33:58 开始第 9406 次操作

2024-10-16 00:33:58 开始操作号码 【1409403】
2024-10-16 00:34:00 GSD getOne 第 1 次 等待 3 秒
2024-10-16 00:34:03 查询号码 【1409403】，返回信息 {"status":"ok","msg":"-","gid":"697558","time_insert":"2023-05-08 19:01"}
2024-10-16 00:34:03 查询号码 【1409403】，GSD为【"-"】
2024-10-16 00:34:03 ok && -
2024-10-16 00:34:05 CHB 1409403?1729010043 第 1 次 等待 3 秒
2024-10-16 00:34:08 CHB 1409403?1729010043 第 1 次 获取到号码【1409403】GSD
2024-10-16 00:34:08 未获取到号码【1409403】GSD，可能号码格式错误
2024-10-16 00:34:08 获取到号码【1409403】的GSD为【-】
2024-10-16 00:34:10 GSD insert 第 1 次 等待 3 秒
2024-10-16 00:34:13 {"status":"bad","gid":"697558","msg":"添加失败！号码【1409403(-|-)】已存在！"}
2024-10-16 00:34:13 随机等待 137 秒，约 2 分钟
2024-10-16 00:34:13 下次操作: 2024-10-16 00:36:30

2024-10-16 00:36:30 开始第 9407 次操作

2024-10-16 00:36:30 开始操作号码 【1409404】
2024-10-16 00:36:32 GSD getOne 第 1 次 等待 3 秒
2024-10-16 00:36:35 查询号码 【1409404】，返回信息 {"status":"ok","msg":"-","gid":"697550","time_insert":"2023-05-08 18:48"}
2024-10-16 00:36:35 查询号码 【1409404】，GSD为【"-"】
2024-10-16 00:36:35 ok && -
2024-10-16 00:36:37 CHB 1409404?1729010195 第 1 次 等待 3 秒
2024-10-16 00:36:40 CHB 1409404?1729010195 第 1 次 获取到号码【1409404】GSD
2024-10-16 00:36:40 未获取到号码【1409404】GSD，可能号码格式错误
2024-10-16 00:36:40 获取到号码【1409404】的GSD为【-】
2024-10-16 00:36:43 GSD insert 第 1 次 等待 3 秒
2024-10-16 00:36:46 {"status":"bad","gid":"697550","msg":"添加失败！号码【1409404(-|-)】已存在！"}
2024-10-16 00:36:46 随机等待 156 秒，约 2 分钟
2024-10-16 00:36:46 下次操作: 2024-10-16 00:39:22

2024-10-16 00:39:22 开始第 9408 次操作

2024-10-16 00:39:22 开始操作号码 【1409405】
2024-10-16 00:39:25 GSD getOne 第 1 次 等待 3 秒
2024-10-16 00:39:28 查询号码 【1409405】，返回信息 {"status":"ok","msg":"-","gid":"697537","time_insert":"2023-05-08 18:33"}
2024-10-16 00:39:28 查询号码 【1409405】，GSD为【"-"】
2024-10-16 00:39:28 ok && -
2024-10-16 00:39:30 CHB 1409405?1729010368 第 1 次 等待 3 秒
2024-10-16 00:39:33 CHB 1409405?1729010368 第 1 次 获取到号码【1409405】GSD
2024-10-16 00:39:33 未获取到号码【1409405】GSD，可能号码格式错误
2024-10-16 00:39:33 获取到号码【1409405】的GSD为【-】
2024-10-16 00:39:35 GSD insert 第 1 次 等待 3 秒
2024-10-16 00:39:38 {"status":"bad","gid":"697537","msg":"添加失败！号码【1409405(-|-)】已存在！"}

