2023-11-21 00:11:47 开始第 9969 次操作

2023-11-21 00:11:47 开始操作号码 【1949867】
2023-11-21 00:11:50 GSD getOne 第 1 次 等待 3 秒
2023-11-21 00:11:53 查询号码 【1949867】，返回信息 {"status":"ok","msg":"-","gid":"597159","time_insert":"2023-03-17 22:24"}
2023-11-21 00:11:53 查询号码 【1949867】，GSD为【"-"】
2023-11-21 00:11:53 ok && -
2023-11-21 00:11:59 CHB 1949867?1700496713 第 1 次 等待 3 秒
2023-11-21 00:12:02 CHB 1949867?1700496713 第 1 次 获取到号码【1949867】GSD
2023-11-21 00:12:02 未获取到号码【1949867】GSD，可能号码格式错误
2023-11-21 00:12:02 获取到号码【1949867】的GSD为【-】
2023-11-21 00:12:09 GSD insert 第 1 次 等待 3 秒
2023-11-21 00:12:12 {"status":"bad","gid":"597159","msg":"添加失败！号码【1949867(-|-)】已存在！"}
2023-11-21 00:12:12 随机等待 224 秒，约 3 分钟
2023-11-21 00:12:12 下次操作: 2023-11-21 00:15:56

2023-11-21 00:15:56 开始第 9970 次操作

2023-11-21 00:15:56 开始操作号码 【1949868】
2023-11-21 00:16:02 GSD getOne 第 1 次 等待 3 秒
2023-11-21 00:16:05 查询号码 【1949868】，返回信息 {"status":"ok","msg":"-","gid":"597148","time_insert":"2023-03-17 22:17"}
2023-11-21 00:16:05 查询号码 【1949868】，GSD为【"-"】
2023-11-21 00:16:05 ok && -
2023-11-21 00:16:07 CHB 1949868?1700496965 第 1 次 等待 3 秒
2023-11-21 00:16:10 CHB 1949868?1700496965 第 1 次 获取到号码【1949868】GSD
2023-11-21 00:16:10 未获取到号码【1949868】GSD，可能号码格式错误
2023-11-21 00:16:10 获取到号码【1949868】的GSD为【-】
2023-11-21 00:16:14 GSD insert 第 1 次 等待 3 秒
2023-11-21 00:16:17 {"status":"bad","gid":"597148","msg":"添加失败！号码【1949868(-|-)】已存在！"}
2023-11-21 00:16:17 随机等待 220 秒，约 3 分钟
2023-11-21 00:16:17 下次操作: 2023-11-21 00:19:57

2023-11-21 00:19:57 开始第 9971 次操作

2023-11-21 00:19:57 开始操作号码 【1949869】
2023-11-21 00:20:01 GSD getOne 第 1 次 等待 3 秒
2023-11-21 00:20:04 查询号码 【1949869】，返回信息 {"status":"ok","msg":"-","gid":"597141","time_insert":"2023-03-17 22:14"}
2023-11-21 00:20:04 查询号码 【1949869】，GSD为【"-"】
2023-11-21 00:20:04 ok && -
2023-11-21 00:20:06 CHB 1949869?1700497204 第 1 次 等待 3 秒
2023-11-21 00:20:09 CHB 1949869?1700497204 第 1 次 获取到号码【1949869】GSD
2023-11-21 00:20:09 未获取到号码【1949869】GSD，可能号码格式错误
2023-11-21 00:20:09 获取到号码【1949869】的GSD为【-】
2023-11-21 00:20:16 GSD insert 第 1 次 等待 3 秒
2023-11-21 00:20:19 {"status":"bad","gid":"597141","msg":"添加失败！号码【1949869(-|-)】已存在！"}
2023-11-21 00:20:20 随机等待 224 秒，约 3 分钟
2023-11-21 00:20:20 下次操作: 2023-11-21 00:24:04

2023-11-21 00:24:04 开始第 9972 次操作

2023-11-21 00:24:04 开始操作号码 【1949870】
2023-11-21 00:24:11 GSD getOne 第 1 次 等待 3 秒
2023-11-21 00:24:14 查询号码 【1949870】，返回信息 {"status":"ok","msg":"-","gid":"597137","time_insert":"2023-03-17 22:12"}
2023-11-21 00:24:14 查询号码 【1949870】，GSD为【"-"】
2023-11-21 00:24:14 ok && -
2023-11-21 00:24:16 CHB 1949870?1700497454 第 1 次 等待 3 秒
2023-11-21 00:24:19 CHB 1949870?1700497454 第 1 次 获取到号码【1949870】GSD
2023-11-21 00:24:19 未获取到号码【1949870】GSD，可能号码格式错误
2023-11-21 00:24:19 获取到号码【1949870】的GSD为【-】
2023-11-21 00:24:23 GSD insert 第 1 次 等待 3 秒
2023-11-21 00:24:26 {"status":"bad","gid":"597137","msg":"添加失败！号码【1949870(-|-)】已存在！"}

2023-11-21 00:35:46 开始第 9973 次操作

2023-11-21 00:35:46 开始操作号码 【1949871】
2023-11-21 00:35:49 GSD getOne 第 1 次 等待 3 秒
2023-11-21 00:35:52 查询号码 【1949871】，返回信息 {"status":"ok","msg":"-","gid":"597133","time_insert":"2023-03-17 22:09"}
2023-11-21 00:35:52 查询号码 【1949871】，GSD为【"-"】
2023-11-21 00:35:52 ok && -
2023-11-21 00:35:55 CHB 1949871?1700498152 第 1 次 等待 3 秒
2023-11-21 00:35:58 CHB 1949871?1700498152 第 1 次 获取到号码【1949871】GSD
2023-11-21 00:35:58 未获取到号码【1949871】GSD，可能号码格式错误
2023-11-21 00:35:58 获取到号码【1949871】的GSD为【-】
2023-11-21 00:36:23 GSD insert 第 1 次 等待 3 秒
2023-11-21 00:36:26 {"status":"bad","gid":"597133","msg":"添加失败！号码【1949871(-|-)】已存在！"}
2023-11-21 00:36:26 随机等待 220 秒，约 3 分钟
2023-11-21 00:36:26 下次操作: 2023-11-21 00:40:06

2023-11-21 00:40:06 开始第 9974 次操作

2023-11-21 00:40:06 开始操作号码 【1949872】
2023-11-21 00:40:09 GSD getOne 第 1 次 等待 3 秒
2023-11-21 00:40:12 查询号码 【1949872】，返回信息 {"status":"ok","msg":"-","gid":"597123","time_insert":"2023-03-17 22:00"}
2023-11-21 00:40:12 查询号码 【1949872】，GSD为【"-"】
2023-11-21 00:40:12 ok && -
2023-11-21 00:40:15 CHB 1949872?1700498412 第 1 次 等待 3 秒
2023-11-21 00:40:18 CHB 1949872?1700498412 第 1 次 获取到号码【1949872】GSD
2023-11-21 00:40:18 未获取到号码【1949872】GSD，可能号码格式错误
2023-11-21 00:40:18 获取到号码【1949872】的GSD为【-】
2023-11-21 00:40:22 GSD insert 第 1 次 等待 3 秒
2023-11-21 00:40:25 {"status":"bad","gid":"597123","msg":"添加失败！号码【1949872(-|-)】已存在！"}
2023-11-21 00:40:25 随机等待 106 秒，约 1 分钟
2023-11-21 00:40:25 下次操作: 2023-11-21 00:42:11

2023-11-21 00:42:11 开始第 9975 次操作

2023-11-21 00:42:11 开始操作号码 【1949873】
2023-11-21 00:42:15 GSD getOne 第 1 次 等待 3 秒
2023-11-21 00:42:18 查询号码 【1949873】，返回信息 {"status":"ok","msg":"-","gid":"597121","time_insert":"2023-03-17 21:57"}
2023-11-21 00:42:18 查询号码 【1949873】，GSD为【"-"】
2023-11-21 00:42:18 ok && -
2023-11-21 00:42:21 CHB 1949873?1700498538 第 1 次 等待 3 秒
2023-11-21 00:42:24 CHB 1949873?1700498538 第 1 次 获取到号码【1949873】GSD
2023-11-21 00:42:24 未获取到号码【1949873】GSD，可能号码格式错误
2023-11-21 00:42:24 获取到号码【1949873】的GSD为【-】
2023-11-21 00:42:27 GSD insert 第 1 次 等待 3 秒
2023-11-21 00:42:30 {"status":"bad","gid":"597121","msg":"添加失败！号码【1949873(-|-)】已存在！"}
2023-11-21 00:42:30 随机等待 231 秒，约 3 分钟
2023-11-21 00:42:30 下次操作: 2023-11-21 00:46:21

2023-11-21 00:46:21 开始第 9976 次操作

2023-11-21 00:46:21 开始操作号码 【1949874】
2023-11-21 00:46:24 GSD getOne 第 1 次 等待 3 秒
2023-11-21 00:46:27 查询号码 【1949874】，返回信息 {"status":"ok","msg":"-","gid":"597117","time_insert":"2023-03-17 21:56"}
2023-11-21 00:46:27 查询号码 【1949874】，GSD为【"-"】
2023-11-21 00:46:27 ok && -
2023-11-21 00:46:29 CHB 1949874?1700498787 第 1 次 等待 3 秒
2023-11-21 00:46:32 CHB 1949874?1700498787 第 1 次 获取到号码【1949874】GSD
2023-11-21 00:46:32 未获取到号码【1949874】GSD，可能号码格式错误
2023-11-21 00:46:32 获取到号码【1949874】的GSD为【-】
2023-11-21 00:46:35 GSD insert 第 1 次 等待 3 秒
2023-11-21 00:46:38 {"status":"bad","gid":"597117","msg":"添加失败！号码【1949874(-|-)】已存在！"}

2023-11-21 01:06:48 开始第 9977 次操作

2023-11-21 01:06:49 开始操作号码 【1949875】
2023-11-21 01:06:54 GSD getOne 第 1 次 等待 3 秒
2023-11-21 01:06:57 查询号码 【1949875】，返回信息 {"status":"ok","msg":"-","gid":"597111","time_insert":"2023-03-17 21:53"}
2023-11-21 01:06:57 查询号码 【1949875】，GSD为【"-"】
2023-11-21 01:06:57 ok && -
2023-11-21 01:07:00 CHB 1949875?1700500017 第 1 次 等待 3 秒
2023-11-21 01:07:03 CHB 1949875?1700500017 第 1 次 获取到号码【1949875】GSD
2023-11-21 01:07:03 未获取到号码【1949875】GSD，可能号码格式错误
2023-11-21 01:07:03 获取到号码【1949875】的GSD为【-】
2023-11-21 01:07:09 GSD insert 第 1 次 等待 3 秒
2023-11-21 01:07:12 {"status":"bad","gid":"597111","msg":"添加失败！号码【1949875(-|-)】已存在！"}
2023-11-21 01:07:12 随机等待 165 秒，约 2 分钟
2023-11-21 01:07:12 下次操作: 2023-11-21 01:09:57

2023-11-21 01:09:57 开始第 9978 次操作

2023-11-21 01:09:57 开始操作号码 【1949876】
2023-11-21 01:10:00 GSD getOne 第 1 次 等待 3 秒
2023-11-21 01:10:03 查询号码 【1949876】，返回信息 {"status":"ok","msg":"-","gid":"597105","time_insert":"2023-03-17 21:49"}
2023-11-21 01:10:03 查询号码 【1949876】，GSD为【"-"】
2023-11-21 01:10:03 ok && -
2023-11-21 01:10:06 CHB 1949876?1700500203 第 1 次 等待 3 秒
2023-11-21 01:10:09 CHB 1949876?1700500203 第 1 次 获取到号码【1949876】GSD
2023-11-21 01:10:09 未获取到号码【1949876】GSD，可能号码格式错误
2023-11-21 01:10:09 获取到号码【1949876】的GSD为【-】
2023-11-21 01:10:16 GSD insert 第 1 次 等待 3 秒
2023-11-21 01:10:19 {"status":"bad","gid":"597105","msg":"添加失败！号码【1949876(-|-)】已存在！"}
2023-11-21 01:10:19 随机等待 130 秒，约 2 分钟
2023-11-21 01:10:19 下次操作: 2023-11-21 01:12:29

2023-11-21 01:12:29 开始第 9979 次操作

2023-11-21 01:12:29 开始操作号码 【1949877】
2023-11-21 01:12:47 GSD getOne 第 1 次 等待 3 秒
2023-11-21 01:12:50 查询号码 【1949877】，返回信息 {"status":"ok","msg":"-","gid":"597102","time_insert":"2023-03-17 21:47"}
2023-11-21 01:12:50 查询号码 【1949877】，GSD为【"-"】
2023-11-21 01:12:50 ok && -
2023-11-21 01:12:53 CHB 1949877?1700500370 第 1 次 等待 3 秒
2023-11-21 01:12:56 CHB 1949877?1700500370 第 1 次 获取到号码【1949877】GSD
2023-11-21 01:12:56 未获取到号码【1949877】GSD，可能号码格式错误
2023-11-21 01:12:56 获取到号码【1949877】的GSD为【-】
2023-11-21 01:12:59 GSD insert 第 1 次 等待 3 秒
2023-11-21 01:13:02 {"status":"bad","gid":"597102","msg":"添加失败！号码【1949877(-|-)】已存在！"}
2023-11-21 01:13:02 随机等待 157 秒，约 2 分钟
2023-11-21 01:13:02 下次操作: 2023-11-21 01:15:39

2023-11-21 01:15:39 开始第 9980 次操作

2023-11-21 01:15:39 开始操作号码 【1949878】
2023-11-21 01:15:44 GSD getOne 第 1 次 等待 3 秒
2023-11-21 01:15:47 查询号码 【1949878】，返回信息 {"status":"ok","msg":"-","gid":"597101","time_insert":"2023-03-17 21:45"}
2023-11-21 01:15:47 查询号码 【1949878】，GSD为【"-"】
2023-11-21 01:15:47 ok && -
2023-11-21 01:15:50 CHB 1949878?1700500547 第 1 次 等待 3 秒
2023-11-21 01:15:53 CHB 1949878?1700500547 第 1 次 获取到号码【1949878】GSD
2023-11-21 01:15:53 未获取到号码【1949878】GSD，可能号码格式错误
2023-11-21 01:15:53 获取到号码【1949878】的GSD为【-】
2023-11-21 01:15:59 GSD insert 第 1 次 等待 3 秒
2023-11-21 01:16:02 {"status":"bad","gid":"597101","msg":"添加失败！号码【1949878(-|-)】已存在！"}

2023-11-21 01:32:51 开始第 9981 次操作

2023-11-21 01:32:51 开始操作号码 【1949879】
2023-11-21 01:32:54 GSD getOne 第 1 次 等待 3 秒
2023-11-21 01:32:57 查询号码 【1949879】，返回信息 {"status":"ok","msg":"-","gid":"597097","time_insert":"2023-03-17 21:43"}
2023-11-21 01:32:58 查询号码 【1949879】，GSD为【"-"】
2023-11-21 01:32:58 ok && -
2023-11-21 01:33:00 CHB 1949879?1700501578 第 1 次 等待 3 秒
2023-11-21 01:33:03 CHB 1949879?1700501578 第 1 次 获取到号码【1949879】GSD
2023-11-21 01:33:03 未获取到号码【1949879】GSD，可能号码格式错误
2023-11-21 01:33:03 获取到号码【1949879】的GSD为【-】
2023-11-21 01:33:06 GSD insert 第 1 次 等待 3 秒
2023-11-21 01:33:09 {"status":"bad","gid":"597097","msg":"添加失败！号码【1949879(-|-)】已存在！"}
2023-11-21 01:33:09 随机等待 225 秒，约 3 分钟
2023-11-21 01:33:09 下次操作: 2023-11-21 01:36:54

2023-11-21 01:36:54 开始第 9982 次操作

2023-11-21 01:36:54 开始操作号码 【1949880】
2023-11-21 01:37:01 GSD getOne 第 1 次 等待 3 秒
2023-11-21 01:37:04 查询号码 【1949880】，返回信息 {"status":"ok","msg":"-","gid":"597090","time_insert":"2023-03-17 21:39"}
2023-11-21 01:37:04 查询号码 【1949880】，GSD为【"-"】
2023-11-21 01:37:04 ok && -
2023-11-21 01:37:07 CHB 1949880?1700501824 第 1 次 等待 3 秒
2023-11-21 01:37:10 CHB 1949880?1700501824 第 1 次 获取到号码【1949880】GSD
2023-11-21 01:37:10 未获取到号码【1949880】GSD，可能号码格式错误
2023-11-21 01:37:10 获取到号码【1949880】的GSD为【-】
2023-11-21 01:37:13 GSD insert 第 1 次 等待 3 秒
2023-11-21 01:37:16 {"status":"bad","gid":"597090","msg":"添加失败！号码【1949880(-|-)】已存在！"}
2023-11-21 01:37:16 随机等待 174 秒，约 2 分钟
2023-11-21 01:37:16 下次操作: 2023-11-21 01:40:10

2023-11-21 01:40:10 开始第 9983 次操作

2023-11-21 01:40:10 开始操作号码 【1949881】
2023-11-21 01:40:13 GSD getOne 第 1 次 等待 3 秒
2023-11-21 01:40:16 查询号码 【1949881】，返回信息 {"status":"ok","msg":"-","gid":"597085","time_insert":"2023-03-17 21:37"}
2023-11-21 01:40:16 查询号码 【1949881】，GSD为【"-"】
2023-11-21 01:40:16 ok && -
2023-11-21 01:40:19 CHB 1949881?1700502016 第 1 次 等待 3 秒
2023-11-21 01:40:22 CHB 1949881?1700502016 第 1 次 获取到号码【1949881】GSD
2023-11-21 01:40:22 未获取到号码【1949881】GSD，可能号码格式错误
2023-11-21 01:40:22 获取到号码【1949881】的GSD为【-】
2023-11-21 01:40:25 GSD insert 第 1 次 等待 3 秒
2023-11-21 01:40:28 {"status":"bad","gid":"597085","msg":"添加失败！号码【1949881(-|-)】已存在！"}
2023-11-21 01:40:28 随机等待 134 秒，约 2 分钟
2023-11-21 01:40:28 下次操作: 2023-11-21 01:42:42

2023-11-21 01:42:42 开始第 9984 次操作

2023-11-21 01:42:42 开始操作号码 【1949882】
2023-11-21 01:42:45 GSD getOne 第 1 次 等待 3 秒
2023-11-21 01:42:48 查询号码 【1949882】，返回信息 {"status":"ok","msg":"-","gid":"597079","time_insert":"2023-03-17 21:34"}
2023-11-21 01:42:48 查询号码 【1949882】，GSD为【"-"】
2023-11-21 01:42:48 ok && -
2023-11-21 01:42:51 CHB 1949882?1700502168 第 1 次 等待 3 秒
2023-11-21 01:42:54 CHB 1949882?1700502168 第 1 次 获取到号码【1949882】GSD
2023-11-21 01:42:54 未获取到号码【1949882】GSD，可能号码格式错误
2023-11-21 01:42:54 获取到号码【1949882】的GSD为【-】
2023-11-21 01:42:58 GSD insert 第 1 次 等待 3 秒
2023-11-21 01:43:01 {"status":"bad","gid":"597079","msg":"添加失败！号码【1949882(-|-)】已存在！"}

2023-11-21 02:11:25 开始第 9985 次操作

2023-11-21 02:11:25 开始操作号码 【1949883】
2023-11-21 02:11:28 GSD getOne 第 1 次 等待 3 秒
2023-11-21 02:11:31 查询号码 【1949883】，返回信息 {"status":"ok","msg":"-","gid":"597075","time_insert":"2023-03-17 21:31"}
2023-11-21 02:11:31 查询号码 【1949883】，GSD为【"-"】
2023-11-21 02:11:31 ok && -
2023-11-21 02:11:33 CHB 1949883?1700503891 第 1 次 等待 3 秒
2023-11-21 02:11:36 CHB 1949883?1700503891 第 1 次 获取到号码【1949883】GSD
2023-11-21 02:11:36 未获取到号码【1949883】GSD，可能号码格式错误
2023-11-21 02:11:36 获取到号码【1949883】的GSD为【-】
2023-11-21 02:11:39 GSD insert 第 1 次 等待 3 秒
2023-11-21 02:11:42 {"status":"bad","gid":"597075","msg":"添加失败！号码【1949883(-|-)】已存在！"}
2023-11-21 02:11:42 随机等待 146 秒，约 2 分钟
2023-11-21 02:11:42 下次操作: 2023-11-21 02:14:08

2023-11-21 02:14:08 开始第 9986 次操作

2023-11-21 02:14:08 开始操作号码 【1949884】
2023-11-21 02:14:12 GSD getOne 第 1 次 等待 3 秒
2023-11-21 02:14:15 查询号码 【1949884】，返回信息 {"status":"ok","msg":"-","gid":"597059","time_insert":"2023-03-17 21:17"}
2023-11-21 02:14:15 查询号码 【1949884】，GSD为【"-"】
2023-11-21 02:14:15 ok && -
2023-11-21 02:14:17 CHB 1949884?1700504055 第 1 次 等待 3 秒
2023-11-21 02:14:20 CHB 1949884?1700504055 第 1 次 获取到号码【1949884】GSD
2023-11-21 02:14:20 未获取到号码【1949884】GSD，可能号码格式错误
2023-11-21 02:14:20 获取到号码【1949884】的GSD为【-】
2023-11-21 02:14:23 GSD insert 第 1 次 等待 3 秒
2023-11-21 02:14:26 {"status":"bad","gid":"597059","msg":"添加失败！号码【1949884(-|-)】已存在！"}
2023-11-21 02:14:26 随机等待 85 秒，约 1 分钟
2023-11-21 02:14:26 下次操作: 2023-11-21 02:15:51

2023-11-21 02:15:51 开始第 9987 次操作

2023-11-21 02:15:51 开始操作号码 【1949885】
2023-11-21 02:15:55 GSD getOne 第 1 次 等待 3 秒
2023-11-21 02:15:58 查询号码 【1949885】，返回信息 {"status":"ok","msg":"-","gid":"597056","time_insert":"2023-03-17 21:15"}
2023-11-21 02:15:58 查询号码 【1949885】，GSD为【"-"】
2023-11-21 02:15:58 ok && -
2023-11-21 02:16:00 CHB 1949885?1700504158 第 1 次 等待 3 秒
2023-11-21 02:16:03 CHB 1949885?1700504158 第 1 次 获取到号码【1949885】GSD
2023-11-21 02:16:03 未获取到号码【1949885】GSD，可能号码格式错误
2023-11-21 02:16:03 获取到号码【1949885】的GSD为【-】
2023-11-21 02:16:06 GSD insert 第 1 次 等待 3 秒
2023-11-21 02:16:09 {"status":"bad","gid":"597056","msg":"添加失败！号码【1949885(-|-)】已存在！"}
2023-11-21 02:16:09 随机等待 177 秒，约 2 分钟
2023-11-21 02:16:09 下次操作: 2023-11-21 02:19:06

2023-11-21 02:19:06 开始第 9988 次操作

2023-11-21 02:19:06 开始操作号码 【1949886】
2023-11-21 02:19:09 GSD getOne 第 1 次 等待 3 秒
2023-11-21 02:19:12 查询号码 【1949886】，返回信息 {"status":"ok","msg":"-","gid":"597053","time_insert":"2023-03-17 21:13"}
2023-11-21 02:19:12 查询号码 【1949886】，GSD为【"-"】
2023-11-21 02:19:12 ok && -
2023-11-21 02:19:14 CHB 1949886?1700504352 第 1 次 等待 3 秒
2023-11-21 02:19:17 CHB 1949886?1700504352 第 1 次 获取到号码【1949886】GSD
2023-11-21 02:19:17 未获取到号码【1949886】GSD，可能号码格式错误
2023-11-21 02:19:17 获取到号码【1949886】的GSD为【-】
2023-11-21 02:19:20 GSD insert 第 1 次 等待 3 秒
2023-11-21 02:19:23 {"status":"bad","gid":"597053","msg":"添加失败！号码【1949886(-|-)】已存在！"}

2023-11-21 02:35:42 开始第 9989 次操作

2023-11-21 02:35:42 开始操作号码 【1949887】
2023-11-21 02:35:47 GSD getOne 第 1 次 等待 3 秒
2023-11-21 02:35:50 查询号码 【1949887】，返回信息 {"status":"ok","msg":"-","gid":"597050","time_insert":"2023-03-17 21:11"}
2023-11-21 02:35:50 查询号码 【1949887】，GSD为【"-"】
2023-11-21 02:35:50 ok && -
2023-11-21 02:35:52 CHB 1949887?1700505350 第 1 次 等待 3 秒
2023-11-21 02:35:55 CHB 1949887?1700505350 第 1 次 获取到号码【1949887】GSD
2023-11-21 02:35:55 未获取到号码【1949887】GSD，可能号码格式错误
2023-11-21 02:35:55 获取到号码【1949887】的GSD为【-】
2023-11-21 02:35:59 GSD insert 第 1 次 等待 3 秒
2023-11-21 02:36:02 {"status":"bad","gid":"597050","msg":"添加失败！号码【1949887(-|-)】已存在！"}
2023-11-21 02:36:02 随机等待 89 秒，约 1 分钟
2023-11-21 02:36:02 下次操作: 2023-11-21 02:37:31

2023-11-21 02:37:31 开始第 9990 次操作

2023-11-21 02:37:31 开始操作号码 【1949888】
2023-11-21 02:37:34 GSD getOne 第 1 次 等待 3 秒
2023-11-21 02:37:37 查询号码 【1949888】，返回信息 {"status":"ok","msg":"-","gid":"597030","time_insert":"2023-03-17 20:55"}
2023-11-21 02:37:37 查询号码 【1949888】，GSD为【"-"】
2023-11-21 02:37:37 ok && -
2023-11-21 02:37:40 CHB 1949888?1700505457 第 1 次 等待 3 秒
2023-11-21 02:37:43 CHB 1949888?1700505457 第 1 次 获取到号码【1949888】GSD
2023-11-21 02:37:43 未获取到号码【1949888】GSD，可能号码格式错误
2023-11-21 02:37:43 获取到号码【1949888】的GSD为【-】
2023-11-21 02:37:46 GSD insert 第 1 次 等待 3 秒
2023-11-21 02:37:49 {"status":"bad","gid":"597030","msg":"添加失败！号码【1949888(-|-)】已存在！"}
2023-11-21 02:37:49 随机等待 121 秒，约 2 分钟
2023-11-21 02:37:49 下次操作: 2023-11-21 02:39:50

2023-11-21 02:39:50 开始第 9991 次操作

2023-11-21 02:39:50 开始操作号码 【1949889】
2023-11-21 02:39:53 GSD getOne 第 1 次 等待 3 秒
2023-11-21 02:39:56 查询号码 【1949889】，返回信息 {"status":"ok","msg":"-","gid":"597025","time_insert":"2023-03-17 20:54"}
2023-11-21 02:39:56 查询号码 【1949889】，GSD为【"-"】
2023-11-21 02:39:56 ok && -
2023-11-21 02:39:59 CHB 1949889?1700505596 第 1 次 等待 3 秒
2023-11-21 02:40:02 CHB 1949889?1700505596 第 1 次 获取到号码【1949889】GSD
2023-11-21 02:40:02 未获取到号码【1949889】GSD，可能号码格式错误
2023-11-21 02:40:02 获取到号码【1949889】的GSD为【-】
2023-11-21 02:40:05 GSD insert 第 1 次 等待 3 秒
2023-11-21 02:40:08 {"status":"bad","gid":"597025","msg":"添加失败！号码【1949889(-|-)】已存在！"}
2023-11-21 02:40:08 随机等待 125 秒，约 2 分钟
2023-11-21 02:40:08 下次操作: 2023-11-21 02:42:13

2023-11-21 02:42:13 开始第 9992 次操作

2023-11-21 02:42:13 开始操作号码 【1949890】
2023-11-21 02:42:18 GSD getOne 第 1 次 等待 3 秒
2023-11-21 02:42:21 查询号码 【1949890】，返回信息 {"status":"ok","msg":"-","gid":"597023","time_insert":"2023-03-17 20:51"}
2023-11-21 02:42:21 查询号码 【1949890】，GSD为【"-"】
2023-11-21 02:42:21 ok && -
2023-11-21 02:42:23 CHB 1949890?1700505741 第 1 次 等待 3 秒
2023-11-21 02:42:26 CHB 1949890?1700505741 第 1 次 获取到号码【1949890】GSD
2023-11-21 02:42:26 未获取到号码【1949890】GSD，可能号码格式错误
2023-11-21 02:42:26 获取到号码【1949890】的GSD为【-】
2023-11-21 02:42:29 GSD insert 第 1 次 等待 3 秒
2023-11-21 02:42:32 {"status":"bad","gid":"597023","msg":"添加失败！号码【1949890(-|-)】已存在！"}

2023-11-21 03:07:15 开始第 9993 次操作

2023-11-21 03:07:15 开始操作号码 【1949891】
2023-11-21 03:07:18 GSD getOne 第 1 次 等待 3 秒
2023-11-21 03:07:21 查询号码 【1949891】，返回信息 {"status":"ok","msg":"-","gid":"597019","time_insert":"2023-03-17 20:49"}
2023-11-21 03:07:21 查询号码 【1949891】，GSD为【"-"】
2023-11-21 03:07:21 ok && -
2023-11-21 03:07:23 CHB 1949891?1700507241 第 1 次 等待 3 秒
2023-11-21 03:07:26 CHB 1949891?1700507241 第 1 次 获取到号码【1949891】GSD
2023-11-21 03:07:26 未获取到号码【1949891】GSD，可能号码格式错误
2023-11-21 03:07:26 获取到号码【1949891】的GSD为【-】
2023-11-21 03:07:30 GSD insert 第 1 次 等待 3 秒
2023-11-21 03:07:33 {"status":"bad","gid":"597019","msg":"添加失败！号码【1949891(-|-)】已存在！"}
2023-11-21 03:07:33 随机等待 219 秒，约 3 分钟
2023-11-21 03:07:33 下次操作: 2023-11-21 03:11:12

2023-11-21 03:11:12 开始第 9994 次操作

2023-11-21 03:11:12 开始操作号码 【1949892】
2023-11-21 03:11:15 GSD getOne 第 1 次 等待 3 秒
2023-11-21 03:11:18 查询号码 【1949892】，返回信息 {"status":"ok","msg":"-","gid":"596991","time_insert":"2023-03-17 20:24"}
2023-11-21 03:11:18 查询号码 【1949892】，GSD为【"-"】
2023-11-21 03:11:18 ok && -
2023-11-21 03:11:20 CHB 1949892?1700507478 第 1 次 等待 3 秒
2023-11-21 03:11:23 CHB 1949892?1700507478 第 1 次 获取到号码【1949892】GSD
2023-11-21 03:11:23 未获取到号码【1949892】GSD，可能号码格式错误
2023-11-21 03:11:23 获取到号码【1949892】的GSD为【-】
2023-11-21 03:11:27 GSD insert 第 1 次 等待 3 秒
2023-11-21 03:11:30 {"status":"bad","gid":"596991","msg":"添加失败！号码【1949892(-|-)】已存在！"}
2023-11-21 03:11:30 随机等待 116 秒，约 1 分钟
2023-11-21 03:11:30 下次操作: 2023-11-21 03:13:26

2023-11-21 03:13:26 开始第 9995 次操作

2023-11-21 03:13:26 开始操作号码 【1949893】
2023-11-21 03:13:29 GSD getOne 第 1 次 等待 3 秒
2023-11-21 03:13:32 查询号码 【1949893】，返回信息 {"status":"ok","msg":"-","gid":"596988","time_insert":"2023-03-17 20:22"}
2023-11-21 03:13:32 查询号码 【1949893】，GSD为【"-"】
2023-11-21 03:13:32 ok && -
2023-11-21 03:13:34 CHB 1949893?1700507612 第 1 次 等待 3 秒
2023-11-21 03:13:37 CHB 1949893?1700507612 第 1 次 获取到号码【1949893】GSD
2023-11-21 03:13:37 未获取到号码【1949893】GSD，可能号码格式错误
2023-11-21 03:13:37 获取到号码【1949893】的GSD为【-】
2023-11-21 03:13:40 GSD insert 第 1 次 等待 3 秒
2023-11-21 03:13:43 {"status":"bad","gid":"596988","msg":"添加失败！号码【1949893(-|-)】已存在！"}
2023-11-21 03:13:43 随机等待 130 秒，约 2 分钟
2023-11-21 03:13:43 下次操作: 2023-11-21 03:15:53

2023-11-21 03:15:53 开始第 9996 次操作

2023-11-21 03:15:53 开始操作号码 【1949894】
2023-11-21 03:15:56 GSD getOne 第 1 次 等待 3 秒
2023-11-21 03:15:59 查询号码 【1949894】，返回信息 {"status":"ok","msg":"-","gid":"596986","time_insert":"2023-03-17 20:21"}
2023-11-21 03:15:59 查询号码 【1949894】，GSD为【"-"】
2023-11-21 03:15:59 ok && -
2023-11-21 03:16:01 CHB 1949894?1700507759 第 1 次 等待 3 秒
2023-11-21 03:16:04 CHB 1949894?1700507759 第 1 次 获取到号码【1949894】GSD
2023-11-21 03:16:04 未获取到号码【1949894】GSD，可能号码格式错误
2023-11-21 03:16:04 获取到号码【1949894】的GSD为【-】
2023-11-21 03:16:07 GSD insert 第 1 次 等待 3 秒
2023-11-21 03:16:10 {"status":"bad","gid":"596986","msg":"添加失败！号码【1949894(-|-)】已存在！"}

2023-11-21 03:32:58 开始第 9997 次操作

2023-11-21 03:32:58 开始操作号码 【1949895】
2023-11-21 03:33:02 GSD getOne 第 1 次 等待 3 秒
2023-11-21 03:33:05 查询号码 【1949895】，返回信息 {"status":"ok","msg":"-","gid":"596980","time_insert":"2023-03-17 20:18"}
2023-11-21 03:33:05 查询号码 【1949895】，GSD为【"-"】
2023-11-21 03:33:05 ok && -
2023-11-21 03:33:08 CHB 1949895?1700508785 第 1 次 等待 3 秒
2023-11-21 03:33:11 CHB 1949895?1700508785 第 1 次 获取到号码【1949895】GSD
2023-11-21 03:33:11 未获取到号码【1949895】GSD，可能号码格式错误
2023-11-21 03:33:11 获取到号码【1949895】的GSD为【-】
2023-11-21 03:33:15 GSD insert 第 1 次 等待 3 秒
2023-11-21 03:33:18 {"status":"bad","gid":"596980","msg":"添加失败！号码【1949895(-|-)】已存在！"}
2023-11-21 03:33:18 随机等待 143 秒，约 2 分钟
2023-11-21 03:33:18 下次操作: 2023-11-21 03:35:41

2023-11-21 03:35:41 开始第 9998 次操作

2023-11-21 03:35:41 开始操作号码 【1949896】
2023-11-21 03:35:45 GSD getOne 第 1 次 等待 3 秒
2023-11-21 03:35:48 查询号码 【1949896】，返回信息 {"status":"ok","msg":"-","gid":"596960","time_insert":"2023-03-17 20:00"}
2023-11-21 03:35:48 查询号码 【1949896】，GSD为【"-"】
2023-11-21 03:35:48 ok && -
2023-11-21 03:35:51 CHB 1949896?1700508948 第 1 次 等待 3 秒
2023-11-21 03:35:54 CHB 1949896?1700508948 第 1 次 获取到号码【1949896】GSD
2023-11-21 03:35:54 未获取到号码【1949896】GSD，可能号码格式错误
2023-11-21 03:35:54 获取到号码【1949896】的GSD为【-】
2023-11-21 03:35:59 GSD insert 第 1 次 等待 3 秒
2023-11-21 03:36:02 {"status":"bad","gid":"596960","msg":"添加失败！号码【1949896(-|-)】已存在！"}
2023-11-21 03:36:02 随机等待 80 秒，约 1 分钟
2023-11-21 03:36:02 下次操作: 2023-11-21 03:37:22

2023-11-21 03:37:22 开始第 9999 次操作

2023-11-21 03:37:22 开始操作号码 【1949897】
2023-11-21 03:37:26 GSD getOne 第 1 次 等待 3 秒
2023-11-21 03:37:29 查询号码 【1949897】，返回信息 {"status":"ok","msg":"-","gid":"596957","time_insert":"2023-03-17 19:58"}
2023-11-21 03:37:29 查询号码 【1949897】，GSD为【"-"】
2023-11-21 03:37:29 ok && -
2023-11-21 03:37:31 CHB 1949897?1700509049 第 1 次 等待 3 秒
2023-11-21 03:37:34 CHB 1949897?1700509049 第 1 次 获取到号码【1949897】GSD
2023-11-21 03:37:34 未获取到号码【1949897】GSD，可能号码格式错误
2023-11-21 03:37:34 获取到号码【1949897】的GSD为【-】
2023-11-21 03:37:40 GSD insert 第 1 次 等待 3 秒
2023-11-21 03:37:43 {"status":"bad","gid":"596957","msg":"添加失败！号码【1949897(-|-)】已存在！"}
2023-11-21 03:37:43 随机等待 152 秒，约 2 分钟
2023-11-21 03:37:43 下次操作: 2023-11-21 03:40:15

2023-11-21 03:40:15 开始第 10000 次操作

2023-11-21 03:40:15 开始操作号码 【1949898】
2023-11-21 03:40:19 GSD getOne 第 1 次 等待 3 秒
2023-11-21 03:40:22 查询号码 【1949898】，返回信息 {"status":"ok","msg":"-","gid":"596954","time_insert":"2023-03-17 19:55"}
2023-11-21 03:40:22 查询号码 【1949898】，GSD为【"-"】
2023-11-21 03:40:22 ok && -
2023-11-21 03:40:24 CHB 1949898?1700509222 第 1 次 等待 3 秒
2023-11-21 03:40:27 CHB 1949898?1700509222 第 1 次 获取到号码【1949898】GSD
2023-11-21 03:40:28 未获取到号码【1949898】GSD，可能号码格式错误
2023-11-21 03:40:28 获取到号码【1949898】的GSD为【-】
2023-11-21 03:40:31 GSD insert 第 1 次 等待 3 秒
2023-11-21 03:40:34 {"status":"bad","gid":"596954","msg":"添加失败！号码【1949898(-|-)】已存在！"}

2023-11-21 04:33:10 开始第 1 次操作

2023-11-21 04:33:10 开始操作号码 【1949899】
2023-11-21 04:33:14 GSD getOne 第 1 次 等待 3 秒
2023-11-21 04:33:17 查询号码 【1949899】，返回信息 {"status":"ok","msg":"-","gid":"596948","time_insert":"2023-03-17 19:53"}
2023-11-21 04:33:17 查询号码 【1949899】，GSD为【"-"】
2023-11-21 04:33:17 ok && -
2023-11-21 04:33:20 CHB 1949899?1700512397 第 1 次 等待 3 秒
2023-11-21 04:33:23 CHB 1949899?1700512397 第 1 次 获取到号码【1949899】GSD
2023-11-21 04:33:23 未获取到号码【1949899】GSD，可能号码格式错误
2023-11-21 04:33:23 获取到号码【1949899】的GSD为【-】
2023-11-21 04:33:27 GSD insert 第 1 次 等待 3 秒
2023-11-21 04:33:30 {"status":"bad","gid":"596948","msg":"添加失败！号码【1949899(-|-)】已存在！"}
2023-11-21 04:33:30 随机等待 88 秒，约 1 分钟
2023-11-21 04:33:30 下次操作: 2023-11-21 04:34:58

2023-11-21 04:34:58 开始第 2 次操作

2023-11-21 04:34:58 开始操作号码 【1949900】
2023-11-21 04:35:01 GSD getOne 第 1 次 等待 3 秒
2023-11-21 04:35:04 查询号码 【1949900】，返回信息 {"status":"ok","msg":"-","gid":"596946","time_insert":"2023-03-17 19:51"}
2023-11-21 04:35:04 查询号码 【1949900】，GSD为【"-"】
2023-11-21 04:35:04 ok && -
2023-11-21 04:35:08 CHB 1949900?1700512504 第 1 次 等待 3 秒
2023-11-21 04:35:11 CHB 1949900?1700512504 第 1 次 获取到号码【1949900】GSD
2023-11-21 04:35:11 未获取到号码【1949900】GSD，可能号码格式错误
2023-11-21 04:35:11 获取到号码【1949900】的GSD为【-】
2023-11-21 04:35:14 GSD insert 第 1 次 等待 3 秒
2023-11-21 04:35:17 {"status":"bad","gid":"596946","msg":"添加失败！号码【1949900(-|-)】已存在！"}
2023-11-21 04:35:17 随机等待 193 秒，约 3 分钟
2023-11-21 04:35:17 下次操作: 2023-11-21 04:38:30

2023-11-21 04:38:30 开始第 3 次操作

2023-11-21 04:38:30 开始操作号码 【1949901】
2023-11-21 04:38:34 GSD getOne 第 1 次 等待 3 秒
2023-11-21 04:38:37 查询号码 【1949901】，返回信息 {"status":"ok","msg":"-","gid":"596941","time_insert":"2023-03-17 19:48"}
2023-11-21 04:38:37 查询号码 【1949901】，GSD为【"-"】
2023-11-21 04:38:37 ok && -
2023-11-21 04:38:40 CHB 1949901?1700512717 第 1 次 等待 3 秒
2023-11-21 04:38:43 CHB 1949901?1700512717 第 1 次 获取到号码【1949901】GSD
2023-11-21 04:38:43 未获取到号码【1949901】GSD，可能号码格式错误
2023-11-21 04:38:43 获取到号码【1949901】的GSD为【-】
2023-11-21 04:38:47 GSD insert 第 1 次 等待 3 秒
2023-11-21 04:38:50 {"status":"bad","gid":"596941","msg":"添加失败！号码【1949901(-|-)】已存在！"}
2023-11-21 04:38:50 随机等待 170 秒，约 2 分钟
2023-11-21 04:38:50 下次操作: 2023-11-21 04:41:40

2023-11-21 04:41:40 开始第 4 次操作

2023-11-21 04:41:40 开始操作号码 【1949902】
2023-11-21 04:41:43 GSD getOne 第 1 次 等待 3 秒
2023-11-21 04:41:46 查询号码 【1949902】，返回信息 {"status":"ok","msg":"-","gid":"596934","time_insert":"2023-03-17 19:46"}
2023-11-21 04:41:46 查询号码 【1949902】，GSD为【"-"】
2023-11-21 04:41:46 ok && -
2023-11-21 04:41:49 CHB 1949902?1700512906 第 1 次 等待 3 秒
2023-11-21 04:41:52 CHB 1949902?1700512906 第 1 次 获取到号码【1949902】GSD
2023-11-21 04:41:52 未获取到号码【1949902】GSD，可能号码格式错误
2023-11-21 04:41:52 获取到号码【1949902】的GSD为【-】
2023-11-21 04:41:55 GSD insert 第 1 次 等待 3 秒
2023-11-21 04:41:58 {"status":"bad","gid":"596934","msg":"添加失败！号码【1949902(-|-)】已存在！"}

2023-11-21 05:08:03 开始第 5 次操作

2023-11-21 05:08:03 开始操作号码 【1949903】
2023-11-21 05:08:06 GSD getOne 第 1 次 等待 3 秒
2023-11-21 05:08:10 查询号码 【1949903】，返回信息 {"status":"ok","msg":"-","gid":"596930","time_insert":"2023-03-17 19:43"}
2023-11-21 05:08:10 查询号码 【1949903】，GSD为【"-"】
2023-11-21 05:08:10 ok && -
2023-11-21 05:08:12 CHB 1949903?1700514490 第 1 次 等待 3 秒
2023-11-21 05:08:15 CHB 1949903?1700514490 第 1 次 获取到号码【1949903】GSD
2023-11-21 05:08:15 未获取到号码【1949903】GSD，可能号码格式错误
2023-11-21 05:08:15 获取到号码【1949903】的GSD为【-】
2023-11-21 05:08:18 GSD insert 第 1 次 等待 3 秒
2023-11-21 05:08:21 {"status":"bad","gid":"596930","msg":"添加失败！号码【1949903(-|-)】已存在！"}
2023-11-21 05:08:21 随机等待 140 秒，约 2 分钟
2023-11-21 05:08:21 下次操作: 2023-11-21 05:10:41

2023-11-21 05:10:41 开始第 6 次操作

2023-11-21 05:10:41 开始操作号码 【1949904】
2023-11-21 05:10:45 GSD getOne 第 1 次 等待 3 秒
2023-11-21 05:10:48 查询号码 【1949904】，返回信息 {"status":"ok","msg":"-","gid":"596924","time_insert":"2023-03-17 19:39"}
2023-11-21 05:10:48 查询号码 【1949904】，GSD为【"-"】
2023-11-21 05:10:48 ok && -
2023-11-21 05:10:50 CHB 1949904?1700514648 第 1 次 等待 3 秒
2023-11-21 05:10:53 CHB 1949904?1700514648 第 1 次 获取到号码【1949904】GSD
2023-11-21 05:10:53 未获取到号码【1949904】GSD，可能号码格式错误
2023-11-21 05:10:53 获取到号码【1949904】的GSD为【-】
2023-11-21 05:10:57 GSD insert 第 1 次 等待 3 秒
2023-11-21 05:11:00 {"status":"bad","gid":"596924","msg":"添加失败！号码【1949904(-|-)】已存在！"}
2023-11-21 05:11:00 随机等待 189 秒，约 3 分钟
2023-11-21 05:11:00 下次操作: 2023-11-21 05:14:09

2023-11-21 05:14:09 开始第 7 次操作

2023-11-21 05:14:09 开始操作号码 【1949905】
2023-11-21 05:14:12 GSD getOne 第 1 次 等待 3 秒
2023-11-21 05:14:15 查询号码 【1949905】，返回信息 {"status":"ok","msg":"-","gid":"596923","time_insert":"2023-03-17 19:37"}
2023-11-21 05:14:15 查询号码 【1949905】，GSD为【"-"】
2023-11-21 05:14:15 ok && -
2023-11-21 05:14:18 CHB 1949905?1700514855 第 1 次 等待 3 秒
2023-11-21 05:14:21 CHB 1949905?1700514855 第 1 次 获取到号码【1949905】GSD
2023-11-21 05:14:21 未获取到号码【1949905】GSD，可能号码格式错误
2023-11-21 05:14:21 获取到号码【1949905】的GSD为【-】
2023-11-21 05:14:25 GSD insert 第 1 次 等待 3 秒
2023-11-21 05:14:28 {"status":"bad","gid":"596923","msg":"添加失败！号码【1949905(-|-)】已存在！"}
2023-11-21 05:14:28 随机等待 176 秒，约 2 分钟
2023-11-21 05:14:28 下次操作: 2023-11-21 05:17:24

2023-11-21 05:17:24 开始第 8 次操作

2023-11-21 05:17:24 开始操作号码 【1949906】
2023-11-21 05:17:27 GSD getOne 第 1 次 等待 3 秒
2023-11-21 05:17:30 查询号码 【1949906】，返回信息 {"status":"ok","msg":"-","gid":"596920","time_insert":"2023-03-17 19:36"}
2023-11-21 05:17:30 查询号码 【1949906】，GSD为【"-"】
2023-11-21 05:17:30 ok && -
2023-11-21 05:17:33 CHB 1949906?1700515050 第 1 次 等待 3 秒
2023-11-21 05:17:36 CHB 1949906?1700515050 第 1 次 获取到号码【1949906】GSD
2023-11-21 05:17:36 未获取到号码【1949906】GSD，可能号码格式错误
2023-11-21 05:17:36 获取到号码【1949906】的GSD为【-】
2023-11-21 05:17:40 GSD insert 第 1 次 等待 3 秒
2023-11-21 05:17:43 {"status":"bad","gid":"596920","msg":"添加失败！号码【1949906(-|-)】已存在！"}

2023-11-21 05:33:07 开始第 9 次操作

2023-11-21 05:33:07 开始操作号码 【1949907】
2023-11-21 05:33:11 GSD getOne 第 1 次 等待 3 秒
2023-11-21 05:33:14 查询号码 【1949907】，返回信息 {"status":"ok","msg":"-","gid":"596913","time_insert":"2023-03-17 19:33"}
2023-11-21 05:33:14 查询号码 【1949907】，GSD为【"-"】
2023-11-21 05:33:14 ok && -
2023-11-21 05:33:17 CHB 1949907?1700515994 第 1 次 等待 3 秒
2023-11-21 05:33:20 CHB 1949907?1700515994 第 1 次 获取到号码【1949907】GSD
2023-11-21 05:33:20 未获取到号码【1949907】GSD，可能号码格式错误
2023-11-21 05:33:20 获取到号码【1949907】的GSD为【-】
2023-11-21 05:33:23 GSD insert 第 1 次 等待 3 秒
2023-11-21 05:33:26 {"status":"bad","gid":"596913","msg":"添加失败！号码【1949907(-|-)】已存在！"}
2023-11-21 05:33:26 随机等待 99 秒，约 1 分钟
2023-11-21 05:33:26 下次操作: 2023-11-21 05:35:05

2023-11-21 05:35:05 开始第 10 次操作

2023-11-21 05:35:05 开始操作号码 【1949908】
2023-11-21 05:35:08 GSD getOne 第 1 次 等待 3 秒
2023-11-21 05:35:11 查询号码 【1949908】，返回信息 {"status":"ok","msg":"-","gid":"596903","time_insert":"2023-03-17 19:26"}
2023-11-21 05:35:11 查询号码 【1949908】，GSD为【"-"】
2023-11-21 05:35:11 ok && -
2023-11-21 05:35:13 CHB 1949908?1700516111 第 1 次 等待 3 秒
2023-11-21 05:35:16 CHB 1949908?1700516111 第 1 次 获取到号码【1949908】GSD
2023-11-21 05:35:16 未获取到号码【1949908】GSD，可能号码格式错误
2023-11-21 05:35:16 获取到号码【1949908】的GSD为【-】
2023-11-21 05:35:19 GSD insert 第 1 次 等待 3 秒
2023-11-21 05:35:22 {"status":"bad","gid":"596903","msg":"添加失败！号码【1949908(-|-)】已存在！"}
2023-11-21 05:35:22 随机等待 189 秒，约 3 分钟
2023-11-21 05:35:22 下次操作: 2023-11-21 05:38:31

2023-11-21 05:38:31 开始第 11 次操作

2023-11-21 05:38:31 开始操作号码 【1949909】
2023-11-21 05:38:34 GSD getOne 第 1 次 等待 3 秒
2023-11-21 05:38:37 查询号码 【1949909】，返回信息 {"status":"ok","msg":"-","gid":"596899","time_insert":"2023-03-17 19:25"}
2023-11-21 05:38:37 查询号码 【1949909】，GSD为【"-"】
2023-11-21 05:38:37 ok && -
2023-11-21 05:38:38 CHB 1949909?1700516317 第 1 次 等待 3 秒
2023-11-21 05:38:41 CHB 1949909?1700516317 第 1 次 获取到号码【1949909】GSD
2023-11-21 05:38:42 未获取到号码【1949909】GSD，可能号码格式错误
2023-11-21 05:38:42 获取到号码【1949909】的GSD为【-】
2023-11-21 05:38:45 GSD insert 第 1 次 等待 3 秒
2023-11-21 05:38:48 {"status":"bad","gid":"596899","msg":"添加失败！号码【1949909(-|-)】已存在！"}
2023-11-21 05:38:48 随机等待 181 秒，约 3 分钟
2023-11-21 05:38:48 下次操作: 2023-11-21 05:41:49

2023-11-21 05:41:49 开始第 12 次操作

2023-11-21 05:41:49 开始操作号码 【1949910】
2023-11-21 05:41:52 GSD getOne 第 1 次 等待 3 秒
2023-11-21 05:41:55 查询号码 【1949910】，返回信息 {"status":"ok","msg":"-","gid":"596896","time_insert":"2023-03-17 19:22"}
2023-11-21 05:41:55 查询号码 【1949910】，GSD为【"-"】
2023-11-21 05:41:55 ok && -
2023-11-21 05:41:56 CHB 1949910?1700516515 第 1 次 等待 3 秒
2023-11-21 05:41:59 CHB 1949910?1700516515 第 1 次 获取到号码【1949910】GSD
2023-11-21 05:41:59 未获取到号码【1949910】GSD，可能号码格式错误
2023-11-21 05:41:59 获取到号码【1949910】的GSD为【-】
2023-11-21 05:42:02 GSD insert 第 1 次 等待 3 秒
2023-11-21 05:42:05 {"status":"bad","gid":"596896","msg":"添加失败！号码【1949910(-|-)】已存在！"}

2023-11-21 06:08:32 开始第 13 次操作

2023-11-21 06:08:32 开始操作号码 【1949911】
2023-11-21 06:08:35 GSD getOne 第 1 次 等待 3 秒
2023-11-21 06:08:38 查询号码 【1949911】，返回信息 {"status":"ok","msg":"-","gid":"596894","time_insert":"2023-03-17 19:20"}
2023-11-21 06:08:38 查询号码 【1949911】，GSD为【"-"】
2023-11-21 06:08:38 ok && -
2023-11-21 06:08:40 CHB 1949911?1700518118 第 1 次 等待 3 秒
2023-11-21 06:08:43 CHB 1949911?1700518118 第 1 次 获取到号码【1949911】GSD
2023-11-21 06:08:43 未获取到号码【1949911】GSD，可能号码格式错误
2023-11-21 06:08:43 获取到号码【1949911】的GSD为【-】
2023-11-21 06:08:46 GSD insert 第 1 次 等待 3 秒
2023-11-21 06:08:49 {"status":"bad","gid":"596894","msg":"添加失败！号码【1949911(-|-)】已存在！"}
2023-11-21 06:08:49 随机等待 134 秒，约 2 分钟
2023-11-21 06:08:49 下次操作: 2023-11-21 06:11:03

2023-11-21 06:11:03 开始第 14 次操作

2023-11-21 06:11:03 开始操作号码 【1949912】
2023-11-21 06:11:06 GSD getOne 第 1 次 等待 3 秒
2023-11-21 06:11:09 查询号码 【1949912】，返回信息 {"status":"ok","msg":"-","gid":"596888","time_insert":"2023-03-17 19:16"}
2023-11-21 06:11:09 查询号码 【1949912】，GSD为【"-"】
2023-11-21 06:11:09 ok && -
2023-11-21 06:11:11 CHB 1949912?1700518269 第 1 次 等待 3 秒
2023-11-21 06:11:14 CHB 1949912?1700518269 第 1 次 获取到号码【1949912】GSD
2023-11-21 06:11:14 未获取到号码【1949912】GSD，可能号码格式错误
2023-11-21 06:11:14 获取到号码【1949912】的GSD为【-】
2023-11-21 06:11:17 GSD insert 第 1 次 等待 3 秒
2023-11-21 06:11:20 {"status":"bad","gid":"596888","msg":"添加失败！号码【1949912(-|-)】已存在！"}
2023-11-21 06:11:20 随机等待 164 秒，约 2 分钟
2023-11-21 06:11:20 下次操作: 2023-11-21 06:14:04

2023-11-21 06:14:04 开始第 15 次操作

2023-11-21 06:14:04 开始操作号码 【1949913】
2023-11-21 06:14:08 GSD getOne 第 1 次 等待 3 秒
2023-11-21 06:14:11 查询号码 【1949913】，返回信息 {"status":"ok","msg":"-","gid":"596880","time_insert":"2023-03-17 19:13"}
2023-11-21 06:14:11 查询号码 【1949913】，GSD为【"-"】
2023-11-21 06:14:11 ok && -
2023-11-21 06:14:13 CHB 1949913?1700518451 第 1 次 等待 3 秒
2023-11-21 06:14:16 CHB 1949913?1700518451 第 1 次 获取到号码【1949913】GSD
2023-11-21 06:14:16 未获取到号码【1949913】GSD，可能号码格式错误
2023-11-21 06:14:16 获取到号码【1949913】的GSD为【-】
2023-11-21 06:14:19 GSD insert 第 1 次 等待 3 秒
2023-11-21 06:14:22 {"status":"bad","gid":"596880","msg":"添加失败！号码【1949913(-|-)】已存在！"}
2023-11-21 06:14:22 随机等待 74 秒，约 1 分钟
2023-11-21 06:14:22 下次操作: 2023-11-21 06:15:36

2023-11-21 06:15:36 开始第 16 次操作

2023-11-21 06:15:36 开始操作号码 【1949914】
2023-11-21 06:15:39 GSD getOne 第 1 次 等待 3 秒
2023-11-21 06:15:42 查询号码 【1949914】，返回信息 {"status":"ok","msg":"-","gid":"596878","time_insert":"2023-03-17 19:10"}
2023-11-21 06:15:43 查询号码 【1949914】，GSD为【"-"】
2023-11-21 06:15:43 ok && -
2023-11-21 06:15:45 CHB 1949914?1700518543 第 1 次 等待 3 秒
2023-11-21 06:15:48 CHB 1949914?1700518543 第 1 次 获取到号码【1949914】GSD
2023-11-21 06:15:48 未获取到号码【1949914】GSD，可能号码格式错误
2023-11-21 06:15:48 获取到号码【1949914】的GSD为【-】
2023-11-21 06:15:52 GSD insert 第 1 次 等待 3 秒
2023-11-21 06:15:55 {"status":"bad","gid":"596878","msg":"添加失败！号码【1949914(-|-)】已存在！"}

2023-11-21 06:34:14 开始第 17 次操作

2023-11-21 06:34:14 开始操作号码 【1949915】
2023-11-21 06:34:18 GSD getOne 第 1 次 等待 3 秒
2023-11-21 06:34:21 查询号码 【1949915】，返回信息 {"status":"ok","msg":"-","gid":"596874","time_insert":"2023-03-17 19:08"}
2023-11-21 06:34:21 查询号码 【1949915】，GSD为【"-"】
2023-11-21 06:34:21 ok && -
2023-11-21 06:34:23 CHB 1949915?1700519661 第 1 次 等待 3 秒
2023-11-21 06:34:26 CHB 1949915?1700519661 第 1 次 获取到号码【1949915】GSD
2023-11-21 06:34:26 未获取到号码【1949915】GSD，可能号码格式错误
2023-11-21 06:34:26 获取到号码【1949915】的GSD为【-】
2023-11-21 06:34:29 GSD insert 第 1 次 等待 3 秒
2023-11-21 06:34:32 {"status":"bad","gid":"596874","msg":"添加失败！号码【1949915(-|-)】已存在！"}
2023-11-21 06:34:32 随机等待 102 秒，约 1 分钟
2023-11-21 06:34:32 下次操作: 2023-11-21 06:36:14

2023-11-21 06:36:14 开始第 18 次操作

2023-11-21 06:36:14 开始操作号码 【1949916】
2023-11-21 06:36:17 GSD getOne 第 1 次 等待 3 秒
2023-11-21 06:36:20 查询号码 【1949916】，返回信息 {"status":"ok","msg":"-","gid":"596866","time_insert":"2023-03-17 18:59"}
2023-11-21 06:36:20 查询号码 【1949916】，GSD为【"-"】
2023-11-21 06:36:20 ok && -
2023-11-21 06:36:22 CHB 1949916?1700519780 第 1 次 等待 3 秒
2023-11-21 06:36:25 CHB 1949916?1700519780 第 1 次 获取到号码【1949916】GSD
2023-11-21 06:36:26 未获取到号码【1949916】GSD，可能号码格式错误
2023-11-21 06:36:26 获取到号码【1949916】的GSD为【-】
2023-11-21 06:36:29 GSD insert 第 1 次 等待 3 秒
2023-11-21 06:36:32 {"status":"bad","gid":"596866","msg":"添加失败！号码【1949916(-|-)】已存在！"}
2023-11-21 06:36:32 随机等待 140 秒，约 2 分钟
2023-11-21 06:36:32 下次操作: 2023-11-21 06:38:52

2023-11-21 06:38:52 开始第 19 次操作

2023-11-21 06:38:52 开始操作号码 【1949917】
2023-11-21 06:38:55 GSD getOne 第 1 次 等待 3 秒
2023-11-21 06:38:58 查询号码 【1949917】，返回信息 {"status":"ok","msg":"-","gid":"596861","time_insert":"2023-03-17 18:57"}
2023-11-21 06:38:58 查询号码 【1949917】，GSD为【"-"】
2023-11-21 06:38:58 ok && -
2023-11-21 06:39:00 CHB 1949917?1700519938 第 1 次 等待 3 秒
2023-11-21 06:39:03 CHB 1949917?1700519938 第 1 次 获取到号码【1949917】GSD
2023-11-21 06:39:03 未获取到号码【1949917】GSD，可能号码格式错误
2023-11-21 06:39:03 获取到号码【1949917】的GSD为【-】
2023-11-21 06:39:06 GSD insert 第 1 次 等待 3 秒
2023-11-21 06:39:09 {"status":"bad","gid":"596861","msg":"添加失败！号码【1949917(-|-)】已存在！"}
2023-11-21 06:39:09 随机等待 99 秒，约 1 分钟
2023-11-21 06:39:09 下次操作: 2023-11-21 06:40:48

2023-11-21 06:40:48 开始第 20 次操作

2023-11-21 06:40:48 开始操作号码 【1949918】
2023-11-21 06:40:51 GSD getOne 第 1 次 等待 3 秒
2023-11-21 06:40:54 查询号码 【1949918】，返回信息 {"status":"ok","msg":"-","gid":"596854","time_insert":"2023-03-17 18:55"}
2023-11-21 06:40:54 查询号码 【1949918】，GSD为【"-"】
2023-11-21 06:40:54 ok && -
2023-11-21 06:40:57 CHB 1949918?1700520054 第 1 次 等待 3 秒
2023-11-21 06:41:00 CHB 1949918?1700520054 第 1 次 获取到号码【1949918】GSD
2023-11-21 06:41:00 未获取到号码【1949918】GSD，可能号码格式错误
2023-11-21 06:41:00 获取到号码【1949918】的GSD为【-】
2023-11-21 06:41:03 GSD insert 第 1 次 等待 3 秒
2023-11-21 06:41:06 {"status":"bad","gid":"596854","msg":"添加失败！号码【1949918(-|-)】已存在！"}

2023-11-21 07:08:51 开始第 21 次操作

2023-11-21 07:08:51 开始操作号码 【1949919】
2023-11-21 07:08:54 GSD getOne 第 1 次 等待 3 秒
2023-11-21 07:08:57 查询号码 【1949919】，返回信息 {"status":"ok","msg":"-","gid":"596850","time_insert":"2023-03-17 18:53"}
2023-11-21 07:08:57 查询号码 【1949919】，GSD为【"-"】
2023-11-21 07:08:57 ok && -
2023-11-21 07:08:59 CHB 1949919?1700521737 第 1 次 等待 3 秒
2023-11-21 07:09:02 CHB 1949919?1700521737 第 1 次 获取到号码【1949919】GSD
2023-11-21 07:09:02 未获取到号码【1949919】GSD，可能号码格式错误
2023-11-21 07:09:02 获取到号码【1949919】的GSD为【-】
2023-11-21 07:09:05 GSD insert 第 1 次 等待 3 秒
2023-11-21 07:09:08 {"status":"bad","gid":"596850","msg":"添加失败！号码【1949919(-|-)】已存在！"}
2023-11-21 07:09:08 随机等待 81 秒，约 1 分钟
2023-11-21 07:09:08 下次操作: 2023-11-21 07:10:29

2023-11-21 07:10:29 开始第 22 次操作

2023-11-21 07:10:29 开始操作号码 【1949920】
2023-11-21 07:10:33 GSD getOne 第 1 次 等待 3 秒
2023-11-21 07:10:36 查询号码 【1949920】，返回信息 {"status":"ok","msg":"-","gid":"596845","time_insert":"2023-03-17 18:49"}
2023-11-21 07:10:36 查询号码 【1949920】，GSD为【"-"】
2023-11-21 07:10:36 ok && -
2023-11-21 07:10:38 CHB 1949920?1700521836 第 1 次 等待 3 秒
2023-11-21 07:10:41 CHB 1949920?1700521836 第 1 次 获取到号码【1949920】GSD
2023-11-21 07:10:41 未获取到号码【1949920】GSD，可能号码格式错误
2023-11-21 07:10:41 获取到号码【1949920】的GSD为【-】
2023-11-21 07:10:44 GSD insert 第 1 次 等待 3 秒
2023-11-21 07:10:47 {"status":"bad","gid":"596845","msg":"添加失败！号码【1949920(-|-)】已存在！"}
2023-11-21 07:10:47 随机等待 94 秒，约 1 分钟
2023-11-21 07:10:47 下次操作: 2023-11-21 07:12:21

2023-11-21 07:12:21 开始第 23 次操作

2023-11-21 07:12:21 开始操作号码 【1949921】
2023-11-21 07:12:24 GSD getOne 第 1 次 等待 3 秒
2023-11-21 07:12:27 查询号码 【1949921】，返回信息 {"status":"ok","msg":"-","gid":"596841","time_insert":"2023-03-17 18:47"}
2023-11-21 07:12:27 查询号码 【1949921】，GSD为【"-"】
2023-11-21 07:12:27 ok && -
2023-11-21 07:12:30 CHB 1949921?1700521947 第 1 次 等待 3 秒
2023-11-21 07:12:33 CHB 1949921?1700521947 第 1 次 获取到号码【1949921】GSD
2023-11-21 07:12:33 未获取到号码【1949921】GSD，可能号码格式错误
2023-11-21 07:12:33 获取到号码【1949921】的GSD为【-】
2023-11-21 07:12:36 GSD insert 第 1 次 等待 3 秒
2023-11-21 07:12:39 {"status":"bad","gid":"596841","msg":"添加失败！号码【1949921(-|-)】已存在！"}
2023-11-21 07:12:39 随机等待 212 秒，约 3 分钟
2023-11-21 07:12:39 下次操作: 2023-11-21 07:16:11

2023-11-21 07:16:11 开始第 24 次操作

2023-11-21 07:16:11 开始操作号码 【1949922】
2023-11-21 07:16:14 GSD getOne 第 1 次 等待 3 秒
2023-11-21 07:16:17 查询号码 【1949922】，返回信息 {"status":"ok","msg":"-","gid":"596836","time_insert":"2023-03-17 18:45"}
2023-11-21 07:16:17 查询号码 【1949922】，GSD为【"-"】
2023-11-21 07:16:17 ok && -
2023-11-21 07:16:19 CHB 1949922?1700522177 第 1 次 等待 3 秒
2023-11-21 07:16:22 CHB 1949922?1700522177 第 1 次 获取到号码【1949922】GSD
2023-11-21 07:16:22 未获取到号码【1949922】GSD，可能号码格式错误
2023-11-21 07:16:22 获取到号码【1949922】的GSD为【-】
2023-11-21 07:16:25 GSD insert 第 1 次 等待 3 秒
2023-11-21 07:16:28 {"status":"bad","gid":"596836","msg":"添加失败！号码【1949922(-|-)】已存在！"}

2023-11-21 07:33:22 开始第 25 次操作

2023-11-21 07:33:22 开始操作号码 【1949923】
2023-11-21 07:33:25 GSD getOne 第 1 次 等待 3 秒
2023-11-21 07:33:28 查询号码 【1949923】，返回信息 {"status":"ok","msg":"-","gid":"596833","time_insert":"2023-03-17 18:43"}
2023-11-21 07:33:28 查询号码 【1949923】，GSD为【"-"】
2023-11-21 07:33:28 ok && -
2023-11-21 07:33:31 CHB 1949923?1700523208 第 1 次 等待 3 秒
2023-11-21 07:33:34 CHB 1949923?1700523208 第 1 次 获取到号码【1949923】GSD
2023-11-21 07:33:34 未获取到号码【1949923】GSD，可能号码格式错误
2023-11-21 07:33:34 获取到号码【1949923】的GSD为【-】
2023-11-21 07:33:38 GSD insert 第 1 次 等待 3 秒
2023-11-21 07:33:41 {"status":"bad","gid":"596833","msg":"添加失败！号码【1949923(-|-)】已存在！"}
2023-11-21 07:33:41 随机等待 148 秒，约 2 分钟
2023-11-21 07:33:41 下次操作: 2023-11-21 07:36:09

2023-11-21 07:36:09 开始第 26 次操作

2023-11-21 07:36:09 开始操作号码 【1949924】
2023-11-21 07:36:12 GSD getOne 第 1 次 等待 3 秒
2023-11-21 07:36:15 查询号码 【1949924】，返回信息 {"status":"ok","msg":"-","gid":"596827","time_insert":"2023-03-17 18:37"}
2023-11-21 07:36:16 查询号码 【1949924】，GSD为【"-"】
2023-11-21 07:36:16 ok && -
2023-11-21 07:36:18 CHB 1949924?1700523376 第 1 次 等待 3 秒
2023-11-21 07:36:21 CHB 1949924?1700523376 第 1 次 获取到号码【1949924】GSD
2023-11-21 07:36:21 未获取到号码【1949924】GSD，可能号码格式错误
2023-11-21 07:36:21 获取到号码【1949924】的GSD为【-】
2023-11-21 07:36:25 GSD insert 第 1 次 等待 3 秒
2023-11-21 07:36:28 {"status":"bad","gid":"596827","msg":"添加失败！号码【1949924(-|-)】已存在！"}
2023-11-21 07:36:28 随机等待 79 秒，约 1 分钟
2023-11-21 07:36:28 下次操作: 2023-11-21 07:37:47

2023-11-21 07:37:47 开始第 27 次操作

2023-11-21 07:37:47 开始操作号码 【1949925】
2023-11-21 07:37:51 GSD getOne 第 1 次 等待 3 秒
2023-11-21 07:37:54 查询号码 【1949925】，返回信息 {"status":"ok","msg":"-","gid":"596819","time_insert":"2023-03-17 18:34"}
2023-11-21 07:37:54 查询号码 【1949925】，GSD为【"-"】
2023-11-21 07:37:54 ok && -
2023-11-21 07:37:57 CHB 1949925?1700523474 第 1 次 等待 3 秒
2023-11-21 07:38:00 CHB 1949925?1700523474 第 1 次 获取到号码【1949925】GSD
2023-11-21 07:38:00 未获取到号码【1949925】GSD，可能号码格式错误
2023-11-21 07:38:00 获取到号码【1949925】的GSD为【-】
2023-11-21 07:38:04 GSD insert 第 1 次 等待 3 秒
2023-11-21 07:38:07 {"status":"bad","gid":"596819","msg":"添加失败！号码【1949925(-|-)】已存在！"}
2023-11-21 07:38:07 随机等待 176 秒，约 2 分钟
2023-11-21 07:38:07 下次操作: 2023-11-21 07:41:03

2023-11-21 07:41:03 开始第 28 次操作

2023-11-21 07:41:03 开始操作号码 【1949926】
2023-11-21 07:41:06 GSD getOne 第 1 次 等待 3 秒
2023-11-21 07:41:09 查询号码 【1949926】，返回信息 {"status":"ok","msg":"-","gid":"596816","time_insert":"2023-03-17 18:32"}
2023-11-21 07:41:09 查询号码 【1949926】，GSD为【"-"】
2023-11-21 07:41:09 ok && -
2023-11-21 07:41:12 CHB 1949926?1700523669 第 1 次 等待 3 秒
2023-11-21 07:41:15 CHB 1949926?1700523669 第 1 次 获取到号码【1949926】GSD
2023-11-21 07:41:15 未获取到号码【1949926】GSD，可能号码格式错误
2023-11-21 07:41:15 获取到号码【1949926】的GSD为【-】
2023-11-21 07:41:19 GSD insert 第 1 次 等待 3 秒
2023-11-21 07:41:22 {"status":"bad","gid":"596816","msg":"添加失败！号码【1949926(-|-)】已存在！"}

2023-11-21 08:41:35 开始第 29 次操作

2023-11-21 08:41:35 开始操作号码 【1949927】
2023-11-21 08:41:39 GSD getOne 第 1 次 等待 3 秒
2023-11-21 08:41:42 查询号码 【1949927】，返回信息 {"status":"ok","msg":"-","gid":"596812","time_insert":"2023-03-17 18:31"}
2023-11-21 08:41:42 查询号码 【1949927】，GSD为【"-"】
2023-11-21 08:41:42 ok && -
2023-11-21 08:41:44 CHB 1949927?1700527302 第 1 次 等待 3 秒
2023-11-21 08:41:47 CHB 1949927?1700527302 第 1 次 获取到号码【1949927】GSD
2023-11-21 08:41:47 未获取到号码【1949927】GSD，可能号码格式错误
2023-11-21 08:41:47 获取到号码【1949927】的GSD为【-】
2023-11-21 08:41:50 GSD insert 第 1 次 等待 3 秒
2023-11-21 08:41:53 {"status":"bad","gid":"596812","msg":"添加失败！号码【1949927(-|-)】已存在！"}
2023-11-21 08:41:53 随机等待 159 秒，约 2 分钟
2023-11-21 08:41:53 下次操作: 2023-11-21 08:44:32

2023-11-21 08:44:33 开始第 30 次操作

2023-11-21 08:44:33 开始操作号码 【1949928】
2023-11-21 08:44:36 GSD getOne 第 1 次 等待 3 秒
2023-11-21 08:44:39 查询号码 【1949928】，返回信息 {"status":"ok","msg":"-","gid":"596792","time_insert":"2023-03-17 18:15"}
2023-11-21 08:44:39 查询号码 【1949928】，GSD为【"-"】
2023-11-21 08:44:39 ok && -
2023-11-21 08:44:41 CHB 1949928?1700527479 第 1 次 等待 3 秒
2023-11-21 08:44:44 CHB 1949928?1700527479 第 1 次 获取到号码【1949928】GSD
2023-11-21 08:44:44 未获取到号码【1949928】GSD，可能号码格式错误
2023-11-21 08:44:44 获取到号码【1949928】的GSD为【-】
2023-11-21 08:44:47 GSD insert 第 1 次 等待 3 秒
2023-11-21 08:44:50 {"status":"bad","gid":"596792","msg":"添加失败！号码【1949928(-|-)】已存在！"}
2023-11-21 08:44:50 随机等待 87 秒，约 1 分钟
2023-11-21 08:44:50 下次操作: 2023-11-21 08:46:17

2023-11-21 08:46:17 开始第 31 次操作

2023-11-21 08:46:17 开始操作号码 【1949929】
2023-11-21 08:46:20 GSD getOne 第 1 次 等待 3 秒
2023-11-21 08:46:23 查询号码 【1949929】，返回信息 {"status":"ok","msg":"-","gid":"596791","time_insert":"2023-03-17 18:13"}
2023-11-21 08:46:23 查询号码 【1949929】，GSD为【"-"】
2023-11-21 08:46:23 ok && -
2023-11-21 08:46:25 CHB 1949929?1700527583 第 1 次 等待 3 秒
2023-11-21 08:46:28 CHB 1949929?1700527583 第 1 次 获取到号码【1949929】GSD
2023-11-21 08:46:28 未获取到号码【1949929】GSD，可能号码格式错误
2023-11-21 08:46:28 获取到号码【1949929】的GSD为【-】
2023-11-21 08:46:31 GSD insert 第 1 次 等待 3 秒
2023-11-21 08:46:34 {"status":"bad","gid":"596791","msg":"添加失败！号码【1949929(-|-)】已存在！"}
2023-11-21 08:46:34 随机等待 175 秒，约 2 分钟
2023-11-21 08:46:34 下次操作: 2023-11-21 08:49:29

2023-11-21 08:49:29 开始第 32 次操作

2023-11-21 08:49:29 开始操作号码 【1949930】
2023-11-21 08:49:32 GSD getOne 第 1 次 等待 3 秒
2023-11-21 08:49:35 查询号码 【1949930】，返回信息 {"status":"ok","msg":"-","gid":"596789","time_insert":"2023-03-17 18:12"}
2023-11-21 08:49:35 查询号码 【1949930】，GSD为【"-"】
2023-11-21 08:49:35 ok && -
2023-11-21 08:49:37 CHB 1949930?1700527775 第 1 次 等待 3 秒
2023-11-21 08:49:40 CHB 1949930?1700527775 第 1 次 获取到号码【1949930】GSD
2023-11-21 08:49:40 未获取到号码【1949930】GSD，可能号码格式错误
2023-11-21 08:49:40 获取到号码【1949930】的GSD为【-】
2023-11-21 08:49:44 GSD insert 第 1 次 等待 3 秒
2023-11-21 08:49:47 {"status":"bad","gid":"596789","msg":"添加失败！号码【1949930(-|-)】已存在！"}

2023-11-21 09:54:45 开始第 33 次操作

2023-11-21 09:54:45 开始操作号码 【1949931】
2023-11-21 09:54:48 GSD getOne 第 1 次 等待 3 秒
2023-11-21 09:54:51 查询号码 【1949931】，返回信息 {"status":"ok","msg":"-","gid":"596784","time_insert":"2023-03-17 18:10"}
2023-11-21 09:54:51 查询号码 【1949931】，GSD为【"-"】
2023-11-21 09:54:51 ok && -
2023-11-21 09:54:54 CHB 1949931?1700531691 第 1 次 等待 3 秒
2023-11-21 09:54:57 CHB 1949931?1700531691 第 1 次 获取到号码【1949931】GSD
2023-11-21 09:54:57 未获取到号码【1949931】GSD，可能号码格式错误
2023-11-21 09:54:57 获取到号码【1949931】的GSD为【-】
2023-11-21 09:55:01 GSD insert 第 1 次 等待 3 秒
2023-11-21 09:55:04 {"status":"bad","gid":"596784","msg":"添加失败！号码【1949931(-|-)】已存在！"}
2023-11-21 09:55:04 随机等待 106 秒，约 1 分钟
2023-11-21 09:55:04 下次操作: 2023-11-21 09:56:50

2023-11-21 09:56:50 开始第 34 次操作

2023-11-21 09:56:50 开始操作号码 【1949932】
2023-11-21 09:56:53 GSD getOne 第 1 次 等待 3 秒
2023-11-21 09:56:56 查询号码 【1949932】，返回信息 {"status":"ok","msg":"-","gid":"596771","time_insert":"2023-03-17 17:59"}
2023-11-21 09:56:56 查询号码 【1949932】，GSD为【"-"】
2023-11-21 09:56:56 ok && -
2023-11-21 09:56:59 CHB 1949932?1700531816 第 1 次 等待 3 秒
2023-11-21 09:57:02 CHB 1949932?1700531816 第 1 次 获取到号码【1949932】GSD
2023-11-21 09:57:02 未获取到号码【1949932】GSD，可能号码格式错误
2023-11-21 09:57:02 获取到号码【1949932】的GSD为【-】
2023-11-21 09:57:09 GSD insert 第 1 次 等待 3 秒
2023-11-21 09:57:12 {"status":"bad","gid":"596771","msg":"添加失败！号码【1949932(-|-)】已存在！"}
2023-11-21 09:57:12 随机等待 179 秒，约 2 分钟
2023-11-21 09:57:12 下次操作: 2023-11-21 10:00:11

2023-11-21 10:00:11 开始第 35 次操作

2023-11-21 10:00:11 开始操作号码 【1949933】
2023-11-21 10:00:14 GSD getOne 第 1 次 等待 3 秒
2023-11-21 10:00:17 查询号码 【1949933】，返回信息 {"status":"ok","msg":"-","gid":"596769","time_insert":"2023-03-17 17:57"}
2023-11-21 10:00:17 查询号码 【1949933】，GSD为【"-"】
2023-11-21 10:00:17 ok && -
2023-11-21 10:00:20 CHB 1949933?1700532017 第 1 次 等待 3 秒
2023-11-21 10:00:23 CHB 1949933?1700532017 第 1 次 获取到号码【1949933】GSD
2023-11-21 10:00:23 未获取到号码【1949933】GSD，可能号码格式错误
2023-11-21 10:00:23 获取到号码【1949933】的GSD为【-】
2023-11-21 10:00:26 GSD insert 第 1 次 等待 3 秒
2023-11-21 10:00:29 {"status":"bad","gid":"596769","msg":"添加失败！号码【1949933(-|-)】已存在！"}
2023-11-21 10:00:29 随机等待 225 秒，约 3 分钟
2023-11-21 10:00:29 下次操作: 2023-11-21 10:04:14

2023-11-21 10:04:14 开始第 36 次操作

2023-11-21 10:04:14 开始操作号码 【1949934】
2023-11-21 10:04:17 GSD getOne 第 1 次 等待 3 秒
2023-11-21 10:04:20 查询号码 【1949934】，返回信息 {"status":"ok","msg":"-","gid":"596765","time_insert":"2023-03-17 17:55"}
2023-11-21 10:04:20 查询号码 【1949934】，GSD为【"-"】
2023-11-21 10:04:20 ok && -
2023-11-21 10:04:23 CHB 1949934?1700532260 第 1 次 等待 3 秒
2023-11-21 10:04:26 CHB 1949934?1700532260 第 1 次 获取到号码【1949934】GSD
2023-11-21 10:04:26 未获取到号码【1949934】GSD，可能号码格式错误
2023-11-21 10:04:26 获取到号码【1949934】的GSD为【-】
2023-11-21 10:04:30 GSD insert 第 1 次 等待 3 秒
2023-11-21 10:04:33 {"status":"bad","gid":"596765","msg":"添加失败！号码【1949934(-|-)】已存在！"}

2023-11-21 10:26:19 开始第 37 次操作

2023-11-21 10:26:19 开始操作号码 【1949935】
2023-11-21 10:26:22 GSD getOne 第 1 次 等待 3 秒
2023-11-21 10:26:25 查询号码 【1949935】，返回信息 {"status":"ok","msg":"-","gid":"596759","time_insert":"2023-03-17 17:52"}
2023-11-21 10:26:25 查询号码 【1949935】，GSD为【"-"】
2023-11-21 10:26:25 ok && -
2023-11-21 10:26:29 CHB 1949935?1700533585 第 1 次 等待 3 秒
2023-11-21 10:26:32 CHB 1949935?1700533585 第 1 次 获取到号码【1949935】GSD
2023-11-21 10:26:32 未获取到号码【1949935】GSD，可能号码格式错误
2023-11-21 10:26:32 获取到号码【1949935】的GSD为【-】
2023-11-21 10:26:35 GSD insert 第 1 次 等待 3 秒
2023-11-21 10:26:38 {"status":"bad","gid":"596759","msg":"添加失败！号码【1949935(-|-)】已存在！"}
2023-11-21 10:26:38 随机等待 83 秒，约 1 分钟
2023-11-21 10:26:38 下次操作: 2023-11-21 10:28:01

2023-11-21 10:28:01 开始第 38 次操作

2023-11-21 10:28:01 开始操作号码 【1949936】
2023-11-21 10:28:05 GSD getOne 第 1 次 等待 3 秒
2023-11-21 10:28:08 查询号码 【1949936】，返回信息 {"status":"ok","msg":"-","gid":"596756","time_insert":"2023-03-17 17:50"}
2023-11-21 10:28:08 查询号码 【1949936】，GSD为【"-"】
2023-11-21 10:28:08 ok && -
2023-11-21 10:28:11 CHB 1949936?1700533688 第 1 次 等待 3 秒
2023-11-21 10:28:14 CHB 1949936?1700533688 第 1 次 获取到号码【1949936】GSD
2023-11-21 10:28:14 未获取到号码【1949936】GSD，可能号码格式错误
2023-11-21 10:28:14 获取到号码【1949936】的GSD为【-】
2023-11-21 10:28:17 GSD insert 第 1 次 等待 3 秒
2023-11-21 10:28:20 {"status":"bad","gid":"596756","msg":"添加失败！号码【1949936(-|-)】已存在！"}
2023-11-21 10:28:20 随机等待 67 秒，约 1 分钟
2023-11-21 10:28:20 下次操作: 2023-11-21 10:29:27

2023-11-21 10:29:27 开始第 39 次操作

2023-11-21 10:29:27 开始操作号码 【1949937】
2023-11-21 10:29:31 GSD getOne 第 1 次 等待 3 秒
2023-11-21 10:29:34 查询号码 【1949937】，返回信息 {"status":"ok","msg":"-","gid":"596752","time_insert":"2023-03-17 17:47"}
2023-11-21 10:29:34 查询号码 【1949937】，GSD为【"-"】
2023-11-21 10:29:34 ok && -
2023-11-21 10:29:36 CHB 1949937?1700533774 第 1 次 等待 3 秒
2023-11-21 10:29:39 CHB 1949937?1700533774 第 1 次 获取到号码【1949937】GSD
2023-11-21 10:29:39 未获取到号码【1949937】GSD，可能号码格式错误
2023-11-21 10:29:39 获取到号码【1949937】的GSD为【-】
2023-11-21 10:29:45 GSD insert 第 1 次 等待 3 秒
2023-11-21 10:29:48 {"status":"bad","gid":"596752","msg":"添加失败！号码【1949937(-|-)】已存在！"}
2023-11-21 10:29:48 随机等待 143 秒，约 2 分钟
2023-11-21 10:29:48 下次操作: 2023-11-21 10:32:11

2023-11-21 10:32:11 开始第 40 次操作

2023-11-21 10:32:11 开始操作号码 【1949938】
2023-11-21 10:32:15 GSD getOne 第 1 次 等待 3 秒
2023-11-21 10:32:18 查询号码 【1949938】，返回信息 {"status":"ok","msg":"-","gid":"596748","time_insert":"2023-03-17 17:44"}
2023-11-21 10:32:18 查询号码 【1949938】，GSD为【"-"】
2023-11-21 10:32:18 ok && -
2023-11-21 10:32:21 CHB 1949938?1700533938 第 1 次 等待 3 秒
2023-11-21 10:32:24 CHB 1949938?1700533938 第 1 次 获取到号码【1949938】GSD
2023-11-21 10:32:24 未获取到号码【1949938】GSD，可能号码格式错误
2023-11-21 10:32:24 获取到号码【1949938】的GSD为【-】
2023-11-21 10:32:28 GSD insert 第 1 次 等待 3 秒
2023-11-21 10:32:31 {"status":"bad","gid":"596748","msg":"添加失败！号码【1949938(-|-)】已存在！"}

2023-11-21 10:42:44 开始第 41 次操作

2023-11-21 10:42:44 开始操作号码 【1949939】
2023-11-21 10:42:49 GSD getOne 第 1 次 等待 3 秒
2023-11-21 10:42:52 查询号码 【1949939】，返回信息 {"status":"ok","msg":"-","gid":"596744","time_insert":"2023-03-17 17:43"}
2023-11-21 10:42:52 查询号码 【1949939】，GSD为【"-"】
2023-11-21 10:42:52 ok && -
2023-11-21 10:42:55 CHB 1949939?1700534572 第 1 次 等待 3 秒
2023-11-21 10:42:58 CHB 1949939?1700534572 第 1 次 获取到号码【1949939】GSD
2023-11-21 10:42:58 未获取到号码【1949939】GSD，可能号码格式错误
2023-11-21 10:42:58 获取到号码【1949939】的GSD为【-】
2023-11-21 10:43:01 GSD insert 第 1 次 等待 3 秒
2023-11-21 10:43:04 {"status":"bad","gid":"596744","msg":"添加失败！号码【1949939(-|-)】已存在！"}
2023-11-21 10:43:04 随机等待 152 秒，约 2 分钟
2023-11-21 10:43:04 下次操作: 2023-11-21 10:45:36

2023-11-21 10:45:36 开始第 42 次操作

2023-11-21 10:45:36 开始操作号码 【1949940】
2023-11-21 10:45:40 GSD getOne 第 1 次 等待 3 秒
2023-11-21 10:45:43 查询号码 【1949940】，返回信息 {"status":"ok","msg":"-","gid":"596740","time_insert":"2023-03-17 17:41"}
2023-11-21 10:45:43 查询号码 【1949940】，GSD为【"-"】
2023-11-21 10:45:43 ok && -
2023-11-21 10:45:45 CHB 1949940?1700534743 第 1 次 等待 3 秒
2023-11-21 10:45:48 CHB 1949940?1700534743 第 1 次 获取到号码【1949940】GSD
2023-11-21 10:45:48 未获取到号码【1949940】GSD，可能号码格式错误
2023-11-21 10:45:48 获取到号码【1949940】的GSD为【-】
2023-11-21 10:45:52 GSD insert 第 1 次 等待 3 秒
2023-11-21 10:45:55 {"status":"bad","gid":"596740","msg":"添加失败！号码【1949940(-|-)】已存在！"}
2023-11-21 10:45:55 随机等待 169 秒，约 2 分钟
2023-11-21 10:45:55 下次操作: 2023-11-21 10:48:44

2023-11-21 10:48:44 开始第 43 次操作

2023-11-21 10:48:44 开始操作号码 【1949941】
2023-11-21 10:48:48 GSD getOne 第 1 次 等待 3 秒
2023-11-21 10:48:51 查询号码 【1949941】，返回信息 {"status":"ok","msg":"-","gid":"596737","time_insert":"2023-03-17 17:39"}
2023-11-21 10:48:51 查询号码 【1949941】，GSD为【"-"】
2023-11-21 10:48:51 ok && -
2023-11-21 10:48:54 CHB 1949941?1700534931 第 1 次 等待 3 秒
2023-11-21 10:48:57 CHB 1949941?1700534931 第 1 次 获取到号码【1949941】GSD
2023-11-21 10:48:57 未获取到号码【1949941】GSD，可能号码格式错误
2023-11-21 10:48:57 获取到号码【1949941】的GSD为【-】
2023-11-21 10:49:02 GSD insert 第 1 次 等待 3 秒
2023-11-21 10:49:05 {"status":"bad","gid":"596737","msg":"添加失败！号码【1949941(-|-)】已存在！"}
2023-11-21 10:49:05 随机等待 209 秒，约 3 分钟
2023-11-21 10:49:05 下次操作: 2023-11-21 10:52:34

2023-11-21 10:52:34 开始第 44 次操作

2023-11-21 10:52:34 开始操作号码 【1949942】
2023-11-21 10:52:38 GSD getOne 第 1 次 等待 3 秒
2023-11-21 10:52:41 查询号码 【1949942】，返回信息 {"status":"ok","msg":"-","gid":"596733","time_insert":"2023-03-17 17:36"}
2023-11-21 10:52:41 查询号码 【1949942】，GSD为【"-"】
2023-11-21 10:52:41 ok && -
2023-11-21 10:52:44 CHB 1949942?1700535161 第 1 次 等待 3 秒
2023-11-21 10:52:47 CHB 1949942?1700535161 第 1 次 获取到号码【1949942】GSD
2023-11-21 10:52:47 未获取到号码【1949942】GSD，可能号码格式错误
2023-11-21 10:52:47 获取到号码【1949942】的GSD为【-】
2023-11-21 10:52:51 GSD insert 第 1 次 等待 3 秒
2023-11-21 10:52:54 {"status":"bad","gid":"596733","msg":"添加失败！号码【1949942(-|-)】已存在！"}

2023-11-21 11:09:32 开始第 45 次操作

2023-11-21 11:09:32 开始操作号码 【1949943】
2023-11-21 11:09:36 GSD getOne 第 1 次 等待 3 秒
2023-11-21 11:09:39 查询号码 【1949943】，返回信息 {"status":"ok","msg":"-","gid":"596727","time_insert":"2023-03-17 17:33"}
2023-11-21 11:09:39 查询号码 【1949943】，GSD为【"-"】
2023-11-21 11:09:39 ok && -
2023-11-21 11:09:42 CHB 1949943?1700536179 第 1 次 等待 3 秒
2023-11-21 11:09:45 CHB 1949943?1700536179 第 1 次 获取到号码【1949943】GSD
2023-11-21 11:09:45 未获取到号码【1949943】GSD，可能号码格式错误
2023-11-21 11:09:45 获取到号码【1949943】的GSD为【-】
2023-11-21 11:09:49 GSD insert 第 1 次 等待 3 秒
2023-11-21 11:09:52 {"status":"bad","gid":"596727","msg":"添加失败！号码【1949943(-|-)】已存在！"}
2023-11-21 11:09:52 随机等待 69 秒，约 1 分钟
2023-11-21 11:09:52 下次操作: 2023-11-21 11:11:01

2023-11-21 11:11:01 开始第 46 次操作

2023-11-21 11:11:01 开始操作号码 【1949944】
2023-11-21 11:11:04 GSD getOne 第 1 次 等待 3 秒
2023-11-21 11:11:07 查询号码 【1949944】，返回信息 {"status":"ok","msg":"-","gid":"596723","time_insert":"2023-03-17 17:31"}
2023-11-21 11:11:07 查询号码 【1949944】，GSD为【"-"】
2023-11-21 11:11:07 ok && -
2023-11-21 11:11:10 CHB 1949944?1700536267 第 1 次 等待 3 秒
2023-11-21 11:11:13 CHB 1949944?1700536267 第 1 次 获取到号码【1949944】GSD
2023-11-21 11:11:13 未获取到号码【1949944】GSD，可能号码格式错误
2023-11-21 11:11:13 获取到号码【1949944】的GSD为【-】
2023-11-21 11:11:17 GSD insert 第 1 次 等待 3 秒
2023-11-21 11:11:20 {"status":"bad","gid":"596723","msg":"添加失败！号码【1949944(-|-)】已存在！"}
2023-11-21 11:11:20 随机等待 88 秒，约 1 分钟
2023-11-21 11:11:20 下次操作: 2023-11-21 11:12:48

2023-11-21 11:12:48 开始第 47 次操作

2023-11-21 11:12:48 开始操作号码 【1949945】
2023-11-21 11:12:52 GSD getOne 第 1 次 等待 3 秒
2023-11-21 11:12:55 查询号码 【1949945】，返回信息 {"status":"ok","msg":"-","gid":"596719","time_insert":"2023-03-17 17:29"}
2023-11-21 11:12:55 查询号码 【1949945】，GSD为【"-"】
2023-11-21 11:12:55 ok && -
2023-11-21 11:12:57 CHB 1949945?1700536375 第 1 次 等待 3 秒
2023-11-21 11:13:00 CHB 1949945?1700536375 第 1 次 获取到号码【1949945】GSD
2023-11-21 11:13:00 未获取到号码【1949945】GSD，可能号码格式错误
2023-11-21 11:13:00 获取到号码【1949945】的GSD为【-】
2023-11-21 11:13:04 GSD insert 第 1 次 等待 3 秒
2023-11-21 11:13:07 {"status":"bad","gid":"596719","msg":"添加失败！号码【1949945(-|-)】已存在！"}
2023-11-21 11:13:07 随机等待 205 秒，约 3 分钟
2023-11-21 11:13:07 下次操作: 2023-11-21 11:16:32

2023-11-21 11:16:32 开始第 48 次操作

2023-11-21 11:16:32 开始操作号码 【1949946】
2023-11-21 11:16:39 GSD getOne 第 1 次 等待 3 秒
2023-11-21 11:16:42 查询号码 【1949946】，返回信息 {"status":"ok","msg":"-","gid":"596714","time_insert":"2023-03-17 17:27"}
2023-11-21 11:16:42 查询号码 【1949946】，GSD为【"-"】
2023-11-21 11:16:42 ok && -
2023-11-21 11:16:44 CHB 1949946?1700536602 第 1 次 等待 3 秒
2023-11-21 11:16:47 CHB 1949946?1700536602 第 1 次 获取到号码【1949946】GSD
2023-11-21 11:16:47 未获取到号码【1949946】GSD，可能号码格式错误
2023-11-21 11:16:47 获取到号码【1949946】的GSD为【-】
2023-11-21 11:16:52 GSD insert 第 1 次 等待 3 秒
2023-11-21 11:16:55 {"status":"bad","gid":"596714","msg":"添加失败！号码【1949946(-|-)】已存在！"}

2023-11-21 11:33:21 开始第 49 次操作

2023-11-21 11:33:21 开始操作号码 【1949947】
2023-11-21 11:33:25 GSD getOne 第 1 次 等待 3 秒
2023-11-21 11:33:28 查询号码 【1949947】，返回信息 {"status":"ok","msg":"-","gid":"596711","time_insert":"2023-03-17 17:24"}
2023-11-21 11:33:28 查询号码 【1949947】，GSD为【"-"】
2023-11-21 11:33:28 ok && -
2023-11-21 11:33:30 CHB 1949947?1700537608 第 1 次 等待 3 秒
2023-11-21 11:33:33 CHB 1949947?1700537608 第 1 次 获取到号码【1949947】GSD
2023-11-21 11:33:34 未获取到号码【1949947】GSD，可能号码格式错误
2023-11-21 11:33:34 获取到号码【1949947】的GSD为【-】
2023-11-21 11:33:37 GSD insert 第 1 次 等待 3 秒
2023-11-21 11:33:40 {"status":"bad","gid":"596711","msg":"添加失败！号码【1949947(-|-)】已存在！"}
2023-11-21 11:33:40 随机等待 75 秒，约 1 分钟
2023-11-21 11:33:40 下次操作: 2023-11-21 11:34:55

2023-11-21 11:34:55 开始第 50 次操作

2023-11-21 11:34:55 开始操作号码 【1949948】
2023-11-21 11:34:59 GSD getOne 第 1 次 等待 3 秒
2023-11-21 11:35:02 查询号码 【1949948】，返回信息 {"status":"ok","msg":"-","gid":"596701","time_insert":"2023-03-17 17:17"}
2023-11-21 11:35:02 查询号码 【1949948】，GSD为【"-"】
2023-11-21 11:35:02 ok && -
2023-11-21 11:35:04 CHB 1949948?1700537702 第 1 次 等待 3 秒
2023-11-21 11:35:07 CHB 1949948?1700537702 第 1 次 获取到号码【1949948】GSD
2023-11-21 11:35:07 未获取到号码【1949948】GSD，可能号码格式错误
2023-11-21 11:35:07 获取到号码【1949948】的GSD为【-】
2023-11-21 11:35:11 GSD insert 第 1 次 等待 3 秒
2023-11-21 11:35:14 {"status":"bad","gid":"596701","msg":"添加失败！号码【1949948(-|-)】已存在！"}
2023-11-21 11:35:14 随机等待 66 秒，约 1 分钟
2023-11-21 11:35:14 下次操作: 2023-11-21 11:36:20

2023-11-21 11:36:20 开始第 51 次操作

2023-11-21 11:36:20 开始操作号码 【1949949】
2023-11-21 11:36:24 GSD getOne 第 1 次 等待 3 秒
2023-11-21 11:36:27 查询号码 【1949949】，返回信息 {"status":"ok","msg":"-","gid":"596695","time_insert":"2023-03-17 17:14"}
2023-11-21 11:36:27 查询号码 【1949949】，GSD为【"-"】
2023-11-21 11:36:27 ok && -
2023-11-21 11:36:30 CHB 1949949?1700537787 第 1 次 等待 3 秒
2023-11-21 11:36:33 CHB 1949949?1700537787 第 1 次 获取到号码【1949949】GSD
2023-11-21 11:36:33 未获取到号码【1949949】GSD，可能号码格式错误
2023-11-21 11:36:33 获取到号码【1949949】的GSD为【-】
2023-11-21 11:36:40 GSD insert 第 1 次 等待 3 秒
2023-11-21 11:36:43 {"status":"bad","gid":"596695","msg":"添加失败！号码【1949949(-|-)】已存在！"}
2023-11-21 11:36:43 随机等待 104 秒，约 1 分钟
2023-11-21 11:36:43 下次操作: 2023-11-21 11:38:27

2023-11-21 11:38:27 开始第 52 次操作

2023-11-21 11:38:27 开始操作号码 【1949950】
2023-11-21 11:38:30 GSD getOne 第 1 次 等待 3 秒
2023-11-21 11:38:33 查询号码 【1949950】，返回信息 {"status":"ok","msg":"-","gid":"596693","time_insert":"2023-03-17 17:12"}
2023-11-21 11:38:33 查询号码 【1949950】，GSD为【"-"】
2023-11-21 11:38:33 ok && -
2023-11-21 11:38:36 CHB 1949950?1700537913 第 1 次 等待 3 秒
2023-11-21 11:38:39 CHB 1949950?1700537913 第 1 次 获取到号码【1949950】GSD
2023-11-21 11:38:39 未获取到号码【1949950】GSD，可能号码格式错误
2023-11-21 11:38:39 获取到号码【1949950】的GSD为【-】
2023-11-21 11:38:42 GSD insert 第 1 次 等待 3 秒
2023-11-21 11:38:45 {"status":"bad","gid":"596693","msg":"添加失败！号码【1949950(-|-)】已存在！"}

2023-11-21 12:10:59 开始第 53 次操作

2023-11-21 12:10:59 开始操作号码 【1949951】
2023-11-21 12:11:03 GSD getOne 第 1 次 等待 3 秒
2023-11-21 12:11:06 查询号码 【1949951】，返回信息 {"status":"ok","msg":"-","gid":"596689","time_insert":"2023-03-17 17:10"}
2023-11-21 12:11:06 查询号码 【1949951】，GSD为【"-"】
2023-11-21 12:11:06 ok && -
2023-11-21 12:11:09 CHB 1949951?1700539866 第 1 次 等待 3 秒
2023-11-21 12:11:12 CHB 1949951?1700539866 第 1 次 获取到号码【1949951】GSD
2023-11-21 12:11:12 未获取到号码【1949951】GSD，可能号码格式错误
2023-11-21 12:11:12 获取到号码【1949951】的GSD为【-】
2023-11-21 12:11:16 GSD insert 第 1 次 等待 3 秒
2023-11-21 12:11:19 {"status":"bad","gid":"596689","msg":"添加失败！号码【1949951(-|-)】已存在！"}
2023-11-21 12:11:19 随机等待 118 秒，约 1 分钟
2023-11-21 12:11:19 下次操作: 2023-11-21 12:13:17

2023-11-21 12:13:17 开始第 54 次操作

2023-11-21 12:13:17 开始操作号码 【1949952】
2023-11-21 12:13:23 GSD getOne 第 1 次 等待 3 秒
2023-11-21 12:13:26 查询号码 【1949952】，返回信息 {"status":"ok","msg":"-","gid":"596676","time_insert":"2023-03-17 16:58"}
2023-11-21 12:13:26 查询号码 【1949952】，GSD为【"-"】
2023-11-21 12:13:26 ok && -
2023-11-21 12:13:29 CHB 1949952?1700540006 第 1 次 等待 3 秒
2023-11-21 12:13:32 CHB 1949952?1700540006 第 1 次 获取到号码【1949952】GSD
2023-11-21 12:13:32 未获取到号码【1949952】GSD，可能号码格式错误
2023-11-21 12:13:32 获取到号码【1949952】的GSD为【-】
2023-11-21 12:13:35 GSD insert 第 1 次 等待 3 秒
2023-11-21 12:13:38 {"status":"bad","gid":"596676","msg":"添加失败！号码【1949952(-|-)】已存在！"}
2023-11-21 12:13:38 随机等待 207 秒，约 3 分钟
2023-11-21 12:13:38 下次操作: 2023-11-21 12:17:05

2023-11-21 12:17:05 开始第 55 次操作

2023-11-21 12:17:05 开始操作号码 【1949953】
2023-11-21 12:17:10 GSD getOne 第 1 次 等待 3 秒
2023-11-21 12:17:13 查询号码 【1949953】，返回信息 {"status":"ok","msg":"-","gid":"596674","time_insert":"2023-03-17 16:57"}
2023-11-21 12:17:13 查询号码 【1949953】，GSD为【"-"】
2023-11-21 12:17:13 ok && -
2023-11-21 12:17:17 CHB 1949953?1700540233 第 1 次 等待 3 秒
2023-11-21 12:17:20 CHB 1949953?1700540233 第 1 次 获取到号码【1949953】GSD
2023-11-21 12:17:20 未获取到号码【1949953】GSD，可能号码格式错误
2023-11-21 12:17:20 获取到号码【1949953】的GSD为【-】
2023-11-21 12:17:23 GSD insert 第 1 次 等待 3 秒
2023-11-21 12:17:26 {"status":"bad","gid":"596674","msg":"添加失败！号码【1949953(-|-)】已存在！"}
2023-11-21 12:17:26 随机等待 75 秒，约 1 分钟
2023-11-21 12:17:26 下次操作: 2023-11-21 12:18:41

2023-11-21 12:18:41 开始第 56 次操作

2023-11-21 12:18:41 开始操作号码 【1949954】
2023-11-21 12:18:45 GSD getOne 第 1 次 等待 3 秒
2023-11-21 12:18:48 查询号码 【1949954】，返回信息 {"status":"ok","msg":"-","gid":"596670","time_insert":"2023-03-17 16:55"}
2023-11-21 12:18:48 查询号码 【1949954】，GSD为【"-"】
2023-11-21 12:18:48 ok && -
2023-11-21 12:18:50 CHB 1949954?1700540328 第 1 次 等待 3 秒
2023-11-21 12:18:53 CHB 1949954?1700540328 第 1 次 获取到号码【1949954】GSD
2023-11-21 12:18:53 未获取到号码【1949954】GSD，可能号码格式错误
2023-11-21 12:18:53 获取到号码【1949954】的GSD为【-】
2023-11-21 12:18:57 GSD insert 第 1 次 等待 3 秒
2023-11-21 12:19:00 {"status":"bad","gid":"596670","msg":"添加失败！号码【1949954(-|-)】已存在！"}

2023-11-21 12:34:42 开始第 57 次操作

2023-11-21 12:34:42 开始操作号码 【1949955】
2023-11-21 12:34:46 GSD getOne 第 1 次 等待 3 秒
2023-11-21 12:34:49 查询号码 【1949955】，返回信息 {"status":"ok","msg":"-","gid":"596665","time_insert":"2023-03-17 16:53"}
2023-11-21 12:34:49 查询号码 【1949955】，GSD为【"-"】
2023-11-21 12:34:49 ok && -
2023-11-21 12:34:51 CHB 1949955?1700541289 第 1 次 等待 3 秒
2023-11-21 12:34:54 CHB 1949955?1700541289 第 1 次 获取到号码【1949955】GSD
2023-11-21 12:34:55 未获取到号码【1949955】GSD，可能号码格式错误
2023-11-21 12:34:55 获取到号码【1949955】的GSD为【-】
2023-11-21 12:34:59 GSD insert 第 1 次 等待 3 秒
2023-11-21 12:35:02 {"status":"bad","gid":"596665","msg":"添加失败！号码【1949955(-|-)】已存在！"}
2023-11-21 12:35:02 随机等待 227 秒，约 3 分钟
2023-11-21 12:35:02 下次操作: 2023-11-21 12:38:49

2023-11-21 12:38:49 开始第 58 次操作

2023-11-21 12:38:49 开始操作号码 【1949956】
2023-11-21 12:38:54 GSD getOne 第 1 次 等待 3 秒
2023-11-21 12:38:57 查询号码 【1949956】，返回信息 {"status":"ok","msg":"-","gid":"596660","time_insert":"2023-03-17 16:51"}
2023-11-21 12:38:58 查询号码 【1949956】，GSD为【"-"】
2023-11-21 12:38:58 ok && -
2023-11-21 12:39:00 CHB 1949956?1700541538 第 1 次 等待 3 秒
2023-11-21 12:39:03 CHB 1949956?1700541538 第 1 次 获取到号码【1949956】GSD
2023-11-21 12:39:03 未获取到号码【1949956】GSD，可能号码格式错误
2023-11-21 12:39:03 获取到号码【1949956】的GSD为【-】
2023-11-21 12:39:08 GSD insert 第 1 次 等待 3 秒
2023-11-21 12:39:11 {"status":"bad","gid":"596660","msg":"添加失败！号码【1949956(-|-)】已存在！"}
2023-11-21 12:39:11 随机等待 130 秒，约 2 分钟
2023-11-21 12:39:11 下次操作: 2023-11-21 12:41:21

2023-11-21 12:41:21 开始第 59 次操作

2023-11-21 12:41:21 开始操作号码 【1949957】
2023-11-21 12:41:24 GSD getOne 第 1 次 等待 3 秒
2023-11-21 12:41:27 查询号码 【1949957】，返回信息 {"status":"ok","msg":"-","gid":"596657","time_insert":"2023-03-17 16:49"}
2023-11-21 12:41:27 查询号码 【1949957】，GSD为【"-"】
2023-11-21 12:41:27 ok && -
2023-11-21 12:41:30 CHB 1949957?1700541687 第 1 次 等待 3 秒
2023-11-21 12:41:33 CHB 1949957?1700541687 第 1 次 获取到号码【1949957】GSD
2023-11-21 12:41:33 未获取到号码【1949957】GSD，可能号码格式错误
2023-11-21 12:41:33 获取到号码【1949957】的GSD为【-】
2023-11-21 12:41:39 GSD insert 第 1 次 等待 3 秒
2023-11-21 12:41:42 {"status":"bad","gid":"596657","msg":"添加失败！号码【1949957(-|-)】已存在！"}
2023-11-21 12:41:42 随机等待 130 秒，约 2 分钟
2023-11-21 12:41:42 下次操作: 2023-11-21 12:43:52

2023-11-21 12:43:52 开始第 60 次操作

2023-11-21 12:43:52 开始操作号码 【1949958】
2023-11-21 12:43:55 GSD getOne 第 1 次 等待 3 秒
2023-11-21 12:43:58 查询号码 【1949958】，返回信息 {"status":"ok","msg":"-","gid":"596653","time_insert":"2023-03-17 16:46"}
2023-11-21 12:43:58 查询号码 【1949958】，GSD为【"-"】
2023-11-21 12:43:58 ok && -
2023-11-21 12:44:01 CHB 1949958?1700541838 第 1 次 等待 3 秒
2023-11-21 12:44:04 CHB 1949958?1700541838 第 1 次 获取到号码【1949958】GSD
2023-11-21 12:44:04 未获取到号码【1949958】GSD，可能号码格式错误
2023-11-21 12:44:04 获取到号码【1949958】的GSD为【-】
2023-11-21 12:44:08 GSD insert 第 1 次 等待 3 秒
2023-11-21 12:44:11 {"status":"bad","gid":"596653","msg":"添加失败！号码【1949958(-|-)】已存在！"}

2023-11-21 13:08:44 开始第 61 次操作

2023-11-21 13:08:44 开始操作号码 【1949959】
2023-11-21 13:08:47 GSD getOne 第 1 次 等待 3 秒
2023-11-21 13:08:50 查询号码 【1949959】，返回信息 {"status":"ok","msg":"-","gid":"596649","time_insert":"2023-03-17 16:43"}
2023-11-21 13:08:50 查询号码 【1949959】，GSD为【"-"】
2023-11-21 13:08:50 ok && -
2023-11-21 13:08:53 CHB 1949959?1700543330 第 1 次 等待 3 秒
2023-11-21 13:08:56 CHB 1949959?1700543330 第 1 次 获取到号码【1949959】GSD
2023-11-21 13:08:56 未获取到号码【1949959】GSD，可能号码格式错误
2023-11-21 13:08:56 获取到号码【1949959】的GSD为【-】
2023-11-21 13:09:02 GSD insert 第 1 次 等待 3 秒
2023-11-21 13:09:05 {"status":"bad","gid":"596649","msg":"添加失败！号码【1949959(-|-)】已存在！"}
2023-11-21 13:09:05 随机等待 90 秒，约 1 分钟
2023-11-21 13:09:05 下次操作: 2023-11-21 13:10:35

2023-11-21 13:10:35 开始第 62 次操作

2023-11-21 13:10:35 开始操作号码 【1949960】
2023-11-21 13:10:43 GSD getOne 第 1 次 等待 3 秒
2023-11-21 13:10:46 查询号码 【1949960】，返回信息 {"status":"ok","msg":"-","gid":"596638","time_insert":"2023-03-17 16:34"}
2023-11-21 13:10:46 查询号码 【1949960】，GSD为【"-"】
2023-11-21 13:10:46 ok && -
2023-11-21 13:10:52 CHB 1949960?1700543446 第 1 次 等待 3 秒
2023-11-21 13:10:55 CHB 1949960?1700543446 第 1 次 获取到号码【1949960】GSD
2023-11-21 13:10:55 未获取到号码【1949960】GSD，可能号码格式错误
2023-11-21 13:10:55 获取到号码【1949960】的GSD为【-】
2023-11-21 13:10:58 GSD insert 第 1 次 等待 3 秒
2023-11-21 13:11:01 {"status":"bad","gid":"596638","msg":"添加失败！号码【1949960(-|-)】已存在！"}
2023-11-21 13:11:01 随机等待 186 秒，约 3 分钟
2023-11-21 13:11:01 下次操作: 2023-11-21 13:14:07

2023-11-21 13:14:07 开始第 63 次操作

2023-11-21 13:14:07 开始操作号码 【1949961】
2023-11-21 13:14:13 GSD getOne 第 1 次 等待 3 秒
2023-11-21 13:14:16 查询号码 【1949961】，返回信息 {"status":"ok","msg":"-","gid":"596634","time_insert":"2023-03-17 16:32"}
2023-11-21 13:14:16 查询号码 【1949961】，GSD为【"-"】
2023-11-21 13:14:16 ok && -
2023-11-21 13:14:19 CHB 1949961?1700543656 第 1 次 等待 3 秒
2023-11-21 13:14:22 CHB 1949961?1700543656 第 1 次 获取到号码【1949961】GSD
2023-11-21 13:14:22 未获取到号码【1949961】GSD，可能号码格式错误
2023-11-21 13:14:22 获取到号码【1949961】的GSD为【-】
2023-11-21 13:14:26 GSD insert 第 1 次 等待 3 秒
2023-11-21 13:14:29 {"status":"bad","gid":"596634","msg":"添加失败！号码【1949961(-|-)】已存在！"}
2023-11-21 13:14:29 随机等待 191 秒，约 3 分钟
2023-11-21 13:14:29 下次操作: 2023-11-21 13:17:40

2023-11-21 13:17:40 开始第 64 次操作

2023-11-21 13:17:40 开始操作号码 【1949962】
2023-11-21 13:17:43 GSD getOne 第 1 次 等待 3 秒
2023-11-21 13:17:46 查询号码 【1949962】，返回信息 {"status":"ok","msg":"-","gid":"596628","time_insert":"2023-03-17 16:29"}
2023-11-21 13:17:46 查询号码 【1949962】，GSD为【"-"】
2023-11-21 13:17:46 ok && -
2023-11-21 13:17:50 CHB 1949962?1700543866 第 1 次 等待 3 秒
2023-11-21 13:17:53 CHB 1949962?1700543866 第 1 次 获取到号码【1949962】GSD
2023-11-21 13:17:53 未获取到号码【1949962】GSD，可能号码格式错误
2023-11-21 13:17:53 获取到号码【1949962】的GSD为【-】
2023-11-21 13:17:57 GSD insert 第 1 次 等待 3 秒
2023-11-21 13:18:00 {"status":"bad","gid":"596628","msg":"添加失败！号码【1949962(-|-)】已存在！"}

2023-11-21 13:33:13 开始第 65 次操作

2023-11-21 13:33:13 开始操作号码 【1949963】
2023-11-21 13:33:16 GSD getOne 第 1 次 等待 3 秒
2023-11-21 13:33:19 查询号码 【1949963】，返回信息 {"status":"ok","msg":"-","gid":"596624","time_insert":"2023-03-17 16:27"}
2023-11-21 13:33:19 查询号码 【1949963】，GSD为【"-"】
2023-11-21 13:33:19 ok && -
2023-11-21 13:33:21 CHB 1949963?1700544799 第 1 次 等待 3 秒
2023-11-21 13:33:24 CHB 1949963?1700544799 第 1 次 获取到号码【1949963】GSD
2023-11-21 13:33:24 未获取到号码【1949963】GSD，可能号码格式错误
2023-11-21 13:33:24 获取到号码【1949963】的GSD为【-】
2023-11-21 13:33:27 GSD insert 第 1 次 等待 3 秒
2023-11-21 13:33:30 {"status":"bad","gid":"596624","msg":"添加失败！号码【1949963(-|-)】已存在！"}
2023-11-21 13:33:30 随机等待 145 秒，约 2 分钟
2023-11-21 13:33:30 下次操作: 2023-11-21 13:35:55

2023-11-21 13:35:55 开始第 66 次操作

2023-11-21 13:35:55 开始操作号码 【1949964】
2023-11-21 13:36:00 GSD getOne 第 1 次 等待 3 秒
2023-11-21 13:36:03 查询号码 【1949964】，返回信息 {"status":"ok","msg":"-","gid":"596616","time_insert":"2023-03-17 16:18"}
2023-11-21 13:36:03 查询号码 【1949964】，GSD为【"-"】
2023-11-21 13:36:03 ok && -
2023-11-21 13:36:06 CHB 1949964?1700544963 第 1 次 等待 3 秒
2023-11-21 13:36:09 CHB 1949964?1700544963 第 1 次 获取到号码【1949964】GSD
2023-11-21 13:36:09 未获取到号码【1949964】GSD，可能号码格式错误
2023-11-21 13:36:09 获取到号码【1949964】的GSD为【-】
2023-11-21 13:36:15 GSD insert 第 1 次 等待 3 秒
2023-11-21 13:36:18 {"status":"bad","gid":"596616","msg":"添加失败！号码【1949964(-|-)】已存在！"}
2023-11-21 13:36:18 随机等待 216 秒，约 3 分钟
2023-11-21 13:36:18 下次操作: 2023-11-21 13:39:54

2023-11-21 13:39:54 开始第 67 次操作

2023-11-21 13:39:54 开始操作号码 【1949965】
2023-11-21 13:39:57 GSD getOne 第 1 次 等待 3 秒
2023-11-21 13:40:00 查询号码 【1949965】，返回信息 {"status":"ok","msg":"-","gid":"596611","time_insert":"2023-03-17 16:15"}
2023-11-21 13:40:00 查询号码 【1949965】，GSD为【"-"】
2023-11-21 13:40:00 ok && -
2023-11-21 13:40:02 CHB 1949965?1700545200 第 1 次 等待 3 秒
2023-11-21 13:40:05 CHB 1949965?1700545200 第 1 次 获取到号码【1949965】GSD
2023-11-21 13:40:05 未获取到号码【1949965】GSD，可能号码格式错误
2023-11-21 13:40:05 获取到号码【1949965】的GSD为【-】
2023-11-21 13:40:17 GSD insert 第 1 次 等待 3 秒
2023-11-21 13:40:20 {"status":"bad","gid":"596611","msg":"添加失败！号码【1949965(-|-)】已存在！"}
2023-11-21 13:40:20 随机等待 151 秒，约 2 分钟
2023-11-21 13:40:20 下次操作: 2023-11-21 13:42:51

2023-11-21 13:42:51 开始第 68 次操作

2023-11-21 13:42:51 开始操作号码 【1949966】
2023-11-21 13:42:58 GSD getOne 第 1 次 等待 3 秒
2023-11-21 13:43:01 查询号码 【1949966】，返回信息 {"status":"ok","msg":"-","gid":"596605","time_insert":"2023-03-17 16:14"}
2023-11-21 13:43:01 查询号码 【1949966】，GSD为【"-"】
2023-11-21 13:43:02 ok && -
2023-11-21 13:43:03 CHB 1949966?1700545382 第 1 次 等待 3 秒
2023-11-21 13:43:06 CHB 1949966?1700545382 第 1 次 获取到号码【1949966】GSD
2023-11-21 13:43:06 未获取到号码【1949966】GSD，可能号码格式错误
2023-11-21 13:43:06 获取到号码【1949966】的GSD为【-】
2023-11-21 13:43:09 GSD insert 第 1 次 等待 3 秒
2023-11-21 13:43:12 {"status":"bad","gid":"596605","msg":"添加失败！号码【1949966(-|-)】已存在！"}

2023-11-21 14:12:01 开始第 69 次操作

2023-11-21 14:12:01 开始操作号码 【1949967】
2023-11-21 14:12:05 GSD getOne 第 1 次 等待 3 秒
2023-11-21 14:12:08 查询号码 【1949967】，返回信息 {"status":"ok","msg":"-","gid":"596603","time_insert":"2023-03-17 16:12"}
2023-11-21 14:12:08 查询号码 【1949967】，GSD为【"-"】
2023-11-21 14:12:08 ok && -
2023-11-21 14:12:11 CHB 1949967?1700547128 第 1 次 等待 3 秒
2023-11-21 14:12:14 CHB 1949967?1700547128 第 1 次 获取到号码【1949967】GSD
2023-11-21 14:12:14 未获取到号码【1949967】GSD，可能号码格式错误
2023-11-21 14:12:14 获取到号码【1949967】的GSD为【-】
2023-11-21 14:12:20 GSD insert 第 1 次 等待 3 秒
2023-11-21 14:12:23 {"status":"bad","gid":"596603","msg":"添加失败！号码【1949967(-|-)】已存在！"}
2023-11-21 14:12:23 随机等待 76 秒，约 1 分钟
2023-11-21 14:12:23 下次操作: 2023-11-21 14:13:39

2023-11-21 14:13:39 开始第 70 次操作

2023-11-21 14:13:39 开始操作号码 【1949968】
2023-11-21 14:13:46 GSD getOne 第 1 次 等待 3 秒
2023-11-21 14:13:49 查询号码 【1949968】，返回信息 {"status":"ok","msg":"-","gid":"596590","time_insert":"2023-03-17 16:01"}
2023-11-21 14:13:49 查询号码 【1949968】，GSD为【"-"】
2023-11-21 14:13:49 ok && -
2023-11-21 14:13:53 CHB 1949968?1700547229 第 1 次 等待 3 秒
2023-11-21 14:13:56 CHB 1949968?1700547229 第 1 次 获取到号码【1949968】GSD
2023-11-21 14:13:56 未获取到号码【1949968】GSD，可能号码格式错误
2023-11-21 14:13:56 获取到号码【1949968】的GSD为【-】
2023-11-21 14:14:01 GSD insert 第 1 次 等待 3 秒
2023-11-21 14:14:04 {"status":"bad","gid":"596590","msg":"添加失败！号码【1949968(-|-)】已存在！"}
2023-11-21 14:14:04 随机等待 200 秒，约 3 分钟
2023-11-21 14:14:04 下次操作: 2023-11-21 14:17:24

2023-11-21 14:17:24 开始第 71 次操作

2023-11-21 14:17:24 开始操作号码 【1949969】
2023-11-21 14:17:27 GSD getOne 第 1 次 等待 3 秒
2023-11-21 14:17:30 查询号码 【1949969】，返回信息 {"status":"ok","msg":"-","gid":"596587","time_insert":"2023-03-17 15:58"}
2023-11-21 14:17:30 查询号码 【1949969】，GSD为【"-"】
2023-11-21 14:17:30 ok && -
2023-11-21 14:17:33 CHB 1949969?1700547450 第 1 次 等待 3 秒
2023-11-21 14:17:36 CHB 1949969?1700547450 第 1 次 获取到号码【1949969】GSD
2023-11-21 14:17:36 未获取到号码【1949969】GSD，可能号码格式错误
2023-11-21 14:17:36 获取到号码【1949969】的GSD为【-】
2023-11-21 14:17:40 GSD insert 第 1 次 等待 3 秒
2023-11-21 14:17:43 {"status":"bad","gid":"596587","msg":"添加失败！号码【1949969(-|-)】已存在！"}
2023-11-21 14:17:43 随机等待 83 秒，约 1 分钟
2023-11-21 14:17:43 下次操作: 2023-11-21 14:19:06

2023-11-21 14:19:06 开始第 72 次操作

2023-11-21 14:19:06 开始操作号码 【1949970】
2023-11-21 14:19:10 GSD getOne 第 1 次 等待 3 秒
2023-11-21 14:19:13 查询号码 【1949970】，返回信息 {"status":"ok","msg":"-","gid":"596581","time_insert":"2023-03-17 15:55"}
2023-11-21 14:19:14 查询号码 【1949970】，GSD为【"-"】
2023-11-21 14:19:14 ok && -
2023-11-21 14:19:35 CHB 1949970?1700547554 第 1 次 等待 3 秒
2023-11-21 14:19:38 CHB 1949970?1700547554 第 1 次 获取到号码【1949970】GSD
2023-11-21 14:19:38 未获取到号码【1949970】GSD，可能号码格式错误
2023-11-21 14:19:38 获取到号码【1949970】的GSD为【-】
2023-11-21 14:19:42 GSD insert 第 1 次 等待 3 秒
2023-11-21 14:19:45 {"status":"bad","gid":"596581","msg":"添加失败！号码【1949970(-|-)】已存在！"}

2023-11-21 14:35:47 开始第 73 次操作

2023-11-21 14:35:47 开始操作号码 【1949971】
2023-11-21 14:35:51 GSD getOne 第 1 次 等待 3 秒
2023-11-21 14:35:54 查询号码 【1949971】，返回信息 {"status":"ok","msg":"-","gid":"596577","time_insert":"2023-03-17 15:53"}
2023-11-21 14:35:54 查询号码 【1949971】，GSD为【"-"】
2023-11-21 14:35:54 ok && -
2023-11-21 14:35:56 CHB 1949971?1700548554 第 1 次 等待 3 秒
2023-11-21 14:35:59 CHB 1949971?1700548554 第 1 次 获取到号码【1949971】GSD
2023-11-21 14:35:59 未获取到号码【1949971】GSD，可能号码格式错误
2023-11-21 14:35:59 获取到号码【1949971】的GSD为【-】
2023-11-21 14:36:03 GSD insert 第 1 次 等待 3 秒
2023-11-21 14:36:06 {"status":"bad","gid":"596577","msg":"添加失败！号码【1949971(-|-)】已存在！"}
2023-11-21 14:36:06 随机等待 187 秒，约 3 分钟
2023-11-21 14:36:06 下次操作: 2023-11-21 14:39:13

2023-11-21 14:39:13 开始第 74 次操作

2023-11-21 14:39:13 开始操作号码 【1949972】
2023-11-21 14:39:19 GSD getOne 第 1 次 等待 3 秒
2023-11-21 14:39:22 查询号码 【1949972】，返回信息 {"status":"ok","msg":"-","gid":"596572","time_insert":"2023-03-17 15:50"}
2023-11-21 14:39:22 查询号码 【1949972】，GSD为【"-"】
2023-11-21 14:39:22 ok && -
2023-11-21 14:39:25 CHB 1949972?1700548762 第 1 次 等待 3 秒
2023-11-21 14:39:28 CHB 1949972?1700548762 第 1 次 获取到号码【1949972】GSD
2023-11-21 14:39:28 未获取到号码【1949972】GSD，可能号码格式错误
2023-11-21 14:39:28 获取到号码【1949972】的GSD为【-】
2023-11-21 14:39:31 GSD insert 第 1 次 等待 3 秒
2023-11-21 14:39:34 {"status":"bad","gid":"596572","msg":"添加失败！号码【1949972(-|-)】已存在！"}
2023-11-21 14:39:34 随机等待 138 秒，约 2 分钟
2023-11-21 14:39:34 下次操作: 2023-11-21 14:41:52

2023-11-21 14:41:52 开始第 75 次操作

2023-11-21 14:41:52 开始操作号码 【1949973】
2023-11-21 14:41:56 GSD getOne 第 1 次 等待 3 秒
2023-11-21 14:41:59 查询号码 【1949973】，返回信息 {"status":"ok","msg":"-","gid":"596565","time_insert":"2023-03-17 15:47"}
2023-11-21 14:41:59 查询号码 【1949973】，GSD为【"-"】
2023-11-21 14:41:59 ok && -
2023-11-21 14:42:02 CHB 1949973?1700548919 第 1 次 等待 3 秒
2023-11-21 14:42:05 CHB 1949973?1700548919 第 1 次 获取到号码【1949973】GSD
2023-11-21 14:42:05 未获取到号码【1949973】GSD，可能号码格式错误
2023-11-21 14:42:05 获取到号码【1949973】的GSD为【-】
2023-11-21 14:42:10 GSD insert 第 1 次 等待 3 秒
2023-11-21 14:42:13 {"status":"bad","gid":"596565","msg":"添加失败！号码【1949973(-|-)】已存在！"}
2023-11-21 14:42:13 随机等待 188 秒，约 3 分钟
2023-11-21 14:42:13 下次操作: 2023-11-21 14:45:21

2023-11-21 14:45:21 开始第 76 次操作

2023-11-21 14:45:21 开始操作号码 【1949974】
2023-11-21 14:45:26 GSD getOne 第 1 次 等待 3 秒
2023-11-21 14:45:29 查询号码 【1949974】，返回信息 {"status":"ok","msg":"-","gid":"596559","time_insert":"2023-03-17 15:44"}
2023-11-21 14:45:29 查询号码 【1949974】，GSD为【"-"】
2023-11-21 14:45:29 ok && -
2023-11-21 14:45:31 CHB 1949974?1700549129 第 1 次 等待 3 秒
2023-11-21 14:45:34 CHB 1949974?1700549129 第 1 次 获取到号码【1949974】GSD
2023-11-21 14:45:34 未获取到号码【1949974】GSD，可能号码格式错误
2023-11-21 14:45:34 获取到号码【1949974】的GSD为【-】
2023-11-21 14:45:38 GSD insert 第 1 次 等待 3 秒
2023-11-21 14:45:41 {"status":"bad","gid":"596559","msg":"添加失败！号码【1949974(-|-)】已存在！"}

2023-11-21 15:08:28 开始第 77 次操作

2023-11-21 15:08:28 开始操作号码 【1949975】
2023-11-21 15:08:32 GSD getOne 第 1 次 等待 3 秒
2023-11-21 15:08:35 查询号码 【1949975】，返回信息 {"status":"ok","msg":"-","gid":"596557","time_insert":"2023-03-17 15:43"}
2023-11-21 15:08:35 查询号码 【1949975】，GSD为【"-"】
2023-11-21 15:08:35 ok && -
2023-11-21 15:08:38 CHB 1949975?1700550515 第 1 次 等待 3 秒
2023-11-21 15:08:41 CHB 1949975?1700550515 第 1 次 获取到号码【1949975】GSD
2023-11-21 15:08:41 未获取到号码【1949975】GSD，可能号码格式错误
2023-11-21 15:08:41 获取到号码【1949975】的GSD为【-】
2023-11-21 15:08:45 GSD insert 第 1 次 等待 3 秒
2023-11-21 15:08:48 {"status":"bad","gid":"596557","msg":"添加失败！号码【1949975(-|-)】已存在！"}
2023-11-21 15:08:48 随机等待 233 秒，约 3 分钟
2023-11-21 15:08:48 下次操作: 2023-11-21 15:12:41

2023-11-21 15:12:41 开始第 78 次操作

2023-11-21 15:12:41 开始操作号码 【1949976】
2023-11-21 15:12:45 GSD getOne 第 1 次 等待 3 秒
2023-11-21 15:12:48 查询号码 【1949976】，返回信息 {"status":"ok","msg":"-","gid":"596554","time_insert":"2023-03-17 15:41"}
2023-11-21 15:12:48 查询号码 【1949976】，GSD为【"-"】
2023-11-21 15:12:48 ok && -
2023-11-21 15:12:51 CHB 1949976?1700550768 第 1 次 等待 3 秒
2023-11-21 15:12:54 CHB 1949976?1700550768 第 1 次 获取到号码【1949976】GSD
2023-11-21 15:12:54 未获取到号码【1949976】GSD，可能号码格式错误
2023-11-21 15:12:54 获取到号码【1949976】的GSD为【-】
2023-11-21 15:12:59 GSD insert 第 1 次 等待 3 秒
2023-11-21 15:13:02 {"status":"bad","gid":"596554","msg":"添加失败！号码【1949976(-|-)】已存在！"}
2023-11-21 15:13:02 随机等待 93 秒，约 1 分钟
2023-11-21 15:13:02 下次操作: 2023-11-21 15:14:35

2023-11-21 15:14:35 开始第 79 次操作

2023-11-21 15:14:35 开始操作号码 【1949977】
2023-11-21 15:14:39 GSD getOne 第 1 次 等待 3 秒
2023-11-21 15:14:42 查询号码 【1949977】，返回信息 {"status":"ok","msg":"-","gid":"596552","time_insert":"2023-03-17 15:39"}
2023-11-21 15:14:42 查询号码 【1949977】，GSD为【"-"】
2023-11-21 15:14:42 ok && -
2023-11-21 15:14:45 CHB 1949977?1700550882 第 1 次 等待 3 秒
2023-11-21 15:14:48 CHB 1949977?1700550882 第 1 次 获取到号码【1949977】GSD
2023-11-21 15:14:48 未获取到号码【1949977】GSD，可能号码格式错误
2023-11-21 15:14:48 获取到号码【1949977】的GSD为【-】
2023-11-21 15:14:51 GSD insert 第 1 次 等待 3 秒
2023-11-21 15:14:54 {"status":"bad","gid":"596552","msg":"添加失败！号码【1949977(-|-)】已存在！"}
2023-11-21 15:14:54 随机等待 182 秒，约 3 分钟
2023-11-21 15:14:54 下次操作: 2023-11-21 15:17:56

2023-11-21 15:17:56 开始第 80 次操作

2023-11-21 15:17:56 开始操作号码 【1949978】
2023-11-21 15:18:00 GSD getOne 第 1 次 等待 3 秒
2023-11-21 15:18:03 查询号码 【1949978】，返回信息 {"status":"ok","msg":"-","gid":"596547","time_insert":"2023-03-17 15:36"}
2023-11-21 15:18:03 查询号码 【1949978】，GSD为【"-"】
2023-11-21 15:18:03 ok && -
2023-11-21 15:18:06 CHB 1949978?1700551083 第 1 次 等待 3 秒
2023-11-21 15:18:09 CHB 1949978?1700551083 第 1 次 获取到号码【1949978】GSD
2023-11-21 15:18:09 未获取到号码【1949978】GSD，可能号码格式错误
2023-11-21 15:18:09 获取到号码【1949978】的GSD为【-】
2023-11-21 15:18:14 GSD insert 第 1 次 等待 3 秒
2023-11-21 15:18:17 {"status":"bad","gid":"596547","msg":"添加失败！号码【1949978(-|-)】已存在！"}

2023-11-21 15:33:05 开始第 81 次操作

2023-11-21 15:33:05 开始操作号码 【1949979】
2023-11-21 15:33:08 GSD getOne 第 1 次 等待 3 秒
2023-11-21 15:33:11 查询号码 【1949979】，返回信息 {"status":"ok","msg":"-","gid":"596543","time_insert":"2023-03-17 15:33"}
2023-11-21 15:33:11 查询号码 【1949979】，GSD为【"-"】
2023-11-21 15:33:11 ok && -
2023-11-21 15:33:14 CHB 1949979?1700551991 第 1 次 等待 3 秒
2023-11-21 15:33:17 CHB 1949979?1700551991 第 1 次 获取到号码【1949979】GSD
2023-11-21 15:33:17 未获取到号码【1949979】GSD，可能号码格式错误
2023-11-21 15:33:17 获取到号码【1949979】的GSD为【-】
2023-11-21 15:33:21 GSD insert 第 1 次 等待 3 秒
2023-11-21 15:33:24 {"status":"bad","gid":"596543","msg":"添加失败！号码【1949979(-|-)】已存在！"}
2023-11-21 15:33:24 随机等待 139 秒，约 2 分钟
2023-11-21 15:33:24 下次操作: 2023-11-21 15:35:43

2023-11-21 15:35:43 开始第 82 次操作

2023-11-21 15:35:43 开始操作号码 【1949980】
2023-11-21 15:35:48 GSD getOne 第 1 次 等待 3 秒
2023-11-21 15:35:51 查询号码 【1949980】，返回信息 {"status":"ok","msg":"-","gid":"596531","time_insert":"2023-03-17 15:27"}
2023-11-21 15:35:51 查询号码 【1949980】，GSD为【"-"】
2023-11-21 15:35:51 ok && -
2023-11-21 15:35:53 CHB 1949980?1700552151 第 1 次 等待 3 秒
2023-11-21 15:35:56 CHB 1949980?1700552151 第 1 次 获取到号码【1949980】GSD
2023-11-21 15:35:56 未获取到号码【1949980】GSD，可能号码格式错误
2023-11-21 15:35:56 获取到号码【1949980】的GSD为【-】
2023-11-21 15:36:00 GSD insert 第 1 次 等待 3 秒
2023-11-21 15:36:03 {"status":"bad","gid":"596531","msg":"添加失败！号码【1949980(-|-)】已存在！"}
2023-11-21 15:36:03 随机等待 145 秒，约 2 分钟
2023-11-21 15:36:03 下次操作: 2023-11-21 15:38:28

2023-11-21 15:38:28 开始第 83 次操作

2023-11-21 15:38:28 开始操作号码 【1949981】
2023-11-21 15:38:35 GSD getOne 第 1 次 等待 3 秒
2023-11-21 15:38:38 查询号码 【1949981】，返回信息 {"status":"ok","msg":"-","gid":"596529","time_insert":"2023-03-17 15:25"}
2023-11-21 15:38:38 查询号码 【1949981】，GSD为【"-"】
2023-11-21 15:38:38 ok && -
2023-11-21 15:38:41 CHB 1949981?1700552318 第 1 次 等待 3 秒
2023-11-21 15:38:44 CHB 1949981?1700552318 第 1 次 获取到号码【1949981】GSD
2023-11-21 15:38:44 未获取到号码【1949981】GSD，可能号码格式错误
2023-11-21 15:38:44 获取到号码【1949981】的GSD为【-】
2023-11-21 15:38:48 GSD insert 第 1 次 等待 3 秒
2023-11-21 15:38:51 {"status":"bad","gid":"596529","msg":"添加失败！号码【1949981(-|-)】已存在！"}
2023-11-21 15:38:51 随机等待 216 秒，约 3 分钟
2023-11-21 15:38:51 下次操作: 2023-11-21 15:42:27

2023-11-21 15:42:27 开始第 84 次操作

2023-11-21 15:42:27 开始操作号码 【1949982】
2023-11-21 15:42:30 GSD getOne 第 1 次 等待 3 秒
2023-11-21 15:42:33 查询号码 【1949982】，返回信息 {"status":"ok","msg":"-","gid":"596525","time_insert":"2023-03-17 15:24"}
2023-11-21 15:42:33 查询号码 【1949982】，GSD为【"-"】
2023-11-21 15:42:33 ok && -
2023-11-21 15:42:35 CHB 1949982?1700552553 第 1 次 等待 3 秒
2023-11-21 15:42:38 CHB 1949982?1700552553 第 1 次 获取到号码【1949982】GSD
2023-11-21 15:42:38 未获取到号码【1949982】GSD，可能号码格式错误
2023-11-21 15:42:38 获取到号码【1949982】的GSD为【-】
2023-11-21 15:42:43 GSD insert 第 1 次 等待 3 秒
2023-11-21 15:42:46 {"status":"bad","gid":"596525","msg":"添加失败！号码【1949982(-|-)】已存在！"}

2023-11-21 16:12:04 开始第 85 次操作

2023-11-21 16:12:04 开始操作号码 【1949983】
2023-11-21 16:12:08 GSD getOne 第 1 次 等待 3 秒
2023-11-21 16:12:11 查询号码 【1949983】，返回信息 {"status":"ok","msg":"-","gid":"596524","time_insert":"2023-03-17 15:22"}
2023-11-21 16:12:11 查询号码 【1949983】，GSD为【"-"】
2023-11-21 16:12:11 ok && -
2023-11-21 16:12:14 CHB 1949983?1700554331 第 1 次 等待 3 秒
2023-11-21 16:12:17 CHB 1949983?1700554331 第 1 次 获取到号码【1949983】GSD
2023-11-21 16:12:17 未获取到号码【1949983】GSD，可能号码格式错误
2023-11-21 16:12:17 获取到号码【1949983】的GSD为【-】
2023-11-21 16:12:20 GSD insert 第 1 次 等待 3 秒
2023-11-21 16:12:23 {"status":"bad","gid":"596524","msg":"添加失败！号码【1949983(-|-)】已存在！"}
2023-11-21 16:12:23 随机等待 211 秒，约 3 分钟
2023-11-21 16:12:23 下次操作: 2023-11-21 16:15:54

2023-11-21 16:15:54 开始第 86 次操作

2023-11-21 16:15:54 开始操作号码 【1949984】
2023-11-21 16:15:59 GSD getOne 第 1 次 等待 3 秒
2023-11-21 16:16:02 查询号码 【1949984】，返回信息 {"status":"ok","msg":"-","gid":"596517","time_insert":"2023-03-17 15:17"}
2023-11-21 16:16:02 查询号码 【1949984】，GSD为【"-"】
2023-11-21 16:16:02 ok && -
2023-11-21 16:16:04 CHB 1949984?1700554562 第 1 次 等待 3 秒
2023-11-21 16:16:07 CHB 1949984?1700554562 第 1 次 获取到号码【1949984】GSD
2023-11-21 16:16:07 未获取到号码【1949984】GSD，可能号码格式错误
2023-11-21 16:16:07 获取到号码【1949984】的GSD为【-】
2023-11-21 16:16:12 GSD insert 第 1 次 等待 3 秒
2023-11-21 16:16:15 {"status":"bad","gid":"596517","msg":"添加失败！号码【1949984(-|-)】已存在！"}
2023-11-21 16:16:15 随机等待 174 秒，约 2 分钟
2023-11-21 16:16:15 下次操作: 2023-11-21 16:19:09

2023-11-21 16:19:09 开始第 87 次操作

2023-11-21 16:19:09 开始操作号码 【1949985】
2023-11-21 16:19:16 GSD getOne 第 1 次 等待 3 秒
2023-11-21 16:19:19 查询号码 【1949985】，返回信息 {"status":"ok","msg":"-","gid":"596510","time_insert":"2023-03-17 15:14"}
2023-11-21 16:19:19 查询号码 【1949985】，GSD为【"-"】
2023-11-21 16:19:19 ok && -
2023-11-21 16:19:21 CHB 1949985?1700554759 第 1 次 等待 3 秒
2023-11-21 16:19:24 CHB 1949985?1700554759 第 1 次 获取到号码【1949985】GSD
2023-11-21 16:19:24 未获取到号码【1949985】GSD，可能号码格式错误
2023-11-21 16:19:24 获取到号码【1949985】的GSD为【-】
2023-11-21 16:19:28 GSD insert 第 1 次 等待 3 秒
2023-11-21 16:19:31 {"status":"bad","gid":"596510","msg":"添加失败！号码【1949985(-|-)】已存在！"}
2023-11-21 16:19:31 随机等待 79 秒，约 1 分钟
2023-11-21 16:19:31 下次操作: 2023-11-21 16:20:50

2023-11-21 16:20:50 开始第 88 次操作

2023-11-21 16:20:50 开始操作号码 【1949986】
2023-11-21 16:20:53 GSD getOne 第 1 次 等待 3 秒
2023-11-21 16:20:56 查询号码 【1949986】，返回信息 {"status":"ok","msg":"-","gid":"596507","time_insert":"2023-03-17 15:11"}
2023-11-21 16:20:56 查询号码 【1949986】，GSD为【"-"】
2023-11-21 16:20:56 ok && -
2023-11-21 16:21:03 CHB 1949986?1700554856 第 1 次 等待 3 秒
2023-11-21 16:21:06 CHB 1949986?1700554856 第 1 次 获取到号码【1949986】GSD
2023-11-21 16:21:06 未获取到号码【1949986】GSD，可能号码格式错误
2023-11-21 16:21:06 获取到号码【1949986】的GSD为【-】
2023-11-21 16:21:10 GSD insert 第 1 次 等待 3 秒
2023-11-21 16:21:13 {"status":"bad","gid":"596507","msg":"添加失败！号码【1949986(-|-)】已存在！"}

