2024-02-15 00:10:31 开始第 3837 次操作

2024-02-15 00:10:31 开始操作号码 【1733736】
2024-02-15 00:10:37 GSD getOne 第 1 次 等待 3 秒
2024-02-15 00:10:40 查询号码 【1733736】，返回信息 {"status":"ok","msg":"河南-新乡","gid":"169857","time_insert":"2021-07-01 22:59"}
2024-02-15 00:10:40 查询号码 【1733736】，GSD为【"河南-新乡"】

2024-02-15 00:10:41 开始第 3838 次操作

2024-02-15 00:10:41 开始操作号码 【1733737】
2024-02-15 00:10:46 GSD getOne 第 1 次 等待 3 秒
2024-02-15 00:10:49 查询号码 【1733737】，返回信息 {"status":"ok","msg":"河南-新乡","gid":"169863","time_insert":"2021-07-01 23:00"}
2024-02-15 00:10:49 查询号码 【1733737】，GSD为【"河南-新乡"】

2024-02-15 00:10:50 开始第 3839 次操作

2024-02-15 00:10:50 开始操作号码 【1733738】
2024-02-15 00:10:55 GSD getOne 第 1 次 等待 3 秒
2024-02-15 00:10:58 查询号码 【1733738】，返回信息 {"status":"ok","msg":"河南-新乡","gid":"169870","time_insert":"2021-07-01 23:01"}
2024-02-15 00:10:58 查询号码 【1733738】，GSD为【"河南-新乡"】

2024-02-15 00:10:59 开始第 3840 次操作

2024-02-15 00:10:59 开始操作号码 【1733739】
2024-02-15 00:11:04 GSD getOne 第 1 次 等待 3 秒
2024-02-15 00:11:07 查询号码 【1733739】，返回信息 {"status":"ok","msg":"河南-新乡","gid":"169875","time_insert":"2021-07-01 23:02"}
2024-02-15 00:11:07 查询号码 【1733739】，GSD为【"河南-新乡"】

