2023-11-12 00:09:43 开始第 8325 次操作

2023-11-12 00:09:43 开始操作号码 【1948223】
2023-11-12 00:09:47 GSD getOne 第 1 次 等待 3 秒
2023-11-12 00:09:50 查询号码 【1948223】，返回信息 {"status":"ok","msg":"-","gid":"606212","time_insert":"2023-03-22 02:30"}
2023-11-12 00:09:50 查询号码 【1948223】，GSD为【"-"】
2023-11-12 00:09:50 ok && -
2023-11-12 00:09:57 CHB 1948223?1699718990 第 1 次 等待 3 秒
2023-11-12 00:10:00 CHB 1948223?1699718990 第 1 次 获取到号码【1948223】GSD
2023-11-12 00:10:00 未获取到号码【1948223】GSD，可能号码格式错误
2023-11-12 00:10:00 获取到号码【1948223】的GSD为【-】
2023-11-12 00:10:07 GSD insert 第 1 次 等待 3 秒
2023-11-12 00:10:10 {"status":"bad","gid":"606212","msg":"添加失败！号码【1948223(-|-)】已存在！"}
2023-11-12 00:10:10 随机等待 151 秒，约 2 分钟
2023-11-12 00:10:10 下次操作: 2023-11-12 00:12:41

2023-11-12 00:12:41 开始第 8326 次操作

2023-11-12 00:12:41 开始操作号码 【1948224】
2023-11-12 00:12:45 GSD getOne 第 1 次 等待 3 秒
2023-11-12 00:12:48 查询号码 【1948224】，返回信息 {"status":"ok","msg":"-","gid":"606198","time_insert":"2023-03-22 02:19"}
2023-11-12 00:12:48 查询号码 【1948224】，GSD为【"-"】
2023-11-12 00:12:48 ok && -
2023-11-12 00:12:53 CHB 1948224?1699719168 第 1 次 等待 3 秒
2023-11-12 00:12:56 CHB 1948224?1699719168 第 1 次 获取到号码【1948224】GSD
2023-11-12 00:12:56 未获取到号码【1948224】GSD，可能号码格式错误
2023-11-12 00:12:56 获取到号码【1948224】的GSD为【-】
2023-11-12 00:13:11 GSD insert 第 1 次 等待 3 秒
2023-11-12 00:13:14 {"status":"bad","gid":"606198","msg":"添加失败！号码【1948224(-|-)】已存在！"}
2023-11-12 00:13:14 随机等待 204 秒，约 3 分钟
2023-11-12 00:13:14 下次操作: 2023-11-12 00:16:38

2023-11-12 00:16:38 开始第 8327 次操作

2023-11-12 00:16:38 开始操作号码 【1948225】
2023-11-12 00:16:46 GSD getOne 第 1 次 等待 3 秒
2023-11-12 00:16:49 查询号码 【1948225】，返回信息 {"status":"ok","msg":"-","gid":"606194","time_insert":"2023-03-22 02:16"}
2023-11-12 00:16:49 查询号码 【1948225】，GSD为【"-"】
2023-11-12 00:16:49 ok && -
2023-11-12 00:16:52 CHB 1948225?1699719409 第 1 次 等待 3 秒
2023-11-12 00:16:55 CHB 1948225?1699719409 第 1 次 获取到号码【1948225】GSD
2023-11-12 00:16:55 未获取到号码【1948225】GSD，可能号码格式错误
2023-11-12 00:16:55 获取到号码【1948225】的GSD为【-】
2023-11-12 00:17:10 GSD insert 第 1 次 等待 3 秒
2023-11-12 00:17:13 {"status":"bad","gid":"606194","msg":"添加失败！号码【1948225(-|-)】已存在！"}
2023-11-12 00:17:14 随机等待 120 秒，约 2 分钟
2023-11-12 00:17:14 下次操作: 2023-11-12 00:19:14

2023-11-12 00:19:14 开始第 8328 次操作

2023-11-12 00:19:14 开始操作号码 【1948226】
2023-11-12 00:19:17 GSD getOne 第 1 次 等待 3 秒
2023-11-12 00:19:20 查询号码 【1948226】，返回信息 {"status":"ok","msg":"-","gid":"606189","time_insert":"2023-03-22 02:13"}
2023-11-12 00:19:20 查询号码 【1948226】，GSD为【"-"】
2023-11-12 00:19:20 ok && -
2023-11-12 00:19:23 CHB 1948226?1699719560 第 1 次 等待 3 秒
2023-11-12 00:19:26 CHB 1948226?1699719560 第 1 次 获取到号码【1948226】GSD
2023-11-12 00:19:26 未获取到号码【1948226】GSD，可能号码格式错误
2023-11-12 00:19:26 获取到号码【1948226】的GSD为【-】
2023-11-12 00:19:29 GSD insert 第 1 次 等待 3 秒
2023-11-12 00:19:32 {"status":"bad","gid":"606189","msg":"添加失败！号码【1948226(-|-)】已存在！"}

