2023-10-17 00:10:50 开始第 3569 次操作

2023-10-17 00:10:50 开始操作号码 【1943478】
2023-10-17 00:10:57 GSD getOne 第 1 次 等待 3 秒
2023-10-17 00:11:00 查询号码 【1943478】，返回信息 {"status":"ok","msg":"-","gid":"627433","time_insert":"2023-04-01 07:28"}
2023-10-17 00:11:00 查询号码 【1943478】，GSD为【"-"】
2023-10-17 00:11:00 ok && -
2023-10-17 00:11:02 CHB 1943478?1697472660 第 1 次 等待 3 秒
2023-10-17 00:11:05 CHB 1943478?1697472660 第 1 次 获取到号码【1943478】GSD
2023-10-17 00:11:05 未获取到号码【1943478】GSD，可能号码格式错误
2023-10-17 00:11:05 获取到号码【1943478】的GSD为【-】
2023-10-17 00:11:08 GSD insert 第 1 次 等待 3 秒
2023-10-17 00:11:11 {"status":"bad","gid":"627433","msg":"添加失败！号码【1943478(-|-)】已存在！"}
2023-10-17 00:11:11 随机等待 149 秒，约 2 分钟
2023-10-17 00:11:11 下次操作: 2023-10-17 00:13:40

2023-10-17 00:13:40 开始第 3570 次操作

2023-10-17 00:13:40 开始操作号码 【1943479】
2023-10-17 00:13:43 GSD getOne 第 1 次 等待 3 秒
2023-10-17 00:13:46 查询号码 【1943479】，返回信息 {"status":"ok","msg":"-","gid":"627459","time_insert":"2023-04-01 07:46"}
2023-10-17 00:13:46 查询号码 【1943479】，GSD为【"-"】
2023-10-17 00:13:46 ok && -
2023-10-17 00:13:53 CHB 1943479?1697472826 第 1 次 等待 3 秒
2023-10-17 00:13:56 CHB 1943479?1697472826 第 1 次 获取到号码【1943479】GSD
2023-10-17 00:13:56 未获取到号码【1943479】GSD，可能号码格式错误
2023-10-17 00:13:56 获取到号码【1943479】的GSD为【-】
2023-10-17 00:14:00 GSD insert 第 1 次 等待 3 秒
2023-10-17 00:14:03 {"status":"bad","gid":"627459","msg":"添加失败！号码【1943479(-|-)】已存在！"}
2023-10-17 00:14:03 随机等待 231 秒，约 3 分钟
2023-10-17 00:14:03 下次操作: 2023-10-17 00:17:54

2023-10-17 00:17:54 开始第 3571 次操作

2023-10-17 00:17:54 开始操作号码 【1943480】
2023-10-17 00:17:59 GSD getOne 第 1 次 等待 3 秒
2023-10-17 00:18:02 查询号码 【1943480】，返回信息 {"status":"ok","msg":"-","gid":"627488","time_insert":"2023-04-01 08:05"}
2023-10-17 00:18:02 查询号码 【1943480】，GSD为【"-"】
2023-10-17 00:18:02 ok && -
2023-10-17 00:18:09 CHB 1943480?1697473082 第 1 次 等待 3 秒
2023-10-17 00:18:12 CHB 1943480?1697473082 第 1 次 获取到号码【1943480】GSD
2023-10-17 00:18:12 未获取到号码【1943480】GSD，可能号码格式错误
2023-10-17 00:18:12 获取到号码【1943480】的GSD为【-】
2023-10-17 00:18:15 GSD insert 第 1 次 等待 3 秒
2023-10-17 00:18:18 {"status":"bad","gid":"627488","msg":"添加失败！号码【1943480(-|-)】已存在！"}
2023-10-17 00:18:18 随机等待 108 秒，约 1 分钟
2023-10-17 00:18:18 下次操作: 2023-10-17 00:20:06

2023-10-17 00:20:06 开始第 3572 次操作

2023-10-17 00:20:06 开始操作号码 【1943481】
2023-10-17 00:20:10 GSD getOne 第 1 次 等待 3 秒
2023-10-17 00:20:13 查询号码 【1943481】，返回信息 {"status":"ok","msg":"-","gid":"627503","time_insert":"2023-04-01 08:25"}
2023-10-17 00:20:13 查询号码 【1943481】，GSD为【"-"】
2023-10-17 00:20:13 ok && -
2023-10-17 00:20:20 CHB 1943481?1697473213 第 1 次 等待 3 秒
2023-10-17 00:20:23 CHB 1943481?1697473213 第 1 次 获取到号码【1943481】GSD
2023-10-17 00:20:23 未获取到号码【1943481】GSD，可能号码格式错误
2023-10-17 00:20:23 获取到号码【1943481】的GSD为【-】
2023-10-17 00:20:26 GSD insert 第 1 次 等待 3 秒
2023-10-17 00:20:29 {"status":"bad","gid":"627503","msg":"添加失败！号码【1943481(-|-)】已存在！"}

