2024-01-12 00:11:34 开始第 8469 次操作

2024-01-12 00:11:34 开始操作号码 【1848368】
2024-01-12 00:11:37 GSD getOne 第 1 次 等待 3 秒
2024-01-12 00:11:40 查询号码 【1848368】，返回信息 {"status":"ok","msg":"四川-成都","gid":"39517","time_insert":"2017-04-16 17:27","time_update":"2020-11-10 12:37"}
2024-01-12 00:11:40 查询号码 【1848368】，GSD为【"四川-成都"】

2024-01-12 00:11:41 开始第 8470 次操作

2024-01-12 00:11:41 开始操作号码 【1848369】
2024-01-12 00:11:47 GSD getOne 第 1 次 等待 3 秒
2024-01-12 00:11:50 查询号码 【1848369】，返回信息 {"status":"ok","msg":"四川-成都","gid":"39518","time_insert":"2018-04-21 20:08","time_update":"2020-11-10 12:42"}
2024-01-12 00:11:50 查询号码 【1848369】，GSD为【"四川-成都"】

2024-01-12 00:11:51 开始第 8471 次操作

2024-01-12 00:11:51 开始操作号码 【1848370】
2024-01-12 00:11:54 GSD getOne 第 1 次 等待 3 秒
2024-01-12 00:11:57 查询号码 【1848370】，返回信息 {"status":"ok","msg":"四川-成都","gid":"418437","time_insert":"2021-07-27 23:48"}
2024-01-12 00:11:58 查询号码 【1848370】，GSD为【"四川-成都"】

2024-01-12 00:11:59 开始第 8472 次操作

2024-01-12 00:11:59 开始操作号码 【1848371】
2024-01-12 00:12:01 GSD getOne 第 1 次 等待 3 秒
2024-01-12 00:12:04 查询号码 【1848371】，返回信息 {"status":"ok","msg":"四川-成都","gid":"418431","time_insert":"2021-07-27 23:47"}
2024-01-12 00:12:04 查询号码 【1848371】，GSD为【"四川-成都"】

2024-01-12 00:38:44 开始第 8473 次操作

2024-01-12 00:38:44 开始操作号码 【1848372】
2024-01-12 00:38:49 GSD getOne 第 1 次 等待 3 秒
2024-01-12 00:38:52 查询号码 【1848372】，返回信息 {"status":"ok","msg":"四川-成都","gid":"418424","time_insert":"2021-07-27 23:47"}
2024-01-12 00:38:52 查询号码 【1848372】，GSD为【"四川-成都"】

2024-01-12 00:38:53 开始第 8474 次操作

2024-01-12 00:38:53 开始操作号码 【1848373】
2024-01-12 00:38:57 GSD getOne 第 1 次 等待 3 秒
2024-01-12 00:39:00 查询号码 【1848373】，返回信息 {"status":"ok","msg":"四川-成都","gid":"418420","time_insert":"2021-07-27 23:46"}
2024-01-12 00:39:00 查询号码 【1848373】，GSD为【"四川-成都"】

2024-01-12 00:39:01 开始第 8475 次操作

2024-01-12 00:39:01 开始操作号码 【1848374】
2024-01-12 00:39:04 GSD getOne 第 1 次 等待 3 秒
2024-01-12 00:39:07 查询号码 【1848374】，返回信息 {"status":"ok","msg":"四川-成都","gid":"418415","time_insert":"2021-07-27 23:45"}
2024-01-12 00:39:08 查询号码 【1848374】，GSD为【"四川-成都"】

2024-01-12 00:39:09 开始第 8476 次操作

2024-01-12 00:39:09 开始操作号码 【1848375】
2024-01-12 00:39:13 GSD getOne 第 1 次 等待 3 秒
2024-01-12 00:39:16 查询号码 【1848375】，返回信息 {"status":"ok","msg":"四川-成都","gid":"418245","time_insert":"2021-07-27 23:04"}
2024-01-12 00:39:16 查询号码 【1848375】，GSD为【"四川-成都"】

