2024-08-22 00:26:49 开始第 449 次操作

2024-08-22 00:26:49 开始操作号码 【1400448】
2024-08-22 00:26:58 GSD getOne 第 1 次 等待 3 秒
2024-08-22 00:27:01 查询号码 【1400448】，返回信息 {"status":"ok","msg":"-","gid":"524783","time_insert":"2023-02-10 16:38"}
2024-08-22 00:27:01 查询号码 【1400448】，GSD为【"-"】
2024-08-22 00:27:01 ok && -
2024-08-22 00:27:03 CHB 1400448?1724257621 第 1 次 等待 3 秒
2024-08-22 00:27:06 CHB 1400448?1724257621 第 1 次 获取到号码【1400448】GSD
2024-08-22 00:27:06 未获取到号码【1400448】GSD，可能号码格式错误
2024-08-22 00:27:06 获取到号码【1400448】的GSD为【-】
2024-08-22 00:27:16 GSD insert 第 1 次 等待 3 秒
2024-08-22 00:27:19 {"status":"bad","gid":"524783","msg":"添加失败！号码【1400448(-|-)】已存在！"}
2024-08-22 00:27:19 随机等待 154 秒，约 2 分钟
2024-08-22 00:27:19 下次操作: 2024-08-22 00:29:53

2024-08-22 00:29:53 开始第 450 次操作

2024-08-22 00:29:53 开始操作号码 【1400449】
2024-08-22 00:30:00 GSD getOne 第 1 次 等待 3 秒
2024-08-22 00:30:03 查询号码 【1400449】，返回信息 {"status":"ok","msg":"-","gid":"524796","time_insert":"2023-02-10 16:51"}
2024-08-22 00:30:03 查询号码 【1400449】，GSD为【"-"】
2024-08-22 00:30:03 ok && -
2024-08-22 00:30:05 CHB 1400449?1724257803 第 1 次 等待 3 秒
2024-08-22 00:30:08 CHB 1400449?1724257803 第 1 次 获取到号码【1400449】GSD
2024-08-22 00:30:08 未获取到号码【1400449】GSD，可能号码格式错误
2024-08-22 00:30:08 获取到号码【1400449】的GSD为【-】
2024-08-22 00:30:16 GSD insert 第 1 次 等待 3 秒
2024-08-22 00:30:19 {"status":"bad","gid":"524796","msg":"添加失败！号码【1400449(-|-)】已存在！"}
2024-08-22 00:30:19 随机等待 70 秒，约 1 分钟
2024-08-22 00:30:19 下次操作: 2024-08-22 00:31:29

2024-08-22 00:31:29 开始第 451 次操作

2024-08-22 00:31:29 开始操作号码 【1400450】
2024-08-22 00:31:37 GSD getOne 第 1 次 等待 3 秒
2024-08-22 00:31:40 查询号码 【1400450】，返回信息 {"status":"ok","msg":"-","gid":"524807","time_insert":"2023-02-10 17:02"}
2024-08-22 00:31:40 查询号码 【1400450】，GSD为【"-"】
2024-08-22 00:31:40 ok && -
2024-08-22 00:31:41 CHB 1400450?1724257900 第 1 次 等待 3 秒
2024-08-22 00:31:44 CHB 1400450?1724257900 第 1 次 获取到号码【1400450】GSD
2024-08-22 00:31:44 未获取到号码【1400450】GSD，可能号码格式错误
2024-08-22 00:31:44 获取到号码【1400450】的GSD为【-】
2024-08-22 00:31:52 GSD insert 第 1 次 等待 3 秒
2024-08-22 00:31:55 {"status":"bad","gid":"524807","msg":"添加失败！号码【1400450(-|-)】已存在！"}
2024-08-22 00:31:55 随机等待 93 秒，约 1 分钟
2024-08-22 00:31:55 下次操作: 2024-08-22 00:33:28

2024-08-22 00:33:28 开始第 452 次操作

2024-08-22 00:33:28 开始操作号码 【1400451】
2024-08-22 00:33:38 GSD getOne 第 1 次 等待 3 秒
2024-08-22 00:33:41 查询号码 【1400451】，返回信息 {"status":"ok","msg":"-","gid":"524821","time_insert":"2023-02-10 17:16"}
2024-08-22 00:33:41 查询号码 【1400451】，GSD为【"-"】
2024-08-22 00:33:41 ok && -
2024-08-22 00:33:43 CHB 1400451?1724258021 第 1 次 等待 3 秒
2024-08-22 00:33:46 CHB 1400451?1724258021 第 1 次 获取到号码【1400451】GSD
2024-08-22 00:33:46 未获取到号码【1400451】GSD，可能号码格式错误
2024-08-22 00:33:46 获取到号码【1400451】的GSD为【-】
2024-08-22 00:33:56 GSD insert 第 1 次 等待 3 秒
2024-08-22 00:33:59 {"status":"bad","gid":"524821","msg":"添加失败！号码【1400451(-|-)】已存在！"}

