2024-08-31 00:25:03 开始第 1969 次操作

2024-08-31 00:25:03 开始操作号码 【1401968】
2024-08-31 00:25:11 GSD getOne 第 1 次 等待 3 秒
2024-08-31 00:25:14 查询号码 【1401968】，返回信息 {"status":"ok","msg":"-","gid":"551818","time_insert":"2023-02-24 14:01"}
2024-08-31 00:25:15 查询号码 【1401968】，GSD为【"-"】
2024-08-31 00:25:15 ok && -
2024-08-31 00:25:16 CHB 1401968?1725035115 第 1 次 等待 3 秒
2024-08-31 00:25:19 CHB 1401968?1725035115 第 1 次 获取到号码【1401968】GSD
2024-08-31 00:25:19 未获取到号码【1401968】GSD，可能号码格式错误
2024-08-31 00:25:19 获取到号码【1401968】的GSD为【-】
2024-08-31 00:25:27 GSD insert 第 1 次 等待 3 秒
2024-08-31 00:25:30 {"status":"bad","gid":"551818","msg":"添加失败！号码【1401968(-|-)】已存在！"}
2024-08-31 00:25:30 随机等待 75 秒，约 1 分钟
2024-08-31 00:25:30 下次操作: 2024-08-31 00:26:45

2024-08-31 00:26:45 开始第 1970 次操作

2024-08-31 00:26:45 开始操作号码 【1401969】
2024-08-31 00:26:53 GSD getOne 第 1 次 等待 3 秒
2024-08-31 00:26:56 查询号码 【1401969】，返回信息 {"status":"ok","msg":"-","gid":"551835","time_insert":"2023-02-24 14:14"}
2024-08-31 00:26:56 查询号码 【1401969】，GSD为【"-"】
2024-08-31 00:26:56 ok && -
2024-08-31 00:26:58 CHB 1401969?1725035216 第 1 次 等待 3 秒
2024-08-31 00:27:01 CHB 1401969?1725035216 第 1 次 获取到号码【1401969】GSD
2024-08-31 00:27:01 未获取到号码【1401969】GSD，可能号码格式错误
2024-08-31 00:27:01 获取到号码【1401969】的GSD为【-】
2024-08-31 00:27:10 GSD insert 第 1 次 等待 3 秒
2024-08-31 00:27:13 {"status":"bad","gid":"551835","msg":"添加失败！号码【1401969(-|-)】已存在！"}
2024-08-31 00:27:13 随机等待 93 秒，约 1 分钟
2024-08-31 00:27:13 下次操作: 2024-08-31 00:28:46

2024-08-31 00:28:46 开始第 1971 次操作

2024-08-31 00:28:46 开始操作号码 【1401970】
2024-08-31 00:28:56 GSD getOne 第 1 次 等待 3 秒
2024-08-31 00:28:59 查询号码 【1401970】，返回信息 {"status":"ok","msg":"-","gid":"551845","time_insert":"2023-02-24 14:22"}
2024-08-31 00:28:59 查询号码 【1401970】，GSD为【"-"】
2024-08-31 00:28:59 ok && -
2024-08-31 00:29:01 CHB 1401970?1725035339 第 1 次 等待 3 秒
2024-08-31 00:29:04 CHB 1401970?1725035339 第 1 次 获取到号码【1401970】GSD
2024-08-31 00:29:04 未获取到号码【1401970】GSD，可能号码格式错误
2024-08-31 00:29:04 获取到号码【1401970】的GSD为【-】
2024-08-31 00:29:15 GSD insert 第 1 次 等待 3 秒
2024-08-31 00:29:18 {"status":"bad","gid":"551845","msg":"添加失败！号码【1401970(-|-)】已存在！"}
2024-08-31 00:29:18 随机等待 216 秒，约 3 分钟
2024-08-31 00:29:18 下次操作: 2024-08-31 00:32:54

2024-08-31 00:32:54 开始第 1972 次操作

2024-08-31 00:32:54 开始操作号码 【1401971】
2024-08-31 00:33:02 GSD getOne 第 1 次 等待 3 秒
2024-08-31 00:33:05 查询号码 【1401971】，返回信息 {"status":"ok","msg":"-","gid":"551864","time_insert":"2023-02-24 14:35"}
2024-08-31 00:33:05 查询号码 【1401971】，GSD为【"-"】
2024-08-31 00:33:05 ok && -
2024-08-31 00:33:07 CHB 1401971?1725035585 第 1 次 等待 3 秒
2024-08-31 00:33:10 CHB 1401971?1725035585 第 1 次 获取到号码【1401971】GSD
2024-08-31 00:33:10 未获取到号码【1401971】GSD，可能号码格式错误
2024-08-31 00:33:10 获取到号码【1401971】的GSD为【-】
2024-08-31 00:33:17 GSD insert 第 1 次 等待 3 秒
2024-08-31 00:33:20 {"status":"bad","gid":"551864","msg":"添加失败！号码【1401971(-|-)】已存在！"}

2024-08-31 00:43:56 开始第 1973 次操作

2024-08-31 00:43:56 开始操作号码 【1401972】
2024-08-31 00:44:04 GSD getOne 第 1 次 等待 3 秒
2024-08-31 00:44:07 查询号码 【1401972】，返回信息 {"status":"ok","msg":"-","gid":"551891","time_insert":"2023-02-24 14:52"}
2024-08-31 00:44:07 查询号码 【1401972】，GSD为【"-"】
2024-08-31 00:44:07 ok && -
2024-08-31 00:44:10 CHB 1401972?1725036247 第 1 次 等待 3 秒
2024-08-31 00:44:13 CHB 1401972?1725036247 第 1 次 获取到号码【1401972】GSD
2024-08-31 00:44:13 未获取到号码【1401972】GSD，可能号码格式错误
2024-08-31 00:44:13 获取到号码【1401972】的GSD为【-】
2024-08-31 00:44:21 GSD insert 第 1 次 等待 3 秒
2024-08-31 00:44:24 {"status":"bad","gid":"551891","msg":"添加失败！号码【1401972(-|-)】已存在！"}
2024-08-31 00:44:24 随机等待 214 秒，约 3 分钟
2024-08-31 00:44:24 下次操作: 2024-08-31 00:47:58

2024-08-31 00:47:58 开始第 1974 次操作

2024-08-31 00:47:58 开始操作号码 【1401973】
2024-08-31 00:48:06 GSD getOne 第 1 次 等待 3 秒
2024-08-31 00:48:09 查询号码 【1401973】，返回信息 {"status":"ok","msg":"-","gid":"551920","time_insert":"2023-02-24 15:10"}
2024-08-31 00:48:09 查询号码 【1401973】，GSD为【"-"】
2024-08-31 00:48:09 ok && -
2024-08-31 00:48:11 CHB 1401973?1725036489 第 1 次 等待 3 秒
2024-08-31 00:48:14 CHB 1401973?1725036489 第 1 次 获取到号码【1401973】GSD
2024-08-31 00:48:14 未获取到号码【1401973】GSD，可能号码格式错误
2024-08-31 00:48:14 获取到号码【1401973】的GSD为【-】
2024-08-31 00:48:22 GSD insert 第 1 次 等待 3 秒
2024-08-31 00:48:25 {"status":"bad","gid":"551920","msg":"添加失败！号码【1401973(-|-)】已存在！"}
2024-08-31 00:48:25 随机等待 161 秒，约 2 分钟
2024-08-31 00:48:25 下次操作: 2024-08-31 00:51:06

2024-08-31 00:51:06 开始第 1975 次操作

2024-08-31 00:51:06 开始操作号码 【1401974】
2024-08-31 00:51:13 GSD getOne 第 1 次 等待 3 秒
2024-08-31 00:51:16 查询号码 【1401974】，返回信息 {"status":"ok","msg":"-","gid":"551951","time_insert":"2023-02-24 15:27"}
2024-08-31 00:51:17 查询号码 【1401974】，GSD为【"-"】
2024-08-31 00:51:17 ok && -
2024-08-31 00:51:19 CHB 1401974?1725036677 第 1 次 等待 3 秒
2024-08-31 00:51:22 CHB 1401974?1725036677 第 1 次 获取到号码【1401974】GSD
2024-08-31 00:51:22 未获取到号码【1401974】GSD，可能号码格式错误
2024-08-31 00:51:22 获取到号码【1401974】的GSD为【-】
2024-08-31 00:51:30 GSD insert 第 1 次 等待 3 秒
2024-08-31 00:51:33 {"status":"bad","gid":"551951","msg":"添加失败！号码【1401974(-|-)】已存在！"}
2024-08-31 00:51:33 随机等待 83 秒，约 1 分钟
2024-08-31 00:51:33 下次操作: 2024-08-31 00:52:56

2024-08-31 00:52:56 开始第 1976 次操作

2024-08-31 00:52:56 开始操作号码 【1401975】
2024-08-31 00:53:03 GSD getOne 第 1 次 等待 3 秒
2024-08-31 00:53:06 查询号码 【1401975】，返回信息 {"status":"ok","msg":"-","gid":"551980","time_insert":"2023-02-24 15:43"}
2024-08-31 00:53:06 查询号码 【1401975】，GSD为【"-"】
2024-08-31 00:53:06 ok && -
2024-08-31 00:53:08 CHB 1401975?1725036786 第 1 次 等待 3 秒
2024-08-31 00:53:11 CHB 1401975?1725036786 第 1 次 获取到号码【1401975】GSD
2024-08-31 00:53:11 未获取到号码【1401975】GSD，可能号码格式错误
2024-08-31 00:53:11 获取到号码【1401975】的GSD为【-】
2024-08-31 00:53:19 GSD insert 第 1 次 等待 3 秒
2024-08-31 00:53:22 {"status":"bad","gid":"551980","msg":"添加失败！号码【1401975(-|-)】已存在！"}

