2023-11-19 00:09:49 开始第 9609 次操作

2023-11-19 00:09:49 开始操作号码 【1949507】
2023-11-19 00:09:52 GSD getOne 第 1 次 等待 3 秒
2023-11-19 00:09:55 查询号码 【1949507】，返回信息 {"status":"ok","msg":"-","gid":"599101","time_insert":"2023-03-18 19:53"}
2023-11-19 00:09:55 查询号码 【1949507】，GSD为【"-"】
2023-11-19 00:09:55 ok && -
2023-11-19 00:09:59 CHB 1949507?1700323795 第 1 次 等待 3 秒
2023-11-19 00:10:02 CHB 1949507?1700323795 第 1 次 获取到号码【1949507】GSD
2023-11-19 00:10:02 未获取到号码【1949507】GSD，可能号码格式错误
2023-11-19 00:10:02 获取到号码【1949507】的GSD为【-】
2023-11-19 00:10:07 GSD insert 第 1 次 等待 3 秒
2023-11-19 00:10:10 {"status":"bad","gid":"599101","msg":"添加失败！号码【1949507(-|-)】已存在！"}
2023-11-19 00:10:10 随机等待 166 秒，约 2 分钟
2023-11-19 00:10:10 下次操作: 2023-11-19 00:12:56

2023-11-19 00:12:56 开始第 9610 次操作

2023-11-19 00:12:56 开始操作号码 【1949508】
2023-11-19 00:12:59 GSD getOne 第 1 次 等待 3 秒
2023-11-19 00:13:02 查询号码 【1949508】，返回信息 {"status":"ok","msg":"-","gid":"599096","time_insert":"2023-03-18 19:50"}
2023-11-19 00:13:02 查询号码 【1949508】，GSD为【"-"】
2023-11-19 00:13:02 ok && -
2023-11-19 00:13:10 CHB 1949508?1700323982 第 1 次 等待 3 秒
2023-11-19 00:13:13 CHB 1949508?1700323982 第 1 次 获取到号码【1949508】GSD
2023-11-19 00:13:13 未获取到号码【1949508】GSD，可能号码格式错误
2023-11-19 00:13:13 获取到号码【1949508】的GSD为【-】
2023-11-19 00:13:19 GSD insert 第 1 次 等待 3 秒
2023-11-19 00:13:22 {"status":"bad","gid":"599096","msg":"添加失败！号码【1949508(-|-)】已存在！"}
2023-11-19 00:13:22 随机等待 149 秒，约 2 分钟
2023-11-19 00:13:22 下次操作: 2023-11-19 00:15:51

2023-11-19 00:15:51 开始第 9611 次操作

2023-11-19 00:15:51 开始操作号码 【1949509】
2023-11-19 00:15:58 GSD getOne 第 1 次 等待 3 秒
2023-11-19 00:16:01 查询号码 【1949509】，返回信息 {"status":"ok","msg":"-","gid":"599088","time_insert":"2023-03-18 19:47"}
2023-11-19 00:16:01 查询号码 【1949509】，GSD为【"-"】
2023-11-19 00:16:01 ok && -
2023-11-19 00:16:05 CHB 1949509?1700324161 第 1 次 等待 3 秒
2023-11-19 00:16:08 CHB 1949509?1700324161 第 1 次 获取到号码【1949509】GSD
2023-11-19 00:16:08 未获取到号码【1949509】GSD，可能号码格式错误
2023-11-19 00:16:08 获取到号码【1949509】的GSD为【-】
2023-11-19 00:16:16 GSD insert 第 1 次 等待 3 秒
2023-11-19 00:16:19 {"status":"bad","gid":"599088","msg":"添加失败！号码【1949509(-|-)】已存在！"}
2023-11-19 00:16:19 随机等待 90 秒，约 1 分钟
2023-11-19 00:16:19 下次操作: 2023-11-19 00:17:49

2023-11-19 00:17:49 开始第 9612 次操作

2023-11-19 00:17:49 开始操作号码 【1949510】
2023-11-19 00:17:54 GSD getOne 第 1 次 等待 3 秒
2023-11-19 00:17:57 查询号码 【1949510】，返回信息 {"status":"ok","msg":"-","gid":"599084","time_insert":"2023-03-18 19:44"}
2023-11-19 00:17:57 查询号码 【1949510】，GSD为【"-"】
2023-11-19 00:17:57 ok && -
2023-11-19 00:17:59 CHB 1949510?1700324277 第 1 次 等待 3 秒
2023-11-19 00:18:02 CHB 1949510?1700324277 第 1 次 获取到号码【1949510】GSD
2023-11-19 00:18:02 未获取到号码【1949510】GSD，可能号码格式错误
2023-11-19 00:18:02 获取到号码【1949510】的GSD为【-】
2023-11-19 00:18:07 GSD insert 第 1 次 等待 3 秒
2023-11-19 00:18:10 {"status":"bad","gid":"599084","msg":"添加失败！号码【1949510(-|-)】已存在！"}

