2024-04-10 00:09:55 开始第 2925 次操作

2024-04-10 00:09:55 开始操作号码 【1622825】
2024-04-10 00:10:01 GSD getOne 第 1 次 等待 3 秒
2024-04-10 00:10:04 查询号码 【1622825】，返回信息 {"status":"ok","msg":"四川-雅安","gid":"122212","time_insert":"2021-06-24 11:32"}
2024-04-10 00:10:04 查询号码 【1622825】，GSD为【"四川-雅安"】

2024-04-10 00:10:05 开始第 2926 次操作

2024-04-10 00:10:05 开始操作号码 【1622826】
2024-04-10 00:10:10 GSD getOne 第 1 次 等待 3 秒
2024-04-10 00:10:13 查询号码 【1622826】，返回信息 {"status":"ok","msg":"四川-甘孜","gid":"122219","time_insert":"2021-06-24 11:38"}
2024-04-10 00:10:13 查询号码 【1622826】，GSD为【"四川-甘孜"】

2024-04-10 00:10:14 开始第 2927 次操作

2024-04-10 00:10:14 开始操作号码 【1622827】
2024-04-10 00:10:19 GSD getOne 第 1 次 等待 3 秒
2024-04-10 00:10:22 查询号码 【1622827】，返回信息 {"status":"ok","msg":"四川-阿坝","gid":"122225","time_insert":"2021-06-24 11:42"}
2024-04-10 00:10:22 查询号码 【1622827】，GSD为【"四川-阿坝"】

2024-04-10 00:10:23 开始第 2928 次操作

2024-04-10 00:10:23 开始操作号码 【1622828】
2024-04-10 00:10:29 GSD getOne 第 1 次 等待 3 秒
2024-04-10 00:10:32 查询号码 【1622828】，返回信息 {"status":"ok","msg":"四川-德阳","gid":"122233","time_insert":"2021-06-24 11:46"}
2024-04-10 00:10:32 查询号码 【1622828】，GSD为【"四川-德阳"】

