2024-06-24 00:10:30 开始第 2417 次操作

2024-06-24 00:10:30 开始操作号码 【1512308】
2024-06-24 00:10:47 GSD getOne 第 1 次 等待 3 秒
2024-06-24 00:10:50 查询号码 【1512308】，返回信息 {"status":"ok","msg":"重庆-重庆","gid":"17008","time_insert":"2017-07-25 16:53","time_update":"2021-05-28 20:51"}
2024-06-24 00:10:50 查询号码 【1512308】，GSD为【"重庆-重庆"】

2024-06-24 00:10:51 开始第 2418 次操作

2024-06-24 00:10:51 开始操作号码 【1512309】
2024-06-24 00:11:07 GSD getOne 第 1 次 等待 3 秒
2024-06-24 00:11:10 查询号码 【1512309】，返回信息 {"status":"ok","msg":"重庆-重庆","gid":"17009","time_insert":"2016-12-23 13:12","time_update":"2021-05-28 21:05"}
2024-06-24 00:11:10 查询号码 【1512309】，GSD为【"重庆-重庆"】

2024-06-24 00:11:11 开始第 2419 次操作

2024-06-24 00:11:11 开始操作号码 【1512310】
2024-06-24 00:11:27 GSD getOne 第 1 次 等待 3 秒
2024-06-24 00:11:30 查询号码 【1512310】，返回信息 {"status":"ok","msg":"重庆-重庆","gid":"124837","time_insert":"2021-06-25 01:27"}
2024-06-24 00:11:31 查询号码 【1512310】，GSD为【"重庆-重庆"】

2024-06-24 00:11:32 开始第 2420 次操作

2024-06-24 00:11:32 开始操作号码 【1512311】
2024-06-24 00:11:46 GSD getOne 第 1 次 等待 3 秒
2024-06-24 00:11:49 查询号码 【1512311】，返回信息 {"status":"ok","msg":"重庆-重庆","gid":"17010","time_insert":"2017-05-10 16:05","time_update":"2021-05-28 21:22"}
2024-06-24 00:11:49 查询号码 【1512311】，GSD为【"重庆-重庆"】

