2024-01-06 00:09:59 开始第 7373 次操作

2024-01-06 00:09:59 开始操作号码 【1847272】
2024-01-06 00:10:02 GSD getOne 第 1 次 等待 3 秒
2024-01-06 00:10:05 查询号码 【1847272】，返回信息 {"status":"ok","msg":"湖南-常德","gid":"428665","time_insert":"2021-07-29 01:04"}
2024-01-06 00:10:05 查询号码 【1847272】，GSD为【"湖南-常德"】

2024-01-06 00:10:06 开始第 7374 次操作

2024-01-06 00:10:06 开始操作号码 【1847273】
2024-01-06 00:10:11 GSD getOne 第 1 次 等待 3 秒
2024-01-06 00:10:14 查询号码 【1847273】，返回信息 {"status":"ok","msg":"湖南-益阳","gid":"428661","time_insert":"2021-07-29 01:03"}
2024-01-06 00:10:14 查询号码 【1847273】，GSD为【"湖南-益阳"】

2024-01-06 00:10:16 开始第 7375 次操作

2024-01-06 00:10:16 开始操作号码 【1847274】
2024-01-06 00:10:19 GSD getOne 第 1 次 等待 3 秒
2024-01-06 00:10:22 查询号码 【1847274】，返回信息 {"status":"ok","msg":"湖南-娄底","gid":"428656","time_insert":"2021-07-29 01:02"}
2024-01-06 00:10:22 查询号码 【1847274】，GSD为【"湖南-娄底"】

2024-01-06 00:10:23 开始第 7376 次操作

2024-01-06 00:10:23 开始操作号码 【1847275】
2024-01-06 00:10:27 GSD getOne 第 1 次 等待 3 秒
2024-01-06 00:10:30 查询号码 【1847275】，返回信息 {"status":"ok","msg":"湖南-邵阳","gid":"428536","time_insert":"2021-07-29 00:18"}
2024-01-06 00:10:30 查询号码 【1847275】，GSD为【"湖南-邵阳"】

