2024-10-05 00:29:03 开始第 7613 次操作

2024-10-05 00:29:03 开始操作号码 【1407610】
2024-10-05 00:29:06 GSD getOne 第 1 次 等待 3 秒
2024-10-05 00:29:09 查询号码 【1407610】，返回信息 {"status":"ok","msg":"-","gid":"681123","time_insert":"2023-04-27 19:57"}
2024-10-05 00:29:09 查询号码 【1407610】，GSD为【"-"】
2024-10-05 00:29:09 ok && -
2024-10-05 00:29:11 CHB 1407610?1728059349 第 1 次 等待 3 秒
2024-10-05 00:29:14 CHB 1407610?1728059349 第 1 次 获取到号码【1407610】GSD
2024-10-05 00:29:14 未获取到号码【1407610】GSD，可能号码格式错误
2024-10-05 00:29:14 获取到号码【1407610】的GSD为【-】
2024-10-05 00:29:16 GSD insert 第 1 次 等待 3 秒
2024-10-05 00:29:19 {"status":"bad","gid":"681123","msg":"添加失败！号码【1407610(-|-)】已存在！"}
2024-10-05 00:29:19 随机等待 158 秒，约 2 分钟
2024-10-05 00:29:19 下次操作: 2024-10-05 00:31:57

2024-10-05 00:31:57 开始第 7614 次操作

2024-10-05 00:31:57 开始操作号码 【1407611】
2024-10-05 00:31:59 GSD getOne 第 1 次 等待 3 秒
2024-10-05 00:32:02 查询号码 【1407611】，返回信息 {"status":"ok","msg":"-","gid":"681142","time_insert":"2023-04-27 20:17"}
2024-10-05 00:32:02 查询号码 【1407611】，GSD为【"-"】
2024-10-05 00:32:02 ok && -
2024-10-05 00:32:04 CHB 1407611?1728059522 第 1 次 等待 3 秒
2024-10-05 00:32:07 CHB 1407611?1728059522 第 1 次 获取到号码【1407611】GSD
2024-10-05 00:32:07 未获取到号码【1407611】GSD，可能号码格式错误
2024-10-05 00:32:07 获取到号码【1407611】的GSD为【-】
2024-10-05 00:32:09 GSD insert 第 1 次 等待 3 秒
2024-10-05 00:32:12 {"status":"bad","gid":"681142","msg":"添加失败！号码【1407611(-|-)】已存在！"}
2024-10-05 00:32:12 随机等待 182 秒，约 3 分钟
2024-10-05 00:32:12 下次操作: 2024-10-05 00:35:14

2024-10-05 00:35:14 开始第 7615 次操作

2024-10-05 00:35:14 开始操作号码 【1407612】
2024-10-05 00:35:16 GSD getOne 第 1 次 等待 3 秒
2024-10-05 00:35:19 查询号码 【1407612】，返回信息 {"status":"ok","msg":"-","gid":"681156","time_insert":"2023-04-27 20:26"}
2024-10-05 00:35:19 查询号码 【1407612】，GSD为【"-"】
2024-10-05 00:35:19 ok && -
2024-10-05 00:35:21 CHB 1407612?1728059719 第 1 次 等待 3 秒
2024-10-05 00:35:24 CHB 1407612?1728059719 第 1 次 获取到号码【1407612】GSD
2024-10-05 00:35:24 未获取到号码【1407612】GSD，可能号码格式错误
2024-10-05 00:35:24 获取到号码【1407612】的GSD为【-】
2024-10-05 00:35:26 GSD insert 第 1 次 等待 3 秒
2024-10-05 00:35:29 {"status":"bad","gid":"681156","msg":"添加失败！号码【1407612(-|-)】已存在！"}
2024-10-05 00:35:29 随机等待 231 秒，约 3 分钟
2024-10-05 00:35:29 下次操作: 2024-10-05 00:39:20

2024-10-05 00:39:20 开始第 7616 次操作

2024-10-05 00:39:20 开始操作号码 【1407613】
2024-10-05 00:39:22 GSD getOne 第 1 次 等待 3 秒
2024-10-05 00:39:25 查询号码 【1407613】，返回信息 {"status":"ok","msg":"-","gid":"681175","time_insert":"2023-04-27 20:47"}
2024-10-05 00:39:25 查询号码 【1407613】，GSD为【"-"】
2024-10-05 00:39:25 ok && -
2024-10-05 00:39:26 CHB 1407613?1728059965 第 1 次 等待 3 秒
2024-10-05 00:39:29 CHB 1407613?1728059965 第 1 次 获取到号码【1407613】GSD
2024-10-05 00:39:29 未获取到号码【1407613】GSD，可能号码格式错误
2024-10-05 00:39:29 获取到号码【1407613】的GSD为【-】
2024-10-05 00:39:31 GSD insert 第 1 次 等待 3 秒
2024-10-05 00:39:34 {"status":"bad","gid":"681175","msg":"添加失败！号码【1407613(-|-)】已存在！"}

