2024-10-01 00:28:46 开始第 6973 次操作

2024-10-01 00:28:46 开始操作号码 【1406970】
2024-10-01 00:28:49 GSD getOne 第 1 次 等待 3 秒
2024-10-01 00:28:52 查询号码 【1406970】，返回信息 {"status":"ok","msg":"-","gid":"667152","time_insert":"2023-04-20 20:15"}
2024-10-01 00:28:52 查询号码 【1406970】，GSD为【"-"】
2024-10-01 00:28:52 ok && -
2024-10-01 00:28:54 CHB 1406970?1727713732 第 1 次 等待 3 秒
2024-10-01 00:28:57 CHB 1406970?1727713732 第 1 次 获取到号码【1406970】GSD
2024-10-01 00:28:57 未获取到号码【1406970】GSD，可能号码格式错误
2024-10-01 00:28:57 获取到号码【1406970】的GSD为【-】
2024-10-01 00:28:59 GSD insert 第 1 次 等待 3 秒
2024-10-01 00:29:02 {"status":"bad","gid":"667152","msg":"添加失败！号码【1406970(-|-)】已存在！"}
2024-10-01 00:29:02 随机等待 216 秒，约 3 分钟
2024-10-01 00:29:02 下次操作: 2024-10-01 00:32:38

2024-10-01 00:32:38 开始第 6974 次操作

2024-10-01 00:32:38 开始操作号码 【1406971】
2024-10-01 00:32:40 GSD getOne 第 1 次 等待 3 秒
2024-10-01 00:32:43 查询号码 【1406971】，返回信息 {"status":"ok","msg":"-","gid":"667172","time_insert":"2023-04-20 20:29"}
2024-10-01 00:32:43 查询号码 【1406971】，GSD为【"-"】
2024-10-01 00:32:43 ok && -
2024-10-01 00:32:45 CHB 1406971?1727713963 第 1 次 等待 3 秒
2024-10-01 00:32:48 CHB 1406971?1727713963 第 1 次 获取到号码【1406971】GSD
2024-10-01 00:32:48 未获取到号码【1406971】GSD，可能号码格式错误
2024-10-01 00:32:48 获取到号码【1406971】的GSD为【-】
2024-10-01 00:32:50 GSD insert 第 1 次 等待 3 秒
2024-10-01 00:32:53 {"status":"bad","gid":"667172","msg":"添加失败！号码【1406971(-|-)】已存在！"}
2024-10-01 00:32:53 随机等待 133 秒，约 2 分钟
2024-10-01 00:32:53 下次操作: 2024-10-01 00:35:06

2024-10-01 00:35:06 开始第 6975 次操作

2024-10-01 00:35:06 开始操作号码 【1406972】
2024-10-01 00:35:08 GSD getOne 第 1 次 等待 3 秒
2024-10-01 00:35:11 查询号码 【1406972】，返回信息 {"status":"ok","msg":"-","gid":"667190","time_insert":"2023-04-20 20:48"}
2024-10-01 00:35:11 查询号码 【1406972】，GSD为【"-"】
2024-10-01 00:35:11 ok && -
2024-10-01 00:35:14 CHB 1406972?1727714111 第 1 次 等待 3 秒
2024-10-01 00:35:17 CHB 1406972?1727714111 第 1 次 获取到号码【1406972】GSD
2024-10-01 00:35:17 未获取到号码【1406972】GSD，可能号码格式错误
2024-10-01 00:35:17 获取到号码【1406972】的GSD为【-】
2024-10-01 00:35:20 GSD insert 第 1 次 等待 3 秒
2024-10-01 00:35:23 {"status":"bad","gid":"667190","msg":"添加失败！号码【1406972(-|-)】已存在！"}
2024-10-01 00:35:23 随机等待 74 秒，约 1 分钟
2024-10-01 00:35:23 下次操作: 2024-10-01 00:36:37

2024-10-01 00:36:37 开始第 6976 次操作

2024-10-01 00:36:37 开始操作号码 【1406973】
2024-10-01 00:36:39 GSD getOne 第 1 次 等待 3 秒
2024-10-01 00:36:42 查询号码 【1406973】，返回信息 {"status":"ok","msg":"-","gid":"667210","time_insert":"2023-04-20 20:59"}
2024-10-01 00:36:42 查询号码 【1406973】，GSD为【"-"】
2024-10-01 00:36:42 ok && -
2024-10-01 00:36:44 CHB 1406973?1727714202 第 1 次 等待 3 秒
2024-10-01 00:36:47 CHB 1406973?1727714202 第 1 次 获取到号码【1406973】GSD
2024-10-01 00:36:47 未获取到号码【1406973】GSD，可能号码格式错误
2024-10-01 00:36:47 获取到号码【1406973】的GSD为【-】
2024-10-01 00:36:49 GSD insert 第 1 次 等待 3 秒
2024-10-01 00:36:52 {"status":"bad","gid":"667210","msg":"添加失败！号码【1406973(-|-)】已存在！"}

