2024-10-10 00:27:34 开始第 8425 次操作

2024-10-10 00:27:34 开始操作号码 【1408422】
2024-10-10 00:27:36 GSD getOne 第 1 次 等待 3 秒
2024-10-10 00:27:39 查询号码 【1408422】，返回信息 {"status":"ok","msg":"-","gid":"695035","time_insert":"2023-05-06 17:51"}
2024-10-10 00:27:39 查询号码 【1408422】，GSD为【"-"】
2024-10-10 00:27:39 ok && -
2024-10-10 00:27:43 CHB 1408422?1728491259 第 1 次 等待 3 秒
2024-10-10 00:27:46 CHB 1408422?1728491259 第 1 次 获取到号码【1408422】GSD
2024-10-10 00:27:46 未获取到号码【1408422】GSD，可能号码格式错误
2024-10-10 00:27:46 获取到号码【1408422】的GSD为【-】
2024-10-10 00:27:50 GSD insert 第 1 次 等待 3 秒
2024-10-10 00:27:53 {"status":"bad","gid":"695035","msg":"添加失败！号码【1408422(-|-)】已存在！"}
2024-10-10 00:27:53 随机等待 110 秒，约 1 分钟
2024-10-10 00:27:53 下次操作: 2024-10-10 00:29:43

2024-10-10 00:29:43 开始第 8426 次操作

2024-10-10 00:29:43 开始操作号码 【1408423】
2024-10-10 00:29:52 GSD getOne 第 1 次 等待 3 秒
2024-10-10 00:29:55 查询号码 【1408423】，返回信息 {"status":"ok","msg":"-","gid":"695047","time_insert":"2023-05-06 18:03"}
2024-10-10 00:29:55 查询号码 【1408423】，GSD为【"-"】
2024-10-10 00:29:55 ok && -
2024-10-10 00:29:56 CHB 1408423?1728491395 第 1 次 等待 3 秒
2024-10-10 00:29:59 CHB 1408423?1728491395 第 1 次 获取到号码【1408423】GSD
2024-10-10 00:29:59 未获取到号码【1408423】GSD，可能号码格式错误
2024-10-10 00:29:59 获取到号码【1408423】的GSD为【-】
2024-10-10 00:30:02 GSD insert 第 1 次 等待 3 秒
2024-10-10 00:30:05 {"status":"bad","gid":"695047","msg":"添加失败！号码【1408423(-|-)】已存在！"}
2024-10-10 00:30:05 随机等待 73 秒，约 1 分钟
2024-10-10 00:30:05 下次操作: 2024-10-10 00:31:18

2024-10-10 00:31:18 开始第 8427 次操作

2024-10-10 00:31:18 开始操作号码 【1408424】
2024-10-10 00:31:20 GSD getOne 第 1 次 等待 3 秒
2024-10-10 00:31:23 查询号码 【1408424】，返回信息 {"status":"ok","msg":"-","gid":"695068","time_insert":"2023-05-06 18:25"}
2024-10-10 00:31:23 查询号码 【1408424】，GSD为【"-"】
2024-10-10 00:31:23 ok && -
2024-10-10 00:31:27 CHB 1408424?1728491483 第 1 次 等待 3 秒
2024-10-10 00:31:30 CHB 1408424?1728491483 第 1 次 获取到号码【1408424】GSD
2024-10-10 00:31:30 未获取到号码【1408424】GSD，可能号码格式错误
2024-10-10 00:31:30 获取到号码【1408424】的GSD为【-】
2024-10-10 00:31:32 GSD insert 第 1 次 等待 3 秒
2024-10-10 00:31:35 {"status":"bad","gid":"695068","msg":"添加失败！号码【1408424(-|-)】已存在！"}
2024-10-10 00:31:35 随机等待 163 秒，约 2 分钟
2024-10-10 00:31:35 下次操作: 2024-10-10 00:34:18

2024-10-10 00:34:18 开始第 8428 次操作

2024-10-10 00:34:18 开始操作号码 【1408425】
2024-10-10 00:34:20 GSD getOne 第 1 次 等待 3 秒
2024-10-10 00:34:23 查询号码 【1408425】，返回信息 {"status":"ok","msg":"-","gid":"695078","time_insert":"2023-05-06 18:37"}
2024-10-10 00:34:23 查询号码 【1408425】，GSD为【"-"】
2024-10-10 00:34:23 ok && -
2024-10-10 00:35:38 CHB 1408425?1728491663 第 1 次 等待 3 秒
2024-10-10 00:35:41 CHB 1408425?1728491663 第 1 次 获取到号码【1408425】GSD
2024-10-10 00:35:41 未获取到号码【1408425】GSD，可能号码格式错误
2024-10-10 00:35:41 获取到号码【1408425】的GSD为【-】
2024-10-10 00:35:46 GSD insert 第 1 次 等待 3 秒
2024-10-10 00:35:49 {"status":"bad","gid":"695078","msg":"添加失败！号码【1408425(-|-)】已存在！"}

