2024-01-03 00:09:55 开始第 6821 次操作

2024-01-03 00:09:55 开始操作号码 【1846720】
2024-01-03 00:09:59 GSD getOne 第 1 次 等待 3 秒
2024-01-03 00:10:02 查询号码 【1846720】，返回信息 {"status":"ok","msg":"青海-西宁","gid":"434075","time_insert":"2021-07-29 14:01"}
2024-01-03 00:10:02 查询号码 【1846720】，GSD为【"青海-西宁"】

2024-01-03 00:10:03 开始第 6822 次操作

2024-01-03 00:10:03 开始操作号码 【1846721】
2024-01-03 00:10:06 GSD getOne 第 1 次 等待 3 秒
2024-01-03 00:10:09 查询号码 【1846721】，返回信息 {"status":"ok","msg":"青海-西宁","gid":"434065","time_insert":"2021-07-29 14:00"}
2024-01-03 00:10:09 查询号码 【1846721】，GSD为【"青海-西宁"】

2024-01-03 00:10:10 开始第 6823 次操作

2024-01-03 00:10:10 开始操作号码 【1846722】
2024-01-03 00:10:13 GSD getOne 第 1 次 等待 3 秒
2024-01-03 00:10:16 查询号码 【1846722】，返回信息 {"status":"ok","msg":"青海-西宁","gid":"434053","time_insert":"2021-07-29 13:59"}
2024-01-03 00:10:16 查询号码 【1846722】，GSD为【"青海-西宁"】

2024-01-03 00:10:17 开始第 6824 次操作

2024-01-03 00:10:17 开始操作号码 【1846723】
2024-01-03 00:10:20 GSD getOne 第 1 次 等待 3 秒
2024-01-03 00:10:23 查询号码 【1846723】，返回信息 {"status":"ok","msg":"青海-西宁","gid":"434039","time_insert":"2021-07-29 13:58"}
2024-01-03 00:10:23 查询号码 【1846723】，GSD为【"青海-西宁"】

