2024-07-11 00:11:38 开始第 5505 次操作

2024-07-11 00:11:38 开始操作号码 【1515395】
2024-07-11 00:11:46 GSD getOne 第 1 次 等待 3 秒
2024-07-11 00:11:49 查询号码 【1515395】，返回信息 {"status":"ok","msg":"山东-临沂","gid":"366886","time_insert":"2021-07-23 15:04"}
2024-07-11 00:11:50 查询号码 【1515395】，GSD为【"山东-临沂"】

2024-07-11 00:11:51 开始第 5506 次操作

2024-07-11 00:11:51 开始操作号码 【1515396】
2024-07-11 00:11:59 GSD getOne 第 1 次 等待 3 秒
2024-07-11 00:12:02 查询号码 【1515396】，返回信息 {"status":"ok","msg":"山东-临沂","gid":"367037","time_insert":"2021-07-23 15:16"}
2024-07-11 00:12:02 查询号码 【1515396】，GSD为【"山东-临沂"】

2024-07-11 00:12:03 开始第 5507 次操作

2024-07-11 00:12:03 开始操作号码 【1515397】
2024-07-11 00:12:12 GSD getOne 第 1 次 等待 3 秒
2024-07-11 00:12:15 查询号码 【1515397】，返回信息 {"status":"ok","msg":"山东-临沂","gid":"17420","time_insert":"2017-07-03 05:24","time_update":"2021-05-29 16:21"}
2024-07-11 00:12:15 查询号码 【1515397】，GSD为【"山东-临沂"】

2024-07-11 00:12:16 开始第 5508 次操作

2024-07-11 00:12:16 开始操作号码 【1515398】
2024-07-11 00:12:25 GSD getOne 第 1 次 等待 3 秒
2024-07-11 00:12:28 查询号码 【1515398】，返回信息 {"status":"ok","msg":"山东-临沂","gid":"367139","time_insert":"2021-07-23 15:28"}
2024-07-11 00:12:28 查询号码 【1515398】，GSD为【"山东-临沂"】

2024-07-11 00:38:13 开始第 5509 次操作

2024-07-11 00:38:13 开始操作号码 【1515399】
2024-07-11 00:38:21 GSD getOne 第 1 次 等待 3 秒
2024-07-11 00:38:24 查询号码 【1515399】，返回信息 {"status":"ok","msg":"山东-临沂","gid":"367215","time_insert":"2021-07-23 15:39"}
2024-07-11 00:38:24 查询号码 【1515399】，GSD为【"山东-临沂"】

2024-07-11 00:38:25 开始第 5510 次操作

2024-07-11 00:38:25 开始操作号码 【1515400】
2024-07-11 00:38:35 GSD getOne 第 1 次 等待 3 秒
2024-07-11 00:38:38 查询号码 【1515400】，返回信息 {"status":"ok","msg":"山东-威海","gid":"367397","time_insert":"2021-07-23 15:51"}
2024-07-11 00:38:38 查询号码 【1515400】，GSD为【"山东-威海"】

2024-07-11 00:38:39 开始第 5511 次操作

2024-07-11 00:38:39 开始操作号码 【1515401】
2024-07-11 00:38:50 GSD getOne 第 1 次 等待 3 秒
2024-07-11 00:38:53 查询号码 【1515401】，返回信息 {"status":"ok","msg":"山东-威海","gid":"367547","time_insert":"2021-07-23 16:03"}
2024-07-11 00:38:53 查询号码 【1515401】，GSD为【"山东-威海"】

2024-07-11 00:38:54 开始第 5512 次操作

2024-07-11 00:38:54 开始操作号码 【1515402】
2024-07-11 00:39:02 GSD getOne 第 1 次 等待 3 秒
2024-07-11 00:39:05 查询号码 【1515402】，返回信息 {"status":"ok","msg":"山东-威海","gid":"367633","time_insert":"2021-07-23 16:18"}
2024-07-11 00:39:05 查询号码 【1515402】，GSD为【"山东-威海"】

