2024-07-18 00:11:48 开始第 6761 次操作

2024-07-18 00:11:48 开始操作号码 【1516651】
2024-07-18 00:12:02 GSD getOne 第 1 次 等待 3 秒
2024-07-18 00:12:05 查询号码 【1516651】，返回信息 {"status":"ok","msg":"山东-聊城","gid":"471890","time_insert":"2021-08-01 21:41"}
2024-07-18 00:12:05 查询号码 【1516651】，GSD为【"山东-聊城"】

2024-07-18 00:12:06 开始第 6762 次操作

2024-07-18 00:12:06 开始操作号码 【1516652】
2024-07-18 00:12:20 GSD getOne 第 1 次 等待 3 秒
2024-07-18 00:12:23 查询号码 【1516652】，返回信息 {"status":"ok","msg":"山东-聊城","gid":"471957","time_insert":"2021-08-01 21:45"}
2024-07-18 00:12:23 查询号码 【1516652】，GSD为【"山东-聊城"】

2024-07-18 00:12:24 开始第 6763 次操作

2024-07-18 00:12:24 开始操作号码 【1516653】
2024-07-18 00:12:33 GSD getOne 第 1 次 等待 3 秒
2024-07-18 00:12:36 查询号码 【1516653】，返回信息 {"status":"ok","msg":"山东-聊城","gid":"472136","time_insert":"2021-08-01 21:57"}
2024-07-18 00:12:36 查询号码 【1516653】，GSD为【"山东-聊城"】

2024-07-18 00:12:37 开始第 6764 次操作

2024-07-18 00:12:37 开始操作号码 【1516654】
2024-07-18 00:12:48 GSD getOne 第 1 次 等待 3 秒
2024-07-18 00:12:51 查询号码 【1516654】，返回信息 {"status":"ok","msg":"山东-聊城","gid":"472178","time_insert":"2021-08-01 22:00"}
2024-07-18 00:12:51 查询号码 【1516654】，GSD为【"山东-聊城"】

