2024-03-16 00:11:21 开始第 9293 次操作

2024-03-16 00:11:21 开始操作号码 【1739192】
2024-03-16 00:11:28 GSD getOne 第 1 次 等待 3 秒
2024-03-16 00:11:31 查询号码 【1739192】，返回信息 {"status":"ok","msg":"陕西-西安","gid":"227573","time_insert":"2021-07-09 03:10"}
2024-03-16 00:11:31 查询号码 【1739192】，GSD为【"陕西-西安"】

2024-03-16 00:11:32 开始第 9294 次操作

2024-03-16 00:11:32 开始操作号码 【1739193】
2024-03-16 00:11:37 GSD getOne 第 1 次 等待 3 秒
2024-03-16 00:11:40 查询号码 【1739193】，返回信息 {"status":"ok","msg":"陕西-西安","gid":"227577","time_insert":"2021-07-09 03:11"}
2024-03-16 00:11:40 查询号码 【1739193】，GSD为【"陕西-西安"】

2024-03-16 00:11:41 开始第 9295 次操作

2024-03-16 00:11:41 开始操作号码 【1739194】
2024-03-16 00:11:46 GSD getOne 第 1 次 等待 3 秒
2024-03-16 00:11:49 查询号码 【1739194】，返回信息 {"status":"ok","msg":"陕西-西安","gid":"227582","time_insert":"2021-07-09 03:12"}
2024-03-16 00:11:49 查询号码 【1739194】，GSD为【"陕西-西安"】

2024-03-16 00:11:50 开始第 9296 次操作

2024-03-16 00:11:50 开始操作号码 【1739195】
2024-03-16 00:11:57 GSD getOne 第 1 次 等待 3 秒
2024-03-16 00:12:00 查询号码 【1739195】，返回信息 {"status":"ok","msg":"陕西-西安","gid":"227588","time_insert":"2021-07-09 03:13"}
2024-03-16 00:12:00 查询号码 【1739195】，GSD为【"陕西-西安"】

