2024-01-09 00:11:14 开始第 7925 次操作

2024-01-09 00:11:14 开始操作号码 【1847824】
2024-01-09 00:11:17 GSD getOne 第 1 次 等待 3 秒
2024-01-09 00:11:20 查询号码 【1847824】，返回信息 {"status":"ok","msg":"湖南-娄底","gid":"423609","time_insert":"2021-07-28 11:15"}
2024-01-09 00:11:20 查询号码 【1847824】，GSD为【"湖南-娄底"】

2024-01-09 00:11:21 开始第 7926 次操作

2024-01-09 00:11:21 开始操作号码 【1847825】
2024-01-09 00:11:24 GSD getOne 第 1 次 等待 3 秒
2024-01-09 00:11:27 查询号码 【1847825】，返回信息 {"status":"ok","msg":"湖南-邵阳","gid":"423604","time_insert":"2021-07-28 11:14"}
2024-01-09 00:11:27 查询号码 【1847825】，GSD为【"湖南-邵阳"】

2024-01-09 00:11:28 开始第 7927 次操作

2024-01-09 00:11:28 开始操作号码 【1847826】
2024-01-09 00:11:31 GSD getOne 第 1 次 等待 3 秒
2024-01-09 00:11:34 查询号码 【1847826】，返回信息 {"status":"ok","msg":"湖南-邵阳","gid":"423599","time_insert":"2021-07-28 11:13"}
2024-01-09 00:11:34 查询号码 【1847826】，GSD为【"湖南-邵阳"】

2024-01-09 00:11:35 开始第 7928 次操作

2024-01-09 00:11:35 开始操作号码 【1847827】
2024-01-09 00:11:38 GSD getOne 第 1 次 等待 3 秒
2024-01-09 00:11:41 查询号码 【1847827】，返回信息 {"status":"ok","msg":"湖南-邵阳","gid":"423593","time_insert":"2021-07-28 11:12"}
2024-01-09 00:11:41 查询号码 【1847827】，GSD为【"湖南-邵阳"】

