2024-04-15 06:19:44 开始第 3765 次操作

2024-04-15 06:19:44 开始操作号码 【1623665】
2024-04-15 06:19:52 GSD getOne 第 1 次 等待 3 秒
2024-04-15 06:19:55 查询号码 【1623665】，返回信息 {"status":"ok","msg":"河北-唐山","gid":"137090","time_insert":"2021-06-27 05:38"}
2024-04-15 06:19:55 查询号码 【1623665】，GSD为【"河北-唐山"】

2024-04-15 06:19:56 开始第 3766 次操作

2024-04-15 06:19:56 开始操作号码 【1623666】
2024-04-15 06:20:04 GSD getOne 第 1 次 等待 3 秒
2024-04-15 06:20:07 查询号码 【1623666】，返回信息 {"status":"ok","msg":"-","gid":"137099","time_insert":"2021-06-27 05:43"}
2024-04-15 06:20:07 查询号码 【1623666】，GSD为【"-"】
2024-04-15 06:20:07 ok && -
2024-04-15 06:20:09 CHB 1623666?1713133207 第 1 次 等待 3 秒
2024-04-15 06:20:12 CHB 1623666?1713133207 第 1 次 获取到号码【1623666】GSD
2024-04-15 06:20:12 未获取到号码【1623666】GSD，可能号码格式错误
2024-04-15 06:20:12 获取到号码【1623666】的GSD为【-】
2024-04-15 06:20:18 GSD insert 第 1 次 等待 3 秒
2024-04-15 06:20:21 {"status":"bad","gid":"137099","msg":"添加失败！号码【1623666(-|-)】已存在！"}
2024-04-15 06:20:21 随机等待 104 秒，约 1 分钟
2024-04-15 06:20:21 下次操作: 2024-04-15 06:22:05

2024-04-15 06:22:05 开始第 3767 次操作

2024-04-15 06:22:05 开始操作号码 【1623667】
2024-04-15 06:22:10 GSD getOne 第 1 次 等待 3 秒
2024-04-15 06:22:13 查询号码 【1623667】，返回信息 {"status":"ok","msg":"河北-唐山","gid":"137146","time_insert":"2021-06-27 05:49"}
2024-04-15 06:22:13 查询号码 【1623667】，GSD为【"河北-唐山"】

2024-04-15 06:22:14 开始第 3768 次操作

2024-04-15 06:22:14 开始操作号码 【1623668】
2024-04-15 06:22:19 GSD getOne 第 1 次 等待 3 秒
2024-04-15 06:22:22 查询号码 【1623668】，返回信息 {"status":"ok","msg":"河北-承德","gid":"137183","time_insert":"2021-06-27 05:53"}
2024-04-15 06:22:22 查询号码 【1623668】，GSD为【"河北-承德"】

