2024-03-01 00:10:02 开始第 6597 次操作

2024-03-01 00:10:02 开始操作号码 【1736496】
2024-03-01 00:10:06 GSD getOne 第 1 次 等待 3 秒
2024-03-01 00:10:09 查询号码 【1736496】，返回信息 {"status":"ok","msg":"四川-绵阳","gid":"198150","time_insert":"2021-07-05 13:53"}
2024-03-01 00:10:10 查询号码 【1736496】，GSD为【"四川-绵阳"】

2024-03-01 00:10:11 开始第 6598 次操作

2024-03-01 00:10:11 开始操作号码 【1736497】
2024-03-01 00:10:16 GSD getOne 第 1 次 等待 3 秒
2024-03-01 00:10:19 查询号码 【1736497】，返回信息 {"status":"ok","msg":"四川-南充","gid":"198159","time_insert":"2021-07-05 13:54"}
2024-03-01 00:10:19 查询号码 【1736497】，GSD为【"四川-南充"】

2024-03-01 00:10:20 开始第 6599 次操作

2024-03-01 00:10:20 开始操作号码 【1736498】
2024-03-01 00:10:25 GSD getOne 第 1 次 等待 3 秒
2024-03-01 00:10:28 查询号码 【1736498】，返回信息 {"status":"ok","msg":"四川-南充","gid":"198167","time_insert":"2021-07-05 13:55"}
2024-03-01 00:10:29 查询号码 【1736498】，GSD为【"四川-南充"】

2024-03-01 00:10:30 开始第 6600 次操作

2024-03-01 00:10:30 开始操作号码 【1736499】
2024-03-01 00:10:35 GSD getOne 第 1 次 等待 3 秒
2024-03-01 00:10:38 查询号码 【1736499】，返回信息 {"status":"ok","msg":"四川-南充","gid":"198175","time_insert":"2021-07-05 13:56"}
2024-03-01 00:10:38 查询号码 【1736499】，GSD为【"四川-南充"】

2024-03-01 00:33:50 开始第 6601 次操作

2024-03-01 00:33:50 开始操作号码 【1736500】
2024-03-01 00:33:55 GSD getOne 第 1 次 等待 3 秒
2024-03-01 00:33:58 查询号码 【1736500】，返回信息 {"status":"ok","msg":"贵州-贵阳","gid":"198181","time_insert":"2021-07-05 13:57"}
2024-03-01 00:33:58 查询号码 【1736500】，GSD为【"贵州-贵阳"】

2024-03-01 00:33:59 开始第 6602 次操作

2024-03-01 00:33:59 开始操作号码 【1736501】
2024-03-01 00:34:04 GSD getOne 第 1 次 等待 3 秒
2024-03-01 00:34:07 查询号码 【1736501】，返回信息 {"status":"ok","msg":"贵州-贵阳","gid":"198188","time_insert":"2021-07-05 13:57"}
2024-03-01 00:34:07 查询号码 【1736501】，GSD为【"贵州-贵阳"】

2024-03-01 00:34:08 开始第 6603 次操作

2024-03-01 00:34:08 开始操作号码 【1736502】
2024-03-01 00:34:15 GSD getOne 第 1 次 等待 3 秒
2024-03-01 00:34:18 查询号码 【1736502】，返回信息 {"status":"ok","msg":"贵州-遵义","gid":"198198","time_insert":"2021-07-05 13:58"}
2024-03-01 00:34:18 查询号码 【1736502】，GSD为【"贵州-遵义"】

2024-03-01 00:34:19 开始第 6604 次操作

2024-03-01 00:34:19 开始操作号码 【1736503】
2024-03-01 00:34:25 GSD getOne 第 1 次 等待 3 秒
2024-03-01 00:34:28 查询号码 【1736503】，返回信息 {"status":"ok","msg":"贵州-遵义","gid":"198206","time_insert":"2021-07-05 13:59"}
2024-03-01 00:34:28 查询号码 【1736503】，GSD为【"贵州-遵义"】

