2024-10-08 00:28:36 开始第 8105 次操作

2024-10-08 00:28:36 开始操作号码 【1408102】
2024-10-08 00:28:38 GSD getOne 第 1 次 等待 3 秒
2024-10-08 00:28:41 查询号码 【1408102】，返回信息 {"status":"ok","msg":"-","gid":"690301","time_insert":"2023-05-03 04:44"}
2024-10-08 00:28:42 查询号码 【1408102】，GSD为【"-"】
2024-10-08 00:28:42 ok && -
2024-10-08 00:28:44 CHB 1408102?1728318522 第 1 次 等待 3 秒
2024-10-08 00:28:47 CHB 1408102?1728318522 第 1 次 获取到号码【1408102】GSD
2024-10-08 00:28:47 未获取到号码【1408102】GSD，可能号码格式错误
2024-10-08 00:28:47 获取到号码【1408102】的GSD为【-】
2024-10-08 00:28:49 GSD insert 第 1 次 等待 3 秒
2024-10-08 00:28:52 {"status":"bad","gid":"690301","msg":"添加失败！号码【1408102(-|-)】已存在！"}
2024-10-08 00:28:52 随机等待 148 秒，约 2 分钟
2024-10-08 00:28:52 下次操作: 2024-10-08 00:31:20

2024-10-08 00:31:20 开始第 8106 次操作

2024-10-08 00:31:20 开始操作号码 【1408103】
2024-10-08 00:31:23 GSD getOne 第 1 次 等待 3 秒
2024-10-08 00:31:26 查询号码 【1408103】，返回信息 {"status":"ok","msg":"-","gid":"690314","time_insert":"2023-05-03 04:53"}
2024-10-08 00:31:26 查询号码 【1408103】，GSD为【"-"】
2024-10-08 00:31:26 ok && -
2024-10-08 00:31:27 CHB 1408103?1728318686 第 1 次 等待 3 秒
2024-10-08 00:31:30 CHB 1408103?1728318686 第 1 次 获取到号码【1408103】GSD
2024-10-08 00:31:30 未获取到号码【1408103】GSD，可能号码格式错误
2024-10-08 00:31:30 获取到号码【1408103】的GSD为【-】
2024-10-08 00:31:32 GSD insert 第 1 次 等待 3 秒
2024-10-08 00:31:35 {"status":"bad","gid":"690314","msg":"添加失败！号码【1408103(-|-)】已存在！"}
2024-10-08 00:31:35 随机等待 82 秒，约 1 分钟
2024-10-08 00:31:35 下次操作: 2024-10-08 00:32:57

2024-10-08 00:32:57 开始第 8107 次操作

2024-10-08 00:32:57 开始操作号码 【1408104】
2024-10-08 00:32:59 GSD getOne 第 1 次 等待 3 秒
2024-10-08 00:33:02 查询号码 【1408104】，返回信息 {"status":"ok","msg":"-","gid":"690326","time_insert":"2023-05-03 05:10"}
2024-10-08 00:33:02 查询号码 【1408104】，GSD为【"-"】
2024-10-08 00:33:02 ok && -
2024-10-08 00:33:04 CHB 1408104?1728318782 第 1 次 等待 3 秒
2024-10-08 00:33:07 CHB 1408104?1728318782 第 1 次 获取到号码【1408104】GSD
2024-10-08 00:33:07 未获取到号码【1408104】GSD，可能号码格式错误
2024-10-08 00:33:07 获取到号码【1408104】的GSD为【-】
2024-10-08 00:33:09 GSD insert 第 1 次 等待 3 秒
2024-10-08 00:33:12 {"status":"bad","gid":"690326","msg":"添加失败！号码【1408104(-|-)】已存在！"}
2024-10-08 00:33:12 随机等待 199 秒，约 3 分钟
2024-10-08 00:33:12 下次操作: 2024-10-08 00:36:31

2024-10-08 00:36:31 开始第 8108 次操作

2024-10-08 00:36:31 开始操作号码 【1408105】
2024-10-08 00:36:33 GSD getOne 第 1 次 等待 3 秒
2024-10-08 00:36:36 查询号码 【1408105】，返回信息 {"status":"ok","msg":"-","gid":"690337","time_insert":"2023-05-03 05:21"}
2024-10-08 00:36:36 查询号码 【1408105】，GSD为【"-"】
2024-10-08 00:36:36 ok && -
2024-10-08 00:36:39 CHB 1408105?1728318996 第 1 次 等待 3 秒
2024-10-08 00:36:42 CHB 1408105?1728318996 第 1 次 获取到号码【1408105】GSD
2024-10-08 00:36:42 未获取到号码【1408105】GSD，可能号码格式错误
2024-10-08 00:36:42 获取到号码【1408105】的GSD为【-】
2024-10-08 00:36:44 GSD insert 第 1 次 等待 3 秒
2024-10-08 00:36:47 {"status":"bad","gid":"690337","msg":"添加失败！号码【1408105(-|-)】已存在！"}

