2023-09-28 00:10:44 开始第 301 次操作

2023-09-28 00:10:44 开始操作号码 【1940300】
2023-09-28 00:10:52 GSD getOne 第 1 次 等待 3 秒
2023-09-28 00:10:55 查询号码 【1940300】，返回信息 {"status":"ok","msg":"-","gid":"540034","time_insert":"2023-02-19 10:45"}
2023-09-28 00:10:55 查询号码 【1940300】，GSD为【"-"】
2023-09-28 00:10:55 ok && -
2023-09-28 00:10:58 CHB 1940300?1695831055 第 1 次 等待 3 秒
2023-09-28 00:11:01 CHB 1940300?1695831055 第 1 次 获取到号码【1940300】GSD
2023-09-28 00:11:01 未获取到号码【1940300】GSD，可能号码格式错误
2023-09-28 00:11:01 获取到号码【1940300】的GSD为【-】
2023-09-28 00:11:03 GSD insert 第 1 次 等待 3 秒
2023-09-28 00:11:06 {"status":"bad","gid":"540034","msg":"添加失败！号码【1940300(-|-)】已存在！"}
2023-09-28 00:11:06 随机等待 177 秒，约 2 分钟
2023-09-28 00:11:06 下次操作: 2023-09-28 00:14:03

2023-09-28 00:14:03 开始第 302 次操作

2023-09-28 00:14:03 开始操作号码 【1940301】
2023-09-28 00:14:06 GSD getOne 第 1 次 等待 3 秒
2023-09-28 00:14:09 查询号码 【1940301】，返回信息 {"status":"ok","msg":"-","gid":"540065","time_insert":"2023-02-19 11:03"}
2023-09-28 00:14:10 查询号码 【1940301】，GSD为【"-"】
2023-09-28 00:14:10 ok && -
2023-09-28 00:14:13 CHB 1940301?1695831250 第 1 次 等待 3 秒
2023-09-28 00:14:16 CHB 1940301?1695831250 第 1 次 获取到号码【1940301】GSD
2023-09-28 00:14:16 未获取到号码【1940301】GSD，可能号码格式错误
2023-09-28 00:14:16 获取到号码【1940301】的GSD为【-】
2023-09-28 00:14:18 GSD insert 第 1 次 等待 3 秒
2023-09-28 00:14:21 {"status":"bad","gid":"540065","msg":"添加失败！号码【1940301(-|-)】已存在！"}
2023-09-28 00:14:21 随机等待 95 秒，约 1 分钟
2023-09-28 00:14:21 下次操作: 2023-09-28 00:15:56

2023-09-28 00:15:56 开始第 303 次操作

2023-09-28 00:15:56 开始操作号码 【1940302】
2023-09-28 00:16:26 GSD getOne 第 1 次 等待 3 秒
2023-09-28 00:16:29 查询号码 【1940302】，返回信息 {"status":"ok","msg":"-","gid":"540085","time_insert":"2023-02-19 11:17"}
2023-09-28 00:16:29 查询号码 【1940302】，GSD为【"-"】
2023-09-28 00:16:29 ok && -
2023-09-28 00:16:32 CHB 1940302?1695831389 第 1 次 等待 3 秒
2023-09-28 00:16:35 CHB 1940302?1695831389 第 1 次 获取到号码【1940302】GSD
2023-09-28 00:16:35 未获取到号码【1940302】GSD，可能号码格式错误
2023-09-28 00:16:35 获取到号码【1940302】的GSD为【-】
2023-09-28 00:16:37 GSD insert 第 1 次 等待 3 秒
2023-09-28 00:16:40 {"status":"bad","gid":"540085","msg":"添加失败！号码【1940302(-|-)】已存在！"}
2023-09-28 00:16:40 随机等待 208 秒，约 3 分钟
2023-09-28 00:16:40 下次操作: 2023-09-28 00:20:08

2023-09-28 00:20:08 开始第 304 次操作

2023-09-28 00:20:08 开始操作号码 【1940303】
2023-09-28 00:20:09 GSD getOne 第 1 次 等待 3 秒
2023-09-28 00:20:12 查询号码 【1940303】，返回信息 {"status":"ok","msg":"-","gid":"540115","time_insert":"2023-02-19 11:36"}
2023-09-28 00:20:13 查询号码 【1940303】，GSD为【"-"】
2023-09-28 00:20:13 ok && -
2023-09-28 00:20:15 CHB 1940303?1695831613 第 1 次 等待 3 秒
2023-09-28 00:20:18 CHB 1940303?1695831613 第 1 次 获取到号码【1940303】GSD
2023-09-28 00:20:18 未获取到号码【1940303】GSD，可能号码格式错误
2023-09-28 00:20:18 获取到号码【1940303】的GSD为【-】
2023-09-28 00:20:20 GSD insert 第 1 次 等待 3 秒
2023-09-28 00:20:23 {"status":"bad","gid":"540115","msg":"添加失败！号码【1940303(-|-)】已存在！"}

