2024-03-12 00:10:19 开始第 8573 次操作

2024-03-12 00:10:19 开始操作号码 【1738472】
2024-03-12 00:10:27 GSD getOne 第 1 次 等待 3 秒
2024-03-12 00:10:30 查询号码 【1738472】，返回信息 {"status":"ok","msg":"重庆-重庆","gid":"29700","time_insert":"2017-07-07 14:02","time_update":"2021-01-14 09:19"}
2024-03-12 00:10:30 查询号码 【1738472】，GSD为【"重庆-重庆"】

2024-03-12 00:10:31 开始第 8574 次操作

2024-03-12 00:10:31 开始操作号码 【1738473】
2024-03-12 00:10:35 GSD getOne 第 1 次 等待 3 秒
2024-03-12 00:10:38 查询号码 【1738473】，返回信息 {"status":"ok","msg":"重庆-重庆","gid":"29701","time_insert":"2018-03-15 11:55","time_update":"2021-01-14 09:26"}
2024-03-12 00:10:38 查询号码 【1738473】，GSD为【"重庆-重庆"】

2024-03-12 00:10:39 开始第 8575 次操作

2024-03-12 00:10:39 开始操作号码 【1738474】
2024-03-12 00:10:43 GSD getOne 第 1 次 等待 3 秒
2024-03-12 00:10:46 查询号码 【1738474】，返回信息 {"status":"ok","msg":"重庆-重庆","gid":"219341","time_insert":"2021-07-08 03:40"}
2024-03-12 00:10:46 查询号码 【1738474】，GSD为【"重庆-重庆"】

2024-03-12 00:10:47 开始第 8576 次操作

2024-03-12 00:10:47 开始操作号码 【1738475】
2024-03-12 00:10:52 GSD getOne 第 1 次 等待 3 秒
2024-03-12 00:10:55 查询号码 【1738475】，返回信息 {"status":"ok","msg":"重庆-重庆","gid":"219348","time_insert":"2021-07-08 03:40"}
2024-03-12 00:10:55 查询号码 【1738475】，GSD为【"重庆-重庆"】

