2024-09-01 00:09:12 开始第 2131 次操作

2024-09-01 00:09:12 开始操作号码 【1402130】
2024-09-01 00:09:22 GSD getOne 第 1 次 等待 3 秒
2024-09-01 00:09:25 查询号码 【1402130】，返回信息 {"status":"ok","msg":"-","gid":"555329","time_insert":"2023-02-26 01:57"}
2024-09-01 00:09:25 查询号码 【1402130】，GSD为【"-"】
2024-09-01 00:09:25 ok && -
2024-09-01 00:11:39 CHB 1402130?1725120565 第 1 次 等待 3 秒
2024-09-01 00:11:42 CHB 1402130?1725120565 第 1 次 未获取到 等待 147 秒 下次操作: 2024-09-01 00:14:09
2024-09-01 00:16:24 CHB 1402130?1725120849 第 2 次 等待 3 秒
2024-09-01 00:16:27 CHB 1402130?1725120849 第 2 次 未获取到 等待 159 秒 下次操作: 2024-09-01 00:19:06
2024-09-01 00:21:21 CHB 1402130?1725121146 第 3 次 等待 3 秒
2024-09-01 00:21:24 CHB 1402130?1725121146 第 3 次 跳过号码【1402130】
2024-09-01 00:21:24 未获取到号码【1402130】源码
2024-09-01 00:21:24 获取到号码【1402130】的GSD为【-】
2024-09-01 00:21:35 GSD insert 第 1 次 等待 3 秒
2024-09-01 00:21:38 {"status":"bad","gid":"555329","msg":"添加失败！号码【1402130(-|-)】已存在！"}
2024-09-01 00:21:38 随机等待 116 秒，约 1 分钟
2024-09-01 00:21:38 下次操作: 2024-09-01 00:23:34

2024-09-01 00:23:34 开始第 2132 次操作

2024-09-01 00:23:34 开始操作号码 【1402131】
2024-09-01 00:23:43 GSD getOne 第 1 次 等待 3 秒
2024-09-01 00:23:46 查询号码 【1402131】，返回信息 {"status":"ok","msg":"-","gid":"555352","time_insert":"2023-02-26 02:13"}
2024-09-01 00:23:46 查询号码 【1402131】，GSD为【"-"】
2024-09-01 00:23:46 ok && -
2024-09-01 00:26:00 CHB 1402131?1725121426 第 1 次 等待 3 秒
2024-09-01 00:26:03 CHB 1402131?1725121426 第 1 次 未获取到 等待 75 秒 下次操作: 2024-09-01 00:27:18
2024-09-01 00:29:33 CHB 1402131?1725121638 第 2 次 等待 3 秒
2024-09-01 00:29:36 CHB 1402131?1725121638 第 2 次 未获取到 等待 133 秒 下次操作: 2024-09-01 00:31:49
2024-09-01 00:34:03 CHB 1402131?1725121909 第 3 次 等待 3 秒
2024-09-01 00:34:06 CHB 1402131?1725121909 第 3 次 跳过号码【1402131】
2024-09-01 00:34:06 未获取到号码【1402131】源码
2024-09-01 00:34:06 获取到号码【1402131】的GSD为【-】
2024-09-01 00:34:15 GSD insert 第 1 次 等待 3 秒
2024-09-01 00:34:18 {"status":"bad","gid":"555352","msg":"添加失败！号码【1402131(-|-)】已存在！"}

