2024-09-30 00:27:01 开始第 6821 次操作

2024-09-30 00:27:01 开始操作号码 【1406818】
2024-09-30 00:27:07 GSD getOne 第 1 次 等待 3 秒
2024-09-30 00:27:10 查询号码 【1406818】，返回信息 {"status":"ok","msg":"-","gid":"663403","time_insert":"2023-04-19 02:37"}
2024-09-30 00:27:10 查询号码 【1406818】，GSD为【"-"】
2024-09-30 00:27:10 ok && -
2024-09-30 00:27:11 CHB 1406818?1727627230 第 1 次 等待 3 秒
2024-09-30 00:27:14 CHB 1406818?1727627230 第 1 次 获取到号码【1406818】GSD
2024-09-30 00:27:14 未获取到号码【1406818】GSD，可能号码格式错误
2024-09-30 00:27:14 获取到号码【1406818】的GSD为【-】
2024-09-30 00:27:18 GSD insert 第 1 次 等待 3 秒
2024-09-30 00:27:21 {"status":"bad","gid":"663403","msg":"添加失败！号码【1406818(-|-)】已存在！"}
2024-09-30 00:27:21 随机等待 210 秒，约 3 分钟
2024-09-30 00:27:21 下次操作: 2024-09-30 00:30:51

2024-09-30 00:30:51 开始第 6822 次操作

2024-09-30 00:30:51 开始操作号码 【1406819】
2024-09-30 00:30:54 GSD getOne 第 1 次 等待 3 秒
2024-09-30 00:30:57 查询号码 【1406819】，返回信息 {"status":"ok","msg":"-","gid":"663433","time_insert":"2023-04-19 02:56"}
2024-09-30 00:30:57 查询号码 【1406819】，GSD为【"-"】
2024-09-30 00:30:57 ok && -
2024-09-30 00:30:58 CHB 1406819?1727627457 第 1 次 等待 3 秒
2024-09-30 00:31:01 CHB 1406819?1727627457 第 1 次 获取到号码【1406819】GSD
2024-09-30 00:31:01 未获取到号码【1406819】GSD，可能号码格式错误
2024-09-30 00:31:01 获取到号码【1406819】的GSD为【-】
2024-09-30 00:31:04 GSD insert 第 1 次 等待 3 秒
2024-09-30 00:31:07 {"status":"bad","gid":"663433","msg":"添加失败！号码【1406819(-|-)】已存在！"}
2024-09-30 00:31:07 随机等待 147 秒，约 2 分钟
2024-09-30 00:31:07 下次操作: 2024-09-30 00:33:34

2024-09-30 00:33:34 开始第 6823 次操作

2024-09-30 00:33:34 开始操作号码 【1406820】
2024-09-30 00:33:37 GSD getOne 第 1 次 等待 3 秒
2024-09-30 00:33:40 查询号码 【1406820】，返回信息 {"status":"ok","msg":"-","gid":"663462","time_insert":"2023-04-19 03:16"}
2024-09-30 00:33:40 查询号码 【1406820】，GSD为【"-"】
2024-09-30 00:33:40 ok && -
2024-09-30 00:33:41 CHB 1406820?1727627620 第 1 次 等待 3 秒
2024-09-30 00:33:44 CHB 1406820?1727627620 第 1 次 获取到号码【1406820】GSD
2024-09-30 00:33:44 未获取到号码【1406820】GSD，可能号码格式错误
2024-09-30 00:33:44 获取到号码【1406820】的GSD为【-】
2024-09-30 00:33:53 GSD insert 第 1 次 等待 3 秒
2024-09-30 00:33:56 {"status":"bad","gid":"663462","msg":"添加失败！号码【1406820(-|-)】已存在！"}
2024-09-30 00:33:56 随机等待 233 秒，约 3 分钟
2024-09-30 00:33:56 下次操作: 2024-09-30 00:37:49

2024-09-30 00:37:49 开始第 6824 次操作

2024-09-30 00:37:49 开始操作号码 【1406821】
2024-09-30 00:37:51 GSD getOne 第 1 次 等待 3 秒
2024-09-30 00:37:54 查询号码 【1406821】，返回信息 {"status":"ok","msg":"-","gid":"663503","time_insert":"2023-04-19 03:38"}
2024-09-30 00:37:54 查询号码 【1406821】，GSD为【"-"】
2024-09-30 00:37:54 ok && -
2024-09-30 00:37:55 CHB 1406821?1727627874 第 1 次 等待 3 秒
2024-09-30 00:37:58 CHB 1406821?1727627874 第 1 次 获取到号码【1406821】GSD
2024-09-30 00:37:58 未获取到号码【1406821】GSD，可能号码格式错误
2024-09-30 00:37:58 获取到号码【1406821】的GSD为【-】
2024-09-30 00:38:00 GSD insert 第 1 次 等待 3 秒
2024-09-30 00:38:03 {"status":"bad","gid":"663503","msg":"添加失败！号码【1406821(-|-)】已存在！"}

