2024-05-13 00:10:37 开始第 8837 次操作

2024-05-13 00:10:37 开始操作号码 【1628736】
2024-05-13 00:10:43 GSD getOne 第 1 次 等待 3 秒
2024-05-13 00:10:46 查询号码 【1628736】，返回信息 {"status":"ok","msg":"-","gid":"272723","time_insert":"2021-07-14 08:15"}
2024-05-13 00:10:46 查询号码 【1628736】，GSD为【"-"】
2024-05-13 00:10:46 ok && -
2024-05-13 00:11:32 CHB 1628736?1715530246 第 1 次 等待 3 秒
2024-05-13 00:11:35 CHB 1628736?1715530246 第 1 次 获取到号码【1628736】GSD
2024-05-13 00:11:35 未获取到号码【1628736】GSD，可能号码格式错误
2024-05-13 00:11:35 获取到号码【1628736】的GSD为【-】
2024-05-13 00:11:41 GSD insert 第 1 次 等待 3 秒
2024-05-13 00:11:44 {"status":"bad","gid":"272723","msg":"添加失败！号码【1628736(-|-)】已存在！"}
2024-05-13 00:11:44 随机等待 198 秒，约 3 分钟
2024-05-13 00:11:44 下次操作: 2024-05-13 00:15:02

2024-05-13 00:15:02 开始第 8838 次操作

2024-05-13 00:15:02 开始操作号码 【1628737】
2024-05-13 00:15:07 GSD getOne 第 1 次 等待 3 秒
2024-05-13 00:15:10 查询号码 【1628737】，返回信息 {"status":"ok","msg":"-","gid":"272733","time_insert":"2021-07-14 08:19"}
2024-05-13 00:15:10 查询号码 【1628737】，GSD为【"-"】
2024-05-13 00:15:10 ok && -
2024-05-13 00:15:12 CHB 1628737?1715530510 第 1 次 等待 3 秒
2024-05-13 00:15:15 CHB 1628737?1715530510 第 1 次 获取到号码【1628737】GSD
2024-05-13 00:15:15 未获取到号码【1628737】GSD，可能号码格式错误
2024-05-13 00:15:15 获取到号码【1628737】的GSD为【-】
2024-05-13 00:15:21 GSD insert 第 1 次 等待 3 秒
2024-05-13 00:15:24 {"status":"bad","gid":"272733","msg":"添加失败！号码【1628737(-|-)】已存在！"}
2024-05-13 00:15:24 随机等待 114 秒，约 1 分钟
2024-05-13 00:15:24 下次操作: 2024-05-13 00:17:18

2024-05-13 00:17:18 开始第 8839 次操作

2024-05-13 00:17:18 开始操作号码 【1628738】
2024-05-13 00:17:24 GSD getOne 第 1 次 等待 3 秒
2024-05-13 00:17:27 查询号码 【1628738】，返回信息 {"status":"ok","msg":"-","gid":"272741","time_insert":"2021-07-14 08:24"}
2024-05-13 00:17:27 查询号码 【1628738】，GSD为【"-"】
2024-05-13 00:17:27 ok && -
2024-05-13 00:17:29 CHB 1628738?1715530647 第 1 次 等待 3 秒
2024-05-13 00:17:32 CHB 1628738?1715530647 第 1 次 获取到号码【1628738】GSD
2024-05-13 00:17:32 未获取到号码【1628738】GSD，可能号码格式错误
2024-05-13 00:17:32 获取到号码【1628738】的GSD为【-】
2024-05-13 00:17:38 GSD insert 第 1 次 等待 3 秒
2024-05-13 00:17:41 {"status":"bad","gid":"272741","msg":"添加失败！号码【1628738(-|-)】已存在！"}
2024-05-13 00:17:41 随机等待 181 秒，约 3 分钟
2024-05-13 00:17:41 下次操作: 2024-05-13 00:20:42

2024-05-13 00:20:42 开始第 8840 次操作

2024-05-13 00:20:42 开始操作号码 【1628739】
2024-05-13 00:20:47 GSD getOne 第 1 次 等待 3 秒
2024-05-13 00:20:50 查询号码 【1628739】，返回信息 {"status":"ok","msg":"-","gid":"272749","time_insert":"2021-07-14 08:27"}
2024-05-13 00:20:50 查询号码 【1628739】，GSD为【"-"】
2024-05-13 00:20:50 ok && -
2024-05-13 00:20:52 CHB 1628739?1715530850 第 1 次 等待 3 秒
2024-05-13 00:20:55 CHB 1628739?1715530850 第 1 次 获取到号码【1628739】GSD
2024-05-13 00:20:55 未获取到号码【1628739】GSD，可能号码格式错误
2024-05-13 00:20:55 获取到号码【1628739】的GSD为【-】
2024-05-13 00:21:06 GSD insert 第 1 次 等待 3 秒
2024-05-13 00:21:09 {"status":"bad","gid":"272749","msg":"添加失败！号码【1628739(-|-)】已存在！"}

