2023-09-27 00:10:49 开始第 117 次操作

2023-09-27 00:10:49 开始操作号码 【1940116】
2023-09-27 00:10:51 GSD getOne 第 1 次 等待 3 秒
2023-09-27 00:10:54 查询号码 【1940116】，返回信息 {"status":"ok","msg":"-","gid":"533393","time_insert":"2023-02-16 03:07"}
2023-09-27 00:10:54 查询号码 【1940116】，GSD为【"-"】
2023-09-27 00:10:54 ok && -
2023-09-27 00:10:56 CHB 1940116?1695744654 第 1 次 等待 3 秒
2023-09-27 00:10:59 CHB 1940116?1695744654 第 1 次 获取到号码【1940116】GSD
2023-09-27 00:10:59 未获取到号码【1940116】GSD，可能号码格式错误
2023-09-27 00:10:59 获取到号码【1940116】的GSD为【-】
2023-09-27 00:11:01 GSD insert 第 1 次 等待 3 秒
2023-09-27 00:11:04 {"status":"bad","gid":"533393","msg":"添加失败！号码【1940116(-|-)】已存在！"}
2023-09-27 00:11:04 随机等待 204 秒，约 3 分钟
2023-09-27 00:11:04 下次操作: 2023-09-27 00:14:28

2023-09-27 00:14:28 开始第 118 次操作

2023-09-27 00:14:28 开始操作号码 【1940117】
2023-09-27 00:14:32 GSD getOne 第 1 次 等待 3 秒
2023-09-27 00:14:35 查询号码 【1940117】，返回信息 {"status":"ok","msg":"-","gid":"533413","time_insert":"2023-02-16 03:27"}
2023-09-27 00:14:35 查询号码 【1940117】，GSD为【"-"】
2023-09-27 00:14:35 ok && -
2023-09-27 00:14:37 CHB 1940117?1695744875 第 1 次 等待 3 秒
2023-09-27 00:14:40 CHB 1940117?1695744875 第 1 次 获取到号码【1940117】GSD
2023-09-27 00:14:40 未获取到号码【1940117】GSD，可能号码格式错误
2023-09-27 00:14:40 获取到号码【1940117】的GSD为【-】
2023-09-27 00:14:46 GSD insert 第 1 次 等待 3 秒
2023-09-27 00:14:49 {"status":"bad","gid":"533413","msg":"添加失败！号码【1940117(-|-)】已存在！"}
2023-09-27 00:14:49 随机等待 93 秒，约 1 分钟
2023-09-27 00:14:49 下次操作: 2023-09-27 00:16:22

2023-09-27 00:16:22 开始第 119 次操作

2023-09-27 00:16:22 开始操作号码 【1940118】
2023-09-27 00:16:27 GSD getOne 第 1 次 等待 3 秒
2023-09-27 00:16:30 查询号码 【1940118】，返回信息 {"status":"ok","msg":"-","gid":"533431","time_insert":"2023-02-16 03:43"}
2023-09-27 00:16:30 查询号码 【1940118】，GSD为【"-"】
2023-09-27 00:16:30 ok && -
2023-09-27 00:16:33 CHB 1940118?1695744990 第 1 次 等待 3 秒
2023-09-27 00:16:36 CHB 1940118?1695744990 第 1 次 获取到号码【1940118】GSD
2023-09-27 00:16:36 未获取到号码【1940118】GSD，可能号码格式错误
2023-09-27 00:16:36 获取到号码【1940118】的GSD为【-】
2023-09-27 00:16:44 GSD insert 第 1 次 等待 3 秒
2023-09-27 00:16:47 {"status":"bad","gid":"533431","msg":"添加失败！号码【1940118(-|-)】已存在！"}
2023-09-27 00:16:47 随机等待 110 秒，约 1 分钟
2023-09-27 00:16:47 下次操作: 2023-09-27 00:18:37

2023-09-27 00:18:37 开始第 120 次操作

2023-09-27 00:18:37 开始操作号码 【1940119】
2023-09-27 00:18:39 GSD getOne 第 1 次 等待 3 秒
2023-09-27 00:18:42 查询号码 【1940119】，返回信息 {"status":"ok","msg":"-","gid":"533448","time_insert":"2023-02-16 04:00"}
2023-09-27 00:18:42 查询号码 【1940119】，GSD为【"-"】
2023-09-27 00:18:42 ok && -
2023-09-27 00:18:44 CHB 1940119?1695745122 第 1 次 等待 3 秒
2023-09-27 00:18:47 CHB 1940119?1695745122 第 1 次 获取到号码【1940119】GSD
2023-09-27 00:18:47 未获取到号码【1940119】GSD，可能号码格式错误
2023-09-27 00:18:47 获取到号码【1940119】的GSD为【-】
2023-09-27 00:18:49 GSD insert 第 1 次 等待 3 秒
2023-09-27 00:18:52 {"status":"bad","gid":"533448","msg":"添加失败！号码【1940119(-|-)】已存在！"}

