2023-12-06 00:11:56 开始第 1681 次操作

2023-12-06 00:11:56 开始操作号码 【1841580】
2023-12-06 00:12:02 GSD getOne 第 1 次 等待 3 秒
2023-12-06 00:12:05 查询号码 【1841580】，返回信息 {"status":"ok","msg":"浙江-杭州","gid":"449003","time_insert":"2021-07-30 22:05","time_update":"2021-08-03 14:15"}
2023-12-06 00:12:05 查询号码 【1841580】，GSD为【"浙江-杭州"】

2023-12-06 00:12:06 开始第 1682 次操作

2023-12-06 00:12:06 开始操作号码 【1841581】
2023-12-06 00:12:10 GSD getOne 第 1 次 等待 3 秒
2023-12-06 00:12:13 查询号码 【1841581】，返回信息 {"status":"ok","msg":"浙江-杭州","gid":"449100","time_insert":"2021-07-30 22:20"}
2023-12-06 00:12:13 查询号码 【1841581】，GSD为【"浙江-杭州"】

2023-12-06 00:12:14 开始第 1683 次操作

2023-12-06 00:12:14 开始操作号码 【1841582】
2023-12-06 00:12:18 GSD getOne 第 1 次 等待 3 秒
2023-12-06 00:12:21 查询号码 【1841582】，返回信息 {"status":"ok","msg":"浙江-杭州","gid":"449136","time_insert":"2021-07-30 22:30"}
2023-12-06 00:12:21 查询号码 【1841582】，GSD为【"浙江-杭州"】

2023-12-06 00:12:22 开始第 1684 次操作

2023-12-06 00:12:22 开始操作号码 【1841583】
2023-12-06 00:12:26 GSD getOne 第 1 次 等待 3 秒
2023-12-06 00:12:29 查询号码 【1841583】，返回信息 {"status":"ok","msg":"浙江-杭州","gid":"449231","time_insert":"2021-07-30 22:41"}
2023-12-06 00:12:29 查询号码 【1841583】，GSD为【"浙江-杭州"】

