2024-01-18 00:11:25 开始第 9573 次操作

2024-01-18 00:11:25 开始操作号码 【1849472】
2024-01-18 00:11:32 GSD getOne 第 1 次 等待 3 秒
2024-01-18 00:11:35 查询号码 【1849472】，返回信息 {"status":"ok","msg":"上海-上海","gid":"405809","time_insert":"2021-07-26 21:42"}
2024-01-18 00:11:35 查询号码 【1849472】，GSD为【"上海-上海"】

2024-01-18 00:11:36 开始第 9574 次操作

2024-01-18 00:11:36 开始操作号码 【1849473】
2024-01-18 00:11:40 GSD getOne 第 1 次 等待 3 秒
2024-01-18 00:11:43 查询号码 【1849473】，返回信息 {"status":"ok","msg":"上海-上海","gid":"405793","time_insert":"2021-07-26 21:40"}
2024-01-18 00:11:43 查询号码 【1849473】，GSD为【"上海-上海"】

2024-01-18 00:11:44 开始第 9575 次操作

2024-01-18 00:11:44 开始操作号码 【1849474】
2024-01-18 00:11:49 GSD getOne 第 1 次 等待 3 秒
2024-01-18 00:11:52 查询号码 【1849474】，返回信息 {"status":"ok","msg":"上海-上海","gid":"405785","time_insert":"2021-07-26 21:40"}
2024-01-18 00:11:52 查询号码 【1849474】，GSD为【"上海-上海"】

2024-01-18 00:11:53 开始第 9576 次操作

2024-01-18 00:11:53 开始操作号码 【1849475】
2024-01-18 00:11:57 GSD getOne 第 1 次 等待 3 秒
2024-01-18 00:12:00 查询号码 【1849475】，返回信息 {"status":"ok","msg":"上海-上海","gid":"405777","time_insert":"2021-07-26 21:39"}
2024-01-18 00:12:00 查询号码 【1849475】，GSD为【"上海-上海"】

