2023-10-09 00:09:04 开始第 2321 次操作

2023-10-09 00:09:04 开始操作号码 【1942320】
2023-10-09 00:09:17 GSD getOne 第 1 次 等待 3 秒
2023-10-09 00:09:20 查询号码 【1942320】，返回信息 {"status":"ok","msg":"-","gid":"596371","time_insert":"2023-03-17 13:17"}
2023-10-09 00:09:20 查询号码 【1942320】，GSD为【"-"】
2023-10-09 00:09:20 ok && -
2023-10-09 00:09:23 CHB 1942320?1696781360 第 1 次 等待 3 秒
2023-10-09 00:09:26 CHB 1942320?1696781360 第 1 次 获取到号码【1942320】GSD
2023-10-09 00:09:26 未获取到号码【1942320】GSD，可能号码格式错误
2023-10-09 00:09:26 获取到号码【1942320】的GSD为【-】
2023-10-09 00:09:42 GSD insert 第 1 次 等待 3 秒
2023-10-09 00:09:45 {"status":"bad","gid":"596371","msg":"添加失败！号码【1942320(-|-)】已存在！"}
2023-10-09 00:09:45 随机等待 162 秒，约 2 分钟
2023-10-09 00:09:45 下次操作: 2023-10-09 00:12:27

2023-10-09 00:12:27 开始第 2322 次操作

2023-10-09 00:12:27 开始操作号码 【1942321】
2023-10-09 00:12:31 GSD getOne 第 1 次 等待 3 秒
2023-10-09 00:12:34 查询号码 【1942321】，返回信息 {"status":"ok","msg":"-","gid":"596385","time_insert":"2023-03-17 13:34"}
2023-10-09 00:12:34 查询号码 【1942321】，GSD为【"-"】
2023-10-09 00:12:34 ok && -
2023-10-09 00:12:36 CHB 1942321?1696781554 第 1 次 等待 3 秒
2023-10-09 00:12:39 CHB 1942321?1696781554 第 1 次 获取到号码【1942321】GSD
2023-10-09 00:12:39 未获取到号码【1942321】GSD，可能号码格式错误
2023-10-09 00:12:39 获取到号码【1942321】的GSD为【-】
2023-10-09 00:12:49 GSD insert 第 1 次 等待 3 秒
2023-10-09 00:12:52 {"status":"bad","gid":"596385","msg":"添加失败！号码【1942321(-|-)】已存在！"}
2023-10-09 00:12:52 随机等待 71 秒，约 1 分钟
2023-10-09 00:12:52 下次操作: 2023-10-09 00:14:03

2023-10-09 00:14:03 开始第 2323 次操作

2023-10-09 00:14:03 开始操作号码 【1942322】
2023-10-09 00:14:06 GSD getOne 第 1 次 等待 3 秒
2023-10-09 00:14:09 查询号码 【1942322】，返回信息 {"status":"ok","msg":"-","gid":"596404","time_insert":"2023-03-17 13:49"}
2023-10-09 00:14:09 查询号码 【1942322】，GSD为【"-"】
2023-10-09 00:14:09 ok && -
2023-10-09 00:14:11 CHB 1942322?1696781649 第 1 次 等待 3 秒
2023-10-09 00:14:14 CHB 1942322?1696781649 第 1 次 获取到号码【1942322】GSD
2023-10-09 00:14:14 未获取到号码【1942322】GSD，可能号码格式错误
2023-10-09 00:14:14 获取到号码【1942322】的GSD为【-】
2023-10-09 00:14:20 GSD insert 第 1 次 等待 3 秒
2023-10-09 00:14:23 {"status":"bad","gid":"596404","msg":"添加失败！号码【1942322(-|-)】已存在！"}
2023-10-09 00:14:23 随机等待 218 秒，约 3 分钟
2023-10-09 00:14:23 下次操作: 2023-10-09 00:18:01

2023-10-09 00:18:01 开始第 2324 次操作

2023-10-09 00:18:01 开始操作号码 【1942323】
2023-10-09 00:18:05 GSD getOne 第 1 次 等待 3 秒
2023-10-09 00:18:08 查询号码 【1942323】，返回信息 {"status":"ok","msg":"-","gid":"596418","time_insert":"2023-03-17 14:06"}
2023-10-09 00:18:08 查询号码 【1942323】，GSD为【"-"】
2023-10-09 00:18:08 ok && -
2023-10-09 00:18:11 CHB 1942323?1696781888 第 1 次 等待 3 秒
2023-10-09 00:18:14 CHB 1942323?1696781888 第 1 次 获取到号码【1942323】GSD
2023-10-09 00:18:14 未获取到号码【1942323】GSD，可能号码格式错误
2023-10-09 00:18:14 获取到号码【1942323】的GSD为【-】
2023-10-09 00:18:18 GSD insert 第 1 次 等待 3 秒
2023-10-09 00:18:21 {"status":"bad","gid":"596418","msg":"添加失败！号码【1942323(-|-)】已存在！"}

