2024-08-20 00:25:31 开始第 105 次操作

2024-08-20 00:25:31 开始操作号码 【1400104】
2024-08-20 00:25:31 GSD getOne 第 1 次 等待 3 秒
2024-08-20 00:25:43 GSD getOne 第 2 次 等待 3 秒
2024-08-20 00:25:46 查询号码 【1400104】，返回信息 {"status":"ok","msg":"-","gid":"520650","time_insert":"2023-02-07 15:18"}
2024-08-20 00:25:46 查询号码 【1400104】，GSD为【"-"】
2024-08-20 00:25:46 ok && -
2024-08-20 00:25:48 CHB 1400104?1724084746 第 1 次 等待 3 秒
2024-08-20 00:25:51 CHB 1400104?1724084746 第 1 次 获取到号码【1400104】GSD
2024-08-20 00:25:51 未获取到号码【1400104】GSD，可能号码格式错误
2024-08-20 00:25:51 获取到号码【1400104】的GSD为【-】
2024-08-20 00:25:59 GSD insert 第 1 次 等待 3 秒
2024-08-20 00:26:02 {"status":"bad","gid":"520650","msg":"添加失败！号码【1400104(-|-)】已存在！"}
2024-08-20 00:26:02 随机等待 182 秒，约 3 分钟
2024-08-20 00:26:02 下次操作: 2024-08-20 00:29:04

2024-08-20 00:29:04 开始第 106 次操作

2024-08-20 00:29:04 开始操作号码 【1400105】
2024-08-20 00:29:12 GSD getOne 第 1 次 等待 3 秒
2024-08-20 00:29:15 查询号码 【1400105】，返回信息 {"status":"ok","msg":"-","gid":"520656","time_insert":"2023-02-07 15:31"}
2024-08-20 00:29:15 查询号码 【1400105】，GSD为【"-"】
2024-08-20 00:29:15 ok && -
2024-08-20 00:29:17 CHB 1400105?1724084955 第 1 次 等待 3 秒
2024-08-20 00:29:20 CHB 1400105?1724084955 第 1 次 获取到号码【1400105】GSD
2024-08-20 00:29:20 未获取到号码【1400105】GSD，可能号码格式错误
2024-08-20 00:29:20 获取到号码【1400105】的GSD为【-】
2024-08-20 00:29:27 GSD insert 第 1 次 等待 3 秒
2024-08-20 00:29:31 {"status":"bad","gid":"520656","msg":"添加失败！号码【1400105(-|-)】已存在！"}
2024-08-20 00:29:31 随机等待 165 秒，约 2 分钟
2024-08-20 00:29:31 下次操作: 2024-08-20 00:32:16

2024-08-20 00:32:16 开始第 107 次操作

2024-08-20 00:32:16 开始操作号码 【1400106】
2024-08-20 00:32:23 GSD getOne 第 1 次 等待 3 秒
2024-08-20 00:32:26 查询号码 【1400106】，返回信息 {"status":"ok","msg":"-","gid":"520663","time_insert":"2023-02-07 15:45"}
2024-08-20 00:32:27 查询号码 【1400106】，GSD为【"-"】
2024-08-20 00:32:27 ok && -
2024-08-20 00:32:28 CHB 1400106?1724085147 第 1 次 等待 3 秒
2024-08-20 00:32:31 CHB 1400106?1724085147 第 1 次 获取到号码【1400106】GSD
2024-08-20 00:32:31 未获取到号码【1400106】GSD，可能号码格式错误
2024-08-20 00:32:31 获取到号码【1400106】的GSD为【-】
2024-08-20 00:32:39 GSD insert 第 1 次 等待 3 秒
2024-08-20 00:32:42 {"status":"bad","gid":"520663","msg":"添加失败！号码【1400106(-|-)】已存在！"}
2024-08-20 00:32:42 随机等待 196 秒，约 3 分钟
2024-08-20 00:32:42 下次操作: 2024-08-20 00:35:58

2024-08-20 00:35:58 开始第 108 次操作

2024-08-20 00:35:58 开始操作号码 【1400107】
2024-08-20 00:36:07 GSD getOne 第 1 次 等待 3 秒
2024-08-20 00:36:10 查询号码 【1400107】，返回信息 {"status":"ok","msg":"-","gid":"520668","time_insert":"2023-02-07 15:56"}
2024-08-20 00:36:10 查询号码 【1400107】，GSD为【"-"】
2024-08-20 00:36:10 ok && -
2024-08-20 00:36:13 CHB 1400107?1724085370 第 1 次 等待 3 秒
2024-08-20 00:36:16 CHB 1400107?1724085370 第 1 次 获取到号码【1400107】GSD
2024-08-20 00:36:16 未获取到号码【1400107】GSD，可能号码格式错误
2024-08-20 00:36:16 获取到号码【1400107】的GSD为【-】
2024-08-20 00:36:24 GSD insert 第 1 次 等待 3 秒
2024-08-20 00:36:27 {"status":"bad","gid":"520668","msg":"添加失败！号码【1400107(-|-)】已存在！"}

2024-08-20 00:42:40 开始第 109 次操作

2024-08-20 00:42:40 开始操作号码 【1400108】
2024-08-20 00:42:48 GSD getOne 第 1 次 等待 3 秒
2024-08-20 00:42:51 查询号码 【1400108】，返回信息 {"status":"ok","msg":"-","gid":"520672","time_insert":"2023-02-07 16:07"}
2024-08-20 00:42:51 查询号码 【1400108】，GSD为【"-"】
2024-08-20 00:42:51 ok && -
2024-08-20 00:42:54 CHB 1400108?1724085771 第 1 次 等待 3 秒
2024-08-20 00:42:57 CHB 1400108?1724085771 第 1 次 获取到号码【1400108】GSD
2024-08-20 00:42:57 未获取到号码【1400108】GSD，可能号码格式错误
2024-08-20 00:42:57 获取到号码【1400108】的GSD为【-】
2024-08-20 00:43:06 GSD insert 第 1 次 等待 3 秒
2024-08-20 00:43:09 {"status":"bad","gid":"520672","msg":"添加失败！号码【1400108(-|-)】已存在！"}
2024-08-20 00:43:09 随机等待 218 秒，约 3 分钟
2024-08-20 00:43:09 下次操作: 2024-08-20 00:46:47

2024-08-20 00:46:47 开始第 110 次操作

2024-08-20 00:46:47 开始操作号码 【1400109】
2024-08-20 00:46:55 GSD getOne 第 1 次 等待 3 秒
2024-08-20 00:46:58 查询号码 【1400109】，返回信息 {"status":"ok","msg":"-","gid":"520678","time_insert":"2023-02-07 16:19"}
2024-08-20 00:46:58 查询号码 【1400109】，GSD为【"-"】
2024-08-20 00:46:58 ok && -
2024-08-20 00:47:01 CHB 1400109?1724086018 第 1 次 等待 3 秒
2024-08-20 00:47:04 CHB 1400109?1724086018 第 1 次 获取到号码【1400109】GSD
2024-08-20 00:47:04 未获取到号码【1400109】GSD，可能号码格式错误
2024-08-20 00:47:04 获取到号码【1400109】的GSD为【-】
2024-08-20 00:47:12 GSD insert 第 1 次 等待 3 秒
2024-08-20 00:47:15 {"status":"bad","gid":"520678","msg":"添加失败！号码【1400109(-|-)】已存在！"}
2024-08-20 00:47:15 随机等待 160 秒，约 2 分钟
2024-08-20 00:47:15 下次操作: 2024-08-20 00:49:55

2024-08-20 00:49:55 开始第 111 次操作

2024-08-20 00:49:55 开始操作号码 【1400110】
2024-08-20 00:50:04 GSD getOne 第 1 次 等待 3 秒
2024-08-20 00:50:07 查询号码 【1400110】，返回信息 {"status":"ok","msg":"-","gid":"520685","time_insert":"2023-02-07 16:31"}
2024-08-20 00:50:07 查询号码 【1400110】，GSD为【"-"】
2024-08-20 00:50:07 ok && -
2024-08-20 00:50:10 CHB 1400110?1724086207 第 1 次 等待 3 秒
2024-08-20 00:50:13 CHB 1400110?1724086207 第 1 次 获取到号码【1400110】GSD
2024-08-20 00:50:13 未获取到号码【1400110】GSD，可能号码格式错误
2024-08-20 00:50:13 获取到号码【1400110】的GSD为【-】
2024-08-20 00:50:22 GSD insert 第 1 次 等待 3 秒
2024-08-20 00:50:25 {"status":"bad","gid":"520685","msg":"添加失败！号码【1400110(-|-)】已存在！"}
2024-08-20 00:50:25 随机等待 202 秒，约 3 分钟
2024-08-20 00:50:25 下次操作: 2024-08-20 00:53:47

2024-08-20 00:53:47 开始第 112 次操作

2024-08-20 00:53:47 开始操作号码 【1400111】
2024-08-20 00:53:55 GSD getOne 第 1 次 等待 3 秒
2024-08-20 00:53:58 查询号码 【1400111】，返回信息 {"status":"ok","msg":"-","gid":"520691","time_insert":"2023-02-07 16:43"}
2024-08-20 00:53:58 查询号码 【1400111】，GSD为【"-"】
2024-08-20 00:53:58 ok && -
2024-08-20 00:54:03 CHB 1400111?1724086438 第 1 次 等待 3 秒
2024-08-20 00:54:06 CHB 1400111?1724086438 第 1 次 获取到号码【1400111】GSD
2024-08-20 00:54:06 未获取到号码【1400111】GSD，可能号码格式错误
2024-08-20 00:54:06 获取到号码【1400111】的GSD为【-】
2024-08-20 00:54:14 GSD insert 第 1 次 等待 3 秒
2024-08-20 00:54:17 {"status":"bad","gid":"520691","msg":"添加失败！号码【1400111(-|-)】已存在！"}

2024-08-20 01:19:54 开始第 113 次操作

2024-08-20 01:19:54 开始操作号码 【1400112】
2024-08-20 01:20:02 GSD getOne 第 1 次 等待 3 秒
2024-08-20 01:20:05 查询号码 【1400112】，返回信息 {"status":"ok","msg":"-","gid":"520697","time_insert":"2023-02-07 16:56"}
2024-08-20 01:20:05 查询号码 【1400112】，GSD为【"-"】
2024-08-20 01:20:05 ok && -
2024-08-20 01:20:07 CHB 1400112?1724088005 第 1 次 等待 3 秒
2024-08-20 01:20:10 CHB 1400112?1724088005 第 1 次 获取到号码【1400112】GSD
2024-08-20 01:20:10 未获取到号码【1400112】GSD，可能号码格式错误
2024-08-20 01:20:10 获取到号码【1400112】的GSD为【-】
2024-08-20 01:20:18 GSD insert 第 1 次 等待 3 秒
2024-08-20 01:20:21 {"status":"bad","gid":"520697","msg":"添加失败！号码【1400112(-|-)】已存在！"}
2024-08-20 01:20:21 随机等待 123 秒，约 2 分钟
2024-08-20 01:20:21 下次操作: 2024-08-20 01:22:24

2024-08-20 01:22:24 开始第 114 次操作

2024-08-20 01:22:24 开始操作号码 【1400113】
2024-08-20 01:22:32 GSD getOne 第 1 次 等待 3 秒
2024-08-20 01:22:35 查询号码 【1400113】，返回信息 {"status":"ok","msg":"-","gid":"520704","time_insert":"2023-02-07 17:10"}
2024-08-20 01:22:35 查询号码 【1400113】，GSD为【"-"】
2024-08-20 01:22:35 ok && -
2024-08-20 01:22:37 CHB 1400113?1724088155 第 1 次 等待 3 秒
2024-08-20 01:22:40 CHB 1400113?1724088155 第 1 次 获取到号码【1400113】GSD
2024-08-20 01:22:40 未获取到号码【1400113】GSD，可能号码格式错误
2024-08-20 01:22:40 获取到号码【1400113】的GSD为【-】
2024-08-20 01:22:47 GSD insert 第 1 次 等待 3 秒
2024-08-20 01:22:50 {"status":"bad","gid":"520704","msg":"添加失败！号码【1400113(-|-)】已存在！"}
2024-08-20 01:22:50 随机等待 79 秒，约 1 分钟
2024-08-20 01:22:50 下次操作: 2024-08-20 01:24:09

2024-08-20 01:24:09 开始第 115 次操作

2024-08-20 01:24:09 开始操作号码 【1400114】
2024-08-20 01:24:17 GSD getOne 第 1 次 等待 3 秒
2024-08-20 01:24:20 查询号码 【1400114】，返回信息 {"status":"ok","msg":"-","gid":"520711","time_insert":"2023-02-07 17:21"}
2024-08-20 01:24:20 查询号码 【1400114】，GSD为【"-"】
2024-08-20 01:24:20 ok && -
2024-08-20 01:24:21 CHB 1400114?1724088260 第 1 次 等待 3 秒
2024-08-20 01:24:24 CHB 1400114?1724088260 第 1 次 获取到号码【1400114】GSD
2024-08-20 01:24:24 未获取到号码【1400114】GSD，可能号码格式错误
2024-08-20 01:24:24 获取到号码【1400114】的GSD为【-】
2024-08-20 01:24:32 GSD insert 第 1 次 等待 3 秒
2024-08-20 01:24:35 {"status":"bad","gid":"520711","msg":"添加失败！号码【1400114(-|-)】已存在！"}
2024-08-20 01:24:35 随机等待 221 秒，约 3 分钟
2024-08-20 01:24:35 下次操作: 2024-08-20 01:28:16

2024-08-20 01:28:16 开始第 116 次操作

2024-08-20 01:28:16 开始操作号码 【1400115】
2024-08-20 01:28:23 GSD getOne 第 1 次 等待 3 秒
2024-08-20 01:28:26 查询号码 【1400115】，返回信息 {"status":"ok","msg":"-","gid":"520716","time_insert":"2023-02-07 17:32"}
2024-08-20 01:28:27 查询号码 【1400115】，GSD为【"-"】
2024-08-20 01:28:27 ok && -
2024-08-20 01:28:28 CHB 1400115?1724088507 第 1 次 等待 3 秒
2024-08-20 01:28:31 CHB 1400115?1724088507 第 1 次 获取到号码【1400115】GSD
2024-08-20 01:28:31 未获取到号码【1400115】GSD，可能号码格式错误
2024-08-20 01:28:31 获取到号码【1400115】的GSD为【-】
2024-08-20 01:28:39 GSD insert 第 1 次 等待 3 秒
2024-08-20 01:28:42 {"status":"bad","gid":"520716","msg":"添加失败！号码【1400115(-|-)】已存在！"}

2024-08-20 01:38:38 开始第 117 次操作

2024-08-20 01:38:38 开始操作号码 【1400116】
2024-08-20 01:38:47 GSD getOne 第 1 次 等待 3 秒
2024-08-20 01:38:50 查询号码 【1400116】，返回信息 {"status":"ok","msg":"-","gid":"520729","time_insert":"2023-02-07 17:46"}
2024-08-20 01:38:50 查询号码 【1400116】，GSD为【"-"】
2024-08-20 01:38:50 ok && -
2024-08-20 01:38:52 CHB 1400116?1724089130 第 1 次 等待 3 秒
2024-08-20 01:38:55 CHB 1400116?1724089130 第 1 次 获取到号码【1400116】GSD
2024-08-20 01:38:55 未获取到号码【1400116】GSD，可能号码格式错误
2024-08-20 01:38:55 获取到号码【1400116】的GSD为【-】
2024-08-20 01:39:03 GSD insert 第 1 次 等待 3 秒
2024-08-20 01:39:06 {"status":"bad","gid":"520729","msg":"添加失败！号码【1400116(-|-)】已存在！"}
2024-08-20 01:39:06 随机等待 130 秒，约 2 分钟
2024-08-20 01:39:06 下次操作: 2024-08-20 01:41:16

2024-08-20 01:41:16 开始第 118 次操作

2024-08-20 01:41:16 开始操作号码 【1400117】
2024-08-20 01:41:24 GSD getOne 第 1 次 等待 3 秒
2024-08-20 01:41:27 查询号码 【1400117】，返回信息 {"status":"ok","msg":"-","gid":"520738","time_insert":"2023-02-07 17:58"}
2024-08-20 01:41:27 查询号码 【1400117】，GSD为【"-"】
2024-08-20 01:41:27 ok && -
2024-08-20 01:41:33 CHB 1400117?1724089287 第 1 次 等待 3 秒
2024-08-20 01:41:36 CHB 1400117?1724089287 第 1 次 获取到号码【1400117】GSD
2024-08-20 01:41:36 未获取到号码【1400117】GSD，可能号码格式错误
2024-08-20 01:41:36 获取到号码【1400117】的GSD为【-】
2024-08-20 01:41:44 GSD insert 第 1 次 等待 3 秒
2024-08-20 01:41:47 {"status":"bad","gid":"520738","msg":"添加失败！号码【1400117(-|-)】已存在！"}
2024-08-20 01:41:47 随机等待 205 秒，约 3 分钟
2024-08-20 01:41:47 下次操作: 2024-08-20 01:45:12

2024-08-20 01:45:12 开始第 119 次操作

2024-08-20 01:45:12 开始操作号码 【1400118】
2024-08-20 01:45:20 GSD getOne 第 1 次 等待 3 秒
2024-08-20 01:45:23 查询号码 【1400118】，返回信息 {"status":"ok","msg":"-","gid":"520747","time_insert":"2023-02-07 18:10"}
2024-08-20 01:45:23 查询号码 【1400118】，GSD为【"-"】
2024-08-20 01:45:23 ok && -
2024-08-20 01:45:25 CHB 1400118?1724089523 第 1 次 等待 3 秒
2024-08-20 01:45:28 CHB 1400118?1724089523 第 1 次 获取到号码【1400118】GSD
2024-08-20 01:45:28 未获取到号码【1400118】GSD，可能号码格式错误
2024-08-20 01:45:28 获取到号码【1400118】的GSD为【-】
2024-08-20 01:45:35 GSD insert 第 1 次 等待 3 秒
2024-08-20 01:45:38 {"status":"bad","gid":"520747","msg":"添加失败！号码【1400118(-|-)】已存在！"}
2024-08-20 01:45:38 随机等待 151 秒，约 2 分钟
2024-08-20 01:45:38 下次操作: 2024-08-20 01:48:09

2024-08-20 01:48:09 开始第 120 次操作

2024-08-20 01:48:09 开始操作号码 【1400119】
2024-08-20 01:48:20 GSD getOne 第 1 次 等待 3 秒
2024-08-20 01:48:23 查询号码 【1400119】，返回信息 {"status":"ok","msg":"-","gid":"520758","time_insert":"2023-02-07 18:22"}
2024-08-20 01:48:23 查询号码 【1400119】，GSD为【"-"】
2024-08-20 01:48:23 ok && -
2024-08-20 01:48:25 CHB 1400119?1724089703 第 1 次 等待 3 秒
2024-08-20 01:48:28 CHB 1400119?1724089703 第 1 次 获取到号码【1400119】GSD
2024-08-20 01:48:28 未获取到号码【1400119】GSD，可能号码格式错误
2024-08-20 01:48:28 获取到号码【1400119】的GSD为【-】
2024-08-20 01:48:35 GSD insert 第 1 次 等待 3 秒
2024-08-20 01:48:38 {"status":"bad","gid":"520758","msg":"添加失败！号码【1400119(-|-)】已存在！"}

2024-08-20 02:27:42 开始第 121 次操作

2024-08-20 02:27:42 开始操作号码 【1400120】
2024-08-20 02:27:50 GSD getOne 第 1 次 等待 3 秒
2024-08-20 02:27:53 查询号码 【1400120】，返回信息 {"status":"ok","msg":"-","gid":"520766","time_insert":"2023-02-07 18:37"}
2024-08-20 02:27:53 查询号码 【1400120】，GSD为【"-"】
2024-08-20 02:27:53 ok && -
2024-08-20 02:27:54 CHB 1400120?1724092073 第 1 次 等待 3 秒
2024-08-20 02:27:57 CHB 1400120?1724092073 第 1 次 获取到号码【1400120】GSD
2024-08-20 02:27:57 未获取到号码【1400120】GSD，可能号码格式错误
2024-08-20 02:27:57 获取到号码【1400120】的GSD为【-】
2024-08-20 02:28:05 GSD insert 第 1 次 等待 3 秒
2024-08-20 02:28:08 {"status":"bad","gid":"520766","msg":"添加失败！号码【1400120(-|-)】已存在！"}
2024-08-20 02:28:08 随机等待 112 秒，约 1 分钟
2024-08-20 02:28:08 下次操作: 2024-08-20 02:30:00

2024-08-20 02:30:00 开始第 122 次操作

2024-08-20 02:30:00 开始操作号码 【1400121】
2024-08-20 02:30:08 GSD getOne 第 1 次 等待 3 秒
2024-08-20 02:30:11 查询号码 【1400121】，返回信息 {"status":"ok","msg":"-","gid":"520776","time_insert":"2023-02-07 18:50"}
2024-08-20 02:30:11 查询号码 【1400121】，GSD为【"-"】
2024-08-20 02:30:11 ok && -
2024-08-20 02:30:13 CHB 1400121?1724092211 第 1 次 等待 3 秒
2024-08-20 02:30:16 CHB 1400121?1724092211 第 1 次 获取到号码【1400121】GSD
2024-08-20 02:30:16 未获取到号码【1400121】GSD，可能号码格式错误
2024-08-20 02:30:16 获取到号码【1400121】的GSD为【-】
2024-08-20 02:30:23 GSD insert 第 1 次 等待 3 秒
2024-08-20 02:30:26 {"status":"bad","gid":"520776","msg":"添加失败！号码【1400121(-|-)】已存在！"}
2024-08-20 02:30:26 随机等待 209 秒，约 3 分钟
2024-08-20 02:30:26 下次操作: 2024-08-20 02:33:55

2024-08-20 02:33:55 开始第 123 次操作

2024-08-20 02:33:55 开始操作号码 【1400122】
2024-08-20 02:34:03 GSD getOne 第 1 次 等待 3 秒
2024-08-20 02:34:06 查询号码 【1400122】，返回信息 {"status":"ok","msg":"-","gid":"520785","time_insert":"2023-02-07 19:04"}
2024-08-20 02:34:06 查询号码 【1400122】，GSD为【"-"】
2024-08-20 02:34:06 ok && -
2024-08-20 02:34:08 CHB 1400122?1724092446 第 1 次 等待 3 秒
2024-08-20 02:34:11 CHB 1400122?1724092446 第 1 次 获取到号码【1400122】GSD
2024-08-20 02:34:11 未获取到号码【1400122】GSD，可能号码格式错误
2024-08-20 02:34:11 获取到号码【1400122】的GSD为【-】
2024-08-20 02:34:18 GSD insert 第 1 次 等待 3 秒
2024-08-20 02:34:21 {"status":"bad","gid":"520785","msg":"添加失败！号码【1400122(-|-)】已存在！"}
2024-08-20 02:34:21 随机等待 189 秒，约 3 分钟
2024-08-20 02:34:21 下次操作: 2024-08-20 02:37:30

2024-08-20 02:37:30 开始第 124 次操作

2024-08-20 02:37:30 开始操作号码 【1400123】
2024-08-20 02:37:39 GSD getOne 第 1 次 等待 3 秒
2024-08-20 02:37:42 查询号码 【1400123】，返回信息 {"status":"ok","msg":"-","gid":"520793","time_insert":"2023-02-07 19:15"}
2024-08-20 02:37:42 查询号码 【1400123】，GSD为【"-"】
2024-08-20 02:37:42 ok && -
2024-08-20 02:37:44 CHB 1400123?1724092662 第 1 次 等待 3 秒
2024-08-20 02:37:47 CHB 1400123?1724092662 第 1 次 获取到号码【1400123】GSD
2024-08-20 02:37:47 未获取到号码【1400123】GSD，可能号码格式错误
2024-08-20 02:37:47 获取到号码【1400123】的GSD为【-】
2024-08-20 02:37:54 GSD insert 第 1 次 等待 3 秒
2024-08-20 02:37:57 {"status":"bad","gid":"520793","msg":"添加失败！号码【1400123(-|-)】已存在！"}

2024-08-20 02:42:47 开始第 125 次操作

2024-08-20 02:42:47 开始操作号码 【1400124】
2024-08-20 02:42:55 GSD getOne 第 1 次 等待 3 秒
2024-08-20 02:42:58 查询号码 【1400124】，返回信息 {"status":"ok","msg":"-","gid":"520800","time_insert":"2023-02-07 19:26"}
2024-08-20 02:42:58 查询号码 【1400124】，GSD为【"-"】
2024-08-20 02:42:58 ok && -
2024-08-20 02:43:00 CHB 1400124?1724092978 第 1 次 等待 3 秒
2024-08-20 02:43:03 CHB 1400124?1724092978 第 1 次 获取到号码【1400124】GSD
2024-08-20 02:43:03 未获取到号码【1400124】GSD，可能号码格式错误
2024-08-20 02:43:03 获取到号码【1400124】的GSD为【-】
2024-08-20 02:43:11 GSD insert 第 1 次 等待 3 秒
2024-08-20 02:43:14 {"status":"bad","gid":"520800","msg":"添加失败！号码【1400124(-|-)】已存在！"}
2024-08-20 02:43:14 随机等待 184 秒，约 3 分钟
2024-08-20 02:43:14 下次操作: 2024-08-20 02:46:18

2024-08-20 02:46:18 开始第 126 次操作

2024-08-20 02:46:18 开始操作号码 【1400125】
2024-08-20 02:46:26 GSD getOne 第 1 次 等待 3 秒
2024-08-20 02:46:29 查询号码 【1400125】，返回信息 {"status":"ok","msg":"-","gid":"520808","time_insert":"2023-02-07 19:37"}
2024-08-20 02:46:29 查询号码 【1400125】，GSD为【"-"】
2024-08-20 02:46:29 ok && -
2024-08-20 02:46:31 CHB 1400125?1724093189 第 1 次 等待 3 秒
2024-08-20 02:46:34 CHB 1400125?1724093189 第 1 次 获取到号码【1400125】GSD
2024-08-20 02:46:34 未获取到号码【1400125】GSD，可能号码格式错误
2024-08-20 02:46:34 获取到号码【1400125】的GSD为【-】
2024-08-20 02:46:42 GSD insert 第 1 次 等待 3 秒
2024-08-20 02:46:45 {"status":"bad","gid":"520808","msg":"添加失败！号码【1400125(-|-)】已存在！"}
2024-08-20 02:46:45 随机等待 88 秒，约 1 分钟
2024-08-20 02:46:45 下次操作: 2024-08-20 02:48:13

2024-08-20 02:48:13 开始第 127 次操作

2024-08-20 02:48:13 开始操作号码 【1400126】
2024-08-20 02:48:21 GSD getOne 第 1 次 等待 3 秒
2024-08-20 02:48:24 查询号码 【1400126】，返回信息 {"status":"ok","msg":"-","gid":"520815","time_insert":"2023-02-07 19:49"}
2024-08-20 02:48:24 查询号码 【1400126】，GSD为【"-"】
2024-08-20 02:48:24 ok && -
2024-08-20 02:48:26 CHB 1400126?1724093304 第 1 次 等待 3 秒
2024-08-20 02:48:29 CHB 1400126?1724093304 第 1 次 获取到号码【1400126】GSD
2024-08-20 02:48:29 未获取到号码【1400126】GSD，可能号码格式错误
2024-08-20 02:48:29 获取到号码【1400126】的GSD为【-】
2024-08-20 02:48:37 GSD insert 第 1 次 等待 3 秒
2024-08-20 02:48:40 {"status":"bad","gid":"520815","msg":"添加失败！号码【1400126(-|-)】已存在！"}
2024-08-20 02:48:40 随机等待 169 秒，约 2 分钟
2024-08-20 02:48:40 下次操作: 2024-08-20 02:51:29

2024-08-20 02:51:29 开始第 128 次操作

2024-08-20 02:51:29 开始操作号码 【1400127】
2024-08-20 02:51:37 GSD getOne 第 1 次 等待 3 秒
2024-08-20 02:51:40 查询号码 【1400127】，返回信息 {"status":"ok","msg":"-","gid":"520825","time_insert":"2023-02-07 20:02"}
2024-08-20 02:51:40 查询号码 【1400127】，GSD为【"-"】
2024-08-20 02:51:40 ok && -
2024-08-20 02:51:43 CHB 1400127?1724093500 第 1 次 等待 3 秒
2024-08-20 02:51:46 CHB 1400127?1724093500 第 1 次 获取到号码【1400127】GSD
2024-08-20 02:51:46 未获取到号码【1400127】GSD，可能号码格式错误
2024-08-20 02:51:46 获取到号码【1400127】的GSD为【-】
2024-08-20 02:51:54 GSD insert 第 1 次 等待 3 秒
2024-08-20 02:51:57 {"status":"bad","gid":"520825","msg":"添加失败！号码【1400127(-|-)】已存在！"}

2024-08-20 03:17:58 开始第 129 次操作

2024-08-20 03:17:58 开始操作号码 【1400128】
2024-08-20 03:18:07 GSD getOne 第 1 次 等待 3 秒
2024-08-20 03:18:10 查询号码 【1400128】，返回信息 {"status":"ok","msg":"-","gid":"520834","time_insert":"2023-02-07 20:14"}
2024-08-20 03:18:10 查询号码 【1400128】，GSD为【"-"】
2024-08-20 03:18:10 ok && -
2024-08-20 03:18:12 CHB 1400128?1724095090 第 1 次 等待 3 秒
2024-08-20 03:18:15 CHB 1400128?1724095090 第 1 次 获取到号码【1400128】GSD
2024-08-20 03:18:15 未获取到号码【1400128】GSD，可能号码格式错误
2024-08-20 03:18:15 获取到号码【1400128】的GSD为【-】
2024-08-20 03:18:23 GSD insert 第 1 次 等待 3 秒
2024-08-20 03:18:26 {"status":"bad","gid":"520834","msg":"添加失败！号码【1400128(-|-)】已存在！"}
2024-08-20 03:18:26 随机等待 185 秒，约 3 分钟
2024-08-20 03:18:26 下次操作: 2024-08-20 03:21:31

2024-08-20 03:21:31 开始第 130 次操作

2024-08-20 03:21:31 开始操作号码 【1400129】
2024-08-20 03:21:39 GSD getOne 第 1 次 等待 3 秒
2024-08-20 03:21:42 查询号码 【1400129】，返回信息 {"status":"ok","msg":"-","gid":"520843","time_insert":"2023-02-07 20:29"}
2024-08-20 03:21:42 查询号码 【1400129】，GSD为【"-"】
2024-08-20 03:21:42 ok && -
2024-08-20 03:21:44 CHB 1400129?1724095302 第 1 次 等待 3 秒
2024-08-20 03:21:47 CHB 1400129?1724095302 第 1 次 获取到号码【1400129】GSD
2024-08-20 03:21:47 未获取到号码【1400129】GSD，可能号码格式错误
2024-08-20 03:21:47 获取到号码【1400129】的GSD为【-】
2024-08-20 03:21:55 GSD insert 第 1 次 等待 3 秒
2024-08-20 03:21:58 {"status":"bad","gid":"520843","msg":"添加失败！号码【1400129(-|-)】已存在！"}
2024-08-20 03:21:58 随机等待 208 秒，约 3 分钟
2024-08-20 03:21:58 下次操作: 2024-08-20 03:25:26

2024-08-20 03:25:26 开始第 131 次操作

2024-08-20 03:25:26 开始操作号码 【1400130】
2024-08-20 03:25:35 GSD getOne 第 1 次 等待 3 秒
2024-08-20 03:25:38 查询号码 【1400130】，返回信息 {"status":"ok","msg":"-","gid":"520852","time_insert":"2023-02-07 20:40"}
2024-08-20 03:25:38 查询号码 【1400130】，GSD为【"-"】
2024-08-20 03:25:38 ok && -
2024-08-20 03:25:39 CHB 1400130?1724095538 第 1 次 等待 3 秒
2024-08-20 03:25:42 CHB 1400130?1724095538 第 1 次 获取到号码【1400130】GSD
2024-08-20 03:25:42 未获取到号码【1400130】GSD，可能号码格式错误
2024-08-20 03:25:42 获取到号码【1400130】的GSD为【-】
2024-08-20 03:25:50 GSD insert 第 1 次 等待 3 秒
2024-08-20 03:25:53 {"status":"bad","gid":"520852","msg":"添加失败！号码【1400130(-|-)】已存在！"}
2024-08-20 03:25:53 随机等待 230 秒，约 3 分钟
2024-08-20 03:25:53 下次操作: 2024-08-20 03:29:43

2024-08-20 03:29:43 开始第 132 次操作

2024-08-20 03:29:43 开始操作号码 【1400131】
2024-08-20 03:29:51 GSD getOne 第 1 次 等待 3 秒
2024-08-20 03:29:54 查询号码 【1400131】，返回信息 {"status":"ok","msg":"-","gid":"520860","time_insert":"2023-02-07 20:51"}
2024-08-20 03:29:54 查询号码 【1400131】，GSD为【"-"】
2024-08-20 03:29:54 ok && -
2024-08-20 03:29:56 CHB 1400131?1724095794 第 1 次 等待 3 秒
2024-08-20 03:29:59 CHB 1400131?1724095794 第 1 次 获取到号码【1400131】GSD
2024-08-20 03:29:59 未获取到号码【1400131】GSD，可能号码格式错误
2024-08-20 03:29:59 获取到号码【1400131】的GSD为【-】
2024-08-20 03:30:08 GSD insert 第 1 次 等待 3 秒
2024-08-20 03:30:11 {"status":"bad","gid":"520860","msg":"添加失败！号码【1400131(-|-)】已存在！"}

