2024-07-10 00:12:44 开始第 5325 次操作

2024-07-10 00:12:44 开始操作号码 【1515215】
2024-07-10 00:12:52 GSD getOne 第 1 次 等待 3 秒
2024-07-10 00:12:55 查询号码 【1515215】，返回信息 {"status":"ok","msg":"江苏-徐州","gid":"351145","time_insert":"2021-07-22 02:34"}
2024-07-10 00:12:55 查询号码 【1515215】，GSD为【"江苏-徐州"】

2024-07-10 00:12:56 开始第 5326 次操作

2024-07-10 00:12:56 开始操作号码 【1515216】
2024-07-10 00:13:05 GSD getOne 第 1 次 等待 3 秒
2024-07-10 00:13:08 查询号码 【1515216】，返回信息 {"status":"ok","msg":"江苏-徐州","gid":"351194","time_insert":"2021-07-22 02:49"}
2024-07-10 00:13:08 查询号码 【1515216】，GSD为【"江苏-徐州"】

2024-07-10 00:13:09 开始第 5327 次操作

2024-07-10 00:13:09 开始操作号码 【1515217】
2024-07-10 00:13:17 GSD getOne 第 1 次 等待 3 秒
2024-07-10 00:13:20 查询号码 【1515217】，返回信息 {"status":"ok","msg":"江苏-徐州","gid":"351369","time_insert":"2021-07-22 03:01"}
2024-07-10 00:13:20 查询号码 【1515217】，GSD为【"江苏-徐州"】

2024-07-10 00:13:21 开始第 5328 次操作

2024-07-10 00:13:21 开始操作号码 【1515218】
2024-07-10 00:13:31 GSD getOne 第 1 次 等待 3 秒
2024-07-10 00:13:34 查询号码 【1515218】，返回信息 {"status":"ok","msg":"江苏-徐州","gid":"351539","time_insert":"2021-07-22 03:15"}
2024-07-10 00:13:35 查询号码 【1515218】，GSD为【"江苏-徐州"】

2024-07-10 00:39:12 开始第 5329 次操作

2024-07-10 00:39:12 开始操作号码 【1515219】
2024-07-10 00:39:21 GSD getOne 第 1 次 等待 3 秒
2024-07-10 00:39:24 查询号码 【1515219】，返回信息 {"status":"ok","msg":"江苏-徐州","gid":"351575","time_insert":"2021-07-22 03:26"}
2024-07-10 00:39:24 查询号码 【1515219】，GSD为【"江苏-徐州"】

2024-07-10 00:39:25 开始第 5330 次操作

2024-07-10 00:39:25 开始操作号码 【1515220】
2024-07-10 00:39:33 GSD getOne 第 1 次 等待 3 秒
2024-07-10 00:39:36 查询号码 【1515220】，返回信息 {"status":"ok","msg":"江苏-无锡","gid":"351649","time_insert":"2021-07-22 03:39"}
2024-07-10 00:39:36 查询号码 【1515220】，GSD为【"江苏-无锡"】

2024-07-10 00:39:37 开始第 5331 次操作

2024-07-10 00:39:37 开始操作号码 【1515221】
2024-07-10 00:39:46 GSD getOne 第 1 次 等待 3 秒
2024-07-10 00:39:49 查询号码 【1515221】，返回信息 {"status":"ok","msg":"江苏-无锡","gid":"351831","time_insert":"2021-07-22 03:53"}
2024-07-10 00:39:49 查询号码 【1515221】，GSD为【"江苏-无锡"】

2024-07-10 00:39:50 开始第 5332 次操作

2024-07-10 00:39:50 开始操作号码 【1515222】
2024-07-10 00:39:58 GSD getOne 第 1 次 等待 3 秒
2024-07-10 00:40:01 查询号码 【1515222】，返回信息 {"status":"ok","msg":"江苏-无锡","gid":"351935","time_insert":"2021-07-22 04:03"}
2024-07-10 00:40:01 查询号码 【1515222】，GSD为【"江苏-无锡"】

2024-07-10 01:10:10 开始第 5333 次操作

2024-07-10 01:10:10 开始操作号码 【1515223】
2024-07-10 01:10:19 GSD getOne 第 1 次 等待 3 秒
2024-07-10 01:10:22 查询号码 【1515223】，返回信息 {"status":"ok","msg":"江苏-无锡","gid":"17411","time_insert":"2017-09-16 20:33","time_update":"2020-08-25 01:47"}
2024-07-10 01:10:22 查询号码 【1515223】，GSD为【"江苏-无锡"】

2024-07-10 01:10:23 开始第 5334 次操作

2024-07-10 01:10:23 开始操作号码 【1515224】
2024-07-10 01:10:31 GSD getOne 第 1 次 等待 3 秒
2024-07-10 01:10:34 查询号码 【1515224】，返回信息 {"status":"ok","msg":"江苏-无锡","gid":"352002","time_insert":"2021-07-22 04:17"}
2024-07-10 01:10:34 查询号码 【1515224】，GSD为【"江苏-无锡"】

2024-07-10 01:10:35 开始第 5335 次操作

2024-07-10 01:10:35 开始操作号码 【1515225】
2024-07-10 01:10:44 GSD getOne 第 1 次 等待 3 秒
2024-07-10 01:10:47 查询号码 【1515225】，返回信息 {"status":"ok","msg":"江苏-无锡","gid":"352032","time_insert":"2021-07-22 04:31"}
2024-07-10 01:10:47 查询号码 【1515225】，GSD为【"江苏-无锡"】

2024-07-10 01:10:48 开始第 5336 次操作

2024-07-10 01:10:48 开始操作号码 【1515226】
2024-07-10 01:10:56 GSD getOne 第 1 次 等待 3 秒
2024-07-10 01:10:59 查询号码 【1515226】，返回信息 {"status":"ok","msg":"江苏-无锡","gid":"352126","time_insert":"2021-07-22 04:45"}
2024-07-10 01:10:59 查询号码 【1515226】，GSD为【"江苏-无锡"】

