2024-04-19 00:10:35 开始第 4425 次操作

2024-04-19 00:10:35 开始操作号码 【1624325】
2024-04-19 00:10:40 GSD getOne 第 1 次 等待 3 秒
2024-04-19 00:10:43 查询号码 【1624325】，返回信息 {"status":"ok","msg":"-","gid":"153010","time_insert":"2021-06-29 11:13"}
2024-04-19 00:10:43 查询号码 【1624325】，GSD为【"-"】
2024-04-19 00:10:43 ok && -
2024-04-19 00:10:46 CHB 1624325?1713456643 第 1 次 等待 3 秒
2024-04-19 00:10:49 CHB 1624325?1713456643 第 1 次 获取到号码【1624325】GSD
2024-04-19 00:10:49 未获取到号码【1624325】GSD，可能号码格式错误
2024-04-19 00:10:49 获取到号码【1624325】的GSD为【-】
2024-04-19 00:10:56 GSD insert 第 1 次 等待 3 秒
2024-04-19 00:10:59 {"status":"bad","gid":"153010","msg":"添加失败！号码【1624325(-|-)】已存在！"}
2024-04-19 00:10:59 随机等待 77 秒，约 1 分钟
2024-04-19 00:10:59 下次操作: 2024-04-19 00:12:16

2024-04-19 00:12:16 开始第 4426 次操作

2024-04-19 00:12:16 开始操作号码 【1624326】
2024-04-19 00:12:21 GSD getOne 第 1 次 等待 3 秒
2024-04-19 00:12:24 查询号码 【1624326】，返回信息 {"status":"ok","msg":"-","gid":"153023","time_insert":"2021-06-29 11:18"}
2024-04-19 00:12:24 查询号码 【1624326】，GSD为【"-"】
2024-04-19 00:12:24 ok && -
2024-04-19 00:12:27 CHB 1624326?1713456744 第 1 次 等待 3 秒
2024-04-19 00:12:30 CHB 1624326?1713456744 第 1 次 获取到号码【1624326】GSD
2024-04-19 00:12:30 未获取到号码【1624326】GSD，可能号码格式错误
2024-04-19 00:12:30 获取到号码【1624326】的GSD为【-】
2024-04-19 00:12:34 GSD insert 第 1 次 等待 3 秒
2024-04-19 00:12:37 {"status":"bad","gid":"153023","msg":"添加失败！号码【1624326(-|-)】已存在！"}
2024-04-19 00:12:37 随机等待 92 秒，约 1 分钟
2024-04-19 00:12:37 下次操作: 2024-04-19 00:14:09

2024-04-19 00:14:09 开始第 4427 次操作

2024-04-19 00:14:09 开始操作号码 【1624327】
2024-04-19 00:14:18 GSD getOne 第 1 次 等待 3 秒
2024-04-19 00:14:21 查询号码 【1624327】，返回信息 {"status":"ok","msg":"-","gid":"153031","time_insert":"2021-06-29 11:24"}
2024-04-19 00:14:21 查询号码 【1624327】，GSD为【"-"】
2024-04-19 00:14:21 ok && -
2024-04-19 00:14:23 CHB 1624327?1713456861 第 1 次 等待 3 秒
2024-04-19 00:14:26 CHB 1624327?1713456861 第 1 次 获取到号码【1624327】GSD
2024-04-19 00:14:26 未获取到号码【1624327】GSD，可能号码格式错误
2024-04-19 00:14:26 获取到号码【1624327】的GSD为【-】
2024-04-19 00:14:32 GSD insert 第 1 次 等待 3 秒
2024-04-19 00:14:35 {"status":"bad","gid":"153031","msg":"添加失败！号码【1624327(-|-)】已存在！"}
2024-04-19 00:14:35 随机等待 184 秒，约 3 分钟
2024-04-19 00:14:35 下次操作: 2024-04-19 00:17:39

2024-04-19 00:17:39 开始第 4428 次操作

2024-04-19 00:17:39 开始操作号码 【1624328】
2024-04-19 00:17:45 GSD getOne 第 1 次 等待 3 秒
2024-04-19 00:17:48 查询号码 【1624328】，返回信息 {"status":"ok","msg":"-","gid":"153040","time_insert":"2021-06-29 11:29"}
2024-04-19 00:17:48 查询号码 【1624328】，GSD为【"-"】
2024-04-19 00:17:48 ok && -
2024-04-19 00:17:50 CHB 1624328?1713457068 第 1 次 等待 3 秒
2024-04-19 00:17:53 CHB 1624328?1713457068 第 1 次 获取到号码【1624328】GSD
2024-04-19 00:17:53 未获取到号码【1624328】GSD，可能号码格式错误
2024-04-19 00:17:53 获取到号码【1624328】的GSD为【-】
2024-04-19 00:17:58 GSD insert 第 1 次 等待 3 秒
2024-04-19 00:18:01 {"status":"bad","gid":"153040","msg":"添加失败！号码【1624328(-|-)】已存在！"}

2024-04-19 00:35:35 开始第 4429 次操作

2024-04-19 00:35:35 开始操作号码 【1624329】
2024-04-19 00:35:41 GSD getOne 第 1 次 等待 3 秒
2024-04-19 00:35:44 查询号码 【1624329】，返回信息 {"status":"ok","msg":"-","gid":"153049","time_insert":"2021-06-29 11:34"}
2024-04-19 00:35:44 查询号码 【1624329】，GSD为【"-"】
2024-04-19 00:35:44 ok && -
2024-04-19 00:35:47 CHB 1624329?1713458144 第 1 次 等待 3 秒
2024-04-19 00:35:50 CHB 1624329?1713458144 第 1 次 获取到号码【1624329】GSD
2024-04-19 00:35:50 未获取到号码【1624329】GSD，可能号码格式错误
2024-04-19 00:35:50 获取到号码【1624329】的GSD为【-】
2024-04-19 00:35:56 GSD insert 第 1 次 等待 3 秒
2024-04-19 00:35:59 {"status":"bad","gid":"153049","msg":"添加失败！号码【1624329(-|-)】已存在！"}
2024-04-19 00:35:59 随机等待 114 秒，约 1 分钟
2024-04-19 00:35:59 下次操作: 2024-04-19 00:37:53

2024-04-19 00:37:53 开始第 4430 次操作

2024-04-19 00:37:53 开始操作号码 【1624330】
2024-04-19 00:37:58 GSD getOne 第 1 次 等待 3 秒
2024-04-19 00:38:01 查询号码 【1624330】，返回信息 {"status":"ok","msg":"-","gid":"153054","time_insert":"2021-06-29 11:40"}
2024-04-19 00:38:01 查询号码 【1624330】，GSD为【"-"】
2024-04-19 00:38:01 ok && -
2024-04-19 00:38:04 CHB 1624330?1713458281 第 1 次 等待 3 秒
2024-04-19 00:38:07 CHB 1624330?1713458281 第 1 次 获取到号码【1624330】GSD
2024-04-19 00:38:07 未获取到号码【1624330】GSD，可能号码格式错误
2024-04-19 00:38:07 获取到号码【1624330】的GSD为【-】
2024-04-19 00:38:12 GSD insert 第 1 次 等待 3 秒
2024-04-19 00:38:15 {"status":"bad","gid":"153054","msg":"添加失败！号码【1624330(-|-)】已存在！"}
2024-04-19 00:38:15 随机等待 153 秒，约 2 分钟
2024-04-19 00:38:15 下次操作: 2024-04-19 00:40:48

2024-04-19 00:40:48 开始第 4431 次操作

2024-04-19 00:40:48 开始操作号码 【1624331】
2024-04-19 00:40:53 GSD getOne 第 1 次 等待 3 秒
2024-04-19 00:40:56 查询号码 【1624331】，返回信息 {"status":"ok","msg":"-","gid":"153060","time_insert":"2021-06-29 11:45"}
2024-04-19 00:40:56 查询号码 【1624331】，GSD为【"-"】
2024-04-19 00:40:56 ok && -
2024-04-19 00:40:57 CHB 1624331?1713458456 第 1 次 等待 3 秒
2024-04-19 00:41:00 CHB 1624331?1713458456 第 1 次 获取到号码【1624331】GSD
2024-04-19 00:41:00 未获取到号码【1624331】GSD，可能号码格式错误
2024-04-19 00:41:00 获取到号码【1624331】的GSD为【-】
2024-04-19 00:41:08 GSD insert 第 1 次 等待 3 秒
2024-04-19 00:41:11 {"status":"bad","gid":"153060","msg":"添加失败！号码【1624331(-|-)】已存在！"}
2024-04-19 00:41:11 随机等待 217 秒，约 3 分钟
2024-04-19 00:41:11 下次操作: 2024-04-19 00:44:48

2024-04-19 00:44:48 开始第 4432 次操作

2024-04-19 00:44:48 开始操作号码 【1624332】
2024-04-19 00:44:53 GSD getOne 第 1 次 等待 3 秒
2024-04-19 00:44:56 查询号码 【1624332】，返回信息 {"status":"ok","msg":"-","gid":"153072","time_insert":"2021-06-29 11:49"}
2024-04-19 00:44:56 查询号码 【1624332】，GSD为【"-"】
2024-04-19 00:44:56 ok && -
2024-04-19 00:44:58 CHB 1624332?1713458696 第 1 次 等待 3 秒
2024-04-19 00:45:01 CHB 1624332?1713458696 第 1 次 获取到号码【1624332】GSD
2024-04-19 00:45:01 未获取到号码【1624332】GSD，可能号码格式错误
2024-04-19 00:45:01 获取到号码【1624332】的GSD为【-】
2024-04-19 00:45:05 GSD insert 第 1 次 等待 3 秒
2024-04-19 00:45:09 {"status":"bad","gid":"153072","msg":"添加失败！号码【1624332(-|-)】已存在！"}

