2023-11-15 00:09:03 开始第 8877 次操作

2023-11-15 00:09:03 开始操作号码 【1948775】
2023-11-15 00:09:09 GSD getOne 第 1 次 等待 3 秒
2023-11-15 00:09:12 查询号码 【1948775】，返回信息 {"status":"ok","msg":"-","gid":"603221","time_insert":"2023-03-20 17:43"}
2023-11-15 00:09:12 查询号码 【1948775】，GSD为【"-"】
2023-11-15 00:09:12 ok && -
2023-11-15 00:09:15 CHB 1948775?1699978152 第 1 次 等待 3 秒
2023-11-15 00:09:18 CHB 1948775?1699978152 第 1 次 获取到号码【1948775】GSD
2023-11-15 00:09:18 未获取到号码【1948775】GSD，可能号码格式错误
2023-11-15 00:09:18 获取到号码【1948775】的GSD为【-】
2023-11-15 00:09:21 GSD insert 第 1 次 等待 3 秒
2023-11-15 00:09:24 {"status":"bad","gid":"603221","msg":"添加失败！号码【1948775(-|-)】已存在！"}
2023-11-15 00:09:24 随机等待 104 秒，约 1 分钟
2023-11-15 00:09:24 下次操作: 2023-11-15 00:11:08

2023-11-15 00:11:08 开始第 8878 次操作

2023-11-15 00:11:08 开始操作号码 【1948776】
2023-11-15 00:11:12 GSD getOne 第 1 次 等待 3 秒
2023-11-15 00:11:15 查询号码 【1948776】，返回信息 {"status":"ok","msg":"-","gid":"603210","time_insert":"2023-03-20 17:36"}
2023-11-15 00:11:15 查询号码 【1948776】，GSD为【"-"】
2023-11-15 00:11:15 ok && -
2023-11-15 00:11:17 CHB 1948776?1699978275 第 1 次 等待 3 秒
2023-11-15 00:11:20 CHB 1948776?1699978275 第 1 次 获取到号码【1948776】GSD
2023-11-15 00:11:20 未获取到号码【1948776】GSD，可能号码格式错误
2023-11-15 00:11:20 获取到号码【1948776】的GSD为【-】
2023-11-15 00:11:25 GSD insert 第 1 次 等待 3 秒
2023-11-15 00:11:28 {"status":"bad","gid":"603210","msg":"添加失败！号码【1948776(-|-)】已存在！"}
2023-11-15 00:11:28 随机等待 73 秒，约 1 分钟
2023-11-15 00:11:28 下次操作: 2023-11-15 00:12:41

2023-11-15 00:12:41 开始第 8879 次操作

2023-11-15 00:12:41 开始操作号码 【1948777】
2023-11-15 00:12:44 GSD getOne 第 1 次 等待 3 秒
2023-11-15 00:12:47 查询号码 【1948777】，返回信息 {"status":"ok","msg":"-","gid":"603206","time_insert":"2023-03-20 17:33"}
2023-11-15 00:12:47 查询号码 【1948777】，GSD为【"-"】
2023-11-15 00:12:47 ok && -
2023-11-15 00:12:49 CHB 1948777?1699978367 第 1 次 等待 3 秒
2023-11-15 00:12:52 CHB 1948777?1699978367 第 1 次 获取到号码【1948777】GSD
2023-11-15 00:12:52 未获取到号码【1948777】GSD，可能号码格式错误
2023-11-15 00:12:52 获取到号码【1948777】的GSD为【-】
2023-11-15 00:12:59 GSD insert 第 1 次 等待 3 秒
2023-11-15 00:13:02 {"status":"bad","gid":"603206","msg":"添加失败！号码【1948777(-|-)】已存在！"}
2023-11-15 00:13:02 随机等待 186 秒，约 3 分钟
2023-11-15 00:13:02 下次操作: 2023-11-15 00:16:08

2023-11-15 00:16:08 开始第 8880 次操作

2023-11-15 00:16:08 开始操作号码 【1948778】
2023-11-15 00:16:11 GSD getOne 第 1 次 等待 3 秒
2023-11-15 00:16:14 查询号码 【1948778】，返回信息 {"status":"ok","msg":"-","gid":"603199","time_insert":"2023-03-20 17:30"}
2023-11-15 00:16:15 查询号码 【1948778】，GSD为【"-"】
2023-11-15 00:16:15 ok && -
2023-11-15 00:16:17 CHB 1948778?1699978575 第 1 次 等待 3 秒
2023-11-15 00:16:20 CHB 1948778?1699978575 第 1 次 获取到号码【1948778】GSD
2023-11-15 00:16:20 未获取到号码【1948778】GSD，可能号码格式错误
2023-11-15 00:16:20 获取到号码【1948778】的GSD为【-】
2023-11-15 00:16:23 GSD insert 第 1 次 等待 3 秒
2023-11-15 00:16:26 {"status":"bad","gid":"603199","msg":"添加失败！号码【1948778(-|-)】已存在！"}

2023-11-15 00:38:17 开始第 8881 次操作

2023-11-15 00:38:17 开始操作号码 【1948779】
2023-11-15 00:38:21 GSD getOne 第 1 次 等待 3 秒
2023-11-15 00:38:24 查询号码 【1948779】，返回信息 {"status":"ok","msg":"-","gid":"603193","time_insert":"2023-03-20 17:28"}
2023-11-15 00:38:24 查询号码 【1948779】，GSD为【"-"】
2023-11-15 00:38:24 ok && -
2023-11-15 00:38:27 CHB 1948779?1699979904 第 1 次 等待 3 秒
2023-11-15 00:38:30 CHB 1948779?1699979904 第 1 次 获取到号码【1948779】GSD
2023-11-15 00:38:30 未获取到号码【1948779】GSD，可能号码格式错误
2023-11-15 00:38:30 获取到号码【1948779】的GSD为【-】
2023-11-15 00:38:33 GSD insert 第 1 次 等待 3 秒
2023-11-15 00:38:36 {"status":"bad","gid":"603193","msg":"添加失败！号码【1948779(-|-)】已存在！"}
2023-11-15 00:38:36 随机等待 176 秒，约 2 分钟
2023-11-15 00:38:36 下次操作: 2023-11-15 00:41:32

2023-11-15 00:41:32 开始第 8882 次操作

2023-11-15 00:41:32 开始操作号码 【1948780】
2023-11-15 00:41:36 GSD getOne 第 1 次 等待 3 秒
2023-11-15 00:41:39 查询号码 【1948780】，返回信息 {"status":"ok","msg":"-","gid":"603183","time_insert":"2023-03-20 17:18"}
2023-11-15 00:41:39 查询号码 【1948780】，GSD为【"-"】
2023-11-15 00:41:39 ok && -
2023-11-15 00:41:42 CHB 1948780?1699980099 第 1 次 等待 3 秒
2023-11-15 00:41:45 CHB 1948780?1699980099 第 1 次 获取到号码【1948780】GSD
2023-11-15 00:41:45 未获取到号码【1948780】GSD，可能号码格式错误
2023-11-15 00:41:45 获取到号码【1948780】的GSD为【-】
2023-11-15 00:41:49 GSD insert 第 1 次 等待 3 秒
2023-11-15 00:41:52 {"status":"bad","gid":"603183","msg":"添加失败！号码【1948780(-|-)】已存在！"}
2023-11-15 00:41:52 随机等待 199 秒，约 3 分钟
2023-11-15 00:41:52 下次操作: 2023-11-15 00:45:11

2023-11-15 00:45:11 开始第 8883 次操作

2023-11-15 00:45:11 开始操作号码 【1948781】
2023-11-15 00:45:15 GSD getOne 第 1 次 等待 3 秒
2023-11-15 00:45:18 查询号码 【1948781】，返回信息 {"status":"ok","msg":"-","gid":"603180","time_insert":"2023-03-20 17:16"}
2023-11-15 00:45:18 查询号码 【1948781】，GSD为【"-"】
2023-11-15 00:45:18 ok && -
2023-11-15 00:45:21 CHB 1948781?1699980318 第 1 次 等待 3 秒
2023-11-15 00:45:24 CHB 1948781?1699980318 第 1 次 获取到号码【1948781】GSD
2023-11-15 00:45:24 未获取到号码【1948781】GSD，可能号码格式错误
2023-11-15 00:45:24 获取到号码【1948781】的GSD为【-】
2023-11-15 00:45:27 GSD insert 第 1 次 等待 3 秒
2023-11-15 00:45:30 {"status":"bad","gid":"603180","msg":"添加失败！号码【1948781(-|-)】已存在！"}
2023-11-15 00:45:30 随机等待 207 秒，约 3 分钟
2023-11-15 00:45:30 下次操作: 2023-11-15 00:48:57

2023-11-15 00:48:57 开始第 8884 次操作

2023-11-15 00:48:57 开始操作号码 【1948782】
2023-11-15 00:49:02 GSD getOne 第 1 次 等待 3 秒
2023-11-15 00:49:05 查询号码 【1948782】，返回信息 {"status":"ok","msg":"-","gid":"603173","time_insert":"2023-03-20 17:13"}
2023-11-15 00:49:05 查询号码 【1948782】，GSD为【"-"】
2023-11-15 00:49:05 ok && -
2023-11-15 00:49:07 CHB 1948782?1699980545 第 1 次 等待 3 秒
2023-11-15 00:49:10 CHB 1948782?1699980545 第 1 次 获取到号码【1948782】GSD
2023-11-15 00:49:10 未获取到号码【1948782】GSD，可能号码格式错误
2023-11-15 00:49:10 获取到号码【1948782】的GSD为【-】
2023-11-15 00:49:14 GSD insert 第 1 次 等待 3 秒
2023-11-15 00:49:17 {"status":"bad","gid":"603173","msg":"添加失败！号码【1948782(-|-)】已存在！"}

