2024-06-18 00:12:06 开始第 1321 次操作

2024-06-18 00:12:06 开始操作号码 【1511213】
2024-06-18 00:12:13 GSD getOne 第 1 次 等待 3 秒
2024-06-18 00:12:16 查询号码 【1511213】，返回信息 {"status":"ok","msg":"广东-广州","gid":"90177","time_insert":"2021-06-10 21:12"}
2024-06-18 00:12:16 查询号码 【1511213】，GSD为【"广东-广州"】

2024-06-18 00:12:17 开始第 1322 次操作

2024-06-18 00:12:17 开始操作号码 【1511214】
2024-06-18 00:12:23 GSD getOne 第 1 次 等待 3 秒
2024-06-18 00:12:26 查询号码 【1511214】，返回信息 {"status":"ok","msg":"广东-广州","gid":"90205","time_insert":"2021-06-10 21:37"}
2024-06-18 00:12:26 查询号码 【1511214】，GSD为【"广东-广州"】

2024-06-18 00:12:27 开始第 1323 次操作

2024-06-18 00:12:27 开始操作号码 【1511215】
2024-06-18 00:12:35 GSD getOne 第 1 次 等待 3 秒
2024-06-18 00:12:38 查询号码 【1511215】，返回信息 {"status":"ok","msg":"广东-广州","gid":"90223","time_insert":"2021-06-10 21:59"}
2024-06-18 00:12:38 查询号码 【1511215】，GSD为【"广东-广州"】

2024-06-18 00:12:39 开始第 1324 次操作

2024-06-18 00:12:39 开始操作号码 【1511216】
2024-06-18 00:12:50 GSD getOne 第 1 次 等待 3 秒
2024-06-18 00:12:53 查询号码 【1511216】，返回信息 {"status":"ok","msg":"广东-广州","gid":"66749","time_insert":"2021-05-24 15:27","time_update":"2021-05-28 04:19"}
2024-06-18 00:12:53 查询号码 【1511216】，GSD为【"广东-广州"】

