2024-06-28 00:11:50 开始第 3149 次操作

2024-06-28 00:11:50 开始操作号码 【1513039】
2024-06-28 00:12:05 GSD getOne 第 1 次 等待 3 秒
2024-06-28 00:12:08 查询号码 【1513039】，返回信息 {"status":"ok","msg":"河北-邢台","gid":"17269","time_insert":"2020-02-26 17:17","time_update":"2020-08-17 21:30"}
2024-06-28 00:12:08 查询号码 【1513039】，GSD为【"河北-邢台"】

2024-06-28 00:12:09 开始第 3150 次操作

2024-06-28 00:12:09 开始操作号码 【1513040】
2024-06-28 00:12:25 GSD getOne 第 1 次 等待 3 秒
2024-06-28 00:12:28 查询号码 【1513040】，返回信息 {"status":"ok","msg":"河北-保定","gid":"180082","time_insert":"2021-07-03 08:22"}
2024-06-28 00:12:28 查询号码 【1513040】，GSD为【"河北-保定"】

2024-06-28 00:12:29 开始第 3151 次操作

2024-06-28 00:12:29 开始操作号码 【1513041】
2024-06-28 00:12:52 GSD getOne 第 1 次 等待 3 秒
2024-06-28 00:12:55 查询号码 【1513041】，返回信息 {"status":"ok","msg":"河北-保定","gid":"180115","time_insert":"2021-07-03 08:46"}
2024-06-28 00:12:55 查询号码 【1513041】，GSD为【"河北-保定"】

2024-06-28 00:12:56 开始第 3152 次操作

2024-06-28 00:12:56 开始操作号码 【1513042】
2024-06-28 00:13:46 GSD getOne 第 1 次 等待 3 秒
2024-06-28 00:13:49 查询号码 【1513042】，返回信息 {"status":"ok","msg":"河北-保定","gid":"180156","time_insert":"2021-07-03 09:15"}
2024-06-28 00:13:49 查询号码 【1513042】，GSD为【"河北-保定"】

