2024-10-18 00:29:42 开始第 9721 次操作

2024-10-18 00:29:42 开始操作号码 【1409718】
2024-10-18 00:29:43 GSD getOne 第 1 次 等待 3 秒
2024-10-18 00:29:46 查询号码 【1409718】，返回信息 {"status":"ok","msg":"-","gid":"693118","time_insert":"2023-05-05 08:27"}
2024-10-18 00:29:46 查询号码 【1409718】，GSD为【"-"】
2024-10-18 00:29:46 ok && -
2024-10-18 00:29:48 CHB 1409718?1729182586 第 1 次 等待 3 秒
2024-10-18 00:29:51 CHB 1409718?1729182586 第 1 次 获取到号码【1409718】GSD
2024-10-18 00:29:51 未获取到号码【1409718】GSD，可能号码格式错误
2024-10-18 00:29:51 获取到号码【1409718】的GSD为【-】
2024-10-18 00:29:52 GSD insert 第 1 次 等待 3 秒
2024-10-18 00:29:55 {"status":"bad","gid":"693118","msg":"添加失败！号码【1409718(-|-)】已存在！"}
2024-10-18 00:29:55 随机等待 195 秒，约 3 分钟
2024-10-18 00:29:55 下次操作: 2024-10-18 00:33:10

2024-10-18 00:33:10 开始第 9722 次操作

2024-10-18 00:33:10 开始操作号码 【1409719】
2024-10-18 00:33:11 GSD getOne 第 1 次 等待 3 秒
2024-10-18 00:33:14 查询号码 【1409719】，返回信息 {"status":"ok","msg":"-","gid":"693099","time_insert":"2023-05-05 08:07"}
2024-10-18 00:33:14 查询号码 【1409719】，GSD为【"-"】
2024-10-18 00:33:14 ok && -
2024-10-18 00:33:15 CHB 1409719?1729182794 第 1 次 等待 3 秒
2024-10-18 00:33:18 CHB 1409719?1729182794 第 1 次 获取到号码【1409719】GSD
2024-10-18 00:33:18 未获取到号码【1409719】GSD，可能号码格式错误
2024-10-18 00:33:18 获取到号码【1409719】的GSD为【-】
2024-10-18 00:33:19 GSD insert 第 1 次 等待 3 秒
2024-10-18 00:33:22 {"status":"bad","gid":"693099","msg":"添加失败！号码【1409719(-|-)】已存在！"}
2024-10-18 00:33:22 随机等待 186 秒，约 3 分钟
2024-10-18 00:33:22 下次操作: 2024-10-18 00:36:28

2024-10-18 00:36:28 开始第 9723 次操作

2024-10-18 00:36:28 开始操作号码 【1409720】
2024-10-18 00:36:29 GSD getOne 第 1 次 等待 3 秒
2024-10-18 00:36:32 查询号码 【1409720】，返回信息 {"status":"ok","msg":"-","gid":"693087","time_insert":"2023-05-05 07:53"}
2024-10-18 00:36:32 查询号码 【1409720】，GSD为【"-"】
2024-10-18 00:36:32 ok && -
2024-10-18 00:36:34 CHB 1409720?1729182992 第 1 次 等待 3 秒
2024-10-18 00:36:37 CHB 1409720?1729182992 第 1 次 获取到号码【1409720】GSD
2024-10-18 00:36:37 未获取到号码【1409720】GSD，可能号码格式错误
2024-10-18 00:36:37 获取到号码【1409720】的GSD为【-】
2024-10-18 00:36:38 GSD insert 第 1 次 等待 3 秒
2024-10-18 00:36:41 {"status":"bad","gid":"693087","msg":"添加失败！号码【1409720(-|-)】已存在！"}
2024-10-18 00:36:41 随机等待 186 秒，约 3 分钟
2024-10-18 00:36:41 下次操作: 2024-10-18 00:39:47

2024-10-18 00:39:47 开始第 9724 次操作

2024-10-18 00:39:47 开始操作号码 【1409721】
2024-10-18 00:39:48 GSD getOne 第 1 次 等待 3 秒
2024-10-18 00:39:51 查询号码 【1409721】，返回信息 {"status":"ok","msg":"-","gid":"693074","time_insert":"2023-05-05 07:42"}
2024-10-18 00:39:51 查询号码 【1409721】，GSD为【"-"】
2024-10-18 00:39:51 ok && -
2024-10-18 00:39:52 CHB 1409721?1729183191 第 1 次 等待 3 秒
2024-10-18 00:39:55 CHB 1409721?1729183191 第 1 次 获取到号码【1409721】GSD
2024-10-18 00:39:55 未获取到号码【1409721】GSD，可能号码格式错误
2024-10-18 00:39:55 获取到号码【1409721】的GSD为【-】
2024-10-18 00:39:56 GSD insert 第 1 次 等待 3 秒
2024-10-18 00:39:59 {"status":"bad","gid":"693074","msg":"添加失败！号码【1409721(-|-)】已存在！"}

