2024-02-07 00:10:07 开始第 2365 次操作

2024-02-07 00:10:07 开始操作号码 【1732264】
2024-02-07 00:10:12 GSD getOne 第 1 次 等待 3 秒
2024-02-07 00:10:15 查询号码 【1732264】，返回信息 {"status":"ok","msg":"广东-佛山","gid":"154825","time_insert":"2021-06-29 16:54"}
2024-02-07 00:10:15 查询号码 【1732264】，GSD为【"广东-佛山"】

2024-02-07 00:10:16 开始第 2366 次操作

2024-02-07 00:10:16 开始操作号码 【1732265】
2024-02-07 00:10:20 GSD getOne 第 1 次 等待 3 秒
2024-02-07 00:10:23 查询号码 【1732265】，返回信息 {"status":"ok","msg":"广东-佛山","gid":"154834","time_insert":"2021-06-29 16:54"}
2024-02-07 00:10:23 查询号码 【1732265】，GSD为【"广东-佛山"】

2024-02-07 00:10:24 开始第 2367 次操作

2024-02-07 00:10:24 开始操作号码 【1732266】
2024-02-07 00:10:28 GSD getOne 第 1 次 等待 3 秒
2024-02-07 00:10:31 查询号码 【1732266】，返回信息 {"status":"ok","msg":"广东-佛山","gid":"154844","time_insert":"2021-06-29 16:55"}
2024-02-07 00:10:31 查询号码 【1732266】，GSD为【"广东-佛山"】

2024-02-07 00:10:32 开始第 2368 次操作

2024-02-07 00:10:32 开始操作号码 【1732267】
2024-02-07 00:10:36 GSD getOne 第 1 次 等待 3 秒
2024-02-07 00:10:39 查询号码 【1732267】，返回信息 {"status":"ok","msg":"广东-佛山","gid":"154856","time_insert":"2021-06-29 16:56"}
2024-02-07 00:10:39 查询号码 【1732267】，GSD为【"广东-佛山"】

2024-02-07 00:34:51 开始第 2369 次操作

2024-02-07 00:34:51 开始操作号码 【1732268】
2024-02-07 00:34:56 GSD getOne 第 1 次 等待 3 秒
2024-02-07 00:34:59 查询号码 【1732268】，返回信息 {"status":"ok","msg":"广东-佛山","gid":"154869","time_insert":"2021-06-29 16:57"}
2024-02-07 00:34:59 查询号码 【1732268】，GSD为【"广东-佛山"】

2024-02-07 00:35:00 开始第 2370 次操作

2024-02-07 00:35:00 开始操作号码 【1732269】
2024-02-07 00:35:04 GSD getOne 第 1 次 等待 3 秒
2024-02-07 00:35:07 查询号码 【1732269】，返回信息 {"status":"ok","msg":"广东-河源","gid":"154882","time_insert":"2021-06-29 16:58"}
2024-02-07 00:35:07 查询号码 【1732269】，GSD为【"广东-河源"】

2024-02-07 00:35:08 开始第 2371 次操作

2024-02-07 00:35:08 开始操作号码 【1732270】
2024-02-07 00:35:13 GSD getOne 第 1 次 等待 3 秒
2024-02-07 00:35:16 查询号码 【1732270】，返回信息 {"status":"ok","msg":"广东-佛山","gid":"154894","time_insert":"2021-06-29 16:59"}
2024-02-07 00:35:16 查询号码 【1732270】，GSD为【"广东-佛山"】

2024-02-07 00:35:17 开始第 2372 次操作

2024-02-07 00:35:17 开始操作号码 【1732271】
2024-02-07 00:35:21 GSD getOne 第 1 次 等待 3 秒
2024-02-07 00:35:24 查询号码 【1732271】，返回信息 {"status":"ok","msg":"广东-佛山","gid":"154899","time_insert":"2021-06-29 17:00"}
2024-02-07 00:35:24 查询号码 【1732271】，GSD为【"广东-佛山"】

2024-02-07 01:07:38 开始第 2373 次操作

2024-02-07 01:07:38 开始操作号码 【1732272】
2024-02-07 01:07:42 GSD getOne 第 1 次 等待 3 秒
2024-02-07 01:07:45 查询号码 【1732272】，返回信息 {"status":"ok","msg":"广东-佛山","gid":"154904","time_insert":"2021-06-29 17:00"}
2024-02-07 01:07:45 查询号码 【1732272】，GSD为【"广东-佛山"】

2024-02-07 01:07:46 开始第 2374 次操作

2024-02-07 01:07:46 开始操作号码 【1732273】
2024-02-07 01:07:51 GSD getOne 第 1 次 等待 3 秒
2024-02-07 01:07:54 查询号码 【1732273】，返回信息 {"status":"ok","msg":"广东-佛山","gid":"154910","time_insert":"2021-06-29 17:01"}
2024-02-07 01:07:54 查询号码 【1732273】，GSD为【"广东-佛山"】

2024-02-07 01:07:55 开始第 2375 次操作

2024-02-07 01:07:55 开始操作号码 【1732274】
2024-02-07 01:07:58 GSD getOne 第 1 次 等待 3 秒
2024-02-07 01:08:01 查询号码 【1732274】，返回信息 {"status":"ok","msg":"广东-佛山","gid":"154916","time_insert":"2021-06-29 17:02"}
2024-02-07 01:08:01 查询号码 【1732274】，GSD为【"广东-佛山"】

2024-02-07 01:08:02 开始第 2376 次操作

2024-02-07 01:08:02 开始操作号码 【1732275】
2024-02-07 01:08:09 GSD getOne 第 1 次 等待 3 秒
2024-02-07 01:08:12 查询号码 【1732275】，返回信息 {"status":"ok","msg":"广东-佛山","gid":"154922","time_insert":"2021-06-29 17:03"}
2024-02-07 01:08:12 查询号码 【1732275】，GSD为【"广东-佛山"】

2024-02-07 01:32:55 开始第 2377 次操作

2024-02-07 01:32:55 开始操作号码 【1732276】
2024-02-07 01:32:59 GSD getOne 第 1 次 等待 3 秒
2024-02-07 01:33:02 查询号码 【1732276】，返回信息 {"status":"ok","msg":"广东-佛山","gid":"154929","time_insert":"2021-06-29 17:04"}
2024-02-07 01:33:02 查询号码 【1732276】，GSD为【"广东-佛山"】

2024-02-07 01:33:03 开始第 2378 次操作

2024-02-07 01:33:03 开始操作号码 【1732277】
2024-02-07 01:33:10 GSD getOne 第 1 次 等待 3 秒
2024-02-07 01:33:13 查询号码 【1732277】，返回信息 {"status":"ok","msg":"广东-佛山","gid":"154933","time_insert":"2021-06-29 17:04"}
2024-02-07 01:33:13 查询号码 【1732277】，GSD为【"广东-佛山"】

2024-02-07 01:33:14 开始第 2379 次操作

2024-02-07 01:33:14 开始操作号码 【1732278】
2024-02-07 01:33:18 GSD getOne 第 1 次 等待 3 秒
2024-02-07 01:33:21 查询号码 【1732278】，返回信息 {"status":"ok","msg":"广东-佛山","gid":"154938","time_insert":"2021-06-29 17:05"}
2024-02-07 01:33:21 查询号码 【1732278】，GSD为【"广东-佛山"】

2024-02-07 01:33:22 开始第 2380 次操作

2024-02-07 01:33:22 开始操作号码 【1732279】
2024-02-07 01:33:26 GSD getOne 第 1 次 等待 3 秒
2024-02-07 01:33:29 查询号码 【1732279】，返回信息 {"status":"ok","msg":"广东-佛山","gid":"154944","time_insert":"2021-06-29 17:06"}
2024-02-07 01:33:29 查询号码 【1732279】，GSD为【"广东-佛山"】

2024-02-07 02:10:00 开始第 2381 次操作

2024-02-07 02:10:00 开始操作号码 【1732280】
2024-02-07 02:10:04 GSD getOne 第 1 次 等待 3 秒
2024-02-07 02:10:07 查询号码 【1732280】，返回信息 {"status":"ok","msg":"广东-江门","gid":"154954","time_insert":"2021-06-29 17:07"}
2024-02-07 02:10:07 查询号码 【1732280】，GSD为【"广东-江门"】

2024-02-07 02:10:08 开始第 2382 次操作

2024-02-07 02:10:08 开始操作号码 【1732281】
2024-02-07 02:10:13 GSD getOne 第 1 次 等待 3 秒
2024-02-07 02:10:16 查询号码 【1732281】，返回信息 {"status":"ok","msg":"广东-湛江","gid":"154962","time_insert":"2021-06-29 17:08"}
2024-02-07 02:10:16 查询号码 【1732281】，GSD为【"广东-湛江"】

2024-02-07 02:10:17 开始第 2383 次操作

2024-02-07 02:10:17 开始操作号码 【1732282】
2024-02-07 02:10:20 GSD getOne 第 1 次 等待 3 秒
2024-02-07 02:10:23 查询号码 【1732282】，返回信息 {"status":"ok","msg":"广东-中山","gid":"154968","time_insert":"2021-06-29 17:09"}
2024-02-07 02:10:23 查询号码 【1732282】，GSD为【"广东-中山"】

2024-02-07 02:10:25 开始第 2384 次操作

2024-02-07 02:10:25 开始操作号码 【1732283】
2024-02-07 02:10:29 GSD getOne 第 1 次 等待 3 秒
2024-02-07 02:10:32 查询号码 【1732283】，返回信息 {"status":"ok","msg":"广东-茂名","gid":"155025","time_insert":"2021-06-29 17:48"}
2024-02-07 02:10:32 查询号码 【1732283】，GSD为【"广东-茂名"】

2024-02-07 02:33:12 开始第 2385 次操作

2024-02-07 02:33:12 开始操作号码 【1732284】
2024-02-07 02:33:19 GSD getOne 第 1 次 等待 3 秒
2024-02-07 02:33:22 查询号码 【1732284】，返回信息 {"status":"ok","msg":"广东-韶关","gid":"155029","time_insert":"2021-06-29 17:48"}
2024-02-07 02:33:22 查询号码 【1732284】，GSD为【"广东-韶关"】

2024-02-07 02:33:23 开始第 2386 次操作

2024-02-07 02:33:23 开始操作号码 【1732285】
2024-02-07 02:33:27 GSD getOne 第 1 次 等待 3 秒
2024-02-07 02:33:30 查询号码 【1732285】，返回信息 {"status":"ok","msg":"广东-韶关","gid":"155036","time_insert":"2021-06-29 17:49"}
2024-02-07 02:33:30 查询号码 【1732285】，GSD为【"广东-韶关"】

2024-02-07 02:33:31 开始第 2387 次操作

2024-02-07 02:33:31 开始操作号码 【1732286】
2024-02-07 02:33:36 GSD getOne 第 1 次 等待 3 秒
2024-02-07 02:33:39 查询号码 【1732286】，返回信息 {"status":"ok","msg":"广东-珠海","gid":"155043","time_insert":"2021-06-29 17:50"}
2024-02-07 02:33:39 查询号码 【1732286】，GSD为【"广东-珠海"】

2024-02-07 02:33:40 开始第 2388 次操作

2024-02-07 02:33:40 开始操作号码 【1732287】
2024-02-07 02:33:44 GSD getOne 第 1 次 等待 3 秒
2024-02-07 02:33:47 查询号码 【1732287】，返回信息 {"status":"ok","msg":"广东-揭阳","gid":"155049","time_insert":"2021-06-29 17:50"}
2024-02-07 02:33:47 查询号码 【1732287】，GSD为【"广东-揭阳"】

