2023-11-16 00:11:24 开始第 9061 次操作

2023-11-16 00:11:24 开始操作号码 【1948959】
2023-11-16 00:11:36 GSD getOne 第 1 次 等待 3 秒
2023-11-16 00:11:39 查询号码 【1948959】，返回信息 {"status":"ok","msg":"-","gid":"602118","time_insert":"2023-03-20 05:08"}
2023-11-16 00:11:39 查询号码 【1948959】，GSD为【"-"】
2023-11-16 00:11:39 ok && -
2023-11-16 00:11:45 CHB 1948959?1700064699 第 1 次 等待 3 秒
2023-11-16 00:11:48 CHB 1948959?1700064699 第 1 次 获取到号码【1948959】GSD
2023-11-16 00:11:48 未获取到号码【1948959】GSD，可能号码格式错误
2023-11-16 00:11:48 获取到号码【1948959】的GSD为【-】
2023-11-16 00:11:55 GSD insert 第 1 次 等待 3 秒
2023-11-16 00:11:58 {"status":"bad","gid":"602118","msg":"添加失败！号码【1948959(-|-)】已存在！"}
2023-11-16 00:11:58 随机等待 181 秒，约 3 分钟
2023-11-16 00:11:58 下次操作: 2023-11-16 00:14:59

2023-11-16 00:14:59 开始第 9062 次操作

2023-11-16 00:14:59 开始操作号码 【1948960】
2023-11-16 00:15:05 GSD getOne 第 1 次 等待 3 秒
2023-11-16 00:15:08 查询号码 【1948960】，返回信息 {"status":"ok","msg":"-","gid":"602109","time_insert":"2023-03-20 05:00"}
2023-11-16 00:15:08 查询号码 【1948960】，GSD为【"-"】
2023-11-16 00:15:08 ok && -
2023-11-16 00:15:11 CHB 1948960?1700064908 第 1 次 等待 3 秒
2023-11-16 00:15:14 CHB 1948960?1700064908 第 1 次 获取到号码【1948960】GSD
2023-11-16 00:15:14 未获取到号码【1948960】GSD，可能号码格式错误
2023-11-16 00:15:14 获取到号码【1948960】的GSD为【-】
2023-11-16 00:15:19 GSD insert 第 1 次 等待 3 秒
2023-11-16 00:15:22 {"status":"bad","gid":"602109","msg":"添加失败！号码【1948960(-|-)】已存在！"}
2023-11-16 00:15:22 随机等待 96 秒，约 1 分钟
2023-11-16 00:15:22 下次操作: 2023-11-16 00:16:58

2023-11-16 00:16:58 开始第 9063 次操作

2023-11-16 00:16:58 开始操作号码 【1948961】
2023-11-16 00:17:05 GSD getOne 第 1 次 等待 3 秒
2023-11-16 00:17:08 查询号码 【1948961】，返回信息 {"status":"ok","msg":"-","gid":"602105","time_insert":"2023-03-20 04:57"}
2023-11-16 00:17:08 查询号码 【1948961】，GSD为【"-"】
2023-11-16 00:17:08 ok && -
2023-11-16 00:17:11 CHB 1948961?1700065028 第 1 次 等待 3 秒
2023-11-16 00:17:14 CHB 1948961?1700065028 第 1 次 获取到号码【1948961】GSD
2023-11-16 00:17:14 未获取到号码【1948961】GSD，可能号码格式错误
2023-11-16 00:17:14 获取到号码【1948961】的GSD为【-】
2023-11-16 00:17:17 GSD insert 第 1 次 等待 3 秒
2023-11-16 00:17:20 {"status":"bad","gid":"602105","msg":"添加失败！号码【1948961(-|-)】已存在！"}
2023-11-16 00:17:20 随机等待 192 秒，约 3 分钟
2023-11-16 00:17:20 下次操作: 2023-11-16 00:20:32

2023-11-16 00:20:32 开始第 9064 次操作

2023-11-16 00:20:32 开始操作号码 【1948962】
2023-11-16 00:20:36 GSD getOne 第 1 次 等待 3 秒
2023-11-16 00:20:39 查询号码 【1948962】，返回信息 {"status":"ok","msg":"-","gid":"602099","time_insert":"2023-03-20 04:54"}
2023-11-16 00:20:39 查询号码 【1948962】，GSD为【"-"】
2023-11-16 00:20:39 ok && -
2023-11-16 00:20:41 CHB 1948962?1700065239 第 1 次 等待 3 秒
2023-11-16 00:20:44 CHB 1948962?1700065239 第 1 次 获取到号码【1948962】GSD
2023-11-16 00:20:44 未获取到号码【1948962】GSD，可能号码格式错误
2023-11-16 00:20:44 获取到号码【1948962】的GSD为【-】
2023-11-16 00:20:47 GSD insert 第 1 次 等待 3 秒
2023-11-16 00:20:50 {"status":"bad","gid":"602099","msg":"添加失败！号码【1948962(-|-)】已存在！"}

