2021-07-23 10:09:10 开始第 1 次操作

2021-07-23 10:09:10 开始操作号码 【1839999】
2021-07-23 10:09:12 GSD getOne 第 1 次 等待 3 秒
2021-07-23 10:09:15 查询号码 【1839999】，返回信息 {"status":"ok","msg":"新疆-昌吉","gid":"39141","time_insert":"2018-01-31 10:58","time_update":"2020-12-25 04:22"}
2021-07-23 10:09:16 查询号码 【1839999】，GSD为【"新疆-昌吉"】

2021-07-23 10:09:16 开始第 1 次操作

2021-07-23 10:09:16 开始操作号码 【1839998】
2021-07-23 10:09:34 GSD getOne 第 1 次 等待 3 秒
2021-07-23 10:09:37 查询号码 【1839998】，返回信息 {"status":"bad","msg":""}
2021-07-23 10:09:37 查询号码 【1839998】，GSD为【""】
2021-07-23 10:09:37 bad
2021-07-23 10:09:38 CHB 1839998?1627006177 第 1 次 等待 3 秒
2021-07-23 10:09:41 CHB 1839998?1627006177 第 1 次 获取到号码【1839998】GSD
2021-07-23 10:09:41 获取到号码【1839998】的GSD为【新疆-昌吉】
2021-07-23 10:09:59 GSD insert 第 1 次 等待 3 秒
2021-07-23 10:10:02 {"status":"ok","gid":364570,"msg":"添加成功！"}
2021-07-23 10:10:02 下次操作: 2021-07-23 10:10:24

2021-07-23 10:10:24 开始第 2 次操作

2021-07-23 10:10:24 开始操作号码 【1839997】
2021-07-23 10:10:27 GSD getOne 第 1 次 等待 3 秒
2021-07-23 10:10:30 查询号码 【1839997】，返回信息 {"status":"bad","msg":""}
2021-07-23 10:10:30 查询号码 【1839997】，GSD为【""】
2021-07-23 10:10:30 bad
2021-07-23 10:10:31 CHB 1839997?1627006230 第 1 次 等待 3 秒
2021-07-23 10:10:34 CHB 1839997?1627006230 第 1 次 获取到号码【1839997】GSD
2021-07-23 10:10:35 获取到号码【1839997】的GSD为【新疆-昌吉】
2021-07-23 10:10:53 GSD insert 第 1 次 等待 3 秒
2021-07-23 10:10:56 {"status":"ok","gid":364578,"msg":"添加成功！"}
2021-07-23 10:10:56 下次操作: 2021-07-23 10:11:09

2021-07-23 10:11:09 开始第 3 次操作

2021-07-23 10:11:09 开始操作号码 【1839996】
2021-07-23 10:11:11 GSD getOne 第 1 次 等待 3 秒
2021-07-23 10:11:14 查询号码 【1839996】，返回信息 {"status":"bad","msg":""}
2021-07-23 10:11:14 查询号码 【1839996】，GSD为【""】
2021-07-23 10:11:14 bad
2021-07-23 10:11:16 CHB 1839996?1627006274 第 1 次 等待 3 秒
2021-07-23 10:11:19 CHB 1839996?1627006274 第 1 次 获取到号码【1839996】GSD
2021-07-23 10:11:19 获取到号码【1839996】的GSD为【新疆-昌吉】
2021-07-23 10:11:37 GSD insert 第 1 次 等待 3 秒
2021-07-23 10:11:40 {"status":"ok","gid":364581,"msg":"添加成功！"}
2021-07-23 10:11:40 下次操作: 2021-07-23 10:12:04

2021-07-23 10:12:04 开始第 4 次操作

2021-07-23 10:12:04 开始操作号码 【1839995】
2021-07-23 10:12:07 GSD getOne 第 1 次 等待 3 秒
2021-07-23 10:12:10 查询号码 【1839995】，返回信息 {"status":"bad","msg":""}
2021-07-23 10:12:10 查询号码 【1839995】，GSD为【""】
2021-07-23 10:12:10 bad
2021-07-23 10:12:11 CHB 1839995?1627006330 第 1 次 等待 3 秒
2021-07-23 10:12:14 CHB 1839995?1627006330 第 1 次 获取到号码【1839995】GSD
2021-07-23 10:12:14 获取到号码【1839995】的GSD为【新疆-昌吉】
2021-07-23 10:12:32 GSD insert 第 1 次 等待 3 秒
2021-07-23 10:12:35 {"status":"ok","gid":364585,"msg":"添加成功！"}
2021-07-23 10:12:35 下次操作: 2021-07-23 10:12:52

2021-07-23 10:12:52 开始第 5 次操作

2021-07-23 10:12:52 开始操作号码 【1839994】
2021-07-23 10:12:55 GSD getOne 第 1 次 等待 3 秒
2021-07-23 10:12:58 查询号码 【1839994】，返回信息 {"status":"bad","msg":""}
2021-07-23 10:12:58 查询号码 【1839994】，GSD为【""】
2021-07-23 10:12:58 bad
2021-07-23 10:13:00 CHB 1839994?1627006378 第 1 次 等待 3 秒
2021-07-23 10:13:03 CHB 1839994?1627006378 第 1 次 获取到号码【1839994】GSD
2021-07-23 10:13:03 获取到号码【1839994】的GSD为【新疆-昌吉】
2021-07-23 10:13:21 GSD insert 第 1 次 等待 3 秒
2021-07-23 10:13:24 {"status":"ok","gid":364589,"msg":"添加成功！"}
2021-07-23 10:13:24 下次操作: 2021-07-23 10:13:38

2021-07-23 10:13:38 开始第 6 次操作

2021-07-23 10:13:38 开始操作号码 【1839993】
2021-07-23 10:13:40 GSD getOne 第 1 次 等待 3 秒
2021-07-23 10:13:43 查询号码 【1839993】，返回信息 {"status":"bad","msg":""}
2021-07-23 10:13:43 查询号码 【1839993】，GSD为【""】
2021-07-23 10:13:43 bad
2021-07-23 10:13:45 CHB 1839993?1627006423 第 1 次 等待 3 秒
2021-07-23 10:13:48 CHB 1839993?1627006423 第 1 次 获取到号码【1839993】GSD
2021-07-23 10:13:48 获取到号码【1839993】的GSD为【新疆-昌吉】
2021-07-23 10:14:06 GSD insert 第 1 次 等待 3 秒
2021-07-23 10:14:09 {"status":"ok","gid":364594,"msg":"添加成功！"}
2021-07-23 10:14:09 下次操作: 2021-07-23 10:14:21

2021-07-23 10:14:21 开始第 7 次操作

2021-07-23 10:14:21 开始操作号码 【1839992】
2021-07-23 10:14:25 GSD getOne 第 1 次 等待 3 秒
2021-07-23 10:14:28 查询号码 【1839992】，返回信息 {"status":"bad","msg":""}
2021-07-23 10:14:28 查询号码 【1839992】，GSD为【""】
2021-07-23 10:14:28 bad
2021-07-23 10:14:29 CHB 1839992?1627006468 第 1 次 等待 3 秒
2021-07-23 10:14:32 CHB 1839992?1627006468 第 1 次 获取到号码【1839992】GSD
2021-07-23 10:14:32 获取到号码【1839992】的GSD为【新疆-昌吉】
2021-07-23 10:14:50 GSD insert 第 1 次 等待 3 秒
2021-07-23 10:14:53 {"status":"ok","gid":364597,"msg":"添加成功！"}
2021-07-23 10:14:53 下次操作: 2021-07-23 10:15:08

2021-07-23 10:15:08 开始第 8 次操作

2021-07-23 10:15:08 开始操作号码 【1839991】
2021-07-23 10:15:11 GSD getOne 第 1 次 等待 3 秒
2021-07-23 10:15:14 查询号码 【1839991】，返回信息 {"status":"bad","msg":""}
2021-07-23 10:15:14 查询号码 【1839991】，GSD为【""】
2021-07-23 10:15:14 bad
2021-07-23 10:15:16 CHB 1839991?1627006514 第 1 次 等待 3 秒
2021-07-23 10:15:19 CHB 1839991?1627006514 第 1 次 获取到号码【1839991】GSD
2021-07-23 10:15:19 获取到号码【1839991】的GSD为【新疆-昌吉】
2021-07-23 10:15:37 GSD insert 第 1 次 等待 3 秒
2021-07-23 10:15:40 {"status":"ok","gid":364603,"msg":"添加成功！"}
2021-07-23 10:15:40 下次操作: 2021-07-23 10:15:59

2021-07-23 10:15:59 开始第 9 次操作

2021-07-23 10:15:59 开始操作号码 【1839990】
2021-07-23 10:16:02 GSD getOne 第 1 次 等待 3 秒
2021-07-23 10:16:05 查询号码 【1839990】，返回信息 {"status":"ok","msg":"-","gid":"305241","time_insert":"2021-07-17 17:04"}
2021-07-23 10:16:05 查询号码 【1839990】，GSD为【"-"】
2021-07-23 10:16:05 ok && -
2021-07-23 10:16:06 CHB 1839990?1627006565 第 1 次 等待 3 秒
2021-07-23 10:16:09 CHB 1839990?1627006565 第 1 次 获取到号码【1839990】GSD
2021-07-23 10:16:10 获取到号码【1839990】的GSD为【新疆-昌吉】
2021-07-23 10:16:29 GSD insert 第 1 次 等待 3 秒
2021-07-23 10:16:32 {"status":"ok","gid":"305241","msg":"添加号码已存在，但为‘-’，修改为【新疆-昌吉】成功！"}
2021-07-23 10:16:32 下次操作: 2021-07-23 10:16:49

2021-07-23 10:16:49 开始第 10 次操作

2021-07-23 10:16:49 开始操作号码 【1839989】
2021-07-23 10:16:52 GSD getOne 第 1 次 等待 3 秒
2021-07-23 10:16:55 查询号码 【1839989】，返回信息 {"status":"bad","msg":""}
2021-07-23 10:16:55 查询号码 【1839989】，GSD为【""】
2021-07-23 10:16:55 bad
2021-07-23 10:16:57 CHB 1839989?1627006615 第 1 次 等待 3 秒
2021-07-23 10:17:00 CHB 1839989?1627006615 第 1 次 获取到号码【1839989】GSD
2021-07-23 10:17:00 获取到号码【1839989】的GSD为【新疆-哈密】
2021-07-23 10:17:17 GSD insert 第 1 次 等待 3 秒
2021-07-23 10:17:20 {"status":"ok","gid":364611,"msg":"添加成功！"}
2021-07-23 10:17:20 下次操作: 2021-07-23 10:17:42

2021-07-23 10:17:42 开始第 11 次操作

2021-07-23 10:17:42 开始操作号码 【1839988】
2021-07-23 10:17:45 GSD getOne 第 1 次 等待 3 秒
2021-07-23 10:17:48 查询号码 【1839988】，返回信息 {"status":"bad","msg":""}
2021-07-23 10:17:48 查询号码 【1839988】，GSD为【""】
2021-07-23 10:17:48 bad
2021-07-23 10:17:50 CHB 1839988?1627006668 第 1 次 等待 3 秒
2021-07-23 10:17:53 CHB 1839988?1627006668 第 1 次 获取到号码【1839988】GSD
2021-07-23 10:17:53 获取到号码【1839988】的GSD为【新疆-哈密】
2021-07-23 10:18:11 GSD insert 第 1 次 等待 3 秒
2021-07-23 10:18:14 {"status":"ok","gid":364616,"msg":"添加成功！"}
2021-07-23 10:18:14 下次操作: 2021-07-23 10:18:34

2021-07-23 10:18:34 开始第 12 次操作

2021-07-23 10:18:34 开始操作号码 【1839987】
2021-07-23 10:18:36 GSD getOne 第 1 次 等待 3 秒
2021-07-23 10:18:39 查询号码 【1839987】，返回信息 {"status":"bad","msg":""}
2021-07-23 10:18:39 查询号码 【1839987】，GSD为【""】
2021-07-23 10:18:39 bad
2021-07-23 10:18:41 CHB 1839987?1627006719 第 1 次 等待 3 秒
2021-07-23 10:18:44 CHB 1839987?1627006719 第 1 次 获取到号码【1839987】GSD
2021-07-23 10:18:44 获取到号码【1839987】的GSD为【新疆-哈密】
2021-07-23 10:19:02 GSD insert 第 1 次 等待 3 秒
2021-07-23 10:19:05 {"status":"ok","gid":364618,"msg":"添加成功！"}
2021-07-23 10:19:05 下次操作: 2021-07-23 10:19:28

2021-07-23 10:19:28 开始第 13 次操作

2021-07-23 10:19:28 开始操作号码 【1839986】
2021-07-23 10:19:32 GSD getOne 第 1 次 等待 3 秒
2021-07-23 10:19:35 查询号码 【1839986】，返回信息 {"status":"bad","msg":""}
2021-07-23 10:19:35 查询号码 【1839986】，GSD为【""】
2021-07-23 10:19:35 bad
2021-07-23 10:19:36 CHB 1839986?1627006775 第 1 次 等待 3 秒
2021-07-23 10:19:39 CHB 1839986?1627006775 第 1 次 获取到号码【1839986】GSD
2021-07-23 10:19:39 获取到号码【1839986】的GSD为【新疆-哈密】
2021-07-23 10:19:58 GSD insert 第 1 次 等待 3 秒
2021-07-23 10:20:01 {"status":"ok","gid":364620,"msg":"添加成功！"}
2021-07-23 10:20:01 下次操作: 2021-07-23 10:20:21

2021-07-23 10:20:21 开始第 14 次操作

2021-07-23 10:20:21 开始操作号码 【1839985】
2021-07-23 10:20:24 GSD getOne 第 1 次 等待 3 秒
2021-07-23 10:20:27 查询号码 【1839985】，返回信息 {"status":"bad","msg":""}
2021-07-23 10:20:27 查询号码 【1839985】，GSD为【""】
2021-07-23 10:20:27 bad
2021-07-23 10:20:28 CHB 1839985?1627006827 第 1 次 等待 3 秒
2021-07-23 10:20:31 CHB 1839985?1627006827 第 1 次 获取到号码【1839985】GSD
2021-07-23 10:20:31 获取到号码【1839985】的GSD为【新疆-哈密】
2021-07-23 10:20:49 GSD insert 第 1 次 等待 3 秒
2021-07-23 10:20:52 {"status":"ok","gid":364624,"msg":"添加成功！"}
2021-07-23 10:20:52 下次操作: 2021-07-23 10:21:14

2021-07-23 10:21:14 开始第 15 次操作

2021-07-23 10:21:14 开始操作号码 【1839984】
2021-07-23 10:21:18 GSD getOne 第 1 次 等待 3 秒
2021-07-23 10:21:21 查询号码 【1839984】，返回信息 {"status":"bad","msg":""}
2021-07-23 10:21:21 查询号码 【1839984】，GSD为【""】
2021-07-23 10:21:21 bad
2021-07-23 10:21:22 CHB 1839984?1627006881 第 1 次 等待 3 秒
2021-07-23 10:21:25 CHB 1839984?1627006881 第 1 次 获取到号码【1839984】GSD
2021-07-23 10:21:25 获取到号码【1839984】的GSD为【新疆-哈密】
2021-07-23 10:21:43 GSD insert 第 1 次 等待 3 秒
2021-07-23 10:21:46 {"status":"ok","gid":364626,"msg":"添加成功！"}
2021-07-23 10:21:46 下次操作: 2021-07-23 10:22:04

2021-07-23 10:22:04 开始第 16 次操作

2021-07-23 10:22:04 开始操作号码 【1839983】
2021-07-23 10:22:07 GSD getOne 第 1 次 等待 3 秒
2021-07-23 10:22:10 查询号码 【1839983】，返回信息 {"status":"ok","msg":"新疆-石河子","gid":"39140","time_insert":"2018-12-06 19:53","time_update":"2020-12-25 01:11"}
2021-07-23 10:22:11 查询号码 【1839983】，GSD为【"新疆-石河子"】

2021-07-23 10:22:11 开始第 16 次操作

2021-07-23 10:22:11 开始操作号码 【1839982】
2021-07-23 10:22:28 GSD getOne 第 1 次 等待 3 秒
2021-07-23 10:22:31 查询号码 【1839982】，返回信息 {"status":"ok","msg":"新疆-石河子","gid":"39139","time_insert":"2017-04-22 01:06","time_update":"2020-12-25 04:35"}
2021-07-23 10:22:32 查询号码 【1839982】，GSD为【"新疆-石河子"】

2021-07-23 10:22:32 开始第 16 次操作

2021-07-23 10:22:32 开始操作号码 【1839981】
2021-07-23 10:22:49 GSD getOne 第 1 次 等待 3 秒
2021-07-23 10:22:52 查询号码 【1839981】，返回信息 {"status":"bad","msg":""}
2021-07-23 10:22:53 查询号码 【1839981】，GSD为【""】
2021-07-23 10:22:53 bad
2021-07-23 10:22:54 CHB 1839981?1627006973 第 1 次 等待 3 秒
2021-07-23 10:22:57 CHB 1839981?1627006973 第 1 次 获取到号码【1839981】GSD
2021-07-23 10:22:57 获取到号码【1839981】的GSD为【新疆-塔城】
2021-07-23 10:23:15 GSD insert 第 1 次 等待 3 秒
2021-07-23 10:23:18 {"status":"ok","gid":364629,"msg":"添加成功！"}
2021-07-23 10:23:18 下次操作: 2021-07-23 10:23:35

2021-07-23 10:23:35 开始第 17 次操作

2021-07-23 10:23:35 开始操作号码 【1839980】
2021-07-23 10:23:38 GSD getOne 第 1 次 等待 3 秒
2021-07-23 10:23:41 查询号码 【1839980】，返回信息 {"status":"bad","msg":""}
2021-07-23 10:23:41 查询号码 【1839980】，GSD为【""】
2021-07-23 10:23:41 bad
2021-07-23 10:23:42 CHB 1839980?1627007021 第 1 次 等待 3 秒
2021-07-23 10:23:45 CHB 1839980?1627007021 第 1 次 获取到号码【1839980】GSD
2021-07-23 10:23:45 获取到号码【1839980】的GSD为【新疆-塔城】
2021-07-23 10:24:03 GSD insert 第 1 次 等待 3 秒
2021-07-23 10:24:06 {"status":"ok","gid":364630,"msg":"添加成功！"}
2021-07-23 10:24:06 下次操作: 2021-07-23 10:24:27

2021-07-23 10:24:27 开始第 18 次操作

2021-07-23 10:24:27 开始操作号码 【1839979】
2021-07-23 10:24:30 GSD getOne 第 1 次 等待 3 秒
2021-07-23 10:24:33 查询号码 【1839979】，返回信息 {"status":"bad","msg":""}
2021-07-23 10:24:33 查询号码 【1839979】，GSD为【""】
2021-07-23 10:24:33 bad
2021-07-23 10:24:34 CHB 1839979?1627007073 第 1 次 等待 3 秒
2021-07-23 10:24:37 CHB 1839979?1627007073 第 1 次 获取到号码【1839979】GSD
2021-07-23 10:24:37 获取到号码【1839979】的GSD为【新疆-库尔勒】
2021-07-23 10:24:55 GSD insert 第 1 次 等待 3 秒
2021-07-23 10:24:58 {"status":"ok","gid":364635,"msg":"添加成功！"}
2021-07-23 10:24:58 下次操作: 2021-07-23 10:25:11

2021-07-23 10:25:11 开始第 19 次操作

2021-07-23 10:25:11 开始操作号码 【1839978】
2021-07-23 10:25:17 GSD getOne 第 1 次 等待 3 秒
2021-07-23 10:25:20 查询号码 【1839978】，返回信息 {"status":"bad","msg":""}
2021-07-23 10:25:20 查询号码 【1839978】，GSD为【""】
2021-07-23 10:25:20 bad
2021-07-23 10:25:22 CHB 1839978?1627007120 第 1 次 等待 3 秒
2021-07-23 10:25:25 CHB 1839978?1627007120 第 1 次 获取到号码【1839978】GSD
2021-07-23 10:25:25 获取到号码【1839978】的GSD为【新疆-库尔勒】
2021-07-23 10:25:46 GSD insert 第 1 次 等待 3 秒
2021-07-23 10:25:49 {"status":"ok","gid":364637,"msg":"添加成功！"}
2021-07-23 10:25:49 下次操作: 2021-07-23 10:26:03

2021-07-23 10:26:03 开始第 20 次操作

2021-07-23 10:26:03 开始操作号码 【1839977】
2021-07-23 10:26:05 GSD getOne 第 1 次 等待 3 秒
2021-07-23 10:26:08 查询号码 【1839977】，返回信息 {"status":"bad","msg":""}
2021-07-23 10:26:08 查询号码 【1839977】，GSD为【""】
2021-07-23 10:26:08 bad
2021-07-23 10:26:10 CHB 1839977?1627007168 第 1 次 等待 3 秒
2021-07-23 10:26:13 CHB 1839977?1627007168 第 1 次 获取到号码【1839977】GSD
2021-07-23 10:26:13 获取到号码【1839977】的GSD为【新疆-库尔勒】
2021-07-23 10:26:31 GSD insert 第 1 次 等待 3 秒
2021-07-23 10:26:34 {"status":"ok","gid":364638,"msg":"添加成功！"}
2021-07-23 10:26:34 下次操作: 2021-07-23 10:26:55

2021-07-23 10:26:55 开始第 21 次操作

2021-07-23 10:26:55 开始操作号码 【1839976】
2021-07-23 10:26:57 GSD getOne 第 1 次 等待 3 秒
2021-07-23 10:27:00 查询号码 【1839976】，返回信息 {"status":"bad","msg":""}
2021-07-23 10:27:01 查询号码 【1839976】，GSD为【""】
2021-07-23 10:27:01 bad
2021-07-23 10:27:02 CHB 1839976?1627007221 第 1 次 等待 3 秒
2021-07-23 10:27:05 CHB 1839976?1627007221 第 1 次 获取到号码【1839976】GSD
2021-07-23 10:27:05 获取到号码【1839976】的GSD为【新疆-乌鲁木齐】
2021-07-23 10:27:23 GSD insert 第 1 次 等待 3 秒
2021-07-23 10:27:26 {"status":"ok","gid":364639,"msg":"添加成功！"}
2021-07-23 10:27:26 下次操作: 2021-07-23 10:27:49

2021-07-23 10:27:49 开始第 22 次操作

2021-07-23 10:27:49 开始操作号码 【1839975】
2021-07-23 10:27:52 GSD getOne 第 1 次 等待 3 秒
2021-07-23 10:27:55 查询号码 【1839975】，返回信息 {"status":"bad","msg":""}
2021-07-23 10:27:55 查询号码 【1839975】，GSD为【""】
2021-07-23 10:27:55 bad
2021-07-23 10:27:57 CHB 1839975?1627007275 第 1 次 等待 3 秒
2021-07-23 10:28:00 CHB 1839975?1627007275 第 1 次 获取到号码【1839975】GSD
2021-07-23 10:28:00 获取到号码【1839975】的GSD为【新疆-克孜勒苏】
2021-07-23 10:28:18 GSD insert 第 1 次 等待 3 秒
2021-07-23 10:28:21 {"status":"ok","gid":364641,"msg":"添加成功！"}
2021-07-23 10:28:21 下次操作: 2021-07-23 10:28:37

2021-07-23 10:28:37 开始第 23 次操作

2021-07-23 10:28:37 开始操作号码 【1839974】
2021-07-23 10:28:40 GSD getOne 第 1 次 等待 3 秒
2021-07-23 10:28:43 查询号码 【1839974】，返回信息 {"status":"ok","msg":"新疆-克孜勒苏","gid":"39138","time_insert":"2017-05-11 18:55","time_update":"2020-12-25 04:48"}
2021-07-23 10:28:43 查询号码 【1839974】，GSD为【"新疆-克孜勒苏"】

2021-07-23 10:28:43 开始第 23 次操作

2021-07-23 10:28:43 开始操作号码 【1839973】
2021-07-23 10:29:03 GSD getOne 第 1 次 等待 3 秒
2021-07-23 10:29:06 查询号码 【1839973】，返回信息 {"status":"bad","msg":""}
2021-07-23 10:29:06 查询号码 【1839973】，GSD为【""】
2021-07-23 10:29:06 bad
2021-07-23 10:29:07 CHB 1839973?1627007346 第 1 次 等待 3 秒
2021-07-23 10:29:10 CHB 1839973?1627007346 第 1 次 获取到号码【1839973】GSD
2021-07-23 10:29:10 获取到号码【1839973】的GSD为【新疆-克孜勒苏】
2021-07-23 10:29:28 GSD insert 第 1 次 等待 3 秒
2021-07-23 10:29:31 {"status":"ok","gid":364646,"msg":"添加成功！"}
2021-07-23 10:29:31 下次操作: 2021-07-23 10:29:51

2021-07-23 10:29:51 开始第 24 次操作

2021-07-23 10:29:51 开始操作号码 【1839972】
2021-07-23 10:29:54 GSD getOne 第 1 次 等待 3 秒
2021-07-23 10:29:57 查询号码 【1839972】，返回信息 {"status":"bad","msg":""}
2021-07-23 10:29:57 查询号码 【1839972】，GSD为【""】
2021-07-23 10:29:57 bad
2021-07-23 10:30:00 CHB 1839972?1627007397 第 1 次 等待 3 秒
2021-07-23 10:30:03 CHB 1839972?1627007397 第 1 次 获取到号码【1839972】GSD
2021-07-23 10:30:03 获取到号码【1839972】的GSD为【新疆-奎屯】
2021-07-23 10:30:13 GSD insert 第 1 次 等待 3 秒
2021-07-23 10:30:16 {"status":"ok","gid":364650,"msg":"添加成功！"}
2021-07-23 10:30:16 下次操作: 2021-07-23 10:30:29

2021-07-23 10:30:29 开始第 25 次操作

2021-07-23 10:30:29 开始操作号码 【1839971】
2021-07-23 10:30:31 GSD getOne 第 1 次 等待 3 秒
2021-07-23 10:30:34 查询号码 【1839971】，返回信息 {"status":"bad","msg":""}
2021-07-23 10:30:35 查询号码 【1839971】，GSD为【""】
2021-07-23 10:30:35 bad
2021-07-23 10:30:36 CHB 1839971?1627007435 第 1 次 等待 3 秒
2021-07-23 10:30:39 CHB 1839971?1627007435 第 1 次 获取到号码【1839971】GSD
2021-07-23 10:30:39 获取到号码【1839971】的GSD为【新疆-阿克苏】
2021-07-23 10:30:57 GSD insert 第 1 次 等待 3 秒
2021-07-23 10:31:00 {"status":"ok","gid":364654,"msg":"添加成功！"}
2021-07-23 10:31:00 下次操作: 2021-07-23 10:31:18

2021-07-23 10:31:18 开始第 26 次操作

2021-07-23 10:31:18 开始操作号码 【1839970】
2021-07-23 10:31:25 GSD getOne 第 1 次 等待 3 秒
2021-07-23 10:31:28 查询号码 【1839970】，返回信息 {"status":"bad","msg":""}
2021-07-23 10:31:28 查询号码 【1839970】，GSD为【""】
2021-07-23 10:31:28 bad
2021-07-23 10:31:30 CHB 1839970?1627007488 第 1 次 等待 3 秒
2021-07-23 10:31:33 CHB 1839970?1627007488 第 1 次 获取到号码【1839970】GSD
2021-07-23 10:31:33 获取到号码【1839970】的GSD为【新疆-阿克苏】
2021-07-23 10:31:51 GSD insert 第 1 次 等待 3 秒
2021-07-23 10:31:54 {"status":"ok","gid":364656,"msg":"添加成功！"}
2021-07-23 10:31:54 下次操作: 2021-07-23 10:32:17

2021-07-23 10:32:17 开始第 27 次操作

2021-07-23 10:32:17 开始操作号码 【1839969】
2021-07-23 10:32:20 GSD getOne 第 1 次 等待 3 秒
2021-07-23 10:32:23 查询号码 【1839969】，返回信息 {"status":"ok","msg":"新疆-乌鲁木齐","gid":"39137","time_insert":"2018-01-10 08:00","time_update":"2020-12-24 06:54"}
2021-07-23 10:32:24 查询号码 【1839969】，GSD为【"新疆-乌鲁木齐"】

2021-07-23 10:32:24 开始第 27 次操作

2021-07-23 10:32:24 开始操作号码 【1839968】
2021-07-23 10:32:42 GSD getOne 第 1 次 等待 3 秒
2021-07-23 10:32:45 查询号码 【1839968】，返回信息 {"status":"ok","msg":"新疆-乌鲁木齐","gid":"39136","time_insert":"2016-11-20 16:57","time_update":"2020-12-24 06:11"}
2021-07-23 10:32:45 查询号码 【1839968】，GSD为【"新疆-乌鲁木齐"】

2021-07-23 10:32:45 开始第 27 次操作

2021-07-23 10:32:45 开始操作号码 【1839967】
2021-07-23 10:33:03 GSD getOne 第 1 次 等待 3 秒
2021-07-23 10:33:06 查询号码 【1839967】，返回信息 {"status":"bad","msg":""}
2021-07-23 10:33:06 查询号码 【1839967】，GSD为【""】
2021-07-23 10:33:06 bad
2021-07-23 10:33:07 CHB 1839967?1627007586 第 1 次 等待 3 秒
2021-07-23 10:33:10 CHB 1839967?1627007586 第 1 次 获取到号码【1839967】GSD
2021-07-23 10:33:10 获取到号码【1839967】的GSD为【新疆-乌鲁木齐】
2021-07-23 10:33:28 GSD insert 第 1 次 等待 3 秒
2021-07-23 10:33:31 {"status":"ok","gid":364661,"msg":"添加成功！"}
2021-07-23 10:33:31 下次操作: 2021-07-23 10:33:44

2021-07-23 10:33:44 开始第 28 次操作

2021-07-23 10:33:44 开始操作号码 【1839966】
2021-07-23 10:33:47 GSD getOne 第 1 次 等待 3 秒
2021-07-23 10:33:50 查询号码 【1839966】，返回信息 {"status":"bad","msg":""}
2021-07-23 10:33:50 查询号码 【1839966】，GSD为【""】
2021-07-23 10:33:50 bad
2021-07-23 10:33:52 CHB 1839966?1627007630 第 1 次 等待 3 秒
2021-07-23 10:33:55 CHB 1839966?1627007630 第 1 次 获取到号码【1839966】GSD
2021-07-23 10:33:55 获取到号码【1839966】的GSD为【新疆-乌鲁木齐】
2021-07-23 10:34:13 GSD insert 第 1 次 等待 3 秒
2021-07-23 10:34:16 {"status":"ok","gid":364663,"msg":"添加成功！"}
2021-07-23 10:34:16 下次操作: 2021-07-23 10:34:29

2021-07-23 10:34:29 开始第 29 次操作

2021-07-23 10:34:29 开始操作号码 【1839965】
2021-07-23 10:34:31 GSD getOne 第 1 次 等待 3 秒
2021-07-23 10:34:34 查询号码 【1839965】，返回信息 {"status":"bad","msg":""}
2021-07-23 10:34:35 查询号码 【1839965】，GSD为【""】
2021-07-23 10:34:35 bad
2021-07-23 10:34:36 CHB 1839965?1627007675 第 1 次 等待 3 秒
2021-07-23 10:34:39 CHB 1839965?1627007675 第 1 次 获取到号码【1839965】GSD
2021-07-23 10:34:39 获取到号码【1839965】的GSD为【新疆-喀什】
2021-07-23 10:34:57 GSD insert 第 1 次 等待 3 秒
2021-07-23 10:35:00 {"status":"ok","gid":364664,"msg":"添加成功！"}
2021-07-23 10:35:00 下次操作: 2021-07-23 10:35:14

2021-07-23 10:35:14 开始第 30 次操作

2021-07-23 10:35:14 开始操作号码 【1839964】
2021-07-23 10:35:17 GSD getOne 第 1 次 等待 3 秒
2021-07-23 10:35:20 查询号码 【1839964】，返回信息 {"status":"bad","msg":""}
2021-07-23 10:35:20 查询号码 【1839964】，GSD为【""】
2021-07-23 10:35:20 bad
2021-07-23 10:35:21 CHB 1839964?1627007720 第 1 次 等待 3 秒
2021-07-23 10:35:24 CHB 1839964?1627007720 第 1 次 获取到号码【1839964】GSD
2021-07-23 10:35:24 获取到号码【1839964】的GSD为【新疆-喀什】
2021-07-23 10:35:42 GSD insert 第 1 次 等待 3 秒
2021-07-23 10:35:45 {"status":"ok","gid":364666,"msg":"添加成功！"}
2021-07-23 10:35:45 下次操作: 2021-07-23 10:35:57

2021-07-23 10:35:57 开始第 31 次操作

2021-07-23 10:35:57 开始操作号码 【1839963】
2021-07-23 10:36:01 GSD getOne 第 1 次 等待 3 秒
2021-07-23 10:36:04 查询号码 【1839963】，返回信息 {"status":"bad","msg":""}
2021-07-23 10:36:04 查询号码 【1839963】，GSD为【""】
2021-07-23 10:36:04 bad
2021-07-23 10:36:06 CHB 1839963?1627007764 第 1 次 等待 3 秒
2021-07-23 10:36:09 CHB 1839963?1627007764 第 1 次 获取到号码【1839963】GSD
2021-07-23 10:36:09 获取到号码【1839963】的GSD为【新疆-喀什】
2021-07-23 10:36:43 GSD insert 第 1 次 等待 3 秒
2021-07-23 10:36:46 {"status":"ok","gid":364667,"msg":"添加成功！"}
2021-07-23 10:36:46 下次操作: 2021-07-23 10:37:02

2021-07-23 10:37:02 开始第 32 次操作

2021-07-23 10:37:02 开始操作号码 【1839962】
2021-07-23 10:37:05 GSD getOne 第 1 次 等待 3 秒
2021-07-23 10:37:08 查询号码 【1839962】，返回信息 {"status":"bad","msg":""}
2021-07-23 10:37:08 查询号码 【1839962】，GSD为【""】
2021-07-23 10:37:08 bad
2021-07-23 10:37:09 CHB 1839962?1627007828 第 1 次 等待 3 秒
2021-07-23 10:37:12 CHB 1839962?1627007828 第 1 次 获取到号码【1839962】GSD
2021-07-23 10:37:12 获取到号码【1839962】的GSD为【新疆-喀什】
2021-07-23 10:37:30 GSD insert 第 1 次 等待 3 秒
2021-07-23 10:37:33 {"status":"ok","gid":364669,"msg":"添加成功！"}
2021-07-23 10:37:33 下次操作: 2021-07-23 10:37:45

2021-07-23 10:37:45 开始第 33 次操作

2021-07-23 10:37:45 开始操作号码 【1839961】
2021-07-23 10:37:49 GSD getOne 第 1 次 等待 3 秒
2021-07-23 10:37:52 查询号码 【1839961】，返回信息 {"status":"bad","msg":""}
2021-07-23 10:37:52 查询号码 【1839961】，GSD为【""】
2021-07-23 10:37:52 bad
2021-07-23 10:37:53 CHB 1839961?1627007872 第 1 次 等待 3 秒
2021-07-23 10:37:56 CHB 1839961?1627007872 第 1 次 获取到号码【1839961】GSD
2021-07-23 10:37:56 获取到号码【1839961】的GSD为【新疆-喀什】
2021-07-23 10:38:14 GSD insert 第 1 次 等待 3 秒
2021-07-23 10:38:17 {"status":"ok","gid":364673,"msg":"添加成功！"}
2021-07-23 10:38:17 下次操作: 2021-07-23 10:38:38

2021-07-23 10:38:38 开始第 34 次操作

2021-07-23 10:38:38 开始操作号码 【1839960】
2021-07-23 10:38:41 GSD getOne 第 1 次 等待 3 秒
2021-07-23 10:38:44 查询号码 【1839960】，返回信息 {"status":"bad","msg":""}
2021-07-23 10:38:44 查询号码 【1839960】，GSD为【""】
2021-07-23 10:38:44 bad
2021-07-23 10:38:45 CHB 1839960?1627007924 第 1 次 等待 3 秒
2021-07-23 10:38:48 CHB 1839960?1627007924 第 1 次 获取到号码【1839960】GSD
2021-07-23 10:38:48 未获取到号码【1839960】GSD，查号吧 400 错误
2021-07-23 10:38:48 获取到号码【1839960】的GSD为【-】
2021-07-23 10:39:06 GSD insert 第 1 次 等待 3 秒
2021-07-23 10:39:09 {"status":"ok","gid":364675,"msg":"添加成功！"}
2021-07-23 10:39:09 下次操作: 2021-07-23 10:39:31

2021-07-23 10:39:31 开始第 35 次操作

2021-07-23 10:39:31 开始操作号码 【1839959】
2021-07-23 10:39:34 GSD getOne 第 1 次 等待 3 秒
2021-07-23 10:39:37 查询号码 【1839959】，返回信息 {"status":"ok","msg":"新疆-喀什","gid":"39135","time_insert":"2017-06-05 18:05","time_update":"2021-06-17 17:03"}
2021-07-23 10:39:37 查询号码 【1839959】，GSD为【"新疆-喀什"】

2021-07-23 10:39:37 开始第 35 次操作

2021-07-23 10:39:37 开始操作号码 【1839958】
2021-07-23 10:39:55 GSD getOne 第 1 次 等待 3 秒
2021-07-23 10:39:58 查询号码 【1839958】，返回信息 {"status":"bad","msg":""}
2021-07-23 10:39:58 查询号码 【1839958】，GSD为【""】
2021-07-23 10:39:58 bad
2021-07-23 10:40:00 CHB 1839958?1627007998 第 1 次 等待 3 秒
2021-07-23 10:40:03 CHB 1839958?1627007998 第 1 次 获取到号码【1839958】GSD
2021-07-23 10:40:03 获取到号码【1839958】的GSD为【新疆-喀什】
2021-07-23 10:40:21 GSD insert 第 1 次 等待 3 秒
2021-07-23 10:40:24 {"status":"ok","gid":364677,"msg":"添加成功！"}
2021-07-23 10:40:24 下次操作: 2021-07-23 10:40:45

2021-07-23 10:40:45 开始第 36 次操作

2021-07-23 10:40:45 开始操作号码 【1839957】
2021-07-23 10:40:47 GSD getOne 第 1 次 等待 3 秒
2021-07-23 10:40:50 查询号码 【1839957】，返回信息 {"status":"ok","msg":"新疆-阿克苏","gid":"39134","time_insert":"2018-02-01 11:17","time_update":"2020-12-24 03:11"}
2021-07-23 10:40:50 查询号码 【1839957】，GSD为【"新疆-阿克苏"】

2021-07-23 10:40:50 开始第 36 次操作

2021-07-23 10:40:50 开始操作号码 【1839956】
2021-07-23 10:41:08 GSD getOne 第 1 次 等待 3 秒
2021-07-23 10:41:11 查询号码 【1839956】，返回信息 {"status":"ok","msg":"新疆-阿克苏","gid":"39133","time_insert":"2016-03-12 15:26","time_update":"2020-12-24 02:18"}
2021-07-23 10:41:11 查询号码 【1839956】，GSD为【"新疆-阿克苏"】

2021-07-23 10:41:11 开始第 36 次操作

2021-07-23 10:41:11 开始操作号码 【1839955】
2021-07-23 10:41:31 GSD getOne 第 1 次 等待 3 秒
2021-07-23 10:41:34 查询号码 【1839955】，返回信息 {"status":"bad","msg":""}
2021-07-23 10:41:34 查询号码 【1839955】，GSD为【""】
2021-07-23 10:41:34 bad
2021-07-23 10:41:36 CHB 1839955?1627008094 第 1 次 等待 3 秒
2021-07-23 10:41:39 CHB 1839955?1627008094 第 1 次 获取到号码【1839955】GSD
2021-07-23 10:41:39 获取到号码【1839955】的GSD为【新疆-阿克苏】
2021-07-23 10:42:00 GSD insert 第 1 次 等待 3 秒
2021-07-23 10:42:03 {"status":"ok","gid":364682,"msg":"添加成功！"}
2021-07-23 10:42:03 下次操作: 2021-07-23 10:42:24

2021-07-23 10:42:24 开始第 37 次操作

2021-07-23 10:42:24 开始操作号码 【1839954】
2021-07-23 10:42:26 GSD getOne 第 1 次 等待 3 秒
2021-07-23 10:42:29 查询号码 【1839954】，返回信息 {"status":"bad","msg":""}
2021-07-23 10:42:29 查询号码 【1839954】，GSD为【""】
2021-07-23 10:42:29 bad
2021-07-23 10:42:32 CHB 1839954?1627008149 第 1 次 等待 3 秒
2021-07-23 10:42:35 CHB 1839954?1627008149 第 1 次 获取到号码【1839954】GSD
2021-07-23 10:42:35 获取到号码【1839954】的GSD为【新疆-阿克苏】
2021-07-23 10:42:45 GSD insert 第 1 次 等待 3 秒
2021-07-23 10:42:48 {"status":"ok","gid":364686,"msg":"添加成功！"}
2021-07-23 10:42:48 下次操作: 2021-07-23 10:43:06

2021-07-23 10:43:06 开始第 38 次操作

2021-07-23 10:43:06 开始操作号码 【1839953】
2021-07-23 10:43:09 GSD getOne 第 1 次 等待 3 秒
2021-07-23 10:43:12 查询号码 【1839953】，返回信息 {"status":"bad","msg":""}
2021-07-23 10:43:12 查询号码 【1839953】，GSD为【""】
2021-07-23 10:43:12 bad
2021-07-23 10:43:14 CHB 1839953?1627008192 第 1 次 等待 3 秒
2021-07-23 10:43:17 CHB 1839953?1627008192 第 1 次 获取到号码【1839953】GSD
2021-07-23 10:43:17 获取到号码【1839953】的GSD为【新疆-和田】
2021-07-23 10:43:35 GSD insert 第 1 次 等待 3 秒
2021-07-23 10:43:38 {"status":"ok","gid":364688,"msg":"添加成功！"}
2021-07-23 10:43:38 下次操作: 2021-07-23 10:44:00

2021-07-23 10:44:00 开始第 39 次操作

2021-07-23 10:44:00 开始操作号码 【1839952】
2021-07-23 10:44:02 GSD getOne 第 1 次 等待 3 秒
2021-07-23 10:44:05 查询号码 【1839952】，返回信息 {"status":"bad","msg":""}
2021-07-23 10:44:05 查询号码 【1839952】，GSD为【""】
2021-07-23 10:44:05 bad
2021-07-23 10:44:07 CHB 1839952?1627008245 第 1 次 等待 3 秒
2021-07-23 10:44:10 CHB 1839952?1627008245 第 1 次 获取到号码【1839952】GSD
2021-07-23 10:44:10 获取到号码【1839952】的GSD为【新疆-和田】
2021-07-23 10:44:28 GSD insert 第 1 次 等待 3 秒
2021-07-23 10:44:31 {"status":"ok","gid":364690,"msg":"添加成功！"}
2021-07-23 10:44:31 下次操作: 2021-07-23 10:44:53

2021-07-23 10:44:53 开始第 40 次操作

2021-07-23 10:44:53 开始操作号码 【1839951】
2021-07-23 10:44:56 GSD getOne 第 1 次 等待 3 秒
2021-07-23 10:44:59 查询号码 【1839951】，返回信息 {"status":"bad","msg":""}
2021-07-23 10:44:59 查询号码 【1839951】，GSD为【""】
2021-07-23 10:44:59 bad
2021-07-23 10:45:00 CHB 1839951?1627008299 第 1 次 等待 3 秒
2021-07-23 10:45:03 CHB 1839951?1627008299 第 1 次 获取到号码【1839951】GSD
2021-07-23 10:45:03 获取到号码【1839951】的GSD为【新疆-和田】
2021-07-23 10:45:21 GSD insert 第 1 次 等待 3 秒
2021-07-23 10:45:24 {"status":"ok","gid":364698,"msg":"添加成功！"}

