2024-03-18 00:09:18 开始第 9661 次操作

2024-03-18 00:09:18 开始操作号码 【1739560】
2024-03-18 00:09:25 GSD getOne 第 1 次 等待 3 秒
2024-03-18 00:09:28 查询号码 【1739560】，返回信息 {"status":"ok","msg":"陕西-延安","gid":"231896","time_insert":"2021-07-09 15:36"}
2024-03-18 00:09:28 查询号码 【1739560】，GSD为【"陕西-延安"】

2024-03-18 00:09:29 开始第 9662 次操作

2024-03-18 00:09:29 开始操作号码 【1739561】
2024-03-18 00:09:33 GSD getOne 第 1 次 等待 3 秒
2024-03-18 00:09:36 查询号码 【1739561】，返回信息 {"status":"ok","msg":"陕西-咸阳","gid":"231909","time_insert":"2021-07-09 15:37"}
2024-03-18 00:09:36 查询号码 【1739561】，GSD为【"陕西-咸阳"】

2024-03-18 00:09:37 开始第 9663 次操作

2024-03-18 00:09:37 开始操作号码 【1739562】
2024-03-18 00:09:42 GSD getOne 第 1 次 等待 3 秒
2024-03-18 00:09:45 查询号码 【1739562】，返回信息 {"status":"ok","msg":"陕西-咸阳","gid":"231919","time_insert":"2021-07-09 15:38"}
2024-03-18 00:09:45 查询号码 【1739562】，GSD为【"陕西-咸阳"】

2024-03-18 00:09:46 开始第 9664 次操作

2024-03-18 00:09:46 开始操作号码 【1739563】
2024-03-18 00:09:52 GSD getOne 第 1 次 等待 3 秒
2024-03-18 00:09:55 查询号码 【1739563】，返回信息 {"status":"ok","msg":"陕西-咸阳","gid":"231930","time_insert":"2021-07-09 15:39"}
2024-03-18 00:09:55 查询号码 【1739563】，GSD为【"陕西-咸阳"】

