2024-09-17 00:28:07 开始第 4689 次操作

2024-09-17 00:28:07 开始操作号码 【1404687】
2024-09-17 00:28:15 GSD getOne 第 1 次 等待 3 秒
2024-09-17 00:28:18 查询号码 【1404687】，返回信息 {"status":"ok","msg":"-","gid":"614195","time_insert":"2023-03-25 18:35"}
2024-09-17 00:28:18 查询号码 【1404687】，GSD为【"-"】
2024-09-17 00:28:18 ok && -
2024-09-17 00:28:25 CHB 1404687?1726504098 第 1 次 等待 3 秒
2024-09-17 00:28:28 CHB 1404687?1726504098 第 1 次 获取到号码【1404687】GSD
2024-09-17 00:28:28 未获取到号码【1404687】GSD，可能号码格式错误
2024-09-17 00:28:28 获取到号码【1404687】的GSD为【-】
2024-09-17 00:28:36 GSD insert 第 1 次 等待 3 秒
2024-09-17 00:28:39 {"status":"bad","gid":"614195","msg":"添加失败！号码【1404687(-|-)】已存在！"}
2024-09-17 00:28:39 随机等待 169 秒，约 2 分钟
2024-09-17 00:28:39 下次操作: 2024-09-17 00:31:28

2024-09-17 00:31:28 开始第 4690 次操作

2024-09-17 00:31:28 开始操作号码 【1404688】
2024-09-17 00:31:36 GSD getOne 第 1 次 等待 3 秒
2024-09-17 00:31:39 查询号码 【1404688】，返回信息 {"status":"ok","msg":"-","gid":"614236","time_insert":"2023-03-25 18:57"}
2024-09-17 00:31:39 查询号码 【1404688】，GSD为【"-"】
2024-09-17 00:31:39 ok && -
2024-09-17 00:31:41 CHB 1404688?1726504299 第 1 次 等待 3 秒
2024-09-17 00:31:44 CHB 1404688?1726504299 第 1 次 获取到号码【1404688】GSD
2024-09-17 00:31:44 未获取到号码【1404688】GSD，可能号码格式错误
2024-09-17 00:31:44 获取到号码【1404688】的GSD为【-】
2024-09-17 00:31:55 GSD insert 第 1 次 等待 3 秒
2024-09-17 00:31:58 {"status":"bad","gid":"614236","msg":"添加失败！号码【1404688(-|-)】已存在！"}
2024-09-17 00:31:58 随机等待 113 秒，约 1 分钟
2024-09-17 00:31:58 下次操作: 2024-09-17 00:33:51

2024-09-17 00:33:51 开始第 4691 次操作

2024-09-17 00:33:51 开始操作号码 【1404689】
2024-09-17 00:33:59 GSD getOne 第 1 次 等待 3 秒
2024-09-17 00:34:02 查询号码 【1404689】，返回信息 {"status":"ok","msg":"-","gid":"614261","time_insert":"2023-03-25 19:16"}
2024-09-17 00:34:02 查询号码 【1404689】，GSD为【"-"】
2024-09-17 00:34:02 ok && -
2024-09-17 00:34:04 CHB 1404689?1726504442 第 1 次 等待 3 秒
2024-09-17 00:34:07 CHB 1404689?1726504442 第 1 次 获取到号码【1404689】GSD
2024-09-17 00:34:07 未获取到号码【1404689】GSD，可能号码格式错误
2024-09-17 00:34:07 获取到号码【1404689】的GSD为【-】
2024-09-17 00:34:14 GSD insert 第 1 次 等待 3 秒
2024-09-17 00:34:17 {"status":"bad","gid":"614261","msg":"添加失败！号码【1404689(-|-)】已存在！"}
2024-09-17 00:34:17 随机等待 232 秒，约 3 分钟
2024-09-17 00:34:17 下次操作: 2024-09-17 00:38:09

2024-09-17 00:38:09 开始第 4692 次操作

2024-09-17 00:38:09 开始操作号码 【1404690】
2024-09-17 00:38:17 GSD getOne 第 1 次 等待 3 秒
2024-09-17 00:38:20 查询号码 【1404690】，返回信息 {"status":"ok","msg":"-","gid":"614294","time_insert":"2023-03-25 19:33"}
2024-09-17 00:38:20 查询号码 【1404690】，GSD为【"-"】
2024-09-17 00:38:20 ok && -
2024-09-17 00:38:23 CHB 1404690?1726504700 第 1 次 等待 3 秒
2024-09-17 00:38:26 CHB 1404690?1726504700 第 1 次 获取到号码【1404690】GSD
2024-09-17 00:38:26 未获取到号码【1404690】GSD，可能号码格式错误
2024-09-17 00:38:26 获取到号码【1404690】的GSD为【-】
2024-09-17 00:38:34 GSD insert 第 1 次 等待 3 秒
2024-09-17 00:38:37 {"status":"bad","gid":"614294","msg":"添加失败！号码【1404690(-|-)】已存在！"}

