2023-12-20 00:10:11 开始第 4253 次操作

2023-12-20 00:10:11 开始操作号码 【1844152】
2023-12-20 00:10:14 GSD getOne 第 1 次 等待 3 秒
2023-12-20 00:10:17 查询号码 【1844152】，返回信息 {"status":"ok","msg":"辽宁-沈阳","gid":"465145","time_insert":"2021-08-01 07:37"}
2023-12-20 00:10:17 查询号码 【1844152】，GSD为【"辽宁-沈阳"】

2023-12-20 00:10:18 开始第 4254 次操作

2023-12-20 00:10:18 开始操作号码 【1844153】
2023-12-20 00:10:22 GSD getOne 第 1 次 等待 3 秒
2023-12-20 00:10:25 查询号码 【1844153】，返回信息 {"status":"ok","msg":"辽宁-沈阳","gid":"465142","time_insert":"2021-08-01 07:36"}
2023-12-20 00:10:25 查询号码 【1844153】，GSD为【"辽宁-沈阳"】

2023-12-20 00:10:26 开始第 4255 次操作

2023-12-20 00:10:26 开始操作号码 【1844154】
2023-12-20 00:10:29 GSD getOne 第 1 次 等待 3 秒
2023-12-20 00:10:32 查询号码 【1844154】，返回信息 {"status":"ok","msg":"辽宁-沈阳","gid":"465029","time_insert":"2021-08-01 07:02"}
2023-12-20 00:10:32 查询号码 【1844154】，GSD为【"辽宁-沈阳"】

2023-12-20 00:10:33 开始第 4256 次操作

2023-12-20 00:10:33 开始操作号码 【1844155】
2023-12-20 00:10:37 GSD getOne 第 1 次 等待 3 秒
2023-12-20 00:10:40 查询号码 【1844155】，返回信息 {"status":"ok","msg":"辽宁-沈阳","gid":"465022","time_insert":"2021-08-01 07:02"}
2023-12-20 00:10:40 查询号码 【1844155】，GSD为【"辽宁-沈阳"】

2023-12-20 00:32:46 开始第 4257 次操作

2023-12-20 00:32:46 开始操作号码 【1844156】
2023-12-20 00:32:51 GSD getOne 第 1 次 等待 3 秒
2023-12-20 00:32:54 查询号码 【1844156】，返回信息 {"status":"ok","msg":"辽宁-沈阳","gid":"465008","time_insert":"2021-08-01 07:01"}
2023-12-20 00:32:54 查询号码 【1844156】，GSD为【"辽宁-沈阳"】

2023-12-20 00:32:55 开始第 4258 次操作

2023-12-20 00:32:55 开始操作号码 【1844157】
2023-12-20 00:33:00 GSD getOne 第 1 次 等待 3 秒
2023-12-20 00:33:03 查询号码 【1844157】，返回信息 {"status":"ok","msg":"辽宁-沈阳","gid":"465000","time_insert":"2021-08-01 07:01"}
2023-12-20 00:33:03 查询号码 【1844157】，GSD为【"辽宁-沈阳"】

2023-12-20 00:33:04 开始第 4259 次操作

2023-12-20 00:33:04 开始操作号码 【1844158】
2023-12-20 00:33:09 GSD getOne 第 1 次 等待 3 秒
2023-12-20 00:33:12 查询号码 【1844158】，返回信息 {"status":"ok","msg":"辽宁-沈阳","gid":"464988","time_insert":"2021-08-01 07:00"}
2023-12-20 00:33:12 查询号码 【1844158】，GSD为【"辽宁-沈阳"】

2023-12-20 00:33:13 开始第 4260 次操作

2023-12-20 00:33:13 开始操作号码 【1844159】
2023-12-20 00:33:16 GSD getOne 第 1 次 等待 3 秒
2023-12-20 00:33:19 查询号码 【1844159】，返回信息 {"status":"ok","msg":"辽宁-沈阳","gid":"464979","time_insert":"2021-08-01 06:59"}
2023-12-20 00:33:20 查询号码 【1844159】，GSD为【"辽宁-沈阳"】

