2023-11-29 00:11:49 开始第 401 次操作

2023-11-29 00:11:49 开始操作号码 【1840300】
2023-11-29 00:11:57 GSD getOne 第 1 次 等待 3 秒
2023-11-29 00:12:00 查询号码 【1840300】，返回信息 {"status":"ok","msg":"河北-邯郸","gid":"332908","time_insert":"2021-07-20 03:51"}
2023-11-29 00:12:00 查询号码 【1840300】，GSD为【"河北-邯郸"】

2023-11-29 00:12:01 开始第 402 次操作

2023-11-29 00:12:01 开始操作号码 【1840301】
2023-11-29 00:12:11 GSD getOne 第 1 次 等待 3 秒
2023-11-29 00:12:14 查询号码 【1840301】，返回信息 {"status":"ok","msg":"河北-石家庄","gid":"333059","time_insert":"2021-07-20 04:06"}
2023-11-29 00:12:14 查询号码 【1840301】，GSD为【"河北-石家庄"】

2023-11-29 00:12:15 开始第 403 次操作

2023-11-29 00:12:15 开始操作号码 【1840302】
2023-11-29 00:12:21 GSD getOne 第 1 次 等待 3 秒
2023-11-29 00:12:24 查询号码 【1840302】，返回信息 {"status":"ok","msg":"河北-保定","gid":"333094","time_insert":"2021-07-20 04:18"}
2023-11-29 00:12:25 查询号码 【1840302】，GSD为【"河北-保定"】

2023-11-29 00:12:26 开始第 404 次操作

2023-11-29 00:12:26 开始操作号码 【1840303】
2023-11-29 00:12:30 GSD getOne 第 1 次 等待 3 秒
2023-11-29 00:12:33 查询号码 【1840303】，返回信息 {"status":"ok","msg":"河北-张家口","gid":"333113","time_insert":"2021-07-20 04:30"}
2023-11-29 00:12:33 查询号码 【1840303】，GSD为【"河北-张家口"】

