2024-07-24 00:13:03 开始第 7833 次操作

2024-07-24 00:13:03 开始操作号码 【1517723】
2024-07-24 00:13:13 GSD getOne 第 1 次 等待 3 秒
2024-07-24 00:13:16 查询号码 【1517723】，返回信息 {"status":"ok","msg":"广西-柳州","gid":"454305","time_insert":"2021-07-31 09:11"}
2024-07-24 00:13:16 查询号码 【1517723】，GSD为【"广西-柳州"】

2024-07-24 00:13:17 开始第 7834 次操作

2024-07-24 00:13:17 开始操作号码 【1517724】
2024-07-24 00:13:25 GSD getOne 第 1 次 等待 3 秒
2024-07-24 00:13:28 查询号码 【1517724】，返回信息 {"status":"ok","msg":"广西-柳州","gid":"454290","time_insert":"2021-07-31 09:01"}
2024-07-24 00:13:28 查询号码 【1517724】，GSD为【"广西-柳州"】

2024-07-24 00:13:29 开始第 7835 次操作

2024-07-24 00:13:29 开始操作号码 【1517725】
2024-07-24 00:13:36 GSD getOne 第 1 次 等待 3 秒
2024-07-24 00:13:39 查询号码 【1517725】，返回信息 {"status":"ok","msg":"广西-柳州","gid":"454277","time_insert":"2021-07-31 08:51"}
2024-07-24 00:13:39 查询号码 【1517725】，GSD为【"广西-柳州"】

2024-07-24 00:13:40 开始第 7836 次操作

2024-07-24 00:13:41 开始操作号码 【1517726】
2024-07-24 00:13:48 GSD getOne 第 1 次 等待 3 秒
2024-07-24 00:13:51 查询号码 【1517726】，返回信息 {"status":"ok","msg":"广西-柳州","gid":"454267","time_insert":"2021-07-31 08:43"}
2024-07-24 00:13:51 查询号码 【1517726】，GSD为【"广西-柳州"】

