2024-02-25 00:09:07 开始第 5677 次操作

2024-02-25 00:09:07 开始操作号码 【1735576】
2024-02-25 00:09:12 GSD getOne 第 1 次 等待 3 秒
2024-02-25 00:09:15 查询号码 【1735576】，返回信息 {"status":"ok","msg":"安徽-宿州","gid":"189114","time_insert":"2021-07-04 10:34"}
2024-02-25 00:09:15 查询号码 【1735576】，GSD为【"安徽-宿州"】

2024-02-25 00:09:16 开始第 5678 次操作

2024-02-25 00:09:16 开始操作号码 【1735577】
2024-02-25 00:09:22 GSD getOne 第 1 次 等待 3 秒
2024-02-25 00:09:25 查询号码 【1735577】，返回信息 {"status":"ok","msg":"安徽-宿州","gid":"189118","time_insert":"2021-07-04 10:35"}
2024-02-25 00:09:25 查询号码 【1735577】，GSD为【"安徽-宿州"】

2024-02-25 00:09:26 开始第 5679 次操作

2024-02-25 00:09:26 开始操作号码 【1735578】
2024-02-25 00:09:31 GSD getOne 第 1 次 等待 3 秒
2024-02-25 00:09:34 查询号码 【1735578】，返回信息 {"status":"ok","msg":"安徽-宿州","gid":"189159","time_insert":"2021-07-04 10:48"}
2024-02-25 00:09:34 查询号码 【1735578】，GSD为【"安徽-宿州"】

2024-02-25 00:09:35 开始第 5680 次操作

2024-02-25 00:09:35 开始操作号码 【1735579】
2024-02-25 00:09:40 GSD getOne 第 1 次 等待 3 秒
2024-02-25 00:09:43 查询号码 【1735579】，返回信息 {"status":"ok","msg":"安徽-宿州","gid":"189165","time_insert":"2021-07-04 10:49"}
2024-02-25 00:09:43 查询号码 【1735579】，GSD为【"安徽-宿州"】

2024-02-25 00:32:43 开始第 5681 次操作

2024-02-25 00:32:43 开始操作号码 【1735580】
2024-02-25 00:32:50 GSD getOne 第 1 次 等待 3 秒
2024-02-25 00:32:53 查询号码 【1735580】，返回信息 {"status":"ok","msg":"安徽-阜阳","gid":"189171","time_insert":"2021-07-04 10:49"}
2024-02-25 00:32:53 查询号码 【1735580】，GSD为【"安徽-阜阳"】

2024-02-25 00:32:54 开始第 5682 次操作

2024-02-25 00:32:54 开始操作号码 【1735581】
2024-02-25 00:32:58 GSD getOne 第 1 次 等待 3 秒
2024-02-25 00:33:01 查询号码 【1735581】，返回信息 {"status":"ok","msg":"安徽-阜阳","gid":"189177","time_insert":"2021-07-04 10:50"}
2024-02-25 00:33:01 查询号码 【1735581】，GSD为【"安徽-阜阳"】

2024-02-25 00:33:02 开始第 5683 次操作

2024-02-25 00:33:02 开始操作号码 【1735582】
2024-02-25 00:33:08 GSD getOne 第 1 次 等待 3 秒
2024-02-25 00:33:11 查询号码 【1735582】，返回信息 {"status":"ok","msg":"安徽-阜阳","gid":"189183","time_insert":"2021-07-04 10:50"}
2024-02-25 00:33:12 查询号码 【1735582】，GSD为【"安徽-阜阳"】

2024-02-25 00:33:13 开始第 5684 次操作

2024-02-25 00:33:13 开始操作号码 【1735583】
2024-02-25 00:33:17 GSD getOne 第 1 次 等待 3 秒
2024-02-25 00:33:20 查询号码 【1735583】，返回信息 {"status":"ok","msg":"安徽-阜阳","gid":"189192","time_insert":"2021-07-04 10:50"}
2024-02-25 00:33:20 查询号码 【1735583】，GSD为【"安徽-阜阳"】

