2024-04-08 00:09:13 开始第 2557 次操作

2024-04-08 00:09:13 开始操作号码 【1622457】
2024-04-08 00:09:18 GSD getOne 第 1 次 等待 3 秒
2024-04-08 00:09:21 查询号码 【1622457】，返回信息 {"status":"ok","msg":"黑龙江-大兴安岭","gid":"116763","time_insert":"2021-06-23 06:39"}
2024-04-08 00:09:21 查询号码 【1622457】，GSD为【"黑龙江-大兴安岭"】

2024-04-08 00:09:22 开始第 2558 次操作

2024-04-08 00:09:22 开始操作号码 【1622458】
2024-04-08 00:09:27 GSD getOne 第 1 次 等待 3 秒
2024-04-08 00:09:30 查询号码 【1622458】，返回信息 {"status":"ok","msg":"黑龙江-伊春","gid":"116769","time_insert":"2021-06-23 06:43"}
2024-04-08 00:09:30 查询号码 【1622458】，GSD为【"黑龙江-伊春"】

2024-04-08 00:09:31 开始第 2559 次操作

2024-04-08 00:09:31 开始操作号码 【1622459】
2024-04-08 00:09:37 GSD getOne 第 1 次 等待 3 秒
2024-04-08 00:09:40 查询号码 【1622459】，返回信息 {"status":"ok","msg":"黑龙江-大庆","gid":"116795","time_insert":"2021-06-23 06:49"}
2024-04-08 00:09:40 查询号码 【1622459】，GSD为【"黑龙江-大庆"】

2024-04-08 00:09:41 开始第 2560 次操作

2024-04-08 00:09:41 开始操作号码 【1622460】
2024-04-08 00:09:46 GSD getOne 第 1 次 等待 3 秒
2024-04-08 00:09:49 查询号码 【1622460】，返回信息 {"status":"ok","msg":"黑龙江-哈尔滨","gid":"116821","time_insert":"2021-06-23 06:53"}
2024-04-08 00:09:49 查询号码 【1622460】，GSD为【"黑龙江-哈尔滨"】

2024-04-08 00:33:29 开始第 2561 次操作

2024-04-08 00:33:29 开始操作号码 【1622461】
2024-04-08 00:33:40 GSD getOne 第 1 次 等待 3 秒
2024-04-08 00:33:43 查询号码 【1622461】，返回信息 {"status":"ok","msg":"黑龙江-哈尔滨","gid":"116844","time_insert":"2021-06-23 06:57"}
2024-04-08 00:33:43 查询号码 【1622461】，GSD为【"黑龙江-哈尔滨"】

2024-04-08 00:33:44 开始第 2562 次操作

2024-04-08 00:33:44 开始操作号码 【1622462】
2024-04-08 00:33:49 GSD getOne 第 1 次 等待 3 秒
2024-04-08 00:33:52 查询号码 【1622462】，返回信息 {"status":"ok","msg":"黑龙江-齐齐哈尔","gid":"116874","time_insert":"2021-06-23 07:02"}
2024-04-08 00:33:52 查询号码 【1622462】，GSD为【"黑龙江-齐齐哈尔"】

2024-04-08 00:33:53 开始第 2563 次操作

2024-04-08 00:33:53 开始操作号码 【1622463】
2024-04-08 00:33:59 GSD getOne 第 1 次 等待 3 秒
2024-04-08 00:34:02 查询号码 【1622463】，返回信息 {"status":"ok","msg":"黑龙江-牡丹江","gid":"116896","time_insert":"2021-06-23 07:07"}
2024-04-08 00:34:02 查询号码 【1622463】，GSD为【"黑龙江-牡丹江"】

2024-04-08 00:34:03 开始第 2564 次操作

2024-04-08 00:34:03 开始操作号码 【1622464】
2024-04-08 00:34:09 GSD getOne 第 1 次 等待 3 秒
2024-04-08 00:34:12 查询号码 【1622464】，返回信息 {"status":"ok","msg":"黑龙江-七台河","gid":"116915","time_insert":"2021-06-23 07:11"}
2024-04-08 00:34:12 查询号码 【1622464】，GSD为【"黑龙江-七台河"】

