2024-06-12 00:12:27 开始第 225 次操作

2024-06-12 00:12:27 开始操作号码 【1510117】
2024-06-12 00:12:38 GSD getOne 第 1 次 等待 3 秒
2024-06-12 00:12:41 查询号码 【1510117】，返回信息 {"status":"ok","msg":"北京-北京","gid":"54097","time_insert":"2020-07-05 22:46"}
2024-06-12 00:12:41 查询号码 【1510117】，GSD为【"北京-北京"】

2024-06-12 00:12:42 开始第 226 次操作

2024-06-12 00:12:42 开始操作号码 【1510118】
2024-06-12 00:12:50 GSD getOne 第 1 次 等待 3 秒
2024-06-12 00:12:53 查询号码 【1510118】，返回信息 {"status":"ok","msg":"北京-北京","gid":"68844","time_insert":"2021-05-26 10:56"}
2024-06-12 00:12:53 查询号码 【1510118】，GSD为【"北京-北京"】

2024-06-12 00:12:54 开始第 227 次操作

2024-06-12 00:12:54 开始操作号码 【1510119】
2024-06-12 00:13:03 GSD getOne 第 1 次 等待 3 秒
2024-06-12 00:13:06 查询号码 【1510119】，返回信息 {"status":"ok","msg":"北京-北京","gid":"68857","time_insert":"2021-05-26 11:12"}
2024-06-12 00:13:06 查询号码 【1510119】，GSD为【"北京-北京"】

2024-06-12 00:13:07 开始第 228 次操作

2024-06-12 00:13:07 开始操作号码 【1510120】
2024-06-12 00:13:15 GSD getOne 第 1 次 等待 3 秒
2024-06-12 00:13:18 查询号码 【1510120】，返回信息 {"status":"ok","msg":"甘肃-兰州","gid":"16552","time_insert":"2017-07-20 18:48","time_update":"2021-05-26 11:28"}
2024-06-12 00:13:18 查询号码 【1510120】，GSD为【"甘肃-兰州"】

2024-06-12 00:38:43 开始第 229 次操作

2024-06-12 00:38:43 开始操作号码 【1510121】
2024-06-12 00:38:52 GSD getOne 第 1 次 等待 3 秒
2024-06-12 00:38:55 查询号码 【1510121】，返回信息 {"status":"ok","msg":"甘肃-兰州","gid":"68879","time_insert":"2021-05-26 11:36"}
2024-06-12 00:38:56 查询号码 【1510121】，GSD为【"甘肃-兰州"】

2024-06-12 00:38:57 开始第 230 次操作

2024-06-12 00:38:57 开始操作号码 【1510122】
2024-06-12 00:39:04 GSD getOne 第 1 次 等待 3 秒
2024-06-12 00:39:07 查询号码 【1510122】，返回信息 {"status":"ok","msg":"甘肃-兰州","gid":"68900","time_insert":"2021-05-26 12:03"}
2024-06-12 00:39:07 查询号码 【1510122】，GSD为【"甘肃-兰州"】

2024-06-12 00:39:08 开始第 231 次操作

2024-06-12 00:39:08 开始操作号码 【1510123】
2024-06-12 00:39:19 GSD getOne 第 1 次 等待 3 秒
2024-06-12 00:39:22 查询号码 【1510123】，返回信息 {"status":"ok","msg":"甘肃-兰州","gid":"16553","time_insert":"2017-07-22 18:07","time_update":"2021-05-26 11:29"}
2024-06-12 00:39:22 查询号码 【1510123】，GSD为【"甘肃-兰州"】

2024-06-12 00:39:23 开始第 232 次操作

2024-06-12 00:39:23 开始操作号码 【1510124】
2024-06-12 00:39:29 GSD getOne 第 1 次 等待 3 秒
2024-06-12 00:39:32 查询号码 【1510124】，返回信息 {"status":"ok","msg":"甘肃-兰州","gid":"16554","time_insert":"2019-11-10 15:00","time_update":"2021-05-26 12:28"}
2024-06-12 00:39:32 查询号码 【1510124】，GSD为【"甘肃-兰州"】

