2024-03-11 00:09:54 开始第 8389 次操作

2024-03-11 00:09:54 开始操作号码 【1738288】
2024-03-11 00:09:58 GSD getOne 第 1 次 等待 3 秒
2024-03-11 00:10:01 查询号码 【1738288】，返回信息 {"status":"ok","msg":"黑龙江-哈尔滨","gid":"217627","time_insert":"2021-07-07 22:48"}
2024-03-11 00:10:01 查询号码 【1738288】，GSD为【"黑龙江-哈尔滨"】

2024-03-11 00:10:02 开始第 8390 次操作

2024-03-11 00:10:02 开始操作号码 【1738289】
2024-03-11 00:10:09 GSD getOne 第 1 次 等待 3 秒
2024-03-11 00:10:12 查询号码 【1738289】，返回信息 {"status":"ok","msg":"黑龙江-大庆","gid":"217643","time_insert":"2021-07-07 22:49"}
2024-03-11 00:10:12 查询号码 【1738289】，GSD为【"黑龙江-大庆"】

2024-03-11 00:10:13 开始第 8391 次操作

2024-03-11 00:10:13 开始操作号码 【1738290】
2024-03-11 00:10:17 GSD getOne 第 1 次 等待 3 秒
2024-03-11 00:10:20 查询号码 【1738290】，返回信息 {"status":"ok","msg":"四川-泸州","gid":"29655","time_insert":"2018-02-10 18:25","time_update":"2020-10-29 12:01"}
2024-03-11 00:10:20 查询号码 【1738290】，GSD为【"四川-泸州"】

2024-03-11 00:10:21 开始第 8392 次操作

2024-03-11 00:10:21 开始操作号码 【1738291】
2024-03-11 00:10:26 GSD getOne 第 1 次 等待 3 秒
2024-03-11 00:10:29 查询号码 【1738291】，返回信息 {"status":"ok","msg":"四川-泸州","gid":"217660","time_insert":"2021-07-07 22:50"}
2024-03-11 00:10:29 查询号码 【1738291】，GSD为【"四川-泸州"】

