2024-04-06 00:11:39 开始第 2189 次操作

2024-04-06 00:11:39 开始操作号码 【1622089】
2024-04-06 00:11:45 GSD getOne 第 1 次 等待 3 秒
2024-04-06 00:11:48 查询号码 【1622089】，返回信息 {"status":"ok","msg":"天津-天津","gid":"111863","time_insert":"2021-06-22 01:27"}
2024-04-06 00:11:48 查询号码 【1622089】，GSD为【"天津-天津"】

2024-04-06 00:11:49 开始第 2190 次操作

2024-04-06 00:11:49 开始操作号码 【1622090】
2024-04-06 00:11:53 GSD getOne 第 1 次 等待 3 秒
2024-04-06 00:11:56 查询号码 【1622090】，返回信息 {"status":"ok","msg":"天津-天津","gid":"111874","time_insert":"2021-06-22 01:32"}
2024-04-06 00:11:56 查询号码 【1622090】，GSD为【"天津-天津"】

2024-04-06 00:11:57 开始第 2191 次操作

2024-04-06 00:11:57 开始操作号码 【1622091】
2024-04-06 00:12:05 GSD getOne 第 1 次 等待 3 秒
2024-04-06 00:12:08 查询号码 【1622091】，返回信息 {"status":"ok","msg":"天津-天津","gid":"111878","time_insert":"2021-06-22 01:37"}
2024-04-06 00:12:08 查询号码 【1622091】，GSD为【"天津-天津"】

2024-04-06 00:12:09 开始第 2192 次操作

2024-04-06 00:12:09 开始操作号码 【1622092】
2024-04-06 00:12:15 GSD getOne 第 1 次 等待 3 秒
2024-04-06 00:12:18 查询号码 【1622092】，返回信息 {"status":"ok","msg":"天津-天津","gid":"111885","time_insert":"2021-06-22 01:42"}
2024-04-06 00:12:18 查询号码 【1622092】，GSD为【"天津-天津"】

