2024-07-31 00:12:54 开始第 9097 次操作

2024-07-31 00:12:54 开始操作号码 【1518987】
2024-07-31 00:13:03 GSD getOne 第 1 次 等待 3 秒
2024-07-31 00:13:06 查询号码 【1518987】，返回信息 {"status":"ok","msg":"江苏-扬州","gid":"410252","time_insert":"2021-07-27 06:36"}
2024-07-31 00:13:06 查询号码 【1518987】，GSD为【"江苏-扬州"】

2024-07-31 00:13:07 开始第 9098 次操作

2024-07-31 00:13:07 开始操作号码 【1518988】
2024-07-31 00:13:15 GSD getOne 第 1 次 等待 3 秒
2024-07-31 00:13:18 查询号码 【1518988】，返回信息 {"status":"ok","msg":"江苏-扬州","gid":"18311","time_insert":"2017-01-11 21:23","time_update":"2020-08-25 03:29"}
2024-07-31 00:13:18 查询号码 【1518988】，GSD为【"江苏-扬州"】

2024-07-31 00:13:19 开始第 9099 次操作

2024-07-31 00:13:19 开始操作号码 【1518989】
2024-07-31 00:13:28 GSD getOne 第 1 次 等待 3 秒
2024-07-31 00:13:31 查询号码 【1518989】，返回信息 {"status":"ok","msg":"江苏-扬州","gid":"410236","time_insert":"2021-07-27 06:26"}
2024-07-31 00:13:31 查询号码 【1518989】，GSD为【"江苏-扬州"】

2024-07-31 00:13:32 开始第 9100 次操作

2024-07-31 00:13:32 开始操作号码 【1518990】
2024-07-31 00:13:40 GSD getOne 第 1 次 等待 3 秒
2024-07-31 00:13:43 查询号码 【1518990】，返回信息 {"status":"ok","msg":"江苏-泰州","gid":"410227","time_insert":"2021-07-27 06:17"}
2024-07-31 00:13:43 查询号码 【1518990】，GSD为【"江苏-泰州"】

2024-07-31 00:39:19 开始第 9101 次操作

2024-07-31 00:39:19 开始操作号码 【1518991】
2024-07-31 00:39:30 GSD getOne 第 1 次 等待 3 秒
2024-07-31 00:39:33 查询号码 【1518991】，返回信息 {"status":"ok","msg":"江苏-泰州","gid":"410173","time_insert":"2021-07-27 06:07"}
2024-07-31 00:39:33 查询号码 【1518991】，GSD为【"江苏-泰州"】

2024-07-31 00:39:34 开始第 9102 次操作

2024-07-31 00:39:34 开始操作号码 【1518992】
2024-07-31 00:39:51 GSD getOne 第 1 次 等待 3 秒
2024-07-31 00:39:54 查询号码 【1518992】，返回信息 {"status":"ok","msg":"江苏-泰州","gid":"410052","time_insert":"2021-07-27 05:57"}
2024-07-31 00:39:54 查询号码 【1518992】，GSD为【"江苏-泰州"】

2024-07-31 00:39:55 开始第 9103 次操作

2024-07-31 00:39:55 开始操作号码 【1518993】
2024-07-31 00:40:05 GSD getOne 第 1 次 等待 3 秒
2024-07-31 00:40:08 查询号码 【1518993】，返回信息 {"status":"ok","msg":"江苏-泰州","gid":"409904","time_insert":"2021-07-27 05:47"}
2024-07-31 00:40:08 查询号码 【1518993】，GSD为【"江苏-泰州"】

2024-07-31 00:40:09 开始第 9104 次操作

2024-07-31 00:40:09 开始操作号码 【1518994】
2024-07-31 00:40:18 GSD getOne 第 1 次 等待 3 秒
2024-07-31 00:40:21 查询号码 【1518994】，返回信息 {"status":"ok","msg":"江苏-泰州","gid":"409816","time_insert":"2021-07-27 05:38"}
2024-07-31 00:40:21 查询号码 【1518994】，GSD为【"江苏-泰州"】

