2023-10-12 00:12:40 开始第 2807 次操作

2023-10-12 00:12:40 开始操作号码 【1942795】
2023-10-12 00:14:51 GSD getOne 第 1 次 等待 3 秒
2023-10-12 00:17:04 GSD getOne 第 2 次 等待 3 秒
2023-10-12 00:19:17 GSD getOne 第 3 次 等待 3 秒
2023-10-12 00:21:30 GSD getOne 第 4 次 等待 3 秒
2023-10-12 00:23:43 GSD getOne 第 5 次 等待 3 秒
2023-10-12 00:25:57 GSD getOne 第 6 次 等待 3 秒
2023-10-12 00:28:10 GSD getOne 第 7 次 等待 3 秒
2023-10-12 00:30:23 GSD getOne 第 8 次 等待 3 秒
2023-10-12 00:32:36 GSD getOne 第 9 次 等待 3 秒
2023-10-12 00:34:49 GSD getOne 第 10 次 等待 3 秒
2023-10-12 00:34:52 查询号码 【1942795】，返回信息 
2023-10-12 00:34:52 查询失败，3 秒后重新查询
2023-10-12 00:37:06 GSD getOne 第 1 次 等待 3 秒
2023-10-12 00:39:19 GSD getOne 第 2 次 等待 3 秒
2023-10-12 00:41:32 GSD getOne 第 3 次 等待 3 秒
2023-10-12 00:43:46 GSD getOne 第 4 次 等待 3 秒
2023-10-12 00:45:59 GSD getOne 第 5 次 等待 3 秒
2023-10-12 00:48:12 GSD getOne 第 6 次 等待 3 秒
2023-10-12 00:50:25 GSD getOne 第 7 次 等待 3 秒
2023-10-12 00:52:38 GSD getOne 第 8 次 等待 3 秒
2023-10-12 00:54:51 GSD getOne 第 9 次 等待 3 秒
2023-10-12 00:57:04 GSD getOne 第 10 次 等待 3 秒
2023-10-12 00:57:07 查询号码 【1942795】，返回信息 
2023-10-12 00:57:07 查询失败，结束本次操作，期待下次成功~
2023-10-12 00:57:07 随机等待 160 秒，约 2 分钟
2023-10-12 00:57:07 下次操作: 2023-10-12 00:59:47

2023-10-12 00:59:47 开始第 2808 次操作

2023-10-12 00:59:47 开始操作号码 【1942795】
2023-10-12 01:01:57 GSD getOne 第 1 次 等待 3 秒
2023-10-12 01:04:10 GSD getOne 第 2 次 等待 3 秒
2023-10-12 01:06:23 GSD getOne 第 3 次 等待 3 秒
2023-10-12 01:08:37 GSD getOne 第 4 次 等待 3 秒
2023-10-12 01:10:50 GSD getOne 第 5 次 等待 3 秒
2023-10-12 01:13:03 GSD getOne 第 6 次 等待 3 秒
2023-10-12 01:15:16 GSD getOne 第 7 次 等待 3 秒
2023-10-12 01:17:29 GSD getOne 第 8 次 等待 3 秒
2023-10-12 01:19:42 GSD getOne 第 9 次 等待 3 秒
2023-10-12 01:21:55 GSD getOne 第 10 次 等待 3 秒
2023-10-12 01:21:58 查询号码 【1942795】，返回信息 
2023-10-12 01:21:58 查询失败，3 秒后重新查询
2023-10-12 01:24:12 GSD getOne 第 1 次 等待 3 秒
2023-10-12 01:26:26 GSD getOne 第 2 次 等待 3 秒
2023-10-12 01:28:39 GSD getOne 第 3 次 等待 3 秒
2023-10-12 01:30:52 GSD getOne 第 4 次 等待 3 秒
2023-10-12 01:33:05 GSD getOne 第 5 次 等待 3 秒
2023-10-12 01:35:18 GSD getOne 第 6 次 等待 3 秒
2023-10-12 01:37:31 GSD getOne 第 7 次 等待 3 秒
2023-10-12 01:39:44 GSD getOne 第 8 次 等待 3 秒
2023-10-12 01:41:57 GSD getOne 第 9 次 等待 3 秒
2023-10-12 01:44:11 GSD getOne 第 10 次 等待 3 秒
2023-10-12 01:44:14 查询号码 【1942795】，返回信息 
2023-10-12 01:44:14 查询失败，结束本次操作，期待下次成功~

2023-10-12 02:11:06 开始第 2809 次操作

2023-10-12 02:11:06 开始操作号码 【1942795】
2023-10-12 02:13:17 GSD getOne 第 1 次 等待 3 秒
2023-10-12 02:15:30 GSD getOne 第 2 次 等待 3 秒
2023-10-12 02:17:43 GSD getOne 第 3 次 等待 3 秒
2023-10-12 02:19:56 GSD getOne 第 4 次 等待 3 秒
2023-10-12 02:22:09 GSD getOne 第 5 次 等待 3 秒
2023-10-12 02:24:22 GSD getOne 第 6 次 等待 3 秒
2023-10-12 02:26:35 GSD getOne 第 7 次 等待 3 秒
2023-10-12 02:28:48 GSD getOne 第 8 次 等待 3 秒
2023-10-12 02:31:02 GSD getOne 第 9 次 等待 3 秒
2023-10-12 02:33:15 GSD getOne 第 10 次 等待 3 秒
2023-10-12 02:33:18 查询号码 【1942795】，返回信息 
2023-10-12 02:33:18 查询失败，3 秒后重新查询
2023-10-12 02:35:32 GSD getOne 第 1 次 等待 3 秒
2023-10-12 02:37:45 GSD getOne 第 2 次 等待 3 秒
2023-10-12 02:39:58 GSD getOne 第 3 次 等待 3 秒
2023-10-12 02:42:11 GSD getOne 第 4 次 等待 3 秒
2023-10-12 02:44:24 GSD getOne 第 5 次 等待 3 秒
2023-10-12 02:46:37 GSD getOne 第 6 次 等待 3 秒
2023-10-12 02:48:51 GSD getOne 第 7 次 等待 3 秒
2023-10-12 02:51:04 GSD getOne 第 8 次 等待 3 秒
2023-10-12 02:53:17 GSD getOne 第 9 次 等待 3 秒
2023-10-12 02:55:30 GSD getOne 第 10 次 等待 3 秒
2023-10-12 02:55:33 查询号码 【1942795】，返回信息 
2023-10-12 02:55:33 查询失败，结束本次操作，期待下次成功~
2023-10-12 02:55:33 随机等待 194 秒，约 3 分钟
2023-10-12 02:55:33 下次操作: 2023-10-12 02:58:47

2023-10-12 02:58:47 开始第 2810 次操作

2023-10-12 02:58:47 开始操作号码 【1942795】
2023-10-12 03:00:58 GSD getOne 第 1 次 等待 3 秒
2023-10-12 03:03:11 GSD getOne 第 2 次 等待 3 秒
2023-10-12 03:05:24 GSD getOne 第 3 次 等待 3 秒
2023-10-12 03:07:37 GSD getOne 第 4 次 等待 3 秒
2023-10-12 03:09:50 GSD getOne 第 5 次 等待 3 秒
2023-10-12 03:12:03 GSD getOne 第 6 次 等待 3 秒
2023-10-12 03:14:16 GSD getOne 第 7 次 等待 3 秒
2023-10-12 03:16:29 GSD getOne 第 8 次 等待 3 秒
2023-10-12 03:18:43 GSD getOne 第 9 次 等待 3 秒
2023-10-12 03:20:56 GSD getOne 第 10 次 等待 3 秒
2023-10-12 03:20:59 查询号码 【1942795】，返回信息 
2023-10-12 03:20:59 查询失败，3 秒后重新查询
2023-10-12 03:23:13 GSD getOne 第 1 次 等待 3 秒
2023-10-12 03:25:26 GSD getOne 第 2 次 等待 3 秒
2023-10-12 03:27:39 GSD getOne 第 3 次 等待 3 秒
2023-10-12 03:29:52 GSD getOne 第 4 次 等待 3 秒
2023-10-12 03:32:05 GSD getOne 第 5 次 等待 3 秒
2023-10-12 03:34:19 GSD getOne 第 6 次 等待 3 秒
2023-10-12 03:36:32 GSD getOne 第 7 次 等待 3 秒
2023-10-12 03:38:45 GSD getOne 第 8 次 等待 3 秒
2023-10-12 03:40:58 GSD getOne 第 9 次 等待 3 秒
2023-10-12 03:43:11 GSD getOne 第 10 次 等待 3 秒
2023-10-12 03:43:14 查询号码 【1942795】，返回信息 
2023-10-12 03:43:14 查询失败，结束本次操作，期待下次成功~
2023-10-12 03:43:14 随机等待 97 秒，约 1 分钟
2023-10-12 03:43:14 下次操作: 2023-10-12 03:44:51

2023-10-12 03:44:51 开始第 2811 次操作

2023-10-12 03:44:51 开始操作号码 【1942795】
2023-10-12 03:47:02 GSD getOne 第 1 次 等待 3 秒
2023-10-12 03:49:16 GSD getOne 第 2 次 等待 3 秒
2023-10-12 03:51:29 GSD getOne 第 3 次 等待 3 秒
2023-10-12 03:53:42 GSD getOne 第 4 次 等待 3 秒
2023-10-12 03:55:55 GSD getOne 第 5 次 等待 3 秒
2023-10-12 03:58:08 GSD getOne 第 6 次 等待 3 秒
2023-10-12 04:00:21 GSD getOne 第 7 次 等待 3 秒
2023-10-12 04:02:34 GSD getOne 第 8 次 等待 3 秒
2023-10-12 04:04:47 GSD getOne 第 9 次 等待 3 秒
2023-10-12 04:07:01 GSD getOne 第 10 次 等待 3 秒
2023-10-12 04:07:04 查询号码 【1942795】，返回信息 
2023-10-12 04:07:04 查询失败，3 秒后重新查询
2023-10-12 04:09:18 GSD getOne 第 1 次 等待 3 秒
2023-10-12 04:11:31 GSD getOne 第 2 次 等待 3 秒
2023-10-12 04:13:44 GSD getOne 第 3 次 等待 3 秒
2023-10-12 04:15:57 GSD getOne 第 4 次 等待 3 秒
2023-10-12 04:18:10 GSD getOne 第 5 次 等待 3 秒
2023-10-12 04:20:23 GSD getOne 第 6 次 等待 3 秒
2023-10-12 04:22:36 GSD getOne 第 7 次 等待 3 秒
2023-10-12 04:24:50 GSD getOne 第 8 次 等待 3 秒
2023-10-12 04:27:03 GSD getOne 第 9 次 等待 3 秒
2023-10-12 04:29:16 GSD getOne 第 10 次 等待 3 秒
2023-10-12 04:29:19 查询号码 【1942795】，返回信息 
2023-10-12 04:29:19 查询失败，结束本次操作，期待下次成功~
2023-10-12 04:29:19 随机等待 80 秒，约 1 分钟
2023-10-12 04:29:19 下次操作: 2023-10-12 04:30:39

2023-10-12 04:30:39 开始第 2812 次操作

2023-10-12 04:30:39 开始操作号码 【1942795】
2023-10-12 04:32:49 GSD getOne 第 1 次 等待 3 秒
2023-10-12 04:35:02 GSD getOne 第 2 次 等待 3 秒
2023-10-12 04:37:15 GSD getOne 第 3 次 等待 3 秒
2023-10-12 04:39:28 GSD getOne 第 4 次 等待 3 秒
2023-10-12 04:41:41 GSD getOne 第 5 次 等待 3 秒
2023-10-12 04:43:54 GSD getOne 第 6 次 等待 3 秒
2023-10-12 04:46:08 GSD getOne 第 7 次 等待 3 秒
2023-10-12 04:48:21 GSD getOne 第 8 次 等待 3 秒
2023-10-12 04:50:34 GSD getOne 第 9 次 等待 3 秒
2023-10-12 04:52:47 GSD getOne 第 10 次 等待 3 秒
2023-10-12 04:52:50 查询号码 【1942795】，返回信息 
2023-10-12 04:52:50 查询失败，3 秒后重新查询
2023-10-12 04:55:04 GSD getOne 第 1 次 等待 3 秒
2023-10-12 04:57:17 GSD getOne 第 2 次 等待 3 秒
2023-10-12 04:59:30 GSD getOne 第 3 次 等待 3 秒
2023-10-12 05:01:43 GSD getOne 第 4 次 等待 3 秒
2023-10-12 05:03:57 GSD getOne 第 5 次 等待 3 秒
2023-10-12 05:06:10 GSD getOne 第 6 次 等待 3 秒
2023-10-12 05:08:23 GSD getOne 第 7 次 等待 3 秒
2023-10-12 05:10:36 GSD getOne 第 8 次 等待 3 秒
2023-10-12 05:12:49 GSD getOne 第 9 次 等待 3 秒
2023-10-12 05:15:02 GSD getOne 第 10 次 等待 3 秒
2023-10-12 05:15:05 查询号码 【1942795】，返回信息 
2023-10-12 05:15:05 查询失败，结束本次操作，期待下次成功~

