2023-11-20 00:09:56 开始第 9789 次操作

2023-11-20 00:09:56 开始操作号码 【1949687】
2023-11-20 00:10:00 GSD getOne 第 1 次 等待 3 秒
2023-11-20 00:10:03 查询号码 【1949687】，返回信息 {"status":"ok","msg":"-","gid":"598104","time_insert":"2023-03-18 08:49"}
2023-11-20 00:10:03 查询号码 【1949687】，GSD为【"-"】
2023-11-20 00:10:03 ok && -
2023-11-20 00:10:07 CHB 1949687?1700410203 第 1 次 等待 3 秒
2023-11-20 00:10:10 CHB 1949687?1700410203 第 1 次 获取到号码【1949687】GSD
2023-11-20 00:10:10 未获取到号码【1949687】GSD，可能号码格式错误
2023-11-20 00:10:10 获取到号码【1949687】的GSD为【-】
2023-11-20 00:10:14 GSD insert 第 1 次 等待 3 秒
2023-11-20 00:10:17 {"status":"bad","gid":"598104","msg":"添加失败！号码【1949687(-|-)】已存在！"}
2023-11-20 00:10:17 随机等待 142 秒，约 2 分钟
2023-11-20 00:10:17 下次操作: 2023-11-20 00:12:39

2023-11-20 00:12:39 开始第 9790 次操作

2023-11-20 00:12:39 开始操作号码 【1949688】
2023-11-20 00:12:43 GSD getOne 第 1 次 等待 3 秒
2023-11-20 00:12:46 查询号码 【1949688】，返回信息 {"status":"ok","msg":"-","gid":"598060","time_insert":"2023-03-18 07:59"}
2023-11-20 00:12:46 查询号码 【1949688】，GSD为【"-"】
2023-11-20 00:12:46 ok && -
2023-11-20 00:12:49 CHB 1949688?1700410366 第 1 次 等待 3 秒
2023-11-20 00:12:52 CHB 1949688?1700410366 第 1 次 获取到号码【1949688】GSD
2023-11-20 00:12:52 未获取到号码【1949688】GSD，可能号码格式错误
2023-11-20 00:12:52 获取到号码【1949688】的GSD为【-】
2023-11-20 00:12:57 GSD insert 第 1 次 等待 3 秒
2023-11-20 00:13:00 {"status":"bad","gid":"598060","msg":"添加失败！号码【1949688(-|-)】已存在！"}
2023-11-20 00:13:00 随机等待 188 秒，约 3 分钟
2023-11-20 00:13:00 下次操作: 2023-11-20 00:16:08

2023-11-20 00:16:08 开始第 9791 次操作

2023-11-20 00:16:08 开始操作号码 【1949689】
2023-11-20 00:16:11 GSD getOne 第 1 次 等待 3 秒
2023-11-20 00:16:14 查询号码 【1949689】，返回信息 {"status":"ok","msg":"-","gid":"598054","time_insert":"2023-03-18 07:56"}
2023-11-20 00:16:14 查询号码 【1949689】，GSD为【"-"】
2023-11-20 00:16:14 ok && -
2023-11-20 00:16:18 CHB 1949689?1700410574 第 1 次 等待 3 秒
2023-11-20 00:16:21 CHB 1949689?1700410574 第 1 次 获取到号码【1949689】GSD
2023-11-20 00:16:21 未获取到号码【1949689】GSD，可能号码格式错误
2023-11-20 00:16:21 获取到号码【1949689】的GSD为【-】
2023-11-20 00:16:28 GSD insert 第 1 次 等待 3 秒
2023-11-20 00:16:31 {"status":"bad","gid":"598054","msg":"添加失败！号码【1949689(-|-)】已存在！"}
2023-11-20 00:16:31 随机等待 98 秒，约 1 分钟
2023-11-20 00:16:31 下次操作: 2023-11-20 00:18:09

2023-11-20 00:18:09 开始第 9792 次操作

2023-11-20 00:18:09 开始操作号码 【1949690】
2023-11-20 00:18:12 GSD getOne 第 1 次 等待 3 秒
2023-11-20 00:18:15 查询号码 【1949690】，返回信息 {"status":"ok","msg":"-","gid":"598050","time_insert":"2023-03-18 07:54"}
2023-11-20 00:18:15 查询号码 【1949690】，GSD为【"-"】
2023-11-20 00:18:15 ok && -
2023-11-20 00:18:18 CHB 1949690?1700410695 第 1 次 等待 3 秒
2023-11-20 00:18:21 CHB 1949690?1700410695 第 1 次 获取到号码【1949690】GSD
2023-11-20 00:18:21 未获取到号码【1949690】GSD，可能号码格式错误
2023-11-20 00:18:21 获取到号码【1949690】的GSD为【-】
2023-11-20 00:18:26 GSD insert 第 1 次 等待 3 秒
2023-11-20 00:18:29 {"status":"bad","gid":"598050","msg":"添加失败！号码【1949690(-|-)】已存在！"}

2023-11-20 00:35:20 开始第 9793 次操作

2023-11-20 00:35:20 开始操作号码 【1949691】
2023-11-20 00:35:32 GSD getOne 第 1 次 等待 3 秒
2023-11-20 00:35:35 查询号码 【1949691】，返回信息 {"status":"ok","msg":"-","gid":"598048","time_insert":"2023-03-18 07:53"}
2023-11-20 00:35:35 查询号码 【1949691】，GSD为【"-"】
2023-11-20 00:35:35 ok && -
2023-11-20 00:35:38 CHB 1949691?1700411735 第 1 次 等待 3 秒
2023-11-20 00:35:41 CHB 1949691?1700411735 第 1 次 获取到号码【1949691】GSD
2023-11-20 00:35:41 未获取到号码【1949691】GSD，可能号码格式错误
2023-11-20 00:35:41 获取到号码【1949691】的GSD为【-】
2023-11-20 00:35:47 GSD insert 第 1 次 等待 3 秒
2023-11-20 00:35:50 {"status":"bad","gid":"598048","msg":"添加失败！号码【1949691(-|-)】已存在！"}
2023-11-20 00:35:50 随机等待 197 秒，约 3 分钟
2023-11-20 00:35:50 下次操作: 2023-11-20 00:39:07

2023-11-20 00:39:07 开始第 9794 次操作

2023-11-20 00:39:07 开始操作号码 【1949692】
2023-11-20 00:39:10 GSD getOne 第 1 次 等待 3 秒
2023-11-20 00:39:13 查询号码 【1949692】，返回信息 {"status":"ok","msg":"-","gid":"598042","time_insert":"2023-03-18 07:50"}
2023-11-20 00:39:13 查询号码 【1949692】，GSD为【"-"】
2023-11-20 00:39:13 ok && -
2023-11-20 00:39:16 CHB 1949692?1700411953 第 1 次 等待 3 秒
2023-11-20 00:39:19 CHB 1949692?1700411953 第 1 次 获取到号码【1949692】GSD
2023-11-20 00:39:19 未获取到号码【1949692】GSD，可能号码格式错误
2023-11-20 00:39:19 获取到号码【1949692】的GSD为【-】
2023-11-20 00:39:25 GSD insert 第 1 次 等待 3 秒
2023-11-20 00:39:28 {"status":"bad","gid":"598042","msg":"添加失败！号码【1949692(-|-)】已存在！"}
2023-11-20 00:39:28 随机等待 106 秒，约 1 分钟
2023-11-20 00:39:28 下次操作: 2023-11-20 00:41:14

2023-11-20 00:41:14 开始第 9795 次操作

2023-11-20 00:41:14 开始操作号码 【1949693】
2023-11-20 00:41:18 GSD getOne 第 1 次 等待 3 秒
2023-11-20 00:41:21 查询号码 【1949693】，返回信息 {"status":"ok","msg":"-","gid":"598040","time_insert":"2023-03-18 07:47"}
2023-11-20 00:41:21 查询号码 【1949693】，GSD为【"-"】
2023-11-20 00:41:21 ok && -
2023-11-20 00:41:24 CHB 1949693?1700412081 第 1 次 等待 3 秒
2023-11-20 00:41:27 CHB 1949693?1700412081 第 1 次 获取到号码【1949693】GSD
2023-11-20 00:41:27 未获取到号码【1949693】GSD，可能号码格式错误
2023-11-20 00:41:27 获取到号码【1949693】的GSD为【-】
2023-11-20 00:41:30 GSD insert 第 1 次 等待 3 秒
2023-11-20 00:41:33 {"status":"bad","gid":"598040","msg":"添加失败！号码【1949693(-|-)】已存在！"}
2023-11-20 00:41:33 随机等待 209 秒，约 3 分钟
2023-11-20 00:41:33 下次操作: 2023-11-20 00:45:02

2023-11-20 00:45:02 开始第 9796 次操作

2023-11-20 00:45:02 开始操作号码 【1949694】
2023-11-20 00:45:07 GSD getOne 第 1 次 等待 3 秒
2023-11-20 00:45:10 查询号码 【1949694】，返回信息 {"status":"ok","msg":"-","gid":"598035","time_insert":"2023-03-18 07:45"}
2023-11-20 00:45:10 查询号码 【1949694】，GSD为【"-"】
2023-11-20 00:45:10 ok && -
2023-11-20 00:45:17 CHB 1949694?1700412310 第 1 次 等待 3 秒
2023-11-20 00:45:20 CHB 1949694?1700412310 第 1 次 获取到号码【1949694】GSD
2023-11-20 00:45:20 未获取到号码【1949694】GSD，可能号码格式错误
2023-11-20 00:45:20 获取到号码【1949694】的GSD为【-】
2023-11-20 00:45:23 GSD insert 第 1 次 等待 3 秒
2023-11-20 00:45:26 {"status":"bad","gid":"598035","msg":"添加失败！号码【1949694(-|-)】已存在！"}

