2023-09-26 09:24:26 开始第 1 次操作

2023-09-26 09:24:26 开始操作号码 【1940000】
2023-09-26 09:24:27 GSD getOne 第 1 次 等待 3 秒
2023-09-26 09:24:30 查询号码 【1940000】，返回信息 {"status":"ok","msg":"-","gid":"530882","time_insert":"2023-02-14 16:56"}
2023-09-26 09:24:30 查询号码 【1940000】，GSD为【"-"】
2023-09-26 09:24:30 ok && -
2023-09-26 09:24:32 CHB 1940000?1695691470 第 1 次 等待 3 秒
2023-09-26 09:24:35 CHB 1940000?1695691470 第 1 次 获取到号码【1940000】GSD
2023-09-26 09:24:35 未获取到号码【1940000】GSD，可能号码格式错误
2023-09-26 09:24:35 获取到号码【1940000】的GSD为【-】
2023-09-26 09:24:37 GSD insert 第 1 次 等待 3 秒
2023-09-26 09:24:40 {"status":"bad","gid":"530882","msg":"添加失败！号码【1940000(-|-)】已存在！"}
2023-09-26 09:24:40 随机等待 216 秒，约 3 分钟
2023-09-26 09:24:40 下次操作: 2023-09-26 09:28:16

2023-09-26 09:28:16 开始第 2 次操作

2023-09-26 09:28:16 开始操作号码 【1940001】
2023-09-26 09:28:17 GSD getOne 第 1 次 等待 3 秒
2023-09-26 09:28:20 查询号码 【1940001】，返回信息 {"status":"ok","msg":"-","gid":"530901","time_insert":"2023-02-14 17:14"}
2023-09-26 09:28:20 查询号码 【1940001】，GSD为【"-"】
2023-09-26 09:28:20 ok && -
2023-09-26 09:28:22 CHB 1940001?1695691700 第 1 次 等待 3 秒
2023-09-26 09:28:25 CHB 1940001?1695691700 第 1 次 获取到号码【1940001】GSD
2023-09-26 09:28:25 未获取到号码【1940001】GSD，可能号码格式错误
2023-09-26 09:28:25 获取到号码【1940001】的GSD为【-】
2023-09-26 09:28:26 GSD insert 第 1 次 等待 3 秒
2023-09-26 09:28:29 {"status":"bad","gid":"530901","msg":"添加失败！号码【1940001(-|-)】已存在！"}
2023-09-26 09:28:29 随机等待 107 秒，约 1 分钟
2023-09-26 09:28:29 下次操作: 2023-09-26 09:30:16

2023-09-26 09:30:16 开始第 3 次操作

2023-09-26 09:30:16 开始操作号码 【1940002】
2023-09-26 09:30:18 GSD getOne 第 1 次 等待 3 秒
2023-09-26 09:30:21 查询号码 【1940002】，返回信息 {"status":"ok","msg":"-","gid":"530925","time_insert":"2023-02-14 17:31"}
2023-09-26 09:30:21 查询号码 【1940002】，GSD为【"-"】
2023-09-26 09:30:21 ok && -
2023-09-26 09:30:23 CHB 1940002?1695691821 第 1 次 等待 3 秒
2023-09-26 09:30:26 CHB 1940002?1695691821 第 1 次 获取到号码【1940002】GSD
2023-09-26 09:30:26 未获取到号码【1940002】GSD，可能号码格式错误
2023-09-26 09:30:26 获取到号码【1940002】的GSD为【-】
2023-09-26 09:30:27 GSD insert 第 1 次 等待 3 秒
2023-09-26 09:30:30 {"status":"bad","gid":"530925","msg":"添加失败！号码【1940002(-|-)】已存在！"}
2023-09-26 09:30:30 随机等待 95 秒，约 1 分钟
2023-09-26 09:30:30 下次操作: 2023-09-26 09:32:05

2023-09-26 09:32:05 开始第 4 次操作

2023-09-26 09:32:05 开始操作号码 【1940003】
2023-09-26 09:32:07 GSD getOne 第 1 次 等待 3 秒
2023-09-26 09:32:10 查询号码 【1940003】，返回信息 {"status":"ok","msg":"-","gid":"530948","time_insert":"2023-02-14 17:48"}
2023-09-26 09:32:10 查询号码 【1940003】，GSD为【"-"】
2023-09-26 09:32:10 ok && -
2023-09-26 09:32:11 CHB 1940003?1695691930 第 1 次 等待 3 秒
2023-09-26 09:32:14 CHB 1940003?1695691930 第 1 次 获取到号码【1940003】GSD
2023-09-26 09:32:14 未获取到号码【1940003】GSD，可能号码格式错误
2023-09-26 09:32:14 获取到号码【1940003】的GSD为【-】
2023-09-26 09:32:16 GSD insert 第 1 次 等待 3 秒
2023-09-26 09:32:19 {"status":"bad","gid":"530948","msg":"添加失败！号码【1940003(-|-)】已存在！"}

2023-09-26 10:01:41 开始第 5 次操作

2023-09-26 10:01:41 开始操作号码 【1940004】
2023-09-26 10:01:43 GSD getOne 第 1 次 等待 3 秒
2023-09-26 10:01:46 查询号码 【1940004】，返回信息 {"status":"ok","msg":"-","gid":"530971","time_insert":"2023-02-14 18:07"}
2023-09-26 10:01:46 查询号码 【1940004】，GSD为【"-"】
2023-09-26 10:01:46 ok && -
2023-09-26 10:01:48 CHB 1940004?1695693706 第 1 次 等待 3 秒
2023-09-26 10:01:51 CHB 1940004?1695693706 第 1 次 获取到号码【1940004】GSD
2023-09-26 10:01:51 未获取到号码【1940004】GSD，可能号码格式错误
2023-09-26 10:01:51 获取到号码【1940004】的GSD为【-】
2023-09-26 10:01:53 GSD insert 第 1 次 等待 3 秒
2023-09-26 10:01:56 {"status":"bad","gid":"530971","msg":"添加失败！号码【1940004(-|-)】已存在！"}
2023-09-26 10:01:56 随机等待 83 秒，约 1 分钟
2023-09-26 10:01:56 下次操作: 2023-09-26 10:03:19

2023-09-26 10:03:19 开始第 6 次操作

2023-09-26 10:03:19 开始操作号码 【1940005】
2023-09-26 10:03:20 GSD getOne 第 1 次 等待 3 秒
2023-09-26 10:03:23 查询号码 【1940005】，返回信息 {"status":"ok","msg":"-","gid":"530997","time_insert":"2023-02-14 18:27"}
2023-09-26 10:03:24 查询号码 【1940005】，GSD为【"-"】
2023-09-26 10:03:24 ok && -
2023-09-26 10:03:25 CHB 1940005?1695693804 第 1 次 等待 3 秒
2023-09-26 10:03:28 CHB 1940005?1695693804 第 1 次 获取到号码【1940005】GSD
2023-09-26 10:03:29 未获取到号码【1940005】GSD，可能号码格式错误
2023-09-26 10:03:29 获取到号码【1940005】的GSD为【-】
2023-09-26 10:03:30 GSD insert 第 1 次 等待 3 秒
2023-09-26 10:03:33 {"status":"bad","gid":"530997","msg":"添加失败！号码【1940005(-|-)】已存在！"}
2023-09-26 10:03:33 随机等待 227 秒，约 3 分钟
2023-09-26 10:03:33 下次操作: 2023-09-26 10:07:20

2023-09-26 10:07:20 开始第 7 次操作

2023-09-26 10:07:20 开始操作号码 【1940006】
2023-09-26 10:07:22 GSD getOne 第 1 次 等待 3 秒
2023-09-26 10:07:25 查询号码 【1940006】，返回信息 {"status":"ok","msg":"-","gid":"531020","time_insert":"2023-02-14 18:47"}
2023-09-26 10:07:25 查询号码 【1940006】，GSD为【"-"】
2023-09-26 10:07:25 ok && -
2023-09-26 10:07:27 CHB 1940006?1695694045 第 1 次 等待 3 秒
2023-09-26 10:07:30 CHB 1940006?1695694045 第 1 次 获取到号码【1940006】GSD
2023-09-26 10:07:30 未获取到号码【1940006】GSD，可能号码格式错误
2023-09-26 10:07:30 获取到号码【1940006】的GSD为【-】
2023-09-26 10:07:32 GSD insert 第 1 次 等待 3 秒
2023-09-26 10:07:35 {"status":"bad","gid":"531020","msg":"添加失败！号码【1940006(-|-)】已存在！"}
2023-09-26 10:07:35 随机等待 204 秒，约 3 分钟
2023-09-26 10:07:35 下次操作: 2023-09-26 10:10:59

2023-09-26 10:10:59 开始第 8 次操作

2023-09-26 10:10:59 开始操作号码 【1940007】
2023-09-26 10:11:03 GSD getOne 第 1 次 等待 3 秒
2023-09-26 10:11:06 查询号码 【1940007】，返回信息 {"status":"ok","msg":"-","gid":"531046","time_insert":"2023-02-14 19:04"}
2023-09-26 10:11:06 查询号码 【1940007】，GSD为【"-"】
2023-09-26 10:11:06 ok && -
2023-09-26 10:11:08 CHB 1940007?1695694266 第 1 次 等待 3 秒
2023-09-26 10:11:11 CHB 1940007?1695694266 第 1 次 获取到号码【1940007】GSD
2023-09-26 10:11:11 未获取到号码【1940007】GSD，可能号码格式错误
2023-09-26 10:11:11 获取到号码【1940007】的GSD为【-】
2023-09-26 10:11:13 GSD insert 第 1 次 等待 3 秒
2023-09-26 10:11:16 {"status":"bad","gid":"531046","msg":"添加失败！号码【1940007(-|-)】已存在！"}

