2024-06-11 00:12:24 开始第 109 次操作
2024-06-11 00:12:24 号码【162（0000 ---> 9999）】处理完毕
2024-06-11 00:38:33 开始第 109 次操作
2024-06-11 00:38:33 号码【162（0000 ---> 9999）】处理完毕
2024-06-11 01:08:12 开始第 109 次操作
2024-06-11 01:08:12 号码【162（0000 ---> 9999）】处理完毕
2024-06-11 01:32:44 开始第 109 次操作
2024-06-11 01:32:44 号码【162（0000 ---> 9999）】处理完毕
2024-06-11 02:12:33 开始第 109 次操作
2024-06-11 02:12:33 号码【162（0000 ---> 9999）】处理完毕
2024-06-11 02:36:39 开始第 109 次操作
2024-06-11 02:36:39 号码【162（0000 ---> 9999）】处理完毕
2024-06-11 03:08:15 开始第 109 次操作
2024-06-11 03:08:15 号码【162（0000 ---> 9999）】处理完毕
2024-06-11 03:32:59 开始第 109 次操作
2024-06-11 03:32:59 号码【162（0000 ---> 9999）】处理完毕
2024-06-11 04:09:59 开始第 109 次操作
2024-06-11 04:09:59 号码【162（0000 ---> 9999）】处理完毕
2024-06-11 04:33:10 开始第 109 次操作
2024-06-11 04:33:10 号码【162（0000 ---> 9999）】处理完毕
2024-06-11 05:10:01 开始第 109 次操作
2024-06-11 05:10:01 号码【162（0000 ---> 9999）】处理完毕
2024-06-11 05:34:29 开始第 109 次操作
2024-06-11 05:34:29 号码【162（0000 ---> 9999）】处理完毕
2024-06-11 06:10:18 开始第 109 次操作
2024-06-11 06:10:18 号码【162（0000 ---> 9999）】处理完毕
2024-06-11 06:34:56 开始第 109 次操作
2024-06-11 06:34:56 号码【162（0000 ---> 9999）】处理完毕
2024-06-11 07:09:25 开始第 109 次操作
2024-06-11 07:09:25 号码【162（0000 ---> 9999）】处理完毕
2024-06-11 07:33:21 开始第 109 次操作
2024-06-11 07:33:21 号码【162（0000 ---> 9999）】处理完毕
2024-06-11 08:43:24 开始第 109 次操作
2024-06-11 08:43:24 号码【162（0000 ---> 9999）】处理完毕
2024-06-11 09:56:15 开始第 109 次操作
2024-06-11 09:56:15 号码【162（0000 ---> 9999）】处理完毕
2024-06-11 10:26:16 开始第 109 次操作

2024-06-11 10:26:16 开始操作号码 【1510001】
2024-06-11 10:26:24 GSD getOne 第 1 次 等待 3 秒
2024-06-11 10:26:27 查询号码 【1510001】，返回信息 {"status":"ok","msg":"河北-邯郸","gid":"66576","time_insert":"2021-05-24 11:36"}
2024-06-11 10:26:27 查询号码 【1510001】，GSD为【"河北-邯郸"】

2024-06-11 10:26:28 开始第 110 次操作

2024-06-11 10:26:28 开始操作号码 【1510002】
2024-06-11 10:26:33 GSD getOne 第 1 次 等待 3 秒
2024-06-11 10:26:36 查询号码 【1510002】，返回信息 {"status":"ok","msg":"河北-邯郸","gid":"66591","time_insert":"2021-05-24 11:56"}
2024-06-11 10:26:36 查询号码 【1510002】，GSD为【"河北-邯郸"】

2024-06-11 10:26:37 开始第 111 次操作

2024-06-11 10:26:37 开始操作号码 【1510003】
2024-06-11 10:26:51 GSD getOne 第 1 次 等待 3 秒
2024-06-11 10:26:54 查询号码 【1510003】，返回信息 {"status":"ok","msg":"河北-邯郸","gid":"66612","time_insert":"2021-05-24 12:24"}
2024-06-11 10:26:54 查询号码 【1510003】，GSD为【"河北-邯郸"】

2024-06-11 10:26:55 开始第 112 次操作

2024-06-11 10:26:55 开始操作号码 【1510004】
2024-06-11 10:27:04 GSD getOne 第 1 次 等待 3 秒
2024-06-11 10:27:07 查询号码 【1510004】，返回信息 {"status":"ok","msg":"河北-邯郸","gid":"66631","time_insert":"2021-05-24 12:49"}
2024-06-11 10:27:07 查询号码 【1510004】，GSD为【"河北-邯郸"】

