2023-12-29 00:10:38 开始第 5905 次操作

2023-12-29 00:10:38 开始操作号码 【1845804】
2023-12-29 00:10:41 GSD getOne 第 1 次 等待 3 秒
2023-12-29 00:10:44 查询号码 【1845804】，返回信息 {"status":"ok","msg":"浙江-金华","gid":"444746","time_insert":"2021-07-30 13:45"}
2023-12-29 00:10:44 查询号码 【1845804】，GSD为【"浙江-金华"】

2023-12-29 00:10:45 开始第 5906 次操作

2023-12-29 00:10:45 开始操作号码 【1845805】
2023-12-29 00:10:49 GSD getOne 第 1 次 等待 3 秒
2023-12-29 00:10:52 查询号码 【1845805】，返回信息 {"status":"ok","msg":"浙江-金华","gid":"39337","time_insert":"2016-11-27 20:13","time_update":"2020-09-02 21:21"}
2023-12-29 00:10:52 查询号码 【1845805】，GSD为【"浙江-金华"】

2023-12-29 00:10:53 开始第 5907 次操作

2023-12-29 00:10:53 开始操作号码 【1845806】
2023-12-29 00:10:57 GSD getOne 第 1 次 等待 3 秒
2023-12-29 00:11:00 查询号码 【1845806】，返回信息 {"status":"ok","msg":"浙江-金华","gid":"444737","time_insert":"2021-07-30 13:44"}
2023-12-29 00:11:00 查询号码 【1845806】，GSD为【"浙江-金华"】

2023-12-29 00:11:01 开始第 5908 次操作

2023-12-29 00:11:01 开始操作号码 【1845807】
2023-12-29 00:11:07 GSD getOne 第 1 次 等待 3 秒
2023-12-29 00:11:10 查询号码 【1845807】，返回信息 {"status":"ok","msg":"浙江-金华","gid":"444728","time_insert":"2021-07-30 13:43"}
2023-12-29 00:11:10 查询号码 【1845807】，GSD为【"浙江-金华"】

