2024-07-25 00:12:19 开始第 8013 次操作

2024-07-25 00:12:19 开始操作号码 【1517903】
2024-07-25 00:12:33 GSD getOne 第 1 次 等待 3 秒
2024-07-25 00:12:36 查询号码 【1517903】，返回信息 {"status":"ok","msg":"江西-上饶","gid":"443427","time_insert":"2021-07-30 11:12"}
2024-07-25 00:12:36 查询号码 【1517903】，GSD为【"江西-上饶"】

2024-07-25 00:12:37 开始第 8014 次操作

2024-07-25 00:12:37 开始操作号码 【1517904】
2024-07-25 00:12:49 GSD getOne 第 1 次 等待 3 秒
2024-07-25 00:12:52 查询号码 【1517904】，返回信息 {"status":"ok","msg":"江西-上饶","gid":"443305","time_insert":"2021-07-30 11:04"}
2024-07-25 00:12:52 查询号码 【1517904】，GSD为【"江西-上饶"】

2024-07-25 00:12:53 开始第 8015 次操作

2024-07-25 00:12:53 开始操作号码 【1517905】
2024-07-25 00:13:01 GSD getOne 第 1 次 等待 3 秒
2024-07-25 00:13:04 查询号码 【1517905】，返回信息 {"status":"ok","msg":"江西-赣州","gid":"443159","time_insert":"2021-07-30 10:54"}
2024-07-25 00:13:04 查询号码 【1517905】，GSD为【"江西-赣州"】

2024-07-25 00:13:05 开始第 8016 次操作

2024-07-25 00:13:05 开始操作号码 【1517906】
2024-07-25 00:13:18 GSD getOne 第 1 次 等待 3 秒
2024-07-25 00:13:21 查询号码 【1517906】，返回信息 {"status":"ok","msg":"江西-赣州","gid":"443067","time_insert":"2021-07-30 10:45"}
2024-07-25 00:13:21 查询号码 【1517906】，GSD为【"江西-赣州"】

