2024-06-21 00:12:51 开始第 1869 次操作

2024-06-21 00:12:51 开始操作号码 【1511761】
2024-06-21 00:13:00 GSD getOne 第 1 次 等待 3 秒
2024-06-21 00:13:03 查询号码 【1511761】，返回信息 {"status":"ok","msg":"贵州-毕节","gid":"52013","time_insert":"2021-04-22 10:36"}
2024-06-21 00:13:03 查询号码 【1511761】，GSD为【"贵州-毕节"】

2024-06-21 00:13:04 开始第 1870 次操作

2024-06-21 00:13:04 开始操作号码 【1511762】
2024-06-21 00:13:15 GSD getOne 第 1 次 等待 3 秒
2024-06-21 00:13:18 查询号码 【1511762】，返回信息 {"status":"ok","msg":"贵州-毕节","gid":"16865","time_insert":"2014-09-28 15:22","time_update":"2021-05-28 12:52"}
2024-06-21 00:13:18 查询号码 【1511762】，GSD为【"贵州-毕节"】

2024-06-21 00:13:19 开始第 1871 次操作

2024-06-21 00:13:19 开始操作号码 【1511763】
2024-06-21 00:13:29 GSD getOne 第 1 次 等待 3 秒
2024-06-21 00:13:32 查询号码 【1511763】，返回信息 {"status":"ok","msg":"贵州-毕节","gid":"104880","time_insert":"2021-06-19 00:38"}
2024-06-21 00:13:32 查询号码 【1511763】，GSD为【"贵州-毕节"】

2024-06-21 00:13:33 开始第 1872 次操作

2024-06-21 00:13:33 开始操作号码 【1511764】
2024-06-21 00:13:44 GSD getOne 第 1 次 等待 3 秒
2024-06-21 00:13:47 查询号码 【1511764】，返回信息 {"status":"ok","msg":"贵州-毕节","gid":"16866","time_insert":"2019-08-19 08:35","time_update":"2020-11-19 11:44"}
2024-06-21 00:13:47 查询号码 【1511764】，GSD为【"贵州-毕节"】

2024-06-21 00:39:16 开始第 1873 次操作

2024-06-21 00:39:16 开始操作号码 【1511765】
2024-06-21 00:39:28 GSD getOne 第 1 次 等待 3 秒
2024-06-21 00:39:31 查询号码 【1511765】，返回信息 {"status":"ok","msg":"贵州-毕节","gid":"16867","time_insert":"2014-04-24 15:00","time_update":"2020-11-19 11:48"}
2024-06-21 00:39:31 查询号码 【1511765】，GSD为【"贵州-毕节"】

2024-06-21 00:39:32 开始第 1874 次操作

2024-06-21 00:39:32 开始操作号码 【1511766】
2024-06-21 00:39:51 GSD getOne 第 1 次 等待 3 秒
2024-06-21 00:39:54 查询号码 【1511766】，返回信息 {"status":"ok","msg":"贵州-毕节","gid":"16868","time_insert":"2020-03-03 22:34","time_update":"2021-05-28 13:07"}
2024-06-21 00:39:54 查询号码 【1511766】，GSD为【"贵州-毕节"】

2024-06-21 00:39:55 开始第 1875 次操作

2024-06-21 00:39:55 开始操作号码 【1511767】
2024-06-21 00:40:20 GSD getOne 第 1 次 等待 3 秒
2024-06-21 00:40:23 查询号码 【1511767】，返回信息 {"status":"ok","msg":"贵州-毕节","gid":"104956","time_insert":"2021-06-19 01:09"}
2024-06-21 00:40:23 查询号码 【1511767】，GSD为【"贵州-毕节"】

2024-06-21 00:40:24 开始第 1876 次操作

2024-06-21 00:40:24 开始操作号码 【1511768】
2024-06-21 00:40:34 GSD getOne 第 1 次 等待 3 秒
2024-06-21 00:40:37 查询号码 【1511768】，返回信息 {"status":"ok","msg":"贵州-毕节","gid":"16869","time_insert":"2017-08-14 23:54","time_update":"2020-11-19 11:56"}
2024-06-21 00:40:37 查询号码 【1511768】，GSD为【"贵州-毕节"】

