2024-02-20 00:12:04 开始第 4757 次操作

2024-02-20 00:12:04 开始操作号码 【1734656】
2024-02-20 00:12:09 GSD getOne 第 1 次 等待 3 秒
2024-02-20 00:12:12 查询号码 【1734656】，返回信息 {"status":"ok","msg":"北京-北京","gid":"178299","time_insert":"2021-07-03 03:03"}
2024-02-20 00:12:12 查询号码 【1734656】，GSD为【"北京-北京"】

2024-02-20 00:12:13 开始第 4758 次操作

2024-02-20 00:12:13 开始操作号码 【1734657】
2024-02-20 00:12:17 GSD getOne 第 1 次 等待 3 秒
2024-02-20 00:12:20 查询号码 【1734657】，返回信息 {"status":"ok","msg":"北京-北京","gid":"178301","time_insert":"2021-07-03 03:04"}
2024-02-20 00:12:20 查询号码 【1734657】，GSD为【"北京-北京"】

2024-02-20 00:12:21 开始第 4759 次操作

2024-02-20 00:12:21 开始操作号码 【1734658】
2024-02-20 00:12:27 GSD getOne 第 1 次 等待 3 秒
2024-02-20 00:12:30 查询号码 【1734658】，返回信息 {"status":"ok","msg":"北京-北京","gid":"178309","time_insert":"2021-07-03 03:04"}
2024-02-20 00:12:30 查询号码 【1734658】，GSD为【"北京-北京"】

2024-02-20 00:12:31 开始第 4760 次操作

2024-02-20 00:12:31 开始操作号码 【1734659】
2024-02-20 00:12:36 GSD getOne 第 1 次 等待 3 秒
2024-02-20 00:12:39 查询号码 【1734659】，返回信息 {"status":"ok","msg":"北京-北京","gid":"178316","time_insert":"2021-07-03 03:05"}
2024-02-20 00:12:39 查询号码 【1734659】，GSD为【"北京-北京"】

