2023-12-22 00:10:47 开始第 4617 次操作

2023-12-22 00:10:47 开始操作号码 【1844516】
2023-12-22 00:10:51 GSD getOne 第 1 次 等待 3 秒
2023-12-22 00:10:54 查询号码 【1844516】，返回信息 {"status":"ok","msg":"黑龙江-哈尔滨","gid":"460871","time_insert":"2021-07-31 22:13"}
2023-12-22 00:10:54 查询号码 【1844516】，GSD为【"黑龙江-哈尔滨"】

2023-12-22 00:10:55 开始第 4618 次操作

2023-12-22 00:10:55 开始操作号码 【1844517】
2023-12-22 00:11:01 GSD getOne 第 1 次 等待 3 秒
2023-12-22 00:11:04 查询号码 【1844517】，返回信息 {"status":"ok","msg":"黑龙江-哈尔滨","gid":"460864","time_insert":"2021-07-31 22:12"}
2023-12-22 00:11:04 查询号码 【1844517】，GSD为【"黑龙江-哈尔滨"】

2023-12-22 00:11:05 开始第 4619 次操作

2023-12-22 00:11:05 开始操作号码 【1844518】
2023-12-22 00:11:09 GSD getOne 第 1 次 等待 3 秒
2023-12-22 00:11:12 查询号码 【1844518】，返回信息 {"status":"ok","msg":"黑龙江-哈尔滨","gid":"460858","time_insert":"2021-07-31 22:11"}
2023-12-22 00:11:12 查询号码 【1844518】，GSD为【"黑龙江-哈尔滨"】

2023-12-22 00:11:13 开始第 4620 次操作

2023-12-22 00:11:13 开始操作号码 【1844519】
2023-12-22 00:11:17 GSD getOne 第 1 次 等待 3 秒
2023-12-22 00:11:20 查询号码 【1844519】，返回信息 {"status":"ok","msg":"黑龙江-哈尔滨","gid":"460850","time_insert":"2021-07-31 22:10"}
2023-12-22 00:11:20 查询号码 【1844519】，GSD为【"黑龙江-哈尔滨"】

2023-12-22 00:37:44 开始第 4621 次操作

2023-12-22 00:37:44 开始操作号码 【1844520】
2023-12-22 00:37:47 GSD getOne 第 1 次 等待 3 秒
2023-12-22 00:37:50 查询号码 【1844520】，返回信息 {"status":"ok","msg":"黑龙江-齐齐哈尔","gid":"460843","time_insert":"2021-07-31 22:09"}
2023-12-22 00:37:50 查询号码 【1844520】，GSD为【"黑龙江-齐齐哈尔"】

2023-12-22 00:37:51 开始第 4622 次操作

2023-12-22 00:37:51 开始操作号码 【1844521】
2023-12-22 00:37:55 GSD getOne 第 1 次 等待 3 秒
2023-12-22 00:37:58 查询号码 【1844521】，返回信息 {"status":"ok","msg":"黑龙江-齐齐哈尔","gid":"460838","time_insert":"2021-07-31 22:09"}
2023-12-22 00:37:58 查询号码 【1844521】，GSD为【"黑龙江-齐齐哈尔"】

2023-12-22 00:37:59 开始第 4623 次操作

2023-12-22 00:37:59 开始操作号码 【1844522】
2023-12-22 00:38:03 GSD getOne 第 1 次 等待 3 秒
2023-12-22 00:38:06 查询号码 【1844522】，返回信息 {"status":"ok","msg":"黑龙江-齐齐哈尔","gid":"460830","time_insert":"2021-07-31 22:08"}
2023-12-22 00:38:06 查询号码 【1844522】，GSD为【"黑龙江-齐齐哈尔"】

2023-12-22 00:38:07 开始第 4624 次操作

2023-12-22 00:38:07 开始操作号码 【1844523】
2023-12-22 00:38:10 GSD getOne 第 1 次 等待 3 秒
2023-12-22 00:38:13 查询号码 【1844523】，返回信息 {"status":"ok","msg":"黑龙江-哈尔滨","gid":"460824","time_insert":"2021-07-31 22:07","time_update":"2023-05-29 14:24"}
2023-12-22 00:38:13 查询号码 【1844523】，GSD为【"黑龙江-哈尔滨"】

2023-12-22 01:08:07 开始第 4625 次操作

2023-12-22 01:08:07 开始操作号码 【1844524】
2023-12-22 01:08:12 GSD getOne 第 1 次 等待 3 秒
2023-12-22 01:08:15 查询号码 【1844524】，返回信息 {"status":"ok","msg":"黑龙江-齐齐哈尔","gid":"460818","time_insert":"2021-07-31 22:06","time_update":"2023-05-29 14:24"}
2023-12-22 01:08:15 查询号码 【1844524】，GSD为【"黑龙江-齐齐哈尔"】

2023-12-22 01:08:16 开始第 4626 次操作

2023-12-22 01:08:16 开始操作号码 【1844525】
2023-12-22 01:08:22 GSD getOne 第 1 次 等待 3 秒
2023-12-22 01:08:25 查询号码 【1844525】，返回信息 {"status":"ok","msg":"黑龙江-伊春","gid":"460809","time_insert":"2021-07-31 22:05","time_update":"2023-05-29 14:24"}
2023-12-22 01:08:25 查询号码 【1844525】，GSD为【"黑龙江-伊春"】

2023-12-22 01:08:26 开始第 4627 次操作

2023-12-22 01:08:26 开始操作号码 【1844526】
2023-12-22 01:08:30 GSD getOne 第 1 次 等待 3 秒
2023-12-22 01:08:33 查询号码 【1844526】，返回信息 {"status":"ok","msg":"黑龙江-七台河","gid":"460802","time_insert":"2021-07-31 22:04","time_update":"2023-05-29 14:24"}
2023-12-22 01:08:33 查询号码 【1844526】，GSD为【"黑龙江-七台河"】

2023-12-22 01:08:34 开始第 4628 次操作

2023-12-22 01:08:34 开始操作号码 【1844527】
2023-12-22 01:08:41 GSD getOne 第 1 次 等待 3 秒
2023-12-22 01:08:44 查询号码 【1844527】，返回信息 {"status":"ok","msg":"黑龙江-大兴安岭","gid":"460787","time_insert":"2021-07-31 22:03","time_update":"2023-05-29 14:24"}
2023-12-22 01:08:45 查询号码 【1844527】，GSD为【"黑龙江-大兴安岭"】

2023-12-22 01:32:58 开始第 4629 次操作

2023-12-22 01:32:58 开始操作号码 【1844528】
2023-12-22 01:33:02 GSD getOne 第 1 次 等待 3 秒
2023-12-22 01:33:05 查询号码 【1844528】，返回信息 {"status":"ok","msg":"黑龙江-齐齐哈尔","gid":"460775","time_insert":"2021-07-31 22:02"}
2023-12-22 01:33:05 查询号码 【1844528】，GSD为【"黑龙江-齐齐哈尔"】

2023-12-22 01:33:06 开始第 4630 次操作

2023-12-22 01:33:06 开始操作号码 【1844529】
2023-12-22 01:33:10 GSD getOne 第 1 次 等待 3 秒
2023-12-22 01:33:13 查询号码 【1844529】，返回信息 {"status":"ok","msg":"黑龙江-鸡西","gid":"460758","time_insert":"2021-07-31 22:01"}
2023-12-22 01:33:13 查询号码 【1844529】，GSD为【"黑龙江-鸡西"】

2023-12-22 01:33:14 开始第 4631 次操作

2023-12-22 01:33:14 开始操作号码 【1844530】
2023-12-22 01:33:18 GSD getOne 第 1 次 等待 3 秒
2023-12-22 01:33:21 查询号码 【1844530】，返回信息 {"status":"ok","msg":"黑龙江-牡丹江","gid":"460746","time_insert":"2021-07-31 22:00"}
2023-12-22 01:33:21 查询号码 【1844530】，GSD为【"黑龙江-牡丹江"】

2023-12-22 01:33:22 开始第 4632 次操作

2023-12-22 01:33:22 开始操作号码 【1844531】
2023-12-22 01:33:25 GSD getOne 第 1 次 等待 3 秒
2023-12-22 01:33:28 查询号码 【1844531】，返回信息 {"status":"ok","msg":"黑龙江-牡丹江","gid":"460731","time_insert":"2021-07-31 21:59"}
2023-12-22 01:33:28 查询号码 【1844531】，GSD为【"黑龙江-牡丹江"】

2023-12-22 02:09:23 开始第 4633 次操作

2023-12-22 02:09:23 开始操作号码 【1844532】
2023-12-22 02:09:27 GSD getOne 第 1 次 等待 3 秒
2023-12-22 02:09:30 查询号码 【1844532】，返回信息 {"status":"ok","msg":"黑龙江-牡丹江","gid":"460715","time_insert":"2021-07-31 21:58"}
2023-12-22 02:09:30 查询号码 【1844532】，GSD为【"黑龙江-牡丹江"】

2023-12-22 02:09:31 开始第 4634 次操作

2023-12-22 02:09:31 开始操作号码 【1844533】
2023-12-22 02:09:35 GSD getOne 第 1 次 等待 3 秒
2023-12-22 02:09:38 查询号码 【1844533】，返回信息 {"status":"ok","msg":"黑龙江-牡丹江","gid":"460701","time_insert":"2021-07-31 21:57"}
2023-12-22 02:09:38 查询号码 【1844533】，GSD为【"黑龙江-牡丹江"】

2023-12-22 02:09:39 开始第 4635 次操作

2023-12-22 02:09:39 开始操作号码 【1844534】
2023-12-22 02:09:43 GSD getOne 第 1 次 等待 3 秒
2023-12-22 02:09:46 查询号码 【1844534】，返回信息 {"status":"ok","msg":"黑龙江-牡丹江","gid":"460691","time_insert":"2021-07-31 21:56"}
2023-12-22 02:09:46 查询号码 【1844534】，GSD为【"黑龙江-牡丹江"】

2023-12-22 02:09:47 开始第 4636 次操作

2023-12-22 02:09:47 开始操作号码 【1844535】
2023-12-22 02:09:51 GSD getOne 第 1 次 等待 3 秒
2023-12-22 02:09:54 查询号码 【1844535】，返回信息 {"status":"ok","msg":"黑龙江-牡丹江","gid":"460674","time_insert":"2021-07-31 21:55"}
2023-12-22 02:09:54 查询号码 【1844535】，GSD为【"黑龙江-牡丹江"】

2023-12-22 02:33:00 开始第 4637 次操作

2023-12-22 02:33:00 开始操作号码 【1844536】
2023-12-22 02:33:04 GSD getOne 第 1 次 等待 3 秒
2023-12-22 02:33:07 查询号码 【1844536】，返回信息 {"status":"ok","msg":"黑龙江-牡丹江","gid":"460662","time_insert":"2021-07-31 21:54"}
2023-12-22 02:33:07 查询号码 【1844536】，GSD为【"黑龙江-牡丹江"】

2023-12-22 02:33:08 开始第 4638 次操作

2023-12-22 02:33:08 开始操作号码 【1844537】
2023-12-22 02:33:12 GSD getOne 第 1 次 等待 3 秒
2023-12-22 02:33:15 查询号码 【1844537】，返回信息 {"status":"ok","msg":"黑龙江-黑河","gid":"460643","time_insert":"2021-07-31 21:53"}
2023-12-22 02:33:15 查询号码 【1844537】，GSD为【"黑龙江-黑河"】

2023-12-22 02:33:16 开始第 4639 次操作

2023-12-22 02:33:16 开始操作号码 【1844538】
2023-12-22 02:33:21 GSD getOne 第 1 次 等待 3 秒
2023-12-22 02:33:24 查询号码 【1844538】，返回信息 {"status":"ok","msg":"黑龙江-黑河","gid":"460630","time_insert":"2021-07-31 21:52"}
2023-12-22 02:33:24 查询号码 【1844538】，GSD为【"黑龙江-黑河"】

2023-12-22 02:33:25 开始第 4640 次操作

2023-12-22 02:33:25 开始操作号码 【1844539】
2023-12-22 02:33:30 GSD getOne 第 1 次 等待 3 秒
2023-12-22 02:33:33 查询号码 【1844539】，返回信息 {"status":"ok","msg":"黑龙江-佳木斯","gid":"460613","time_insert":"2021-07-31 21:51"}
2023-12-22 02:33:33 查询号码 【1844539】，GSD为【"黑龙江-佳木斯"】

2023-12-22 03:05:53 开始第 4641 次操作

2023-12-22 03:05:53 开始操作号码 【1844540】
2023-12-22 03:05:58 GSD getOne 第 1 次 等待 3 秒
2023-12-22 03:06:01 查询号码 【1844540】，返回信息 {"status":"ok","msg":"黑龙江-佳木斯","gid":"460597","time_insert":"2021-07-31 21:51"}
2023-12-22 03:06:01 查询号码 【1844540】，GSD为【"黑龙江-佳木斯"】

2023-12-22 03:06:02 开始第 4642 次操作

2023-12-22 03:06:02 开始操作号码 【1844541】
2023-12-22 03:06:07 GSD getOne 第 1 次 等待 3 秒
2023-12-22 03:06:10 查询号码 【1844541】，返回信息 {"status":"ok","msg":"黑龙江-佳木斯","gid":"460583","time_insert":"2021-07-31 21:50"}
2023-12-22 03:06:10 查询号码 【1844541】，GSD为【"黑龙江-佳木斯"】

2023-12-22 03:06:11 开始第 4643 次操作

2023-12-22 03:06:11 开始操作号码 【1844542】
2023-12-22 03:06:14 GSD getOne 第 1 次 等待 3 秒
2023-12-22 03:06:17 查询号码 【1844542】，返回信息 {"status":"ok","msg":"黑龙江-佳木斯","gid":"460563","time_insert":"2021-07-31 21:49"}
2023-12-22 03:06:17 查询号码 【1844542】，GSD为【"黑龙江-佳木斯"】

2023-12-22 03:06:18 开始第 4644 次操作

2023-12-22 03:06:18 开始操作号码 【1844543】
2023-12-22 03:06:22 GSD getOne 第 1 次 等待 3 秒
2023-12-22 03:06:25 查询号码 【1844543】，返回信息 {"status":"ok","msg":"黑龙江-佳木斯","gid":"460547","time_insert":"2021-07-31 21:48"}
2023-12-22 03:06:25 查询号码 【1844543】，GSD为【"黑龙江-佳木斯"】

