2024-01-29 00:08:44 开始第 713 次操作

2024-01-29 00:08:44 开始操作号码 【1730612】
2024-01-29 00:08:49 GSD getOne 第 1 次 等待 3 秒
2024-01-29 00:08:52 查询号码 【1730612】，返回信息 {"status":"ok","msg":"江苏-无锡","gid":"139372","time_insert":"2021-06-27 13:35"}
2024-01-29 00:08:52 查询号码 【1730612】，GSD为【"江苏-无锡"】

2024-01-29 00:08:53 开始第 714 次操作

2024-01-29 00:08:53 开始操作号码 【1730613】
2024-01-29 00:08:58 GSD getOne 第 1 次 等待 3 秒
2024-01-29 00:09:01 查询号码 【1730613】，返回信息 {"status":"ok","msg":"江苏-无锡","gid":"139376","time_insert":"2021-06-27 13:35"}
2024-01-29 00:09:01 查询号码 【1730613】，GSD为【"江苏-无锡"】

2024-01-29 00:09:02 开始第 715 次操作

2024-01-29 00:09:02 开始操作号码 【1730614】
2024-01-29 00:09:07 GSD getOne 第 1 次 等待 3 秒
2024-01-29 00:09:10 查询号码 【1730614】，返回信息 {"status":"ok","msg":"江苏-苏州","gid":"139379","time_insert":"2021-06-27 13:36"}
2024-01-29 00:09:10 查询号码 【1730614】，GSD为【"江苏-苏州"】

2024-01-29 00:09:11 开始第 716 次操作

2024-01-29 00:09:11 开始操作号码 【1730615】
2024-01-29 00:09:15 GSD getOne 第 1 次 等待 3 秒
2024-01-29 00:09:18 查询号码 【1730615】，返回信息 {"status":"ok","msg":"江苏-苏州","gid":"139384","time_insert":"2021-06-27 13:36"}
2024-01-29 00:09:18 查询号码 【1730615】，GSD为【"江苏-苏州"】

2024-01-29 00:32:56 开始第 717 次操作

2024-01-29 00:32:56 开始操作号码 【1730616】
2024-01-29 00:33:00 GSD getOne 第 1 次 等待 3 秒
2024-01-29 00:33:03 查询号码 【1730616】，返回信息 {"status":"ok","msg":"江苏-苏州","gid":"139389","time_insert":"2021-06-27 13:37"}
2024-01-29 00:33:03 查询号码 【1730616】，GSD为【"江苏-苏州"】

2024-01-29 00:33:04 开始第 718 次操作

2024-01-29 00:33:04 开始操作号码 【1730617】
2024-01-29 00:33:09 GSD getOne 第 1 次 等待 3 秒
2024-01-29 00:33:12 查询号码 【1730617】，返回信息 {"status":"ok","msg":"江苏-苏州","gid":"139395","time_insert":"2021-06-27 13:37"}
2024-01-29 00:33:12 查询号码 【1730617】，GSD为【"江苏-苏州"】

2024-01-29 00:33:13 开始第 719 次操作

2024-01-29 00:33:13 开始操作号码 【1730618】
2024-01-29 00:33:19 GSD getOne 第 1 次 等待 3 秒
2024-01-29 00:33:22 查询号码 【1730618】，返回信息 {"status":"ok","msg":"江苏-苏州","gid":"139399","time_insert":"2021-06-27 13:37"}
2024-01-29 00:33:22 查询号码 【1730618】，GSD为【"江苏-苏州"】

2024-01-29 00:33:23 开始第 720 次操作

2024-01-29 00:33:23 开始操作号码 【1730619】
2024-01-29 00:33:28 GSD getOne 第 1 次 等待 3 秒
2024-01-29 00:33:31 查询号码 【1730619】，返回信息 {"status":"ok","msg":"江苏-苏州","gid":"139406","time_insert":"2021-06-27 13:38"}
2024-01-29 00:33:31 查询号码 【1730619】，GSD为【"江苏-苏州"】

