2023-10-21 00:10:39 开始第 4305 次操作

2023-10-21 00:10:39 开始操作号码 【1944214】
2023-10-21 00:10:43 GSD getOne 第 1 次 等待 3 秒
2023-10-21 00:10:46 查询号码 【1944214】，返回信息 {"status":"ok","msg":"-","gid":"628301","time_insert":"2023-04-01 18:30"}
2023-10-21 00:10:46 查询号码 【1944214】，GSD为【"-"】
2023-10-21 00:10:46 ok && -
2023-10-21 00:10:50 CHB 1944214?1697818246 第 1 次 等待 3 秒
2023-10-21 00:10:53 CHB 1944214?1697818246 第 1 次 获取到号码【1944214】GSD
2023-10-21 00:10:53 未获取到号码【1944214】GSD，可能号码格式错误
2023-10-21 00:10:53 获取到号码【1944214】的GSD为【-】
2023-10-21 00:10:56 GSD insert 第 1 次 等待 3 秒
2023-10-21 00:10:59 {"status":"bad","gid":"628301","msg":"添加失败！号码【1944214(-|-)】已存在！"}
2023-10-21 00:10:59 随机等待 130 秒，约 2 分钟
2023-10-21 00:10:59 下次操作: 2023-10-21 00:13:09

2023-10-21 00:13:09 开始第 4306 次操作

2023-10-21 00:13:09 开始操作号码 【1944215】
2023-10-21 00:13:12 GSD getOne 第 1 次 等待 3 秒
2023-10-21 00:13:15 查询号码 【1944215】，返回信息 {"status":"ok","msg":"-","gid":"628298","time_insert":"2023-04-01 18:28"}
2023-10-21 00:13:15 查询号码 【1944215】，GSD为【"-"】
2023-10-21 00:13:15 ok && -
2023-10-21 00:13:22 CHB 1944215?1697818395 第 1 次 等待 3 秒
2023-10-21 00:13:25 CHB 1944215?1697818395 第 1 次 获取到号码【1944215】GSD
2023-10-21 00:13:25 未获取到号码【1944215】GSD，可能号码格式错误
2023-10-21 00:13:25 获取到号码【1944215】的GSD为【-】
2023-10-21 00:13:28 GSD insert 第 1 次 等待 3 秒
2023-10-21 00:13:31 {"status":"bad","gid":"628298","msg":"添加失败！号码【1944215(-|-)】已存在！"}
2023-10-21 00:13:31 随机等待 73 秒，约 1 分钟
2023-10-21 00:13:31 下次操作: 2023-10-21 00:14:44

2023-10-21 00:14:44 开始第 4307 次操作

2023-10-21 00:14:44 开始操作号码 【1944216】
2023-10-21 00:14:51 GSD getOne 第 1 次 等待 3 秒
2023-10-21 00:14:54 查询号码 【1944216】，返回信息 {"status":"ok","msg":"-","gid":"628293","time_insert":"2023-04-01 18:26"}
2023-10-21 00:14:54 查询号码 【1944216】，GSD为【"-"】
2023-10-21 00:14:54 ok && -
2023-10-21 00:14:56 CHB 1944216?1697818494 第 1 次 等待 3 秒
2023-10-21 00:14:59 CHB 1944216?1697818494 第 1 次 获取到号码【1944216】GSD
2023-10-21 00:14:59 未获取到号码【1944216】GSD，可能号码格式错误
2023-10-21 00:14:59 获取到号码【1944216】的GSD为【-】
2023-10-21 00:15:01 GSD insert 第 1 次 等待 3 秒
2023-10-21 00:15:04 {"status":"bad","gid":"628293","msg":"添加失败！号码【1944216(-|-)】已存在！"}
2023-10-21 00:15:04 随机等待 210 秒，约 3 分钟
2023-10-21 00:15:04 下次操作: 2023-10-21 00:18:34

2023-10-21 00:18:35 开始第 4308 次操作

2023-10-21 00:18:35 开始操作号码 【1944217】
2023-10-21 00:18:38 GSD getOne 第 1 次 等待 3 秒
2023-10-21 00:18:41 查询号码 【1944217】，返回信息 {"status":"ok","msg":"-","gid":"628289","time_insert":"2023-04-01 18:23"}
2023-10-21 00:18:41 查询号码 【1944217】，GSD为【"-"】
2023-10-21 00:18:41 ok && -
2023-10-21 00:18:43 CHB 1944217?1697818721 第 1 次 等待 3 秒
2023-10-21 00:18:46 CHB 1944217?1697818721 第 1 次 获取到号码【1944217】GSD
2023-10-21 00:18:46 未获取到号码【1944217】GSD，可能号码格式错误
2023-10-21 00:18:46 获取到号码【1944217】的GSD为【-】
2023-10-21 00:18:51 GSD insert 第 1 次 等待 3 秒
2023-10-21 00:18:54 {"status":"bad","gid":"628289","msg":"添加失败！号码【1944217(-|-)】已存在！"}

