2024-06-17 00:10:20 开始第 1141 次操作

2024-06-17 00:10:20 开始操作号码 【1511033】
2024-06-17 00:10:35 GSD getOne 第 1 次 等待 3 秒
2024-06-17 00:10:38 查询号码 【1511033】，返回信息 {"status":"ok","msg":"山西-太原","gid":"86191","time_insert":"2021-06-08 12:57"}
2024-06-17 00:10:38 查询号码 【1511033】，GSD为【"山西-太原"】

2024-06-17 00:10:39 开始第 1142 次操作

2024-06-17 00:10:39 开始操作号码 【1511034】
2024-06-17 00:10:45 GSD getOne 第 1 次 等待 3 秒
2024-06-17 00:10:48 查询号码 【1511034】，返回信息 {"status":"ok","msg":"山西-太原","gid":"86215","time_insert":"2021-06-08 13:18"}
2024-06-17 00:10:48 查询号码 【1511034】，GSD为【"山西-太原"】

2024-06-17 00:10:49 开始第 1143 次操作

2024-06-17 00:10:49 开始操作号码 【1511035】
2024-06-17 00:11:00 GSD getOne 第 1 次 等待 3 秒
2024-06-17 00:11:03 查询号码 【1511035】，返回信息 {"status":"ok","msg":"山西-太原","gid":"16743","time_insert":"2017-04-16 17:56","time_update":"2020-08-19 17:18"}
2024-06-17 00:11:03 查询号码 【1511035】，GSD为【"山西-太原"】

2024-06-17 00:11:04 开始第 1144 次操作

2024-06-17 00:11:04 开始操作号码 【1511036】
2024-06-17 00:11:10 GSD getOne 第 1 次 等待 3 秒
2024-06-17 00:11:13 查询号码 【1511036】，返回信息 {"status":"ok","msg":"山西-太原","gid":"86238","time_insert":"2021-06-08 13:34"}
2024-06-17 00:11:13 查询号码 【1511036】，GSD为【"山西-太原"】

2024-06-17 00:36:24 开始第 1145 次操作

2024-06-17 00:36:24 开始操作号码 【1511037】
2024-06-17 00:36:39 GSD getOne 第 1 次 等待 3 秒
2024-06-17 00:36:42 查询号码 【1511037】，返回信息 {"status":"ok","msg":"山西-太原","gid":"86280","time_insert":"2021-06-08 13:56"}
2024-06-17 00:36:42 查询号码 【1511037】，GSD为【"山西-太原"】

2024-06-17 00:36:43 开始第 1146 次操作

2024-06-17 00:36:43 开始操作号码 【1511038】
2024-06-17 00:36:57 GSD getOne 第 1 次 等待 3 秒
2024-06-17 00:37:00 查询号码 【1511038】，返回信息 {"status":"ok","msg":"山西-太原","gid":"86320","time_insert":"2021-06-08 14:25"}
2024-06-17 00:37:00 查询号码 【1511038】，GSD为【"山西-太原"】

2024-06-17 00:37:01 开始第 1147 次操作

2024-06-17 00:37:01 开始操作号码 【1511039】
2024-06-17 00:37:27 GSD getOne 第 1 次 等待 3 秒
2024-06-17 00:37:30 查询号码 【1511039】，返回信息 {"status":"ok","msg":"山西-太原","gid":"86349","time_insert":"2021-06-08 14:50"}
2024-06-17 00:37:30 查询号码 【1511039】，GSD为【"山西-太原"】

2024-06-17 00:37:31 开始第 1148 次操作

2024-06-17 00:37:31 开始操作号码 【1511040】
2024-06-17 00:37:54 GSD getOne 第 1 次 等待 3 秒
2024-06-17 00:37:57 查询号码 【1511040】，返回信息 {"status":"ok","msg":"山西-太原","gid":"86386","time_insert":"2021-06-08 15:17"}
2024-06-17 00:37:57 查询号码 【1511040】，GSD为【"山西-太原"】

