2023-12-21 00:08:52 开始第 4433 次操作

2023-12-21 00:08:52 开始操作号码 【1844332】
2023-12-21 00:08:58 GSD getOne 第 1 次 等待 3 秒
2023-12-21 00:09:01 查询号码 【1844332】，返回信息 {"status":"ok","msg":"吉林-延边","gid":"463029","time_insert":"2021-08-01 03:04"}
2023-12-21 00:09:01 查询号码 【1844332】，GSD为【"吉林-延边"】

2023-12-21 00:09:02 开始第 4434 次操作

2023-12-21 00:09:02 开始操作号码 【1844333】
2023-12-21 00:09:06 GSD getOne 第 1 次 等待 3 秒
2023-12-21 00:09:09 查询号码 【1844333】，返回信息 {"status":"ok","msg":"吉林-延边","gid":"463017","time_insert":"2021-08-01 03:03"}
2023-12-21 00:09:09 查询号码 【1844333】，GSD为【"吉林-延边"】

2023-12-21 00:09:10 开始第 4435 次操作

2023-12-21 00:09:10 开始操作号码 【1844334】
2023-12-21 00:09:13 GSD getOne 第 1 次 等待 3 秒
2023-12-21 00:09:16 查询号码 【1844334】，返回信息 {"status":"ok","msg":"吉林-延边","gid":"463003","time_insert":"2021-08-01 03:02"}
2023-12-21 00:09:16 查询号码 【1844334】，GSD为【"吉林-延边"】

2023-12-21 00:09:17 开始第 4436 次操作

2023-12-21 00:09:17 开始操作号码 【1844335】
2023-12-21 00:09:21 GSD getOne 第 1 次 等待 3 秒
2023-12-21 00:09:24 查询号码 【1844335】，返回信息 {"status":"ok","msg":"吉林-松原","gid":"462989","time_insert":"2021-08-01 03:01"}
2023-12-21 00:09:24 查询号码 【1844335】，GSD为【"吉林-松原"】

2023-12-21 00:37:05 开始第 4437 次操作

2023-12-21 00:37:05 开始操作号码 【1844336】
2023-12-21 00:37:09 GSD getOne 第 1 次 等待 3 秒
2023-12-21 00:37:12 查询号码 【1844336】，返回信息 {"status":"ok","msg":"吉林-松原","gid":"462977","time_insert":"2021-08-01 03:00"}
2023-12-21 00:37:12 查询号码 【1844336】，GSD为【"吉林-松原"】

2023-12-21 00:37:13 开始第 4438 次操作

2023-12-21 00:37:13 开始操作号码 【1844337】
2023-12-21 00:37:17 GSD getOne 第 1 次 等待 3 秒
2023-12-21 00:37:20 查询号码 【1844337】，返回信息 {"status":"ok","msg":"吉林-延边","gid":"462962","time_insert":"2021-08-01 02:59"}
2023-12-21 00:37:20 查询号码 【1844337】，GSD为【"吉林-延边"】

2023-12-21 00:37:21 开始第 4439 次操作

2023-12-21 00:37:21 开始操作号码 【1844338】
2023-12-21 00:37:24 GSD getOne 第 1 次 等待 3 秒
2023-12-21 00:37:27 查询号码 【1844338】，返回信息 {"status":"ok","msg":"吉林-延边","gid":"462949","time_insert":"2021-08-01 02:58"}
2023-12-21 00:37:27 查询号码 【1844338】，GSD为【"吉林-延边"】

2023-12-21 00:37:29 开始第 4440 次操作

2023-12-21 00:37:29 开始操作号码 【1844339】
2023-12-21 00:37:38 GSD getOne 第 1 次 等待 3 秒
2023-12-21 00:37:41 查询号码 【1844339】，返回信息 {"status":"ok","msg":"吉林-延边","gid":"462936","time_insert":"2021-08-01 02:57","time_update":"2021-08-09 15:16"}
2023-12-21 00:37:41 查询号码 【1844339】，GSD为【"吉林-延边"】

2023-12-21 01:07:25 开始第 4441 次操作

2023-12-21 01:07:25 开始操作号码 【1844340】
2023-12-21 01:07:30 GSD getOne 第 1 次 等待 3 秒
2023-12-21 01:07:33 查询号码 【1844340】，返回信息 {"status":"ok","msg":"吉林-四平","gid":"462923","time_insert":"2021-08-01 02:57"}
2023-12-21 01:07:33 查询号码 【1844340】，GSD为【"吉林-四平"】

2023-12-21 01:07:34 开始第 4442 次操作

2023-12-21 01:07:34 开始操作号码 【1844341】
2023-12-21 01:07:37 GSD getOne 第 1 次 等待 3 秒
2023-12-21 01:07:40 查询号码 【1844341】，返回信息 {"status":"ok","msg":"吉林-四平","gid":"462914","time_insert":"2021-08-01 02:56"}
2023-12-21 01:07:40 查询号码 【1844341】，GSD为【"吉林-四平"】

2023-12-21 01:07:41 开始第 4443 次操作

2023-12-21 01:07:41 开始操作号码 【1844342】
2023-12-21 01:07:45 GSD getOne 第 1 次 等待 3 秒
2023-12-21 01:07:48 查询号码 【1844342】，返回信息 {"status":"ok","msg":"吉林-四平","gid":"462897","time_insert":"2021-08-01 02:55"}
2023-12-21 01:07:48 查询号码 【1844342】，GSD为【"吉林-四平"】

2023-12-21 01:07:49 开始第 4444 次操作

2023-12-21 01:07:49 开始操作号码 【1844343】
2023-12-21 01:07:53 GSD getOne 第 1 次 等待 3 秒
2023-12-21 01:07:56 查询号码 【1844343】，返回信息 {"status":"ok","msg":"吉林-四平","gid":"462886","time_insert":"2021-08-01 02:54"}
2023-12-21 01:07:56 查询号码 【1844343】，GSD为【"吉林-四平"】

