2024-05-17 00:10:56 开始第 9573 次操作

2024-05-17 00:10:56 开始操作号码 【1629464】
2024-05-17 00:11:01 GSD getOne 第 1 次 等待 3 秒
2024-05-17 00:11:04 查询号码 【1629464】，返回信息 {"status":"ok","msg":"-","gid":"295750","time_insert":"2021-07-16 18:50"}
2024-05-17 00:11:04 查询号码 【1629464】，GSD为【"-"】
2024-05-17 00:11:04 ok && -
2024-05-17 00:11:05 CHB 1629464?1715875864 第 1 次 等待 3 秒
2024-05-17 00:11:08 CHB 1629464?1715875864 第 1 次 获取到号码【1629464】GSD
2024-05-17 00:11:08 未获取到号码【1629464】GSD，可能号码格式错误
2024-05-17 00:11:08 获取到号码【1629464】的GSD为【-】
2024-05-17 00:11:17 GSD insert 第 1 次 等待 3 秒
2024-05-17 00:11:20 {"status":"bad","gid":"295750","msg":"添加失败！号码【1629464(-|-)】已存在！"}
2024-05-17 00:11:20 随机等待 104 秒，约 1 分钟
2024-05-17 00:11:20 下次操作: 2024-05-17 00:13:04

2024-05-17 00:13:04 开始第 9574 次操作

2024-05-17 00:13:04 开始操作号码 【1629465】
2024-05-17 00:13:12 GSD getOne 第 1 次 等待 3 秒
2024-05-17 00:13:15 查询号码 【1629465】，返回信息 {"status":"ok","msg":"-","gid":"295799","time_insert":"2021-07-16 18:55"}
2024-05-17 00:13:15 查询号码 【1629465】，GSD为【"-"】
2024-05-17 00:13:15 ok && -
2024-05-17 00:13:17 CHB 1629465?1715875995 第 1 次 等待 3 秒
2024-05-17 00:13:20 CHB 1629465?1715875995 第 1 次 获取到号码【1629465】GSD
2024-05-17 00:13:20 未获取到号码【1629465】GSD，可能号码格式错误
2024-05-17 00:13:20 获取到号码【1629465】的GSD为【-】
2024-05-17 00:13:27 GSD insert 第 1 次 等待 3 秒
2024-05-17 00:13:30 {"status":"bad","gid":"295799","msg":"添加失败！号码【1629465(-|-)】已存在！"}
2024-05-17 00:13:30 随机等待 71 秒，约 1 分钟
2024-05-17 00:13:30 下次操作: 2024-05-17 00:14:41

2024-05-17 00:14:41 开始第 9575 次操作

2024-05-17 00:14:41 开始操作号码 【1629466】
2024-05-17 00:14:47 GSD getOne 第 1 次 等待 3 秒
2024-05-17 00:14:50 查询号码 【1629466】，返回信息 {"status":"ok","msg":"-","gid":"295851","time_insert":"2021-07-16 19:00"}
2024-05-17 00:14:50 查询号码 【1629466】，GSD为【"-"】
2024-05-17 00:14:50 ok && -
2024-05-17 00:14:52 CHB 1629466?1715876090 第 1 次 等待 3 秒
2024-05-17 00:14:55 CHB 1629466?1715876090 第 1 次 获取到号码【1629466】GSD
2024-05-17 00:14:55 未获取到号码【1629466】GSD，可能号码格式错误
2024-05-17 00:14:55 获取到号码【1629466】的GSD为【-】
2024-05-17 00:15:00 GSD insert 第 1 次 等待 3 秒
2024-05-17 00:15:03 {"status":"bad","gid":"295851","msg":"添加失败！号码【1629466(-|-)】已存在！"}
2024-05-17 00:15:03 随机等待 155 秒，约 2 分钟
2024-05-17 00:15:03 下次操作: 2024-05-17 00:17:38

2024-05-17 00:17:38 开始第 9576 次操作

2024-05-17 00:17:38 开始操作号码 【1629467】
2024-05-17 00:17:47 GSD getOne 第 1 次 等待 3 秒
2024-05-17 00:17:50 查询号码 【1629467】，返回信息 {"status":"ok","msg":"-","gid":"295892","time_insert":"2021-07-16 19:03"}
2024-05-17 00:17:50 查询号码 【1629467】，GSD为【"-"】
2024-05-17 00:17:50 ok && -
2024-05-17 00:17:52 CHB 1629467?1715876270 第 1 次 等待 3 秒
2024-05-17 00:17:55 CHB 1629467?1715876270 第 1 次 获取到号码【1629467】GSD
2024-05-17 00:17:55 未获取到号码【1629467】GSD，可能号码格式错误
2024-05-17 00:17:55 获取到号码【1629467】的GSD为【-】
2024-05-17 00:18:01 GSD insert 第 1 次 等待 3 秒
2024-05-17 00:18:04 {"status":"bad","gid":"295892","msg":"添加失败！号码【1629467(-|-)】已存在！"}

2024-05-17 00:36:14 开始第 9577 次操作

2024-05-17 00:36:14 开始操作号码 【1629468】
2024-05-17 00:36:31 GSD getOne 第 1 次 等待 3 秒
2024-05-17 00:36:34 查询号码 【1629468】，返回信息 {"status":"ok","msg":"-","gid":"295922","time_insert":"2021-07-16 19:07"}
2024-05-17 00:36:34 查询号码 【1629468】，GSD为【"-"】
2024-05-17 00:36:34 ok && -
2024-05-17 00:36:37 CHB 1629468?1715877394 第 1 次 等待 3 秒
2024-05-17 00:36:40 CHB 1629468?1715877394 第 1 次 获取到号码【1629468】GSD
2024-05-17 00:36:40 未获取到号码【1629468】GSD，可能号码格式错误
2024-05-17 00:36:40 获取到号码【1629468】的GSD为【-】
2024-05-17 00:36:48 GSD insert 第 1 次 等待 3 秒
2024-05-17 00:36:51 {"status":"bad","gid":"295922","msg":"添加失败！号码【1629468(-|-)】已存在！"}
2024-05-17 00:36:51 随机等待 121 秒，约 2 分钟
2024-05-17 00:36:51 下次操作: 2024-05-17 00:38:52

2024-05-17 00:38:52 开始第 9578 次操作

2024-05-17 00:38:52 开始操作号码 【1629469】
2024-05-17 00:39:01 GSD getOne 第 1 次 等待 3 秒
2024-05-17 00:39:04 查询号码 【1629469】，返回信息 {"status":"ok","msg":"-","gid":"295947","time_insert":"2021-07-16 19:11"}
2024-05-17 00:39:04 查询号码 【1629469】，GSD为【"-"】
2024-05-17 00:39:04 ok && -
2024-05-17 00:39:07 CHB 1629469?1715877544 第 1 次 等待 3 秒
2024-05-17 00:39:10 CHB 1629469?1715877544 第 1 次 获取到号码【1629469】GSD
2024-05-17 00:39:10 未获取到号码【1629469】GSD，可能号码格式错误
2024-05-17 00:39:10 获取到号码【1629469】的GSD为【-】
2024-05-17 00:39:18 GSD insert 第 1 次 等待 3 秒
2024-05-17 00:39:21 {"status":"bad","gid":"295947","msg":"添加失败！号码【1629469(-|-)】已存在！"}
2024-05-17 00:39:21 随机等待 223 秒，约 3 分钟
2024-05-17 00:39:21 下次操作: 2024-05-17 00:43:04

2024-05-17 00:43:04 开始第 9579 次操作

2024-05-17 00:43:04 开始操作号码 【1629470】
2024-05-17 00:43:13 GSD getOne 第 1 次 等待 3 秒
2024-05-17 00:43:16 查询号码 【1629470】，返回信息 {"status":"ok","msg":"-","gid":"295984","time_insert":"2021-07-16 19:17"}
2024-05-17 00:43:17 查询号码 【1629470】，GSD为【"-"】
2024-05-17 00:43:17 ok && -
2024-05-17 00:43:19 CHB 1629470?1715877797 第 1 次 等待 3 秒
2024-05-17 00:43:22 CHB 1629470?1715877797 第 1 次 获取到号码【1629470】GSD
2024-05-17 00:43:22 未获取到号码【1629470】GSD，可能号码格式错误
2024-05-17 00:43:22 获取到号码【1629470】的GSD为【-】
2024-05-17 00:43:31 GSD insert 第 1 次 等待 3 秒
2024-05-17 00:43:34 {"status":"bad","gid":"295984","msg":"添加失败！号码【1629470(-|-)】已存在！"}
2024-05-17 00:43:34 随机等待 214 秒，约 3 分钟
2024-05-17 00:43:34 下次操作: 2024-05-17 00:47:08

2024-05-17 00:47:08 开始第 9580 次操作

2024-05-17 00:47:08 开始操作号码 【1629471】
2024-05-17 00:47:15 GSD getOne 第 1 次 等待 3 秒
2024-05-17 00:47:18 查询号码 【1629471】，返回信息 {"status":"ok","msg":"-","gid":"296005","time_insert":"2021-07-16 19:21"}
2024-05-17 00:47:18 查询号码 【1629471】，GSD为【"-"】
2024-05-17 00:47:18 ok && -
2024-05-17 00:47:21 CHB 1629471?1715878038 第 1 次 等待 3 秒
2024-05-17 00:47:24 CHB 1629471?1715878038 第 1 次 获取到号码【1629471】GSD
2024-05-17 00:47:24 未获取到号码【1629471】GSD，可能号码格式错误
2024-05-17 00:47:24 获取到号码【1629471】的GSD为【-】
2024-05-17 00:47:32 GSD insert 第 1 次 等待 3 秒
2024-05-17 00:47:35 {"status":"bad","gid":"296005","msg":"添加失败！号码【1629471(-|-)】已存在！"}

2024-05-17 01:08:29 开始第 9581 次操作

2024-05-17 01:08:29 开始操作号码 【1629472】
2024-05-17 01:08:37 GSD getOne 第 1 次 等待 3 秒
2024-05-17 01:08:40 查询号码 【1629472】，返回信息 {"status":"ok","msg":"-","gid":"296034","time_insert":"2021-07-16 19:27"}
2024-05-17 01:08:40 查询号码 【1629472】，GSD为【"-"】
2024-05-17 01:08:40 ok && -
2024-05-17 01:08:42 CHB 1629472?1715879320 第 1 次 等待 3 秒
2024-05-17 01:08:45 CHB 1629472?1715879320 第 1 次 获取到号码【1629472】GSD
2024-05-17 01:08:45 未获取到号码【1629472】GSD，可能号码格式错误
2024-05-17 01:08:45 获取到号码【1629472】的GSD为【-】
2024-05-17 01:08:53 GSD insert 第 1 次 等待 3 秒
2024-05-17 01:08:56 {"status":"bad","gid":"296034","msg":"添加失败！号码【1629472(-|-)】已存在！"}
2024-05-17 01:08:56 随机等待 218 秒，约 3 分钟
2024-05-17 01:08:56 下次操作: 2024-05-17 01:12:34

2024-05-17 01:12:34 开始第 9582 次操作

2024-05-17 01:12:34 开始操作号码 【1629473】
2024-05-17 01:12:40 GSD getOne 第 1 次 等待 3 秒
2024-05-17 01:12:43 查询号码 【1629473】，返回信息 {"status":"ok","msg":"-","gid":"296063","time_insert":"2021-07-16 19:32"}
2024-05-17 01:12:43 查询号码 【1629473】，GSD为【"-"】
2024-05-17 01:12:43 ok && -
2024-05-17 01:12:46 CHB 1629473?1715879563 第 1 次 等待 3 秒
2024-05-17 01:12:49 CHB 1629473?1715879563 第 1 次 获取到号码【1629473】GSD
2024-05-17 01:12:49 未获取到号码【1629473】GSD，可能号码格式错误
2024-05-17 01:12:49 获取到号码【1629473】的GSD为【-】
2024-05-17 01:12:55 GSD insert 第 1 次 等待 3 秒
2024-05-17 01:12:58 {"status":"bad","gid":"296063","msg":"添加失败！号码【1629473(-|-)】已存在！"}
2024-05-17 01:12:58 随机等待 136 秒，约 2 分钟
2024-05-17 01:12:58 下次操作: 2024-05-17 01:15:14

2024-05-17 01:15:14 开始第 9583 次操作

2024-05-17 01:15:14 开始操作号码 【1629474】
2024-05-17 01:15:21 GSD getOne 第 1 次 等待 3 秒
2024-05-17 01:15:24 查询号码 【1629474】，返回信息 {"status":"ok","msg":"-","gid":"296113","time_insert":"2021-07-16 19:38"}
2024-05-17 01:15:24 查询号码 【1629474】，GSD为【"-"】
2024-05-17 01:15:24 ok && -
2024-05-17 01:15:27 CHB 1629474?1715879724 第 1 次 等待 3 秒
2024-05-17 01:15:30 CHB 1629474?1715879724 第 1 次 获取到号码【1629474】GSD
2024-05-17 01:15:30 未获取到号码【1629474】GSD，可能号码格式错误
2024-05-17 01:15:30 获取到号码【1629474】的GSD为【-】
2024-05-17 01:15:37 GSD insert 第 1 次 等待 3 秒
2024-05-17 01:15:40 {"status":"bad","gid":"296113","msg":"添加失败！号码【1629474(-|-)】已存在！"}
2024-05-17 01:15:40 随机等待 125 秒，约 2 分钟
2024-05-17 01:15:40 下次操作: 2024-05-17 01:17:45

2024-05-17 01:17:45 开始第 9584 次操作

2024-05-17 01:17:45 开始操作号码 【1629475】
2024-05-17 01:17:57 GSD getOne 第 1 次 等待 3 秒
2024-05-17 01:18:00 查询号码 【1629475】，返回信息 {"status":"ok","msg":"-","gid":"296174","time_insert":"2021-07-16 19:42"}
2024-05-17 01:18:00 查询号码 【1629475】，GSD为【"-"】
2024-05-17 01:18:00 ok && -
2024-05-17 01:18:03 CHB 1629475?1715879880 第 1 次 等待 3 秒
2024-05-17 01:18:06 CHB 1629475?1715879880 第 1 次 获取到号码【1629475】GSD
2024-05-17 01:18:06 未获取到号码【1629475】GSD，可能号码格式错误
2024-05-17 01:18:06 获取到号码【1629475】的GSD为【-】
2024-05-17 01:18:23 GSD insert 第 1 次 等待 3 秒
2024-05-17 01:18:26 {"status":"bad","gid":"296174","msg":"添加失败！号码【1629475(-|-)】已存在！"}

2024-05-17 01:35:18 开始第 9585 次操作

2024-05-17 01:35:18 开始操作号码 【1629476】
2024-05-17 01:35:27 GSD getOne 第 1 次 等待 3 秒
2024-05-17 01:35:30 查询号码 【1629476】，返回信息 {"status":"ok","msg":"-","gid":"296235","time_insert":"2021-07-16 19:46"}
2024-05-17 01:35:30 查询号码 【1629476】，GSD为【"-"】
2024-05-17 01:35:30 ok && -
2024-05-17 01:35:32 CHB 1629476?1715880930 第 1 次 等待 3 秒
2024-05-17 01:35:35 CHB 1629476?1715880930 第 1 次 获取到号码【1629476】GSD
2024-05-17 01:35:35 未获取到号码【1629476】GSD，可能号码格式错误
2024-05-17 01:35:35 获取到号码【1629476】的GSD为【-】
2024-05-17 01:35:47 GSD insert 第 1 次 等待 3 秒
2024-05-17 01:35:50 {"status":"bad","gid":"296235","msg":"添加失败！号码【1629476(-|-)】已存在！"}
2024-05-17 01:35:50 随机等待 156 秒，约 2 分钟
2024-05-17 01:35:50 下次操作: 2024-05-17 01:38:26

2024-05-17 01:38:26 开始第 9586 次操作

2024-05-17 01:38:26 开始操作号码 【1629477】
2024-05-17 01:38:31 GSD getOne 第 1 次 等待 3 秒
2024-05-17 01:38:34 查询号码 【1629477】，返回信息 {"status":"ok","msg":"-","gid":"296307","time_insert":"2021-07-16 19:51"}
2024-05-17 01:38:34 查询号码 【1629477】，GSD为【"-"】
2024-05-17 01:38:34 ok && -
2024-05-17 01:38:36 CHB 1629477?1715881114 第 1 次 等待 3 秒
2024-05-17 01:38:39 CHB 1629477?1715881114 第 1 次 获取到号码【1629477】GSD
2024-05-17 01:38:39 未获取到号码【1629477】GSD，可能号码格式错误
2024-05-17 01:38:39 获取到号码【1629477】的GSD为【-】
2024-05-17 01:38:46 GSD insert 第 1 次 等待 3 秒
2024-05-17 01:38:49 {"status":"bad","gid":"296307","msg":"添加失败！号码【1629477(-|-)】已存在！"}
2024-05-17 01:38:49 随机等待 169 秒，约 2 分钟
2024-05-17 01:38:49 下次操作: 2024-05-17 01:41:38

2024-05-17 01:41:38 开始第 9587 次操作

2024-05-17 01:41:38 开始操作号码 【1629478】
2024-05-17 01:41:46 GSD getOne 第 1 次 等待 3 秒
2024-05-17 01:41:49 查询号码 【1629478】，返回信息 {"status":"ok","msg":"-","gid":"296367","time_insert":"2021-07-16 19:56"}
2024-05-17 01:41:49 查询号码 【1629478】，GSD为【"-"】
2024-05-17 01:41:49 ok && -
2024-05-17 01:41:51 CHB 1629478?1715881309 第 1 次 等待 3 秒
2024-05-17 01:41:54 CHB 1629478?1715881309 第 1 次 获取到号码【1629478】GSD
2024-05-17 01:41:55 未获取到号码【1629478】GSD，可能号码格式错误
2024-05-17 01:41:55 获取到号码【1629478】的GSD为【-】
2024-05-17 01:42:02 GSD insert 第 1 次 等待 3 秒
2024-05-17 01:42:05 {"status":"bad","gid":"296367","msg":"添加失败！号码【1629478(-|-)】已存在！"}
2024-05-17 01:42:05 随机等待 202 秒，约 3 分钟
2024-05-17 01:42:05 下次操作: 2024-05-17 01:45:27

2024-05-17 01:45:27 开始第 9588 次操作

2024-05-17 01:45:27 开始操作号码 【1629479】
2024-05-17 01:45:33 GSD getOne 第 1 次 等待 3 秒
2024-05-17 01:45:36 查询号码 【1629479】，返回信息 {"status":"ok","msg":"-","gid":"296432","time_insert":"2021-07-16 20:01"}
2024-05-17 01:45:36 查询号码 【1629479】，GSD为【"-"】
2024-05-17 01:45:36 ok && -
2024-05-17 01:45:38 CHB 1629479?1715881536 第 1 次 等待 3 秒
2024-05-17 01:45:41 CHB 1629479?1715881536 第 1 次 获取到号码【1629479】GSD
2024-05-17 01:45:41 未获取到号码【1629479】GSD，可能号码格式错误
2024-05-17 01:45:41 获取到号码【1629479】的GSD为【-】
2024-05-17 01:45:47 GSD insert 第 1 次 等待 3 秒
2024-05-17 01:45:50 {"status":"bad","gid":"296432","msg":"添加失败！号码【1629479(-|-)】已存在！"}

