2024-09-11 00:27:07 开始第 3709 次操作

2024-09-11 00:27:07 开始操作号码 【1403708】
2024-09-11 00:27:18 GSD getOne 第 1 次 等待 3 秒
2024-09-11 00:27:21 查询号码 【1403708】，返回信息 {"status":"ok","msg":"-","gid":"591069","time_insert":"2023-03-14 22:56"}
2024-09-11 00:27:21 查询号码 【1403708】，GSD为【"-"】
2024-09-11 00:27:21 ok && -
2024-09-11 00:27:23 CHB 1403708?1725985641 第 1 次 等待 3 秒
2024-09-11 00:27:26 CHB 1403708?1725985641 第 1 次 获取到号码【1403708】GSD
2024-09-11 00:27:26 未获取到号码【1403708】GSD，可能号码格式错误
2024-09-11 00:27:26 获取到号码【1403708】的GSD为【-】
2024-09-11 00:27:34 GSD insert 第 1 次 等待 3 秒
2024-09-11 00:27:37 {"status":"bad","gid":"591069","msg":"添加失败！号码【1403708(-|-)】已存在！"}
2024-09-11 00:27:37 随机等待 191 秒，约 3 分钟
2024-09-11 00:27:37 下次操作: 2024-09-11 00:30:48

2024-09-11 00:30:48 开始第 3710 次操作

2024-09-11 00:30:48 开始操作号码 【1403709】
2024-09-11 00:30:56 GSD getOne 第 1 次 等待 3 秒
2024-09-11 00:30:59 查询号码 【1403709】，返回信息 {"status":"ok","msg":"-","gid":"591086","time_insert":"2023-03-14 23:11"}
2024-09-11 00:30:59 查询号码 【1403709】，GSD为【"-"】
2024-09-11 00:30:59 ok && -
2024-09-11 00:31:01 CHB 1403709?1725985859 第 1 次 等待 3 秒
2024-09-11 00:31:04 CHB 1403709?1725985859 第 1 次 获取到号码【1403709】GSD
2024-09-11 00:31:04 未获取到号码【1403709】GSD，可能号码格式错误
2024-09-11 00:31:04 获取到号码【1403709】的GSD为【-】
2024-09-11 00:31:12 GSD insert 第 1 次 等待 3 秒
2024-09-11 00:31:15 {"status":"bad","gid":"591086","msg":"添加失败！号码【1403709(-|-)】已存在！"}
2024-09-11 00:31:15 随机等待 231 秒，约 3 分钟
2024-09-11 00:31:15 下次操作: 2024-09-11 00:35:06

2024-09-11 00:35:06 开始第 3711 次操作

2024-09-11 00:35:06 开始操作号码 【1403710】
2024-09-11 00:35:14 GSD getOne 第 1 次 等待 3 秒
2024-09-11 00:35:17 查询号码 【1403710】，返回信息 {"status":"ok","msg":"-","gid":"591113","time_insert":"2023-03-14 23:28"}
2024-09-11 00:35:17 查询号码 【1403710】，GSD为【"-"】
2024-09-11 00:35:17 ok && -
2024-09-11 00:35:19 CHB 1403710?1725986117 第 1 次 等待 3 秒
2024-09-11 00:35:22 CHB 1403710?1725986117 第 1 次 获取到号码【1403710】GSD
2024-09-11 00:35:22 未获取到号码【1403710】GSD，可能号码格式错误
2024-09-11 00:35:22 获取到号码【1403710】的GSD为【-】
2024-09-11 00:35:30 GSD insert 第 1 次 等待 3 秒
2024-09-11 00:35:33 {"status":"bad","gid":"591113","msg":"添加失败！号码【1403710(-|-)】已存在！"}
2024-09-11 00:35:33 随机等待 160 秒，约 2 分钟
2024-09-11 00:35:33 下次操作: 2024-09-11 00:38:13

2024-09-11 00:38:13 开始第 3712 次操作

2024-09-11 00:38:13 开始操作号码 【1403711】
2024-09-11 00:38:23 GSD getOne 第 1 次 等待 3 秒
2024-09-11 00:38:26 查询号码 【1403711】，返回信息 {"status":"ok","msg":"-","gid":"591133","time_insert":"2023-03-14 23:43"}
2024-09-11 00:38:26 查询号码 【1403711】，GSD为【"-"】
2024-09-11 00:38:26 ok && -
2024-09-11 00:38:31 CHB 1403711?1725986306 第 1 次 等待 3 秒
2024-09-11 00:38:34 CHB 1403711?1725986306 第 1 次 获取到号码【1403711】GSD
2024-09-11 00:38:34 未获取到号码【1403711】GSD，可能号码格式错误
2024-09-11 00:38:34 获取到号码【1403711】的GSD为【-】
2024-09-11 00:38:42 GSD insert 第 1 次 等待 3 秒
2024-09-11 00:38:46 {"status":"bad","gid":"591133","msg":"添加失败！号码【1403711(-|-)】已存在！"}

