2024-06-14 00:13:16 开始第 593 次操作

2024-06-14 00:13:16 开始操作号码 【1510485】
2024-06-14 00:13:26 GSD getOne 第 1 次 等待 3 秒
2024-06-14 00:13:29 查询号码 【1510485】，返回信息 {"status":"ok","msg":"内蒙古-乌兰浩特","gid":"75123","time_insert":"2021-06-01 00:44"}
2024-06-14 00:13:29 查询号码 【1510485】，GSD为【"内蒙古-乌兰浩特"】

2024-06-14 00:13:30 开始第 594 次操作

2024-06-14 00:13:30 开始操作号码 【1510486】
2024-06-14 00:13:38 GSD getOne 第 1 次 等待 3 秒
2024-06-14 00:13:41 查询号码 【1510486】，返回信息 {"status":"ok","msg":"内蒙古-乌兰察布","gid":"75145","time_insert":"2021-06-01 01:08"}
2024-06-14 00:13:41 查询号码 【1510486】，GSD为【"内蒙古-乌兰察布"】

2024-06-14 00:13:42 开始第 595 次操作

2024-06-14 00:13:42 开始操作号码 【1510487】
2024-06-14 00:13:48 GSD getOne 第 1 次 等待 3 秒
2024-06-14 00:13:51 查询号码 【1510487】，返回信息 {"status":"ok","msg":"内蒙古-海拉尔","gid":"75169","time_insert":"2021-06-01 01:37"}
2024-06-14 00:13:51 查询号码 【1510487】，GSD为【"内蒙古-海拉尔"】

2024-06-14 00:13:53 开始第 596 次操作

2024-06-14 00:13:53 开始操作号码 【1510488】
2024-06-14 00:13:59 GSD getOne 第 1 次 等待 3 秒
2024-06-14 00:14:02 查询号码 【1510488】，返回信息 {"status":"ok","msg":"内蒙古-海拉尔","gid":"75192","time_insert":"2021-06-01 02:05"}
2024-06-14 00:14:02 查询号码 【1510488】，GSD为【"内蒙古-海拉尔"】

