2024-10-02 00:30:00 开始第 7129 次操作

2024-10-02 00:30:00 开始操作号码 【1407126】
2024-10-02 00:30:03 GSD getOne 第 1 次 等待 3 秒
2024-10-02 00:30:06 查询号码 【1407126】，返回信息 {"status":"ok","msg":"-","gid":"670826","time_insert":"2023-04-22 13:22"}
2024-10-02 00:30:06 查询号码 【1407126】，GSD为【"-"】
2024-10-02 00:30:06 ok && -
2024-10-02 00:30:08 CHB 1407126?1727800206 第 1 次 等待 3 秒
2024-10-02 00:30:11 CHB 1407126?1727800206 第 1 次 获取到号码【1407126】GSD
2024-10-02 00:30:11 未获取到号码【1407126】GSD，可能号码格式错误
2024-10-02 00:30:11 获取到号码【1407126】的GSD为【-】
2024-10-02 00:30:13 GSD insert 第 1 次 等待 3 秒
2024-10-02 00:30:16 {"status":"bad","gid":"670826","msg":"添加失败！号码【1407126(-|-)】已存在！"}
2024-10-02 00:30:16 随机等待 86 秒，约 1 分钟
2024-10-02 00:30:16 下次操作: 2024-10-02 00:31:42

2024-10-02 00:31:42 开始第 7130 次操作

2024-10-02 00:31:42 开始操作号码 【1407127】
2024-10-02 00:31:45 GSD getOne 第 1 次 等待 3 秒
2024-10-02 00:31:48 查询号码 【1407127】，返回信息 {"status":"ok","msg":"-","gid":"670846","time_insert":"2023-04-22 13:33"}
2024-10-02 00:31:48 查询号码 【1407127】，GSD为【"-"】
2024-10-02 00:31:48 ok && -
2024-10-02 00:33:43 CHB 1407127?1727800308 第 1 次 等待 3 秒
2024-10-02 00:33:46 CHB 1407127?1727800308 第 1 次 获取到号码【1407127】GSD
2024-10-02 00:33:46 未获取到号码【1407127】GSD，可能号码格式错误
2024-10-02 00:33:46 获取到号码【1407127】的GSD为【-】
2024-10-02 00:34:03 GSD insert 第 1 次 等待 3 秒
2024-10-02 00:34:06 {"status":"bad","gid":"670846","msg":"添加失败！号码【1407127(-|-)】已存在！"}
2024-10-02 00:34:06 随机等待 160 秒，约 2 分钟
2024-10-02 00:34:06 下次操作: 2024-10-02 00:36:46

2024-10-02 00:36:46 开始第 7131 次操作

2024-10-02 00:36:46 开始操作号码 【1407128】
2024-10-02 00:36:48 GSD getOne 第 1 次 等待 3 秒
2024-10-02 00:36:51 查询号码 【1407128】，返回信息 {"status":"ok","msg":"-","gid":"670862","time_insert":"2023-04-22 13:44"}
2024-10-02 00:36:51 查询号码 【1407128】，GSD为【"-"】
2024-10-02 00:36:51 ok && -
2024-10-02 00:36:53 CHB 1407128?1727800611 第 1 次 等待 3 秒
2024-10-02 00:36:56 CHB 1407128?1727800611 第 1 次 获取到号码【1407128】GSD
2024-10-02 00:36:56 未获取到号码【1407128】GSD，可能号码格式错误
2024-10-02 00:36:56 获取到号码【1407128】的GSD为【-】
2024-10-02 00:36:58 GSD insert 第 1 次 等待 3 秒
2024-10-02 00:37:01 {"status":"bad","gid":"670862","msg":"添加失败！号码【1407128(-|-)】已存在！"}
2024-10-02 00:37:01 随机等待 121 秒，约 2 分钟
2024-10-02 00:37:01 下次操作: 2024-10-02 00:39:02

2024-10-02 00:39:02 开始第 7132 次操作

2024-10-02 00:39:02 开始操作号码 【1407129】
2024-10-02 00:39:04 GSD getOne 第 1 次 等待 3 秒
2024-10-02 00:39:07 查询号码 【1407129】，返回信息 {"status":"ok","msg":"-","gid":"670889","time_insert":"2023-04-22 14:02"}
2024-10-02 00:39:07 查询号码 【1407129】，GSD为【"-"】
2024-10-02 00:39:07 ok && -
2024-10-02 00:39:10 CHB 1407129?1727800747 第 1 次 等待 3 秒
2024-10-02 00:39:13 CHB 1407129?1727800747 第 1 次 获取到号码【1407129】GSD
2024-10-02 00:39:13 未获取到号码【1407129】GSD，可能号码格式错误
2024-10-02 00:39:13 获取到号码【1407129】的GSD为【-】
2024-10-02 00:39:15 GSD insert 第 1 次 等待 3 秒
2024-10-02 00:39:18 {"status":"bad","gid":"670889","msg":"添加失败！号码【1407129(-|-)】已存在！"}

