2024-01-25 00:11:52 开始第 101 次操作
2024-01-25 00:11:52 号码【184（0000 ---> 9999）】处理完毕
2024-01-25 00:38:28 开始第 101 次操作
2024-01-25 00:38:28 号码【184（0000 ---> 9999）】处理完毕
2024-01-25 01:08:20 开始第 101 次操作
2024-01-25 01:08:20 号码【184（0000 ---> 9999）】处理完毕
2024-01-25 01:33:14 开始第 101 次操作
2024-01-25 01:33:14 号码【184（0000 ---> 9999）】处理完毕
2024-01-25 02:11:29 开始第 101 次操作
2024-01-25 02:11:29 号码【184（0000 ---> 9999）】处理完毕
2024-01-25 02:34:31 开始第 101 次操作
2024-01-25 02:34:31 号码【184（0000 ---> 9999）】处理完毕
2024-01-25 03:07:45 开始第 101 次操作
2024-01-25 03:07:45 号码【184（0000 ---> 9999）】处理完毕
2024-01-25 03:33:09 开始第 101 次操作
2024-01-25 03:33:09 号码【184（0000 ---> 9999）】处理完毕
2024-01-25 04:09:38 开始第 101 次操作
2024-01-25 04:09:38 号码【184（0000 ---> 9999）】处理完毕
2024-01-25 04:33:28 开始第 101 次操作
2024-01-25 04:33:28 号码【184（0000 ---> 9999）】处理完毕
2024-01-25 05:08:15 开始第 101 次操作
2024-01-25 05:08:15 号码【184（0000 ---> 9999）】处理完毕
2024-01-25 05:32:59 开始第 101 次操作
2024-01-25 05:32:59 号码【184（0000 ---> 9999）】处理完毕
2024-01-25 06:08:19 开始第 101 次操作
2024-01-25 06:08:19 号码【184（0000 ---> 9999）】处理完毕
2024-01-25 06:34:11 开始第 101 次操作
2024-01-25 06:34:11 号码【184（0000 ---> 9999）】处理完毕
2024-01-25 07:08:23 开始第 101 次操作
2024-01-25 07:08:23 号码【184（0000 ---> 9999）】处理完毕
2024-01-25 07:33:23 开始第 101 次操作
2024-01-25 07:33:23 号码【184（0000 ---> 9999）】处理完毕
2024-01-25 08:42:34 开始第 101 次操作
2024-01-25 08:42:34 号码【184（0000 ---> 9999）】处理完毕
2024-01-25 09:55:00 开始第 101 次操作
2024-01-25 09:55:00 号码【184（0000 ---> 9999）】处理完毕
2024-01-25 10:26:36 开始第 101 次操作
2024-01-25 10:26:36 号码【184（0000 ---> 9999）】处理完毕
2024-01-25 10:43:50 开始第 101 次操作
2024-01-25 10:43:50 号码【184（0000 ---> 9999）】处理完毕
2024-01-25 11:09:31 开始第 101 次操作
2024-01-25 11:09:31 号码【184（0000 ---> 9999）】处理完毕
2024-01-25 11:33:32 开始第 101 次操作
2024-01-25 11:33:32 号码【184（0000 ---> 9999）】处理完毕
2024-01-25 12:11:45 开始第 101 次操作
2024-01-25 12:11:45 号码【184（0000 ---> 9999）】处理完毕
2024-01-25 12:36:00 开始第 101 次操作
2024-01-25 12:36:00 号码【184（0000 ---> 9999）】处理完毕
2024-01-25 13:08:56 开始第 101 次操作
2024-01-25 13:08:56 号码【184（0000 ---> 9999）】处理完毕
2024-01-25 13:33:39 开始第 101 次操作
2024-01-25 13:33:39 号码【184（0000 ---> 9999）】处理完毕
2024-01-25 14:12:12 开始第 101 次操作
2024-01-25 14:12:12 号码【184（0000 ---> 9999）】处理完毕
2024-01-25 14:36:08 开始第 101 次操作
2024-01-25 14:36:08 号码【184（0000 ---> 9999）】处理完毕
2024-01-25 15:08:24 开始第 101 次操作
2024-01-25 15:08:24 号码【184（0000 ---> 9999）】处理完毕
2024-01-25 15:32:58 开始第 101 次操作
2024-01-25 15:32:58 号码【184（0000 ---> 9999）】处理完毕
2024-01-25 16:11:49 开始第 101 次操作
2024-01-25 16:11:49 号码【184（0000 ---> 9999）】处理完毕
2024-01-25 16:35:33 开始第 101 次操作
2024-01-25 16:35:33 号码【184（0000 ---> 9999）】处理完毕
2024-01-25 16:46:42 开始第 101 次操作

2024-01-25 16:46:42 开始操作号码 【1730000】
2024-01-25 16:47:06 GSD getOne 第 1 次 等待 3 秒
2024-01-25 16:47:09 查询号码 【1730000】，返回信息 {"status":"ok","msg":"-","gid":"133188","time_insert":"2021-06-26 17:19"}
2024-01-25 16:47:10 查询号码 【1730000】，GSD为【"-"】
2024-01-25 16:47:10 ok && -
2024-01-25 16:47:12 CHB 1730000?1706172430 第 1 次 等待 3 秒
2024-01-25 16:47:15 CHB 1730000?1706172430 第 1 次 获取到号码【1730000】GSD
2024-01-25 16:47:15 未获取到号码【1730000】GSD，可能号码格式错误
2024-01-25 16:47:15 获取到号码【1730000】的GSD为【-】
2024-01-25 16:47:38 GSD insert 第 1 次 等待 3 秒
2024-01-25 16:47:41 {"status":"bad","gid":"133188","msg":"添加失败！号码【1730000(-|-)】已存在！"}
2024-01-25 16:47:41 随机等待 117 秒，约 1 分钟
2024-01-25 16:47:41 下次操作: 2024-01-25 16:49:38

2024-01-25 16:49:38 开始第 102 次操作

2024-01-25 16:49:38 开始操作号码 【1730001】
2024-01-25 16:50:02 GSD getOne 第 1 次 等待 3 秒
2024-01-25 16:50:05 查询号码 【1730001】，返回信息 {"status":"ok","msg":"北京-北京","gid":"133193","time_insert":"2021-06-26 17:20"}
2024-01-25 16:50:05 查询号码 【1730001】，GSD为【"北京-北京"】

2024-01-25 16:50:06 开始第 103 次操作

2024-01-25 16:50:06 开始操作号码 【1730002】
2024-01-25 16:50:30 GSD getOne 第 1 次 等待 3 秒
2024-01-25 16:50:33 查询号码 【1730002】，返回信息 {"status":"ok","msg":"北京-北京","gid":"133200","time_insert":"2021-06-26 17:20"}
2024-01-25 16:50:33 查询号码 【1730002】，GSD为【"北京-北京"】

2024-01-25 16:50:34 开始第 104 次操作

2024-01-25 16:50:34 开始操作号码 【1730003】
2024-01-25 16:50:58 GSD getOne 第 1 次 等待 3 秒
2024-01-25 16:51:01 查询号码 【1730003】，返回信息 {"status":"ok","msg":"北京-北京","gid":"133204","time_insert":"2021-06-26 17:21"}
2024-01-25 16:51:01 查询号码 【1730003】，GSD为【"北京-北京"】

2024-01-25 17:09:09 开始第 105 次操作

2024-01-25 17:09:09 开始操作号码 【1730004】
2024-01-25 17:09:32 GSD getOne 第 1 次 等待 3 秒
2024-01-25 17:09:35 查询号码 【1730004】，返回信息 {"status":"ok","msg":"北京-北京","gid":"133211","time_insert":"2021-06-26 17:22"}
2024-01-25 17:09:35 查询号码 【1730004】，GSD为【"北京-北京"】

2024-01-25 17:09:36 开始第 106 次操作

2024-01-25 17:09:36 开始操作号码 【1730005】
2024-01-25 17:10:00 GSD getOne 第 1 次 等待 3 秒
2024-01-25 17:10:03 查询号码 【1730005】，返回信息 {"status":"ok","msg":"北京-北京","gid":"133217","time_insert":"2021-06-26 17:23"}
2024-01-25 17:10:03 查询号码 【1730005】，GSD为【"北京-北京"】

2024-01-25 17:10:04 开始第 107 次操作

2024-01-25 17:10:04 开始操作号码 【1730006】
2024-01-25 17:10:27 GSD getOne 第 1 次 等待 3 秒
2024-01-25 17:10:30 查询号码 【1730006】，返回信息 {"status":"ok","msg":"吉林-长春","gid":"133223","time_insert":"2021-06-26 17:24"}
2024-01-25 17:10:30 查询号码 【1730006】，GSD为【"吉林-长春"】

2024-01-25 17:10:31 开始第 108 次操作

2024-01-25 17:10:31 开始操作号码 【1730007】
2024-01-25 17:10:55 GSD getOne 第 1 次 等待 3 秒
2024-01-25 17:10:58 查询号码 【1730007】，返回信息 {"status":"ok","msg":"北京-北京","gid":"133229","time_insert":"2021-06-26 17:24"}
2024-01-25 17:10:58 查询号码 【1730007】，GSD为【"北京-北京"】

2024-01-25 17:33:40 开始第 109 次操作

2024-01-25 17:33:40 开始操作号码 【1730008】
2024-01-25 17:34:04 GSD getOne 第 1 次 等待 3 秒
2024-01-25 17:34:07 查询号码 【1730008】，返回信息 {"status":"ok","msg":"广西-南宁","gid":"133234","time_insert":"2021-06-26 17:25"}
2024-01-25 17:34:07 查询号码 【1730008】，GSD为【"广西-南宁"】

2024-01-25 17:34:08 开始第 110 次操作

2024-01-25 17:34:08 开始操作号码 【1730009】
2024-01-25 17:34:32 GSD getOne 第 1 次 等待 3 秒
2024-01-25 17:34:35 查询号码 【1730009】，返回信息 {"status":"ok","msg":"云南-昆明","gid":"133239","time_insert":"2021-06-26 17:26"}
2024-01-25 17:34:35 查询号码 【1730009】，GSD为【"云南-昆明"】

2024-01-25 17:34:36 开始第 111 次操作

2024-01-25 17:34:36 开始操作号码 【1730010】
2024-01-25 17:35:00 GSD getOne 第 1 次 等待 3 秒
2024-01-25 17:35:03 查询号码 【1730010】，返回信息 {"status":"ok","msg":"北京-北京","gid":"133244","time_insert":"2021-06-26 17:27"}
2024-01-25 17:35:03 查询号码 【1730010】，GSD为【"北京-北京"】

2024-01-25 17:35:04 开始第 112 次操作

2024-01-25 17:35:04 开始操作号码 【1730011】
2024-01-25 17:35:28 GSD getOne 第 1 次 等待 3 秒
2024-01-25 17:35:31 查询号码 【1730011】，返回信息 {"status":"ok","msg":"北京-北京","gid":"133249","time_insert":"2021-06-26 17:27"}
2024-01-25 17:35:31 查询号码 【1730011】，GSD为【"北京-北京"】

2024-01-25 18:09:47 开始第 113 次操作

2024-01-25 18:09:47 开始操作号码 【1730012】
2024-01-25 18:10:10 GSD getOne 第 1 次 等待 3 秒
2024-01-25 18:10:13 查询号码 【1730012】，返回信息 {"status":"ok","msg":"北京-北京","gid":"133255","time_insert":"2021-06-26 17:28"}
2024-01-25 18:10:14 查询号码 【1730012】，GSD为【"北京-北京"】

2024-01-25 18:10:15 开始第 114 次操作

2024-01-25 18:10:15 开始操作号码 【1730013】
2024-01-25 18:10:38 GSD getOne 第 1 次 等待 3 秒
2024-01-25 18:10:41 查询号码 【1730013】，返回信息 {"status":"ok","msg":"北京-北京","gid":"133261","time_insert":"2021-06-26 17:29"}
2024-01-25 18:10:41 查询号码 【1730013】，GSD为【"北京-北京"】

2024-01-25 18:10:42 开始第 115 次操作

2024-01-25 18:10:42 开始操作号码 【1730014】
2024-01-25 18:11:06 GSD getOne 第 1 次 等待 3 秒
2024-01-25 18:11:09 查询号码 【1730014】，返回信息 {"status":"ok","msg":"北京-北京","gid":"133264","time_insert":"2021-06-26 17:30"}
2024-01-25 18:11:09 查询号码 【1730014】，GSD为【"北京-北京"】

2024-01-25 18:11:10 开始第 116 次操作

2024-01-25 18:11:10 开始操作号码 【1730015】
2024-01-25 18:11:34 GSD getOne 第 1 次 等待 3 秒
2024-01-25 18:11:37 查询号码 【1730015】，返回信息 {"status":"ok","msg":"北京-北京","gid":"133269","time_insert":"2021-06-26 17:30"}
2024-01-25 18:11:37 查询号码 【1730015】，GSD为【"北京-北京"】

