2024-05-10 00:11:08 开始第 8285 次操作

2024-05-10 00:11:08 开始操作号码 【1628185】
2024-05-10 00:11:15 GSD getOne 第 1 次 等待 3 秒
2024-05-10 00:11:18 查询号码 【1628185】，返回信息 {"status":"ok","msg":"内蒙古-呼和浩特","gid":"255116","time_insert":"2021-07-12 09:26","time_update":"2023-05-16 16:20"}
2024-05-10 00:11:18 查询号码 【1628185】，GSD为【"内蒙古-呼和浩特"】

2024-05-10 00:11:19 开始第 8286 次操作

2024-05-10 00:11:19 开始操作号码 【1628186】
2024-05-10 00:11:30 GSD getOne 第 1 次 等待 3 秒
2024-05-10 00:11:33 查询号码 【1628186】，返回信息 {"status":"ok","msg":"内蒙古-呼和浩特","gid":"255132","time_insert":"2021-07-12 09:31","time_update":"2023-05-16 16:33"}
2024-05-10 00:11:33 查询号码 【1628186】，GSD为【"内蒙古-呼和浩特"】

2024-05-10 00:11:34 开始第 8287 次操作

2024-05-10 00:11:34 开始操作号码 【1628187】
2024-05-10 00:11:45 GSD getOne 第 1 次 等待 3 秒
2024-05-10 00:11:48 查询号码 【1628187】，返回信息 {"status":"ok","msg":"内蒙古-赤峰","gid":"255155","time_insert":"2021-07-12 09:36","time_update":"2023-05-16 16:54"}
2024-05-10 00:11:48 查询号码 【1628187】，GSD为【"内蒙古-赤峰"】

2024-05-10 00:11:49 开始第 8288 次操作

2024-05-10 00:11:49 开始操作号码 【1628188】
2024-05-10 00:11:56 GSD getOne 第 1 次 等待 3 秒
2024-05-10 00:11:59 查询号码 【1628188】，返回信息 {"status":"ok","msg":"-","gid":"255244","time_insert":"2021-07-12 09:42"}
2024-05-10 00:11:59 查询号码 【1628188】，GSD为【"-"】
2024-05-10 00:11:59 ok && -
2024-05-10 00:12:02 CHB 1628188?1715271119 第 1 次 等待 3 秒
2024-05-10 00:12:05 CHB 1628188?1715271119 第 1 次 获取到号码【1628188】GSD
2024-05-10 00:12:05 未获取到号码【1628188】GSD，可能号码格式错误
2024-05-10 00:12:05 获取到号码【1628188】的GSD为【-】
2024-05-10 00:12:09 GSD insert 第 1 次 等待 3 秒
2024-05-10 00:12:12 {"status":"bad","gid":"255244","msg":"添加失败！号码【1628188(-|-)】已存在！"}

2024-05-10 00:39:20 开始第 8289 次操作

2024-05-10 00:39:20 开始操作号码 【1628189】
2024-05-10 00:39:32 GSD getOne 第 1 次 等待 3 秒
2024-05-10 00:39:35 查询号码 【1628189】，返回信息 {"status":"ok","msg":"内蒙古-赤峰","gid":"255351","time_insert":"2021-07-12 09:47","time_update":"2023-05-16 17:29"}
2024-05-10 00:39:35 查询号码 【1628189】，GSD为【"内蒙古-赤峰"】

2024-05-10 00:39:36 开始第 8290 次操作

2024-05-10 00:39:36 开始操作号码 【1628190】
2024-05-10 00:39:44 GSD getOne 第 1 次 等待 3 秒
2024-05-10 00:39:47 查询号码 【1628190】，返回信息 {"status":"ok","msg":"内蒙古-赤峰","gid":"255413","time_insert":"2021-07-12 09:52","time_update":"2023-05-16 17:44"}
2024-05-10 00:39:47 查询号码 【1628190】，GSD为【"内蒙古-赤峰"】

2024-05-10 00:39:48 开始第 8291 次操作

2024-05-10 00:39:48 开始操作号码 【1628191】
2024-05-10 00:39:58 GSD getOne 第 1 次 等待 3 秒
2024-05-10 00:40:01 查询号码 【1628191】，返回信息 {"status":"ok","msg":"内蒙古-赤峰","gid":"255449","time_insert":"2021-07-12 09:58","time_update":"2023-05-16 17:53"}
2024-05-10 00:40:01 查询号码 【1628191】，GSD为【"内蒙古-赤峰"】

2024-05-10 00:40:02 开始第 8292 次操作

2024-05-10 00:40:02 开始操作号码 【1628192】
2024-05-10 00:40:12 GSD getOne 第 1 次 等待 3 秒
2024-05-10 00:40:15 查询号码 【1628192】，返回信息 {"status":"ok","msg":"内蒙古-赤峰","gid":"255470","time_insert":"2021-07-12 10:03","time_update":"2023-05-16 18:11"}
2024-05-10 00:40:15 查询号码 【1628192】，GSD为【"内蒙古-赤峰"】

2024-05-10 01:08:06 开始第 8293 次操作

2024-05-10 01:08:06 开始操作号码 【1628193】
2024-05-10 01:08:12 GSD getOne 第 1 次 等待 3 秒
2024-05-10 01:08:15 查询号码 【1628193】，返回信息 {"status":"ok","msg":"内蒙古-赤峰","gid":"255479","time_insert":"2021-07-12 10:09","time_update":"2023-05-16 18:31"}
2024-05-10 01:08:15 查询号码 【1628193】，GSD为【"内蒙古-赤峰"】

2024-05-10 01:08:16 开始第 8294 次操作

2024-05-10 01:08:16 开始操作号码 【1628194】
2024-05-10 01:08:20 GSD getOne 第 1 次 等待 3 秒
2024-05-10 01:08:23 查询号码 【1628194】，返回信息 {"status":"ok","msg":"内蒙古-赤峰","gid":"255487","time_insert":"2021-07-12 10:13","time_update":"2023-05-16 18:48"}
2024-05-10 01:08:23 查询号码 【1628194】，GSD为【"内蒙古-赤峰"】

2024-05-10 01:08:24 开始第 8295 次操作

2024-05-10 01:08:24 开始操作号码 【1628195】
2024-05-10 01:08:32 GSD getOne 第 1 次 等待 3 秒
2024-05-10 01:08:35 查询号码 【1628195】，返回信息 {"status":"ok","msg":"内蒙古-通辽","gid":"255496","time_insert":"2021-07-12 10:17","time_update":"2023-05-16 18:49"}
2024-05-10 01:08:35 查询号码 【1628195】，GSD为【"内蒙古-通辽"】

2024-05-10 01:08:36 开始第 8296 次操作

2024-05-10 01:08:36 开始操作号码 【1628196】
2024-05-10 01:08:48 GSD getOne 第 1 次 等待 3 秒
2024-05-10 01:08:51 查询号码 【1628196】，返回信息 {"status":"ok","msg":"内蒙古-通辽","gid":"255503","time_insert":"2021-07-12 10:21","time_update":"2023-05-16 18:38"}
2024-05-10 01:08:51 查询号码 【1628196】，GSD为【"内蒙古-通辽"】

