2024-03-28 00:11:57 开始第 541 次操作

2024-03-28 00:11:57 开始操作号码 【1620441】
2024-03-28 00:12:02 GSD getOne 第 1 次 等待 3 秒
2024-03-28 00:12:05 查询号码 【1620441】，返回信息 {"status":"ok","msg":"-","gid":"104186","time_insert":"2021-06-18 20:10"}
2024-03-28 00:12:05 查询号码 【1620441】，GSD为【"-"】
2024-03-28 00:12:05 ok && -
2024-03-28 00:12:07 CHB 1620441?1711555925 第 1 次 等待 3 秒
2024-03-28 00:12:10 CHB 1620441?1711555925 第 1 次 获取到号码【1620441】GSD
2024-03-28 00:12:10 未获取到号码【1620441】GSD，可能号码格式错误
2024-03-28 00:12:10 获取到号码【1620441】的GSD为【-】
2024-03-28 00:12:16 GSD insert 第 1 次 等待 3 秒
2024-03-28 00:12:19 {"status":"bad","gid":"104186","msg":"添加失败！号码【1620441(-|-)】已存在！"}
2024-03-28 00:12:19 随机等待 226 秒，约 3 分钟
2024-03-28 00:12:19 下次操作: 2024-03-28 00:16:05

2024-03-28 00:16:05 开始第 542 次操作

2024-03-28 00:16:05 开始操作号码 【1620442】
2024-03-28 00:16:11 GSD getOne 第 1 次 等待 3 秒
2024-03-28 00:16:14 查询号码 【1620442】，返回信息 {"status":"ok","msg":"-","gid":"104187","time_insert":"2021-06-18 20:11"}
2024-03-28 00:16:15 查询号码 【1620442】，GSD为【"-"】
2024-03-28 00:16:15 ok && -
2024-03-28 00:16:17 CHB 1620442?1711556175 第 1 次 等待 3 秒
2024-03-28 00:16:20 CHB 1620442?1711556175 第 1 次 获取到号码【1620442】GSD
2024-03-28 00:16:20 未获取到号码【1620442】GSD，可能号码格式错误
2024-03-28 00:16:20 获取到号码【1620442】的GSD为【-】
2024-03-28 00:16:25 GSD insert 第 1 次 等待 3 秒
2024-03-28 00:16:28 {"status":"bad","gid":"104187","msg":"添加失败！号码【1620442(-|-)】已存在！"}
2024-03-28 00:16:28 随机等待 116 秒，约 1 分钟
2024-03-28 00:16:28 下次操作: 2024-03-28 00:18:24

2024-03-28 00:18:24 开始第 543 次操作

2024-03-28 00:18:24 开始操作号码 【1620443】
2024-03-28 00:18:31 GSD getOne 第 1 次 等待 3 秒
2024-03-28 00:18:34 查询号码 【1620443】，返回信息 {"status":"ok","msg":"-","gid":"104188","time_insert":"2021-06-18 20:12"}
2024-03-28 00:18:34 查询号码 【1620443】，GSD为【"-"】
2024-03-28 00:18:34 ok && -
2024-03-28 00:18:36 CHB 1620443?1711556314 第 1 次 等待 3 秒
2024-03-28 00:18:39 CHB 1620443?1711556314 第 1 次 获取到号码【1620443】GSD
2024-03-28 00:18:39 未获取到号码【1620443】GSD，可能号码格式错误
2024-03-28 00:18:39 获取到号码【1620443】的GSD为【-】
2024-03-28 00:18:45 GSD insert 第 1 次 等待 3 秒
2024-03-28 00:18:48 {"status":"bad","gid":"104188","msg":"添加失败！号码【1620443(-|-)】已存在！"}
2024-03-28 00:18:48 随机等待 112 秒，约 1 分钟
2024-03-28 00:18:48 下次操作: 2024-03-28 00:20:40

2024-03-28 00:20:40 开始第 544 次操作

2024-03-28 00:20:40 开始操作号码 【1620444】
2024-03-28 00:20:45 GSD getOne 第 1 次 等待 3 秒
2024-03-28 00:20:48 查询号码 【1620444】，返回信息 {"status":"ok","msg":"-","gid":"104189","time_insert":"2021-06-18 20:12"}
2024-03-28 00:20:48 查询号码 【1620444】，GSD为【"-"】
2024-03-28 00:20:48 ok && -
2024-03-28 00:20:50 CHB 1620444?1711556448 第 1 次 等待 3 秒
2024-03-28 00:20:53 CHB 1620444?1711556448 第 1 次 获取到号码【1620444】GSD
2024-03-28 00:20:53 未获取到号码【1620444】GSD，可能号码格式错误
2024-03-28 00:20:53 获取到号码【1620444】的GSD为【-】
2024-03-28 00:20:58 GSD insert 第 1 次 等待 3 秒
2024-03-28 00:21:01 {"status":"bad","gid":"104189","msg":"添加失败！号码【1620444(-|-)】已存在！"}

