2024-06-20 00:11:56 开始第 1685 次操作

2024-06-20 00:11:56 开始操作号码 【1511577】
2024-06-20 00:12:05 GSD getOne 第 1 次 等待 3 秒
2024-06-20 00:12:08 查询号码 【1511577】，返回信息 {"status":"ok","msg":"湖南-常德","gid":"99727","time_insert":"2021-06-16 13:51"}
2024-06-20 00:12:08 查询号码 【1511577】，GSD为【"湖南-常德"】

2024-06-20 00:12:09 开始第 1686 次操作

2024-06-20 00:12:09 开始操作号码 【1511578】
2024-06-20 00:12:17 GSD getOne 第 1 次 等待 3 秒
2024-06-20 00:12:20 查询号码 【1511578】，返回信息 {"status":"ok","msg":"湖南-常德","gid":"99755","time_insert":"2021-06-16 14:14"}
2024-06-20 00:12:21 查询号码 【1511578】，GSD为【"湖南-常德"】

2024-06-20 00:12:22 开始第 1687 次操作

2024-06-20 00:12:22 开始操作号码 【1511579】
2024-06-20 00:12:30 GSD getOne 第 1 次 等待 3 秒
2024-06-20 00:12:33 查询号码 【1511579】，返回信息 {"status":"ok","msg":"湖南-常德","gid":"16822","time_insert":"2017-06-19 18:40","time_update":"2020-09-22 13:42"}
2024-06-20 00:12:33 查询号码 【1511579】，GSD为【"湖南-常德"】

2024-06-20 00:12:34 开始第 1688 次操作

2024-06-20 00:12:34 开始操作号码 【1511580】
2024-06-20 00:12:40 GSD getOne 第 1 次 等待 3 秒
2024-06-20 00:12:43 查询号码 【1511580】，返回信息 {"status":"ok","msg":"湖南-娄底","gid":"99790","time_insert":"2021-06-16 14:45"}
2024-06-20 00:12:43 查询号码 【1511580】，GSD为【"湖南-娄底"】

2024-06-20 00:38:05 开始第 1689 次操作

2024-06-20 00:38:05 开始操作号码 【1511581】
2024-06-20 00:38:15 GSD getOne 第 1 次 等待 3 秒
2024-06-20 00:38:18 查询号码 【1511581】，返回信息 {"status":"ok","msg":"湖南-娄底","gid":"99820","time_insert":"2021-06-16 15:08"}
2024-06-20 00:38:18 查询号码 【1511581】，GSD为【"湖南-娄底"】

2024-06-20 00:38:19 开始第 1690 次操作

2024-06-20 00:38:19 开始操作号码 【1511582】
2024-06-20 00:38:30 GSD getOne 第 1 次 等待 3 秒
2024-06-20 00:38:33 查询号码 【1511582】，返回信息 {"status":"ok","msg":"湖南-娄底","gid":"99848","time_insert":"2021-06-16 15:31"}
2024-06-20 00:38:33 查询号码 【1511582】，GSD为【"湖南-娄底"】

2024-06-20 00:38:34 开始第 1691 次操作

2024-06-20 00:38:34 开始操作号码 【1511583】
2024-06-20 00:38:45 GSD getOne 第 1 次 等待 3 秒
2024-06-20 00:38:48 查询号码 【1511583】，返回信息 {"status":"ok","msg":"湖南-娄底","gid":"99874","time_insert":"2021-06-16 15:52"}
2024-06-20 00:38:48 查询号码 【1511583】，GSD为【"湖南-娄底"】

2024-06-20 00:38:49 开始第 1692 次操作

2024-06-20 00:38:49 开始操作号码 【1511584】
2024-06-20 00:38:59 GSD getOne 第 1 次 等待 3 秒
2024-06-20 00:39:02 查询号码 【1511584】，返回信息 {"status":"ok","msg":"湖南-娄底","gid":"99903","time_insert":"2021-06-16 16:19"}
2024-06-20 00:39:02 查询号码 【1511584】，GSD为【"湖南-娄底"】

