2023-11-27 00:09:30 开始第 102 次操作
2023-11-27 00:09:30 号码【194（0000 ---> 9999）】处理完毕
2023-11-27 00:35:12 开始第 102 次操作
2023-11-27 00:35:12 号码【194（0000 ---> 9999）】处理完毕
2023-11-27 01:07:29 开始第 102 次操作
2023-11-27 01:07:29 号码【194（0000 ---> 9999）】处理完毕
2023-11-27 01:32:43 开始第 102 次操作
2023-11-27 01:32:43 号码【194（0000 ---> 9999）】处理完毕
2023-11-27 02:09:57 开始第 102 次操作
2023-11-27 02:09:57 号码【194（0000 ---> 9999）】处理完毕
2023-11-27 02:32:50 开始第 102 次操作
2023-11-27 02:32:50 号码【194（0000 ---> 9999）】处理完毕
2023-11-27 03:06:34 开始第 102 次操作
2023-11-27 03:06:34 号码【194（0000 ---> 9999）】处理完毕
2023-11-27 03:32:48 开始第 102 次操作
2023-11-27 03:32:48 号码【194（0000 ---> 9999）】处理完毕
2023-11-27 04:08:29 开始第 102 次操作
2023-11-27 04:08:29 号码【194（0000 ---> 9999）】处理完毕
2023-11-27 04:33:06 开始第 102 次操作
2023-11-27 04:33:06 号码【194（0000 ---> 9999）】处理完毕
2023-11-27 05:07:41 开始第 102 次操作
2023-11-27 05:07:41 号码【194（0000 ---> 9999）】处理完毕
2023-11-27 05:38:12 开始第 102 次操作
2023-11-27 05:38:12 号码【194（0000 ---> 9999）】处理完毕
2023-11-27 06:07:26 开始第 102 次操作
2023-11-27 06:07:26 号码【194（0000 ---> 9999）】处理完毕
2023-11-27 06:32:41 开始第 102 次操作
2023-11-27 06:32:41 号码【194（0000 ---> 9999）】处理完毕
2023-11-27 07:08:09 开始第 102 次操作
2023-11-27 07:08:09 号码【194（0000 ---> 9999）】处理完毕
2023-11-27 07:33:14 开始第 102 次操作
2023-11-27 07:33:14 号码【194（0000 ---> 9999）】处理完毕
2023-11-27 08:41:19 开始第 102 次操作
2023-11-27 08:41:19 号码【194（0000 ---> 9999）】处理完毕
2023-11-27 09:51:12 开始第 102 次操作
2023-11-27 09:51:12 号码【194（0000 ---> 9999）】处理完毕
2023-11-27 09:58:31 开始第 102 次操作

2023-11-27 09:58:31 开始操作号码 【1840001】
2023-11-27 09:58:34 GSD getOne 第 1 次 等待 3 秒
2023-11-27 09:58:37 查询号码 【1840001】，返回信息 {"status":"ok","msg":"河北-石家庄","gid":"303956","time_insert":"2021-07-17 14:46","time_update":"2023-05-29 14:11"}
2023-11-27 09:58:37 查询号码 【1840001】，GSD为【"河北-石家庄"】

2023-11-27 09:58:38 开始第 103 次操作

2023-11-27 09:58:38 开始操作号码 【1840002】
2023-11-27 09:58:41 GSD getOne 第 1 次 等待 3 秒
2023-11-27 09:58:44 查询号码 【1840002】，返回信息 {"status":"ok","msg":"黑龙江-哈尔滨","gid":"304103","time_insert":"2021-07-17 14:58","time_update":"2023-05-29 14:11"}
2023-11-27 09:58:44 查询号码 【1840002】，GSD为【"黑龙江-哈尔滨"】

2023-11-27 09:58:45 开始第 104 次操作

2023-11-27 09:58:45 开始操作号码 【1840003】
2023-11-27 09:58:51 GSD getOne 第 1 次 等待 3 秒
2023-11-27 09:58:54 查询号码 【1840003】，返回信息 {"status":"ok","msg":"湖北-武汉","gid":"304261","time_insert":"2021-07-17 15:09","time_update":"2023-05-29 14:11"}
2023-11-27 09:58:54 查询号码 【1840003】，GSD为【"湖北-武汉"】

