2024-09-25 00:28:54 开始第 6025 次操作

2024-09-25 00:28:54 开始操作号码 【1406023】
2024-09-25 00:29:00 GSD getOne 第 1 次 等待 3 秒
2024-09-25 00:29:03 查询号码 【1406023】，返回信息 {"status":"ok","msg":"-","gid":"644524","time_insert":"2023-04-10 07:29"}
2024-09-25 00:29:03 查询号码 【1406023】，GSD为【"-"】
2024-09-25 00:29:03 ok && -
2024-09-25 00:29:05 CHB 1406023?1727195343 第 1 次 等待 3 秒
2024-09-25 00:29:08 CHB 1406023?1727195343 第 1 次 获取到号码【1406023】GSD
2024-09-25 00:29:08 未获取到号码【1406023】GSD，可能号码格式错误
2024-09-25 00:29:08 获取到号码【1406023】的GSD为【-】
2024-09-25 00:29:10 GSD insert 第 1 次 等待 3 秒
2024-09-25 00:29:13 {"status":"bad","gid":"644524","msg":"添加失败！号码【1406023(-|-)】已存在！"}
2024-09-25 00:29:13 随机等待 72 秒，约 1 分钟
2024-09-25 00:29:13 下次操作: 2024-09-25 00:30:25

2024-09-25 00:30:25 开始第 6026 次操作

2024-09-25 00:30:25 开始操作号码 【1406024】
2024-09-25 00:30:28 GSD getOne 第 1 次 等待 3 秒
2024-09-25 00:30:31 查询号码 【1406024】，返回信息 {"status":"ok","msg":"-","gid":"644553","time_insert":"2023-04-10 07:45"}
2024-09-25 00:30:31 查询号码 【1406024】，GSD为【"-"】
2024-09-25 00:30:31 ok && -
2024-09-25 00:30:34 CHB 1406024?1727195431 第 1 次 等待 3 秒
2024-09-25 00:30:37 CHB 1406024?1727195431 第 1 次 获取到号码【1406024】GSD
2024-09-25 00:30:37 未获取到号码【1406024】GSD，可能号码格式错误
2024-09-25 00:30:37 获取到号码【1406024】的GSD为【-】
2024-09-25 00:30:42 GSD insert 第 1 次 等待 3 秒
2024-09-25 00:30:45 {"status":"bad","gid":"644553","msg":"添加失败！号码【1406024(-|-)】已存在！"}
2024-09-25 00:30:45 随机等待 113 秒，约 1 分钟
2024-09-25 00:30:45 下次操作: 2024-09-25 00:32:38

2024-09-25 00:32:38 开始第 6027 次操作

2024-09-25 00:32:38 开始操作号码 【1406025】
2024-09-25 00:32:42 GSD getOne 第 1 次 等待 3 秒
2024-09-25 00:32:45 查询号码 【1406025】，返回信息 {"status":"ok","msg":"-","gid":"644586","time_insert":"2023-04-10 08:08"}
2024-09-25 00:32:45 查询号码 【1406025】，GSD为【"-"】
2024-09-25 00:32:45 ok && -
2024-09-25 00:32:49 CHB 1406025?1727195565 第 1 次 等待 3 秒
2024-09-25 00:32:52 CHB 1406025?1727195565 第 1 次 获取到号码【1406025】GSD
2024-09-25 00:32:52 未获取到号码【1406025】GSD，可能号码格式错误
2024-09-25 00:32:52 获取到号码【1406025】的GSD为【-】
2024-09-25 00:32:54 GSD insert 第 1 次 等待 3 秒
2024-09-25 00:32:57 {"status":"bad","gid":"644586","msg":"添加失败！号码【1406025(-|-)】已存在！"}
2024-09-25 00:32:57 随机等待 95 秒，约 1 分钟
2024-09-25 00:32:57 下次操作: 2024-09-25 00:34:32

2024-09-25 00:34:32 开始第 6028 次操作

2024-09-25 00:34:32 开始操作号码 【1406026】
2024-09-25 00:34:34 GSD getOne 第 1 次 等待 3 秒
2024-09-25 00:34:37 查询号码 【1406026】，返回信息 {"status":"ok","msg":"-","gid":"644597","time_insert":"2023-04-10 08:19"}
2024-09-25 00:34:37 查询号码 【1406026】，GSD为【"-"】
2024-09-25 00:34:37 ok && -
2024-09-25 00:34:38 CHB 1406026?1727195677 第 1 次 等待 3 秒
2024-09-25 00:34:41 CHB 1406026?1727195677 第 1 次 获取到号码【1406026】GSD
2024-09-25 00:34:41 未获取到号码【1406026】GSD，可能号码格式错误
2024-09-25 00:34:41 获取到号码【1406026】的GSD为【-】
2024-09-25 00:34:43 GSD insert 第 1 次 等待 3 秒
2024-09-25 00:34:46 {"status":"bad","gid":"644597","msg":"添加失败！号码【1406026(-|-)】已存在！"}

2024-09-25 00:47:28 开始第 6029 次操作

2024-09-25 00:47:28 开始操作号码 【1406027】
2024-09-25 00:47:30 GSD getOne 第 1 次 等待 3 秒
2024-09-25 00:47:33 查询号码 【1406027】，返回信息 {"status":"ok","msg":"-","gid":"644615","time_insert":"2023-04-10 08:40"}
2024-09-25 00:47:33 查询号码 【1406027】，GSD为【"-"】
2024-09-25 00:47:33 ok && -
2024-09-25 00:47:35 CHB 1406027?1727196453 第 1 次 等待 3 秒
2024-09-25 00:47:38 CHB 1406027?1727196453 第 1 次 获取到号码【1406027】GSD
2024-09-25 00:47:38 未获取到号码【1406027】GSD，可能号码格式错误
2024-09-25 00:47:38 获取到号码【1406027】的GSD为【-】
2024-09-25 00:47:40 GSD insert 第 1 次 等待 3 秒
2024-09-25 00:47:43 {"status":"bad","gid":"644615","msg":"添加失败！号码【1406027(-|-)】已存在！"}
2024-09-25 00:47:43 随机等待 173 秒，约 2 分钟
2024-09-25 00:47:43 下次操作: 2024-09-25 00:50:36

2024-09-25 00:50:36 开始第 6030 次操作

2024-09-25 00:50:36 开始操作号码 【1406028】
2024-09-25 00:50:39 GSD getOne 第 1 次 等待 3 秒
2024-09-25 00:50:42 查询号码 【1406028】，返回信息 {"status":"ok","msg":"-","gid":"644639","time_insert":"2023-04-10 09:01"}
2024-09-25 00:50:42 查询号码 【1406028】，GSD为【"-"】
2024-09-25 00:50:42 ok && -
2024-09-25 00:50:44 CHB 1406028?1727196642 第 1 次 等待 3 秒
2024-09-25 00:50:47 CHB 1406028?1727196642 第 1 次 获取到号码【1406028】GSD
2024-09-25 00:50:47 未获取到号码【1406028】GSD，可能号码格式错误
2024-09-25 00:50:47 获取到号码【1406028】的GSD为【-】
2024-09-25 00:50:49 GSD insert 第 1 次 等待 3 秒
2024-09-25 00:50:52 {"status":"bad","gid":"644639","msg":"添加失败！号码【1406028(-|-)】已存在！"}
2024-09-25 00:50:52 随机等待 137 秒，约 2 分钟
2024-09-25 00:50:52 下次操作: 2024-09-25 00:53:09

2024-09-25 00:53:09 开始第 6031 次操作

2024-09-25 00:53:09 开始操作号码 【1406029】
2024-09-25 00:53:11 GSD getOne 第 1 次 等待 3 秒
2024-09-25 00:53:14 查询号码 【1406029】，返回信息 {"status":"ok","msg":"-","gid":"644657","time_insert":"2023-04-10 09:17"}
2024-09-25 00:53:14 查询号码 【1406029】，GSD为【"-"】
2024-09-25 00:53:14 ok && -
2024-09-25 00:53:16 CHB 1406029?1727196794 第 1 次 等待 3 秒
2024-09-25 00:53:19 CHB 1406029?1727196794 第 1 次 获取到号码【1406029】GSD
2024-09-25 00:53:19 未获取到号码【1406029】GSD，可能号码格式错误
2024-09-25 00:53:19 获取到号码【1406029】的GSD为【-】
2024-09-25 00:53:23 GSD insert 第 1 次 等待 3 秒
2024-09-25 00:53:26 {"status":"bad","gid":"644657","msg":"添加失败！号码【1406029(-|-)】已存在！"}
2024-09-25 00:53:26 随机等待 161 秒，约 2 分钟
2024-09-25 00:53:26 下次操作: 2024-09-25 00:56:07

2024-09-25 00:56:07 开始第 6032 次操作

2024-09-25 00:56:07 开始操作号码 【1406030】
2024-09-25 00:56:09 GSD getOne 第 1 次 等待 3 秒
2024-09-25 00:56:12 查询号码 【1406030】，返回信息 {"status":"ok","msg":"-","gid":"644674","time_insert":"2023-04-10 09:33"}
2024-09-25 00:56:12 查询号码 【1406030】，GSD为【"-"】
2024-09-25 00:56:12 ok && -
2024-09-25 00:56:14 CHB 1406030?1727196972 第 1 次 等待 3 秒
2024-09-25 00:56:17 CHB 1406030?1727196972 第 1 次 获取到号码【1406030】GSD
2024-09-25 00:56:17 未获取到号码【1406030】GSD，可能号码格式错误
2024-09-25 00:56:17 获取到号码【1406030】的GSD为【-】
2024-09-25 00:56:19 GSD insert 第 1 次 等待 3 秒
2024-09-25 00:56:22 {"status":"bad","gid":"644674","msg":"添加失败！号码【1406030(-|-)】已存在！"}

