2024-03-17 00:08:58 开始第 9477 次操作

2024-03-17 00:08:58 开始操作号码 【1739376】
2024-03-17 00:09:03 GSD getOne 第 1 次 等待 3 秒
2024-03-17 00:09:06 查询号码 【1739376】，返回信息 {"status":"ok","msg":"甘肃-酒泉","gid":"229902","time_insert":"2021-07-09 10:23"}
2024-03-17 00:09:07 查询号码 【1739376】，GSD为【"甘肃-酒泉"】

2024-03-17 00:09:08 开始第 9478 次操作

2024-03-17 00:09:08 开始操作号码 【1739377】
2024-03-17 00:09:13 GSD getOne 第 1 次 等待 3 秒
2024-03-17 00:09:16 查询号码 【1739377】，返回信息 {"status":"ok","msg":"甘肃-酒泉","gid":"229906","time_insert":"2021-07-09 10:23"}
2024-03-17 00:09:16 查询号码 【1739377】，GSD为【"甘肃-酒泉"】

2024-03-17 00:09:17 开始第 9479 次操作

2024-03-17 00:09:17 开始操作号码 【1739378】
2024-03-17 00:09:22 GSD getOne 第 1 次 等待 3 秒
2024-03-17 00:09:25 查询号码 【1739378】，返回信息 {"status":"ok","msg":"甘肃-酒泉","gid":"229909","time_insert":"2021-07-09 10:23"}
2024-03-17 00:09:25 查询号码 【1739378】，GSD为【"甘肃-酒泉"】

2024-03-17 00:09:26 开始第 9480 次操作

2024-03-17 00:09:26 开始操作号码 【1739379】
2024-03-17 00:09:30 GSD getOne 第 1 次 等待 3 秒
2024-03-17 00:09:33 查询号码 【1739379】，返回信息 {"status":"ok","msg":"甘肃-酒泉","gid":"229913","time_insert":"2021-07-09 10:24"}
2024-03-17 00:09:33 查询号码 【1739379】，GSD为【"甘肃-酒泉"】

