2024-05-12 00:10:41 开始第 8653 次操作

2024-05-12 00:10:41 开始操作号码 【1628552】
2024-05-12 00:10:50 GSD getOne 第 1 次 等待 3 秒
2024-05-12 00:10:53 查询号码 【1628552】，返回信息 {"status":"ok","msg":"山西-太原","gid":"266939","time_insert":"2021-07-13 16:53","time_update":"2023-05-17 21:45"}
2024-05-12 00:10:53 查询号码 【1628552】，GSD为【"山西-太原"】

2024-05-12 00:10:54 开始第 8654 次操作

2024-05-12 00:10:54 开始操作号码 【1628553】
2024-05-12 00:11:06 GSD getOne 第 1 次 等待 3 秒
2024-05-12 00:11:09 查询号码 【1628553】，返回信息 {"status":"ok","msg":"山西-太原","gid":"266986","time_insert":"2021-07-13 16:59","time_update":"2023-05-17 21:50"}
2024-05-12 00:11:09 查询号码 【1628553】，GSD为【"山西-太原"】

2024-05-12 00:11:10 开始第 8655 次操作

2024-05-12 00:11:10 开始操作号码 【1628554】
2024-05-12 00:11:18 GSD getOne 第 1 次 等待 3 秒
2024-05-12 00:11:21 查询号码 【1628554】，返回信息 {"status":"ok","msg":"山西-太原","gid":"267031","time_insert":"2021-07-13 17:15","time_update":"2023-05-17 21:54"}
2024-05-12 00:11:21 查询号码 【1628554】，GSD为【"山西-太原"】

2024-05-12 00:11:22 开始第 8656 次操作

2024-05-12 00:11:22 开始操作号码 【1628555】
2024-05-12 00:11:32 GSD getOne 第 1 次 等待 3 秒
2024-05-12 00:11:35 查询号码 【1628555】，返回信息 {"status":"ok","msg":"-","gid":"267037","time_insert":"2021-07-13 17:19"}
2024-05-12 00:11:35 查询号码 【1628555】，GSD为【"-"】
2024-05-12 00:11:35 ok && -
2024-05-12 00:11:38 CHB 1628555?1715443895 第 1 次 等待 3 秒
2024-05-12 00:11:41 CHB 1628555?1715443895 第 1 次 获取到号码【1628555】GSD
2024-05-12 00:11:41 未获取到号码【1628555】GSD，可能号码格式错误
2024-05-12 00:11:41 获取到号码【1628555】的GSD为【-】
2024-05-12 00:11:46 GSD insert 第 1 次 等待 3 秒
2024-05-12 00:11:49 {"status":"bad","gid":"267037","msg":"添加失败！号码【1628555(-|-)】已存在！"}

2024-05-12 00:34:18 开始第 8657 次操作

2024-05-12 00:34:18 开始操作号码 【1628556】
2024-05-12 00:34:25 GSD getOne 第 1 次 等待 3 秒
2024-05-12 00:34:28 查询号码 【1628556】，返回信息 {"status":"ok","msg":"山西-大同","gid":"267051","time_insert":"2021-07-13 17:27","time_update":"2023-05-17 22:09"}
2024-05-12 00:34:29 查询号码 【1628556】，GSD为【"山西-大同"】

2024-05-12 00:34:30 开始第 8658 次操作

2024-05-12 00:34:30 开始操作号码 【1628557】
2024-05-12 00:34:38 GSD getOne 第 1 次 等待 3 秒
2024-05-12 00:34:41 查询号码 【1628557】，返回信息 {"status":"ok","msg":"山西-大同","gid":"267059","time_insert":"2021-07-13 17:32","time_update":"2023-05-17 22:12"}
2024-05-12 00:34:41 查询号码 【1628557】，GSD为【"山西-大同"】

2024-05-12 00:34:42 开始第 8659 次操作

2024-05-12 00:34:42 开始操作号码 【1628558】
2024-05-12 00:34:49 GSD getOne 第 1 次 等待 3 秒
2024-05-12 00:34:52 查询号码 【1628558】，返回信息 {"status":"ok","msg":"山西-吕梁","gid":"267072","time_insert":"2021-07-13 17:38","time_update":"2023-05-17 22:14"}
2024-05-12 00:34:52 查询号码 【1628558】，GSD为【"山西-吕梁"】

2024-05-12 00:34:53 开始第 8660 次操作

2024-05-12 00:34:53 开始操作号码 【1628559】
2024-05-12 00:34:59 GSD getOne 第 1 次 等待 3 秒
2024-05-12 00:35:02 查询号码 【1628559】，返回信息 {"status":"ok","msg":"山西-吕梁","gid":"267121","time_insert":"2021-07-13 17:44","time_update":"2023-05-17 22:20"}
2024-05-12 00:35:02 查询号码 【1628559】，GSD为【"山西-吕梁"】

2024-05-12 01:09:11 开始第 8661 次操作

2024-05-12 01:09:11 开始操作号码 【1628560】
2024-05-12 01:09:17 GSD getOne 第 1 次 等待 3 秒
2024-05-12 01:09:20 查询号码 【1628560】，返回信息 {"status":"ok","msg":"山西-吕梁","gid":"267254","time_insert":"2021-07-13 17:49","time_update":"2023-05-17 22:22"}
2024-05-12 01:09:20 查询号码 【1628560】，GSD为【"山西-吕梁"】

2024-05-12 01:09:21 开始第 8662 次操作

2024-05-12 01:09:21 开始操作号码 【1628561】
2024-05-12 01:09:28 GSD getOne 第 1 次 等待 3 秒
2024-05-12 01:09:31 查询号码 【1628561】，返回信息 {"status":"ok","msg":"山西-吕梁","gid":"267357","time_insert":"2021-07-13 17:56","time_update":"2023-05-17 22:24"}
2024-05-12 01:09:31 查询号码 【1628561】，GSD为【"山西-吕梁"】

2024-05-12 01:09:32 开始第 8663 次操作

2024-05-12 01:09:32 开始操作号码 【1628562】
2024-05-12 01:09:40 GSD getOne 第 1 次 等待 3 秒
2024-05-12 01:09:43 查询号码 【1628562】，返回信息 {"status":"ok","msg":"山西-吕梁","gid":"267377","time_insert":"2021-07-13 18:03","time_update":"2023-05-17 22:25"}
2024-05-12 01:09:43 查询号码 【1628562】，GSD为【"山西-吕梁"】

2024-05-12 01:09:44 开始第 8664 次操作

2024-05-12 01:09:44 开始操作号码 【1628563】
2024-05-12 01:09:51 GSD getOne 第 1 次 等待 3 秒
2024-05-12 01:09:54 查询号码 【1628563】，返回信息 {"status":"ok","msg":"山西-吕梁","gid":"267393","time_insert":"2021-07-13 18:09","time_update":"2023-05-17 22:33"}
2024-05-12 01:09:54 查询号码 【1628563】，GSD为【"山西-吕梁"】

2024-05-12 01:32:43 开始第 8665 次操作

2024-05-12 01:32:43 开始操作号码 【1628564】
2024-05-12 01:32:49 GSD getOne 第 1 次 等待 3 秒
2024-05-12 01:32:52 查询号码 【1628564】，返回信息 {"status":"ok","msg":"山西-吕梁","gid":"267406","time_insert":"2021-07-13 18:15","time_update":"2023-05-17 22:34"}
2024-05-12 01:32:52 查询号码 【1628564】，GSD为【"山西-吕梁"】

2024-05-12 01:32:53 开始第 8666 次操作

2024-05-12 01:32:53 开始操作号码 【1628565】
2024-05-12 01:33:01 GSD getOne 第 1 次 等待 3 秒
2024-05-12 01:33:04 查询号码 【1628565】，返回信息 {"status":"ok","msg":"山西-吕梁","gid":"267414","time_insert":"2021-07-13 18:20","time_update":"2023-05-17 22:36"}
2024-05-12 01:33:04 查询号码 【1628565】，GSD为【"山西-吕梁"】

2024-05-12 01:33:05 开始第 8667 次操作

2024-05-12 01:33:05 开始操作号码 【1628566】
2024-05-12 01:33:13 GSD getOne 第 1 次 等待 3 秒
2024-05-12 01:33:16 查询号码 【1628566】，返回信息 {"status":"ok","msg":"-","gid":"267421","time_insert":"2021-07-13 18:25"}
2024-05-12 01:33:16 查询号码 【1628566】，GSD为【"-"】
2024-05-12 01:33:16 ok && -
2024-05-12 01:33:18 CHB 1628566?1715448796 第 1 次 等待 3 秒
2024-05-12 01:33:21 CHB 1628566?1715448796 第 1 次 获取到号码【1628566】GSD
2024-05-12 01:33:21 未获取到号码【1628566】GSD，可能号码格式错误
2024-05-12 01:33:21 获取到号码【1628566】的GSD为【-】
2024-05-12 01:33:29 GSD insert 第 1 次 等待 3 秒
2024-05-12 01:33:32 {"status":"bad","gid":"267421","msg":"添加失败！号码【1628566(-|-)】已存在！"}
2024-05-12 01:33:32 随机等待 76 秒，约 1 分钟
2024-05-12 01:33:32 下次操作: 2024-05-12 01:34:48

2024-05-12 01:34:48 开始第 8668 次操作

2024-05-12 01:34:48 开始操作号码 【1628567】
2024-05-12 01:34:55 GSD getOne 第 1 次 等待 3 秒
2024-05-12 01:34:58 查询号码 【1628567】，返回信息 {"status":"ok","msg":"山西-吕梁","gid":"267431","time_insert":"2021-07-13 18:29","time_update":"2023-05-17 22:56"}
2024-05-12 01:34:58 查询号码 【1628567】，GSD为【"山西-吕梁"】

2024-05-12 02:11:09 开始第 8669 次操作

2024-05-12 02:11:09 开始操作号码 【1628568】
2024-05-12 02:11:15 GSD getOne 第 1 次 等待 3 秒
2024-05-12 02:11:18 查询号码 【1628568】，返回信息 {"status":"ok","msg":"山西-吕梁","gid":"267439","time_insert":"2021-07-13 18:34","time_update":"2023-05-17 23:05"}
2024-05-12 02:11:18 查询号码 【1628568】，GSD为【"山西-吕梁"】

2024-05-12 02:11:19 开始第 8670 次操作

2024-05-12 02:11:19 开始操作号码 【1628569】
2024-05-12 02:11:24 GSD getOne 第 1 次 等待 3 秒
2024-05-12 02:11:27 查询号码 【1628569】，返回信息 {"status":"ok","msg":"-","gid":"267453","time_insert":"2021-07-13 18:39"}
2024-05-12 02:11:27 查询号码 【1628569】，GSD为【"-"】
2024-05-12 02:11:27 ok && -
2024-05-12 02:11:29 CHB 1628569?1715451087 第 1 次 等待 3 秒
2024-05-12 02:11:32 CHB 1628569?1715451087 第 1 次 获取到号码【1628569】GSD
2024-05-12 02:11:32 未获取到号码【1628569】GSD，可能号码格式错误
2024-05-12 02:11:32 获取到号码【1628569】的GSD为【-】
2024-05-12 02:11:40 GSD insert 第 1 次 等待 3 秒
2024-05-12 02:11:43 {"status":"bad","gid":"267453","msg":"添加失败！号码【1628569(-|-)】已存在！"}
2024-05-12 02:11:43 随机等待 229 秒，约 3 分钟
2024-05-12 02:11:43 下次操作: 2024-05-12 02:15:32

2024-05-12 02:15:32 开始第 8671 次操作

2024-05-12 02:15:32 开始操作号码 【1628570】
2024-05-12 02:15:37 GSD getOne 第 1 次 等待 3 秒
2024-05-12 02:15:40 查询号码 【1628570】，返回信息 {"status":"ok","msg":"贵州-毕节","gid":"267503","time_insert":"2021-07-13 18:43","time_update":"2023-05-17 23:16"}
2024-05-12 02:15:40 查询号码 【1628570】，GSD为【"贵州-毕节"】

2024-05-12 02:15:41 开始第 8672 次操作

2024-05-12 02:15:41 开始操作号码 【1628571】
2024-05-12 02:15:46 GSD getOne 第 1 次 等待 3 秒
2024-05-12 02:15:49 查询号码 【1628571】，返回信息 {"status":"ok","msg":"贵州-毕节","gid":"267621","time_insert":"2021-07-13 18:48","time_update":"2023-05-17 23:21"}
2024-05-12 02:15:49 查询号码 【1628571】，GSD为【"贵州-毕节"】

