2024-03-14 00:34:36 开始第 8937 次操作

2024-03-14 00:34:36 开始操作号码 【1738836】
2024-03-14 00:34:40 GSD getOne 第 1 次 等待 3 秒
2024-03-14 00:34:43 查询号码 【1738836】，返回信息 {"status":"ok","msg":"四川-绵阳","gid":"29743","time_insert":"2018-11-07 15:28","time_update":"2020-10-29 14:42"}
2024-03-14 00:34:43 查询号码 【1738836】，GSD为【"四川-绵阳"】

2024-03-14 00:34:44 开始第 8938 次操作

2024-03-14 00:34:44 开始操作号码 【1738837】
2024-03-14 00:34:51 GSD getOne 第 1 次 等待 3 秒
2024-03-14 00:34:54 查询号码 【1738837】，返回信息 {"status":"ok","msg":"四川-绵阳","gid":"29744","time_insert":"2020-03-28 19:35","time_update":"2020-10-29 14:46"}
2024-03-14 00:34:54 查询号码 【1738837】，GSD为【"四川-绵阳"】

2024-03-14 00:34:55 开始第 8939 次操作

2024-03-14 00:34:55 开始操作号码 【1738838】
2024-03-14 00:35:01 GSD getOne 第 1 次 等待 3 秒
2024-03-14 00:35:04 查询号码 【1738838】，返回信息 {"status":"ok","msg":"四川-绵阳","gid":"223331","time_insert":"2021-07-08 15:08"}
2024-03-14 00:35:04 查询号码 【1738838】，GSD为【"四川-绵阳"】

2024-03-14 00:35:05 开始第 8940 次操作

2024-03-14 00:35:05 开始操作号码 【1738839】
2024-03-14 00:35:09 GSD getOne 第 1 次 等待 3 秒
2024-03-14 00:35:12 查询号码 【1738839】，返回信息 {"status":"ok","msg":"四川-绵阳","gid":"29745","time_insert":"2018-11-06 13:17","time_update":"2020-10-29 14:47"}
2024-03-14 00:35:12 查询号码 【1738839】，GSD为【"四川-绵阳"】

