2024-02-24 00:09:58 开始第 5493 次操作

2024-02-24 00:09:58 开始操作号码 【1735392】
2024-02-24 00:10:03 GSD getOne 第 1 次 等待 3 秒
2024-02-24 00:10:06 查询号码 【1735392】，返回信息 {"status":"ok","msg":"山东-临沂","gid":"186683","time_insert":"2021-07-04 03:12"}
2024-02-24 00:10:06 查询号码 【1735392】，GSD为【"山东-临沂"】

2024-02-24 00:10:07 开始第 5494 次操作

2024-02-24 00:10:07 开始操作号码 【1735393】
2024-02-24 00:10:13 GSD getOne 第 1 次 等待 3 秒
2024-02-24 00:10:16 查询号码 【1735393】，返回信息 {"status":"ok","msg":"山东-临沂","gid":"186689","time_insert":"2021-07-04 03:13"}
2024-02-24 00:10:16 查询号码 【1735393】，GSD为【"山东-临沂"】

2024-02-24 00:10:17 开始第 5495 次操作

2024-02-24 00:10:17 开始操作号码 【1735394】
2024-02-24 00:10:21 GSD getOne 第 1 次 等待 3 秒
2024-02-24 00:10:24 查询号码 【1735394】，返回信息 {"status":"ok","msg":"山东-临沂","gid":"186696","time_insert":"2021-07-04 03:14"}
2024-02-24 00:10:24 查询号码 【1735394】，GSD为【"山东-临沂"】

2024-02-24 00:10:26 开始第 5496 次操作

2024-02-24 00:10:26 开始操作号码 【1735395】
2024-02-24 00:10:30 GSD getOne 第 1 次 等待 3 秒
2024-02-24 00:10:33 查询号码 【1735395】，返回信息 {"status":"ok","msg":"山东-临沂","gid":"186703","time_insert":"2021-07-04 03:15"}
2024-02-24 00:10:33 查询号码 【1735395】，GSD为【"山东-临沂"】

