2023-10-15 00:09:16 开始第 3213 次操作

2023-10-15 00:09:16 开始操作号码 【1943178】
2023-10-15 00:09:46 GSD getOne 第 1 次 等待 3 秒
2023-10-15 00:09:49 查询号码 【1943178】，返回信息 {"status":"ok","msg":"-","gid":"619112","time_insert":"2023-03-28 02:58"}
2023-10-15 00:09:49 查询号码 【1943178】，GSD为【"-"】
2023-10-15 00:09:49 ok && -
2023-10-15 00:09:56 CHB 1943178?1697299789 第 1 次 等待 3 秒
2023-10-15 00:09:59 CHB 1943178?1697299789 第 1 次 获取到号码【1943178】GSD
2023-10-15 00:09:59 未获取到号码【1943178】GSD，可能号码格式错误
2023-10-15 00:09:59 获取到号码【1943178】的GSD为【-】
2023-10-15 00:10:06 GSD insert 第 1 次 等待 3 秒
2023-10-15 00:10:09 {"status":"bad","gid":"619112","msg":"添加失败！号码【1943178(-|-)】已存在！"}
2023-10-15 00:10:09 随机等待 200 秒，约 3 分钟
2023-10-15 00:10:09 下次操作: 2023-10-15 00:13:29

2023-10-15 00:13:29 开始第 3214 次操作

2023-10-15 00:13:29 开始操作号码 【1943179】
2023-10-15 00:13:36 GSD getOne 第 1 次 等待 3 秒
2023-10-15 00:13:39 查询号码 【1943179】，返回信息 {"status":"ok","msg":"-","gid":"619140","time_insert":"2023-03-28 03:18"}
2023-10-15 00:13:39 查询号码 【1943179】，GSD为【"-"】
2023-10-15 00:13:39 ok && -
2023-10-15 00:13:43 CHB 1943179?1697300019 第 1 次 等待 3 秒
2023-10-15 00:13:46 CHB 1943179?1697300019 第 1 次 获取到号码【1943179】GSD
2023-10-15 00:13:46 未获取到号码【1943179】GSD，可能号码格式错误
2023-10-15 00:13:46 获取到号码【1943179】的GSD为【-】
2023-10-15 00:13:54 GSD insert 第 1 次 等待 3 秒
2023-10-15 00:13:57 {"status":"bad","gid":"619140","msg":"添加失败！号码【1943179(-|-)】已存在！"}
2023-10-15 00:13:57 随机等待 179 秒，约 2 分钟
2023-10-15 00:13:57 下次操作: 2023-10-15 00:16:56

2023-10-15 00:16:56 开始第 3215 次操作

2023-10-15 00:16:56 开始操作号码 【1943180】
2023-10-15 00:17:58 GSD getOne 第 1 次 等待 3 秒
2023-10-15 00:18:01 查询号码 【1943180】，返回信息 {"status":"ok","msg":"-","gid":"619165","time_insert":"2023-03-28 03:36"}
2023-10-15 00:18:01 查询号码 【1943180】，GSD为【"-"】
2023-10-15 00:18:01 ok && -
2023-10-15 00:18:06 CHB 1943180?1697300281 第 1 次 等待 3 秒
2023-10-15 00:18:09 CHB 1943180?1697300281 第 1 次 获取到号码【1943180】GSD
2023-10-15 00:18:09 未获取到号码【1943180】GSD，可能号码格式错误
2023-10-15 00:18:09 获取到号码【1943180】的GSD为【-】
2023-10-15 00:18:22 GSD insert 第 1 次 等待 3 秒
2023-10-15 00:18:25 {"status":"bad","gid":"619165","msg":"添加失败！号码【1943180(-|-)】已存在！"}
2023-10-15 00:18:25 随机等待 180 秒，约 3 分钟
2023-10-15 00:18:25 下次操作: 2023-10-15 00:21:25

2023-10-15 00:21:25 开始第 3216 次操作

2023-10-15 00:21:25 开始操作号码 【1943181】
2023-10-15 00:21:28 GSD getOne 第 1 次 等待 3 秒
2023-10-15 00:21:31 查询号码 【1943181】，返回信息 {"status":"ok","msg":"-","gid":"619193","time_insert":"2023-03-28 03:53"}
2023-10-15 00:21:31 查询号码 【1943181】，GSD为【"-"】
2023-10-15 00:21:31 ok && -
2023-10-15 00:21:36 CHB 1943181?1697300491 第 1 次 等待 3 秒
2023-10-15 00:21:39 CHB 1943181?1697300491 第 1 次 获取到号码【1943181】GSD
2023-10-15 00:21:39 未获取到号码【1943181】GSD，可能号码格式错误
2023-10-15 00:21:39 获取到号码【1943181】的GSD为【-】
2023-10-15 00:21:45 GSD insert 第 1 次 等待 3 秒
2023-10-15 00:21:48 {"status":"bad","gid":"619193","msg":"添加失败！号码【1943181(-|-)】已存在！"}

