2023-12-24 00:09:43 开始第 4985 次操作

2023-12-24 00:09:43 开始操作号码 【1844884】
2023-12-24 00:09:47 GSD getOne 第 1 次 等待 3 秒
2023-12-24 00:09:50 查询号码 【1844884】，返回信息 {"status":"ok","msg":"广西-南宁","gid":"456191","time_insert":"2021-07-31 13:15"}
2023-12-24 00:09:50 查询号码 【1844884】，GSD为【"广西-南宁"】

2023-12-24 00:09:51 开始第 4986 次操作

2023-12-24 00:09:51 开始操作号码 【1844885】
2023-12-24 00:10:03 GSD getOne 第 1 次 等待 3 秒
2023-12-24 00:10:06 查询号码 【1844885】，返回信息 {"status":"ok","msg":"广西-南宁","gid":"456177","time_insert":"2021-07-31 13:14"}
2023-12-24 00:10:06 查询号码 【1844885】，GSD为【"广西-南宁"】

2023-12-24 00:10:07 开始第 4987 次操作

2023-12-24 00:10:07 开始操作号码 【1844886】
2023-12-24 00:10:11 GSD getOne 第 1 次 等待 3 秒
2023-12-24 00:10:14 查询号码 【1844886】，返回信息 {"status":"ok","msg":"广西-南宁","gid":"456170","time_insert":"2021-07-31 13:14"}
2023-12-24 00:10:14 查询号码 【1844886】，GSD为【"广西-南宁"】

2023-12-24 00:10:15 开始第 4988 次操作

2023-12-24 00:10:15 开始操作号码 【1844887】
2023-12-24 00:10:20 GSD getOne 第 1 次 等待 3 秒
2023-12-24 00:10:23 查询号码 【1844887】，返回信息 {"status":"ok","msg":"广西-南宁","gid":"456159","time_insert":"2021-07-31 13:13"}
2023-12-24 00:10:23 查询号码 【1844887】，GSD为【"广西-南宁"】

