2024-05-11 00:11:37 开始第 8469 次操作

2024-05-11 00:11:37 开始操作号码 【1628368】
2024-05-11 00:11:42 GSD getOne 第 1 次 等待 3 秒
2024-05-11 00:11:45 查询号码 【1628368】，返回信息 {"status":"ok","msg":"山西-临汾","gid":"261437","time_insert":"2021-07-13 02:04","time_update":"2023-05-17 09:05"}
2024-05-11 00:11:45 查询号码 【1628368】，GSD为【"山西-临汾"】

2024-05-11 00:11:46 开始第 8470 次操作

2024-05-11 00:11:46 开始操作号码 【1628369】
2024-05-11 00:11:52 GSD getOne 第 1 次 等待 3 秒
2024-05-11 00:11:55 查询号码 【1628369】，返回信息 {"status":"ok","msg":"山西-临汾","gid":"261455","time_insert":"2021-07-13 02:08","time_update":"2023-05-17 09:23"}
2024-05-11 00:11:55 查询号码 【1628369】，GSD为【"山西-临汾"】

2024-05-11 00:11:56 开始第 8471 次操作

2024-05-11 00:11:56 开始操作号码 【1628370】
2024-05-11 00:12:08 GSD getOne 第 1 次 等待 3 秒
2024-05-11 00:12:11 查询号码 【1628370】，返回信息 {"status":"ok","msg":"河南-商丘","gid":"261469","time_insert":"2021-07-13 02:12","time_update":"2023-05-17 10:14"}
2024-05-11 00:12:11 查询号码 【1628370】，GSD为【"河南-商丘"】

2024-05-11 00:12:12 开始第 8472 次操作

2024-05-11 00:12:12 开始操作号码 【1628371】
2024-05-11 00:12:18 GSD getOne 第 1 次 等待 3 秒
2024-05-11 00:12:21 查询号码 【1628371】，返回信息 {"status":"ok","msg":"河南-郑州","gid":"261484","time_insert":"2021-07-13 02:16","time_update":"2023-05-17 10:16"}
2024-05-11 00:12:21 查询号码 【1628371】，GSD为【"河南-郑州"】

2024-05-11 00:36:36 开始第 8473 次操作

2024-05-11 00:36:36 开始操作号码 【1628372】
2024-05-11 00:36:44 GSD getOne 第 1 次 等待 3 秒
2024-05-11 00:36:47 查询号码 【1628372】，返回信息 {"status":"ok","msg":"河南-安阳","gid":"261493","time_insert":"2021-07-13 02:20","time_update":"2023-05-17 10:17"}
2024-05-11 00:36:47 查询号码 【1628372】，GSD为【"河南-安阳"】

2024-05-11 00:36:48 开始第 8474 次操作

2024-05-11 00:36:48 开始操作号码 【1628373】
2024-05-11 00:36:53 GSD getOne 第 1 次 等待 3 秒
2024-05-11 00:36:56 查询号码 【1628373】，返回信息 {"status":"ok","msg":"河南-新乡","gid":"261507","time_insert":"2021-07-13 02:26","time_update":"2023-05-17 10:19"}
2024-05-11 00:36:56 查询号码 【1628373】，GSD为【"河南-新乡"】

2024-05-11 00:36:57 开始第 8475 次操作

2024-05-11 00:36:57 开始操作号码 【1628374】
2024-05-11 00:37:04 GSD getOne 第 1 次 等待 3 秒
2024-05-11 00:37:07 查询号码 【1628374】，返回信息 {"status":"ok","msg":"河南-许昌","gid":"261514","time_insert":"2021-07-13 02:29","time_update":"2023-05-17 10:21"}
2024-05-11 00:37:07 查询号码 【1628374】，GSD为【"河南-许昌"】

2024-05-11 00:37:08 开始第 8476 次操作

2024-05-11 00:37:08 开始操作号码 【1628375】
2024-05-11 00:37:28 GSD getOne 第 1 次 等待 3 秒
2024-05-11 00:37:31 查询号码 【1628375】，返回信息 {"status":"ok","msg":"河南-平顶山","gid":"261528","time_insert":"2021-07-13 02:35","time_update":"2023-05-17 10:23"}
2024-05-11 00:37:31 查询号码 【1628375】，GSD为【"河南-平顶山"】

