2024-02-06 00:10:16 开始第 2181 次操作

2024-02-06 00:10:16 开始操作号码 【1732080】
2024-02-06 00:10:21 GSD getOne 第 1 次 等待 3 秒
2024-02-06 00:10:24 查询号码 【1732080】，返回信息 {"status":"ok","msg":"河北-邢台","gid":"152898","time_insert":"2021-06-29 11:02"}
2024-02-06 00:10:24 查询号码 【1732080】，GSD为【"河北-邢台"】

2024-02-06 00:10:25 开始第 2182 次操作

2024-02-06 00:10:25 开始操作号码 【1732081】
2024-02-06 00:10:29 GSD getOne 第 1 次 等待 3 秒
2024-02-06 00:10:32 查询号码 【1732081】，返回信息 {"status":"ok","msg":"河北-邢台","gid":"152904","time_insert":"2021-06-29 11:02"}
2024-02-06 00:10:32 查询号码 【1732081】，GSD为【"河北-邢台"】

2024-02-06 00:10:34 开始第 2183 次操作

2024-02-06 00:10:34 开始操作号码 【1732082】
2024-02-06 00:10:39 GSD getOne 第 1 次 等待 3 秒
2024-02-06 00:10:42 查询号码 【1732082】，返回信息 {"status":"ok","msg":"河北-邢台","gid":"152908","time_insert":"2021-06-29 11:03"}
2024-02-06 00:10:42 查询号码 【1732082】，GSD为【"河北-邢台"】

2024-02-06 00:10:43 开始第 2184 次操作

2024-02-06 00:10:43 开始操作号码 【1732083】
2024-02-06 00:10:47 GSD getOne 第 1 次 等待 3 秒
2024-02-06 00:10:50 查询号码 【1732083】，返回信息 {"status":"ok","msg":"河北-邢台","gid":"152913","time_insert":"2021-06-29 11:03"}
2024-02-06 00:10:50 查询号码 【1732083】，GSD为【"河北-邢台"】

