2024-02-02 00:10:28 开始第 1449 次操作

2024-02-02 00:10:28 开始操作号码 【1731348】
2024-02-02 00:10:32 GSD getOne 第 1 次 等待 3 秒
2024-02-02 00:10:35 查询号码 【1731348】，返回信息 {"status":"ok","msg":"四川-泸州","gid":"28983","time_insert":"2020-07-21 10:11","time_update":"2020-10-28 03:35"}
2024-02-02 00:10:35 查询号码 【1731348】，GSD为【"四川-泸州"】

2024-02-02 00:10:36 开始第 1450 次操作

2024-02-02 00:10:36 开始操作号码 【1731349】
2024-02-02 00:10:43 GSD getOne 第 1 次 等待 3 秒
2024-02-02 00:10:46 查询号码 【1731349】，返回信息 {"status":"ok","msg":"四川-泸州","gid":"145911","time_insert":"2021-06-28 11:04"}
2024-02-02 00:10:46 查询号码 【1731349】，GSD为【"四川-泸州"】

2024-02-02 00:10:47 开始第 1451 次操作

2024-02-02 00:10:47 开始操作号码 【1731350】
2024-02-02 00:10:52 GSD getOne 第 1 次 等待 3 秒
2024-02-02 00:10:55 查询号码 【1731350】，返回信息 {"status":"ok","msg":"四川-泸州","gid":"28984","time_insert":"2019-08-31 12:55","time_update":"2020-10-28 03:35"}
2024-02-02 00:10:55 查询号码 【1731350】，GSD为【"四川-泸州"】

2024-02-02 00:10:56 开始第 1452 次操作

2024-02-02 00:10:56 开始操作号码 【1731351】
2024-02-02 00:11:00 GSD getOne 第 1 次 等待 3 秒
2024-02-02 00:11:03 查询号码 【1731351】，返回信息 {"status":"ok","msg":"四川-眉山","gid":"28985","time_insert":"2018-12-03 10:01","time_update":"2020-10-28 03:40"}
2024-02-02 00:11:03 查询号码 【1731351】，GSD为【"四川-眉山"】

2024-02-02 00:33:54 开始第 1453 次操作

2024-02-02 00:33:54 开始操作号码 【1731352】
2024-02-02 00:33:58 GSD getOne 第 1 次 等待 3 秒
2024-02-02 00:34:01 查询号码 【1731352】，返回信息 {"status":"ok","msg":"四川-眉山","gid":"145920","time_insert":"2021-06-28 11:05"}
2024-02-02 00:34:01 查询号码 【1731352】，GSD为【"四川-眉山"】

2024-02-02 00:34:02 开始第 1454 次操作

2024-02-02 00:34:02 开始操作号码 【1731353】
2024-02-02 00:34:07 GSD getOne 第 1 次 等待 3 秒
2024-02-02 00:34:10 查询号码 【1731353】，返回信息 {"status":"ok","msg":"四川-眉山","gid":"145925","time_insert":"2021-06-28 11:05"}
2024-02-02 00:34:10 查询号码 【1731353】，GSD为【"四川-眉山"】

2024-02-02 00:34:11 开始第 1455 次操作

2024-02-02 00:34:11 开始操作号码 【1731354】
2024-02-02 00:34:16 GSD getOne 第 1 次 等待 3 秒
2024-02-02 00:34:19 查询号码 【1731354】，返回信息 {"status":"ok","msg":"四川-眉山","gid":"145929","time_insert":"2021-06-28 11:06"}
2024-02-02 00:34:19 查询号码 【1731354】，GSD为【"四川-眉山"】

2024-02-02 00:34:20 开始第 1456 次操作

2024-02-02 00:34:20 开始操作号码 【1731355】
2024-02-02 00:34:25 GSD getOne 第 1 次 等待 3 秒
2024-02-02 00:34:28 查询号码 【1731355】，返回信息 {"status":"ok","msg":"四川-眉山","gid":"145933","time_insert":"2021-06-28 11:06"}
2024-02-02 00:34:28 查询号码 【1731355】，GSD为【"四川-眉山"】

