2024-08-27 00:27:22 开始第 1301 次操作

2024-08-27 00:27:22 开始操作号码 【1401300】
2024-08-27 00:27:31 GSD getOne 第 1 次 等待 3 秒
2024-08-27 00:27:34 查询号码 【1401300】，返回信息 {"status":"ok","msg":"-","gid":"537651","time_insert":"2023-02-18 08:37"}
2024-08-27 00:27:34 查询号码 【1401300】，GSD为【"-"】
2024-08-27 00:27:34 ok && -
2024-08-27 00:27:36 CHB 1401300?1724689654 第 1 次 等待 3 秒
2024-08-27 00:27:39 CHB 1401300?1724689654 第 1 次 获取到号码【1401300】GSD
2024-08-27 00:27:39 未获取到号码【1401300】GSD，可能号码格式错误
2024-08-27 00:27:39 获取到号码【1401300】的GSD为【-】
2024-08-27 00:27:48 GSD insert 第 1 次 等待 3 秒
2024-08-27 00:27:51 {"status":"bad","gid":"537651","msg":"添加失败！号码【1401300(-|-)】已存在！"}
2024-08-27 00:27:51 随机等待 170 秒，约 2 分钟
2024-08-27 00:27:51 下次操作: 2024-08-27 00:30:41

2024-08-27 00:30:41 开始第 1302 次操作

2024-08-27 00:30:41 开始操作号码 【1401301】
2024-08-27 00:30:49 GSD getOne 第 1 次 等待 3 秒
2024-08-27 00:30:52 查询号码 【1401301】，返回信息 {"status":"ok","msg":"-","gid":"537663","time_insert":"2023-02-18 08:47"}
2024-08-27 00:30:52 查询号码 【1401301】，GSD为【"-"】
2024-08-27 00:30:52 ok && -
2024-08-27 00:30:54 CHB 1401301?1724689852 第 1 次 等待 3 秒
2024-08-27 00:30:57 CHB 1401301?1724689852 第 1 次 获取到号码【1401301】GSD
2024-08-27 00:30:57 未获取到号码【1401301】GSD，可能号码格式错误
2024-08-27 00:30:57 获取到号码【1401301】的GSD为【-】
2024-08-27 00:31:06 GSD insert 第 1 次 等待 3 秒
2024-08-27 00:31:09 {"status":"bad","gid":"537663","msg":"添加失败！号码【1401301(-|-)】已存在！"}
2024-08-27 00:31:09 随机等待 220 秒，约 3 分钟
2024-08-27 00:31:09 下次操作: 2024-08-27 00:34:49

2024-08-27 00:34:49 开始第 1303 次操作

2024-08-27 00:34:49 开始操作号码 【1401302】
2024-08-27 00:34:58 GSD getOne 第 1 次 等待 3 秒
2024-08-27 00:35:01 查询号码 【1401302】，返回信息 {"status":"ok","msg":"-","gid":"537684","time_insert":"2023-02-18 09:05"}
2024-08-27 00:35:01 查询号码 【1401302】，GSD为【"-"】
2024-08-27 00:35:01 ok && -
2024-08-27 00:35:04 CHB 1401302?1724690101 第 1 次 等待 3 秒
2024-08-27 00:35:07 CHB 1401302?1724690101 第 1 次 获取到号码【1401302】GSD
2024-08-27 00:35:07 未获取到号码【1401302】GSD，可能号码格式错误
2024-08-27 00:35:07 获取到号码【1401302】的GSD为【-】
2024-08-27 00:35:15 GSD insert 第 1 次 等待 3 秒
2024-08-27 00:35:18 {"status":"bad","gid":"537684","msg":"添加失败！号码【1401302(-|-)】已存在！"}
2024-08-27 00:35:18 随机等待 217 秒，约 3 分钟
2024-08-27 00:35:18 下次操作: 2024-08-27 00:38:55

2024-08-27 00:38:55 开始第 1304 次操作

2024-08-27 00:38:55 开始操作号码 【1401303】
2024-08-27 00:39:03 GSD getOne 第 1 次 等待 3 秒
2024-08-27 00:39:06 查询号码 【1401303】，返回信息 {"status":"ok","msg":"-","gid":"537696","time_insert":"2023-02-18 09:15"}
2024-08-27 00:39:06 查询号码 【1401303】，GSD为【"-"】
2024-08-27 00:39:06 ok && -
2024-08-27 00:39:08 CHB 1401303?1724690346 第 1 次 等待 3 秒
2024-08-27 00:39:11 CHB 1401303?1724690346 第 1 次 获取到号码【1401303】GSD
2024-08-27 00:39:11 未获取到号码【1401303】GSD，可能号码格式错误
2024-08-27 00:39:11 获取到号码【1401303】的GSD为【-】
2024-08-27 00:39:18 GSD insert 第 1 次 等待 3 秒
2024-08-27 00:39:22 {"status":"bad","gid":"537696","msg":"添加失败！号码【1401303(-|-)】已存在！"}

2024-08-27 00:44:54 开始第 1305 次操作

2024-08-27 00:44:54 开始操作号码 【1401304】
2024-08-27 00:45:01 GSD getOne 第 1 次 等待 3 秒
2024-08-27 00:45:04 查询号码 【1401304】，返回信息 {"status":"ok","msg":"-","gid":"537713","time_insert":"2023-02-18 09:33"}
2024-08-27 00:45:05 查询号码 【1401304】，GSD为【"-"】
2024-08-27 00:45:05 ok && -
2024-08-27 00:45:06 CHB 1401304?1724690705 第 1 次 等待 3 秒
2024-08-27 00:45:09 CHB 1401304?1724690705 第 1 次 获取到号码【1401304】GSD
2024-08-27 00:45:09 未获取到号码【1401304】GSD，可能号码格式错误
2024-08-27 00:45:09 获取到号码【1401304】的GSD为【-】
2024-08-27 00:45:17 GSD insert 第 1 次 等待 3 秒
2024-08-27 00:45:20 {"status":"bad","gid":"537713","msg":"添加失败！号码【1401304(-|-)】已存在！"}
2024-08-27 00:45:20 随机等待 222 秒，约 3 分钟
2024-08-27 00:45:20 下次操作: 2024-08-27 00:49:02

2024-08-27 00:49:02 开始第 1306 次操作

2024-08-27 00:49:02 开始操作号码 【1401305】
2024-08-27 00:49:11 GSD getOne 第 1 次 等待 3 秒
2024-08-27 00:49:14 查询号码 【1401305】，返回信息 {"status":"ok","msg":"-","gid":"537739","time_insert":"2023-02-18 09:49"}
2024-08-27 00:49:14 查询号码 【1401305】，GSD为【"-"】
2024-08-27 00:49:14 ok && -
2024-08-27 00:49:16 CHB 1401305?1724690954 第 1 次 等待 3 秒
2024-08-27 00:49:19 CHB 1401305?1724690954 第 1 次 获取到号码【1401305】GSD
2024-08-27 00:49:19 未获取到号码【1401305】GSD，可能号码格式错误
2024-08-27 00:49:19 获取到号码【1401305】的GSD为【-】
2024-08-27 00:49:26 GSD insert 第 1 次 等待 3 秒
2024-08-27 00:49:29 {"status":"bad","gid":"537739","msg":"添加失败！号码【1401305(-|-)】已存在！"}
2024-08-27 00:49:30 随机等待 233 秒，约 3 分钟
2024-08-27 00:49:30 下次操作: 2024-08-27 00:53:23

2024-08-27 00:53:23 开始第 1307 次操作

2024-08-27 00:53:23 开始操作号码 【1401306】
2024-08-27 00:53:30 GSD getOne 第 1 次 等待 3 秒
2024-08-27 00:53:33 查询号码 【1401306】，返回信息 {"status":"ok","msg":"-","gid":"537758","time_insert":"2023-02-18 10:06"}
2024-08-27 00:53:33 查询号码 【1401306】，GSD为【"-"】
2024-08-27 00:53:33 ok && -
2024-08-27 00:53:35 CHB 1401306?1724691213 第 1 次 等待 3 秒
2024-08-27 00:53:38 CHB 1401306?1724691213 第 1 次 获取到号码【1401306】GSD
2024-08-27 00:53:38 未获取到号码【1401306】GSD，可能号码格式错误
2024-08-27 00:53:38 获取到号码【1401306】的GSD为【-】
2024-08-27 00:53:46 GSD insert 第 1 次 等待 3 秒
2024-08-27 00:53:49 {"status":"bad","gid":"537758","msg":"添加失败！号码【1401306(-|-)】已存在！"}
2024-08-27 00:53:49 随机等待 166 秒，约 2 分钟
2024-08-27 00:53:49 下次操作: 2024-08-27 00:56:35

2024-08-27 00:56:35 开始第 1308 次操作

2024-08-27 00:56:35 开始操作号码 【1401307】
2024-08-27 00:56:44 GSD getOne 第 1 次 等待 3 秒
2024-08-27 00:56:47 查询号码 【1401307】，返回信息 {"status":"ok","msg":"-","gid":"537777","time_insert":"2023-02-18 10:20"}
2024-08-27 00:56:47 查询号码 【1401307】，GSD为【"-"】
2024-08-27 00:56:47 ok && -
2024-08-27 00:56:49 CHB 1401307?1724691407 第 1 次 等待 3 秒
2024-08-27 00:56:52 CHB 1401307?1724691407 第 1 次 获取到号码【1401307】GSD
2024-08-27 00:56:52 未获取到号码【1401307】GSD，可能号码格式错误
2024-08-27 00:56:52 获取到号码【1401307】的GSD为【-】
2024-08-27 00:57:05 GSD insert 第 1 次 等待 3 秒
2024-08-27 00:57:08 {"status":"bad","gid":"537777","msg":"添加失败！号码【1401307(-|-)】已存在！"}

2024-08-27 01:19:19 开始第 1309 次操作

2024-08-27 01:19:19 开始操作号码 【1401308】
2024-08-27 01:19:27 GSD getOne 第 1 次 等待 3 秒
2024-08-27 01:19:30 查询号码 【1401308】，返回信息 {"status":"ok","msg":"-","gid":"537802","time_insert":"2023-02-18 10:36"}
2024-08-27 01:19:30 查询号码 【1401308】，GSD为【"-"】
2024-08-27 01:19:30 ok && -
2024-08-27 01:19:32 CHB 1401308?1724692770 第 1 次 等待 3 秒
2024-08-27 01:19:35 CHB 1401308?1724692770 第 1 次 获取到号码【1401308】GSD
2024-08-27 01:19:35 未获取到号码【1401308】GSD，可能号码格式错误
2024-08-27 01:19:35 获取到号码【1401308】的GSD为【-】
2024-08-27 01:19:43 GSD insert 第 1 次 等待 3 秒
2024-08-27 01:19:46 {"status":"bad","gid":"537802","msg":"添加失败！号码【1401308(-|-)】已存在！"}
2024-08-27 01:19:46 随机等待 123 秒，约 2 分钟
2024-08-27 01:19:46 下次操作: 2024-08-27 01:21:49

2024-08-27 01:21:49 开始第 1310 次操作

2024-08-27 01:21:49 开始操作号码 【1401309】
2024-08-27 01:21:57 GSD getOne 第 1 次 等待 3 秒
2024-08-27 01:22:00 查询号码 【1401309】，返回信息 {"status":"ok","msg":"-","gid":"537821","time_insert":"2023-02-18 10:48"}
2024-08-27 01:22:00 查询号码 【1401309】，GSD为【"-"】
2024-08-27 01:22:00 ok && -
2024-08-27 01:22:02 CHB 1401309?1724692920 第 1 次 等待 3 秒
2024-08-27 01:22:05 CHB 1401309?1724692920 第 1 次 获取到号码【1401309】GSD
2024-08-27 01:22:05 未获取到号码【1401309】GSD，可能号码格式错误
2024-08-27 01:22:05 获取到号码【1401309】的GSD为【-】
2024-08-27 01:22:13 GSD insert 第 1 次 等待 3 秒
2024-08-27 01:22:16 {"status":"bad","gid":"537821","msg":"添加失败！号码【1401309(-|-)】已存在！"}
2024-08-27 01:22:16 随机等待 196 秒，约 3 分钟
2024-08-27 01:22:16 下次操作: 2024-08-27 01:25:32

2024-08-27 01:25:32 开始第 1311 次操作

2024-08-27 01:25:32 开始操作号码 【1401310】
2024-08-27 01:25:40 GSD getOne 第 1 次 等待 3 秒
2024-08-27 01:25:43 查询号码 【1401310】，返回信息 {"status":"ok","msg":"-","gid":"537840","time_insert":"2023-02-18 11:01"}
2024-08-27 01:25:43 查询号码 【1401310】，GSD为【"-"】
2024-08-27 01:25:43 ok && -
2024-08-27 01:25:45 CHB 1401310?1724693143 第 1 次 等待 3 秒
2024-08-27 01:25:48 CHB 1401310?1724693143 第 1 次 获取到号码【1401310】GSD
2024-08-27 01:25:48 未获取到号码【1401310】GSD，可能号码格式错误
2024-08-27 01:25:48 获取到号码【1401310】的GSD为【-】
2024-08-27 01:25:55 GSD insert 第 1 次 等待 3 秒
2024-08-27 01:25:59 {"status":"bad","gid":"537840","msg":"添加失败！号码【1401310(-|-)】已存在！"}
2024-08-27 01:25:59 随机等待 128 秒，约 2 分钟
2024-08-27 01:25:59 下次操作: 2024-08-27 01:28:07

2024-08-27 01:28:07 开始第 1312 次操作

2024-08-27 01:28:07 开始操作号码 【1401311】
2024-08-27 01:28:14 GSD getOne 第 1 次 等待 3 秒
2024-08-27 01:28:17 查询号码 【1401311】，返回信息 {"status":"ok","msg":"-","gid":"537860","time_insert":"2023-02-18 11:13"}
2024-08-27 01:28:17 查询号码 【1401311】，GSD为【"-"】
2024-08-27 01:28:17 ok && -
2024-08-27 01:28:19 CHB 1401311?1724693297 第 1 次 等待 3 秒
2024-08-27 01:28:22 CHB 1401311?1724693297 第 1 次 获取到号码【1401311】GSD
2024-08-27 01:28:22 未获取到号码【1401311】GSD，可能号码格式错误
2024-08-27 01:28:22 获取到号码【1401311】的GSD为【-】
2024-08-27 01:28:30 GSD insert 第 1 次 等待 3 秒
2024-08-27 01:28:33 {"status":"bad","gid":"537860","msg":"添加失败！号码【1401311(-|-)】已存在！"}

2024-08-27 01:38:28 开始第 1313 次操作

2024-08-27 01:38:28 开始操作号码 【1401312】
2024-08-27 01:38:36 GSD getOne 第 1 次 等待 3 秒
2024-08-27 01:38:39 查询号码 【1401312】，返回信息 {"status":"ok","msg":"-","gid":"537885","time_insert":"2023-02-18 11:31"}
2024-08-27 01:38:39 查询号码 【1401312】，GSD为【"-"】
2024-08-27 01:38:39 ok && -
2024-08-27 01:38:41 CHB 1401312?1724693919 第 1 次 等待 3 秒
2024-08-27 01:38:44 CHB 1401312?1724693919 第 1 次 获取到号码【1401312】GSD
2024-08-27 01:38:44 未获取到号码【1401312】GSD，可能号码格式错误
2024-08-27 01:38:44 获取到号码【1401312】的GSD为【-】
2024-08-27 01:38:52 GSD insert 第 1 次 等待 3 秒
2024-08-27 01:38:55 {"status":"bad","gid":"537885","msg":"添加失败！号码【1401312(-|-)】已存在！"}
2024-08-27 01:38:55 随机等待 121 秒，约 2 分钟
2024-08-27 01:38:55 下次操作: 2024-08-27 01:40:56

2024-08-27 01:40:56 开始第 1314 次操作

2024-08-27 01:40:56 开始操作号码 【1401313】
2024-08-27 01:41:04 GSD getOne 第 1 次 等待 3 秒
2024-08-27 01:41:07 查询号码 【1401313】，返回信息 {"status":"ok","msg":"-","gid":"537902","time_insert":"2023-02-18 11:44"}
2024-08-27 01:41:07 查询号码 【1401313】，GSD为【"-"】
2024-08-27 01:41:07 ok && -
2024-08-27 01:41:09 CHB 1401313?1724694067 第 1 次 等待 3 秒
2024-08-27 01:41:12 CHB 1401313?1724694067 第 1 次 获取到号码【1401313】GSD
2024-08-27 01:41:12 未获取到号码【1401313】GSD，可能号码格式错误
2024-08-27 01:41:12 获取到号码【1401313】的GSD为【-】
2024-08-27 01:41:20 GSD insert 第 1 次 等待 3 秒
2024-08-27 01:41:23 {"status":"bad","gid":"537902","msg":"添加失败！号码【1401313(-|-)】已存在！"}
2024-08-27 01:41:23 随机等待 119 秒，约 1 分钟
2024-08-27 01:41:23 下次操作: 2024-08-27 01:43:22

2024-08-27 01:43:22 开始第 1315 次操作

2024-08-27 01:43:22 开始操作号码 【1401314】
2024-08-27 01:43:30 GSD getOne 第 1 次 等待 3 秒
2024-08-27 01:43:33 查询号码 【1401314】，返回信息 {"status":"ok","msg":"-","gid":"537921","time_insert":"2023-02-18 12:00"}
2024-08-27 01:43:33 查询号码 【1401314】，GSD为【"-"】
2024-08-27 01:43:33 ok && -
2024-08-27 01:43:35 CHB 1401314?1724694213 第 1 次 等待 3 秒
2024-08-27 01:43:38 CHB 1401314?1724694213 第 1 次 获取到号码【1401314】GSD
2024-08-27 01:43:38 未获取到号码【1401314】GSD，可能号码格式错误
2024-08-27 01:43:38 获取到号码【1401314】的GSD为【-】
2024-08-27 01:43:46 GSD insert 第 1 次 等待 3 秒
2024-08-27 01:43:49 {"status":"bad","gid":"537921","msg":"添加失败！号码【1401314(-|-)】已存在！"}
2024-08-27 01:43:49 随机等待 87 秒，约 1 分钟
2024-08-27 01:43:49 下次操作: 2024-08-27 01:45:16

2024-08-27 01:45:16 开始第 1316 次操作

2024-08-27 01:45:16 开始操作号码 【1401315】
2024-08-27 01:45:23 GSD getOne 第 1 次 等待 3 秒
2024-08-27 01:45:26 查询号码 【1401315】，返回信息 {"status":"ok","msg":"-","gid":"537930","time_insert":"2023-02-18 12:09"}
2024-08-27 01:45:26 查询号码 【1401315】，GSD为【"-"】
2024-08-27 01:45:26 ok && -
2024-08-27 01:45:28 CHB 1401315?1724694326 第 1 次 等待 3 秒
2024-08-27 01:45:31 CHB 1401315?1724694326 第 1 次 获取到号码【1401315】GSD
2024-08-27 01:45:31 未获取到号码【1401315】GSD，可能号码格式错误
2024-08-27 01:45:31 获取到号码【1401315】的GSD为【-】
2024-08-27 01:45:39 GSD insert 第 1 次 等待 3 秒
2024-08-27 01:45:42 {"status":"bad","gid":"537930","msg":"添加失败！号码【1401315(-|-)】已存在！"}

2024-08-27 02:28:04 开始第 1317 次操作

2024-08-27 02:28:04 开始操作号码 【1401316】
2024-08-27 02:28:12 GSD getOne 第 1 次 等待 3 秒
2024-08-27 02:28:15 查询号码 【1401316】，返回信息 {"status":"ok","msg":"-","gid":"537945","time_insert":"2023-02-18 12:23"}
2024-08-27 02:28:15 查询号码 【1401316】，GSD为【"-"】
2024-08-27 02:28:15 ok && -
2024-08-27 02:28:17 CHB 1401316?1724696895 第 1 次 等待 3 秒
2024-08-27 02:28:20 CHB 1401316?1724696895 第 1 次 获取到号码【1401316】GSD
2024-08-27 02:28:20 未获取到号码【1401316】GSD，可能号码格式错误
2024-08-27 02:28:20 获取到号码【1401316】的GSD为【-】
2024-08-27 02:28:27 GSD insert 第 1 次 等待 3 秒
2024-08-27 02:28:30 {"status":"bad","gid":"537945","msg":"添加失败！号码【1401316(-|-)】已存在！"}
2024-08-27 02:28:30 随机等待 94 秒，约 1 分钟
2024-08-27 02:28:30 下次操作: 2024-08-27 02:30:04

2024-08-27 02:30:04 开始第 1318 次操作

2024-08-27 02:30:04 开始操作号码 【1401317】
2024-08-27 02:30:12 GSD getOne 第 1 次 等待 3 秒
2024-08-27 02:30:15 查询号码 【1401317】，返回信息 {"status":"ok","msg":"-","gid":"537961","time_insert":"2023-02-18 12:40"}
2024-08-27 02:30:15 查询号码 【1401317】，GSD为【"-"】
2024-08-27 02:30:15 ok && -
2024-08-27 02:30:17 CHB 1401317?1724697015 第 1 次 等待 3 秒
2024-08-27 02:30:20 CHB 1401317?1724697015 第 1 次 获取到号码【1401317】GSD
2024-08-27 02:30:20 未获取到号码【1401317】GSD，可能号码格式错误
2024-08-27 02:30:20 获取到号码【1401317】的GSD为【-】
2024-08-27 02:30:27 GSD insert 第 1 次 等待 3 秒
2024-08-27 02:30:30 {"status":"bad","gid":"537961","msg":"添加失败！号码【1401317(-|-)】已存在！"}
2024-08-27 02:30:30 随机等待 133 秒，约 2 分钟
2024-08-27 02:30:30 下次操作: 2024-08-27 02:32:43

2024-08-27 02:32:43 开始第 1319 次操作

2024-08-27 02:32:43 开始操作号码 【1401318】
2024-08-27 02:32:55 GSD getOne 第 1 次 等待 3 秒
2024-08-27 02:32:58 查询号码 【1401318】，返回信息 {"status":"ok","msg":"-","gid":"537979","time_insert":"2023-02-18 12:52"}
2024-08-27 02:32:58 查询号码 【1401318】，GSD为【"-"】
2024-08-27 02:32:58 ok && -
2024-08-27 02:33:00 CHB 1401318?1724697178 第 1 次 等待 3 秒
2024-08-27 02:33:03 CHB 1401318?1724697178 第 1 次 获取到号码【1401318】GSD
2024-08-27 02:33:03 未获取到号码【1401318】GSD，可能号码格式错误
2024-08-27 02:33:03 获取到号码【1401318】的GSD为【-】
2024-08-27 02:33:13 GSD insert 第 1 次 等待 3 秒
2024-08-27 02:33:16 {"status":"bad","gid":"537979","msg":"添加失败！号码【1401318(-|-)】已存在！"}
2024-08-27 02:33:16 随机等待 82 秒，约 1 分钟
2024-08-27 02:33:16 下次操作: 2024-08-27 02:34:38

2024-08-27 02:34:38 开始第 1320 次操作

2024-08-27 02:34:38 开始操作号码 【1401319】
2024-08-27 02:34:46 GSD getOne 第 1 次 等待 3 秒
2024-08-27 02:34:49 查询号码 【1401319】，返回信息 {"status":"ok","msg":"-","gid":"537997","time_insert":"2023-02-18 13:01"}
2024-08-27 02:34:49 查询号码 【1401319】，GSD为【"-"】
2024-08-27 02:34:49 ok && -
2024-08-27 02:34:51 CHB 1401319?1724697289 第 1 次 等待 3 秒
2024-08-27 02:34:54 CHB 1401319?1724697289 第 1 次 获取到号码【1401319】GSD
2024-08-27 02:34:54 未获取到号码【1401319】GSD，可能号码格式错误
2024-08-27 02:34:54 获取到号码【1401319】的GSD为【-】
2024-08-27 02:35:01 GSD insert 第 1 次 等待 3 秒
2024-08-27 02:35:04 {"status":"bad","gid":"537997","msg":"添加失败！号码【1401319(-|-)】已存在！"}

