2023-10-07 00:10:48 开始第 1953 次操作

2023-10-07 00:10:48 开始操作号码 【1941952】
2023-10-07 00:10:52 GSD getOne 第 1 次 等待 3 秒
2023-10-07 00:10:55 查询号码 【1941952】，返回信息 {"status":"ok","msg":"-","gid":"586927","time_insert":"2023-03-13 00:46"}
2023-10-07 00:10:55 查询号码 【1941952】，GSD为【"-"】
2023-10-07 00:10:55 ok && -
2023-10-07 00:10:58 CHB 1941952?1696608655 第 1 次 等待 3 秒
2023-10-07 00:11:01 CHB 1941952?1696608655 第 1 次 获取到号码【1941952】GSD
2023-10-07 00:11:01 未获取到号码【1941952】GSD，可能号码格式错误
2023-10-07 00:11:01 获取到号码【1941952】的GSD为【-】
2023-10-07 00:11:03 GSD insert 第 1 次 等待 3 秒
2023-10-07 00:11:06 {"status":"bad","gid":"586927","msg":"添加失败！号码【1941952(-|-)】已存在！"}
2023-10-07 00:11:06 随机等待 132 秒，约 2 分钟
2023-10-07 00:11:06 下次操作: 2023-10-07 00:13:18

2023-10-07 00:13:18 开始第 1954 次操作

2023-10-07 00:13:18 开始操作号码 【1941953】
2023-10-07 00:13:23 GSD getOne 第 1 次 等待 3 秒
2023-10-07 00:13:26 查询号码 【1941953】，返回信息 {"status":"ok","msg":"-","gid":"586954","time_insert":"2023-03-13 01:03"}
2023-10-07 00:13:26 查询号码 【1941953】，GSD为【"-"】
2023-10-07 00:13:26 ok && -
2023-10-07 00:13:29 CHB 1941953?1696608806 第 1 次 等待 3 秒
2023-10-07 00:13:32 CHB 1941953?1696608806 第 1 次 获取到号码【1941953】GSD
2023-10-07 00:13:32 未获取到号码【1941953】GSD，可能号码格式错误
2023-10-07 00:13:32 获取到号码【1941953】的GSD为【-】
2023-10-07 00:13:34 GSD insert 第 1 次 等待 3 秒
2023-10-07 00:13:37 {"status":"bad","gid":"586954","msg":"添加失败！号码【1941953(-|-)】已存在！"}
2023-10-07 00:13:37 随机等待 109 秒，约 1 分钟
2023-10-07 00:13:37 下次操作: 2023-10-07 00:15:26

2023-10-07 00:15:26 开始第 1955 次操作

2023-10-07 00:15:26 开始操作号码 【1941954】
2023-10-07 00:15:39 GSD getOne 第 1 次 等待 3 秒
2023-10-07 00:15:42 查询号码 【1941954】，返回信息 {"status":"ok","msg":"-","gid":"586982","time_insert":"2023-03-13 01:23"}
2023-10-07 00:15:42 查询号码 【1941954】，GSD为【"-"】
2023-10-07 00:15:42 ok && -
2023-10-07 00:15:45 CHB 1941954?1696608942 第 1 次 等待 3 秒
2023-10-07 00:15:48 CHB 1941954?1696608942 第 1 次 获取到号码【1941954】GSD
2023-10-07 00:15:48 未获取到号码【1941954】GSD，可能号码格式错误
2023-10-07 00:15:48 获取到号码【1941954】的GSD为【-】
2023-10-07 00:15:55 GSD insert 第 1 次 等待 3 秒
2023-10-07 00:15:58 {"status":"bad","gid":"586982","msg":"添加失败！号码【1941954(-|-)】已存在！"}
2023-10-07 00:15:58 随机等待 160 秒，约 2 分钟
2023-10-07 00:15:58 下次操作: 2023-10-07 00:18:38

2023-10-07 00:18:38 开始第 1956 次操作

2023-10-07 00:18:38 开始操作号码 【1941955】
2023-10-07 00:18:41 GSD getOne 第 1 次 等待 3 秒
2023-10-07 00:18:44 查询号码 【1941955】，返回信息 {"status":"ok","msg":"-","gid":"587008","time_insert":"2023-03-13 01:39"}
2023-10-07 00:18:44 查询号码 【1941955】，GSD为【"-"】
2023-10-07 00:18:44 ok && -
2023-10-07 00:18:47 CHB 1941955?1696609124 第 1 次 等待 3 秒
2023-10-07 00:18:50 CHB 1941955?1696609124 第 1 次 获取到号码【1941955】GSD
2023-10-07 00:18:50 未获取到号码【1941955】GSD，可能号码格式错误
2023-10-07 00:18:50 获取到号码【1941955】的GSD为【-】
2023-10-07 00:18:53 GSD insert 第 1 次 等待 3 秒
2023-10-07 00:18:56 {"status":"bad","gid":"587008","msg":"添加失败！号码【1941955(-|-)】已存在！"}

