2023-12-13 00:10:38 开始第 2969 次操作

2023-12-13 00:10:38 开始操作号码 【1842868】
2023-12-13 00:10:43 GSD getOne 第 1 次 等待 3 秒
2023-12-13 00:10:46 查询号码 【1842868】，返回信息 {"status":"ok","msg":"上海-上海","gid":"480947","time_insert":"2021-08-02 16:40"}
2023-12-13 00:10:46 查询号码 【1842868】，GSD为【"上海-上海"】

2023-12-13 00:10:47 开始第 2970 次操作

2023-12-13 00:10:47 开始操作号码 【1842869】
2023-12-13 00:10:52 GSD getOne 第 1 次 等待 3 秒
2023-12-13 00:10:55 查询号码 【1842869】，返回信息 {"status":"ok","msg":"上海-上海","gid":"480824","time_insert":"2021-08-02 16:00"}
2023-12-13 00:10:55 查询号码 【1842869】，GSD为【"上海-上海"】

2023-12-13 00:10:56 开始第 2971 次操作

2023-12-13 00:10:56 开始操作号码 【1842870】
2023-12-13 00:11:00 GSD getOne 第 1 次 等待 3 秒
2023-12-13 00:11:03 查询号码 【1842870】，返回信息 {"status":"ok","msg":"上海-上海","gid":"480811","time_insert":"2021-08-02 15:59"}
2023-12-13 00:11:03 查询号码 【1842870】，GSD为【"上海-上海"】

2023-12-13 00:11:04 开始第 2972 次操作

2023-12-13 00:11:04 开始操作号码 【1842871】
2023-12-13 00:11:07 GSD getOne 第 1 次 等待 3 秒
2023-12-13 00:11:10 查询号码 【1842871】，返回信息 {"status":"ok","msg":"上海-上海","gid":"480803","time_insert":"2021-08-02 15:58"}
2023-12-13 00:11:11 查询号码 【1842871】，GSD为【"上海-上海"】

