2024-01-28 00:09:27 开始第 529 次操作

2024-01-28 00:09:27 开始操作号码 【1730428】
2024-01-28 00:09:33 GSD getOne 第 1 次 等待 3 秒
2024-01-28 00:09:36 查询号码 【1730428】，返回信息 {"status":"ok","msg":"辽宁-丹东","gid":"137424","time_insert":"2021-06-27 06:47"}
2024-01-28 00:09:36 查询号码 【1730428】，GSD为【"辽宁-丹东"】

2024-01-28 00:09:37 开始第 530 次操作

2024-01-28 00:09:37 开始操作号码 【1730429】
2024-01-28 00:09:42 GSD getOne 第 1 次 等待 3 秒
2024-01-28 00:09:45 查询号码 【1730429】，返回信息 {"status":"ok","msg":"辽宁-葫芦岛","gid":"137431","time_insert":"2021-06-27 06:48"}
2024-01-28 00:09:45 查询号码 【1730429】，GSD为【"辽宁-葫芦岛"】

2024-01-28 00:09:46 开始第 531 次操作

2024-01-28 00:09:46 开始操作号码 【1730430】
2024-01-28 00:09:50 GSD getOne 第 1 次 等待 3 秒
2024-01-28 00:09:53 查询号码 【1730430】，返回信息 {"status":"ok","msg":"吉林-长春","gid":"137441","time_insert":"2021-06-27 06:49"}
2024-01-28 00:09:53 查询号码 【1730430】，GSD为【"吉林-长春"】

2024-01-28 00:09:54 开始第 532 次操作

2024-01-28 00:09:54 开始操作号码 【1730431】
2024-01-28 00:09:59 GSD getOne 第 1 次 等待 3 秒
2024-01-28 00:10:02 查询号码 【1730431】，返回信息 {"status":"ok","msg":"吉林-长春","gid":"137447","time_insert":"2021-06-27 06:49"}
2024-01-28 00:10:02 查询号码 【1730431】，GSD为【"吉林-长春"】

