2024-10-12 00:27:59 开始第 8749 次操作

2024-10-12 00:27:59 开始操作号码 【1408746】
2024-10-12 00:28:01 GSD getOne 第 1 次 等待 3 秒
2024-10-12 00:28:04 查询号码 【1408746】，返回信息 {"status":"ok","msg":"-","gid":"699237","time_insert":"2023-05-10 08:59"}
2024-10-12 00:28:04 查询号码 【1408746】，GSD为【"-"】
2024-10-12 00:28:04 ok && -
2024-10-12 00:28:06 CHB 1408746?1728664084 第 1 次 等待 3 秒
2024-10-12 00:28:09 CHB 1408746?1728664084 第 1 次 获取到号码【1408746】GSD
2024-10-12 00:28:09 未获取到号码【1408746】GSD，可能号码格式错误
2024-10-12 00:28:09 获取到号码【1408746】的GSD为【-】
2024-10-12 00:28:11 GSD insert 第 1 次 等待 3 秒
2024-10-12 00:28:14 {"status":"bad","gid":"699237","msg":"添加失败！号码【1408746(-|-)】已存在！"}
2024-10-12 00:28:14 随机等待 191 秒，约 3 分钟
2024-10-12 00:28:14 下次操作: 2024-10-12 00:31:25

2024-10-12 00:31:25 开始第 8750 次操作

2024-10-12 00:31:25 开始操作号码 【1408747】
2024-10-12 00:31:27 GSD getOne 第 1 次 等待 3 秒
2024-10-12 00:31:30 查询号码 【1408747】，返回信息 {"status":"ok","msg":"-","gid":"699256","time_insert":"2023-05-10 09:21"}
2024-10-12 00:31:30 查询号码 【1408747】，GSD为【"-"】
2024-10-12 00:31:30 ok && -
2024-10-12 00:31:32 CHB 1408747?1728664290 第 1 次 等待 3 秒
2024-10-12 00:31:35 CHB 1408747?1728664290 第 1 次 获取到号码【1408747】GSD
2024-10-12 00:31:35 未获取到号码【1408747】GSD，可能号码格式错误
2024-10-12 00:31:35 获取到号码【1408747】的GSD为【-】
2024-10-12 00:31:38 GSD insert 第 1 次 等待 3 秒
2024-10-12 00:31:41 {"status":"bad","gid":"699256","msg":"添加失败！号码【1408747(-|-)】已存在！"}
2024-10-12 00:31:41 随机等待 98 秒，约 1 分钟
2024-10-12 00:31:41 下次操作: 2024-10-12 00:33:19

2024-10-12 00:33:19 开始第 8751 次操作

2024-10-12 00:33:19 开始操作号码 【1408748】
2024-10-12 00:33:21 GSD getOne 第 1 次 等待 3 秒
2024-10-12 00:33:24 查询号码 【1408748】，返回信息 {"status":"ok","msg":"-","gid":"699273","time_insert":"2023-05-10 09:43"}
2024-10-12 00:33:24 查询号码 【1408748】，GSD为【"-"】
2024-10-12 00:33:24 ok && -
2024-10-12 00:33:25 CHB 1408748?1728664404 第 1 次 等待 3 秒
2024-10-12 00:33:28 CHB 1408748?1728664404 第 1 次 获取到号码【1408748】GSD
2024-10-12 00:33:28 未获取到号码【1408748】GSD，可能号码格式错误
2024-10-12 00:33:28 获取到号码【1408748】的GSD为【-】
2024-10-12 00:33:31 GSD insert 第 1 次 等待 3 秒
2024-10-12 00:33:34 {"status":"bad","gid":"699273","msg":"添加失败！号码【1408748(-|-)】已存在！"}
2024-10-12 00:33:34 随机等待 144 秒，约 2 分钟
2024-10-12 00:33:34 下次操作: 2024-10-12 00:35:58

2024-10-12 00:35:58 开始第 8752 次操作

2024-10-12 00:35:58 开始操作号码 【1408749】
2024-10-12 00:36:00 GSD getOne 第 1 次 等待 3 秒
2024-10-12 00:36:03 查询号码 【1408749】，返回信息 {"status":"ok","msg":"-","gid":"699282","time_insert":"2023-05-10 10:00"}
2024-10-12 00:36:03 查询号码 【1408749】，GSD为【"-"】
2024-10-12 00:36:03 ok && -
2024-10-12 00:36:05 CHB 1408749?1728664563 第 1 次 等待 3 秒
2024-10-12 00:36:08 CHB 1408749?1728664563 第 1 次 获取到号码【1408749】GSD
2024-10-12 00:36:08 未获取到号码【1408749】GSD，可能号码格式错误
2024-10-12 00:36:08 获取到号码【1408749】的GSD为【-】
2024-10-12 00:36:10 GSD insert 第 1 次 等待 3 秒
2024-10-12 00:36:13 {"status":"bad","gid":"699282","msg":"添加失败！号码【1408749(-|-)】已存在！"}

