2024-09-23 00:25:38 开始第 5701 次操作

2024-09-23 00:25:38 开始操作号码 【1405699】
2024-09-23 00:25:41 GSD getOne 第 1 次 等待 3 秒
2024-09-23 00:25:44 查询号码 【1405699】，返回信息 {"status":"ok","msg":"-","gid":"637033","time_insert":"2023-04-05 23:44"}
2024-09-23 00:25:44 查询号码 【1405699】，GSD为【"-"】
2024-09-23 00:25:44 ok && -
2024-09-23 00:25:46 CHB 1405699?1727022344 第 1 次 等待 3 秒
2024-09-23 00:25:49 CHB 1405699?1727022344 第 1 次 获取到号码【1405699】GSD
2024-09-23 00:25:49 未获取到号码【1405699】GSD，可能号码格式错误
2024-09-23 00:25:49 获取到号码【1405699】的GSD为【-】
2024-09-23 00:25:52 GSD insert 第 1 次 等待 3 秒
2024-09-23 00:25:55 {"status":"bad","gid":"637033","msg":"添加失败！号码【1405699(-|-)】已存在！"}
2024-09-23 00:25:55 随机等待 93 秒，约 1 分钟
2024-09-23 00:25:55 下次操作: 2024-09-23 00:27:28

2024-09-23 00:27:28 开始第 5702 次操作

2024-09-23 00:27:28 开始操作号码 【1405700】
2024-09-23 00:27:29 GSD getOne 第 1 次 等待 3 秒
2024-09-23 00:27:32 查询号码 【1405700】，返回信息 {"status":"ok","msg":"-","gid":"637066","time_insert":"2023-04-06 00:08"}
2024-09-23 00:27:32 查询号码 【1405700】，GSD为【"-"】
2024-09-23 00:27:32 ok && -
2024-09-23 00:27:34 CHB 1405700?1727022452 第 1 次 等待 3 秒
2024-09-23 00:27:37 CHB 1405700?1727022452 第 1 次 获取到号码【1405700】GSD
2024-09-23 00:27:37 未获取到号码【1405700】GSD，可能号码格式错误
2024-09-23 00:27:37 获取到号码【1405700】的GSD为【-】
2024-09-23 00:27:39 GSD insert 第 1 次 等待 3 秒
2024-09-23 00:27:42 {"status":"bad","gid":"637066","msg":"添加失败！号码【1405700(-|-)】已存在！"}
2024-09-23 00:27:42 随机等待 226 秒，约 3 分钟
2024-09-23 00:27:42 下次操作: 2024-09-23 00:31:28

2024-09-23 00:31:28 开始第 5703 次操作

2024-09-23 00:31:28 开始操作号码 【1405701】
2024-09-23 00:31:30 GSD getOne 第 1 次 等待 3 秒
2024-09-23 00:31:33 查询号码 【1405701】，返回信息 {"status":"ok","msg":"-","gid":"637078","time_insert":"2023-04-06 00:22"}
2024-09-23 00:31:33 查询号码 【1405701】，GSD为【"-"】
2024-09-23 00:31:33 ok && -
2024-09-23 00:31:36 CHB 1405701?1727022693 第 1 次 等待 3 秒
2024-09-23 00:31:39 CHB 1405701?1727022693 第 1 次 获取到号码【1405701】GSD
2024-09-23 00:31:39 未获取到号码【1405701】GSD，可能号码格式错误
2024-09-23 00:31:39 获取到号码【1405701】的GSD为【-】
2024-09-23 00:31:41 GSD insert 第 1 次 等待 3 秒
2024-09-23 00:31:44 {"status":"bad","gid":"637078","msg":"添加失败！号码【1405701(-|-)】已存在！"}
2024-09-23 00:31:44 随机等待 162 秒，约 2 分钟
2024-09-23 00:31:44 下次操作: 2024-09-23 00:34:26

2024-09-23 00:34:26 开始第 5704 次操作

2024-09-23 00:34:26 开始操作号码 【1405702】
2024-09-23 00:34:28 GSD getOne 第 1 次 等待 3 秒
2024-09-23 00:34:31 查询号码 【1405702】，返回信息 {"status":"ok","msg":"-","gid":"637092","time_insert":"2023-04-06 00:36"}
2024-09-23 00:34:31 查询号码 【1405702】，GSD为【"-"】
2024-09-23 00:34:31 ok && -
2024-09-23 00:34:32 CHB 1405702?1727022871 第 1 次 等待 3 秒
2024-09-23 00:34:35 CHB 1405702?1727022871 第 1 次 获取到号码【1405702】GSD
2024-09-23 00:34:35 未获取到号码【1405702】GSD，可能号码格式错误
2024-09-23 00:34:35 获取到号码【1405702】的GSD为【-】
2024-09-23 00:34:37 GSD insert 第 1 次 等待 3 秒
2024-09-23 00:34:40 {"status":"bad","gid":"637092","msg":"添加失败！号码【1405702(-|-)】已存在！"}

2024-09-23 00:43:31 开始第 5705 次操作

2024-09-23 00:43:31 开始操作号码 【1405703】
2024-09-23 00:43:33 GSD getOne 第 1 次 等待 3 秒
2024-09-23 00:43:36 查询号码 【1405703】，返回信息 {"status":"ok","msg":"-","gid":"637112","time_insert":"2023-04-06 00:51"}
2024-09-23 00:43:36 查询号码 【1405703】，GSD为【"-"】
2024-09-23 00:43:36 ok && -
2024-09-23 00:43:39 CHB 1405703?1727023416 第 1 次 等待 3 秒
2024-09-23 00:43:42 CHB 1405703?1727023416 第 1 次 获取到号码【1405703】GSD
2024-09-23 00:43:42 未获取到号码【1405703】GSD，可能号码格式错误
2024-09-23 00:43:42 获取到号码【1405703】的GSD为【-】
2024-09-23 00:43:44 GSD insert 第 1 次 等待 3 秒
2024-09-23 00:43:47 {"status":"bad","gid":"637112","msg":"添加失败！号码【1405703(-|-)】已存在！"}
2024-09-23 00:43:47 随机等待 96 秒，约 1 分钟
2024-09-23 00:43:47 下次操作: 2024-09-23 00:45:23

2024-09-23 00:45:23 开始第 5706 次操作

2024-09-23 00:45:23 开始操作号码 【1405704】
2024-09-23 00:45:25 GSD getOne 第 1 次 等待 3 秒
2024-09-23 00:45:28 查询号码 【1405704】，返回信息 {"status":"ok","msg":"-","gid":"637127","time_insert":"2023-04-06 01:00"}
2024-09-23 00:45:28 查询号码 【1405704】，GSD为【"-"】
2024-09-23 00:45:28 ok && -
2024-09-23 00:45:30 CHB 1405704?1727023528 第 1 次 等待 3 秒
2024-09-23 00:45:33 CHB 1405704?1727023528 第 1 次 获取到号码【1405704】GSD
2024-09-23 00:45:33 未获取到号码【1405704】GSD，可能号码格式错误
2024-09-23 00:45:33 获取到号码【1405704】的GSD为【-】
2024-09-23 00:45:35 GSD insert 第 1 次 等待 3 秒
2024-09-23 00:45:38 {"status":"bad","gid":"637127","msg":"添加失败！号码【1405704(-|-)】已存在！"}
2024-09-23 00:45:38 随机等待 82 秒，约 1 分钟
2024-09-23 00:45:38 下次操作: 2024-09-23 00:47:00

2024-09-23 00:47:00 开始第 5707 次操作

2024-09-23 00:47:00 开始操作号码 【1405705】
2024-09-23 00:47:02 GSD getOne 第 1 次 等待 3 秒
2024-09-23 00:47:05 查询号码 【1405705】，返回信息 {"status":"ok","msg":"-","gid":"637154","time_insert":"2023-04-06 01:23"}
2024-09-23 00:47:05 查询号码 【1405705】，GSD为【"-"】
2024-09-23 00:47:05 ok && -
2024-09-23 00:47:07 CHB 1405705?1727023625 第 1 次 等待 3 秒
2024-09-23 00:47:10 CHB 1405705?1727023625 第 1 次 获取到号码【1405705】GSD
2024-09-23 00:47:10 未获取到号码【1405705】GSD，可能号码格式错误
2024-09-23 00:47:10 获取到号码【1405705】的GSD为【-】
2024-09-23 00:47:12 GSD insert 第 1 次 等待 3 秒
2024-09-23 00:47:15 {"status":"bad","gid":"637154","msg":"添加失败！号码【1405705(-|-)】已存在！"}
2024-09-23 00:47:15 随机等待 151 秒，约 2 分钟
2024-09-23 00:47:15 下次操作: 2024-09-23 00:49:46

2024-09-23 00:49:46 开始第 5708 次操作

2024-09-23 00:49:46 开始操作号码 【1405706】
2024-09-23 00:49:51 GSD getOne 第 1 次 等待 3 秒
2024-09-23 00:49:54 查询号码 【1405706】，返回信息 {"status":"ok","msg":"-","gid":"637185","time_insert":"2023-04-06 01:42"}
2024-09-23 00:49:54 查询号码 【1405706】，GSD为【"-"】
2024-09-23 00:49:54 ok && -
2024-09-23 00:49:56 CHB 1405706?1727023794 第 1 次 等待 3 秒
2024-09-23 00:49:59 CHB 1405706?1727023794 第 1 次 获取到号码【1405706】GSD
2024-09-23 00:49:59 未获取到号码【1405706】GSD，可能号码格式错误
2024-09-23 00:49:59 获取到号码【1405706】的GSD为【-】
2024-09-23 00:50:01 GSD insert 第 1 次 等待 3 秒
2024-09-23 00:50:04 {"status":"bad","gid":"637185","msg":"添加失败！号码【1405706(-|-)】已存在！"}

