2024-03-19 00:11:09 开始第 9845 次操作

2024-03-19 00:11:09 开始操作号码 【1739744】
2024-03-19 00:11:18 GSD getOne 第 1 次 等待 3 秒
2024-03-19 00:11:21 查询号码 【1739744】，返回信息 {"status":"ok","msg":"甘肃-平凉","gid":"234029","time_insert":"2021-07-09 21:37"}
2024-03-19 00:11:21 查询号码 【1739744】，GSD为【"甘肃-平凉"】

2024-03-19 00:11:22 开始第 9846 次操作

2024-03-19 00:11:22 开始操作号码 【1739745】
2024-03-19 00:11:27 GSD getOne 第 1 次 等待 3 秒
2024-03-19 00:11:30 查询号码 【1739745】，返回信息 {"status":"ok","msg":"甘肃-平凉","gid":"234036","time_insert":"2021-07-09 21:38"}
2024-03-19 00:11:30 查询号码 【1739745】，GSD为【"甘肃-平凉"】

2024-03-19 00:11:31 开始第 9847 次操作

2024-03-19 00:11:31 开始操作号码 【1739746】
2024-03-19 00:11:36 GSD getOne 第 1 次 等待 3 秒
2024-03-19 00:11:39 查询号码 【1739746】，返回信息 {"status":"ok","msg":"甘肃-平凉","gid":"234040","time_insert":"2021-07-09 21:38"}
2024-03-19 00:11:39 查询号码 【1739746】，GSD为【"甘肃-平凉"】

2024-03-19 00:11:40 开始第 9848 次操作

2024-03-19 00:11:40 开始操作号码 【1739747】
2024-03-19 00:11:45 GSD getOne 第 1 次 等待 3 秒
2024-03-19 00:11:48 查询号码 【1739747】，返回信息 {"status":"ok","msg":"甘肃-白银","gid":"234046","time_insert":"2021-07-09 21:38"}
2024-03-19 00:11:48 查询号码 【1739747】，GSD为【"甘肃-白银"】

