2023-10-18 00:10:54 开始第 3753 次操作

2023-10-18 00:10:54 开始操作号码 【1943662】
2023-10-18 00:10:57 GSD getOne 第 1 次 等待 3 秒
2023-10-18 00:11:00 查询号码 【1943662】，返回信息 {"status":"ok","msg":"-","gid":"631044","time_insert":"2023-04-03 02:16"}
2023-10-18 00:11:00 查询号码 【1943662】，GSD为【"-"】
2023-10-18 00:11:00 ok && -
2023-10-18 00:11:04 CHB 1943662?1697559060 第 1 次 等待 3 秒
2023-10-18 00:11:07 CHB 1943662?1697559060 第 1 次 获取到号码【1943662】GSD
2023-10-18 00:11:07 未获取到号码【1943662】GSD，可能号码格式错误
2023-10-18 00:11:07 获取到号码【1943662】的GSD为【-】
2023-10-18 00:11:09 GSD insert 第 1 次 等待 3 秒
2023-10-18 00:11:12 {"status":"bad","gid":"631044","msg":"添加失败！号码【1943662(-|-)】已存在！"}
2023-10-18 00:11:12 随机等待 133 秒，约 2 分钟
2023-10-18 00:11:12 下次操作: 2023-10-18 00:13:25

2023-10-18 00:13:25 开始第 3754 次操作

2023-10-18 00:13:25 开始操作号码 【1943663】
2023-10-18 00:13:29 GSD getOne 第 1 次 等待 3 秒
2023-10-18 00:13:32 查询号码 【1943663】，返回信息 {"status":"ok","msg":"-","gid":"631038","time_insert":"2023-04-03 02:14"}
2023-10-18 00:13:32 查询号码 【1943663】，GSD为【"-"】
2023-10-18 00:13:32 ok && -
2023-10-18 00:13:38 CHB 1943663?1697559212 第 1 次 等待 3 秒
2023-10-18 00:13:41 CHB 1943663?1697559212 第 1 次 获取到号码【1943663】GSD
2023-10-18 00:13:41 未获取到号码【1943663】GSD，可能号码格式错误
2023-10-18 00:13:41 获取到号码【1943663】的GSD为【-】
2023-10-18 00:13:45 GSD insert 第 1 次 等待 3 秒
2023-10-18 00:13:48 {"status":"bad","gid":"631038","msg":"添加失败！号码【1943663(-|-)】已存在！"}
2023-10-18 00:13:48 随机等待 118 秒，约 1 分钟
2023-10-18 00:13:48 下次操作: 2023-10-18 00:15:46

2023-10-18 00:15:46 开始第 3755 次操作

2023-10-18 00:15:46 开始操作号码 【1943664】
2023-10-18 00:15:48 GSD getOne 第 1 次 等待 3 秒
2023-10-18 00:15:51 查询号码 【1943664】，返回信息 {"status":"ok","msg":"-","gid":"631036","time_insert":"2023-04-03 02:12"}
2023-10-18 00:15:51 查询号码 【1943664】，GSD为【"-"】
2023-10-18 00:15:51 ok && -
2023-10-18 00:15:53 CHB 1943664?1697559351 第 1 次 等待 3 秒
2023-10-18 00:15:56 CHB 1943664?1697559351 第 1 次 获取到号码【1943664】GSD
2023-10-18 00:15:56 未获取到号码【1943664】GSD，可能号码格式错误
2023-10-18 00:15:56 获取到号码【1943664】的GSD为【-】
2023-10-18 00:16:15 GSD insert 第 1 次 等待 3 秒
2023-10-18 00:16:18 {"status":"bad","gid":"631036","msg":"添加失败！号码【1943664(-|-)】已存在！"}
2023-10-18 00:16:18 随机等待 201 秒，约 3 分钟
2023-10-18 00:16:18 下次操作: 2023-10-18 00:19:39

2023-10-18 00:19:39 开始第 3756 次操作

2023-10-18 00:19:39 开始操作号码 【1943665】
2023-10-18 00:19:43 GSD getOne 第 1 次 等待 3 秒
2023-10-18 00:19:46 查询号码 【1943665】，返回信息 {"status":"ok","msg":"-","gid":"631033","time_insert":"2023-04-03 02:10"}
2023-10-18 00:19:46 查询号码 【1943665】，GSD为【"-"】
2023-10-18 00:19:46 ok && -
2023-10-18 00:19:53 CHB 1943665?1697559586 第 1 次 等待 3 秒
2023-10-18 00:19:56 CHB 1943665?1697559586 第 1 次 获取到号码【1943665】GSD
2023-10-18 00:19:56 未获取到号码【1943665】GSD，可能号码格式错误
2023-10-18 00:19:56 获取到号码【1943665】的GSD为【-】
2023-10-18 00:19:59 GSD insert 第 1 次 等待 3 秒
2023-10-18 00:20:02 {"status":"bad","gid":"631033","msg":"添加失败！号码【1943665(-|-)】已存在！"}

