2024-07-21 00:10:44 开始第 7293 次操作

2024-07-21 00:10:44 开始操作号码 【1517183】
2024-07-21 00:10:53 GSD getOne 第 1 次 等待 3 秒
2024-07-21 00:10:56 查询号码 【1517183】，返回信息 {"status":"ok","msg":"湖北-宜昌","gid":"490336","time_insert":"2021-08-03 13:39"}
2024-07-21 00:10:56 查询号码 【1517183】，GSD为【"湖北-宜昌"】

2024-07-21 00:10:57 开始第 7294 次操作

2024-07-21 00:10:57 开始操作号码 【1517184】
2024-07-21 00:11:05 GSD getOne 第 1 次 等待 3 秒
2024-07-21 00:11:08 查询号码 【1517184】，返回信息 {"status":"ok","msg":"湖北-宜昌","gid":"17609","time_insert":"2018-05-08 10:03","time_update":"2020-09-16 12:53"}
2024-07-21 00:11:08 查询号码 【1517184】，GSD为【"湖北-宜昌"】

2024-07-21 00:11:09 开始第 7295 次操作

2024-07-21 00:11:09 开始操作号码 【1517185】
2024-07-21 00:11:17 GSD getOne 第 1 次 等待 3 秒
2024-07-21 00:11:20 查询号码 【1517185】，返回信息 {"status":"ok","msg":"湖北-宜昌","gid":"490283","time_insert":"2021-08-03 13:30"}
2024-07-21 00:11:20 查询号码 【1517185】，GSD为【"湖北-宜昌"】

2024-07-21 00:11:21 开始第 7296 次操作

2024-07-21 00:11:21 开始操作号码 【1517186】
2024-07-21 00:11:29 GSD getOne 第 1 次 等待 3 秒
2024-07-21 00:11:32 查询号码 【1517186】，返回信息 {"status":"ok","msg":"湖北-宜昌","gid":"17610","time_insert":"2017-04-24 12:33","time_update":"2020-09-16 12:58"}
2024-07-21 00:11:33 查询号码 【1517186】，GSD为【"湖北-宜昌"】

