2024-09-15 00:25:42 开始第 4357 次操作

2024-09-15 00:25:42 开始操作号码 【1404355】
2024-09-15 00:25:51 GSD getOne 第 1 次 等待 3 秒
2024-09-15 00:25:54 查询号码 【1404355】，返回信息 {"status":"ok","msg":"-","gid":"606230","time_insert":"2023-03-22 02:42"}
2024-09-15 00:25:54 查询号码 【1404355】，GSD为【"-"】
2024-09-15 00:25:54 ok && -
2024-09-15 00:25:55 CHB 1404355?1726331154 第 1 次 等待 3 秒
2024-09-15 00:25:58 CHB 1404355?1726331154 第 1 次 获取到号码【1404355】GSD
2024-09-15 00:25:58 未获取到号码【1404355】GSD，可能号码格式错误
2024-09-15 00:25:58 获取到号码【1404355】的GSD为【-】
2024-09-15 00:26:06 GSD insert 第 1 次 等待 3 秒
2024-09-15 00:26:09 {"status":"bad","gid":"606230","msg":"添加失败！号码【1404355(-|-)】已存在！"}
2024-09-15 00:26:09 随机等待 191 秒，约 3 分钟
2024-09-15 00:26:09 下次操作: 2024-09-15 00:29:20

2024-09-15 00:29:20 开始第 4358 次操作

2024-09-15 00:29:20 开始操作号码 【1404356】
2024-09-15 00:29:37 GSD getOne 第 1 次 等待 3 秒
2024-09-15 00:29:40 查询号码 【1404356】，返回信息 {"status":"ok","msg":"-","gid":"606259","time_insert":"2023-03-22 02:57"}
2024-09-15 00:29:40 查询号码 【1404356】，GSD为【"-"】
2024-09-15 00:29:40 ok && -
2024-09-15 00:29:42 CHB 1404356?1726331380 第 1 次 等待 3 秒
2024-09-15 00:29:45 CHB 1404356?1726331380 第 1 次 获取到号码【1404356】GSD
2024-09-15 00:29:45 未获取到号码【1404356】GSD，可能号码格式错误
2024-09-15 00:29:45 获取到号码【1404356】的GSD为【-】
2024-09-15 00:29:56 GSD insert 第 1 次 等待 3 秒
2024-09-15 00:29:59 {"status":"bad","gid":"606259","msg":"添加失败！号码【1404356(-|-)】已存在！"}
2024-09-15 00:29:59 随机等待 123 秒，约 2 分钟
2024-09-15 00:29:59 下次操作: 2024-09-15 00:32:02

2024-09-15 00:32:02 开始第 4359 次操作

2024-09-15 00:32:02 开始操作号码 【1404357】
2024-09-15 00:32:10 GSD getOne 第 1 次 等待 3 秒
2024-09-15 00:32:13 查询号码 【1404357】，返回信息 {"status":"ok","msg":"-","gid":"606291","time_insert":"2023-03-22 03:17"}
2024-09-15 00:32:13 查询号码 【1404357】，GSD为【"-"】
2024-09-15 00:32:13 ok && -
2024-09-15 00:32:15 CHB 1404357?1726331533 第 1 次 等待 3 秒
2024-09-15 00:32:18 CHB 1404357?1726331533 第 1 次 获取到号码【1404357】GSD
2024-09-15 00:32:18 未获取到号码【1404357】GSD，可能号码格式错误
2024-09-15 00:32:18 获取到号码【1404357】的GSD为【-】
2024-09-15 00:32:26 GSD insert 第 1 次 等待 3 秒
2024-09-15 00:32:29 {"status":"bad","gid":"606291","msg":"添加失败！号码【1404357(-|-)】已存在！"}
2024-09-15 00:32:29 随机等待 145 秒，约 2 分钟
2024-09-15 00:32:29 下次操作: 2024-09-15 00:34:54

2024-09-15 00:34:54 开始第 4360 次操作

2024-09-15 00:34:54 开始操作号码 【1404358】
2024-09-15 00:35:02 GSD getOne 第 1 次 等待 3 秒
2024-09-15 00:35:05 查询号码 【1404358】，返回信息 {"status":"ok","msg":"-","gid":"606325","time_insert":"2023-03-22 03:33"}
2024-09-15 00:35:05 查询号码 【1404358】，GSD为【"-"】
2024-09-15 00:35:05 ok && -
2024-09-15 00:35:07 CHB 1404358?1726331705 第 1 次 等待 3 秒
2024-09-15 00:35:10 CHB 1404358?1726331705 第 1 次 获取到号码【1404358】GSD
2024-09-15 00:35:10 未获取到号码【1404358】GSD，可能号码格式错误
2024-09-15 00:35:10 获取到号码【1404358】的GSD为【-】
2024-09-15 00:35:17 GSD insert 第 1 次 等待 3 秒
2024-09-15 00:35:20 {"status":"bad","gid":"606325","msg":"添加失败！号码【1404358(-|-)】已存在！"}

