2023-10-16 00:09:18 开始第 3397 次操作

2023-10-16 00:09:18 开始操作号码 【1943362】
2023-10-16 00:09:32 GSD getOne 第 1 次 等待 3 秒
2023-10-16 00:09:35 查询号码 【1943362】，返回信息 
2023-10-16 00:09:35 查询失败，3 秒后重新查询
2023-10-16 00:09:38 查询号码 【1943362】，返回信息 
2023-10-16 00:09:38 查询失败，结束本次操作，期待下次成功~
2023-10-16 00:09:38 随机等待 115 秒，约 1 分钟
2023-10-16 00:09:38 下次操作: 2023-10-16 00:11:33

2023-10-16 00:11:33 开始第 3398 次操作

2023-10-16 00:11:33 开始操作号码 【1943362】
2023-10-16 00:11:36 GSD getOne 第 1 次 等待 3 秒
2023-10-16 00:11:39 查询号码 【1943362】，返回信息 
2023-10-16 00:11:39 查询失败，3 秒后重新查询
2023-10-16 00:11:42 查询号码 【1943362】，返回信息 
2023-10-16 00:11:42 查询失败，结束本次操作，期待下次成功~
2023-10-16 00:11:42 随机等待 142 秒，约 2 分钟
2023-10-16 00:11:42 下次操作: 2023-10-16 00:14:04

2023-10-16 00:14:04 开始第 3399 次操作

2023-10-16 00:14:04 开始操作号码 【1943362】
2023-10-16 00:15:16 GSD getOne 第 1 次 等待 3 秒
2023-10-16 00:15:25 GSD getOne 第 2 次 等待 3 秒
2023-10-16 00:15:28 查询号码 【1943362】，返回信息 
2023-10-16 00:15:28 查询失败，3 秒后重新查询
2023-10-16 00:15:31 查询号码 【1943362】，返回信息 
2023-10-16 00:15:31 查询失败，结束本次操作，期待下次成功~
2023-10-16 00:15:31 随机等待 214 秒，约 3 分钟
2023-10-16 00:15:31 下次操作: 2023-10-16 00:19:05

2023-10-16 00:19:05 开始第 3400 次操作

2023-10-16 00:19:05 开始操作号码 【1943362】
2023-10-16 00:21:20 GSD getOne 第 1 次 等待 3 秒
2023-10-16 00:21:23 查询号码 【1943362】，返回信息 
2023-10-16 00:21:23 查询失败，3 秒后重新查询
2023-10-16 00:21:26 查询号码 【1943362】，返回信息 
2023-10-16 00:21:26 查询失败，结束本次操作，期待下次成功~

