2024-09-03 00:28:06 开始第 2437 次操作

2024-09-03 00:28:06 开始操作号码 【1402436】
2024-09-03 00:28:14 GSD getOne 第 1 次 等待 3 秒
2024-09-03 00:28:17 查询号码 【1402436】，返回信息 {"status":"ok","msg":"-","gid":"561819","time_insert":"2023-02-28 22:35"}
2024-09-03 00:28:17 查询号码 【1402436】，GSD为【"-"】
2024-09-03 00:28:17 ok && -
2024-09-03 00:28:20 CHB 1402436?1725294497 第 1 次 等待 3 秒
2024-09-03 00:28:23 CHB 1402436?1725294497 第 1 次 获取到号码【1402436】GSD
2024-09-03 00:28:23 未获取到号码【1402436】GSD，可能号码格式错误
2024-09-03 00:28:23 获取到号码【1402436】的GSD为【-】
2024-09-03 00:28:31 GSD insert 第 1 次 等待 3 秒
2024-09-03 00:28:34 {"status":"bad","gid":"561819","msg":"添加失败！号码【1402436(-|-)】已存在！"}
2024-09-03 00:28:34 随机等待 187 秒，约 3 分钟
2024-09-03 00:28:34 下次操作: 2024-09-03 00:31:41

2024-09-03 00:31:41 开始第 2438 次操作

2024-09-03 00:31:41 开始操作号码 【1402437】
2024-09-03 00:31:49 GSD getOne 第 1 次 等待 3 秒
2024-09-03 00:31:52 查询号码 【1402437】，返回信息 {"status":"ok","msg":"-","gid":"561850","time_insert":"2023-02-28 22:53"}
2024-09-03 00:31:52 查询号码 【1402437】，GSD为【"-"】
2024-09-03 00:31:52 ok && -
2024-09-03 00:31:54 CHB 1402437?1725294712 第 1 次 等待 3 秒
2024-09-03 00:31:57 CHB 1402437?1725294712 第 1 次 获取到号码【1402437】GSD
2024-09-03 00:31:57 未获取到号码【1402437】GSD，可能号码格式错误
2024-09-03 00:31:57 获取到号码【1402437】的GSD为【-】
2024-09-03 00:32:05 GSD insert 第 1 次 等待 3 秒
2024-09-03 00:32:08 {"status":"bad","gid":"561850","msg":"添加失败！号码【1402437(-|-)】已存在！"}
2024-09-03 00:32:08 随机等待 169 秒，约 2 分钟
2024-09-03 00:32:08 下次操作: 2024-09-03 00:34:57

2024-09-03 00:34:57 开始第 2439 次操作

2024-09-03 00:34:57 开始操作号码 【1402438】
2024-09-03 00:35:05 GSD getOne 第 1 次 等待 3 秒
2024-09-03 00:35:08 查询号码 【1402438】，返回信息 {"status":"ok","msg":"-","gid":"561872","time_insert":"2023-02-28 23:05"}
2024-09-03 00:35:08 查询号码 【1402438】，GSD为【"-"】
2024-09-03 00:35:08 ok && -
2024-09-03 00:35:10 CHB 1402438?1725294908 第 1 次 等待 3 秒
2024-09-03 00:35:13 CHB 1402438?1725294908 第 1 次 获取到号码【1402438】GSD
2024-09-03 00:35:13 未获取到号码【1402438】GSD，可能号码格式错误
2024-09-03 00:35:13 获取到号码【1402438】的GSD为【-】
2024-09-03 00:35:21 GSD insert 第 1 次 等待 3 秒
2024-09-03 00:35:24 {"status":"bad","gid":"561872","msg":"添加失败！号码【1402438(-|-)】已存在！"}
2024-09-03 00:35:24 随机等待 106 秒，约 1 分钟
2024-09-03 00:35:24 下次操作: 2024-09-03 00:37:10

2024-09-03 00:37:10 开始第 2440 次操作

2024-09-03 00:37:10 开始操作号码 【1402439】
2024-09-03 00:37:18 GSD getOne 第 1 次 等待 3 秒
2024-09-03 00:37:21 查询号码 【1402439】，返回信息 {"status":"ok","msg":"-","gid":"561890","time_insert":"2023-02-28 23:18"}
2024-09-03 00:37:21 查询号码 【1402439】，GSD为【"-"】
2024-09-03 00:37:21 ok && -
2024-09-03 00:37:24 CHB 1402439?1725295041 第 1 次 等待 3 秒
2024-09-03 00:37:27 CHB 1402439?1725295041 第 1 次 获取到号码【1402439】GSD
2024-09-03 00:37:27 未获取到号码【1402439】GSD，可能号码格式错误
2024-09-03 00:37:27 获取到号码【1402439】的GSD为【-】
2024-09-03 00:37:35 GSD insert 第 1 次 等待 3 秒
2024-09-03 00:37:38 {"status":"bad","gid":"561890","msg":"添加失败！号码【1402439(-|-)】已存在！"}

