2024-03-06 00:10:08 开始第 7465 次操作

2024-03-06 00:10:08 开始操作号码 【1737364】
2024-03-06 00:10:14 GSD getOne 第 1 次 等待 3 秒
2024-03-06 00:10:17 查询号码 【1737364】，返回信息 {"status":"ok","msg":"湖南-常德","gid":"208387","time_insert":"2021-07-06 19:36"}
2024-03-06 00:10:17 查询号码 【1737364】，GSD为【"湖南-常德"】

2024-03-06 00:10:18 开始第 7466 次操作

2024-03-06 00:10:18 开始操作号码 【1737365】
2024-03-06 00:10:23 GSD getOne 第 1 次 等待 3 秒
2024-03-06 00:10:26 查询号码 【1737365】，返回信息 {"status":"ok","msg":"湖南-常德","gid":"208392","time_insert":"2021-07-06 19:37"}
2024-03-06 00:10:26 查询号码 【1737365】，GSD为【"湖南-常德"】

2024-03-06 00:10:27 开始第 7467 次操作

2024-03-06 00:10:27 开始操作号码 【1737366】
2024-03-06 00:10:32 GSD getOne 第 1 次 等待 3 秒
2024-03-06 00:10:35 查询号码 【1737366】，返回信息 {"status":"ok","msg":"湖南-常德","gid":"208398","time_insert":"2021-07-06 19:37"}
2024-03-06 00:10:35 查询号码 【1737366】，GSD为【"湖南-常德"】

2024-03-06 00:10:36 开始第 7468 次操作

2024-03-06 00:10:36 开始操作号码 【1737367】
2024-03-06 00:10:41 GSD getOne 第 1 次 等待 3 秒
2024-03-06 00:10:44 查询号码 【1737367】，返回信息 {"status":"ok","msg":"湖南-常德","gid":"208404","time_insert":"2021-07-06 19:37"}
2024-03-06 00:10:44 查询号码 【1737367】，GSD为【"湖南-常德"】

2024-03-06 00:34:20 开始第 7469 次操作

2024-03-06 00:34:20 开始操作号码 【1737368】
2024-03-06 00:34:28 GSD getOne 第 1 次 等待 3 秒
2024-03-06 00:34:31 查询号码 【1737368】，返回信息 {"status":"ok","msg":"湖南-常德","gid":"208408","time_insert":"2021-07-06 19:38"}
2024-03-06 00:34:31 查询号码 【1737368】，GSD为【"湖南-常德"】

2024-03-06 00:34:32 开始第 7470 次操作

2024-03-06 00:34:32 开始操作号码 【1737369】
2024-03-06 00:34:42 GSD getOne 第 1 次 等待 3 秒
2024-03-06 00:34:45 查询号码 【1737369】，返回信息 {"status":"ok","msg":"湖南-常德","gid":"208415","time_insert":"2021-07-06 19:38"}
2024-03-06 00:34:45 查询号码 【1737369】，GSD为【"湖南-常德"】

2024-03-06 00:34:46 开始第 7471 次操作

2024-03-06 00:34:46 开始操作号码 【1737370】
2024-03-06 00:34:52 GSD getOne 第 1 次 等待 3 秒
2024-03-06 00:34:55 查询号码 【1737370】，返回信息 {"status":"ok","msg":"湖南-益阳","gid":"29467","time_insert":"2017-05-27 08:29","time_update":"2020-09-23 08:20"}
2024-03-06 00:34:55 查询号码 【1737370】，GSD为【"湖南-益阳"】

2024-03-06 00:34:56 开始第 7472 次操作

2024-03-06 00:34:56 开始操作号码 【1737371】
2024-03-06 00:35:01 GSD getOne 第 1 次 等待 3 秒
2024-03-06 00:35:04 查询号码 【1737371】，返回信息 {"status":"ok","msg":"湖南-益阳","gid":"208423","time_insert":"2021-07-06 19:39"}
2024-03-06 00:35:04 查询号码 【1737371】，GSD为【"湖南-益阳"】

2024-03-06 01:10:10 开始第 7473 次操作

2024-03-06 01:10:10 开始操作号码 【1737372】
2024-03-06 01:10:15 GSD getOne 第 1 次 等待 3 秒
2024-03-06 01:10:18 查询号码 【1737372】，返回信息 {"status":"ok","msg":"湖南-益阳","gid":"208428","time_insert":"2021-07-06 19:39"}
2024-03-06 01:10:18 查询号码 【1737372】，GSD为【"湖南-益阳"】

2024-03-06 01:10:19 开始第 7474 次操作

2024-03-06 01:10:19 开始操作号码 【1737373】
2024-03-06 01:10:24 GSD getOne 第 1 次 等待 3 秒
2024-03-06 01:10:27 查询号码 【1737373】，返回信息 {"status":"ok","msg":"湖南-益阳","gid":"208436","time_insert":"2021-07-06 19:39"}
2024-03-06 01:10:27 查询号码 【1737373】，GSD为【"湖南-益阳"】

2024-03-06 01:10:28 开始第 7475 次操作

2024-03-06 01:10:28 开始操作号码 【1737374】
2024-03-06 01:10:33 GSD getOne 第 1 次 等待 3 秒
2024-03-06 01:10:36 查询号码 【1737374】，返回信息 {"status":"ok","msg":"湖南-益阳","gid":"208442","time_insert":"2021-07-06 19:40"}
2024-03-06 01:10:36 查询号码 【1737374】，GSD为【"湖南-益阳"】

2024-03-06 01:10:38 开始第 7476 次操作

2024-03-06 01:10:38 开始操作号码 【1737375】
2024-03-06 01:10:42 GSD getOne 第 1 次 等待 3 秒
2024-03-06 01:10:45 查询号码 【1737375】，返回信息 {"status":"ok","msg":"湖南-益阳","gid":"208449","time_insert":"2021-07-06 19:40"}
2024-03-06 01:10:45 查询号码 【1737375】，GSD为【"湖南-益阳"】

2024-03-06 01:32:32 开始第 7477 次操作

2024-03-06 01:32:32 开始操作号码 【1737376】
2024-03-06 01:32:36 GSD getOne 第 1 次 等待 3 秒
2024-03-06 01:32:39 查询号码 【1737376】，返回信息 {"status":"ok","msg":"湖南-益阳","gid":"208459","time_insert":"2021-07-06 19:41"}
2024-03-06 01:32:39 查询号码 【1737376】，GSD为【"湖南-益阳"】

2024-03-06 01:32:40 开始第 7478 次操作

2024-03-06 01:32:40 开始操作号码 【1737377】
2024-03-06 01:32:45 GSD getOne 第 1 次 等待 3 秒
2024-03-06 01:32:48 查询号码 【1737377】，返回信息 {"status":"ok","msg":"湖南-益阳","gid":"208468","time_insert":"2021-07-06 19:41"}
2024-03-06 01:32:48 查询号码 【1737377】，GSD为【"湖南-益阳"】

2024-03-06 01:32:49 开始第 7479 次操作

2024-03-06 01:32:49 开始操作号码 【1737378】
2024-03-06 01:32:53 GSD getOne 第 1 次 等待 3 秒
2024-03-06 01:32:56 查询号码 【1737378】，返回信息 {"status":"ok","msg":"湖南-益阳","gid":"208473","time_insert":"2021-07-06 19:42"}
2024-03-06 01:32:56 查询号码 【1737378】，GSD为【"湖南-益阳"】

2024-03-06 01:32:57 开始第 7480 次操作

2024-03-06 01:32:57 开始操作号码 【1737379】
2024-03-06 01:33:02 GSD getOne 第 1 次 等待 3 秒
2024-03-06 01:33:05 查询号码 【1737379】，返回信息 {"status":"ok","msg":"湖南-益阳","gid":"208482","time_insert":"2021-07-06 19:42"}
2024-03-06 01:33:05 查询号码 【1737379】，GSD为【"湖南-益阳"】

