2023-10-22 00:09:09 开始第 4489 次操作

2023-10-22 00:09:10 开始操作号码 【1944398】
2023-10-22 00:09:14 GSD getOne 第 1 次 等待 3 秒
2023-10-22 00:09:17 查询号码 【1944398】，返回信息 {"status":"ok","msg":"-","gid":"627379","time_insert":"2023-04-01 06:49"}
2023-10-22 00:09:17 查询号码 【1944398】，GSD为【"-"】
2023-10-22 00:09:17 ok && -
2023-10-22 00:09:19 CHB 1944398?1697904557 第 1 次 等待 3 秒
2023-10-22 00:09:22 CHB 1944398?1697904557 第 1 次 获取到号码【1944398】GSD
2023-10-22 00:09:22 未获取到号码【1944398】GSD，可能号码格式错误
2023-10-22 00:09:22 获取到号码【1944398】的GSD为【-】
2023-10-22 00:09:50 GSD insert 第 1 次 等待 3 秒
2023-10-22 00:09:53 {"status":"bad","gid":"627379","msg":"添加失败！号码【1944398(-|-)】已存在！"}
2023-10-22 00:09:53 随机等待 86 秒，约 1 分钟
2023-10-22 00:09:53 下次操作: 2023-10-22 00:11:19

2023-10-22 00:11:19 开始第 4490 次操作

2023-10-22 00:11:19 开始操作号码 【1944399】
2023-10-22 00:11:32 GSD getOne 第 1 次 等待 3 秒
2023-10-22 00:11:35 查询号码 【1944399】，返回信息 {"status":"ok","msg":"-","gid":"627375","time_insert":"2023-04-01 06:47"}
2023-10-22 00:11:35 查询号码 【1944399】，GSD为【"-"】
2023-10-22 00:11:35 ok && -
2023-10-22 00:11:37 CHB 1944399?1697904695 第 1 次 等待 3 秒
2023-10-22 00:11:40 CHB 1944399?1697904695 第 1 次 获取到号码【1944399】GSD
2023-10-22 00:11:40 未获取到号码【1944399】GSD，可能号码格式错误
2023-10-22 00:11:40 获取到号码【1944399】的GSD为【-】
2023-10-22 00:11:45 GSD insert 第 1 次 等待 3 秒
2023-10-22 00:11:48 {"status":"bad","gid":"627375","msg":"添加失败！号码【1944399(-|-)】已存在！"}
2023-10-22 00:11:48 随机等待 146 秒，约 2 分钟
2023-10-22 00:11:48 下次操作: 2023-10-22 00:14:14

2023-10-22 00:14:14 开始第 4491 次操作

2023-10-22 00:14:14 开始操作号码 【1944400】
2023-10-22 00:14:26 GSD getOne 第 1 次 等待 3 秒
2023-10-22 00:14:29 查询号码 【1944400】，返回信息 {"status":"ok","msg":"-","gid":"627373","time_insert":"2023-04-01 06:44"}
2023-10-22 00:14:29 查询号码 【1944400】，GSD为【"-"】
2023-10-22 00:14:29 ok && -
2023-10-22 00:14:32 CHB 1944400?1697904869 第 1 次 等待 3 秒
2023-10-22 00:14:35 CHB 1944400?1697904869 第 1 次 获取到号码【1944400】GSD
2023-10-22 00:14:35 未获取到号码【1944400】GSD，可能号码格式错误
2023-10-22 00:14:35 获取到号码【1944400】的GSD为【-】
2023-10-22 00:14:37 GSD insert 第 1 次 等待 3 秒
2023-10-22 00:14:40 {"status":"bad","gid":"627373","msg":"添加失败！号码【1944400(-|-)】已存在！"}
2023-10-22 00:14:40 随机等待 124 秒，约 2 分钟
2023-10-22 00:14:40 下次操作: 2023-10-22 00:16:44

2023-10-22 00:16:44 开始第 4492 次操作

2023-10-22 00:16:44 开始操作号码 【1944401】
2023-10-22 00:17:32 GSD getOne 第 1 次 等待 3 秒
2023-10-22 00:17:35 查询号码 【1944401】，返回信息 {"status":"ok","msg":"-","gid":"627369","time_insert":"2023-04-01 06:43"}
2023-10-22 00:17:36 查询号码 【1944401】，GSD为【"-"】
2023-10-22 00:17:36 ok && -
2023-10-22 00:17:37 CHB 1944401?1697905056 第 1 次 等待 3 秒
2023-10-22 00:17:40 CHB 1944401?1697905056 第 1 次 获取到号码【1944401】GSD
2023-10-22 00:17:40 未获取到号码【1944401】GSD，可能号码格式错误
2023-10-22 00:17:40 获取到号码【1944401】的GSD为【-】
2023-10-22 00:17:42 GSD insert 第 1 次 等待 3 秒
2023-10-22 00:17:45 {"status":"bad","gid":"627369","msg":"添加失败！号码【1944401(-|-)】已存在！"}

