2023-12-12 00:11:58 开始第 2785 次操作

2023-12-12 00:11:58 开始操作号码 【1842684】
2023-12-12 00:12:02 GSD getOne 第 1 次 等待 3 秒
2023-12-12 00:12:05 查询号码 【1842684】，返回信息 {"status":"ok","msg":"重庆-重庆","gid":"482916","time_insert":"2021-08-02 20:04"}
2023-12-12 00:12:05 查询号码 【1842684】，GSD为【"重庆-重庆"】

2023-12-12 00:12:06 开始第 2786 次操作

2023-12-12 00:12:06 开始操作号码 【1842685】
2023-12-12 00:12:10 GSD getOne 第 1 次 等待 3 秒
2023-12-12 00:12:13 查询号码 【1842685】，返回信息 {"status":"ok","msg":"重庆-重庆","gid":"482903","time_insert":"2021-08-02 20:03"}
2023-12-12 00:12:13 查询号码 【1842685】，GSD为【"重庆-重庆"】

2023-12-12 00:12:14 开始第 2787 次操作

2023-12-12 00:12:14 开始操作号码 【1842686】
2023-12-12 00:12:18 GSD getOne 第 1 次 等待 3 秒
2023-12-12 00:12:21 查询号码 【1842686】，返回信息 {"status":"ok","msg":"重庆-重庆","gid":"482893","time_insert":"2021-08-02 20:02"}
2023-12-12 00:12:21 查询号码 【1842686】，GSD为【"重庆-重庆"】

2023-12-12 00:12:22 开始第 2788 次操作

2023-12-12 00:12:22 开始操作号码 【1842687】
2023-12-12 00:12:27 GSD getOne 第 1 次 等待 3 秒
2023-12-12 00:12:30 查询号码 【1842687】，返回信息 {"status":"ok","msg":"重庆-重庆","gid":"482884","time_insert":"2021-08-02 20:02"}
2023-12-12 00:12:30 查询号码 【1842687】，GSD为【"重庆-重庆"】

2023-12-12 00:39:39 开始第 2789 次操作

2023-12-12 00:39:39 开始操作号码 【1842688】
2023-12-12 00:39:43 GSD getOne 第 1 次 等待 3 秒
2023-12-12 00:39:46 查询号码 【1842688】，返回信息 {"status":"ok","msg":"重庆-重庆","gid":"482872","time_insert":"2021-08-02 20:01"}
2023-12-12 00:39:46 查询号码 【1842688】，GSD为【"重庆-重庆"】

2023-12-12 00:39:47 开始第 2790 次操作

2023-12-12 00:39:47 开始操作号码 【1842689】
2023-12-12 00:39:51 GSD getOne 第 1 次 等待 3 秒
2023-12-12 00:39:54 查询号码 【1842689】，返回信息 {"status":"ok","msg":"重庆-重庆","gid":"482863","time_insert":"2021-08-02 20:00"}
2023-12-12 00:39:54 查询号码 【1842689】，GSD为【"重庆-重庆"】

2023-12-12 00:39:55 开始第 2791 次操作

2023-12-12 00:39:56 开始操作号码 【1842690】
2023-12-12 00:40:00 GSD getOne 第 1 次 等待 3 秒
2023-12-12 00:40:03 查询号码 【1842690】，返回信息 {"status":"ok","msg":"重庆-重庆","gid":"482846","time_insert":"2021-08-02 20:00"}
2023-12-12 00:40:03 查询号码 【1842690】，GSD为【"重庆-重庆"】

2023-12-12 00:40:04 开始第 2792 次操作

2023-12-12 00:40:04 开始操作号码 【1842691】
2023-12-12 00:40:07 GSD getOne 第 1 次 等待 3 秒
2023-12-12 00:40:10 查询号码 【1842691】，返回信息 {"status":"ok","msg":"重庆-重庆","gid":"482838","time_insert":"2021-08-02 19:59"}
2023-12-12 00:40:10 查询号码 【1842691】，GSD为【"重庆-重庆"】

2023-12-12 01:08:23 开始第 2793 次操作

2023-12-12 01:08:23 开始操作号码 【1842692】
2023-12-12 01:08:26 GSD getOne 第 1 次 等待 3 秒
2023-12-12 01:08:29 查询号码 【1842692】，返回信息 {"status":"ok","msg":"重庆-重庆","gid":"482829","time_insert":"2021-08-02 19:58"}
2023-12-12 01:08:29 查询号码 【1842692】，GSD为【"重庆-重庆"】

2023-12-12 01:08:30 开始第 2794 次操作

2023-12-12 01:08:30 开始操作号码 【1842693】
2023-12-12 01:08:34 GSD getOne 第 1 次 等待 3 秒
2023-12-12 01:08:37 查询号码 【1842693】，返回信息 {"status":"ok","msg":"重庆-重庆","gid":"482820","time_insert":"2021-08-02 19:58"}
2023-12-12 01:08:37 查询号码 【1842693】，GSD为【"重庆-重庆"】

2023-12-12 01:08:38 开始第 2795 次操作

2023-12-12 01:08:38 开始操作号码 【1842694】
2023-12-12 01:08:42 GSD getOne 第 1 次 等待 3 秒
2023-12-12 01:08:45 查询号码 【1842694】，返回信息 {"status":"ok","msg":"重庆-重庆","gid":"482809","time_insert":"2021-08-02 19:57"}
2023-12-12 01:08:46 查询号码 【1842694】，GSD为【"重庆-重庆"】

2023-12-12 01:08:47 开始第 2796 次操作

2023-12-12 01:08:47 开始操作号码 【1842695】
2023-12-12 01:08:50 GSD getOne 第 1 次 等待 3 秒
2023-12-12 01:08:53 查询号码 【1842695】，返回信息 {"status":"ok","msg":"重庆-重庆","gid":"482794","time_insert":"2021-08-02 19:56"}
2023-12-12 01:08:53 查询号码 【1842695】，GSD为【"重庆-重庆"】

