2024-04-02 00:11:14 开始第 1461 次操作

2024-04-02 00:11:14 开始操作号码 【1621361】
2024-04-02 00:11:19 GSD getOne 第 1 次 等待 3 秒
2024-04-02 00:11:22 查询号码 【1621361】，返回信息 {"status":"ok","msg":"辽宁-葫芦岛","gid":"105541","time_insert":"2021-06-19 05:30"}
2024-04-02 00:11:22 查询号码 【1621361】，GSD为【"辽宁-葫芦岛"】

2024-04-02 00:11:23 开始第 1462 次操作

2024-04-02 00:11:23 开始操作号码 【1621362】
2024-04-02 00:11:28 GSD getOne 第 1 次 等待 3 秒
2024-04-02 00:11:31 查询号码 【1621362】，返回信息 {"status":"ok","msg":"辽宁-葫芦岛","gid":"105544","time_insert":"2021-06-19 05:31"}
2024-04-02 00:11:31 查询号码 【1621362】，GSD为【"辽宁-葫芦岛"】

2024-04-02 00:11:32 开始第 1463 次操作

2024-04-02 00:11:32 开始操作号码 【1621363】
2024-04-02 00:11:39 GSD getOne 第 1 次 等待 3 秒
2024-04-02 00:11:42 查询号码 【1621363】，返回信息 {"status":"ok","msg":"辽宁-葫芦岛","gid":"105546","time_insert":"2021-06-19 05:31"}
2024-04-02 00:11:42 查询号码 【1621363】，GSD为【"辽宁-葫芦岛"】

2024-04-02 00:11:43 开始第 1464 次操作

2024-04-02 00:11:43 开始操作号码 【1621364】
2024-04-02 00:11:49 GSD getOne 第 1 次 等待 3 秒
2024-04-02 00:11:52 查询号码 【1621364】，返回信息 {"status":"ok","msg":"辽宁-葫芦岛","gid":"105548","time_insert":"2021-06-19 05:32"}
2024-04-02 00:11:52 查询号码 【1621364】，GSD为【"辽宁-葫芦岛"】

2024-04-02 00:37:10 开始第 1465 次操作

2024-04-02 00:37:10 开始操作号码 【1621365】
2024-04-02 00:37:17 GSD getOne 第 1 次 等待 3 秒
2024-04-02 00:37:20 查询号码 【1621365】，返回信息 {"status":"ok","msg":"辽宁-葫芦岛","gid":"105550","time_insert":"2021-06-19 05:33"}
2024-04-02 00:37:20 查询号码 【1621365】，GSD为【"辽宁-葫芦岛"】

2024-04-02 00:37:21 开始第 1466 次操作

2024-04-02 00:37:21 开始操作号码 【1621366】
2024-04-02 00:37:28 GSD getOne 第 1 次 等待 3 秒
2024-04-02 00:37:31 查询号码 【1621366】，返回信息 {"status":"ok","msg":"辽宁-葫芦岛","gid":"105551","time_insert":"2021-06-19 05:33"}
2024-04-02 00:37:31 查询号码 【1621366】，GSD为【"辽宁-葫芦岛"】

2024-04-02 00:37:32 开始第 1467 次操作

2024-04-02 00:37:32 开始操作号码 【1621367】
2024-04-02 00:37:38 GSD getOne 第 1 次 等待 3 秒
2024-04-02 00:37:41 查询号码 【1621367】，返回信息 {"status":"ok","msg":"辽宁-葫芦岛","gid":"105552","time_insert":"2021-06-19 05:34"}
2024-04-02 00:37:41 查询号码 【1621367】，GSD为【"辽宁-葫芦岛"】

2024-04-02 00:37:42 开始第 1468 次操作

2024-04-02 00:37:42 开始操作号码 【1621368】
2024-04-02 00:37:48 GSD getOne 第 1 次 等待 3 秒
2024-04-02 00:37:51 查询号码 【1621368】，返回信息 {"status":"ok","msg":"辽宁-葫芦岛","gid":"105553","time_insert":"2021-06-19 05:35"}
2024-04-02 00:37:51 查询号码 【1621368】，GSD为【"辽宁-葫芦岛"】

