2024-02-27 00:10:53 开始第 6045 次操作

2024-02-27 00:10:53 开始操作号码 【1735944】
2024-02-27 00:11:00 GSD getOne 第 1 次 等待 3 秒
2024-02-27 00:11:03 查询号码 【1735944】，返回信息 {"status":"ok","msg":"福建-厦门","gid":"193311","time_insert":"2021-07-04 21:42"}
2024-02-27 00:11:03 查询号码 【1735944】，GSD为【"福建-厦门"】

2024-02-27 00:11:04 开始第 6046 次操作

2024-02-27 00:11:04 开始操作号码 【1735945】
2024-02-27 00:11:08 GSD getOne 第 1 次 等待 3 秒
2024-02-27 00:11:11 查询号码 【1735945】，返回信息 {"status":"ok","msg":"福建-厦门","gid":"193317","time_insert":"2021-07-04 21:42"}
2024-02-27 00:11:11 查询号码 【1735945】，GSD为【"福建-厦门"】

2024-02-27 00:11:12 开始第 6047 次操作

2024-02-27 00:11:12 开始操作号码 【1735946】
2024-02-27 00:11:18 GSD getOne 第 1 次 等待 3 秒
2024-02-27 00:11:21 查询号码 【1735946】，返回信息 {"status":"ok","msg":"福建-厦门","gid":"193321","time_insert":"2021-07-04 21:43"}
2024-02-27 00:11:21 查询号码 【1735946】，GSD为【"福建-厦门"】

2024-02-27 00:11:22 开始第 6048 次操作

2024-02-27 00:11:22 开始操作号码 【1735947】
2024-02-27 00:11:27 GSD getOne 第 1 次 等待 3 秒
2024-02-27 00:11:30 查询号码 【1735947】，返回信息 {"status":"ok","msg":"福建-厦门","gid":"193327","time_insert":"2021-07-04 21:43"}
2024-02-27 00:11:30 查询号码 【1735947】，GSD为【"福建-厦门"】

