2023-11-11 00:10:26 开始第 8145 次操作

2023-11-11 00:10:26 开始操作号码 【1948043】
2023-11-11 00:10:29 GSD getOne 第 1 次 等待 3 秒
2023-11-11 00:10:32 查询号码 【1948043】，返回信息 {"status":"ok","msg":"-","gid":"607238","time_insert":"2023-03-22 13:53"}
2023-11-11 00:10:32 查询号码 【1948043】，GSD为【"-"】
2023-11-11 00:10:32 ok && -
2023-11-11 00:10:34 CHB 1948043?1699632632 第 1 次 等待 3 秒
2023-11-11 00:10:37 CHB 1948043?1699632632 第 1 次 获取到号码【1948043】GSD
2023-11-11 00:10:37 未获取到号码【1948043】GSD，可能号码格式错误
2023-11-11 00:10:37 获取到号码【1948043】的GSD为【-】
2023-11-11 00:10:44 GSD insert 第 1 次 等待 3 秒
2023-11-11 00:10:47 {"status":"bad","gid":"607238","msg":"添加失败！号码【1948043(-|-)】已存在！"}
2023-11-11 00:10:47 随机等待 155 秒，约 2 分钟
2023-11-11 00:10:47 下次操作: 2023-11-11 00:13:22

2023-11-11 00:13:22 开始第 8146 次操作

2023-11-11 00:13:22 开始操作号码 【1948044】
2023-11-11 00:13:27 GSD getOne 第 1 次 等待 3 秒
2023-11-11 00:13:30 查询号码 【1948044】，返回信息 {"status":"ok","msg":"-","gid":"607230","time_insert":"2023-03-22 13:49"}
2023-11-11 00:13:31 查询号码 【1948044】，GSD为【"-"】
2023-11-11 00:13:31 ok && -
2023-11-11 00:13:33 CHB 1948044?1699632811 第 1 次 等待 3 秒
2023-11-11 00:13:36 CHB 1948044?1699632811 第 1 次 获取到号码【1948044】GSD
2023-11-11 00:13:36 未获取到号码【1948044】GSD，可能号码格式错误
2023-11-11 00:13:36 获取到号码【1948044】的GSD为【-】
2023-11-11 00:13:39 GSD insert 第 1 次 等待 3 秒
2023-11-11 00:13:42 {"status":"bad","gid":"607230","msg":"添加失败！号码【1948044(-|-)】已存在！"}
2023-11-11 00:13:42 随机等待 126 秒，约 2 分钟
2023-11-11 00:13:42 下次操作: 2023-11-11 00:15:48

2023-11-11 00:15:48 开始第 8147 次操作

2023-11-11 00:15:48 开始操作号码 【1948045】
2023-11-11 00:15:51 GSD getOne 第 1 次 等待 3 秒
2023-11-11 00:15:54 查询号码 【1948045】，返回信息 {"status":"ok","msg":"-","gid":"607227","time_insert":"2023-03-22 13:47"}
2023-11-11 00:15:54 查询号码 【1948045】，GSD为【"-"】
2023-11-11 00:15:54 ok && -
2023-11-11 00:15:57 CHB 1948045?1699632954 第 1 次 等待 3 秒
2023-11-11 00:16:00 CHB 1948045?1699632954 第 1 次 获取到号码【1948045】GSD
2023-11-11 00:16:00 未获取到号码【1948045】GSD，可能号码格式错误
2023-11-11 00:16:00 获取到号码【1948045】的GSD为【-】
2023-11-11 00:16:03 GSD insert 第 1 次 等待 3 秒
2023-11-11 00:16:06 {"status":"bad","gid":"607227","msg":"添加失败！号码【1948045(-|-)】已存在！"}
2023-11-11 00:16:06 随机等待 90 秒，约 1 分钟
2023-11-11 00:16:06 下次操作: 2023-11-11 00:17:36

2023-11-11 00:17:36 开始第 8148 次操作

2023-11-11 00:17:36 开始操作号码 【1948046】
2023-11-11 00:17:39 GSD getOne 第 1 次 等待 3 秒
2023-11-11 00:17:42 查询号码 【1948046】，返回信息 {"status":"ok","msg":"-","gid":"607224","time_insert":"2023-03-22 13:45"}
2023-11-11 00:17:42 查询号码 【1948046】，GSD为【"-"】
2023-11-11 00:17:42 ok && -
2023-11-11 00:17:45 CHB 1948046?1699633062 第 1 次 等待 3 秒
2023-11-11 00:17:48 CHB 1948046?1699633062 第 1 次 获取到号码【1948046】GSD
2023-11-11 00:17:48 未获取到号码【1948046】GSD，可能号码格式错误
2023-11-11 00:17:48 获取到号码【1948046】的GSD为【-】
2023-11-11 00:17:55 GSD insert 第 1 次 等待 3 秒
2023-11-11 00:17:58 {"status":"bad","gid":"607224","msg":"添加失败！号码【1948046(-|-)】已存在！"}

2023-11-11 00:36:50 开始第 8149 次操作

2023-11-11 00:36:50 开始操作号码 【1948047】
2023-11-11 00:36:57 GSD getOne 第 1 次 等待 3 秒
2023-11-11 00:37:00 查询号码 【1948047】，返回信息 {"status":"ok","msg":"-","gid":"607221","time_insert":"2023-03-22 13:43"}
2023-11-11 00:37:01 查询号码 【1948047】，GSD为【"-"】
2023-11-11 00:37:01 ok && -
2023-11-11 00:37:05 CHB 1948047?1699634221 第 1 次 等待 3 秒
2023-11-11 00:37:08 CHB 1948047?1699634221 第 1 次 获取到号码【1948047】GSD
2023-11-11 00:37:08 未获取到号码【1948047】GSD，可能号码格式错误
2023-11-11 00:37:08 获取到号码【1948047】的GSD为【-】
2023-11-11 00:37:56 GSD insert 第 1 次 等待 3 秒
2023-11-11 00:37:59 {"status":"bad","gid":"607221","msg":"添加失败！号码【1948047(-|-)】已存在！"}
2023-11-11 00:37:59 随机等待 134 秒，约 2 分钟
2023-11-11 00:37:59 下次操作: 2023-11-11 00:40:13

2023-11-11 00:40:13 开始第 8150 次操作

2023-11-11 00:40:13 开始操作号码 【1948048】
2023-11-11 00:40:16 GSD getOne 第 1 次 等待 3 秒
2023-11-11 00:40:19 查询号码 【1948048】，返回信息 {"status":"ok","msg":"-","gid":"607219","time_insert":"2023-03-22 13:40"}
2023-11-11 00:40:19 查询号码 【1948048】，GSD为【"-"】
2023-11-11 00:40:19 ok && -
2023-11-11 00:40:24 CHB 1948048?1699634419 第 1 次 等待 3 秒
2023-11-11 00:40:27 CHB 1948048?1699634419 第 1 次 获取到号码【1948048】GSD
2023-11-11 00:40:27 未获取到号码【1948048】GSD，可能号码格式错误
2023-11-11 00:40:27 获取到号码【1948048】的GSD为【-】
2023-11-11 00:40:39 GSD insert 第 1 次 等待 3 秒
2023-11-11 00:40:42 {"status":"bad","gid":"607219","msg":"添加失败！号码【1948048(-|-)】已存在！"}
2023-11-11 00:40:42 随机等待 68 秒，约 1 分钟
2023-11-11 00:40:42 下次操作: 2023-11-11 00:41:50

2023-11-11 00:41:50 开始第 8151 次操作

2023-11-11 00:41:50 开始操作号码 【1948049】
2023-11-11 00:41:55 GSD getOne 第 1 次 等待 3 秒
2023-11-11 00:41:58 查询号码 【1948049】，返回信息 {"status":"ok","msg":"-","gid":"607215","time_insert":"2023-03-22 13:38"}
2023-11-11 00:41:58 查询号码 【1948049】，GSD为【"-"】
2023-11-11 00:41:58 ok && -
2023-11-11 00:42:01 CHB 1948049?1699634518 第 1 次 等待 3 秒
2023-11-11 00:42:04 CHB 1948049?1699634518 第 1 次 获取到号码【1948049】GSD
2023-11-11 00:42:04 未获取到号码【1948049】GSD，可能号码格式错误
2023-11-11 00:42:04 获取到号码【1948049】的GSD为【-】
2023-11-11 00:42:09 GSD insert 第 1 次 等待 3 秒
2023-11-11 00:42:12 {"status":"bad","gid":"607215","msg":"添加失败！号码【1948049(-|-)】已存在！"}
2023-11-11 00:42:12 随机等待 153 秒，约 2 分钟
2023-11-11 00:42:12 下次操作: 2023-11-11 00:44:45

2023-11-11 00:44:45 开始第 8152 次操作

2023-11-11 00:44:45 开始操作号码 【1948050】
2023-11-11 00:44:48 GSD getOne 第 1 次 等待 3 秒
2023-11-11 00:44:51 查询号码 【1948050】，返回信息 {"status":"ok","msg":"-","gid":"607209","time_insert":"2023-03-22 13:36"}
2023-11-11 00:44:51 查询号码 【1948050】，GSD为【"-"】
2023-11-11 00:44:51 ok && -
2023-11-11 00:44:54 CHB 1948050?1699634691 第 1 次 等待 3 秒
2023-11-11 00:44:57 CHB 1948050?1699634691 第 1 次 获取到号码【1948050】GSD
2023-11-11 00:44:57 未获取到号码【1948050】GSD，可能号码格式错误
2023-11-11 00:44:57 获取到号码【1948050】的GSD为【-】
2023-11-11 00:45:00 GSD insert 第 1 次 等待 3 秒
2023-11-11 00:45:03 {"status":"bad","gid":"607209","msg":"添加失败！号码【1948050(-|-)】已存在！"}

2023-11-11 01:07:48 开始第 8153 次操作

2023-11-11 01:07:48 开始操作号码 【1948051】
2023-11-11 01:07:51 GSD getOne 第 1 次 等待 3 秒
2023-11-11 01:07:55 查询号码 【1948051】，返回信息 {"status":"ok","msg":"-","gid":"607203","time_insert":"2023-03-22 13:33"}
2023-11-11 01:07:55 查询号码 【1948051】，GSD为【"-"】
2023-11-11 01:07:55 ok && -
2023-11-11 01:07:57 CHB 1948051?1699636075 第 1 次 等待 3 秒
2023-11-11 01:08:00 CHB 1948051?1699636075 第 1 次 获取到号码【1948051】GSD
2023-11-11 01:08:00 未获取到号码【1948051】GSD，可能号码格式错误
2023-11-11 01:08:00 获取到号码【1948051】的GSD为【-】
2023-11-11 01:08:09 GSD insert 第 1 次 等待 3 秒
2023-11-11 01:08:12 {"status":"bad","gid":"607203","msg":"添加失败！号码【1948051(-|-)】已存在！"}
2023-11-11 01:08:12 随机等待 185 秒，约 3 分钟
2023-11-11 01:08:12 下次操作: 2023-11-11 01:11:17

2023-11-11 01:11:17 开始第 8154 次操作

2023-11-11 01:11:17 开始操作号码 【1948052】
2023-11-11 01:11:20 GSD getOne 第 1 次 等待 3 秒
2023-11-11 01:11:23 查询号码 【1948052】，返回信息 {"status":"ok","msg":"-","gid":"607199","time_insert":"2023-03-22 13:31"}
2023-11-11 01:11:23 查询号码 【1948052】，GSD为【"-"】
2023-11-11 01:11:23 ok && -
2023-11-11 01:11:26 CHB 1948052?1699636283 第 1 次 等待 3 秒
2023-11-11 01:11:29 CHB 1948052?1699636283 第 1 次 获取到号码【1948052】GSD
2023-11-11 01:11:29 未获取到号码【1948052】GSD，可能号码格式错误
2023-11-11 01:11:29 获取到号码【1948052】的GSD为【-】
2023-11-11 01:11:32 GSD insert 第 1 次 等待 3 秒
2023-11-11 01:11:35 {"status":"bad","gid":"607199","msg":"添加失败！号码【1948052(-|-)】已存在！"}
2023-11-11 01:11:35 随机等待 130 秒，约 2 分钟
2023-11-11 01:11:35 下次操作: 2023-11-11 01:13:45

2023-11-11 01:13:45 开始第 8155 次操作

2023-11-11 01:13:45 开始操作号码 【1948053】
2023-11-11 01:13:50 GSD getOne 第 1 次 等待 3 秒
2023-11-11 01:13:53 查询号码 【1948053】，返回信息 {"status":"ok","msg":"-","gid":"607193","time_insert":"2023-03-22 13:28"}
2023-11-11 01:13:53 查询号码 【1948053】，GSD为【"-"】
2023-11-11 01:13:53 ok && -
2023-11-11 01:13:54 CHB 1948053?1699636433 第 1 次 等待 3 秒
2023-11-11 01:13:57 CHB 1948053?1699636433 第 1 次 获取到号码【1948053】GSD
2023-11-11 01:13:57 未获取到号码【1948053】GSD，可能号码格式错误
2023-11-11 01:13:57 获取到号码【1948053】的GSD为【-】
2023-11-11 01:14:01 GSD insert 第 1 次 等待 3 秒
2023-11-11 01:14:04 {"status":"bad","gid":"607193","msg":"添加失败！号码【1948053(-|-)】已存在！"}
2023-11-11 01:14:04 随机等待 225 秒，约 3 分钟
2023-11-11 01:14:04 下次操作: 2023-11-11 01:17:49

2023-11-11 01:17:50 开始第 8156 次操作

2023-11-11 01:17:50 开始操作号码 【1948054】
2023-11-11 01:17:52 GSD getOne 第 1 次 等待 3 秒
2023-11-11 01:17:55 查询号码 【1948054】，返回信息 {"status":"ok","msg":"-","gid":"607190","time_insert":"2023-03-22 13:26"}
2023-11-11 01:17:56 查询号码 【1948054】，GSD为【"-"】
2023-11-11 01:17:56 ok && -
2023-11-11 01:17:58 CHB 1948054?1699636676 第 1 次 等待 3 秒
2023-11-11 01:18:01 CHB 1948054?1699636676 第 1 次 获取到号码【1948054】GSD
2023-11-11 01:18:01 未获取到号码【1948054】GSD，可能号码格式错误
2023-11-11 01:18:01 获取到号码【1948054】的GSD为【-】
2023-11-11 01:18:04 GSD insert 第 1 次 等待 3 秒
2023-11-11 01:18:07 {"status":"bad","gid":"607190","msg":"添加失败！号码【1948054(-|-)】已存在！"}

2023-11-11 01:32:57 开始第 8157 次操作

2023-11-11 01:32:57 开始操作号码 【1948055】
2023-11-11 01:33:01 GSD getOne 第 1 次 等待 3 秒
2023-11-11 01:33:04 查询号码 【1948055】，返回信息 {"status":"ok","msg":"-","gid":"607189","time_insert":"2023-03-22 13:24"}
2023-11-11 01:33:04 查询号码 【1948055】，GSD为【"-"】
2023-11-11 01:33:04 ok && -
2023-11-11 01:33:06 CHB 1948055?1699637584 第 1 次 等待 3 秒
2023-11-11 01:33:09 CHB 1948055?1699637584 第 1 次 获取到号码【1948055】GSD
2023-11-11 01:33:09 未获取到号码【1948055】GSD，可能号码格式错误
2023-11-11 01:33:09 获取到号码【1948055】的GSD为【-】
2023-11-11 01:33:12 GSD insert 第 1 次 等待 3 秒
2023-11-11 01:33:15 {"status":"bad","gid":"607189","msg":"添加失败！号码【1948055(-|-)】已存在！"}
2023-11-11 01:33:15 随机等待 124 秒，约 2 分钟
2023-11-11 01:33:15 下次操作: 2023-11-11 01:35:19

2023-11-11 01:35:19 开始第 8158 次操作

2023-11-11 01:35:19 开始操作号码 【1948056】
2023-11-11 01:35:24 GSD getOne 第 1 次 等待 3 秒
2023-11-11 01:35:27 查询号码 【1948056】，返回信息 {"status":"ok","msg":"-","gid":"607179","time_insert":"2023-03-22 13:17"}
2023-11-11 01:35:27 查询号码 【1948056】，GSD为【"-"】
2023-11-11 01:35:27 ok && -
2023-11-11 01:35:29 CHB 1948056?1699637727 第 1 次 等待 3 秒
2023-11-11 01:35:32 CHB 1948056?1699637727 第 1 次 获取到号码【1948056】GSD
2023-11-11 01:35:32 未获取到号码【1948056】GSD，可能号码格式错误
2023-11-11 01:35:32 获取到号码【1948056】的GSD为【-】
2023-11-11 01:35:35 GSD insert 第 1 次 等待 3 秒
2023-11-11 01:35:38 {"status":"bad","gid":"607179","msg":"添加失败！号码【1948056(-|-)】已存在！"}
2023-11-11 01:35:38 随机等待 80 秒，约 1 分钟
2023-11-11 01:35:38 下次操作: 2023-11-11 01:36:58

2023-11-11 01:36:58 开始第 8159 次操作

2023-11-11 01:36:58 开始操作号码 【1948057】
2023-11-11 01:37:01 GSD getOne 第 1 次 等待 3 秒
2023-11-11 01:37:04 查询号码 【1948057】，返回信息 {"status":"ok","msg":"-","gid":"607176","time_insert":"2023-03-22 13:15"}
2023-11-11 01:37:04 查询号码 【1948057】，GSD为【"-"】
2023-11-11 01:37:04 ok && -
2023-11-11 01:37:08 CHB 1948057?1699637824 第 1 次 等待 3 秒
2023-11-11 01:37:11 CHB 1948057?1699637824 第 1 次 获取到号码【1948057】GSD
2023-11-11 01:37:11 未获取到号码【1948057】GSD，可能号码格式错误
2023-11-11 01:37:11 获取到号码【1948057】的GSD为【-】
2023-11-11 01:37:14 GSD insert 第 1 次 等待 3 秒
2023-11-11 01:37:17 {"status":"bad","gid":"607176","msg":"添加失败！号码【1948057(-|-)】已存在！"}
2023-11-11 01:37:17 随机等待 111 秒，约 1 分钟
2023-11-11 01:37:17 下次操作: 2023-11-11 01:39:08

2023-11-11 01:39:08 开始第 8160 次操作

2023-11-11 01:39:08 开始操作号码 【1948058】
2023-11-11 01:39:14 GSD getOne 第 1 次 等待 3 秒
2023-11-11 01:39:17 查询号码 【1948058】，返回信息 {"status":"ok","msg":"-","gid":"607171","time_insert":"2023-03-22 13:12"}
2023-11-11 01:39:17 查询号码 【1948058】，GSD为【"-"】
2023-11-11 01:39:17 ok && -
2023-11-11 01:39:19 CHB 1948058?1699637957 第 1 次 等待 3 秒
2023-11-11 01:39:22 CHB 1948058?1699637957 第 1 次 获取到号码【1948058】GSD
2023-11-11 01:39:22 未获取到号码【1948058】GSD，可能号码格式错误
2023-11-11 01:39:22 获取到号码【1948058】的GSD为【-】
2023-11-11 01:39:25 GSD insert 第 1 次 等待 3 秒
2023-11-11 01:39:28 {"status":"bad","gid":"607171","msg":"添加失败！号码【1948058(-|-)】已存在！"}

2023-11-11 02:10:43 开始第 8161 次操作

2023-11-11 02:10:43 开始操作号码 【1948059】
2023-11-11 02:10:46 GSD getOne 第 1 次 等待 3 秒
2023-11-11 02:10:49 查询号码 【1948059】，返回信息 {"status":"ok","msg":"-","gid":"607167","time_insert":"2023-03-22 13:09"}
2023-11-11 02:10:49 查询号码 【1948059】，GSD为【"-"】
2023-11-11 02:10:49 ok && -
2023-11-11 02:10:51 CHB 1948059?1699639849 第 1 次 等待 3 秒
2023-11-11 02:10:54 CHB 1948059?1699639849 第 1 次 获取到号码【1948059】GSD
2023-11-11 02:10:54 未获取到号码【1948059】GSD，可能号码格式错误
2023-11-11 02:10:54 获取到号码【1948059】的GSD为【-】
2023-11-11 02:10:58 GSD insert 第 1 次 等待 3 秒
2023-11-11 02:11:01 {"status":"bad","gid":"607167","msg":"添加失败！号码【1948059(-|-)】已存在！"}
2023-11-11 02:11:01 随机等待 150 秒，约 2 分钟
2023-11-11 02:11:01 下次操作: 2023-11-11 02:13:31

2023-11-11 02:13:31 开始第 8162 次操作

2023-11-11 02:13:31 开始操作号码 【1948060】
2023-11-11 02:13:34 GSD getOne 第 1 次 等待 3 秒
2023-11-11 02:13:37 查询号码 【1948060】，返回信息 {"status":"ok","msg":"-","gid":"607154","time_insert":"2023-03-22 12:59"}
2023-11-11 02:13:37 查询号码 【1948060】，GSD为【"-"】
2023-11-11 02:13:37 ok && -
2023-11-11 02:13:40 CHB 1948060?1699640017 第 1 次 等待 3 秒
2023-11-11 02:13:43 CHB 1948060?1699640017 第 1 次 获取到号码【1948060】GSD
2023-11-11 02:13:43 未获取到号码【1948060】GSD，可能号码格式错误
2023-11-11 02:13:43 获取到号码【1948060】的GSD为【-】
2023-11-11 02:13:46 GSD insert 第 1 次 等待 3 秒
2023-11-11 02:13:49 {"status":"bad","gid":"607154","msg":"添加失败！号码【1948060(-|-)】已存在！"}
2023-11-11 02:13:49 随机等待 232 秒，约 3 分钟
2023-11-11 02:13:49 下次操作: 2023-11-11 02:17:41

2023-11-11 02:17:41 开始第 8163 次操作

2023-11-11 02:17:41 开始操作号码 【1948061】
2023-11-11 02:17:44 GSD getOne 第 1 次 等待 3 秒
2023-11-11 02:17:47 查询号码 【1948061】，返回信息 {"status":"ok","msg":"-","gid":"607152","time_insert":"2023-03-22 12:58"}
2023-11-11 02:17:47 查询号码 【1948061】，GSD为【"-"】
2023-11-11 02:17:47 ok && -
2023-11-11 02:17:49 CHB 1948061?1699640267 第 1 次 等待 3 秒
2023-11-11 02:17:52 CHB 1948061?1699640267 第 1 次 获取到号码【1948061】GSD
2023-11-11 02:17:52 未获取到号码【1948061】GSD，可能号码格式错误
2023-11-11 02:17:52 获取到号码【1948061】的GSD为【-】
2023-11-11 02:17:55 GSD insert 第 1 次 等待 3 秒
2023-11-11 02:17:58 {"status":"bad","gid":"607152","msg":"添加失败！号码【1948061(-|-)】已存在！"}
2023-11-11 02:17:58 随机等待 213 秒，约 3 分钟
2023-11-11 02:17:58 下次操作: 2023-11-11 02:21:31

2023-11-11 02:21:31 开始第 8164 次操作

2023-11-11 02:21:31 开始操作号码 【1948062】
2023-11-11 02:21:34 GSD getOne 第 1 次 等待 3 秒
2023-11-11 02:21:37 查询号码 【1948062】，返回信息 {"status":"ok","msg":"-","gid":"607143","time_insert":"2023-03-22 12:55"}
2023-11-11 02:21:37 查询号码 【1948062】，GSD为【"-"】
2023-11-11 02:21:37 ok && -
2023-11-11 02:21:39 CHB 1948062?1699640497 第 1 次 等待 3 秒
2023-11-11 02:21:42 CHB 1948062?1699640497 第 1 次 获取到号码【1948062】GSD
2023-11-11 02:21:42 未获取到号码【1948062】GSD，可能号码格式错误
2023-11-11 02:21:42 获取到号码【1948062】的GSD为【-】
2023-11-11 02:21:45 GSD insert 第 1 次 等待 3 秒
2023-11-11 02:21:48 {"status":"bad","gid":"607143","msg":"添加失败！号码【1948062(-|-)】已存在！"}

2023-11-11 02:33:39 开始第 8165 次操作

2023-11-11 02:33:39 开始操作号码 【1948063】
2023-11-11 02:33:43 GSD getOne 第 1 次 等待 3 秒
2023-11-11 02:33:46 查询号码 【1948063】，返回信息 {"status":"ok","msg":"-","gid":"607141","time_insert":"2023-03-22 12:53"}
2023-11-11 02:33:46 查询号码 【1948063】，GSD为【"-"】
2023-11-11 02:33:46 ok && -
2023-11-11 02:33:49 CHB 1948063?1699641226 第 1 次 等待 3 秒
2023-11-11 02:33:52 CHB 1948063?1699641226 第 1 次 获取到号码【1948063】GSD
2023-11-11 02:33:52 未获取到号码【1948063】GSD，可能号码格式错误
2023-11-11 02:33:52 获取到号码【1948063】的GSD为【-】
2023-11-11 02:33:55 GSD insert 第 1 次 等待 3 秒
2023-11-11 02:33:58 {"status":"bad","gid":"607141","msg":"添加失败！号码【1948063(-|-)】已存在！"}
2023-11-11 02:33:58 随机等待 226 秒，约 3 分钟
2023-11-11 02:33:58 下次操作: 2023-11-11 02:37:44

2023-11-11 02:37:44 开始第 8166 次操作

2023-11-11 02:37:44 开始操作号码 【1948064】
2023-11-11 02:37:48 GSD getOne 第 1 次 等待 3 秒
2023-11-11 02:37:51 查询号码 【1948064】，返回信息 {"status":"ok","msg":"-","gid":"607135","time_insert":"2023-03-22 12:47"}
2023-11-11 02:37:51 查询号码 【1948064】，GSD为【"-"】
2023-11-11 02:37:51 ok && -
2023-11-11 02:37:53 CHB 1948064?1699641471 第 1 次 等待 3 秒
2023-11-11 02:37:56 CHB 1948064?1699641471 第 1 次 获取到号码【1948064】GSD
2023-11-11 02:37:56 未获取到号码【1948064】GSD，可能号码格式错误
2023-11-11 02:37:56 获取到号码【1948064】的GSD为【-】
2023-11-11 02:38:00 GSD insert 第 1 次 等待 3 秒
2023-11-11 02:38:03 {"status":"bad","gid":"607135","msg":"添加失败！号码【1948064(-|-)】已存在！"}
2023-11-11 02:38:03 随机等待 189 秒，约 3 分钟
2023-11-11 02:38:03 下次操作: 2023-11-11 02:41:12

2023-11-11 02:41:12 开始第 8167 次操作

2023-11-11 02:41:12 开始操作号码 【1948065】
2023-11-11 02:41:15 GSD getOne 第 1 次 等待 3 秒
2023-11-11 02:41:18 查询号码 【1948065】，返回信息 {"status":"ok","msg":"-","gid":"607132","time_insert":"2023-03-22 12:46"}
2023-11-11 02:41:18 查询号码 【1948065】，GSD为【"-"】
2023-11-11 02:41:18 ok && -
2023-11-11 02:41:22 CHB 1948065?1699641678 第 1 次 等待 3 秒
2023-11-11 02:41:25 CHB 1948065?1699641678 第 1 次 获取到号码【1948065】GSD
2023-11-11 02:41:25 未获取到号码【1948065】GSD，可能号码格式错误
2023-11-11 02:41:25 获取到号码【1948065】的GSD为【-】
2023-11-11 02:41:28 GSD insert 第 1 次 等待 3 秒
2023-11-11 02:41:31 {"status":"bad","gid":"607132","msg":"添加失败！号码【1948065(-|-)】已存在！"}
2023-11-11 02:41:31 随机等待 141 秒，约 2 分钟
2023-11-11 02:41:31 下次操作: 2023-11-11 02:43:52

2023-11-11 02:43:52 开始第 8168 次操作

2023-11-11 02:43:52 开始操作号码 【1948066】
2023-11-11 02:43:56 GSD getOne 第 1 次 等待 3 秒
2023-11-11 02:43:59 查询号码 【1948066】，返回信息 {"status":"ok","msg":"-","gid":"607128","time_insert":"2023-03-22 12:44"}
2023-11-11 02:43:59 查询号码 【1948066】，GSD为【"-"】
2023-11-11 02:43:59 ok && -
2023-11-11 02:44:01 CHB 1948066?1699641839 第 1 次 等待 3 秒
2023-11-11 02:44:04 CHB 1948066?1699641839 第 1 次 获取到号码【1948066】GSD
2023-11-11 02:44:04 未获取到号码【1948066】GSD，可能号码格式错误
2023-11-11 02:44:04 获取到号码【1948066】的GSD为【-】
2023-11-11 02:44:08 GSD insert 第 1 次 等待 3 秒
2023-11-11 02:44:11 {"status":"bad","gid":"607128","msg":"添加失败！号码【1948066(-|-)】已存在！"}

2023-11-11 03:06:48 开始第 8169 次操作

2023-11-11 03:06:48 开始操作号码 【1948067】
2023-11-11 03:06:51 GSD getOne 第 1 次 等待 3 秒
2023-11-11 03:06:54 查询号码 【1948067】，返回信息 {"status":"ok","msg":"-","gid":"607125","time_insert":"2023-03-22 12:43"}
2023-11-11 03:06:54 查询号码 【1948067】，GSD为【"-"】
2023-11-11 03:06:54 ok && -
2023-11-11 03:06:56 CHB 1948067?1699643214 第 1 次 等待 3 秒
2023-11-11 03:06:59 CHB 1948067?1699643214 第 1 次 获取到号码【1948067】GSD
2023-11-11 03:07:00 未获取到号码【1948067】GSD，可能号码格式错误
2023-11-11 03:07:00 获取到号码【1948067】的GSD为【-】
2023-11-11 03:07:03 GSD insert 第 1 次 等待 3 秒
2023-11-11 03:07:06 {"status":"bad","gid":"607125","msg":"添加失败！号码【1948067(-|-)】已存在！"}
2023-11-11 03:07:06 随机等待 116 秒，约 1 分钟
2023-11-11 03:07:06 下次操作: 2023-11-11 03:09:02

2023-11-11 03:09:02 开始第 8170 次操作

2023-11-11 03:09:02 开始操作号码 【1948068】
2023-11-11 03:09:05 GSD getOne 第 1 次 等待 3 秒
2023-11-11 03:09:08 查询号码 【1948068】，返回信息 {"status":"ok","msg":"-","gid":"607115","time_insert":"2023-03-22 12:37"}
2023-11-11 03:09:08 查询号码 【1948068】，GSD为【"-"】
2023-11-11 03:09:08 ok && -
2023-11-11 03:09:11 CHB 1948068?1699643348 第 1 次 等待 3 秒
2023-11-11 03:09:14 CHB 1948068?1699643348 第 1 次 获取到号码【1948068】GSD
2023-11-11 03:09:14 未获取到号码【1948068】GSD，可能号码格式错误
2023-11-11 03:09:14 获取到号码【1948068】的GSD为【-】
2023-11-11 03:09:17 GSD insert 第 1 次 等待 3 秒
2023-11-11 03:09:20 {"status":"bad","gid":"607115","msg":"添加失败！号码【1948068(-|-)】已存在！"}
2023-11-11 03:09:20 随机等待 135 秒，约 2 分钟
2023-11-11 03:09:20 下次操作: 2023-11-11 03:11:35

2023-11-11 03:11:35 开始第 8171 次操作

2023-11-11 03:11:35 开始操作号码 【1948069】
2023-11-11 03:11:39 GSD getOne 第 1 次 等待 3 秒
2023-11-11 03:11:42 查询号码 【1948069】，返回信息 {"status":"ok","msg":"-","gid":"607112","time_insert":"2023-03-22 12:35"}
2023-11-11 03:11:42 查询号码 【1948069】，GSD为【"-"】
2023-11-11 03:11:42 ok && -
2023-11-11 03:11:45 CHB 1948069?1699643502 第 1 次 等待 3 秒
2023-11-11 03:11:48 CHB 1948069?1699643502 第 1 次 获取到号码【1948069】GSD
2023-11-11 03:11:48 未获取到号码【1948069】GSD，可能号码格式错误
2023-11-11 03:11:48 获取到号码【1948069】的GSD为【-】
2023-11-11 03:11:51 GSD insert 第 1 次 等待 3 秒
2023-11-11 03:11:54 {"status":"bad","gid":"607112","msg":"添加失败！号码【1948069(-|-)】已存在！"}
2023-11-11 03:11:54 随机等待 173 秒，约 2 分钟
2023-11-11 03:11:54 下次操作: 2023-11-11 03:14:47

2023-11-11 03:14:47 开始第 8172 次操作

2023-11-11 03:14:47 开始操作号码 【1948070】
2023-11-11 03:14:50 GSD getOne 第 1 次 等待 3 秒
2023-11-11 03:14:53 查询号码 【1948070】，返回信息 {"status":"ok","msg":"-","gid":"607107","time_insert":"2023-03-22 12:32"}
2023-11-11 03:14:53 查询号码 【1948070】，GSD为【"-"】
2023-11-11 03:14:53 ok && -
2023-11-11 03:14:56 CHB 1948070?1699643693 第 1 次 等待 3 秒
2023-11-11 03:14:59 CHB 1948070?1699643693 第 1 次 获取到号码【1948070】GSD
2023-11-11 03:14:59 未获取到号码【1948070】GSD，可能号码格式错误
2023-11-11 03:14:59 获取到号码【1948070】的GSD为【-】
2023-11-11 03:15:02 GSD insert 第 1 次 等待 3 秒
2023-11-11 03:15:05 {"status":"bad","gid":"607107","msg":"添加失败！号码【1948070(-|-)】已存在！"}

2023-11-11 03:32:57 开始第 8173 次操作

2023-11-11 03:32:57 开始操作号码 【1948071】
2023-11-11 03:33:01 GSD getOne 第 1 次 等待 3 秒
2023-11-11 03:33:04 查询号码 【1948071】，返回信息 {"status":"ok","msg":"-","gid":"607104","time_insert":"2023-03-22 12:30"}
2023-11-11 03:33:04 查询号码 【1948071】，GSD为【"-"】
2023-11-11 03:33:04 ok && -
2023-11-11 03:33:07 CHB 1948071?1699644784 第 1 次 等待 3 秒
2023-11-11 03:33:10 CHB 1948071?1699644784 第 1 次 获取到号码【1948071】GSD
2023-11-11 03:33:10 未获取到号码【1948071】GSD，可能号码格式错误
2023-11-11 03:33:10 获取到号码【1948071】的GSD为【-】
2023-11-11 03:33:13 GSD insert 第 1 次 等待 3 秒
2023-11-11 03:33:16 {"status":"bad","gid":"607104","msg":"添加失败！号码【1948071(-|-)】已存在！"}
2023-11-11 03:33:16 随机等待 80 秒，约 1 分钟
2023-11-11 03:33:16 下次操作: 2023-11-11 03:34:36

2023-11-11 03:34:36 开始第 8174 次操作

2023-11-11 03:34:36 开始操作号码 【1948072】
2023-11-11 03:34:41 GSD getOne 第 1 次 等待 3 秒
2023-11-11 03:34:44 查询号码 【1948072】，返回信息 {"status":"ok","msg":"-","gid":"607090","time_insert":"2023-03-22 12:19"}
2023-11-11 03:34:44 查询号码 【1948072】，GSD为【"-"】
2023-11-11 03:34:44 ok && -
2023-11-11 03:34:47 CHB 1948072?1699644884 第 1 次 等待 3 秒
2023-11-11 03:34:50 CHB 1948072?1699644884 第 1 次 获取到号码【1948072】GSD
2023-11-11 03:34:50 未获取到号码【1948072】GSD，可能号码格式错误
2023-11-11 03:34:50 获取到号码【1948072】的GSD为【-】
2023-11-11 03:34:53 GSD insert 第 1 次 等待 3 秒
2023-11-11 03:34:56 {"status":"bad","gid":"607090","msg":"添加失败！号码【1948072(-|-)】已存在！"}
2023-11-11 03:34:56 随机等待 150 秒，约 2 分钟
2023-11-11 03:34:56 下次操作: 2023-11-11 03:37:26

2023-11-11 03:37:26 开始第 8175 次操作

2023-11-11 03:37:26 开始操作号码 【1948073】
2023-11-11 03:37:30 GSD getOne 第 1 次 等待 3 秒
2023-11-11 03:37:33 查询号码 【1948073】，返回信息 {"status":"ok","msg":"-","gid":"607087","time_insert":"2023-03-22 12:16"}
2023-11-11 03:37:33 查询号码 【1948073】，GSD为【"-"】
2023-11-11 03:37:33 ok && -
2023-11-11 03:37:35 CHB 1948073?1699645053 第 1 次 等待 3 秒
2023-11-11 03:37:38 CHB 1948073?1699645053 第 1 次 获取到号码【1948073】GSD
2023-11-11 03:37:38 未获取到号码【1948073】GSD，可能号码格式错误
2023-11-11 03:37:38 获取到号码【1948073】的GSD为【-】
2023-11-11 03:37:41 GSD insert 第 1 次 等待 3 秒
2023-11-11 03:37:44 {"status":"bad","gid":"607087","msg":"添加失败！号码【1948073(-|-)】已存在！"}
2023-11-11 03:37:44 随机等待 191 秒，约 3 分钟
2023-11-11 03:37:44 下次操作: 2023-11-11 03:40:55

2023-11-11 03:40:55 开始第 8176 次操作

2023-11-11 03:40:55 开始操作号码 【1948074】
2023-11-11 03:40:59 GSD getOne 第 1 次 等待 3 秒
2023-11-11 03:41:02 查询号码 【1948074】，返回信息 {"status":"ok","msg":"-","gid":"607083","time_insert":"2023-03-22 12:13"}
2023-11-11 03:41:02 查询号码 【1948074】，GSD为【"-"】
2023-11-11 03:41:02 ok && -
2023-11-11 03:41:04 CHB 1948074?1699645262 第 1 次 等待 3 秒
2023-11-11 03:41:07 CHB 1948074?1699645262 第 1 次 获取到号码【1948074】GSD
2023-11-11 03:41:07 未获取到号码【1948074】GSD，可能号码格式错误
2023-11-11 03:41:07 获取到号码【1948074】的GSD为【-】
2023-11-11 03:41:10 GSD insert 第 1 次 等待 3 秒
2023-11-11 03:41:13 {"status":"bad","gid":"607083","msg":"添加失败！号码【1948074(-|-)】已存在！"}

2023-11-11 04:08:41 开始第 8177 次操作

2023-11-11 04:08:41 开始操作号码 【1948075】
2023-11-11 04:08:45 GSD getOne 第 1 次 等待 3 秒
2023-11-11 04:08:48 查询号码 【1948075】，返回信息 {"status":"ok","msg":"-","gid":"607080","time_insert":"2023-03-22 12:11"}
2023-11-11 04:08:48 查询号码 【1948075】，GSD为【"-"】
2023-11-11 04:08:48 ok && -
2023-11-11 04:08:51 CHB 1948075?1699646928 第 1 次 等待 3 秒
2023-11-11 04:08:54 CHB 1948075?1699646928 第 1 次 获取到号码【1948075】GSD
2023-11-11 04:08:54 未获取到号码【1948075】GSD，可能号码格式错误
2023-11-11 04:08:54 获取到号码【1948075】的GSD为【-】
2023-11-11 04:08:58 GSD insert 第 1 次 等待 3 秒
2023-11-11 04:09:01 {"status":"bad","gid":"607080","msg":"添加失败！号码【1948075(-|-)】已存在！"}
2023-11-11 04:09:01 随机等待 175 秒，约 2 分钟
2023-11-11 04:09:01 下次操作: 2023-11-11 04:11:56

2023-11-11 04:11:56 开始第 8178 次操作

2023-11-11 04:11:56 开始操作号码 【1948076】
2023-11-11 04:11:59 GSD getOne 第 1 次 等待 3 秒
2023-11-11 04:12:02 查询号码 【1948076】，返回信息 {"status":"ok","msg":"-","gid":"607060","time_insert":"2023-03-22 11:57"}
2023-11-11 04:12:02 查询号码 【1948076】，GSD为【"-"】
2023-11-11 04:12:02 ok && -
2023-11-11 04:12:05 CHB 1948076?1699647122 第 1 次 等待 3 秒
2023-11-11 04:12:08 CHB 1948076?1699647122 第 1 次 获取到号码【1948076】GSD
2023-11-11 04:12:09 未获取到号码【1948076】GSD，可能号码格式错误
2023-11-11 04:12:09 获取到号码【1948076】的GSD为【-】
2023-11-11 04:12:12 GSD insert 第 1 次 等待 3 秒
2023-11-11 04:12:15 {"status":"bad","gid":"607060","msg":"添加失败！号码【1948076(-|-)】已存在！"}
2023-11-11 04:12:15 随机等待 103 秒，约 1 分钟
2023-11-11 04:12:15 下次操作: 2023-11-11 04:13:58

2023-11-11 04:13:58 开始第 8179 次操作

2023-11-11 04:13:58 开始操作号码 【1948077】
2023-11-11 04:14:01 GSD getOne 第 1 次 等待 3 秒
2023-11-11 04:14:04 查询号码 【1948077】，返回信息 {"status":"ok","msg":"-","gid":"607058","time_insert":"2023-03-22 11:56"}
2023-11-11 04:14:04 查询号码 【1948077】，GSD为【"-"】
2023-11-11 04:14:04 ok && -
2023-11-11 04:14:07 CHB 1948077?1699647244 第 1 次 等待 3 秒
2023-11-11 04:14:10 CHB 1948077?1699647244 第 1 次 获取到号码【1948077】GSD
2023-11-11 04:14:10 未获取到号码【1948077】GSD，可能号码格式错误
2023-11-11 04:14:10 获取到号码【1948077】的GSD为【-】
2023-11-11 04:14:13 GSD insert 第 1 次 等待 3 秒
2023-11-11 04:14:16 {"status":"bad","gid":"607058","msg":"添加失败！号码【1948077(-|-)】已存在！"}
2023-11-11 04:14:16 随机等待 163 秒，约 2 分钟
2023-11-11 04:14:16 下次操作: 2023-11-11 04:16:59

2023-11-11 04:16:59 开始第 8180 次操作

2023-11-11 04:16:59 开始操作号码 【1948078】
2023-11-11 04:17:03 GSD getOne 第 1 次 等待 3 秒
2023-11-11 04:17:06 查询号码 【1948078】，返回信息 {"status":"ok","msg":"-","gid":"607055","time_insert":"2023-03-22 11:55"}
2023-11-11 04:17:06 查询号码 【1948078】，GSD为【"-"】
2023-11-11 04:17:06 ok && -
2023-11-11 04:17:08 CHB 1948078?1699647426 第 1 次 等待 3 秒
2023-11-11 04:17:11 CHB 1948078?1699647426 第 1 次 获取到号码【1948078】GSD
2023-11-11 04:17:11 未获取到号码【1948078】GSD，可能号码格式错误
2023-11-11 04:17:11 获取到号码【1948078】的GSD为【-】
2023-11-11 04:17:15 GSD insert 第 1 次 等待 3 秒
2023-11-11 04:17:18 {"status":"bad","gid":"607055","msg":"添加失败！号码【1948078(-|-)】已存在！"}

2023-11-11 04:33:27 开始第 8181 次操作

2023-11-11 04:33:27 开始操作号码 【1948079】
2023-11-11 04:33:30 GSD getOne 第 1 次 等待 3 秒
2023-11-11 04:33:33 查询号码 【1948079】，返回信息 {"status":"ok","msg":"-","gid":"607053","time_insert":"2023-03-22 11:53"}
2023-11-11 04:33:33 查询号码 【1948079】，GSD为【"-"】
2023-11-11 04:33:33 ok && -
2023-11-11 04:33:36 CHB 1948079?1699648413 第 1 次 等待 3 秒
2023-11-11 04:33:39 CHB 1948079?1699648413 第 1 次 获取到号码【1948079】GSD
2023-11-11 04:33:39 未获取到号码【1948079】GSD，可能号码格式错误
2023-11-11 04:33:39 获取到号码【1948079】的GSD为【-】
2023-11-11 04:33:42 GSD insert 第 1 次 等待 3 秒
2023-11-11 04:33:45 {"status":"bad","gid":"607053","msg":"添加失败！号码【1948079(-|-)】已存在！"}
2023-11-11 04:33:45 随机等待 208 秒，约 3 分钟
2023-11-11 04:33:45 下次操作: 2023-11-11 04:37:13

2023-11-11 04:37:13 开始第 8182 次操作

2023-11-11 04:37:13 开始操作号码 【1948080】
2023-11-11 04:37:16 GSD getOne 第 1 次 等待 3 秒
2023-11-11 04:37:19 查询号码 【1948080】，返回信息 {"status":"ok","msg":"-","gid":"607046","time_insert":"2023-03-22 11:49"}
2023-11-11 04:37:19 查询号码 【1948080】，GSD为【"-"】
2023-11-11 04:37:19 ok && -
2023-11-11 04:37:22 CHB 1948080?1699648639 第 1 次 等待 3 秒
2023-11-11 04:37:25 CHB 1948080?1699648639 第 1 次 获取到号码【1948080】GSD
2023-11-11 04:37:25 未获取到号码【1948080】GSD，可能号码格式错误
2023-11-11 04:37:25 获取到号码【1948080】的GSD为【-】
2023-11-11 04:37:29 GSD insert 第 1 次 等待 3 秒
2023-11-11 04:37:32 {"status":"bad","gid":"607046","msg":"添加失败！号码【1948080(-|-)】已存在！"}
2023-11-11 04:37:32 随机等待 135 秒，约 2 分钟
2023-11-11 04:37:32 下次操作: 2023-11-11 04:39:47

2023-11-11 04:39:47 开始第 8183 次操作

2023-11-11 04:39:47 开始操作号码 【1948081】
2023-11-11 04:39:50 GSD getOne 第 1 次 等待 3 秒
2023-11-11 04:39:53 查询号码 【1948081】，返回信息 {"status":"ok","msg":"-","gid":"607039","time_insert":"2023-03-22 11:47"}
2023-11-11 04:39:53 查询号码 【1948081】，GSD为【"-"】
2023-11-11 04:39:53 ok && -
2023-11-11 04:39:55 CHB 1948081?1699648793 第 1 次 等待 3 秒
2023-11-11 04:39:58 CHB 1948081?1699648793 第 1 次 获取到号码【1948081】GSD
2023-11-11 04:39:58 未获取到号码【1948081】GSD，可能号码格式错误
2023-11-11 04:39:58 获取到号码【1948081】的GSD为【-】
2023-11-11 04:40:02 GSD insert 第 1 次 等待 3 秒
2023-11-11 04:40:05 {"status":"bad","gid":"607039","msg":"添加失败！号码【1948081(-|-)】已存在！"}
2023-11-11 04:40:05 随机等待 148 秒，约 2 分钟
2023-11-11 04:40:05 下次操作: 2023-11-11 04:42:33

2023-11-11 04:42:33 开始第 8184 次操作

2023-11-11 04:42:33 开始操作号码 【1948082】
2023-11-11 04:42:37 GSD getOne 第 1 次 等待 3 秒
2023-11-11 04:42:40 查询号码 【1948082】，返回信息 {"status":"ok","msg":"-","gid":"607036","time_insert":"2023-03-22 11:45"}
2023-11-11 04:42:40 查询号码 【1948082】，GSD为【"-"】
2023-11-11 04:42:40 ok && -
2023-11-11 04:42:43 CHB 1948082?1699648960 第 1 次 等待 3 秒
2023-11-11 04:42:46 CHB 1948082?1699648960 第 1 次 获取到号码【1948082】GSD
2023-11-11 04:42:46 未获取到号码【1948082】GSD，可能号码格式错误
2023-11-11 04:42:46 获取到号码【1948082】的GSD为【-】
2023-11-11 04:42:49 GSD insert 第 1 次 等待 3 秒
2023-11-11 04:42:52 {"status":"bad","gid":"607036","msg":"添加失败！号码【1948082(-|-)】已存在！"}

2023-11-11 05:07:37 开始第 8185 次操作

2023-11-11 05:07:37 开始操作号码 【1948083】
2023-11-11 05:07:40 GSD getOne 第 1 次 等待 3 秒
2023-11-11 05:07:43 查询号码 【1948083】，返回信息 {"status":"ok","msg":"-","gid":"607033","time_insert":"2023-03-22 11:43"}
2023-11-11 05:07:43 查询号码 【1948083】，GSD为【"-"】
2023-11-11 05:07:43 ok && -
2023-11-11 05:07:50 CHB 1948083?1699650463 第 1 次 等待 3 秒
2023-11-11 05:07:53 CHB 1948083?1699650463 第 1 次 获取到号码【1948083】GSD
2023-11-11 05:07:53 未获取到号码【1948083】GSD，可能号码格式错误
2023-11-11 05:07:53 获取到号码【1948083】的GSD为【-】
2023-11-11 05:07:56 GSD insert 第 1 次 等待 3 秒
2023-11-11 05:07:59 {"status":"bad","gid":"607033","msg":"添加失败！号码【1948083(-|-)】已存在！"}
2023-11-11 05:07:59 随机等待 80 秒，约 1 分钟
2023-11-11 05:07:59 下次操作: 2023-11-11 05:09:19

2023-11-11 05:09:19 开始第 8186 次操作

2023-11-11 05:09:19 开始操作号码 【1948084】
2023-11-11 05:09:22 GSD getOne 第 1 次 等待 3 秒
2023-11-11 05:09:25 查询号码 【1948084】，返回信息 {"status":"ok","msg":"-","gid":"607030","time_insert":"2023-03-22 11:41"}
2023-11-11 05:09:25 查询号码 【1948084】，GSD为【"-"】
2023-11-11 05:09:25 ok && -
2023-11-11 05:09:27 CHB 1948084?1699650565 第 1 次 等待 3 秒
2023-11-11 05:09:30 CHB 1948084?1699650565 第 1 次 获取到号码【1948084】GSD
2023-11-11 05:09:30 未获取到号码【1948084】GSD，可能号码格式错误
2023-11-11 05:09:30 获取到号码【1948084】的GSD为【-】
2023-11-11 05:09:33 GSD insert 第 1 次 等待 3 秒
2023-11-11 05:09:36 {"status":"bad","gid":"607030","msg":"添加失败！号码【1948084(-|-)】已存在！"}
2023-11-11 05:09:36 随机等待 85 秒，约 1 分钟
2023-11-11 05:09:36 下次操作: 2023-11-11 05:11:01

2023-11-11 05:11:01 开始第 8187 次操作

2023-11-11 05:11:01 开始操作号码 【1948085】
2023-11-11 05:11:04 GSD getOne 第 1 次 等待 3 秒
2023-11-11 05:11:07 查询号码 【1948085】，返回信息 {"status":"ok","msg":"-","gid":"607026","time_insert":"2023-03-22 11:38"}
2023-11-11 05:11:07 查询号码 【1948085】，GSD为【"-"】
2023-11-11 05:11:07 ok && -
2023-11-11 05:11:08 CHB 1948085?1699650667 第 1 次 等待 3 秒
2023-11-11 05:11:11 CHB 1948085?1699650667 第 1 次 获取到号码【1948085】GSD
2023-11-11 05:11:12 未获取到号码【1948085】GSD，可能号码格式错误
2023-11-11 05:11:12 获取到号码【1948085】的GSD为【-】
2023-11-11 05:11:14 GSD insert 第 1 次 等待 3 秒
2023-11-11 05:11:17 {"status":"bad","gid":"607026","msg":"添加失败！号码【1948085(-|-)】已存在！"}
2023-11-11 05:11:17 随机等待 139 秒，约 2 分钟
2023-11-11 05:11:17 下次操作: 2023-11-11 05:13:36

2023-11-11 05:13:36 开始第 8188 次操作

2023-11-11 05:13:36 开始操作号码 【1948086】
2023-11-11 05:13:40 GSD getOne 第 1 次 等待 3 秒
2023-11-11 05:13:43 查询号码 【1948086】，返回信息 {"status":"ok","msg":"-","gid":"607021","time_insert":"2023-03-22 11:36"}
2023-11-11 05:13:43 查询号码 【1948086】，GSD为【"-"】
2023-11-11 05:13:43 ok && -
2023-11-11 05:13:45 CHB 1948086?1699650823 第 1 次 等待 3 秒
2023-11-11 05:13:48 CHB 1948086?1699650823 第 1 次 获取到号码【1948086】GSD
2023-11-11 05:13:48 未获取到号码【1948086】GSD，可能号码格式错误
2023-11-11 05:13:48 获取到号码【1948086】的GSD为【-】
2023-11-11 05:13:51 GSD insert 第 1 次 等待 3 秒
2023-11-11 05:13:54 {"status":"bad","gid":"607021","msg":"添加失败！号码【1948086(-|-)】已存在！"}

2023-11-11 05:32:53 开始第 8189 次操作

2023-11-11 05:32:53 开始操作号码 【1948087】
2023-11-11 05:32:56 GSD getOne 第 1 次 等待 3 秒
2023-11-11 05:32:59 查询号码 【1948087】，返回信息 {"status":"ok","msg":"-","gid":"607017","time_insert":"2023-03-22 11:34"}
2023-11-11 05:32:59 查询号码 【1948087】，GSD为【"-"】
2023-11-11 05:32:59 ok && -
2023-11-11 05:33:01 CHB 1948087?1699651979 第 1 次 等待 3 秒
2023-11-11 05:33:04 CHB 1948087?1699651979 第 1 次 获取到号码【1948087】GSD
2023-11-11 05:33:04 未获取到号码【1948087】GSD，可能号码格式错误
2023-11-11 05:33:04 获取到号码【1948087】的GSD为【-】
2023-11-11 05:33:08 GSD insert 第 1 次 等待 3 秒
2023-11-11 05:33:11 {"status":"bad","gid":"607017","msg":"添加失败！号码【1948087(-|-)】已存在！"}
2023-11-11 05:33:11 随机等待 101 秒，约 1 分钟
2023-11-11 05:33:11 下次操作: 2023-11-11 05:34:52

2023-11-11 05:34:52 开始第 8190 次操作

2023-11-11 05:34:52 开始操作号码 【1948088】
2023-11-11 05:34:55 GSD getOne 第 1 次 等待 3 秒
2023-11-11 05:34:58 查询号码 【1948088】，返回信息 {"status":"ok","msg":"-","gid":"607014","time_insert":"2023-03-22 11:32"}
2023-11-11 05:34:58 查询号码 【1948088】，GSD为【"-"】
2023-11-11 05:34:58 ok && -
2023-11-11 05:35:00 CHB 1948088?1699652098 第 1 次 等待 3 秒
2023-11-11 05:35:03 CHB 1948088?1699652098 第 1 次 获取到号码【1948088】GSD
2023-11-11 05:35:04 未获取到号码【1948088】GSD，可能号码格式错误
2023-11-11 05:35:04 获取到号码【1948088】的GSD为【-】
2023-11-11 05:35:07 GSD insert 第 1 次 等待 3 秒
2023-11-11 05:35:10 {"status":"bad","gid":"607014","msg":"添加失败！号码【1948088(-|-)】已存在！"}
2023-11-11 05:35:10 随机等待 202 秒，约 3 分钟
2023-11-11 05:35:10 下次操作: 2023-11-11 05:38:32

2023-11-11 05:38:32 开始第 8191 次操作

2023-11-11 05:38:32 开始操作号码 【1948089】
2023-11-11 05:38:35 GSD getOne 第 1 次 等待 3 秒
2023-11-11 05:38:38 查询号码 【1948089】，返回信息 {"status":"ok","msg":"-","gid":"607008","time_insert":"2023-03-22 11:30"}
2023-11-11 05:38:38 查询号码 【1948089】，GSD为【"-"】
2023-11-11 05:38:38 ok && -
2023-11-11 05:38:40 CHB 1948089?1699652318 第 1 次 等待 3 秒
2023-11-11 05:38:43 CHB 1948089?1699652318 第 1 次 获取到号码【1948089】GSD
2023-11-11 05:38:43 未获取到号码【1948089】GSD，可能号码格式错误
2023-11-11 05:38:43 获取到号码【1948089】的GSD为【-】
2023-11-11 05:38:47 GSD insert 第 1 次 等待 3 秒
2023-11-11 05:38:50 {"status":"bad","gid":"607008","msg":"添加失败！号码【1948089(-|-)】已存在！"}
2023-11-11 05:38:50 随机等待 172 秒，约 2 分钟
2023-11-11 05:38:50 下次操作: 2023-11-11 05:41:42

2023-11-11 05:41:42 开始第 8192 次操作

2023-11-11 05:41:42 开始操作号码 【1948090】
2023-11-11 05:41:45 GSD getOne 第 1 次 等待 3 秒
2023-11-11 05:41:48 查询号码 【1948090】，返回信息 {"status":"ok","msg":"-","gid":"607005","time_insert":"2023-03-22 11:28"}
2023-11-11 05:41:48 查询号码 【1948090】，GSD为【"-"】
2023-11-11 05:41:48 ok && -
2023-11-11 05:41:50 CHB 1948090?1699652508 第 1 次 等待 3 秒
2023-11-11 05:41:53 CHB 1948090?1699652508 第 1 次 获取到号码【1948090】GSD
2023-11-11 05:41:53 未获取到号码【1948090】GSD，可能号码格式错误
2023-11-11 05:41:53 获取到号码【1948090】的GSD为【-】
2023-11-11 05:41:56 GSD insert 第 1 次 等待 3 秒
2023-11-11 05:41:59 {"status":"bad","gid":"607005","msg":"添加失败！号码【1948090(-|-)】已存在！"}

2023-11-11 06:07:38 开始第 8193 次操作

2023-11-11 06:07:38 开始操作号码 【1948091】
2023-11-11 06:07:41 GSD getOne 第 1 次 等待 3 秒
2023-11-11 06:07:44 查询号码 【1948091】，返回信息 {"status":"ok","msg":"-","gid":"607000","time_insert":"2023-03-22 11:26"}
2023-11-11 06:07:44 查询号码 【1948091】，GSD为【"-"】
2023-11-11 06:07:44 ok && -
2023-11-11 06:07:46 CHB 1948091?1699654064 第 1 次 等待 3 秒
2023-11-11 06:07:49 CHB 1948091?1699654064 第 1 次 获取到号码【1948091】GSD
2023-11-11 06:07:49 未获取到号码【1948091】GSD，可能号码格式错误
2023-11-11 06:07:49 获取到号码【1948091】的GSD为【-】
2023-11-11 06:07:52 GSD insert 第 1 次 等待 3 秒
2023-11-11 06:07:55 {"status":"bad","gid":"607000","msg":"添加失败！号码【1948091(-|-)】已存在！"}
2023-11-11 06:07:55 随机等待 137 秒，约 2 分钟
2023-11-11 06:07:55 下次操作: 2023-11-11 06:10:12

2023-11-11 06:10:12 开始第 8194 次操作

2023-11-11 06:10:12 开始操作号码 【1948092】
2023-11-11 06:10:15 GSD getOne 第 1 次 等待 3 秒
2023-11-11 06:10:18 查询号码 【1948092】，返回信息 {"status":"ok","msg":"-","gid":"606992","time_insert":"2023-03-22 11:17"}
2023-11-11 06:10:18 查询号码 【1948092】，GSD为【"-"】
2023-11-11 06:10:18 ok && -
2023-11-11 06:10:20 CHB 1948092?1699654218 第 1 次 等待 3 秒
2023-11-11 06:10:23 CHB 1948092?1699654218 第 1 次 获取到号码【1948092】GSD
2023-11-11 06:10:23 未获取到号码【1948092】GSD，可能号码格式错误
2023-11-11 06:10:23 获取到号码【1948092】的GSD为【-】
2023-11-11 06:10:26 GSD insert 第 1 次 等待 3 秒
2023-11-11 06:10:29 {"status":"bad","gid":"606992","msg":"添加失败！号码【1948092(-|-)】已存在！"}
2023-11-11 06:10:29 随机等待 105 秒，约 1 分钟
2023-11-11 06:10:29 下次操作: 2023-11-11 06:12:14

2023-11-11 06:12:14 开始第 8195 次操作

2023-11-11 06:12:14 开始操作号码 【1948093】
2023-11-11 06:12:17 GSD getOne 第 1 次 等待 3 秒
2023-11-11 06:12:20 查询号码 【1948093】，返回信息 {"status":"ok","msg":"-","gid":"606984","time_insert":"2023-03-22 11:15"}
2023-11-11 06:12:20 查询号码 【1948093】，GSD为【"-"】
2023-11-11 06:12:20 ok && -
2023-11-11 06:12:22 CHB 1948093?1699654340 第 1 次 等待 3 秒
2023-11-11 06:12:25 CHB 1948093?1699654340 第 1 次 获取到号码【1948093】GSD
2023-11-11 06:12:25 未获取到号码【1948093】GSD，可能号码格式错误
2023-11-11 06:12:25 获取到号码【1948093】的GSD为【-】
2023-11-11 06:12:28 GSD insert 第 1 次 等待 3 秒
2023-11-11 06:12:31 {"status":"bad","gid":"606984","msg":"添加失败！号码【1948093(-|-)】已存在！"}
2023-11-11 06:12:31 随机等待 86 秒，约 1 分钟
2023-11-11 06:12:31 下次操作: 2023-11-11 06:13:57

2023-11-11 06:13:57 开始第 8196 次操作

2023-11-11 06:13:57 开始操作号码 【1948094】
2023-11-11 06:13:59 GSD getOne 第 1 次 等待 3 秒
2023-11-11 06:14:02 查询号码 【1948094】，返回信息 {"status":"ok","msg":"-","gid":"606981","time_insert":"2023-03-22 11:12"}
2023-11-11 06:14:02 查询号码 【1948094】，GSD为【"-"】
2023-11-11 06:14:02 ok && -
2023-11-11 06:14:06 CHB 1948094?1699654442 第 1 次 等待 3 秒
2023-11-11 06:14:09 CHB 1948094?1699654442 第 1 次 获取到号码【1948094】GSD
2023-11-11 06:14:09 未获取到号码【1948094】GSD，可能号码格式错误
2023-11-11 06:14:09 获取到号码【1948094】的GSD为【-】
2023-11-11 06:14:11 GSD insert 第 1 次 等待 3 秒
2023-11-11 06:14:14 {"status":"bad","gid":"606981","msg":"添加失败！号码【1948094(-|-)】已存在！"}

