2024-02-29 00:10:22 开始第 6413 次操作

2024-02-29 00:10:22 开始操作号码 【1736312】
2024-02-29 00:10:27 GSD getOne 第 1 次 等待 3 秒
2024-02-29 00:10:30 查询号码 【1736312】，返回信息 {"status":"ok","msg":"河北-保定","gid":"196329","time_insert":"2021-07-05 07:43"}
2024-02-29 00:10:30 查询号码 【1736312】，GSD为【"河北-保定"】

2024-02-29 00:10:31 开始第 6414 次操作

2024-02-29 00:10:31 开始操作号码 【1736313】
2024-02-29 00:10:35 GSD getOne 第 1 次 等待 3 秒
2024-02-29 00:10:38 查询号码 【1736313】，返回信息 {"status":"ok","msg":"河北-张家口","gid":"196338","time_insert":"2021-07-05 07:44"}
2024-02-29 00:10:38 查询号码 【1736313】，GSD为【"河北-张家口"】

2024-02-29 00:10:39 开始第 6415 次操作

2024-02-29 00:10:39 开始操作号码 【1736314】
2024-02-29 00:10:44 GSD getOne 第 1 次 等待 3 秒
2024-02-29 00:10:47 查询号码 【1736314】，返回信息 {"status":"ok","msg":"河北-承德","gid":"196347","time_insert":"2021-07-05 07:45"}
2024-02-29 00:10:47 查询号码 【1736314】，GSD为【"河北-承德"】

2024-02-29 00:10:48 开始第 6416 次操作

2024-02-29 00:10:49 开始操作号码 【1736315】
2024-02-29 00:10:56 GSD getOne 第 1 次 等待 3 秒
2024-02-29 00:10:59 查询号码 【1736315】，返回信息 {"status":"ok","msg":"河北-唐山","gid":"196359","time_insert":"2021-07-05 07:46"}
2024-02-29 00:10:59 查询号码 【1736315】，GSD为【"河北-唐山"】

