2024-06-22 00:11:09 开始第 2053 次操作

2024-06-22 00:11:09 开始操作号码 【1511944】
2024-06-22 00:11:28 GSD getOne 第 1 次 等待 3 秒
2024-06-22 00:11:31 查询号码 【1511944】，返回信息 {"status":"ok","msg":"广东-汕尾","gid":"110125","time_insert":"2021-06-21 08:33"}
2024-06-22 00:11:31 查询号码 【1511944】，GSD为【"广东-汕尾"】

2024-06-22 00:11:32 开始第 2054 次操作

2024-06-22 00:11:32 开始操作号码 【1511945】
2024-06-22 00:11:48 GSD getOne 第 1 次 等待 3 秒
2024-06-22 00:11:51 查询号码 【1511945】，返回信息 {"status":"ok","msg":"广东-阳江","gid":"110155","time_insert":"2021-06-21 08:54"}
2024-06-22 00:11:51 查询号码 【1511945】，GSD为【"广东-阳江"】

2024-06-22 00:11:52 开始第 2055 次操作

2024-06-22 00:11:52 开始操作号码 【1511946】
2024-06-22 00:12:09 GSD getOne 第 1 次 等待 3 秒
2024-06-22 00:12:12 查询号码 【1511946】，返回信息 {"status":"ok","msg":"广东-阳江","gid":"110184","time_insert":"2021-06-21 09:14"}
2024-06-22 00:12:12 查询号码 【1511946】，GSD为【"广东-阳江"】

2024-06-22 00:12:13 开始第 2056 次操作

2024-06-22 00:12:13 开始操作号码 【1511947】
2024-06-22 00:12:30 GSD getOne 第 1 次 等待 3 秒
2024-06-22 00:12:33 查询号码 【1511947】，返回信息 {"status":"ok","msg":"广东-阳江","gid":"110213","time_insert":"2021-06-21 09:36"}
2024-06-22 00:12:34 查询号码 【1511947】，GSD为【"广东-阳江"】

