2024-02-22 00:10:57 开始第 5125 次操作

2024-02-22 00:10:57 开始操作号码 【1735024】
2024-02-22 00:11:03 GSD getOne 第 1 次 等待 3 秒
2024-02-22 00:11:06 查询号码 【1735024】，返回信息 {"status":"ok","msg":"福建-漳州","gid":"182368","time_insert":"2021-07-03 15:22"}
2024-02-22 00:11:06 查询号码 【1735024】，GSD为【"福建-漳州"】

2024-02-22 00:11:07 开始第 5126 次操作

2024-02-22 00:11:07 开始操作号码 【1735025】
2024-02-22 00:11:13 GSD getOne 第 1 次 等待 3 秒
2024-02-22 00:11:16 查询号码 【1735025】，返回信息 {"status":"ok","msg":"福建-漳州","gid":"182396","time_insert":"2021-07-03 15:35"}
2024-02-22 00:11:16 查询号码 【1735025】，GSD为【"福建-漳州"】

2024-02-22 00:11:17 开始第 5127 次操作

2024-02-22 00:11:17 开始操作号码 【1735026】
2024-02-22 00:11:25 GSD getOne 第 1 次 等待 3 秒
2024-02-22 00:11:28 查询号码 【1735026】，返回信息 {"status":"ok","msg":"福建-漳州","gid":"182399","time_insert":"2021-07-03 15:35"}
2024-02-22 00:11:28 查询号码 【1735026】，GSD为【"福建-漳州"】

2024-02-22 00:11:29 开始第 5128 次操作

2024-02-22 00:11:29 开始操作号码 【1735027】
2024-02-22 00:11:34 GSD getOne 第 1 次 等待 3 秒
2024-02-22 00:11:37 查询号码 【1735027】，返回信息 {"status":"ok","msg":"福建-漳州","gid":"182404","time_insert":"2021-07-03 15:36"}
2024-02-22 00:11:37 查询号码 【1735027】，GSD为【"福建-漳州"】

