2024-10-19 00:28:09 开始第 9881 次操作

2024-10-19 00:28:09 开始操作号码 【1409878】
2024-10-19 00:28:10 GSD getOne 第 1 次 等待 3 秒
2024-10-19 00:28:13 查询号码 【1409878】，返回信息 {"status":"ok","msg":"-","gid":"690959","time_insert":"2023-05-03 16:25"}
2024-10-19 00:28:13 查询号码 【1409878】，GSD为【"-"】
2024-10-19 00:28:13 ok && -
2024-10-19 00:28:15 CHB 1409878?1729268893 第 1 次 等待 3 秒
2024-10-19 00:28:18 CHB 1409878?1729268893 第 1 次 获取到号码【1409878】GSD
2024-10-19 00:28:18 未获取到号码【1409878】GSD，可能号码格式错误
2024-10-19 00:28:18 获取到号码【1409878】的GSD为【-】
2024-10-19 00:28:19 GSD insert 第 1 次 等待 3 秒
2024-10-19 00:28:22 {"status":"bad","gid":"690959","msg":"添加失败！号码【1409878(-|-)】已存在！"}
2024-10-19 00:28:22 随机等待 139 秒，约 2 分钟
2024-10-19 00:28:22 下次操作: 2024-10-19 00:30:41

2024-10-19 00:30:41 开始第 9882 次操作

2024-10-19 00:30:41 开始操作号码 【1409879】
2024-10-19 00:30:43 GSD getOne 第 1 次 等待 3 秒
2024-10-19 00:30:46 查询号码 【1409879】，返回信息 {"status":"ok","msg":"-","gid":"690948","time_insert":"2023-05-03 16:13"}
2024-10-19 00:30:46 查询号码 【1409879】，GSD为【"-"】
2024-10-19 00:30:46 ok && -
2024-10-19 00:30:48 CHB 1409879?1729269046 第 1 次 等待 3 秒
2024-10-19 00:30:51 CHB 1409879?1729269046 第 1 次 获取到号码【1409879】GSD
2024-10-19 00:30:51 未获取到号码【1409879】GSD，可能号码格式错误
2024-10-19 00:30:51 获取到号码【1409879】的GSD为【-】
2024-10-19 00:30:52 GSD insert 第 1 次 等待 3 秒
2024-10-19 00:30:55 {"status":"bad","gid":"690948","msg":"添加失败！号码【1409879(-|-)】已存在！"}
2024-10-19 00:30:55 随机等待 209 秒，约 3 分钟
2024-10-19 00:30:55 下次操作: 2024-10-19 00:34:24

2024-10-19 00:34:24 开始第 9883 次操作

2024-10-19 00:34:24 开始操作号码 【1409880】
2024-10-19 00:34:25 GSD getOne 第 1 次 等待 3 秒
2024-10-19 00:34:28 查询号码 【1409880】，返回信息 {"status":"ok","msg":"-","gid":"690934","time_insert":"2023-05-03 15:57"}
2024-10-19 00:34:28 查询号码 【1409880】，GSD为【"-"】
2024-10-19 00:34:28 ok && -
2024-10-19 00:34:30 CHB 1409880?1729269268 第 1 次 等待 3 秒
2024-10-19 00:34:33 CHB 1409880?1729269268 第 1 次 获取到号码【1409880】GSD
2024-10-19 00:34:33 未获取到号码【1409880】GSD，可能号码格式错误
2024-10-19 00:34:33 获取到号码【1409880】的GSD为【-】
2024-10-19 00:34:34 GSD insert 第 1 次 等待 3 秒
2024-10-19 00:34:37 {"status":"bad","gid":"690934","msg":"添加失败！号码【1409880(-|-)】已存在！"}
2024-10-19 00:34:37 随机等待 202 秒，约 3 分钟
2024-10-19 00:34:37 下次操作: 2024-10-19 00:37:59

2024-10-19 00:37:59 开始第 9884 次操作

2024-10-19 00:37:59 开始操作号码 【1409881】
2024-10-19 00:38:01 GSD getOne 第 1 次 等待 3 秒
2024-10-19 00:38:04 查询号码 【1409881】，返回信息 {"status":"ok","msg":"-","gid":"690921","time_insert":"2023-05-03 15:42"}
2024-10-19 00:38:04 查询号码 【1409881】，GSD为【"-"】
2024-10-19 00:38:04 ok && -
2024-10-19 00:38:06 CHB 1409881?1729269484 第 1 次 等待 3 秒
2024-10-19 00:38:09 CHB 1409881?1729269484 第 1 次 获取到号码【1409881】GSD
2024-10-19 00:38:09 未获取到号码【1409881】GSD，可能号码格式错误
2024-10-19 00:38:09 获取到号码【1409881】的GSD为【-】
2024-10-19 00:38:10 GSD insert 第 1 次 等待 3 秒
2024-10-19 00:38:13 {"status":"bad","gid":"690921","msg":"添加失败！号码【1409881(-|-)】已存在！"}

2024-10-19 00:46:56 开始第 9885 次操作

2024-10-19 00:46:56 开始操作号码 【1409882】
2024-10-19 00:46:57 GSD getOne 第 1 次 等待 3 秒
2024-10-19 00:47:00 查询号码 【1409882】，返回信息 {"status":"ok","msg":"-","gid":"690902","time_insert":"2023-05-03 15:20"}
2024-10-19 00:47:00 查询号码 【1409882】，GSD为【"-"】
2024-10-19 00:47:00 ok && -
2024-10-19 00:47:02 CHB 1409882?1729270020 第 1 次 等待 3 秒
2024-10-19 00:47:05 CHB 1409882?1729270020 第 1 次 获取到号码【1409882】GSD
2024-10-19 00:47:05 未获取到号码【1409882】GSD，可能号码格式错误
2024-10-19 00:47:05 获取到号码【1409882】的GSD为【-】
2024-10-19 00:47:06 GSD insert 第 1 次 等待 3 秒
2024-10-19 00:47:09 {"status":"bad","gid":"690902","msg":"添加失败！号码【1409882(-|-)】已存在！"}
2024-10-19 00:47:09 随机等待 80 秒，约 1 分钟
2024-10-19 00:47:09 下次操作: 2024-10-19 00:48:29

2024-10-19 00:48:29 开始第 9886 次操作

2024-10-19 00:48:29 开始操作号码 【1409883】
2024-10-19 00:48:31 GSD getOne 第 1 次 等待 3 秒
2024-10-19 00:48:34 查询号码 【1409883】，返回信息 {"status":"ok","msg":"-","gid":"690887","time_insert":"2023-05-03 15:03"}
2024-10-19 00:48:34 查询号码 【1409883】，GSD为【"-"】
2024-10-19 00:48:34 ok && -
2024-10-19 00:48:35 CHB 1409883?1729270114 第 1 次 等待 3 秒
2024-10-19 00:48:38 CHB 1409883?1729270114 第 1 次 获取到号码【1409883】GSD
2024-10-19 00:48:38 未获取到号码【1409883】GSD，可能号码格式错误
2024-10-19 00:48:38 获取到号码【1409883】的GSD为【-】
2024-10-19 00:48:39 GSD insert 第 1 次 等待 3 秒
2024-10-19 00:48:42 {"status":"bad","gid":"690887","msg":"添加失败！号码【1409883(-|-)】已存在！"}
2024-10-19 00:48:42 随机等待 96 秒，约 1 分钟
2024-10-19 00:48:42 下次操作: 2024-10-19 00:50:18

2024-10-19 00:50:18 开始第 9887 次操作

2024-10-19 00:50:18 开始操作号码 【1409884】
2024-10-19 00:50:19 GSD getOne 第 1 次 等待 3 秒
2024-10-19 00:50:22 查询号码 【1409884】，返回信息 {"status":"ok","msg":"-","gid":"690869","time_insert":"2023-05-03 14:43"}
2024-10-19 00:50:22 查询号码 【1409884】，GSD为【"-"】
2024-10-19 00:50:22 ok && -
2024-10-19 00:50:24 CHB 1409884?1729270222 第 1 次 等待 3 秒
2024-10-19 00:50:27 CHB 1409884?1729270222 第 1 次 获取到号码【1409884】GSD
2024-10-19 00:50:27 未获取到号码【1409884】GSD，可能号码格式错误
2024-10-19 00:50:27 获取到号码【1409884】的GSD为【-】
2024-10-19 00:50:28 GSD insert 第 1 次 等待 3 秒
2024-10-19 00:50:31 {"status":"bad","gid":"690869","msg":"添加失败！号码【1409884(-|-)】已存在！"}
2024-10-19 00:50:31 随机等待 234 秒，约 3 分钟
2024-10-19 00:50:31 下次操作: 2024-10-19 00:54:25

2024-10-19 00:54:25 开始第 9888 次操作

2024-10-19 00:54:25 开始操作号码 【1409885】
2024-10-19 00:54:26 GSD getOne 第 1 次 等待 3 秒
2024-10-19 00:54:29 查询号码 【1409885】，返回信息 {"status":"ok","msg":"-","gid":"690853","time_insert":"2023-05-03 14:30"}
2024-10-19 00:54:29 查询号码 【1409885】，GSD为【"-"】
2024-10-19 00:54:29 ok && -
2024-10-19 00:54:32 CHB 1409885?1729270469 第 1 次 等待 3 秒
2024-10-19 00:54:35 CHB 1409885?1729270469 第 1 次 获取到号码【1409885】GSD
2024-10-19 00:54:35 未获取到号码【1409885】GSD，可能号码格式错误
2024-10-19 00:54:35 获取到号码【1409885】的GSD为【-】
2024-10-19 00:54:36 GSD insert 第 1 次 等待 3 秒
2024-10-19 00:54:39 {"status":"bad","gid":"690853","msg":"添加失败！号码【1409885(-|-)】已存在！"}

