2024-01-31 00:10:37 开始第 1081 次操作

2024-01-31 00:10:37 开始操作号码 【1730980】
2024-01-31 00:10:41 GSD getOne 第 1 次 等待 3 秒
2024-01-31 00:10:44 查询号码 【1730980】，返回信息 {"status":"ok","msg":"辽宁-鞍山","gid":"142906","time_insert":"2021-06-28 00:18"}
2024-01-31 00:10:44 查询号码 【1730980】，GSD为【"辽宁-鞍山"】

2024-01-31 00:10:45 开始第 1082 次操作

2024-01-31 00:10:45 开始操作号码 【1730981】
2024-01-31 00:10:50 GSD getOne 第 1 次 等待 3 秒
2024-01-31 00:10:53 查询号码 【1730981】，返回信息 {"status":"ok","msg":"辽宁-锦州","gid":"142912","time_insert":"2021-06-28 00:19"}
2024-01-31 00:10:53 查询号码 【1730981】，GSD为【"辽宁-锦州"】

2024-01-31 00:10:54 开始第 1083 次操作

2024-01-31 00:10:54 开始操作号码 【1730982】
2024-01-31 00:10:58 GSD getOne 第 1 次 等待 3 秒
2024-01-31 00:11:01 查询号码 【1730982】，返回信息 {"status":"ok","msg":"辽宁-锦州","gid":"142918","time_insert":"2021-06-28 00:19"}
2024-01-31 00:11:01 查询号码 【1730982】，GSD为【"辽宁-锦州"】

2024-01-31 00:11:02 开始第 1084 次操作

2024-01-31 00:11:02 开始操作号码 【1730983】
2024-01-31 00:11:07 GSD getOne 第 1 次 等待 3 秒
2024-01-31 00:11:10 查询号码 【1730983】，返回信息 {"status":"ok","msg":"辽宁-锦州","gid":"142922","time_insert":"2021-06-28 00:20"}
2024-01-31 00:11:10 查询号码 【1730983】，GSD为【"辽宁-锦州"】

2024-01-31 00:36:56 开始第 1085 次操作

2024-01-31 00:36:57 开始操作号码 【1730984】
2024-01-31 00:37:03 GSD getOne 第 1 次 等待 3 秒
2024-01-31 00:37:06 查询号码 【1730984】，返回信息 {"status":"ok","msg":"辽宁-营口","gid":"143122","time_insert":"2021-06-28 01:34"}
2024-01-31 00:37:06 查询号码 【1730984】，GSD为【"辽宁-营口"】

2024-01-31 00:37:07 开始第 1086 次操作

2024-01-31 00:37:07 开始操作号码 【1730985】
2024-01-31 00:37:11 GSD getOne 第 1 次 等待 3 秒
2024-01-31 00:37:14 查询号码 【1730985】，返回信息 {"status":"ok","msg":"辽宁-营口","gid":"143130","time_insert":"2021-06-28 01:35"}
2024-01-31 00:37:14 查询号码 【1730985】，GSD为【"辽宁-营口"】

2024-01-31 00:37:15 开始第 1087 次操作

2024-01-31 00:37:15 开始操作号码 【1730986】
2024-01-31 00:37:19 GSD getOne 第 1 次 等待 3 秒
2024-01-31 00:37:22 查询号码 【1730986】，返回信息 {"status":"ok","msg":"辽宁-铁岭","gid":"143139","time_insert":"2021-06-28 01:36"}
2024-01-31 00:37:22 查询号码 【1730986】，GSD为【"辽宁-铁岭"】

2024-01-31 00:37:23 开始第 1088 次操作

2024-01-31 00:37:23 开始操作号码 【1730987】
2024-01-31 00:37:28 GSD getOne 第 1 次 等待 3 秒
2024-01-31 00:37:31 查询号码 【1730987】，返回信息 {"status":"ok","msg":"辽宁-沈阳","gid":"143147","time_insert":"2021-06-28 01:37"}
2024-01-31 00:37:31 查询号码 【1730987】，GSD为【"辽宁-沈阳"】

2024-01-31 01:08:45 开始第 1089 次操作

2024-01-31 01:08:45 开始操作号码 【1730988】
2024-01-31 01:08:50 GSD getOne 第 1 次 等待 3 秒
2024-01-31 01:08:53 查询号码 【1730988】，返回信息 {"status":"ok","msg":"辽宁-沈阳","gid":"143155","time_insert":"2021-06-28 01:37"}
2024-01-31 01:08:53 查询号码 【1730988】，GSD为【"辽宁-沈阳"】

2024-01-31 01:08:54 开始第 1090 次操作

2024-01-31 01:08:54 开始操作号码 【1730989】
2024-01-31 01:08:59 GSD getOne 第 1 次 等待 3 秒
2024-01-31 01:09:02 查询号码 【1730989】，返回信息 {"status":"ok","msg":"辽宁-沈阳","gid":"143164","time_insert":"2021-06-28 01:38"}
2024-01-31 01:09:02 查询号码 【1730989】，GSD为【"辽宁-沈阳"】

2024-01-31 01:09:03 开始第 1091 次操作

2024-01-31 01:09:03 开始操作号码 【1730990】
2024-01-31 01:09:07 GSD getOne 第 1 次 等待 3 秒
2024-01-31 01:09:10 查询号码 【1730990】，返回信息 {"status":"ok","msg":"新疆-克拉玛依","gid":"143171","time_insert":"2021-06-28 01:39"}
2024-01-31 01:09:10 查询号码 【1730990】，GSD为【"新疆-克拉玛依"】

2024-01-31 01:09:11 开始第 1092 次操作

2024-01-31 01:09:11 开始操作号码 【1730991】
2024-01-31 01:09:15 GSD getOne 第 1 次 等待 3 秒
2024-01-31 01:09:18 查询号码 【1730991】，返回信息 {"status":"ok","msg":"新疆-乌鲁木齐","gid":"143177","time_insert":"2021-06-28 01:40"}
2024-01-31 01:09:18 查询号码 【1730991】，GSD为【"新疆-乌鲁木齐"】

2024-01-31 01:32:57 开始第 1093 次操作

2024-01-31 01:32:57 开始操作号码 【1730992】
2024-01-31 01:33:02 GSD getOne 第 1 次 等待 3 秒
2024-01-31 01:33:05 查询号码 【1730992】，返回信息 {"status":"ok","msg":"新疆-奎屯","gid":"143186","time_insert":"2021-06-28 01:40"}
2024-01-31 01:33:05 查询号码 【1730992】，GSD为【"新疆-奎屯"】

2024-01-31 01:33:06 开始第 1094 次操作

2024-01-31 01:33:06 开始操作号码 【1730993】
2024-01-31 01:33:10 GSD getOne 第 1 次 等待 3 秒
2024-01-31 01:33:13 查询号码 【1730993】，返回信息 {"status":"ok","msg":"新疆-石河子","gid":"143197","time_insert":"2021-06-28 01:41"}
2024-01-31 01:33:13 查询号码 【1730993】，GSD为【"新疆-石河子"】

2024-01-31 01:33:14 开始第 1095 次操作

2024-01-31 01:33:14 开始操作号码 【1730994】
2024-01-31 01:33:19 GSD getOne 第 1 次 等待 3 秒
2024-01-31 01:33:22 查询号码 【1730994】，返回信息 {"status":"ok","msg":"新疆-昌吉","gid":"143205","time_insert":"2021-06-28 01:42"}
2024-01-31 01:33:22 查询号码 【1730994】，GSD为【"新疆-昌吉"】

2024-01-31 01:33:23 开始第 1096 次操作

2024-01-31 01:33:23 开始操作号码 【1730995】
2024-01-31 01:33:27 GSD getOne 第 1 次 等待 3 秒
2024-01-31 01:33:30 查询号码 【1730995】，返回信息 {"status":"ok","msg":"新疆-吐鲁番","gid":"143214","time_insert":"2021-06-28 01:43"}
2024-01-31 01:33:30 查询号码 【1730995】，GSD为【"新疆-吐鲁番"】

2024-01-31 02:10:50 开始第 1097 次操作

2024-01-31 02:10:50 开始操作号码 【1730996】
2024-01-31 02:10:54 GSD getOne 第 1 次 等待 3 秒
2024-01-31 02:10:57 查询号码 【1730996】，返回信息 {"status":"ok","msg":"新疆-库尔勒","gid":"143224","time_insert":"2021-06-28 01:44"}
2024-01-31 02:10:57 查询号码 【1730996】，GSD为【"新疆-库尔勒"】

2024-01-31 02:10:58 开始第 1098 次操作

2024-01-31 02:10:58 开始操作号码 【1730997】
2024-01-31 02:11:02 GSD getOne 第 1 次 等待 3 秒
2024-01-31 02:11:05 查询号码 【1730997】，返回信息 {"status":"ok","msg":"新疆-阿克苏","gid":"143234","time_insert":"2021-06-28 01:44"}
2024-01-31 02:11:05 查询号码 【1730997】，GSD为【"新疆-阿克苏"】

2024-01-31 02:11:06 开始第 1099 次操作

2024-01-31 02:11:06 开始操作号码 【1730998】
2024-01-31 02:11:11 GSD getOne 第 1 次 等待 3 秒
2024-01-31 02:11:14 查询号码 【1730998】，返回信息 {"status":"ok","msg":"新疆-喀什","gid":"143239","time_insert":"2021-06-28 01:45"}
2024-01-31 02:11:14 查询号码 【1730998】，GSD为【"新疆-喀什"】

2024-01-31 02:11:15 开始第 1100 次操作

2024-01-31 02:11:15 开始操作号码 【1730999】
2024-01-31 02:11:19 GSD getOne 第 1 次 等待 3 秒
2024-01-31 02:11:22 查询号码 【1730999】，返回信息 {"status":"ok","msg":"新疆-伊犁","gid":"143244","time_insert":"2021-06-28 01:45"}
2024-01-31 02:11:22 查询号码 【1730999】，GSD为【"新疆-伊犁"】

2024-01-31 02:32:52 开始第 1101 次操作

2024-01-31 02:32:52 开始操作号码 【1731000】
2024-01-31 02:32:57 GSD getOne 第 1 次 等待 3 秒
2024-01-31 02:33:00 查询号码 【1731000】，返回信息 {"status":"ok","msg":"北京-北京","gid":"143250","time_insert":"2021-06-28 01:46"}
2024-01-31 02:33:00 查询号码 【1731000】，GSD为【"北京-北京"】

2024-01-31 02:33:01 开始第 1102 次操作

2024-01-31 02:33:01 开始操作号码 【1731001】
2024-01-31 02:33:05 GSD getOne 第 1 次 等待 3 秒
2024-01-31 02:33:08 查询号码 【1731001】，返回信息 {"status":"ok","msg":"北京-北京","gid":"143258","time_insert":"2021-06-28 01:46"}
2024-01-31 02:33:08 查询号码 【1731001】，GSD为【"北京-北京"】

2024-01-31 02:33:09 开始第 1103 次操作

2024-01-31 02:33:09 开始操作号码 【1731002】
2024-01-31 02:33:14 GSD getOne 第 1 次 等待 3 秒
2024-01-31 02:33:17 查询号码 【1731002】，返回信息 {"status":"ok","msg":"北京-北京","gid":"143271","time_insert":"2021-06-28 01:47"}
2024-01-31 02:33:17 查询号码 【1731002】，GSD为【"北京-北京"】

2024-01-31 02:33:18 开始第 1104 次操作

2024-01-31 02:33:18 开始操作号码 【1731003】
2024-01-31 02:33:22 GSD getOne 第 1 次 等待 3 秒
2024-01-31 02:33:25 查询号码 【1731003】，返回信息 {"status":"ok","msg":"北京-北京","gid":"143280","time_insert":"2021-06-28 01:48"}
2024-01-31 02:33:25 查询号码 【1731003】，GSD为【"北京-北京"】

2024-01-31 03:07:14 开始第 1105 次操作

2024-01-31 03:07:14 开始操作号码 【1731004】
2024-01-31 03:07:19 GSD getOne 第 1 次 等待 3 秒
2024-01-31 03:07:22 查询号码 【1731004】，返回信息 {"status":"ok","msg":"北京-北京","gid":"143287","time_insert":"2021-06-28 01:49"}
2024-01-31 03:07:22 查询号码 【1731004】，GSD为【"北京-北京"】

2024-01-31 03:07:23 开始第 1106 次操作

2024-01-31 03:07:23 开始操作号码 【1731005】
2024-01-31 03:07:27 GSD getOne 第 1 次 等待 3 秒
2024-01-31 03:07:30 查询号码 【1731005】，返回信息 {"status":"ok","msg":"北京-北京","gid":"143292","time_insert":"2021-06-28 01:50"}
2024-01-31 03:07:30 查询号码 【1731005】，GSD为【"北京-北京"】

2024-01-31 03:07:31 开始第 1107 次操作

2024-01-31 03:07:31 开始操作号码 【1731006】
2024-01-31 03:07:35 GSD getOne 第 1 次 等待 3 秒
2024-01-31 03:07:38 查询号码 【1731006】，返回信息 {"status":"ok","msg":"北京-北京","gid":"143297","time_insert":"2021-06-28 01:50"}
2024-01-31 03:07:38 查询号码 【1731006】，GSD为【"北京-北京"】

2024-01-31 03:07:39 开始第 1108 次操作

2024-01-31 03:07:39 开始操作号码 【1731007】
2024-01-31 03:07:43 GSD getOne 第 1 次 等待 3 秒
2024-01-31 03:07:46 查询号码 【1731007】，返回信息 {"status":"ok","msg":"北京-北京","gid":"143304","time_insert":"2021-06-28 01:51"}
2024-01-31 03:07:46 查询号码 【1731007】，GSD为【"北京-北京"】

2024-01-31 03:32:56 开始第 1109 次操作

2024-01-31 03:32:56 开始操作号码 【1731008】
2024-01-31 03:33:00 GSD getOne 第 1 次 等待 3 秒
2024-01-31 03:33:03 查询号码 【1731008】，返回信息 {"status":"ok","msg":"北京-北京","gid":"143310","time_insert":"2021-06-28 01:52"}
2024-01-31 03:33:03 查询号码 【1731008】，GSD为【"北京-北京"】

2024-01-31 03:33:04 开始第 1110 次操作

2024-01-31 03:33:04 开始操作号码 【1731009】
2024-01-31 03:33:08 GSD getOne 第 1 次 等待 3 秒
2024-01-31 03:33:11 查询号码 【1731009】，返回信息 {"status":"ok","msg":"北京-北京","gid":"143315","time_insert":"2021-06-28 01:52"}
2024-01-31 03:33:11 查询号码 【1731009】，GSD为【"北京-北京"】

2024-01-31 03:33:12 开始第 1111 次操作

2024-01-31 03:33:12 开始操作号码 【1731010】
2024-01-31 03:33:18 GSD getOne 第 1 次 等待 3 秒
2024-01-31 03:33:21 查询号码 【1731010】，返回信息 {"status":"ok","msg":"北京-北京","gid":"143319","time_insert":"2021-06-28 01:53"}
2024-01-31 03:33:21 查询号码 【1731010】，GSD为【"北京-北京"】

2024-01-31 03:33:22 开始第 1112 次操作

2024-01-31 03:33:22 开始操作号码 【1731011】
2024-01-31 03:33:26 GSD getOne 第 1 次 等待 3 秒
2024-01-31 03:33:29 查询号码 【1731011】，返回信息 {"status":"ok","msg":"北京-北京","gid":"143324","time_insert":"2021-06-28 01:54"}
2024-01-31 03:33:29 查询号码 【1731011】，GSD为【"北京-北京"】

2024-01-31 04:08:21 开始第 1113 次操作

2024-01-31 04:08:21 开始操作号码 【1731012】
2024-01-31 04:08:26 GSD getOne 第 1 次 等待 3 秒
2024-01-31 04:08:29 查询号码 【1731012】，返回信息 {"status":"ok","msg":"北京-北京","gid":"143329","time_insert":"2021-06-28 01:55"}
2024-01-31 04:08:29 查询号码 【1731012】，GSD为【"北京-北京"】

2024-01-31 04:08:30 开始第 1114 次操作

2024-01-31 04:08:30 开始操作号码 【1731013】
2024-01-31 04:08:34 GSD getOne 第 1 次 等待 3 秒
2024-01-31 04:08:37 查询号码 【1731013】，返回信息 {"status":"ok","msg":"北京-北京","gid":"143334","time_insert":"2021-06-28 01:56"}
2024-01-31 04:08:37 查询号码 【1731013】，GSD为【"北京-北京"】

2024-01-31 04:08:38 开始第 1115 次操作

2024-01-31 04:08:38 开始操作号码 【1731014】
2024-01-31 04:08:43 GSD getOne 第 1 次 等待 3 秒
2024-01-31 04:08:46 查询号码 【1731014】，返回信息 {"status":"ok","msg":"北京-北京","gid":"143478","time_insert":"2021-06-28 02:54"}
2024-01-31 04:08:46 查询号码 【1731014】，GSD为【"北京-北京"】

2024-01-31 04:08:47 开始第 1116 次操作

2024-01-31 04:08:47 开始操作号码 【1731015】
2024-01-31 04:08:52 GSD getOne 第 1 次 等待 3 秒
2024-01-31 04:08:55 查询号码 【1731015】，返回信息 {"status":"ok","msg":"北京-北京","gid":"143487","time_insert":"2021-06-28 02:55"}
2024-01-31 04:08:55 查询号码 【1731015】，GSD为【"北京-北京"】

2024-01-31 04:32:58 开始第 1117 次操作

2024-01-31 04:32:58 开始操作号码 【1731016】
2024-01-31 04:33:02 GSD getOne 第 1 次 等待 3 秒
2024-01-31 04:33:05 查询号码 【1731016】，返回信息 {"status":"ok","msg":"北京-北京","gid":"28883","time_insert":"2018-01-27 17:27","time_update":"2020-12-25 13:28"}
2024-01-31 04:33:05 查询号码 【1731016】，GSD为【"北京-北京"】

2024-01-31 04:33:06 开始第 1118 次操作

2024-01-31 04:33:06 开始操作号码 【1731017】
2024-01-31 04:33:11 GSD getOne 第 1 次 等待 3 秒
2024-01-31 04:33:14 查询号码 【1731017】，返回信息 {"status":"ok","msg":"北京-北京","gid":"143508","time_insert":"2021-06-28 02:56"}
2024-01-31 04:33:14 查询号码 【1731017】，GSD为【"北京-北京"】

2024-01-31 04:33:15 开始第 1119 次操作

2024-01-31 04:33:15 开始操作号码 【1731018】
2024-01-31 04:33:19 GSD getOne 第 1 次 等待 3 秒
2024-01-31 04:33:22 查询号码 【1731018】，返回信息 {"status":"ok","msg":"北京-北京","gid":"143518","time_insert":"2021-06-28 02:57"}
2024-01-31 04:33:23 查询号码 【1731018】，GSD为【"北京-北京"】

2024-01-31 04:33:24 开始第 1120 次操作

2024-01-31 04:33:24 开始操作号码 【1731019】
2024-01-31 04:33:27 GSD getOne 第 1 次 等待 3 秒
2024-01-31 04:33:30 查询号码 【1731019】，返回信息 {"status":"ok","msg":"北京-北京","gid":"28884","time_insert":"2018-04-10 11:47","time_update":"2020-12-25 13:38"}
2024-01-31 04:33:30 查询号码 【1731019】，GSD为【"北京-北京"】

2024-01-31 05:08:46 开始第 1121 次操作

2024-01-31 05:08:46 开始操作号码 【1731020】
2024-01-31 05:08:50 GSD getOne 第 1 次 等待 3 秒
2024-01-31 05:08:53 查询号码 【1731020】，返回信息 {"status":"ok","msg":"北京-北京","gid":"143538","time_insert":"2021-06-28 02:59"}
2024-01-31 05:08:53 查询号码 【1731020】，GSD为【"北京-北京"】

2024-01-31 05:08:54 开始第 1122 次操作

2024-01-31 05:08:54 开始操作号码 【1731021】
2024-01-31 05:08:58 GSD getOne 第 1 次 等待 3 秒
2024-01-31 05:09:01 查询号码 【1731021】，返回信息 {"status":"ok","msg":"北京-北京","gid":"143549","time_insert":"2021-06-28 02:59"}
2024-01-31 05:09:01 查询号码 【1731021】，GSD为【"北京-北京"】

2024-01-31 05:09:02 开始第 1123 次操作

2024-01-31 05:09:02 开始操作号码 【1731022】
2024-01-31 05:09:06 GSD getOne 第 1 次 等待 3 秒
2024-01-31 05:09:09 查询号码 【1731022】，返回信息 {"status":"ok","msg":"北京-北京","gid":"143562","time_insert":"2021-06-28 03:00"}
2024-01-31 05:09:09 查询号码 【1731022】，GSD为【"北京-北京"】

2024-01-31 05:09:10 开始第 1124 次操作

2024-01-31 05:09:10 开始操作号码 【1731023】
2024-01-31 05:09:14 GSD getOne 第 1 次 等待 3 秒
2024-01-31 05:09:17 查询号码 【1731023】，返回信息 {"status":"ok","msg":"北京-北京","gid":"143573","time_insert":"2021-06-28 03:01"}
2024-01-31 05:09:17 查询号码 【1731023】，GSD为【"北京-北京"】

