2023-12-04 00:09:57 开始第 1313 次操作

2023-12-04 00:09:57 开始操作号码 【1841212】
2023-12-04 00:10:01 GSD getOne 第 1 次 等待 3 秒
2023-12-04 00:10:04 查询号码 【1841212】，返回信息 {"status":"ok","msg":"-","gid":"414799","time_insert":"2021-07-27 16:33"}
2023-12-04 00:10:04 查询号码 【1841212】，GSD为【"-"】
2023-12-04 00:10:04 ok && -
2023-12-04 00:10:07 CHB 1841212?1701619804 第 1 次 等待 3 秒
2023-12-04 00:10:10 CHB 1841212?1701619804 第 1 次 获取到号码【1841212】GSD
2023-12-04 00:10:10 未获取到号码【1841212】GSD，可能号码格式错误
2023-12-04 00:10:10 获取到号码【1841212】的GSD为【-】
2023-12-04 00:10:13 GSD insert 第 1 次 等待 3 秒
2023-12-04 00:10:16 {"status":"bad","gid":"414799","msg":"添加失败！号码【1841212(-|-)】已存在！"}
2023-12-04 00:10:16 随机等待 155 秒，约 2 分钟
2023-12-04 00:10:16 下次操作: 2023-12-04 00:12:51

2023-12-04 00:12:51 开始第 1314 次操作

2023-12-04 00:12:51 开始操作号码 【1841213】
2023-12-04 00:12:55 GSD getOne 第 1 次 等待 3 秒
2023-12-04 00:12:58 查询号码 【1841213】，返回信息 {"status":"ok","msg":"-","gid":"414874","time_insert":"2021-07-27 16:45"}
2023-12-04 00:12:58 查询号码 【1841213】，GSD为【"-"】
2023-12-04 00:12:58 ok && -
2023-12-04 00:13:01 CHB 1841213?1701619978 第 1 次 等待 3 秒
2023-12-04 00:13:04 CHB 1841213?1701619978 第 1 次 获取到号码【1841213】GSD
2023-12-04 00:13:04 未获取到号码【1841213】GSD，可能号码格式错误
2023-12-04 00:13:04 获取到号码【1841213】的GSD为【-】
2023-12-04 00:13:08 GSD insert 第 1 次 等待 3 秒
2023-12-04 00:13:11 {"status":"bad","gid":"414874","msg":"添加失败！号码【1841213(-|-)】已存在！"}
2023-12-04 00:13:11 随机等待 156 秒，约 2 分钟
2023-12-04 00:13:11 下次操作: 2023-12-04 00:15:47

2023-12-04 00:15:47 开始第 1315 次操作

2023-12-04 00:15:47 开始操作号码 【1841214】
2023-12-04 00:15:50 GSD getOne 第 1 次 等待 3 秒
2023-12-04 00:15:53 查询号码 【1841214】，返回信息 {"status":"ok","msg":"上海-上海","gid":"415066","time_insert":"2021-07-27 16:57","time_update":"2023-05-29 14:14"}
2023-12-04 00:15:53 查询号码 【1841214】，GSD为【"上海-上海"】

2023-12-04 00:15:54 开始第 1316 次操作

2023-12-04 00:15:54 开始操作号码 【1841215】
2023-12-04 00:16:03 GSD getOne 第 1 次 等待 3 秒
2023-12-04 00:16:06 查询号码 【1841215】，返回信息 {"status":"ok","msg":"-","gid":"415241","time_insert":"2021-07-27 17:11"}
2023-12-04 00:16:06 查询号码 【1841215】，GSD为【"-"】
2023-12-04 00:16:06 ok && -
2023-12-04 00:16:08 CHB 1841215?1701620166 第 1 次 等待 3 秒
2023-12-04 00:16:11 CHB 1841215?1701620166 第 1 次 获取到号码【1841215】GSD
2023-12-04 00:16:11 未获取到号码【1841215】GSD，可能号码格式错误
2023-12-04 00:16:11 获取到号码【1841215】的GSD为【-】
2023-12-04 00:16:15 GSD insert 第 1 次 等待 3 秒
2023-12-04 00:16:18 {"status":"bad","gid":"415241","msg":"添加失败！号码【1841215(-|-)】已存在！"}

