2024-09-22 00:27:20 开始第 5529 次操作

2024-09-22 00:27:20 开始操作号码 【1405527】
2024-09-22 00:27:25 GSD getOne 第 1 次 等待 3 秒
2024-09-22 00:27:28 查询号码 【1405527】，返回信息 {"status":"ok","msg":"-","gid":"633030","time_insert":"2023-04-04 02:12"}
2024-09-22 00:27:28 查询号码 【1405527】，GSD为【"-"】
2024-09-22 00:27:28 ok && -
2024-09-22 00:27:30 CHB 1405527?1726936048 第 1 次 等待 3 秒
2024-09-22 00:27:33 CHB 1405527?1726936048 第 1 次 获取到号码【1405527】GSD
2024-09-22 00:27:33 未获取到号码【1405527】GSD，可能号码格式错误
2024-09-22 00:27:33 获取到号码【1405527】的GSD为【-】
2024-09-22 00:27:35 GSD insert 第 1 次 等待 3 秒
2024-09-22 00:27:38 {"status":"bad","gid":"633030","msg":"添加失败！号码【1405527(-|-)】已存在！"}
2024-09-22 00:27:38 随机等待 127 秒，约 2 分钟
2024-09-22 00:27:38 下次操作: 2024-09-22 00:29:45

2024-09-22 00:29:45 开始第 5530 次操作

2024-09-22 00:29:45 开始操作号码 【1405528】
2024-09-22 00:29:48 GSD getOne 第 1 次 等待 3 秒
2024-09-22 00:29:51 查询号码 【1405528】，返回信息 {"status":"ok","msg":"-","gid":"633053","time_insert":"2023-04-04 02:30"}
2024-09-22 00:29:51 查询号码 【1405528】，GSD为【"-"】
2024-09-22 00:29:51 ok && -
2024-09-22 00:29:53 CHB 1405528?1726936191 第 1 次 等待 3 秒
2024-09-22 00:29:56 CHB 1405528?1726936191 第 1 次 获取到号码【1405528】GSD
2024-09-22 00:29:56 未获取到号码【1405528】GSD，可能号码格式错误
2024-09-22 00:29:56 获取到号码【1405528】的GSD为【-】
2024-09-22 00:29:58 GSD insert 第 1 次 等待 3 秒
2024-09-22 00:30:01 {"status":"bad","gid":"633053","msg":"添加失败！号码【1405528(-|-)】已存在！"}
2024-09-22 00:30:01 随机等待 82 秒，约 1 分钟
2024-09-22 00:30:01 下次操作: 2024-09-22 00:31:23

2024-09-22 00:31:23 开始第 5531 次操作

2024-09-22 00:31:23 开始操作号码 【1405529】
2024-09-22 00:31:25 GSD getOne 第 1 次 等待 3 秒
2024-09-22 00:31:28 查询号码 【1405529】，返回信息 {"status":"ok","msg":"-","gid":"633075","time_insert":"2023-04-04 02:44"}
2024-09-22 00:31:28 查询号码 【1405529】，GSD为【"-"】
2024-09-22 00:31:28 ok && -
2024-09-22 00:31:30 CHB 1405529?1726936288 第 1 次 等待 3 秒
2024-09-22 00:31:33 CHB 1405529?1726936288 第 1 次 获取到号码【1405529】GSD
2024-09-22 00:31:33 未获取到号码【1405529】GSD，可能号码格式错误
2024-09-22 00:31:33 获取到号码【1405529】的GSD为【-】
2024-09-22 00:31:35 GSD insert 第 1 次 等待 3 秒
2024-09-22 00:31:38 {"status":"bad","gid":"633075","msg":"添加失败！号码【1405529(-|-)】已存在！"}
2024-09-22 00:31:38 随机等待 116 秒，约 1 分钟
2024-09-22 00:31:38 下次操作: 2024-09-22 00:33:34

2024-09-22 00:33:34 开始第 5532 次操作

2024-09-22 00:33:34 开始操作号码 【1405530】
2024-09-22 00:33:40 GSD getOne 第 1 次 等待 3 秒
2024-09-22 00:33:43 查询号码 【1405530】，返回信息 {"status":"ok","msg":"-","gid":"633107","time_insert":"2023-04-04 03:03"}
2024-09-22 00:33:43 查询号码 【1405530】，GSD为【"-"】
2024-09-22 00:33:43 ok && -
2024-09-22 00:33:44 CHB 1405530?1726936423 第 1 次 等待 3 秒
2024-09-22 00:33:47 CHB 1405530?1726936423 第 1 次 获取到号码【1405530】GSD
2024-09-22 00:33:47 未获取到号码【1405530】GSD，可能号码格式错误
2024-09-22 00:33:47 获取到号码【1405530】的GSD为【-】
2024-09-22 00:33:50 GSD insert 第 1 次 等待 3 秒
2024-09-22 00:33:53 {"status":"bad","gid":"633107","msg":"添加失败！号码【1405530(-|-)】已存在！"}

