2023-10-11 00:19:18 开始第 2686 次操作

2023-10-11 00:19:18 开始操作号码 【1942684】
2023-10-11 00:21:28 GSD getOne 第 1 次 等待 3 秒
2023-10-11 00:23:41 GSD getOne 第 2 次 等待 3 秒
2023-10-11 00:25:54 GSD getOne 第 3 次 等待 3 秒
2023-10-11 00:28:07 GSD getOne 第 4 次 等待 3 秒
2023-10-11 00:30:20 GSD getOne 第 5 次 等待 3 秒
2023-10-11 00:32:33 GSD getOne 第 6 次 等待 3 秒
2023-10-11 00:34:47 GSD getOne 第 7 次 等待 3 秒
2023-10-11 00:37:00 GSD getOne 第 8 次 等待 3 秒
2023-10-11 00:39:13 GSD getOne 第 9 次 等待 3 秒
2023-10-11 00:41:26 GSD getOne 第 10 次 等待 3 秒
2023-10-11 00:41:29 查询号码 【1942684】，返回信息 
2023-10-11 00:41:29 查询失败，3 秒后重新查询
2023-10-11 00:43:43 GSD getOne 第 1 次 等待 3 秒
2023-10-11 00:45:56 GSD getOne 第 2 次 等待 3 秒
2023-10-11 00:48:09 GSD getOne 第 3 次 等待 3 秒
2023-10-11 00:50:23 GSD getOne 第 4 次 等待 3 秒
2023-10-11 00:52:36 GSD getOne 第 5 次 等待 3 秒
2023-10-11 00:54:49 GSD getOne 第 6 次 等待 3 秒
2023-10-11 00:57:02 GSD getOne 第 7 次 等待 3 秒
2023-10-11 00:59:15 GSD getOne 第 8 次 等待 3 秒
2023-10-11 01:01:28 GSD getOne 第 9 次 等待 3 秒
2023-10-11 01:03:41 GSD getOne 第 10 次 等待 3 秒
2023-10-11 01:03:44 查询号码 【1942684】，返回信息 
2023-10-11 01:03:44 查询失败，结束本次操作，期待下次成功~
2023-10-11 01:03:44 随机等待 132 秒，约 2 分钟
2023-10-11 01:03:44 下次操作: 2023-10-11 01:05:56

2023-10-11 01:05:56 开始第 2687 次操作

2023-10-11 01:05:56 开始操作号码 【1942684】
2023-10-11 01:08:08 GSD getOne 第 1 次 等待 3 秒
2023-10-11 01:10:21 GSD getOne 第 2 次 等待 3 秒
2023-10-11 01:12:34 GSD getOne 第 3 次 等待 3 秒
2023-10-11 01:14:47 GSD getOne 第 4 次 等待 3 秒
2023-10-11 01:17:00 GSD getOne 第 5 次 等待 3 秒
2023-10-11 01:19:13 GSD getOne 第 6 次 等待 3 秒
2023-10-11 01:21:26 GSD getOne 第 7 次 等待 3 秒
2023-10-11 01:23:39 GSD getOne 第 8 次 等待 3 秒
2023-10-11 01:25:52 GSD getOne 第 9 次 等待 3 秒
2023-10-11 01:28:06 GSD getOne 第 10 次 等待 3 秒
2023-10-11 01:28:09 查询号码 【1942684】，返回信息 
2023-10-11 01:28:09 查询失败，3 秒后重新查询
2023-10-11 01:30:23 GSD getOne 第 1 次 等待 3 秒
2023-10-11 01:32:36 GSD getOne 第 2 次 等待 3 秒
2023-10-11 01:34:49 GSD getOne 第 3 次 等待 3 秒
2023-10-11 01:37:02 GSD getOne 第 4 次 等待 3 秒
2023-10-11 01:39:15 GSD getOne 第 5 次 等待 3 秒
2023-10-11 01:41:28 GSD getOne 第 6 次 等待 3 秒
2023-10-11 01:43:42 GSD getOne 第 7 次 等待 3 秒
2023-10-11 01:45:55 GSD getOne 第 8 次 等待 3 秒
2023-10-11 01:48:08 GSD getOne 第 9 次 等待 3 秒
2023-10-11 01:50:21 GSD getOne 第 10 次 等待 3 秒
2023-10-11 01:50:24 查询号码 【1942684】，返回信息 
2023-10-11 01:50:24 查询失败，结束本次操作，期待下次成功~
2023-10-11 01:50:24 随机等待 197 秒，约 3 分钟
2023-10-11 01:50:24 下次操作: 2023-10-11 01:53:41

2023-10-11 01:53:41 开始第 2688 次操作

2023-10-11 01:53:41 开始操作号码 【1942684】
2023-10-11 01:55:51 GSD getOne 第 1 次 等待 3 秒
2023-10-11 01:58:04 GSD getOne 第 2 次 等待 3 秒
2023-10-11 02:00:17 GSD getOne 第 3 次 等待 3 秒
2023-10-11 02:02:30 GSD getOne 第 4 次 等待 3 秒
2023-10-11 02:04:43 GSD getOne 第 5 次 等待 3 秒
2023-10-11 02:06:56 GSD getOne 第 6 次 等待 3 秒
2023-10-11 02:09:09 GSD getOne 第 7 次 等待 3 秒
2023-10-11 02:11:22 GSD getOne 第 8 次 等待 3 秒
2023-10-11 02:13:36 GSD getOne 第 9 次 等待 3 秒
2023-10-11 02:15:49 GSD getOne 第 10 次 等待 3 秒
2023-10-11 02:15:52 查询号码 【1942684】，返回信息 
2023-10-11 02:15:52 查询失败，3 秒后重新查询
2023-10-11 02:18:06 GSD getOne 第 1 次 等待 3 秒
2023-10-11 02:20:19 GSD getOne 第 2 次 等待 3 秒
2023-10-11 02:22:32 GSD getOne 第 3 次 等待 3 秒
2023-10-11 02:24:45 GSD getOne 第 4 次 等待 3 秒
2023-10-11 02:26:58 GSD getOne 第 5 次 等待 3 秒
2023-10-11 02:29:12 GSD getOne 第 6 次 等待 3 秒
2023-10-11 02:31:25 GSD getOne 第 7 次 等待 3 秒
2023-10-11 02:33:38 GSD getOne 第 8 次 等待 3 秒
2023-10-11 02:35:51 GSD getOne 第 9 次 等待 3 秒
2023-10-11 02:38:04 GSD getOne 第 10 次 等待 3 秒
2023-10-11 02:38:07 查询号码 【1942684】，返回信息 
2023-10-11 02:38:07 查询失败，结束本次操作，期待下次成功~

