2023-10-31 00:10:41 开始第 6129 次操作

2023-10-31 00:10:41 开始操作号码 【1946038】
2023-10-31 00:10:48 GSD getOne 第 1 次 等待 3 秒
2023-10-31 00:10:51 查询号码 【1946038】，返回信息 {"status":"ok","msg":"-","gid":"618002","time_insert":"2023-03-27 13:49"}
2023-10-31 00:10:51 查询号码 【1946038】，GSD为【"-"】
2023-10-31 00:10:51 ok && -
2023-10-31 00:10:54 CHB 1946038?1698682251 第 1 次 等待 3 秒
2023-10-31 00:10:57 CHB 1946038?1698682251 第 1 次 获取到号码【1946038】GSD
2023-10-31 00:10:57 未获取到号码【1946038】GSD，可能号码格式错误
2023-10-31 00:10:57 获取到号码【1946038】的GSD为【-】
2023-10-31 00:11:01 GSD insert 第 1 次 等待 3 秒
2023-10-31 00:11:04 {"status":"bad","gid":"618002","msg":"添加失败！号码【1946038(-|-)】已存在！"}
2023-10-31 00:11:04 随机等待 115 秒，约 1 分钟
2023-10-31 00:11:04 下次操作: 2023-10-31 00:12:59

2023-10-31 00:12:59 开始第 6130 次操作

2023-10-31 00:12:59 开始操作号码 【1946039】
2023-10-31 00:13:07 GSD getOne 第 1 次 等待 3 秒
2023-10-31 00:13:10 查询号码 【1946039】，返回信息 {"status":"ok","msg":"-","gid":"617999","time_insert":"2023-03-27 13:47"}
2023-10-31 00:13:10 查询号码 【1946039】，GSD为【"-"】
2023-10-31 00:13:10 ok && -
2023-10-31 00:13:12 CHB 1946039?1698682390 第 1 次 等待 3 秒
2023-10-31 00:13:15 CHB 1946039?1698682390 第 1 次 获取到号码【1946039】GSD
2023-10-31 00:13:15 未获取到号码【1946039】GSD，可能号码格式错误
2023-10-31 00:13:15 获取到号码【1946039】的GSD为【-】
2023-10-31 00:13:20 GSD insert 第 1 次 等待 3 秒
2023-10-31 00:13:23 {"status":"bad","gid":"617999","msg":"添加失败！号码【1946039(-|-)】已存在！"}
2023-10-31 00:13:23 随机等待 173 秒，约 2 分钟
2023-10-31 00:13:23 下次操作: 2023-10-31 00:16:16

2023-10-31 00:16:16 开始第 6131 次操作

2023-10-31 00:16:16 开始操作号码 【1946040】
2023-10-31 00:16:20 GSD getOne 第 1 次 等待 3 秒
2023-10-31 00:16:23 查询号码 【1946040】，返回信息 {"status":"ok","msg":"-","gid":"617995","time_insert":"2023-03-27 13:45"}
2023-10-31 00:16:23 查询号码 【1946040】，GSD为【"-"】
2023-10-31 00:16:23 ok && -
2023-10-31 00:16:29 CHB 1946040?1698682583 第 1 次 等待 3 秒
2023-10-31 00:16:32 CHB 1946040?1698682583 第 1 次 获取到号码【1946040】GSD
2023-10-31 00:16:32 未获取到号码【1946040】GSD，可能号码格式错误
2023-10-31 00:16:32 获取到号码【1946040】的GSD为【-】
2023-10-31 00:16:43 GSD insert 第 1 次 等待 3 秒
2023-10-31 00:16:46 {"status":"bad","gid":"617995","msg":"添加失败！号码【1946040(-|-)】已存在！"}
2023-10-31 00:16:46 随机等待 205 秒，约 3 分钟
2023-10-31 00:16:46 下次操作: 2023-10-31 00:20:11

2023-10-31 00:20:11 开始第 6132 次操作

2023-10-31 00:20:11 开始操作号码 【1946041】
2023-10-31 00:20:14 GSD getOne 第 1 次 等待 3 秒
2023-10-31 00:20:17 查询号码 【1946041】，返回信息 {"status":"ok","msg":"-","gid":"617991","time_insert":"2023-03-27 13:43"}
2023-10-31 00:20:17 查询号码 【1946041】，GSD为【"-"】
2023-10-31 00:20:17 ok && -
2023-10-31 00:20:24 CHB 1946041?1698682817 第 1 次 等待 3 秒
2023-10-31 00:20:27 CHB 1946041?1698682817 第 1 次 获取到号码【1946041】GSD
2023-10-31 00:20:27 未获取到号码【1946041】GSD，可能号码格式错误
2023-10-31 00:20:27 获取到号码【1946041】的GSD为【-】
2023-10-31 00:20:33 GSD insert 第 1 次 等待 3 秒
2023-10-31 00:20:36 {"status":"bad","gid":"617991","msg":"添加失败！号码【1946041(-|-)】已存在！"}

2023-10-31 00:37:08 开始第 6133 次操作

2023-10-31 00:37:08 开始操作号码 【1946042】
2023-10-31 00:37:24 GSD getOne 第 1 次 等待 3 秒
2023-10-31 00:37:27 查询号码 【1946042】，返回信息 {"status":"ok","msg":"-","gid":"617986","time_insert":"2023-03-27 13:41"}
2023-10-31 00:37:27 查询号码 【1946042】，GSD为【"-"】
2023-10-31 00:37:27 ok && -
2023-10-31 00:37:29 CHB 1946042?1698683847 第 1 次 等待 3 秒
2023-10-31 00:37:32 CHB 1946042?1698683847 第 1 次 获取到号码【1946042】GSD
2023-10-31 00:37:32 未获取到号码【1946042】GSD，可能号码格式错误
2023-10-31 00:37:32 获取到号码【1946042】的GSD为【-】
2023-10-31 00:37:36 GSD insert 第 1 次 等待 3 秒
2023-10-31 00:37:39 {"status":"bad","gid":"617986","msg":"添加失败！号码【1946042(-|-)】已存在！"}
2023-10-31 00:37:39 随机等待 144 秒，约 2 分钟
2023-10-31 00:37:39 下次操作: 2023-10-31 00:40:03

2023-10-31 00:40:03 开始第 6134 次操作

2023-10-31 00:40:03 开始操作号码 【1946043】
2023-10-31 00:40:06 GSD getOne 第 1 次 等待 3 秒
2023-10-31 00:40:09 查询号码 【1946043】，返回信息 {"status":"ok","msg":"-","gid":"617982","time_insert":"2023-03-27 13:38"}
2023-10-31 00:40:09 查询号码 【1946043】，GSD为【"-"】
2023-10-31 00:40:09 ok && -
2023-10-31 00:40:15 CHB 1946043?1698684009 第 1 次 等待 3 秒
2023-10-31 00:40:18 CHB 1946043?1698684009 第 1 次 获取到号码【1946043】GSD
2023-10-31 00:40:18 未获取到号码【1946043】GSD，可能号码格式错误
2023-10-31 00:40:18 获取到号码【1946043】的GSD为【-】
2023-10-31 00:40:27 GSD insert 第 1 次 等待 3 秒
2023-10-31 00:40:30 {"status":"bad","gid":"617982","msg":"添加失败！号码【1946043(-|-)】已存在！"}
2023-10-31 00:40:30 随机等待 183 秒，约 3 分钟
2023-10-31 00:40:30 下次操作: 2023-10-31 00:43:33

2023-10-31 00:43:33 开始第 6135 次操作

2023-10-31 00:43:33 开始操作号码 【1946044】
2023-10-31 00:43:39 GSD getOne 第 1 次 等待 3 秒
2023-10-31 00:43:42 查询号码 【1946044】，返回信息 {"status":"ok","msg":"-","gid":"617978","time_insert":"2023-03-27 13:36"}
2023-10-31 00:43:42 查询号码 【1946044】，GSD为【"-"】
2023-10-31 00:43:42 ok && -
2023-10-31 00:43:45 CHB 1946044?1698684222 第 1 次 等待 3 秒
2023-10-31 00:43:48 CHB 1946044?1698684222 第 1 次 获取到号码【1946044】GSD
2023-10-31 00:43:48 未获取到号码【1946044】GSD，可能号码格式错误
2023-10-31 00:43:48 获取到号码【1946044】的GSD为【-】
2023-10-31 00:43:56 GSD insert 第 1 次 等待 3 秒
2023-10-31 00:43:59 {"status":"bad","gid":"617978","msg":"添加失败！号码【1946044(-|-)】已存在！"}
2023-10-31 00:43:59 随机等待 220 秒，约 3 分钟
2023-10-31 00:43:59 下次操作: 2023-10-31 00:47:39

2023-10-31 00:47:39 开始第 6136 次操作

2023-10-31 00:47:39 开始操作号码 【1946045】
2023-10-31 00:47:53 GSD getOne 第 1 次 等待 3 秒
2023-10-31 00:47:56 查询号码 【1946045】，返回信息 {"status":"ok","msg":"-","gid":"617975","time_insert":"2023-03-27 13:33"}
2023-10-31 00:47:56 查询号码 【1946045】，GSD为【"-"】
2023-10-31 00:47:56 ok && -
2023-10-31 00:49:46 CHB 1946045?1698684476 第 1 次 等待 3 秒
2023-10-31 00:49:49 CHB 1946045?1698684476 第 1 次 获取到号码【1946045】GSD
2023-10-31 00:49:49 未获取到号码【1946045】GSD，可能号码格式错误
2023-10-31 00:49:49 获取到号码【1946045】的GSD为【-】
2023-10-31 00:54:49 GSD insert 第 1 次 等待 3 秒
2023-10-31 00:55:02 GSD insert 第 2 次 等待 3 秒
2023-10-31 00:55:05 {"status":"bad","gid":"617975","msg":"添加失败！号码【1946045(-|-)】已存在！"}

