2024-04-14 00:10:41 开始第 3665 次操作

2024-04-14 00:10:41 开始操作号码 【1623565】
2024-04-14 00:10:46 GSD getOne 第 1 次 等待 3 秒
2024-04-14 00:10:49 查询号码 【1623565】，返回信息 {"status":"ok","msg":"山西-朔州","gid":"134611","time_insert":"2021-06-26 21:39"}
2024-04-14 00:10:50 查询号码 【1623565】，GSD为【"山西-朔州"】

2024-04-14 00:10:51 开始第 3666 次操作

2024-04-14 00:10:51 开始操作号码 【1623566】
2024-04-14 00:10:58 GSD getOne 第 1 次 等待 3 秒
2024-04-14 00:11:01 查询号码 【1623566】，返回信息 {"status":"ok","msg":"山西-太原","gid":"134654","time_insert":"2021-06-26 21:44"}
2024-04-14 00:11:01 查询号码 【1623566】，GSD为【"山西-太原"】

2024-04-14 00:11:02 开始第 3667 次操作

2024-04-14 00:11:02 开始操作号码 【1623567】
2024-04-14 00:11:06 GSD getOne 第 1 次 等待 3 秒
2024-04-14 00:11:09 查询号码 【1623567】，返回信息 {"status":"ok","msg":"山西-朔州","gid":"134702","time_insert":"2021-06-26 21:49"}
2024-04-14 00:11:10 查询号码 【1623567】，GSD为【"山西-朔州"】

2024-04-14 00:11:11 开始第 3668 次操作

2024-04-14 00:11:11 开始操作号码 【1623568】
2024-04-14 00:11:17 GSD getOne 第 1 次 等待 3 秒
2024-04-14 00:11:20 查询号码 【1623568】，返回信息 {"status":"ok","msg":"山西-临汾","gid":"134760","time_insert":"2021-06-26 21:53"}
2024-04-14 00:11:20 查询号码 【1623568】，GSD为【"山西-临汾"】

