2024-09-26 00:31:18 开始第 6185 次操作

2024-09-26 00:31:18 开始操作号码 【1406183】
2024-09-26 00:31:20 GSD getOne 第 1 次 等待 3 秒
2024-09-26 00:31:23 查询号码 【1406183】，返回信息 {"status":"ok","msg":"-","gid":"648464","time_insert":"2023-04-12 02:34"}
2024-09-26 00:31:23 查询号码 【1406183】，GSD为【"-"】
2024-09-26 00:31:23 ok && -
2024-09-26 00:31:25 CHB 1406183?1727281883 第 1 次 等待 3 秒
2024-09-26 00:31:28 CHB 1406183?1727281883 第 1 次 获取到号码【1406183】GSD
2024-09-26 00:31:28 未获取到号码【1406183】GSD，可能号码格式错误
2024-09-26 00:31:28 获取到号码【1406183】的GSD为【-】
2024-09-26 00:31:31 GSD insert 第 1 次 等待 3 秒
2024-09-26 00:31:34 {"status":"bad","gid":"648464","msg":"添加失败！号码【1406183(-|-)】已存在！"}
2024-09-26 00:31:34 随机等待 98 秒，约 1 分钟
2024-09-26 00:31:34 下次操作: 2024-09-26 00:33:12

2024-09-26 00:33:12 开始第 6186 次操作

2024-09-26 00:33:12 开始操作号码 【1406184】
2024-09-26 00:33:14 GSD getOne 第 1 次 等待 3 秒
2024-09-26 00:33:17 查询号码 【1406184】，返回信息 {"status":"ok","msg":"-","gid":"648487","time_insert":"2023-04-12 02:49"}
2024-09-26 00:33:17 查询号码 【1406184】，GSD为【"-"】
2024-09-26 00:33:17 ok && -
2024-09-26 00:33:19 CHB 1406184?1727281997 第 1 次 等待 3 秒
2024-09-26 00:33:22 CHB 1406184?1727281997 第 1 次 获取到号码【1406184】GSD
2024-09-26 00:33:22 未获取到号码【1406184】GSD，可能号码格式错误
2024-09-26 00:33:22 获取到号码【1406184】的GSD为【-】
2024-09-26 00:33:24 GSD insert 第 1 次 等待 3 秒
2024-09-26 00:33:27 {"status":"bad","gid":"648487","msg":"添加失败！号码【1406184(-|-)】已存在！"}
2024-09-26 00:33:27 随机等待 226 秒，约 3 分钟
2024-09-26 00:33:27 下次操作: 2024-09-26 00:37:13

2024-09-26 00:37:13 开始第 6187 次操作

2024-09-26 00:37:13 开始操作号码 【1406185】
2024-09-26 00:37:15 GSD getOne 第 1 次 等待 3 秒
2024-09-26 00:37:18 查询号码 【1406185】，返回信息 {"status":"ok","msg":"-","gid":"648517","time_insert":"2023-04-12 03:09"}
2024-09-26 00:37:18 查询号码 【1406185】，GSD为【"-"】
2024-09-26 00:37:18 ok && -
2024-09-26 00:37:20 CHB 1406185?1727282238 第 1 次 等待 3 秒
2024-09-26 00:37:23 CHB 1406185?1727282238 第 1 次 获取到号码【1406185】GSD
2024-09-26 00:37:23 未获取到号码【1406185】GSD，可能号码格式错误
2024-09-26 00:37:23 获取到号码【1406185】的GSD为【-】
2024-09-26 00:37:27 GSD insert 第 1 次 等待 3 秒
2024-09-26 00:37:30 {"status":"bad","gid":"648517","msg":"添加失败！号码【1406185(-|-)】已存在！"}
2024-09-26 00:37:30 随机等待 106 秒，约 1 分钟
2024-09-26 00:37:30 下次操作: 2024-09-26 00:39:16

2024-09-26 00:39:16 开始第 6188 次操作

2024-09-26 00:39:16 开始操作号码 【1406186】
2024-09-26 00:39:19 GSD getOne 第 1 次 等待 3 秒
2024-09-26 00:39:22 查询号码 【1406186】，返回信息 {"status":"ok","msg":"-","gid":"648551","time_insert":"2023-04-12 03:31"}
2024-09-26 00:39:22 查询号码 【1406186】，GSD为【"-"】
2024-09-26 00:39:22 ok && -
2024-09-26 00:39:24 CHB 1406186?1727282362 第 1 次 等待 3 秒
2024-09-26 00:39:27 CHB 1406186?1727282362 第 1 次 获取到号码【1406186】GSD
2024-09-26 00:39:27 未获取到号码【1406186】GSD，可能号码格式错误
2024-09-26 00:39:27 获取到号码【1406186】的GSD为【-】
2024-09-26 00:39:28 GSD insert 第 1 次 等待 3 秒
2024-09-26 00:39:31 {"status":"bad","gid":"648551","msg":"添加失败！号码【1406186(-|-)】已存在！"}

