2023-12-15 00:09:49 开始第 3337 次操作

2023-12-15 00:09:49 开始操作号码 【1843236】
2023-12-15 00:09:53 GSD getOne 第 1 次 等待 3 秒
2023-12-15 00:09:56 查询号码 【1843236】，返回信息 {"status":"ok","msg":"河北-廊坊","gid":"476135","time_insert":"2021-08-02 05:59"}
2023-12-15 00:09:56 查询号码 【1843236】，GSD为【"河北-廊坊"】

2023-12-15 00:09:57 开始第 3338 次操作

2023-12-15 00:09:57 开始操作号码 【1843237】
2023-12-15 00:10:01 GSD getOne 第 1 次 等待 3 秒
2023-12-15 00:10:04 查询号码 【1843237】，返回信息 {"status":"ok","msg":"河北-沧州","gid":"476125","time_insert":"2021-08-02 05:58"}
2023-12-15 00:10:04 查询号码 【1843237】，GSD为【"河北-沧州"】

2023-12-15 00:10:05 开始第 3339 次操作

2023-12-15 00:10:05 开始操作号码 【1843238】
2023-12-15 00:10:08 GSD getOne 第 1 次 等待 3 秒
2023-12-15 00:10:11 查询号码 【1843238】，返回信息 {"status":"ok","msg":"河北-衡水","gid":"476111","time_insert":"2021-08-02 05:57","time_update":"2021-08-09 14:53"}
2023-12-15 00:10:11 查询号码 【1843238】，GSD为【"河北-衡水"】

2023-12-15 00:10:12 开始第 3340 次操作

2023-12-15 00:10:12 开始操作号码 【1843239】
2023-12-15 00:10:19 GSD getOne 第 1 次 等待 3 秒
2023-12-15 00:10:22 查询号码 【1843239】，返回信息 {"status":"ok","msg":"河北-邢台","gid":"476103","time_insert":"2021-08-02 05:57"}
2023-12-15 00:10:22 查询号码 【1843239】，GSD为【"河北-邢台"】

2023-12-15 00:35:18 开始第 3341 次操作

2023-12-15 00:35:18 开始操作号码 【1843240】
2023-12-15 00:35:24 GSD getOne 第 1 次 等待 3 秒
2023-12-15 00:35:27 查询号码 【1843240】，返回信息 {"status":"ok","msg":"河北-邯郸","gid":"476092","time_insert":"2021-08-02 05:56"}
2023-12-15 00:35:27 查询号码 【1843240】，GSD为【"河北-邯郸"】

2023-12-15 00:35:28 开始第 3342 次操作

2023-12-15 00:35:28 开始操作号码 【1843241】
2023-12-15 00:35:32 GSD getOne 第 1 次 等待 3 秒
2023-12-15 00:35:35 查询号码 【1843241】，返回信息 {"status":"ok","msg":"河北-邯郸","gid":"476078","time_insert":"2021-08-02 05:56"}
2023-12-15 00:35:35 查询号码 【1843241】，GSD为【"河北-邯郸"】

2023-12-15 00:35:36 开始第 3343 次操作

2023-12-15 00:35:36 开始操作号码 【1843242】
2023-12-15 00:35:41 GSD getOne 第 1 次 等待 3 秒
2023-12-15 00:35:44 查询号码 【1843242】，返回信息 {"status":"ok","msg":"河北-邯郸","gid":"476065","time_insert":"2021-08-02 05:55"}
2023-12-15 00:35:44 查询号码 【1843242】，GSD为【"河北-邯郸"】

2023-12-15 00:35:45 开始第 3344 次操作

2023-12-15 00:35:45 开始操作号码 【1843243】
2023-12-15 00:35:49 GSD getOne 第 1 次 等待 3 秒
2023-12-15 00:35:52 查询号码 【1843243】，返回信息 {"status":"ok","msg":"河北-邯郸","gid":"476054","time_insert":"2021-08-02 05:55"}
2023-12-15 00:35:52 查询号码 【1843243】，GSD为【"河北-邯郸"】

