2024-04-18 00:11:41 开始第 4241 次操作

2024-04-18 00:11:41 开始操作号码 【1624141】
2024-04-18 00:11:52 GSD getOne 第 1 次 等待 3 秒
2024-04-18 00:11:55 查询号码 【1624141】，返回信息 {"status":"ok","msg":"-","gid":"148589","time_insert":"2021-06-28 19:37"}
2024-04-18 00:11:55 查询号码 【1624141】，GSD为【"-"】
2024-04-18 00:11:55 ok && -
2024-04-18 00:12:01 CHB 1624141?1713370315 第 1 次 等待 3 秒
2024-04-18 00:12:04 CHB 1624141?1713370315 第 1 次 获取到号码【1624141】GSD
2024-04-18 00:12:04 未获取到号码【1624141】GSD，可能号码格式错误
2024-04-18 00:12:04 获取到号码【1624141】的GSD为【-】
2024-04-18 00:12:11 GSD insert 第 1 次 等待 3 秒
2024-04-18 00:12:14 {"status":"bad","gid":"148589","msg":"添加失败！号码【1624141(-|-)】已存在！"}
2024-04-18 00:12:14 随机等待 129 秒，约 2 分钟
2024-04-18 00:12:14 下次操作: 2024-04-18 00:14:23

2024-04-18 00:14:23 开始第 4242 次操作

2024-04-18 00:14:23 开始操作号码 【1624142】
2024-04-18 00:14:27 GSD getOne 第 1 次 等待 3 秒
2024-04-18 00:14:30 查询号码 【1624142】，返回信息 {"status":"ok","msg":"-","gid":"148650","time_insert":"2021-06-28 19:41"}
2024-04-18 00:14:30 查询号码 【1624142】，GSD为【"-"】
2024-04-18 00:14:30 ok && -
2024-04-18 00:14:33 CHB 1624142?1713370470 第 1 次 等待 3 秒
2024-04-18 00:14:36 CHB 1624142?1713370470 第 1 次 获取到号码【1624142】GSD
2024-04-18 00:14:36 未获取到号码【1624142】GSD，可能号码格式错误
2024-04-18 00:14:36 获取到号码【1624142】的GSD为【-】
2024-04-18 00:14:41 GSD insert 第 1 次 等待 3 秒
2024-04-18 00:14:44 {"status":"bad","gid":"148650","msg":"添加失败！号码【1624142(-|-)】已存在！"}
2024-04-18 00:14:44 随机等待 143 秒，约 2 分钟
2024-04-18 00:14:44 下次操作: 2024-04-18 00:17:07

2024-04-18 00:17:07 开始第 4243 次操作

2024-04-18 00:17:07 开始操作号码 【1624143】
2024-04-18 00:17:12 GSD getOne 第 1 次 等待 3 秒
2024-04-18 00:17:15 查询号码 【1624143】，返回信息 {"status":"ok","msg":"-","gid":"148706","time_insert":"2021-06-28 19:46"}
2024-04-18 00:17:15 查询号码 【1624143】，GSD为【"-"】
2024-04-18 00:17:15 ok && -
2024-04-18 00:17:17 CHB 1624143?1713370635 第 1 次 等待 3 秒
2024-04-18 00:17:20 CHB 1624143?1713370635 第 1 次 获取到号码【1624143】GSD
2024-04-18 00:17:20 未获取到号码【1624143】GSD，可能号码格式错误
2024-04-18 00:17:20 获取到号码【1624143】的GSD为【-】
2024-04-18 00:17:24 GSD insert 第 1 次 等待 3 秒
2024-04-18 00:17:27 {"status":"bad","gid":"148706","msg":"添加失败！号码【1624143(-|-)】已存在！"}
2024-04-18 00:17:27 随机等待 137 秒，约 2 分钟
2024-04-18 00:17:27 下次操作: 2024-04-18 00:19:44

2024-04-18 00:19:44 开始第 4244 次操作

2024-04-18 00:19:44 开始操作号码 【1624144】
2024-04-18 00:19:49 GSD getOne 第 1 次 等待 3 秒
2024-04-18 00:19:52 查询号码 【1624144】，返回信息 {"status":"ok","msg":"-","gid":"148749","time_insert":"2021-06-28 19:50"}
2024-04-18 00:19:52 查询号码 【1624144】，GSD为【"-"】
2024-04-18 00:19:52 ok && -
2024-04-18 00:19:55 CHB 1624144?1713370792 第 1 次 等待 3 秒
2024-04-18 00:19:58 CHB 1624144?1713370792 第 1 次 获取到号码【1624144】GSD
2024-04-18 00:19:58 未获取到号码【1624144】GSD，可能号码格式错误
2024-04-18 00:19:58 获取到号码【1624144】的GSD为【-】
2024-04-18 00:20:03 GSD insert 第 1 次 等待 3 秒
2024-04-18 00:20:06 {"status":"bad","gid":"148749","msg":"添加失败！号码【1624144(-|-)】已存在！"}

