2024-07-22 00:13:04 开始第 7473 次操作

2024-07-22 00:13:04 开始操作号码 【1517363】
2024-07-22 00:13:14 GSD getOne 第 1 次 等待 3 秒
2024-07-22 00:13:17 查询号码 【1517363】，返回信息 {"status":"ok","msg":"湖南-常德","gid":"479930","time_insert":"2021-08-02 14:49"}
2024-07-22 00:13:18 查询号码 【1517363】，GSD为【"湖南-常德"】

2024-07-22 00:13:19 开始第 7474 次操作

2024-07-22 00:13:19 开始操作号码 【1517364】
2024-07-22 00:13:26 GSD getOne 第 1 次 等待 3 秒
2024-07-22 00:13:29 查询号码 【1517364】，返回信息 {"status":"ok","msg":"湖南-常德","gid":"479909","time_insert":"2021-08-02 14:40"}
2024-07-22 00:13:30 查询号码 【1517364】，GSD为【"湖南-常德"】

2024-07-22 00:13:31 开始第 7475 次操作

2024-07-22 00:13:31 开始操作号码 【1517365】
2024-07-22 00:13:40 GSD getOne 第 1 次 等待 3 秒
2024-07-22 00:13:43 查询号码 【1517365】，返回信息 {"status":"ok","msg":"湖南-常德","gid":"479891","time_insert":"2021-08-02 14:30"}
2024-07-22 00:13:43 查询号码 【1517365】，GSD为【"湖南-常德"】

2024-07-22 00:13:44 开始第 7476 次操作

2024-07-22 00:13:44 开始操作号码 【1517366】
2024-07-22 00:13:53 GSD getOne 第 1 次 等待 3 秒
2024-07-22 00:13:56 查询号码 【1517366】，返回信息 {"status":"ok","msg":"湖南-常德","gid":"479870","time_insert":"2021-08-02 14:20"}
2024-07-22 00:13:56 查询号码 【1517366】，GSD为【"湖南-常德"】

