2024-08-01 00:12:05 开始第 9281 次操作

2024-08-01 00:12:05 开始操作号码 【1519171】
2024-08-01 00:12:14 GSD getOne 第 1 次 等待 3 秒
2024-08-01 00:12:17 查询号码 【1519171】，返回信息 {"status":"ok","msg":"陕西-宝鸡","gid":"398791","time_insert":"2021-07-26 07:23","time_update":"2021-07-28 14:34"}
2024-08-01 00:12:17 查询号码 【1519171】，GSD为【"陕西-宝鸡"】

2024-08-01 00:12:18 开始第 9282 次操作

2024-08-01 00:12:18 开始操作号码 【1519172】
2024-08-01 00:12:27 GSD getOne 第 1 次 等待 3 秒
2024-08-01 00:12:30 查询号码 【1519172】，返回信息 {"status":"ok","msg":"陕西-宝鸡","gid":"398754","time_insert":"2021-07-26 07:13"}
2024-08-01 00:12:30 查询号码 【1519172】，GSD为【"陕西-宝鸡"】

2024-08-01 00:12:31 开始第 9283 次操作

2024-08-01 00:12:31 开始操作号码 【1519173】
2024-08-01 00:12:40 GSD getOne 第 1 次 等待 3 秒
2024-08-01 00:12:43 查询号码 【1519173】，返回信息 {"status":"ok","msg":"陕西-宝鸡","gid":"398675","time_insert":"2021-07-26 07:04"}
2024-08-01 00:12:43 查询号码 【1519173】，GSD为【"陕西-宝鸡"】

2024-08-01 00:12:44 开始第 9284 次操作

2024-08-01 00:12:44 开始操作号码 【1519174】
2024-08-01 00:12:51 GSD getOne 第 1 次 等待 3 秒
2024-08-01 00:12:54 查询号码 【1519174】，返回信息 {"status":"ok","msg":"陕西-宝鸡","gid":"398552","time_insert":"2021-07-26 06:54"}
2024-08-01 00:12:54 查询号码 【1519174】，GSD为【"陕西-宝鸡"】

2024-08-01 00:38:29 开始第 9285 次操作

2024-08-01 00:38:29 开始操作号码 【1519175】
2024-08-01 00:38:37 GSD getOne 第 1 次 等待 3 秒
2024-08-01 00:38:40 查询号码 【1519175】，返回信息 {"status":"ok","msg":"陕西-宝鸡","gid":"398411","time_insert":"2021-07-26 06:44"}
2024-08-01 00:38:40 查询号码 【1519175】，GSD为【"陕西-宝鸡"】

2024-08-01 00:38:41 开始第 9286 次操作

2024-08-01 00:38:41 开始操作号码 【1519176】
2024-08-01 00:38:50 GSD getOne 第 1 次 等待 3 秒
2024-08-01 00:38:53 查询号码 【1519176】，返回信息 {"status":"ok","msg":"陕西-宝鸡","gid":"398330","time_insert":"2021-07-26 06:36"}
2024-08-01 00:38:53 查询号码 【1519176】，GSD为【"陕西-宝鸡"】

2024-08-01 00:38:54 开始第 9287 次操作

2024-08-01 00:38:54 开始操作号码 【1519177】
2024-08-01 00:39:02 GSD getOne 第 1 次 等待 3 秒
2024-08-01 00:39:05 查询号码 【1519177】，返回信息 {"status":"ok","msg":"陕西-宝鸡","gid":"398313","time_insert":"2021-07-26 06:26"}
2024-08-01 00:39:05 查询号码 【1519177】，GSD为【"陕西-宝鸡"】

2024-08-01 00:39:06 开始第 9288 次操作

2024-08-01 00:39:06 开始操作号码 【1519178】
2024-08-01 00:39:14 GSD getOne 第 1 次 等待 3 秒
2024-08-01 00:39:17 查询号码 【1519178】，返回信息 {"status":"ok","msg":"陕西-宝鸡","gid":"398297","time_insert":"2021-07-26 06:18"}
2024-08-01 00:39:17 查询号码 【1519178】，GSD为【"陕西-宝鸡"】

