2023-11-07 00:11:22 开始第 7409 次操作

2023-11-07 00:11:22 开始操作号码 【1947308】
2023-11-07 00:11:31 GSD getOne 第 1 次 等待 3 秒
2023-11-07 00:11:34 查询号码 【1947308】，返回信息 {"status":"ok","msg":"-","gid":"611173","time_insert":"2023-03-24 08:00"}
2023-11-07 00:11:34 查询号码 【1947308】，GSD为【"-"】
2023-11-07 00:11:34 ok && -
2023-11-07 00:11:36 CHB 1947308?1699287094 第 1 次 等待 3 秒
2023-11-07 00:11:39 CHB 1947308?1699287094 第 1 次 获取到号码【1947308】GSD
2023-11-07 00:11:39 未获取到号码【1947308】GSD，可能号码格式错误
2023-11-07 00:11:39 获取到号码【1947308】的GSD为【-】
2023-11-07 00:11:42 GSD insert 第 1 次 等待 3 秒
2023-11-07 00:11:45 {"status":"bad","gid":"611173","msg":"添加失败！号码【1947308(-|-)】已存在！"}
2023-11-07 00:11:45 随机等待 162 秒，约 2 分钟
2023-11-07 00:11:45 下次操作: 2023-11-07 00:14:27

2023-11-07 00:14:27 开始第 7410 次操作

2023-11-07 00:14:27 开始操作号码 【1947309】
2023-11-07 00:14:31 GSD getOne 第 1 次 等待 3 秒
2023-11-07 00:14:34 查询号码 【1947309】，返回信息 {"status":"ok","msg":"-","gid":"611170","time_insert":"2023-03-24 07:58"}
2023-11-07 00:14:34 查询号码 【1947309】，GSD为【"-"】
2023-11-07 00:14:34 ok && -
2023-11-07 00:14:36 CHB 1947309?1699287274 第 1 次 等待 3 秒
2023-11-07 00:14:39 CHB 1947309?1699287274 第 1 次 获取到号码【1947309】GSD
2023-11-07 00:14:39 未获取到号码【1947309】GSD，可能号码格式错误
2023-11-07 00:14:39 获取到号码【1947309】的GSD为【-】
2023-11-07 00:14:43 GSD insert 第 1 次 等待 3 秒
2023-11-07 00:14:46 {"status":"bad","gid":"611170","msg":"添加失败！号码【1947309(-|-)】已存在！"}
2023-11-07 00:14:46 随机等待 157 秒，约 2 分钟
2023-11-07 00:14:46 下次操作: 2023-11-07 00:17:23

2023-11-07 00:17:23 开始第 7411 次操作

2023-11-07 00:17:23 开始操作号码 【1947310】
2023-11-07 00:17:27 GSD getOne 第 1 次 等待 3 秒
2023-11-07 00:17:30 查询号码 【1947310】，返回信息 {"status":"ok","msg":"-","gid":"611168","time_insert":"2023-03-24 07:55"}
2023-11-07 00:17:30 查询号码 【1947310】，GSD为【"-"】
2023-11-07 00:17:30 ok && -
2023-11-07 00:17:33 CHB 1947310?1699287450 第 1 次 等待 3 秒
2023-11-07 00:17:36 CHB 1947310?1699287450 第 1 次 获取到号码【1947310】GSD
2023-11-07 00:17:36 未获取到号码【1947310】GSD，可能号码格式错误
2023-11-07 00:17:36 获取到号码【1947310】的GSD为【-】
2023-11-07 00:17:38 GSD insert 第 1 次 等待 3 秒
2023-11-07 00:17:41 {"status":"bad","gid":"611168","msg":"添加失败！号码【1947310(-|-)】已存在！"}
2023-11-07 00:17:41 随机等待 228 秒，约 3 分钟
2023-11-07 00:17:41 下次操作: 2023-11-07 00:21:29

2023-11-07 00:21:29 开始第 7412 次操作

2023-11-07 00:21:29 开始操作号码 【1947311】
2023-11-07 00:21:33 GSD getOne 第 1 次 等待 3 秒
2023-11-07 00:21:36 查询号码 【1947311】，返回信息 {"status":"ok","msg":"-","gid":"611164","time_insert":"2023-03-24 07:53"}
2023-11-07 00:21:36 查询号码 【1947311】，GSD为【"-"】
2023-11-07 00:21:36 ok && -
2023-11-07 00:21:38 CHB 1947311?1699287696 第 1 次 等待 3 秒
2023-11-07 00:21:41 CHB 1947311?1699287696 第 1 次 获取到号码【1947311】GSD
2023-11-07 00:21:41 未获取到号码【1947311】GSD，可能号码格式错误
2023-11-07 00:21:41 获取到号码【1947311】的GSD为【-】
2023-11-07 00:21:45 GSD insert 第 1 次 等待 3 秒
2023-11-07 00:21:48 {"status":"bad","gid":"611164","msg":"添加失败！号码【1947311(-|-)】已存在！"}

2023-11-07 00:38:16 开始第 7413 次操作

2023-11-07 00:38:16 开始操作号码 【1947312】
2023-11-07 00:38:21 GSD getOne 第 1 次 等待 3 秒
2023-11-07 00:38:24 查询号码 【1947312】，返回信息 {"status":"ok","msg":"-","gid":"611161","time_insert":"2023-03-24 07:51"}
2023-11-07 00:38:24 查询号码 【1947312】，GSD为【"-"】
2023-11-07 00:38:24 ok && -
2023-11-07 00:38:27 CHB 1947312?1699288704 第 1 次 等待 3 秒
2023-11-07 00:38:30 CHB 1947312?1699288704 第 1 次 获取到号码【1947312】GSD
2023-11-07 00:38:30 未获取到号码【1947312】GSD，可能号码格式错误
2023-11-07 00:38:30 获取到号码【1947312】的GSD为【-】
2023-11-07 00:38:36 GSD insert 第 1 次 等待 3 秒
2023-11-07 00:38:39 {"status":"bad","gid":"611161","msg":"添加失败！号码【1947312(-|-)】已存在！"}
2023-11-07 00:38:39 随机等待 79 秒，约 1 分钟
2023-11-07 00:38:39 下次操作: 2023-11-07 00:39:58

2023-11-07 00:39:58 开始第 7414 次操作

2023-11-07 00:39:58 开始操作号码 【1947313】
2023-11-07 00:40:01 GSD getOne 第 1 次 等待 3 秒
2023-11-07 00:40:04 查询号码 【1947313】，返回信息 {"status":"ok","msg":"-","gid":"611156","time_insert":"2023-03-24 07:48"}
2023-11-07 00:40:04 查询号码 【1947313】，GSD为【"-"】
2023-11-07 00:40:04 ok && -
2023-11-07 00:40:08 CHB 1947313?1699288804 第 1 次 等待 3 秒
2023-11-07 00:40:11 CHB 1947313?1699288804 第 1 次 获取到号码【1947313】GSD
2023-11-07 00:40:11 未获取到号码【1947313】GSD，可能号码格式错误
2023-11-07 00:40:11 获取到号码【1947313】的GSD为【-】
2023-11-07 00:40:14 GSD insert 第 1 次 等待 3 秒
2023-11-07 00:40:17 {"status":"bad","gid":"611156","msg":"添加失败！号码【1947313(-|-)】已存在！"}
2023-11-07 00:40:17 随机等待 141 秒，约 2 分钟
2023-11-07 00:40:17 下次操作: 2023-11-07 00:42:38

2023-11-07 00:42:38 开始第 7415 次操作

2023-11-07 00:42:38 开始操作号码 【1947314】
2023-11-07 00:42:42 GSD getOne 第 1 次 等待 3 秒
2023-11-07 00:42:45 查询号码 【1947314】，返回信息 {"status":"ok","msg":"-","gid":"611148","time_insert":"2023-03-24 07:45"}
2023-11-07 00:42:45 查询号码 【1947314】，GSD为【"-"】
2023-11-07 00:42:45 ok && -
2023-11-07 00:42:47 CHB 1947314?1699288965 第 1 次 等待 3 秒
2023-11-07 00:42:50 CHB 1947314?1699288965 第 1 次 获取到号码【1947314】GSD
2023-11-07 00:42:50 未获取到号码【1947314】GSD，可能号码格式错误
2023-11-07 00:42:50 获取到号码【1947314】的GSD为【-】
2023-11-07 00:42:53 GSD insert 第 1 次 等待 3 秒
2023-11-07 00:42:56 {"status":"bad","gid":"611148","msg":"添加失败！号码【1947314(-|-)】已存在！"}
2023-11-07 00:42:56 随机等待 178 秒，约 2 分钟
2023-11-07 00:42:56 下次操作: 2023-11-07 00:45:54

2023-11-07 00:45:54 开始第 7416 次操作

2023-11-07 00:45:54 开始操作号码 【1947315】
2023-11-07 00:45:57 GSD getOne 第 1 次 等待 3 秒
2023-11-07 00:46:00 查询号码 【1947315】，返回信息 {"status":"ok","msg":"-","gid":"611145","time_insert":"2023-03-24 07:43"}
2023-11-07 00:46:00 查询号码 【1947315】，GSD为【"-"】
2023-11-07 00:46:00 ok && -
2023-11-07 00:46:06 CHB 1947315?1699289160 第 1 次 等待 3 秒
2023-11-07 00:46:09 CHB 1947315?1699289160 第 1 次 获取到号码【1947315】GSD
2023-11-07 00:46:09 未获取到号码【1947315】GSD，可能号码格式错误
2023-11-07 00:46:09 获取到号码【1947315】的GSD为【-】
2023-11-07 00:46:12 GSD insert 第 1 次 等待 3 秒
2023-11-07 00:46:15 {"status":"bad","gid":"611145","msg":"添加失败！号码【1947315(-|-)】已存在！"}

2023-11-07 01:07:50 开始第 7417 次操作

2023-11-07 01:07:50 开始操作号码 【1947316】
2023-11-07 01:07:54 GSD getOne 第 1 次 等待 3 秒
2023-11-07 01:07:57 查询号码 【1947316】，返回信息 {"status":"ok","msg":"-","gid":"611139","time_insert":"2023-03-24 07:39"}
2023-11-07 01:07:57 查询号码 【1947316】，GSD为【"-"】
2023-11-07 01:07:57 ok && -
2023-11-07 01:07:59 CHB 1947316?1699290477 第 1 次 等待 3 秒
2023-11-07 01:08:02 CHB 1947316?1699290477 第 1 次 获取到号码【1947316】GSD
2023-11-07 01:08:02 未获取到号码【1947316】GSD，可能号码格式错误
2023-11-07 01:08:02 获取到号码【1947316】的GSD为【-】
2023-11-07 01:08:07 GSD insert 第 1 次 等待 3 秒
2023-11-07 01:08:10 {"status":"bad","gid":"611139","msg":"添加失败！号码【1947316(-|-)】已存在！"}
2023-11-07 01:08:10 随机等待 133 秒，约 2 分钟
2023-11-07 01:08:10 下次操作: 2023-11-07 01:10:23

2023-11-07 01:10:23 开始第 7418 次操作

2023-11-07 01:10:23 开始操作号码 【1947317】
2023-11-07 01:10:27 GSD getOne 第 1 次 等待 3 秒
2023-11-07 01:10:30 查询号码 【1947317】，返回信息 {"status":"ok","msg":"-","gid":"611136","time_insert":"2023-03-24 07:38"}
2023-11-07 01:10:30 查询号码 【1947317】，GSD为【"-"】
2023-11-07 01:10:30 ok && -
2023-11-07 01:10:37 CHB 1947317?1699290630 第 1 次 等待 3 秒
2023-11-07 01:10:40 CHB 1947317?1699290630 第 1 次 获取到号码【1947317】GSD
2023-11-07 01:10:40 未获取到号码【1947317】GSD，可能号码格式错误
2023-11-07 01:10:40 获取到号码【1947317】的GSD为【-】
2023-11-07 01:10:42 GSD insert 第 1 次 等待 3 秒
2023-11-07 01:10:45 {"status":"bad","gid":"611136","msg":"添加失败！号码【1947317(-|-)】已存在！"}
2023-11-07 01:10:45 随机等待 104 秒，约 1 分钟
2023-11-07 01:10:45 下次操作: 2023-11-07 01:12:29

2023-11-07 01:12:29 开始第 7419 次操作

2023-11-07 01:12:29 开始操作号码 【1947318】
2023-11-07 01:12:34 GSD getOne 第 1 次 等待 3 秒
2023-11-07 01:12:37 查询号码 【1947318】，返回信息 {"status":"ok","msg":"-","gid":"611132","time_insert":"2023-03-24 07:36"}
2023-11-07 01:12:37 查询号码 【1947318】，GSD为【"-"】
2023-11-07 01:12:37 ok && -
2023-11-07 01:12:43 CHB 1947318?1699290757 第 1 次 等待 3 秒
2023-11-07 01:12:46 CHB 1947318?1699290757 第 1 次 获取到号码【1947318】GSD
2023-11-07 01:12:46 未获取到号码【1947318】GSD，可能号码格式错误
2023-11-07 01:12:46 获取到号码【1947318】的GSD为【-】
2023-11-07 01:12:51 GSD insert 第 1 次 等待 3 秒
2023-11-07 01:12:54 {"status":"bad","gid":"611132","msg":"添加失败！号码【1947318(-|-)】已存在！"}
2023-11-07 01:12:54 随机等待 185 秒，约 3 分钟
2023-11-07 01:12:54 下次操作: 2023-11-07 01:15:59

2023-11-07 01:15:59 开始第 7420 次操作

2023-11-07 01:15:59 开始操作号码 【1947319】
2023-11-07 01:16:06 GSD getOne 第 1 次 等待 3 秒
2023-11-07 01:16:09 查询号码 【1947319】，返回信息 {"status":"ok","msg":"-","gid":"611127","time_insert":"2023-03-24 07:33"}
2023-11-07 01:16:09 查询号码 【1947319】，GSD为【"-"】
2023-11-07 01:16:09 ok && -
2023-11-07 01:16:11 CHB 1947319?1699290969 第 1 次 等待 3 秒
2023-11-07 01:16:14 CHB 1947319?1699290969 第 1 次 获取到号码【1947319】GSD
2023-11-07 01:16:14 未获取到号码【1947319】GSD，可能号码格式错误
2023-11-07 01:16:14 获取到号码【1947319】的GSD为【-】
2023-11-07 01:16:17 GSD insert 第 1 次 等待 3 秒
2023-11-07 01:16:20 {"status":"bad","gid":"611127","msg":"添加失败！号码【1947319(-|-)】已存在！"}

2023-11-07 01:33:00 开始第 7421 次操作

2023-11-07 01:33:00 开始操作号码 【1947320】
2023-11-07 01:33:03 GSD getOne 第 1 次 等待 3 秒
2023-11-07 01:33:06 查询号码 【1947320】，返回信息 {"status":"ok","msg":"-","gid":"611120","time_insert":"2023-03-24 07:30"}
2023-11-07 01:33:06 查询号码 【1947320】，GSD为【"-"】
2023-11-07 01:33:06 ok && -
2023-11-07 01:33:08 CHB 1947320?1699291986 第 1 次 等待 3 秒
2023-11-07 01:33:11 CHB 1947320?1699291986 第 1 次 获取到号码【1947320】GSD
2023-11-07 01:33:11 未获取到号码【1947320】GSD，可能号码格式错误
2023-11-07 01:33:11 获取到号码【1947320】的GSD为【-】
2023-11-07 01:33:15 GSD insert 第 1 次 等待 3 秒
2023-11-07 01:33:18 {"status":"bad","gid":"611120","msg":"添加失败！号码【1947320(-|-)】已存在！"}
2023-11-07 01:33:18 随机等待 116 秒，约 1 分钟
2023-11-07 01:33:18 下次操作: 2023-11-07 01:35:14

2023-11-07 01:35:14 开始第 7422 次操作

2023-11-07 01:35:14 开始操作号码 【1947321】
2023-11-07 01:35:18 GSD getOne 第 1 次 等待 3 秒
2023-11-07 01:35:21 查询号码 【1947321】，返回信息 {"status":"ok","msg":"-","gid":"611117","time_insert":"2023-03-24 07:28"}
2023-11-07 01:35:21 查询号码 【1947321】，GSD为【"-"】
2023-11-07 01:35:21 ok && -
2023-11-07 01:35:24 CHB 1947321?1699292121 第 1 次 等待 3 秒
2023-11-07 01:35:27 CHB 1947321?1699292121 第 1 次 获取到号码【1947321】GSD
2023-11-07 01:35:27 未获取到号码【1947321】GSD，可能号码格式错误
2023-11-07 01:35:27 获取到号码【1947321】的GSD为【-】
2023-11-07 01:35:33 GSD insert 第 1 次 等待 3 秒
2023-11-07 01:35:36 {"status":"bad","gid":"611117","msg":"添加失败！号码【1947321(-|-)】已存在！"}
2023-11-07 01:35:36 随机等待 170 秒，约 2 分钟
2023-11-07 01:35:36 下次操作: 2023-11-07 01:38:26

2023-11-07 01:38:26 开始第 7423 次操作

2023-11-07 01:38:26 开始操作号码 【1947322】
2023-11-07 01:38:29 GSD getOne 第 1 次 等待 3 秒
2023-11-07 01:38:32 查询号码 【1947322】，返回信息 {"status":"ok","msg":"-","gid":"611113","time_insert":"2023-03-24 07:25"}
2023-11-07 01:38:32 查询号码 【1947322】，GSD为【"-"】
2023-11-07 01:38:32 ok && -
2023-11-07 01:38:34 CHB 1947322?1699292312 第 1 次 等待 3 秒
2023-11-07 01:38:37 CHB 1947322?1699292312 第 1 次 获取到号码【1947322】GSD
2023-11-07 01:38:37 未获取到号码【1947322】GSD，可能号码格式错误
2023-11-07 01:38:37 获取到号码【1947322】的GSD为【-】
2023-11-07 01:38:40 GSD insert 第 1 次 等待 3 秒
2023-11-07 01:38:43 {"status":"bad","gid":"611113","msg":"添加失败！号码【1947322(-|-)】已存在！"}
2023-11-07 01:38:43 随机等待 223 秒，约 3 分钟
2023-11-07 01:38:43 下次操作: 2023-11-07 01:42:26

2023-11-07 01:42:26 开始第 7424 次操作

2023-11-07 01:42:26 开始操作号码 【1947323】
2023-11-07 01:42:28 GSD getOne 第 1 次 等待 3 秒
2023-11-07 01:42:31 查询号码 【1947323】，返回信息 {"status":"ok","msg":"-","gid":"611108","time_insert":"2023-03-24 07:23"}
2023-11-07 01:42:31 查询号码 【1947323】，GSD为【"-"】
2023-11-07 01:42:31 ok && -
2023-11-07 01:42:34 CHB 1947323?1699292551 第 1 次 等待 3 秒
2023-11-07 01:42:37 CHB 1947323?1699292551 第 1 次 获取到号码【1947323】GSD
2023-11-07 01:42:37 未获取到号码【1947323】GSD，可能号码格式错误
2023-11-07 01:42:37 获取到号码【1947323】的GSD为【-】
2023-11-07 01:42:40 GSD insert 第 1 次 等待 3 秒
2023-11-07 01:42:43 {"status":"bad","gid":"611108","msg":"添加失败！号码【1947323(-|-)】已存在！"}

