2021-07-29 06:26:07 开始第 1 次操作

2021-07-29 06:26:07 开始操作号码 【1939999】
2021-07-29 06:26:10 GSD getOne 第 1 次 等待 3 秒
2021-07-29 06:26:13 查询号码 【1939999】，返回信息 {"status":"bad","msg":""}
2021-07-29 06:26:13 查询号码 【1939999】，GSD为【""】
2021-07-29 06:26:13 bad
2021-07-29 06:26:14 CHB 1939999?1627511173 第 1 次 等待 3 秒
2021-07-29 06:26:17 CHB 1939999?1627511173 第 1 次 获取到号码【1939999】GSD
2021-07-29 06:26:17 未获取到号码【1939999】GSD，可能号码格式错误
2021-07-29 06:26:17 获取到号码【1939999】的GSD为【-】
2021-07-29 06:26:20 GSD insert 第 1 次 等待 3 秒
2021-07-29 06:26:23 {"status":"ok","gid":430711,"msg":"添加成功！"}
2021-07-29 06:26:23 下次操作: 2021-07-29 06:26:43

2021-07-29 06:26:43 开始第 2 次操作

2021-07-29 06:26:43 开始操作号码 【1939998】
2021-07-29 06:26:46 GSD getOne 第 1 次 等待 3 秒
2021-07-29 06:26:49 查询号码 【1939998】，返回信息 {"status":"bad","msg":""}
2021-07-29 06:26:49 查询号码 【1939998】，GSD为【""】
2021-07-29 06:26:49 bad
2021-07-29 06:26:51 CHB 1939998?1627511209 第 1 次 等待 3 秒
2021-07-29 06:26:54 CHB 1939998?1627511209 第 1 次 获取到号码【1939998】GSD
2021-07-29 06:26:54 未获取到号码【1939998】GSD，可能号码格式错误
2021-07-29 06:26:54 获取到号码【1939998】的GSD为【-】
2021-07-29 06:26:56 GSD insert 第 1 次 等待 3 秒
2021-07-29 06:26:59 {"status":"ok","gid":430714,"msg":"添加成功！"}
2021-07-29 06:26:59 下次操作: 2021-07-29 06:27:18

2021-07-29 06:27:19 开始第 3 次操作

2021-07-29 06:27:19 开始操作号码 【1939997】
2021-07-29 06:27:21 GSD getOne 第 1 次 等待 3 秒
2021-07-29 06:27:24 查询号码 【1939997】，返回信息 {"status":"bad","msg":""}
2021-07-29 06:27:24 查询号码 【1939997】，GSD为【""】
2021-07-29 06:27:24 bad
2021-07-29 06:27:26 CHB 1939997?1627511244 第 1 次 等待 3 秒
2021-07-29 06:27:29 CHB 1939997?1627511244 第 1 次 获取到号码【1939997】GSD
2021-07-29 06:27:29 未获取到号码【1939997】GSD，可能号码格式错误
2021-07-29 06:27:29 获取到号码【1939997】的GSD为【-】
2021-07-29 06:27:32 GSD insert 第 1 次 等待 3 秒
2021-07-29 06:27:35 {"status":"ok","gid":430718,"msg":"添加成功！"}
2021-07-29 06:27:35 下次操作: 2021-07-29 06:27:52

2021-07-29 06:27:52 开始第 4 次操作

2021-07-29 06:27:52 开始操作号码 【1939996】
2021-07-29 06:27:54 GSD getOne 第 1 次 等待 3 秒
2021-07-29 06:27:57 查询号码 【1939996】，返回信息 {"status":"bad","msg":""}
2021-07-29 06:27:58 查询号码 【1939996】，GSD为【""】
2021-07-29 06:27:58 bad
2021-07-29 06:27:59 CHB 1939996?1627511278 第 1 次 等待 3 秒
2021-07-29 06:28:02 CHB 1939996?1627511278 第 1 次 获取到号码【1939996】GSD
2021-07-29 06:28:02 未获取到号码【1939996】GSD，可能号码格式错误
2021-07-29 06:28:02 获取到号码【1939996】的GSD为【-】
2021-07-29 06:28:05 GSD insert 第 1 次 等待 3 秒
2021-07-29 06:28:08 {"status":"ok","gid":430721,"msg":"添加成功！"}
2021-07-29 06:28:08 下次操作: 2021-07-29 06:28:20

2021-07-29 06:28:20 开始第 5 次操作

2021-07-29 06:28:20 开始操作号码 【1939995】
2021-07-29 06:28:23 GSD getOne 第 1 次 等待 3 秒
2021-07-29 06:28:26 查询号码 【1939995】，返回信息 {"status":"bad","msg":""}
2021-07-29 06:28:26 查询号码 【1939995】，GSD为【""】
2021-07-29 06:28:26 bad
2021-07-29 06:28:27 CHB 1939995?1627511306 第 1 次 等待 3 秒
2021-07-29 06:28:30 CHB 1939995?1627511306 第 1 次 获取到号码【1939995】GSD
2021-07-29 06:28:30 未获取到号码【1939995】GSD，可能号码格式错误
2021-07-29 06:28:30 获取到号码【1939995】的GSD为【-】
2021-07-29 06:28:33 GSD insert 第 1 次 等待 3 秒
2021-07-29 06:28:36 {"status":"ok","gid":430723,"msg":"添加成功！"}
2021-07-29 06:28:36 下次操作: 2021-07-29 06:28:50

2021-07-29 06:28:50 开始第 6 次操作

2021-07-29 06:28:50 开始操作号码 【1939994】
2021-07-29 06:28:53 GSD getOne 第 1 次 等待 3 秒
2021-07-29 06:28:56 查询号码 【1939994】，返回信息 {"status":"bad","msg":""}
2021-07-29 06:28:56 查询号码 【1939994】，GSD为【""】
2021-07-29 06:28:56 bad
2021-07-29 06:28:57 CHB 1939994?1627511336 第 1 次 等待 3 秒
2021-07-29 06:29:00 CHB 1939994?1627511336 第 1 次 获取到号码【1939994】GSD
2021-07-29 06:29:01 未获取到号码【1939994】GSD，可能号码格式错误
2021-07-29 06:29:01 获取到号码【1939994】的GSD为【-】
2021-07-29 06:29:03 GSD insert 第 1 次 等待 3 秒
2021-07-29 06:29:06 {"status":"ok","gid":430725,"msg":"添加成功！"}
2021-07-29 06:29:06 下次操作: 2021-07-29 06:29:29

2021-07-29 06:29:29 开始第 7 次操作

2021-07-29 06:29:29 开始操作号码 【1939993】
2021-07-29 06:29:32 GSD getOne 第 1 次 等待 3 秒
2021-07-29 06:29:35 查询号码 【1939993】，返回信息 {"status":"bad","msg":""}
2021-07-29 06:29:35 查询号码 【1939993】，GSD为【""】
2021-07-29 06:29:35 bad
2021-07-29 06:29:37 CHB 1939993?1627511375 第 1 次 等待 3 秒
2021-07-29 06:29:40 CHB 1939993?1627511375 第 1 次 获取到号码【1939993】GSD
2021-07-29 06:29:40 未获取到号码【1939993】GSD，可能号码格式错误
2021-07-29 06:29:40 获取到号码【1939993】的GSD为【-】
2021-07-29 06:29:42 GSD insert 第 1 次 等待 3 秒
2021-07-29 06:29:45 {"status":"ok","gid":430728,"msg":"添加成功！"}
2021-07-29 06:29:45 下次操作: 2021-07-29 06:29:58

2021-07-29 06:29:58 开始第 8 次操作

2021-07-29 06:29:58 开始操作号码 【1939992】
2021-07-29 06:30:01 GSD getOne 第 1 次 等待 3 秒
2021-07-29 06:30:04 查询号码 【1939992】，返回信息 {"status":"bad","msg":""}
2021-07-29 06:30:04 查询号码 【1939992】，GSD为【""】
2021-07-29 06:30:04 bad
2021-07-29 06:30:06 CHB 1939992?1627511404 第 1 次 等待 3 秒
2021-07-29 06:30:09 CHB 1939992?1627511404 第 1 次 获取到号码【1939992】GSD
2021-07-29 06:30:09 未获取到号码【1939992】GSD，可能号码格式错误
2021-07-29 06:30:09 获取到号码【1939992】的GSD为【-】
2021-07-29 06:30:11 GSD insert 第 1 次 等待 3 秒
2021-07-29 06:30:14 {"status":"ok","gid":430730,"msg":"添加成功！"}
2021-07-29 06:30:14 下次操作: 2021-07-29 06:30:26

2021-07-29 06:30:26 开始第 9 次操作

2021-07-29 06:30:26 开始操作号码 【1939991】
2021-07-29 06:30:29 GSD getOne 第 1 次 等待 3 秒
2021-07-29 06:30:32 查询号码 【1939991】，返回信息 {"status":"bad","msg":""}
2021-07-29 06:30:32 查询号码 【1939991】，GSD为【""】
2021-07-29 06:30:32 bad
2021-07-29 06:30:34 CHB 1939991?1627511432 第 1 次 等待 3 秒
2021-07-29 06:30:37 CHB 1939991?1627511432 第 1 次 获取到号码【1939991】GSD
2021-07-29 06:30:37 未获取到号码【1939991】GSD，可能号码格式错误
2021-07-29 06:30:37 获取到号码【1939991】的GSD为【-】
2021-07-29 06:30:40 GSD insert 第 1 次 等待 3 秒
2021-07-29 06:30:43 {"status":"ok","gid":430733,"msg":"添加成功！"}
2021-07-29 06:30:43 下次操作: 2021-07-29 06:31:00

2021-07-29 06:31:00 开始第 10 次操作

2021-07-29 06:31:00 开始操作号码 【1939990】
2021-07-29 06:31:02 GSD getOne 第 1 次 等待 3 秒
2021-07-29 06:31:05 查询号码 【1939990】，返回信息 {"status":"bad","msg":""}
2021-07-29 06:31:05 查询号码 【1939990】，GSD为【""】
2021-07-29 06:31:05 bad
2021-07-29 06:31:07 CHB 1939990?1627511465 第 1 次 等待 3 秒
2021-07-29 06:31:10 CHB 1939990?1627511465 第 1 次 获取到号码【1939990】GSD
2021-07-29 06:31:10 未获取到号码【1939990】GSD，可能号码格式错误
2021-07-29 06:31:10 获取到号码【1939990】的GSD为【-】
2021-07-29 06:31:13 GSD insert 第 1 次 等待 3 秒
2021-07-29 06:31:16 {"status":"ok","gid":430738,"msg":"添加成功！"}
2021-07-29 06:31:16 下次操作: 2021-07-29 06:31:38

2021-07-29 06:31:38 开始第 11 次操作

2021-07-29 06:31:38 开始操作号码 【1939989】
2021-07-29 06:31:40 GSD getOne 第 1 次 等待 3 秒
2021-07-29 06:31:43 查询号码 【1939989】，返回信息 {"status":"bad","msg":""}
2021-07-29 06:31:44 查询号码 【1939989】，GSD为【""】
2021-07-29 06:31:44 bad
2021-07-29 06:31:45 CHB 1939989?1627511504 第 1 次 等待 3 秒
2021-07-29 06:31:48 CHB 1939989?1627511504 第 1 次 获取到号码【1939989】GSD
2021-07-29 06:31:48 未获取到号码【1939989】GSD，可能号码格式错误
2021-07-29 06:31:48 获取到号码【1939989】的GSD为【-】
2021-07-29 06:31:51 GSD insert 第 1 次 等待 3 秒
2021-07-29 06:31:54 {"status":"ok","gid":430741,"msg":"添加成功！"}
2021-07-29 06:31:54 下次操作: 2021-07-29 06:32:10

2021-07-29 06:32:10 开始第 12 次操作

2021-07-29 06:32:10 开始操作号码 【1939988】
2021-07-29 06:32:13 GSD getOne 第 1 次 等待 3 秒
2021-07-29 06:32:16 查询号码 【1939988】，返回信息 {"status":"bad","msg":""}
2021-07-29 06:32:16 查询号码 【1939988】，GSD为【""】
2021-07-29 06:32:16 bad
2021-07-29 06:32:17 CHB 1939988?1627511536 第 1 次 等待 3 秒
2021-07-29 06:32:20 CHB 1939988?1627511536 第 1 次 获取到号码【1939988】GSD
2021-07-29 06:32:20 未获取到号码【1939988】GSD，可能号码格式错误
2021-07-29 06:32:20 获取到号码【1939988】的GSD为【-】
2021-07-29 06:32:23 GSD insert 第 1 次 等待 3 秒
2021-07-29 06:32:26 {"status":"ok","gid":430745,"msg":"添加成功！"}
2021-07-29 06:32:26 下次操作: 2021-07-29 06:32:45

2021-07-29 06:32:45 开始第 13 次操作

2021-07-29 06:32:45 开始操作号码 【1939987】
2021-07-29 06:32:48 GSD getOne 第 1 次 等待 3 秒
2021-07-29 06:32:51 查询号码 【1939987】，返回信息 {"status":"bad","msg":""}
2021-07-29 06:32:51 查询号码 【1939987】，GSD为【""】
2021-07-29 06:32:51 bad
2021-07-29 06:32:53 CHB 1939987?1627511571 第 1 次 等待 3 秒
2021-07-29 06:32:56 CHB 1939987?1627511571 第 1 次 获取到号码【1939987】GSD
2021-07-29 06:32:56 未获取到号码【1939987】GSD，可能号码格式错误
2021-07-29 06:32:56 获取到号码【1939987】的GSD为【-】
2021-07-29 06:32:58 GSD insert 第 1 次 等待 3 秒
2021-07-29 06:33:01 {"status":"ok","gid":430750,"msg":"添加成功！"}
2021-07-29 06:33:01 下次操作: 2021-07-29 06:33:14

2021-07-29 06:33:14 开始第 14 次操作

2021-07-29 06:33:14 开始操作号码 【1939986】
2021-07-29 06:33:17 GSD getOne 第 1 次 等待 3 秒
2021-07-29 06:33:20 查询号码 【1939986】，返回信息 {"status":"bad","msg":""}
2021-07-29 06:33:20 查询号码 【1939986】，GSD为【""】
2021-07-29 06:33:20 bad
2021-07-29 06:33:22 CHB 1939986?1627511600 第 1 次 等待 3 秒
2021-07-29 06:33:25 CHB 1939986?1627511600 第 1 次 获取到号码【1939986】GSD
2021-07-29 06:33:25 未获取到号码【1939986】GSD，可能号码格式错误
2021-07-29 06:33:25 获取到号码【1939986】的GSD为【-】
2021-07-29 06:33:28 GSD insert 第 1 次 等待 3 秒
2021-07-29 06:33:31 {"status":"ok","gid":430754,"msg":"添加成功！"}
2021-07-29 06:33:31 下次操作: 2021-07-29 06:33:48

2021-07-29 06:33:48 开始第 15 次操作

2021-07-29 06:33:48 开始操作号码 【1939985】
2021-07-29 06:33:50 GSD getOne 第 1 次 等待 3 秒
2021-07-29 06:33:53 查询号码 【1939985】，返回信息 {"status":"bad","msg":""}
2021-07-29 06:33:53 查询号码 【1939985】，GSD为【""】
2021-07-29 06:33:53 bad
2021-07-29 06:33:55 CHB 1939985?1627511633 第 1 次 等待 3 秒
2021-07-29 06:33:58 CHB 1939985?1627511633 第 1 次 获取到号码【1939985】GSD
2021-07-29 06:33:58 未获取到号码【1939985】GSD，可能号码格式错误
2021-07-29 06:33:58 获取到号码【1939985】的GSD为【-】
2021-07-29 06:34:01 GSD insert 第 1 次 等待 3 秒
2021-07-29 06:34:04 {"status":"ok","gid":430758,"msg":"添加成功！"}
2021-07-29 06:34:04 下次操作: 2021-07-29 06:34:17

2021-07-29 06:34:17 开始第 16 次操作

2021-07-29 06:34:17 开始操作号码 【1939984】
2021-07-29 06:34:20 GSD getOne 第 1 次 等待 3 秒
2021-07-29 06:34:23 查询号码 【1939984】，返回信息 {"status":"bad","msg":""}
2021-07-29 06:34:23 查询号码 【1939984】，GSD为【""】
2021-07-29 06:34:23 bad
2021-07-29 06:34:24 CHB 1939984?1627511663 第 1 次 等待 3 秒
2021-07-29 06:34:27 CHB 1939984?1627511663 第 1 次 获取到号码【1939984】GSD
2021-07-29 06:34:27 未获取到号码【1939984】GSD，可能号码格式错误
2021-07-29 06:34:27 获取到号码【1939984】的GSD为【-】
2021-07-29 06:34:30 GSD insert 第 1 次 等待 3 秒
2021-07-29 06:34:33 {"status":"ok","gid":430762,"msg":"添加成功！"}
2021-07-29 06:34:33 下次操作: 2021-07-29 06:34:50

2021-07-29 06:34:50 开始第 17 次操作

2021-07-29 06:34:50 开始操作号码 【1939983】
2021-07-29 06:34:53 GSD getOne 第 1 次 等待 3 秒
2021-07-29 06:34:56 查询号码 【1939983】，返回信息 {"status":"bad","msg":""}
2021-07-29 06:34:56 查询号码 【1939983】，GSD为【""】
2021-07-29 06:34:56 bad
2021-07-29 06:34:57 CHB 1939983?1627511696 第 1 次 等待 3 秒
2021-07-29 06:35:00 CHB 1939983?1627511696 第 1 次 获取到号码【1939983】GSD
2021-07-29 06:35:00 未获取到号码【1939983】GSD，可能号码格式错误
2021-07-29 06:35:00 获取到号码【1939983】的GSD为【-】
2021-07-29 06:35:03 GSD insert 第 1 次 等待 3 秒
2021-07-29 06:35:06 {"status":"ok","gid":430764,"msg":"添加成功！"}
2021-07-29 06:35:06 下次操作: 2021-07-29 06:35:24

2021-07-29 06:35:24 开始第 18 次操作

2021-07-29 06:35:24 开始操作号码 【1939982】
2021-07-29 06:35:27 GSD getOne 第 1 次 等待 3 秒
2021-07-29 06:35:30 查询号码 【1939982】，返回信息 {"status":"bad","msg":""}
2021-07-29 06:35:30 查询号码 【1939982】，GSD为【""】
2021-07-29 06:35:30 bad
2021-07-29 06:35:32 CHB 1939982?1627511730 第 1 次 等待 3 秒
2021-07-29 06:35:35 CHB 1939982?1627511730 第 1 次 获取到号码【1939982】GSD
2021-07-29 06:35:35 未获取到号码【1939982】GSD，可能号码格式错误
2021-07-29 06:35:35 获取到号码【1939982】的GSD为【-】
2021-07-29 06:35:37 GSD insert 第 1 次 等待 3 秒
2021-07-29 06:35:40 {"status":"ok","gid":430771,"msg":"添加成功！"}
2021-07-29 06:35:40 下次操作: 2021-07-29 06:35:57

2021-07-29 06:35:57 开始第 19 次操作

2021-07-29 06:35:57 开始操作号码 【1939981】
2021-07-29 06:36:00 GSD getOne 第 1 次 等待 3 秒
2021-07-29 06:36:03 查询号码 【1939981】，返回信息 {"status":"bad","msg":""}
2021-07-29 06:36:03 查询号码 【1939981】，GSD为【""】
2021-07-29 06:36:03 bad
2021-07-29 06:36:05 CHB 1939981?1627511763 第 1 次 等待 3 秒
2021-07-29 06:36:08 CHB 1939981?1627511763 第 1 次 获取到号码【1939981】GSD
2021-07-29 06:36:08 未获取到号码【1939981】GSD，可能号码格式错误
2021-07-29 06:36:08 获取到号码【1939981】的GSD为【-】
2021-07-29 06:36:12 GSD insert 第 1 次 等待 3 秒
2021-07-29 06:36:15 {"status":"ok","gid":430777,"msg":"添加成功！"}
2021-07-29 06:36:15 下次操作: 2021-07-29 06:36:29

2021-07-29 06:36:29 开始第 20 次操作

2021-07-29 06:36:29 开始操作号码 【1939980】
2021-07-29 06:36:32 GSD getOne 第 1 次 等待 3 秒
2021-07-29 06:36:35 查询号码 【1939980】，返回信息 {"status":"bad","msg":""}
2021-07-29 06:36:35 查询号码 【1939980】，GSD为【""】
2021-07-29 06:36:35 bad
2021-07-29 06:36:37 CHB 1939980?1627511795 第 1 次 等待 3 秒
2021-07-29 06:36:40 CHB 1939980?1627511795 第 1 次 获取到号码【1939980】GSD
2021-07-29 06:36:40 未获取到号码【1939980】GSD，可能号码格式错误
2021-07-29 06:36:40 获取到号码【1939980】的GSD为【-】
2021-07-29 06:36:43 GSD insert 第 1 次 等待 3 秒
2021-07-29 06:36:46 {"status":"ok","gid":430785,"msg":"添加成功！"}
2021-07-29 06:36:46 下次操作: 2021-07-29 06:36:59

2021-07-29 06:36:59 开始第 21 次操作

2021-07-29 06:36:59 开始操作号码 【1939979】
2021-07-29 06:37:02 GSD getOne 第 1 次 等待 3 秒
2021-07-29 06:37:05 查询号码 【1939979】，返回信息 {"status":"bad","msg":""}
2021-07-29 06:37:05 查询号码 【1939979】，GSD为【""】
2021-07-29 06:37:05 bad
2021-07-29 06:37:06 CHB 1939979?1627511825 第 1 次 等待 3 秒
2021-07-29 06:37:09 CHB 1939979?1627511825 第 1 次 获取到号码【1939979】GSD
2021-07-29 06:37:09 获取到号码【1939979】的GSD为【新疆-伊犁】
2021-07-29 06:37:12 GSD insert 第 1 次 等待 3 秒
2021-07-29 06:37:15 {"status":"ok","gid":430790,"msg":"添加成功！"}
2021-07-29 06:37:15 下次操作: 2021-07-29 06:37:39

2021-07-29 06:37:39 开始第 22 次操作

2021-07-29 06:37:39 开始操作号码 【1939978】
2021-07-29 06:37:42 GSD getOne 第 1 次 等待 3 秒
2021-07-29 06:37:45 查询号码 【1939978】，返回信息 {"status":"bad","msg":""}
2021-07-29 06:37:45 查询号码 【1939978】，GSD为【""】
2021-07-29 06:37:45 bad
2021-07-29 06:37:47 CHB 1939978?1627511865 第 1 次 等待 3 秒
2021-07-29 06:37:50 CHB 1939978?1627511865 第 1 次 获取到号码【1939978】GSD
2021-07-29 06:37:50 获取到号码【1939978】的GSD为【新疆-喀什】
2021-07-29 06:37:52 GSD insert 第 1 次 等待 3 秒
2021-07-29 06:37:55 {"status":"ok","gid":430797,"msg":"添加成功！"}
2021-07-29 06:37:55 下次操作: 2021-07-29 06:38:09

2021-07-29 06:38:09 开始第 23 次操作

2021-07-29 06:38:10 开始操作号码 【1939977】
2021-07-29 06:38:12 GSD getOne 第 1 次 等待 3 秒
2021-07-29 06:38:15 查询号码 【1939977】，返回信息 {"status":"bad","msg":""}
2021-07-29 06:38:15 查询号码 【1939977】，GSD为【""】
2021-07-29 06:38:15 bad
2021-07-29 06:38:17 CHB 1939977?1627511895 第 1 次 等待 3 秒
2021-07-29 06:38:20 CHB 1939977?1627511895 第 1 次 获取到号码【1939977】GSD
2021-07-29 06:38:20 获取到号码【1939977】的GSD为【新疆-阿克苏】
2021-07-29 06:38:23 GSD insert 第 1 次 等待 3 秒
2021-07-29 06:38:26 {"status":"ok","gid":430806,"msg":"添加成功！"}
2021-07-29 06:38:26 下次操作: 2021-07-29 06:38:47

2021-07-29 06:38:47 开始第 24 次操作

2021-07-29 06:38:47 开始操作号码 【1939976】
2021-07-29 06:38:50 GSD getOne 第 1 次 等待 3 秒
2021-07-29 06:38:53 查询号码 【1939976】，返回信息 {"status":"bad","msg":""}
2021-07-29 06:38:53 查询号码 【1939976】，GSD为【""】
2021-07-29 06:38:53 bad
2021-07-29 06:38:54 CHB 1939976?1627511933 第 1 次 等待 3 秒
2021-07-29 06:38:57 CHB 1939976?1627511933 第 1 次 获取到号码【1939976】GSD
2021-07-29 06:38:58 获取到号码【1939976】的GSD为【新疆-阿克苏】
2021-07-29 06:39:00 GSD insert 第 1 次 等待 3 秒
2021-07-29 06:39:03 {"status":"ok","gid":430816,"msg":"添加成功！"}
2021-07-29 06:39:03 下次操作: 2021-07-29 06:39:21

2021-07-29 06:39:21 开始第 25 次操作

2021-07-29 06:39:21 开始操作号码 【1939975】
2021-07-29 06:39:24 GSD getOne 第 1 次 等待 3 秒
2021-07-29 06:39:27 查询号码 【1939975】，返回信息 {"status":"bad","msg":""}
2021-07-29 06:39:27 查询号码 【1939975】，GSD为【""】
2021-07-29 06:39:27 bad
2021-07-29 06:39:29 CHB 1939975?1627511967 第 1 次 等待 3 秒
2021-07-29 06:39:32 CHB 1939975?1627511967 第 1 次 获取到号码【1939975】GSD
2021-07-29 06:39:32 获取到号码【1939975】的GSD为【新疆-阿克苏】
2021-07-29 06:39:34 GSD insert 第 1 次 等待 3 秒
2021-07-29 06:39:37 {"status":"ok","gid":430825,"msg":"添加成功！"}
2021-07-29 06:39:38 下次操作: 2021-07-29 06:39:53

2021-07-29 06:39:53 开始第 26 次操作

2021-07-29 06:39:53 开始操作号码 【1939974】
2021-07-29 06:39:55 GSD getOne 第 1 次 等待 3 秒
2021-07-29 06:39:58 查询号码 【1939974】，返回信息 {"status":"bad","msg":""}
2021-07-29 06:39:58 查询号码 【1939974】，GSD为【""】
2021-07-29 06:39:58 bad
2021-07-29 06:40:00 CHB 1939974?1627511998 第 1 次 等待 3 秒
2021-07-29 06:40:03 CHB 1939974?1627511998 第 1 次 获取到号码【1939974】GSD
2021-07-29 06:40:03 获取到号码【1939974】的GSD为【新疆-阿克苏】
2021-07-29 06:40:06 GSD insert 第 1 次 等待 3 秒
2021-07-29 06:40:09 {"status":"ok","gid":430835,"msg":"添加成功！"}
2021-07-29 06:40:09 下次操作: 2021-07-29 06:40:21

2021-07-29 06:40:21 开始第 27 次操作

2021-07-29 06:40:21 开始操作号码 【1939973】
2021-07-29 06:40:23 GSD getOne 第 1 次 等待 3 秒
2021-07-29 06:40:26 查询号码 【1939973】，返回信息 {"status":"bad","msg":""}
2021-07-29 06:40:27 查询号码 【1939973】，GSD为【""】
2021-07-29 06:40:27 bad
2021-07-29 06:40:28 CHB 1939973?1627512027 第 1 次 等待 3 秒
2021-07-29 06:40:31 CHB 1939973?1627512027 第 1 次 获取到号码【1939973】GSD
2021-07-29 06:40:31 获取到号码【1939973】的GSD为【新疆-阿克苏】
2021-07-29 06:40:34 GSD insert 第 1 次 等待 3 秒
2021-07-29 06:40:37 {"status":"ok","gid":430841,"msg":"添加成功！"}
2021-07-29 06:40:37 下次操作: 2021-07-29 06:40:54

2021-07-29 06:40:54 开始第 28 次操作

2021-07-29 06:40:54 开始操作号码 【1939972】
2021-07-29 06:40:57 GSD getOne 第 1 次 等待 3 秒
2021-07-29 06:41:00 查询号码 【1939972】，返回信息 {"status":"bad","msg":""}
2021-07-29 06:41:00 查询号码 【1939972】，GSD为【""】
2021-07-29 06:41:00 bad
2021-07-29 06:41:01 CHB 1939972?1627512060 第 1 次 等待 3 秒
2021-07-29 06:41:04 CHB 1939972?1627512060 第 1 次 获取到号码【1939972】GSD
2021-07-29 06:41:04 获取到号码【1939972】的GSD为【新疆-阿克苏】
2021-07-29 06:41:07 GSD insert 第 1 次 等待 3 秒
2021-07-29 06:41:10 {"status":"ok","gid":430852,"msg":"添加成功！"}
2021-07-29 06:41:10 下次操作: 2021-07-29 06:41:34

2021-07-29 06:41:34 开始第 29 次操作

2021-07-29 06:41:34 开始操作号码 【1939971】
2021-07-29 06:41:37 GSD getOne 第 1 次 等待 3 秒
2021-07-29 06:41:40 查询号码 【1939971】，返回信息 {"status":"bad","msg":""}
2021-07-29 06:41:40 查询号码 【1939971】，GSD为【""】
2021-07-29 06:41:40 bad
2021-07-29 06:41:41 CHB 1939971?1627512100 第 1 次 等待 3 秒
2021-07-29 06:41:44 CHB 1939971?1627512100 第 1 次 获取到号码【1939971】GSD
2021-07-29 06:41:44 获取到号码【1939971】的GSD为【新疆-阿克苏】
2021-07-29 06:41:47 GSD insert 第 1 次 等待 3 秒
2021-07-29 06:41:50 {"status":"ok","gid":430861,"msg":"添加成功！"}
2021-07-29 06:41:50 下次操作: 2021-07-29 06:42:04

2021-07-29 06:42:04 开始第 30 次操作

2021-07-29 06:42:04 开始操作号码 【1939970】
2021-07-29 06:42:07 GSD getOne 第 1 次 等待 3 秒
2021-07-29 06:42:10 查询号码 【1939970】，返回信息 {"status":"bad","msg":""}
2021-07-29 06:42:10 查询号码 【1939970】，GSD为【""】
2021-07-29 06:42:10 bad
2021-07-29 06:42:11 CHB 1939970?1627512130 第 1 次 等待 3 秒
2021-07-29 06:42:14 CHB 1939970?1627512130 第 1 次 获取到号码【1939970】GSD
2021-07-29 06:42:14 获取到号码【1939970】的GSD为【新疆-阿克苏】
2021-07-29 06:42:17 GSD insert 第 1 次 等待 3 秒
2021-07-29 06:42:20 {"status":"ok","gid":430870,"msg":"添加成功！"}
2021-07-29 06:42:20 下次操作: 2021-07-29 06:42:37

2021-07-29 06:42:37 开始第 31 次操作

2021-07-29 06:42:37 开始操作号码 【1939969】
2021-07-29 06:42:40 GSD getOne 第 1 次 等待 3 秒
2021-07-29 06:42:43 查询号码 【1939969】，返回信息 {"status":"bad","msg":""}
2021-07-29 06:42:43 查询号码 【1939969】，GSD为【""】
2021-07-29 06:42:43 bad
2021-07-29 06:42:45 CHB 1939969?1627512163 第 1 次 等待 3 秒
2021-07-29 06:42:48 CHB 1939969?1627512163 第 1 次 获取到号码【1939969】GSD
2021-07-29 06:42:48 未获取到号码【1939969】GSD，可能号码格式错误
2021-07-29 06:42:48 获取到号码【1939969】的GSD为【-】
2021-07-29 06:42:50 GSD insert 第 1 次 等待 3 秒
2021-07-29 06:42:53 {"status":"ok","gid":430878,"msg":"添加成功！"}
2021-07-29 06:42:53 下次操作: 2021-07-29 06:43:07

2021-07-29 06:43:07 开始第 32 次操作

2021-07-29 06:43:07 开始操作号码 【1939968】
2021-07-29 06:43:10 GSD getOne 第 1 次 等待 3 秒
2021-07-29 06:43:13 查询号码 【1939968】，返回信息 {"status":"bad","msg":""}
2021-07-29 06:43:13 查询号码 【1939968】，GSD为【""】
2021-07-29 06:43:13 bad
2021-07-29 06:43:15 CHB 1939968?1627512193 第 1 次 等待 3 秒
2021-07-29 06:43:18 CHB 1939968?1627512193 第 1 次 获取到号码【1939968】GSD
2021-07-29 06:43:18 未获取到号码【1939968】GSD，可能号码格式错误
2021-07-29 06:43:18 获取到号码【1939968】的GSD为【-】
2021-07-29 06:43:21 GSD insert 第 1 次 等待 3 秒
2021-07-29 06:43:24 {"status":"ok","gid":430886,"msg":"添加成功！"}
2021-07-29 06:43:24 下次操作: 2021-07-29 06:43:41

2021-07-29 06:43:41 开始第 33 次操作

2021-07-29 06:43:41 开始操作号码 【1939967】
2021-07-29 06:43:44 GSD getOne 第 1 次 等待 3 秒
2021-07-29 06:43:47 查询号码 【1939967】，返回信息 {"status":"bad","msg":""}
2021-07-29 06:43:47 查询号码 【1939967】，GSD为【""】
2021-07-29 06:43:47 bad
2021-07-29 06:43:48 CHB 1939967?1627512227 第 1 次 等待 3 秒
2021-07-29 06:43:51 CHB 1939967?1627512227 第 1 次 获取到号码【1939967】GSD
2021-07-29 06:43:51 未获取到号码【1939967】GSD，可能号码格式错误
2021-07-29 06:43:51 获取到号码【1939967】的GSD为【-】
2021-07-29 06:43:54 GSD insert 第 1 次 等待 3 秒
2021-07-29 06:43:57 {"status":"ok","gid":430894,"msg":"添加成功！"}
2021-07-29 06:43:57 下次操作: 2021-07-29 06:44:17

2021-07-29 06:44:17 开始第 34 次操作

2021-07-29 06:44:17 开始操作号码 【1939966】
2021-07-29 06:44:20 GSD getOne 第 1 次 等待 3 秒
2021-07-29 06:44:23 查询号码 【1939966】，返回信息 {"status":"bad","msg":""}
2021-07-29 06:44:23 查询号码 【1939966】，GSD为【""】
2021-07-29 06:44:23 bad
2021-07-29 06:44:24 CHB 1939966?1627512263 第 1 次 等待 3 秒
2021-07-29 06:44:27 CHB 1939966?1627512263 第 1 次 获取到号码【1939966】GSD
2021-07-29 06:44:27 未获取到号码【1939966】GSD，可能号码格式错误
2021-07-29 06:44:27 获取到号码【1939966】的GSD为【-】
2021-07-29 06:44:30 GSD insert 第 1 次 等待 3 秒
2021-07-29 06:44:33 {"status":"ok","gid":430903,"msg":"添加成功！"}
2021-07-29 06:44:33 下次操作: 2021-07-29 06:44:45

2021-07-29 06:44:45 开始第 35 次操作

2021-07-29 06:44:45 开始操作号码 【1939965】
2021-07-29 06:44:48 GSD getOne 第 1 次 等待 3 秒
2021-07-29 06:44:51 查询号码 【1939965】，返回信息 {"status":"bad","msg":""}
2021-07-29 06:44:51 查询号码 【1939965】，GSD为【""】
2021-07-29 06:44:51 bad
2021-07-29 06:44:52 CHB 1939965?1627512291 第 1 次 等待 3 秒
2021-07-29 06:44:55 CHB 1939965?1627512291 第 1 次 获取到号码【1939965】GSD
2021-07-29 06:44:55 未获取到号码【1939965】GSD，可能号码格式错误
2021-07-29 06:44:55 获取到号码【1939965】的GSD为【-】
2021-07-29 06:44:58 GSD insert 第 1 次 等待 3 秒
2021-07-29 06:45:01 {"status":"ok","gid":430909,"msg":"添加成功！"}
2021-07-29 06:45:01 下次操作: 2021-07-29 06:45:22

2021-07-29 06:45:22 开始第 36 次操作

2021-07-29 06:45:22 开始操作号码 【1939964】
2021-07-29 06:45:25 GSD getOne 第 1 次 等待 3 秒
2021-07-29 06:45:28 查询号码 【1939964】，返回信息 {"status":"bad","msg":""}
2021-07-29 06:45:28 查询号码 【1939964】，GSD为【""】
2021-07-29 06:45:28 bad
2021-07-29 06:45:30 CHB 1939964?1627512328 第 1 次 等待 3 秒
2021-07-29 06:45:33 CHB 1939964?1627512328 第 1 次 获取到号码【1939964】GSD
2021-07-29 06:45:33 未获取到号码【1939964】GSD，可能号码格式错误
2021-07-29 06:45:33 获取到号码【1939964】的GSD为【-】
2021-07-29 06:45:35 GSD insert 第 1 次 等待 3 秒
2021-07-29 06:45:38 {"status":"ok","gid":430921,"msg":"添加成功！"}
2021-07-29 06:45:38 下次操作: 2021-07-29 06:45:58

2021-07-29 06:45:58 开始第 37 次操作

2021-07-29 06:45:58 开始操作号码 【1939963】
2021-07-29 06:46:01 GSD getOne 第 1 次 等待 3 秒
2021-07-29 06:46:04 查询号码 【1939963】，返回信息 {"status":"bad","msg":""}
2021-07-29 06:46:04 查询号码 【1939963】，GSD为【""】
2021-07-29 06:46:04 bad
2021-07-29 06:46:06 CHB 1939963?1627512364 第 1 次 等待 3 秒
2021-07-29 06:46:09 CHB 1939963?1627512364 第 1 次 获取到号码【1939963】GSD
2021-07-29 06:46:09 未获取到号码【1939963】GSD，可能号码格式错误
2021-07-29 06:46:09 获取到号码【1939963】的GSD为【-】
2021-07-29 06:46:12 GSD insert 第 1 次 等待 3 秒
2021-07-29 06:46:15 {"status":"ok","gid":430930,"msg":"添加成功！"}
2021-07-29 06:46:15 下次操作: 2021-07-29 06:46:38

2021-07-29 06:46:38 开始第 38 次操作

2021-07-29 06:46:38 开始操作号码 【1939962】
2021-07-29 06:46:40 GSD getOne 第 1 次 等待 3 秒
2021-07-29 06:46:43 查询号码 【1939962】，返回信息 {"status":"bad","msg":""}
2021-07-29 06:46:44 查询号码 【1939962】，GSD为【""】
2021-07-29 06:46:44 bad
2021-07-29 06:46:45 CHB 1939962?1627512404 第 1 次 等待 3 秒
2021-07-29 06:46:48 CHB 1939962?1627512404 第 1 次 获取到号码【1939962】GSD
2021-07-29 06:46:48 未获取到号码【1939962】GSD，可能号码格式错误
2021-07-29 06:46:48 获取到号码【1939962】的GSD为【-】
2021-07-29 06:46:51 GSD insert 第 1 次 等待 3 秒
2021-07-29 06:46:54 {"status":"ok","gid":430940,"msg":"添加成功！"}
2021-07-29 06:46:54 下次操作: 2021-07-29 06:47:14

2021-07-29 06:47:14 开始第 39 次操作

2021-07-29 06:47:14 开始操作号码 【1939961】
2021-07-29 06:47:17 GSD getOne 第 1 次 等待 3 秒
2021-07-29 06:47:20 查询号码 【1939961】，返回信息 {"status":"bad","msg":""}
2021-07-29 06:47:20 查询号码 【1939961】，GSD为【""】
2021-07-29 06:47:20 bad
2021-07-29 06:47:21 CHB 1939961?1627512440 第 1 次 等待 3 秒
2021-07-29 06:47:24 CHB 1939961?1627512440 第 1 次 获取到号码【1939961】GSD
2021-07-29 06:47:24 未获取到号码【1939961】GSD，可能号码格式错误
2021-07-29 06:47:24 获取到号码【1939961】的GSD为【-】
2021-07-29 06:47:27 GSD insert 第 1 次 等待 3 秒
2021-07-29 06:47:30 {"status":"ok","gid":430954,"msg":"添加成功！"}
2021-07-29 06:47:30 下次操作: 2021-07-29 06:47:51

2021-07-29 06:47:51 开始第 40 次操作

2021-07-29 06:47:51 开始操作号码 【1939960】
2021-07-29 06:47:54 GSD getOne 第 1 次 等待 3 秒
2021-07-29 06:47:57 查询号码 【1939960】，返回信息 {"status":"bad","msg":""}
2021-07-29 06:47:57 查询号码 【1939960】，GSD为【""】
2021-07-29 06:47:57 bad
2021-07-29 06:47:59 CHB 1939960?1627512477 第 1 次 等待 3 秒
2021-07-29 06:48:02 CHB 1939960?1627512477 第 1 次 获取到号码【1939960】GSD
2021-07-29 06:48:02 未获取到号码【1939960】GSD，可能号码格式错误
2021-07-29 06:48:02 获取到号码【1939960】的GSD为【-】
2021-07-29 06:48:04 GSD insert 第 1 次 等待 3 秒
2021-07-29 06:48:07 {"status":"ok","gid":430963,"msg":"添加成功！"}

2021-07-29 07:42:21 开始第 1 次操作

2021-07-29 07:42:21 开始操作号码 【1939959】
2021-07-29 07:42:24 GSD getOne 第 1 次 等待 3 秒
2021-07-29 07:42:27 查询号码 【1939959】，返回信息 {"status":"ok","msg":"新疆-和田","gid":"431164","time_insert":"2021-07-29 07:07"}
2021-07-29 07:42:27 查询号码 【1939959】，GSD为【"新疆-和田"】

2021-07-29 07:42:27 开始第 1 次操作

2021-07-29 07:42:27 开始操作号码 【1939958】
2021-07-29 07:42:45 GSD getOne 第 1 次 等待 3 秒
2021-07-29 07:42:48 查询号码 【1939958】，返回信息 {"status":"ok","msg":"新疆-喀什","gid":"431171","time_insert":"2021-07-29 07:07"}
2021-07-29 07:42:48 查询号码 【1939958】，GSD为【"新疆-喀什"】

2021-07-29 07:42:48 开始第 1 次操作

2021-07-29 07:42:48 开始操作号码 【1939957】
2021-07-29 07:43:06 GSD getOne 第 1 次 等待 3 秒
2021-07-29 07:43:09 查询号码 【1939957】，返回信息 {"status":"ok","msg":"新疆-和田","gid":"431176","time_insert":"2021-07-29 07:08"}
2021-07-29 07:43:10 查询号码 【1939957】，GSD为【"新疆-和田"】

2021-07-29 07:43:10 开始第 1 次操作

2021-07-29 07:43:10 开始操作号码 【1939956】
2021-07-29 07:43:28 GSD getOne 第 1 次 等待 3 秒
2021-07-29 07:43:31 查询号码 【1939956】，返回信息 {"status":"ok","msg":"新疆-喀什","gid":"431182","time_insert":"2021-07-29 07:09"}
2021-07-29 07:43:31 查询号码 【1939956】，GSD为【"新疆-喀什"】

2021-07-29 07:43:31 开始第 1 次操作

2021-07-29 07:43:31 开始操作号码 【1939955】
2021-07-29 07:43:49 GSD getOne 第 1 次 等待 3 秒
2021-07-29 07:43:52 查询号码 【1939955】，返回信息 {"status":"ok","msg":"新疆-吐鲁番","gid":"431185","time_insert":"2021-07-29 07:10"}
2021-07-29 07:43:52 查询号码 【1939955】，GSD为【"新疆-吐鲁番"】

2021-07-29 07:43:52 开始第 1 次操作

2021-07-29 07:43:52 开始操作号码 【1939954】
2021-07-29 07:44:10 GSD getOne 第 1 次 等待 3 秒
2021-07-29 07:44:13 查询号码 【1939954】，返回信息 {"status":"ok","msg":"新疆-和田","gid":"431187","time_insert":"2021-07-29 07:11"}
2021-07-29 07:44:13 查询号码 【1939954】，GSD为【"新疆-和田"】

2021-07-29 07:44:13 开始第 1 次操作

2021-07-29 07:44:13 开始操作号码 【1939953】
2021-07-29 07:44:32 GSD getOne 第 1 次 等待 3 秒
2021-07-29 07:44:35 查询号码 【1939953】，返回信息 {"status":"ok","msg":"新疆-喀什","gid":"431189","time_insert":"2021-07-29 07:12"}
2021-07-29 07:44:35 查询号码 【1939953】，GSD为【"新疆-喀什"】

2021-07-29 07:44:35 开始第 1 次操作

2021-07-29 07:44:35 开始操作号码 【1939952】
2021-07-29 07:44:53 GSD getOne 第 1 次 等待 3 秒
2021-07-29 07:44:56 查询号码 【1939952】，返回信息 {"status":"ok","msg":"新疆-喀什","gid":"431192","time_insert":"2021-07-29 07:13"}
2021-07-29 07:44:56 查询号码 【1939952】，GSD为【"新疆-喀什"】

2021-07-29 07:44:56 开始第 1 次操作

2021-07-29 07:44:56 开始操作号码 【1939951】
2021-07-29 07:45:15 GSD getOne 第 1 次 等待 3 秒
2021-07-29 07:45:18 查询号码 【1939951】，返回信息 {"status":"ok","msg":"新疆-喀什","gid":"431195","time_insert":"2021-07-29 07:14"}
2021-07-29 07:45:18 查询号码 【1939951】，GSD为【"新疆-喀什"】

2021-07-29 07:45:18 开始第 1 次操作

2021-07-29 07:45:18 开始操作号码 【1939950】
2021-07-29 07:45:36 GSD getOne 第 1 次 等待 3 秒
2021-07-29 07:45:39 查询号码 【1939950】，返回信息 {"status":"ok","msg":"新疆-乌鲁木齐","gid":"431198","time_insert":"2021-07-29 07:14"}
2021-07-29 07:45:39 查询号码 【1939950】，GSD为【"新疆-乌鲁木齐"】

2021-07-29 07:45:39 开始第 1 次操作

2021-07-29 07:45:39 开始操作号码 【1939949】
2021-07-29 07:45:57 GSD getOne 第 1 次 等待 3 秒
2021-07-29 07:46:00 查询号码 【1939949】，返回信息 {"status":"bad","msg":""}
2021-07-29 07:46:00 查询号码 【1939949】，GSD为【""】
2021-07-29 07:46:00 bad
2021-07-29 07:46:02 CHB 1939949?1627515960 第 1 次 等待 3 秒
2021-07-29 07:46:05 CHB 1939949?1627515960 第 1 次 获取到号码【1939949】GSD
2021-07-29 07:46:05 获取到号码【1939949】的GSD为【新疆-伊犁】
2021-07-29 07:46:23 GSD insert 第 1 次 等待 3 秒
2021-07-29 07:46:26 {"status":"ok","gid":431351,"msg":"添加成功！"}
2021-07-29 07:46:26 下次操作: 2021-07-29 07:46:46

2021-07-29 07:46:46 开始第 2 次操作

2021-07-29 07:46:46 开始操作号码 【1939948】
2021-07-29 07:46:49 GSD getOne 第 1 次 等待 3 秒
2021-07-29 07:46:52 查询号码 【1939948】，返回信息 {"status":"bad","msg":""}
2021-07-29 07:46:52 查询号码 【1939948】，GSD为【""】
2021-07-29 07:46:52 bad
2021-07-29 07:46:54 CHB 1939948?1627516012 第 1 次 等待 3 秒
2021-07-29 07:46:57 CHB 1939948?1627516012 第 1 次 获取到号码【1939948】GSD
2021-07-29 07:46:57 获取到号码【1939948】的GSD为【新疆-喀什】
2021-07-29 07:47:15 GSD insert 第 1 次 等待 3 秒
2021-07-29 07:47:18 {"status":"ok","gid":431365,"msg":"添加成功！"}
2021-07-29 07:47:18 下次操作: 2021-07-29 07:47:31

2021-07-29 07:47:31 开始第 3 次操作

2021-07-29 07:47:31 开始操作号码 【1939947】
2021-07-29 07:47:37 GSD getOne 第 1 次 等待 3 秒
2021-07-29 07:47:40 查询号码 【1939947】，返回信息 {"status":"bad","msg":""}
2021-07-29 07:47:40 查询号码 【1939947】，GSD为【""】
2021-07-29 07:47:40 bad
2021-07-29 07:47:42 CHB 1939947?1627516060 第 1 次 等待 3 秒
2021-07-29 07:47:45 CHB 1939947?1627516060 第 1 次 获取到号码【1939947】GSD
2021-07-29 07:47:45 获取到号码【1939947】的GSD为【新疆-喀什】
2021-07-29 07:48:04 GSD insert 第 1 次 等待 3 秒
2021-07-29 07:48:07 {"status":"ok","gid":431377,"msg":"添加成功！"}
2021-07-29 07:48:07 下次操作: 2021-07-29 07:48:27

2021-07-29 07:48:27 开始第 4 次操作

2021-07-29 07:48:27 开始操作号码 【1939946】
2021-07-29 07:48:30 GSD getOne 第 1 次 等待 3 秒
2021-07-29 07:48:33 查询号码 【1939946】，返回信息 {"status":"bad","msg":""}
2021-07-29 07:48:33 查询号码 【1939946】，GSD为【""】
2021-07-29 07:48:33 bad
2021-07-29 07:48:34 CHB 1939946?1627516113 第 1 次 等待 3 秒
2021-07-29 07:48:37 CHB 1939946?1627516113 第 1 次 获取到号码【1939946】GSD
2021-07-29 07:48:37 获取到号码【1939946】的GSD为【新疆-喀什】
2021-07-29 07:48:56 GSD insert 第 1 次 等待 3 秒
2021-07-29 07:48:59 {"status":"ok","gid":431394,"msg":"添加成功！"}
2021-07-29 07:48:59 下次操作: 2021-07-29 07:49:23

2021-07-29 07:49:23 开始第 5 次操作

2021-07-29 07:49:23 开始操作号码 【1939945】
2021-07-29 07:49:26 GSD getOne 第 1 次 等待 3 秒
2021-07-29 07:49:29 查询号码 【1939945】，返回信息 {"status":"bad","msg":""}
2021-07-29 07:49:29 查询号码 【1939945】，GSD为【""】
2021-07-29 07:49:29 bad
2021-07-29 07:49:30 CHB 1939945?1627516169 第 1 次 等待 3 秒
2021-07-29 07:49:33 CHB 1939945?1627516169 第 1 次 获取到号码【1939945】GSD
2021-07-29 07:49:33 获取到号码【1939945】的GSD为【新疆-喀什】
2021-07-29 07:49:52 GSD insert 第 1 次 等待 3 秒
2021-07-29 07:49:55 {"status":"ok","gid":431409,"msg":"添加成功！"}
2021-07-29 07:49:55 下次操作: 2021-07-29 07:50:19

2021-07-29 07:50:19 开始第 6 次操作

2021-07-29 07:50:19 开始操作号码 【1939944】
2021-07-29 07:50:21 GSD getOne 第 1 次 等待 3 秒
2021-07-29 07:50:24 查询号码 【1939944】，返回信息 {"status":"bad","msg":""}
2021-07-29 07:50:24 查询号码 【1939944】，GSD为【""】
2021-07-29 07:50:24 bad
2021-07-29 07:50:26 CHB 1939944?1627516224 第 1 次 等待 3 秒
2021-07-29 07:50:29 CHB 1939944?1627516224 第 1 次 获取到号码【1939944】GSD
2021-07-29 07:50:29 获取到号码【1939944】的GSD为【新疆-乌鲁木齐】
2021-07-29 07:50:48 GSD insert 第 1 次 等待 3 秒
2021-07-29 07:50:51 {"status":"ok","gid":431426,"msg":"添加成功！"}
2021-07-29 07:50:51 下次操作: 2021-07-29 07:51:13

2021-07-29 07:51:13 开始第 7 次操作

2021-07-29 07:51:13 开始操作号码 【1939943】
2021-07-29 07:51:16 GSD getOne 第 1 次 等待 3 秒
2021-07-29 07:51:19 查询号码 【1939943】，返回信息 {"status":"bad","msg":""}
2021-07-29 07:51:19 查询号码 【1939943】，GSD为【""】
2021-07-29 07:51:19 bad
2021-07-29 07:51:20 CHB 1939943?1627516279 第 1 次 等待 3 秒
2021-07-29 07:51:23 CHB 1939943?1627516279 第 1 次 获取到号码【1939943】GSD
2021-07-29 07:51:24 获取到号码【1939943】的GSD为【新疆-喀什】
2021-07-29 07:51:42 GSD insert 第 1 次 等待 3 秒
2021-07-29 07:51:45 {"status":"ok","gid":431441,"msg":"添加成功！"}
2021-07-29 07:51:45 下次操作: 2021-07-29 07:52:02

2021-07-29 07:52:02 开始第 8 次操作

2021-07-29 07:52:02 开始操作号码 【1939942】
2021-07-29 07:52:05 GSD getOne 第 1 次 等待 3 秒
2021-07-29 07:52:08 查询号码 【1939942】，返回信息 {"status":"bad","msg":""}
2021-07-29 07:52:08 查询号码 【1939942】，GSD为【""】
2021-07-29 07:52:08 bad
2021-07-29 07:52:09 CHB 1939942?1627516328 第 1 次 等待 3 秒
2021-07-29 07:52:12 CHB 1939942?1627516328 第 1 次 获取到号码【1939942】GSD
2021-07-29 07:52:12 获取到号码【1939942】的GSD为【新疆-克孜勒苏】
2021-07-29 07:52:31 GSD insert 第 1 次 等待 3 秒
2021-07-29 07:52:34 {"status":"ok","gid":431453,"msg":"添加成功！"}
2021-07-29 07:52:34 下次操作: 2021-07-29 07:52:47

2021-07-29 07:52:47 开始第 9 次操作

2021-07-29 07:52:47 开始操作号码 【1939941】
2021-07-29 07:52:53 GSD getOne 第 1 次 等待 3 秒
2021-07-29 07:52:56 查询号码 【1939941】，返回信息 {"status":"bad","msg":""}
2021-07-29 07:52:56 查询号码 【1939941】，GSD为【""】
2021-07-29 07:52:56 bad
2021-07-29 07:52:58 CHB 1939941?1627516376 第 1 次 等待 3 秒
2021-07-29 07:53:01 CHB 1939941?1627516376 第 1 次 获取到号码【1939941】GSD
2021-07-29 07:53:01 获取到号码【1939941】的GSD为【新疆-克孜勒苏】
2021-07-29 07:53:19 GSD insert 第 1 次 等待 3 秒
2021-07-29 07:53:22 {"status":"ok","gid":431467,"msg":"添加成功！"}
2021-07-29 07:53:22 下次操作: 2021-07-29 07:53:36

2021-07-29 07:53:36 开始第 10 次操作

2021-07-29 07:53:36 开始操作号码 【1939940】
2021-07-29 07:53:40 GSD getOne 第 1 次 等待 3 秒
2021-07-29 07:53:43 查询号码 【1939940】，返回信息 {"status":"bad","msg":""}
2021-07-29 07:53:43 查询号码 【1939940】，GSD为【""】
2021-07-29 07:53:43 bad
2021-07-29 07:53:45 CHB 1939940?1627516423 第 1 次 等待 3 秒
2021-07-29 07:53:48 CHB 1939940?1627516423 第 1 次 获取到号码【1939940】GSD
2021-07-29 07:53:48 获取到号码【1939940】的GSD为【新疆-喀什】
2021-07-29 07:54:06 GSD insert 第 1 次 等待 3 秒
2021-07-29 07:54:09 {"status":"ok","gid":431480,"msg":"添加成功！"}
2021-07-29 07:54:09 下次操作: 2021-07-29 07:54:24

2021-07-29 07:54:24 开始第 11 次操作

2021-07-29 07:54:24 开始操作号码 【1939939】
2021-07-29 07:54:27 GSD getOne 第 1 次 等待 3 秒
2021-07-29 07:54:30 查询号码 【1939939】，返回信息 {"status":"bad","msg":""}
2021-07-29 07:54:30 查询号码 【1939939】，GSD为【""】
2021-07-29 07:54:30 bad
2021-07-29 07:54:32 CHB 1939939?1627516470 第 1 次 等待 3 秒
2021-07-29 07:54:35 CHB 1939939?1627516470 第 1 次 获取到号码【1939939】GSD
2021-07-29 07:54:35 未获取到号码【1939939】GSD，可能号码格式错误
2021-07-29 07:54:35 获取到号码【1939939】的GSD为【-】
2021-07-29 07:54:53 GSD insert 第 1 次 等待 3 秒
2021-07-29 07:54:56 {"status":"ok","gid":431493,"msg":"添加成功！"}
2021-07-29 07:54:56 下次操作: 2021-07-29 07:55:12

2021-07-29 07:55:12 开始第 12 次操作

2021-07-29 07:55:12 开始操作号码 【1939938】
2021-07-29 07:55:15 GSD getOne 第 1 次 等待 3 秒
2021-07-29 07:55:18 查询号码 【1939938】，返回信息 {"status":"bad","msg":""}
2021-07-29 07:55:18 查询号码 【1939938】，GSD为【""】
2021-07-29 07:55:18 bad
2021-07-29 07:55:20 CHB 1939938?1627516518 第 1 次 等待 3 秒
2021-07-29 07:55:23 CHB 1939938?1627516518 第 1 次 获取到号码【1939938】GSD
2021-07-29 07:55:23 未获取到号码【1939938】GSD，可能号码格式错误
2021-07-29 07:55:23 获取到号码【1939938】的GSD为【-】
2021-07-29 07:55:42 GSD insert 第 1 次 等待 3 秒
2021-07-29 07:55:45 {"status":"ok","gid":431508,"msg":"添加成功！"}
2021-07-29 07:55:46 下次操作: 2021-07-29 07:56:05

2021-07-29 07:56:05 开始第 13 次操作

2021-07-29 07:56:05 开始操作号码 【1939937】
2021-07-29 07:56:07 GSD getOne 第 1 次 等待 3 秒
2021-07-29 07:56:10 查询号码 【1939937】，返回信息 {"status":"bad","msg":""}
2021-07-29 07:56:10 查询号码 【1939937】，GSD为【""】
2021-07-29 07:56:11 bad
2021-07-29 07:56:12 CHB 1939937?1627516571 第 1 次 等待 3 秒
2021-07-29 07:56:15 CHB 1939937?1627516571 第 1 次 获取到号码【1939937】GSD
2021-07-29 07:56:15 未获取到号码【1939937】GSD，可能号码格式错误
2021-07-29 07:56:15 获取到号码【1939937】的GSD为【-】
2021-07-29 07:56:35 GSD insert 第 1 次 等待 3 秒
2021-07-29 07:56:38 {"status":"ok","gid":431526,"msg":"添加成功！"}
2021-07-29 07:56:38 下次操作: 2021-07-29 07:56:57

2021-07-29 07:56:57 开始第 14 次操作

2021-07-29 07:56:57 开始操作号码 【1939936】
2021-07-29 07:57:00 GSD getOne 第 1 次 等待 3 秒
2021-07-29 07:57:03 查询号码 【1939936】，返回信息 {"status":"bad","msg":""}
2021-07-29 07:57:03 查询号码 【1939936】，GSD为【""】
2021-07-29 07:57:03 bad
2021-07-29 07:57:05 CHB 1939936?1627516623 第 1 次 等待 3 秒
2021-07-29 07:57:08 CHB 1939936?1627516623 第 1 次 获取到号码【1939936】GSD
2021-07-29 07:57:08 未获取到号码【1939936】GSD，可能号码格式错误
2021-07-29 07:57:08 获取到号码【1939936】的GSD为【-】
2021-07-29 07:57:26 GSD insert 第 1 次 等待 3 秒
2021-07-29 07:57:29 {"status":"ok","gid":431540,"msg":"添加成功！"}
2021-07-29 07:57:29 下次操作: 2021-07-29 07:57:43

2021-07-29 07:57:43 开始第 15 次操作

2021-07-29 07:57:43 开始操作号码 【1939935】
2021-07-29 07:57:47 GSD getOne 第 1 次 等待 3 秒
2021-07-29 07:57:50 查询号码 【1939935】，返回信息 {"status":"bad","msg":""}
2021-07-29 07:57:50 查询号码 【1939935】，GSD为【""】
2021-07-29 07:57:50 bad
2021-07-29 07:57:52 CHB 1939935?1627516670 第 1 次 等待 3 秒
2021-07-29 07:57:55 CHB 1939935?1627516670 第 1 次 获取到号码【1939935】GSD
2021-07-29 07:57:55 未获取到号码【1939935】GSD，可能号码格式错误
2021-07-29 07:57:55 获取到号码【1939935】的GSD为【-】
2021-07-29 07:58:14 GSD insert 第 1 次 等待 3 秒
2021-07-29 07:58:17 {"status":"ok","gid":431551,"msg":"添加成功！"}
2021-07-29 07:58:17 下次操作: 2021-07-29 07:58:30

2021-07-29 07:58:30 开始第 16 次操作

2021-07-29 07:58:30 开始操作号码 【1939934】
2021-07-29 07:58:36 GSD getOne 第 1 次 等待 3 秒
2021-07-29 07:58:39 查询号码 【1939934】，返回信息 {"status":"bad","msg":""}
2021-07-29 07:58:39 查询号码 【1939934】，GSD为【""】
2021-07-29 07:58:39 bad
2021-07-29 07:58:41 CHB 1939934?1627516719 第 1 次 等待 3 秒
2021-07-29 07:58:44 CHB 1939934?1627516719 第 1 次 获取到号码【1939934】GSD
2021-07-29 07:58:44 未获取到号码【1939934】GSD，可能号码格式错误
2021-07-29 07:58:44 获取到号码【1939934】的GSD为【-】
2021-07-29 07:59:02 GSD insert 第 1 次 等待 3 秒
2021-07-29 07:59:05 {"status":"ok","gid":431564,"msg":"添加成功！"}
2021-07-29 07:59:05 下次操作: 2021-07-29 07:59:18

2021-07-29 07:59:18 开始第 17 次操作

2021-07-29 07:59:18 开始操作号码 【1939933】
2021-07-29 07:59:24 GSD getOne 第 1 次 等待 3 秒
2021-07-29 07:59:27 查询号码 【1939933】，返回信息 {"status":"bad","msg":""}
2021-07-29 07:59:27 查询号码 【1939933】，GSD为【""】
2021-07-29 07:59:27 bad
2021-07-29 07:59:29 CHB 1939933?1627516767 第 1 次 等待 3 秒
2021-07-29 07:59:32 CHB 1939933?1627516767 第 1 次 获取到号码【1939933】GSD
2021-07-29 07:59:32 未获取到号码【1939933】GSD，可能号码格式错误
2021-07-29 07:59:32 获取到号码【1939933】的GSD为【-】
2021-07-29 07:59:50 GSD insert 第 1 次 等待 3 秒
2021-07-29 07:59:53 {"status":"ok","gid":431578,"msg":"添加成功！"}
2021-07-29 07:59:53 下次操作: 2021-07-29 08:00:11

2021-07-29 08:00:11 开始第 18 次操作

2021-07-29 08:00:11 开始操作号码 【1939932】
2021-07-29 08:00:14 GSD getOne 第 1 次 等待 3 秒
2021-07-29 08:00:17 查询号码 【1939932】，返回信息 {"status":"bad","msg":""}
2021-07-29 08:00:17 查询号码 【1939932】，GSD为【""】
2021-07-29 08:00:17 bad
2021-07-29 08:00:19 CHB 1939932?1627516817 第 1 次 等待 3 秒
2021-07-29 08:00:22 CHB 1939932?1627516817 第 1 次 获取到号码【1939932】GSD
2021-07-29 08:00:22 未获取到号码【1939932】GSD，可能号码格式错误
2021-07-29 08:00:22 获取到号码【1939932】的GSD为【-】
2021-07-29 08:00:41 GSD insert 第 1 次 等待 3 秒
2021-07-29 08:00:44 {"status":"ok","gid":431590,"msg":"添加成功！"}
2021-07-29 08:00:44 下次操作: 2021-07-29 08:01:00

2021-07-29 08:01:00 开始第 19 次操作

2021-07-29 08:01:00 开始操作号码 【1939931】
2021-07-29 08:01:03 GSD getOne 第 1 次 等待 3 秒
2021-07-29 08:01:06 查询号码 【1939931】，返回信息 {"status":"bad","msg":""}
2021-07-29 08:01:06 查询号码 【1939931】，GSD为【""】
2021-07-29 08:01:06 bad
2021-07-29 08:01:07 CHB 1939931?1627516866 第 1 次 等待 3 秒
2021-07-29 08:01:10 CHB 1939931?1627516866 第 1 次 获取到号码【1939931】GSD
2021-07-29 08:01:10 未获取到号码【1939931】GSD，可能号码格式错误
2021-07-29 08:01:10 获取到号码【1939931】的GSD为【-】
2021-07-29 08:01:29 GSD insert 第 1 次 等待 3 秒
2021-07-29 08:01:32 {"status":"ok","gid":431599,"msg":"添加成功！"}
2021-07-29 08:01:32 下次操作: 2021-07-29 08:01:48

2021-07-29 08:01:48 开始第 20 次操作

2021-07-29 08:01:48 开始操作号码 【1939930】
2021-07-29 08:01:51 GSD getOne 第 1 次 等待 3 秒
2021-07-29 08:01:54 查询号码 【1939930】，返回信息 {"status":"bad","msg":""}
2021-07-29 08:01:54 查询号码 【1939930】，GSD为【""】
2021-07-29 08:01:54 bad
2021-07-29 08:01:55 CHB 1939930?1627516914 第 1 次 等待 3 秒
2021-07-29 08:01:58 CHB 1939930?1627516914 第 1 次 获取到号码【1939930】GSD
2021-07-29 08:01:58 未获取到号码【1939930】GSD，可能号码格式错误
2021-07-29 08:01:58 获取到号码【1939930】的GSD为【-】
2021-07-29 08:02:17 GSD insert 第 1 次 等待 3 秒
2021-07-29 08:02:20 {"status":"ok","gid":431609,"msg":"添加成功！"}
2021-07-29 08:02:20 下次操作: 2021-07-29 08:02:39

2021-07-29 08:02:39 开始第 21 次操作

2021-07-29 08:02:39 开始操作号码 【1939929】
2021-07-29 08:02:42 GSD getOne 第 1 次 等待 3 秒
2021-07-29 08:02:45 查询号码 【1939929】，返回信息 {"status":"bad","msg":""}
2021-07-29 08:02:45 查询号码 【1939929】，GSD为【""】
2021-07-29 08:02:45 bad
2021-07-29 08:02:46 CHB 1939929?1627516965 第 1 次 等待 3 秒
2021-07-29 08:02:49 CHB 1939929?1627516965 第 1 次 获取到号码【1939929】GSD
2021-07-29 08:02:49 获取到号码【1939929】的GSD为【新疆-伊犁】
2021-07-29 08:03:08 GSD insert 第 1 次 等待 3 秒
2021-07-29 08:03:11 {"status":"ok","gid":431616,"msg":"添加成功！"}
2021-07-29 08:03:11 下次操作: 2021-07-29 08:03:28

2021-07-29 08:03:28 开始第 22 次操作

2021-07-29 08:03:28 开始操作号码 【1939928】
2021-07-29 08:03:31 GSD getOne 第 1 次 等待 3 秒
2021-07-29 08:03:34 查询号码 【1939928】，返回信息 {"status":"bad","msg":""}
2021-07-29 08:03:34 查询号码 【1939928】，GSD为【""】
2021-07-29 08:03:34 bad
2021-07-29 08:03:36 CHB 1939928?1627517014 第 1 次 等待 3 秒
2021-07-29 08:03:39 CHB 1939928?1627517014 第 1 次 获取到号码【1939928】GSD
2021-07-29 08:03:39 获取到号码【1939928】的GSD为【新疆-喀什】
2021-07-29 08:03:57 GSD insert 第 1 次 等待 3 秒
2021-07-29 08:04:00 {"status":"ok","gid":431624,"msg":"添加成功！"}
2021-07-29 08:04:00 下次操作: 2021-07-29 08:04:19

2021-07-29 08:04:19 开始第 23 次操作

2021-07-29 08:04:19 开始操作号码 【1939927】
2021-07-29 08:04:22 GSD getOne 第 1 次 等待 3 秒
2021-07-29 08:04:25 查询号码 【1939927】，返回信息 {"status":"bad","msg":""}
2021-07-29 08:04:25 查询号码 【1939927】，GSD为【""】
2021-07-29 08:04:25 bad
2021-07-29 08:04:27 CHB 1939927?1627517065 第 1 次 等待 3 秒
2021-07-29 08:04:30 CHB 1939927?1627517065 第 1 次 获取到号码【1939927】GSD
2021-07-29 08:04:30 获取到号码【1939927】的GSD为【新疆-喀什】
2021-07-29 08:04:48 GSD insert 第 1 次 等待 3 秒
2021-07-29 08:04:51 {"status":"ok","gid":431630,"msg":"添加成功！"}
2021-07-29 08:04:51 下次操作: 2021-07-29 08:05:15

2021-07-29 08:05:15 开始第 24 次操作

2021-07-29 08:05:15 开始操作号码 【1939926】
2021-07-29 08:05:18 GSD getOne 第 1 次 等待 3 秒
2021-07-29 08:05:21 查询号码 【1939926】，返回信息 {"status":"bad","msg":""}
2021-07-29 08:05:21 查询号码 【1939926】，GSD为【""】
2021-07-29 08:05:21 bad
2021-07-29 08:05:23 CHB 1939926?1627517121 第 1 次 等待 3 秒
2021-07-29 08:05:26 CHB 1939926?1627517121 第 1 次 获取到号码【1939926】GSD
2021-07-29 08:05:26 获取到号码【1939926】的GSD为【新疆-巴音郭楞】
2021-07-29 08:05:44 GSD insert 第 1 次 等待 3 秒
2021-07-29 08:05:47 {"status":"ok","gid":431635,"msg":"添加成功！"}
2021-07-29 08:05:47 下次操作: 2021-07-29 08:06:03

2021-07-29 08:06:03 开始第 25 次操作

2021-07-29 08:06:03 开始操作号码 【1939925】
2021-07-29 08:06:06 GSD getOne 第 1 次 等待 3 秒
2021-07-29 08:06:09 查询号码 【1939925】，返回信息 {"status":"bad","msg":""}
2021-07-29 08:06:09 查询号码 【1939925】，GSD为【""】
2021-07-29 08:06:09 bad
2021-07-29 08:06:11 CHB 1939925?1627517169 第 1 次 等待 3 秒
2021-07-29 08:06:14 CHB 1939925?1627517169 第 1 次 获取到号码【1939925】GSD
2021-07-29 08:06:14 获取到号码【1939925】的GSD为【新疆-巴音郭楞】
2021-07-29 08:06:32 GSD insert 第 1 次 等待 3 秒
2021-07-29 08:06:35 {"status":"ok","gid":431638,"msg":"添加成功！"}
2021-07-29 08:06:35 下次操作: 2021-07-29 08:06:55

2021-07-29 08:06:55 开始第 26 次操作

2021-07-29 08:06:55 开始操作号码 【1939924】
2021-07-29 08:06:58 GSD getOne 第 1 次 等待 3 秒
2021-07-29 08:07:01 查询号码 【1939924】，返回信息 {"status":"bad","msg":""}
2021-07-29 08:07:01 查询号码 【1939924】，GSD为【""】
2021-07-29 08:07:01 bad
2021-07-29 08:07:03 CHB 1939924?1627517221 第 1 次 等待 3 秒
2021-07-29 08:07:06 CHB 1939924?1627517221 第 1 次 获取到号码【1939924】GSD
2021-07-29 08:07:06 获取到号码【1939924】的GSD为【新疆-阿克苏】
2021-07-29 08:07:25 GSD insert 第 1 次 等待 3 秒
2021-07-29 08:07:28 {"status":"ok","gid":431641,"msg":"添加成功！"}
2021-07-29 08:07:28 下次操作: 2021-07-29 08:07:41

2021-07-29 08:07:41 开始第 27 次操作

2021-07-29 08:07:41 开始操作号码 【1939923】
2021-07-29 08:07:47 GSD getOne 第 1 次 等待 3 秒
2021-07-29 08:07:50 查询号码 【1939923】，返回信息 {"status":"bad","msg":""}
2021-07-29 08:07:50 查询号码 【1939923】，GSD为【""】
2021-07-29 08:07:50 bad
2021-07-29 08:07:52 CHB 1939923?1627517270 第 1 次 等待 3 秒
2021-07-29 08:07:55 CHB 1939923?1627517270 第 1 次 获取到号码【1939923】GSD
2021-07-29 08:07:55 获取到号码【1939923】的GSD为【新疆-巴音郭楞】
2021-07-29 08:08:13 GSD insert 第 1 次 等待 3 秒
2021-07-29 08:08:16 {"status":"ok","gid":431644,"msg":"添加成功！"}
2021-07-29 08:08:16 下次操作: 2021-07-29 08:08:40

2021-07-29 08:08:40 开始第 28 次操作

2021-07-29 08:08:40 开始操作号码 【1939922】
2021-07-29 08:08:43 GSD getOne 第 1 次 等待 3 秒
2021-07-29 08:08:46 查询号码 【1939922】，返回信息 {"status":"bad","msg":""}
2021-07-29 08:08:46 查询号码 【1939922】，GSD为【""】
2021-07-29 08:08:46 bad
2021-07-29 08:08:48 CHB 1939922?1627517326 第 1 次 等待 3 秒
2021-07-29 08:08:51 CHB 1939922?1627517326 第 1 次 获取到号码【1939922】GSD
2021-07-29 08:08:51 获取到号码【1939922】的GSD为【新疆-巴音郭楞】
2021-07-29 08:09:10 GSD insert 第 1 次 等待 3 秒
2021-07-29 08:09:13 {"status":"ok","gid":431652,"msg":"添加成功！"}
2021-07-29 08:09:13 下次操作: 2021-07-29 08:09:36

2021-07-29 08:09:36 开始第 29 次操作

2021-07-29 08:09:36 开始操作号码 【1939921】
2021-07-29 08:09:39 GSD getOne 第 1 次 等待 3 秒
2021-07-29 08:09:42 查询号码 【1939921】，返回信息 {"status":"bad","msg":""}
2021-07-29 08:09:42 查询号码 【1939921】，GSD为【""】
2021-07-29 08:09:42 bad
2021-07-29 08:09:44 CHB 1939921?1627517382 第 1 次 等待 3 秒
2021-07-29 08:09:47 CHB 1939921?1627517382 第 1 次 获取到号码【1939921】GSD
2021-07-29 08:09:47 获取到号码【1939921】的GSD为【新疆-巴音郭楞】
2021-07-29 08:10:05 GSD insert 第 1 次 等待 3 秒
2021-07-29 08:10:08 {"status":"ok","gid":431654,"msg":"添加成功！"}
2021-07-29 08:10:08 下次操作: 2021-07-29 08:10:29

2021-07-29 08:10:29 开始第 30 次操作

2021-07-29 08:10:29 开始操作号码 【1939920】
2021-07-29 08:10:33 GSD getOne 第 1 次 等待 3 秒
2021-07-29 08:10:36 查询号码 【1939920】，返回信息 {"status":"bad","msg":""}
2021-07-29 08:10:36 查询号码 【1939920】，GSD为【""】
2021-07-29 08:10:36 bad
2021-07-29 08:10:38 CHB 1939920?1627517436 第 1 次 等待 3 秒
2021-07-29 08:10:41 CHB 1939920?1627517436 第 1 次 获取到号码【1939920】GSD
2021-07-29 08:10:41 获取到号码【1939920】的GSD为【新疆-巴音郭楞】
2021-07-29 08:10:59 GSD insert 第 1 次 等待 3 秒
2021-07-29 08:11:02 {"status":"ok","gid":431659,"msg":"添加成功！"}
2021-07-29 08:11:02 下次操作: 2021-07-29 08:11:25

2021-07-29 08:11:25 开始第 31 次操作

2021-07-29 08:11:25 开始操作号码 【1939919】
2021-07-29 08:11:28 GSD getOne 第 1 次 等待 3 秒
2021-07-29 08:11:31 查询号码 【1939919】，返回信息 {"status":"bad","msg":""}
2021-07-29 08:11:31 查询号码 【1939919】，GSD为【""】
2021-07-29 08:11:31 bad
2021-07-29 08:11:33 CHB 1939919?1627517491 第 1 次 等待 3 秒
2021-07-29 08:11:36 CHB 1939919?1627517491 第 1 次 获取到号码【1939919】GSD
2021-07-29 08:11:36 获取到号码【1939919】的GSD为【新疆-伊犁】
2021-07-29 08:11:54 GSD insert 第 1 次 等待 3 秒
2021-07-29 08:11:57 {"status":"ok","gid":431662,"msg":"添加成功！"}
2021-07-29 08:11:57 下次操作: 2021-07-29 08:12:17

2021-07-29 08:12:17 开始第 32 次操作

2021-07-29 08:12:17 开始操作号码 【1939918】
2021-07-29 08:12:20 GSD getOne 第 1 次 等待 3 秒
2021-07-29 08:12:23 查询号码 【1939918】，返回信息 {"status":"bad","msg":""}
2021-07-29 08:12:23 查询号码 【1939918】，GSD为【""】
2021-07-29 08:12:23 bad
2021-07-29 08:12:25 CHB 1939918?1627517543 第 1 次 等待 3 秒
2021-07-29 08:12:28 CHB 1939918?1627517543 第 1 次 获取到号码【1939918】GSD
2021-07-29 08:12:28 获取到号码【1939918】的GSD为【新疆-昌吉】
2021-07-29 08:12:46 GSD insert 第 1 次 等待 3 秒
2021-07-29 08:12:49 {"status":"ok","gid":431665,"msg":"添加成功！"}
2021-07-29 08:12:49 下次操作: 2021-07-29 08:13:08

2021-07-29 08:13:08 开始第 33 次操作

2021-07-29 08:13:08 开始操作号码 【1939917】
2021-07-29 08:13:11 GSD getOne 第 1 次 等待 3 秒
2021-07-29 08:13:14 查询号码 【1939917】，返回信息 {"status":"bad","msg":""}
2021-07-29 08:13:14 查询号码 【1939917】，GSD为【""】
2021-07-29 08:13:14 bad
2021-07-29 08:13:16 CHB 1939917?1627517594 第 1 次 等待 3 秒
2021-07-29 08:13:19 CHB 1939917?1627517594 第 1 次 获取到号码【1939917】GSD
2021-07-29 08:13:19 获取到号码【1939917】的GSD为【新疆-伊犁】
2021-07-29 08:13:37 GSD insert 第 1 次 等待 3 秒
2021-07-29 08:13:40 {"status":"ok","gid":431667,"msg":"添加成功！"}
2021-07-29 08:13:40 下次操作: 2021-07-29 08:13:55

2021-07-29 08:13:55 开始第 34 次操作

2021-07-29 08:13:55 开始操作号码 【1939916】
2021-07-29 08:13:59 GSD getOne 第 1 次 等待 3 秒
2021-07-29 08:14:02 查询号码 【1939916】，返回信息 {"status":"bad","msg":""}
2021-07-29 08:14:02 查询号码 【1939916】，GSD为【""】
2021-07-29 08:14:02 bad
2021-07-29 08:14:04 CHB 1939916?1627517642 第 1 次 等待 3 秒
2021-07-29 08:14:07 CHB 1939916?1627517642 第 1 次 获取到号码【1939916】GSD
2021-07-29 08:14:07 获取到号码【1939916】的GSD为【新疆-巴音郭楞】
2021-07-29 08:14:26 GSD insert 第 1 次 等待 3 秒
2021-07-29 08:14:29 {"status":"ok","gid":431669,"msg":"添加成功！"}
2021-07-29 08:14:29 下次操作: 2021-07-29 08:14:50

2021-07-29 08:14:50 开始第 35 次操作

2021-07-29 08:14:50 开始操作号码 【1939915】
2021-07-29 08:14:53 GSD getOne 第 1 次 等待 3 秒
2021-07-29 08:14:56 查询号码 【1939915】，返回信息 {"status":"bad","msg":""}
2021-07-29 08:14:56 查询号码 【1939915】，GSD为【""】
2021-07-29 08:14:56 bad
2021-07-29 08:14:58 CHB 1939915?1627517696 第 1 次 等待 3 秒
2021-07-29 08:15:01 CHB 1939915?1627517696 第 1 次 获取到号码【1939915】GSD
2021-07-29 08:15:01 获取到号码【1939915】的GSD为【新疆-巴音郭楞】
2021-07-29 08:15:19 GSD insert 第 1 次 等待 3 秒
2021-07-29 08:15:22 {"status":"ok","gid":431671,"msg":"添加成功！"}
2021-07-29 08:15:22 下次操作: 2021-07-29 08:15:44

2021-07-29 08:15:44 开始第 36 次操作

2021-07-29 08:15:44 开始操作号码 【1939914】
2021-07-29 08:15:47 GSD getOne 第 1 次 等待 3 秒
2021-07-29 08:15:50 查询号码 【1939914】，返回信息 {"status":"bad","msg":""}
2021-07-29 08:15:50 查询号码 【1939914】，GSD为【""】
2021-07-29 08:15:50 bad
2021-07-29 08:15:52 CHB 1939914?1627517750 第 1 次 等待 3 秒
2021-07-29 08:15:55 CHB 1939914?1627517750 第 1 次 获取到号码【1939914】GSD
2021-07-29 08:15:55 获取到号码【1939914】的GSD为【新疆-昌吉】
2021-07-29 08:16:13 GSD insert 第 1 次 等待 3 秒
2021-07-29 08:16:16 {"status":"ok","gid":431674,"msg":"添加成功！"}
2021-07-29 08:16:16 下次操作: 2021-07-29 08:16:40

2021-07-29 08:16:40 开始第 37 次操作

2021-07-29 08:16:40 开始操作号码 【1939913】
2021-07-29 08:16:44 GSD getOne 第 1 次 等待 3 秒
2021-07-29 08:16:47 查询号码 【1939913】，返回信息 {"status":"bad","msg":""}
2021-07-29 08:16:47 查询号码 【1939913】，GSD为【""】
2021-07-29 08:16:47 bad
2021-07-29 08:16:49 CHB 1939913?1627517807 第 1 次 等待 3 秒
2021-07-29 08:16:52 CHB 1939913?1627517807 第 1 次 获取到号码【1939913】GSD
2021-07-29 08:16:52 获取到号码【1939913】的GSD为【新疆-昌吉】
2021-07-29 08:17:10 GSD insert 第 1 次 等待 3 秒
2021-07-29 08:17:13 {"status":"ok","gid":431676,"msg":"添加成功！"}
2021-07-29 08:17:13 下次操作: 2021-07-29 08:17:36

2021-07-29 08:17:36 开始第 38 次操作

2021-07-29 08:17:36 开始操作号码 【1939912】
2021-07-29 08:17:39 GSD getOne 第 1 次 等待 3 秒
2021-07-29 08:17:42 查询号码 【1939912】，返回信息 {"status":"bad","msg":""}
2021-07-29 08:17:42 查询号码 【1939912】，GSD为【""】
2021-07-29 08:17:42 bad
2021-07-29 08:17:44 CHB 1939912?1627517862 第 1 次 等待 3 秒
2021-07-29 08:17:47 CHB 1939912?1627517862 第 1 次 获取到号码【1939912】GSD
2021-07-29 08:17:47 获取到号码【1939912】的GSD为【新疆-昌吉】
2021-07-29 08:18:05 GSD insert 第 1 次 等待 3 秒
2021-07-29 08:18:08 {"status":"ok","gid":431678,"msg":"添加成功！"}
2021-07-29 08:18:08 下次操作: 2021-07-29 08:18:24

2021-07-29 08:18:24 开始第 39 次操作

2021-07-29 08:18:24 开始操作号码 【1939911】
2021-07-29 08:18:27 GSD getOne 第 1 次 等待 3 秒
2021-07-29 08:18:30 查询号码 【1939911】，返回信息 {"status":"bad","msg":""}
2021-07-29 08:18:30 查询号码 【1939911】，GSD为【""】
2021-07-29 08:18:30 bad
2021-07-29 08:18:32 CHB 1939911?1627517910 第 1 次 等待 3 秒
2021-07-29 08:18:35 CHB 1939911?1627517910 第 1 次 获取到号码【1939911】GSD
2021-07-29 08:18:35 获取到号码【1939911】的GSD为【新疆-昌吉】
2021-07-29 08:18:53 GSD insert 第 1 次 等待 3 秒
2021-07-29 08:18:56 {"status":"ok","gid":431679,"msg":"添加成功！"}
2021-07-29 08:18:56 下次操作: 2021-07-29 08:19:12

2021-07-29 08:19:12 开始第 40 次操作

2021-07-29 08:19:12 开始操作号码 【1939910】
2021-07-29 08:19:15 GSD getOne 第 1 次 等待 3 秒
2021-07-29 08:19:18 查询号码 【1939910】，返回信息 {"status":"bad","msg":""}
2021-07-29 08:19:18 查询号码 【1939910】，GSD为【""】
2021-07-29 08:19:18 bad
2021-07-29 08:19:20 CHB 1939910?1627517958 第 1 次 等待 3 秒
2021-07-29 08:19:23 CHB 1939910?1627517958 第 1 次 获取到号码【1939910】GSD
2021-07-29 08:19:23 获取到号码【1939910】的GSD为【新疆-乌鲁木齐】
2021-07-29 08:19:42 GSD insert 第 1 次 等待 3 秒
2021-07-29 08:19:45 {"status":"ok","gid":431682,"msg":"添加成功！"}

2021-07-29 10:17:09 开始第 1 次操作

2021-07-29 10:17:09 开始操作号码 【1939909】
2021-07-29 10:17:14 GSD getOne 第 1 次 等待 3 秒
2021-07-29 10:17:17 查询号码 【1939909】，返回信息 {"status":"bad","msg":""}
2021-07-29 10:17:18 查询号码 【1939909】，GSD为【""】
2021-07-29 10:17:18 bad
2021-07-29 10:17:19 CHB 1939909?1627525038 第 1 次 等待 3 秒
2021-07-29 10:17:22 CHB 1939909?1627525038 第 1 次 获取到号码【1939909】GSD
2021-07-29 10:17:22 未获取到号码【1939909】GSD，可能号码格式错误
2021-07-29 10:17:22 获取到号码【1939909】的GSD为【-】
2021-07-29 10:17:41 GSD insert 第 1 次 等待 3 秒
2021-07-29 10:17:44 {"status":"ok","gid":432155,"msg":"添加成功！"}
2021-07-29 10:17:44 下次操作: 2021-07-29 10:18:06

2021-07-29 10:18:06 开始第 2 次操作

2021-07-29 10:18:06 开始操作号码 【1939908】
2021-07-29 10:18:11 GSD getOne 第 1 次 等待 3 秒
2021-07-29 10:18:14 查询号码 【1939908】，返回信息 {"status":"bad","msg":""}
2021-07-29 10:18:14 查询号码 【1939908】，GSD为【""】
2021-07-29 10:18:14 bad
2021-07-29 10:18:15 CHB 1939908?1627525094 第 1 次 等待 3 秒
2021-07-29 10:18:18 CHB 1939908?1627525094 第 1 次 获取到号码【1939908】GSD
2021-07-29 10:18:18 未获取到号码【1939908】GSD，可能号码格式错误
2021-07-29 10:18:18 获取到号码【1939908】的GSD为【-】
2021-07-29 10:18:29 GSD insert 第 1 次 等待 3 秒
2021-07-29 10:18:32 {"status":"ok","gid":432159,"msg":"添加成功！"}
2021-07-29 10:18:32 下次操作: 2021-07-29 10:18:52

2021-07-29 10:18:52 开始第 3 次操作

2021-07-29 10:18:52 开始操作号码 【1939907】
2021-07-29 10:18:55 GSD getOne 第 1 次 等待 3 秒
2021-07-29 10:18:58 查询号码 【1939907】，返回信息 {"status":"bad","msg":""}
2021-07-29 10:18:58 查询号码 【1939907】，GSD为【""】
2021-07-29 10:18:58 bad
2021-07-29 10:19:01 CHB 1939907?1627525138 第 1 次 等待 3 秒
2021-07-29 10:19:04 CHB 1939907?1627525138 第 1 次 获取到号码【1939907】GSD
2021-07-29 10:19:04 未获取到号码【1939907】GSD，可能号码格式错误
2021-07-29 10:19:04 获取到号码【1939907】的GSD为【-】
2021-07-29 10:19:07 GSD insert 第 1 次 等待 3 秒
2021-07-29 10:19:10 {"status":"ok","gid":432161,"msg":"添加成功！"}
2021-07-29 10:19:10 下次操作: 2021-07-29 10:19:28

2021-07-29 10:19:28 开始第 4 次操作

2021-07-29 10:19:28 开始操作号码 【1939906】
2021-07-29 10:19:31 GSD getOne 第 1 次 等待 3 秒
2021-07-29 10:19:34 查询号码 【1939906】，返回信息 {"status":"bad","msg":""}
2021-07-29 10:19:34 查询号码 【1939906】，GSD为【""】
2021-07-29 10:19:34 bad
2021-07-29 10:19:35 CHB 1939906?1627525174 第 1 次 等待 3 秒
2021-07-29 10:19:38 CHB 1939906?1627525174 第 1 次 获取到号码【1939906】GSD
2021-07-29 10:19:38 未获取到号码【1939906】GSD，可能号码格式错误
2021-07-29 10:19:38 获取到号码【1939906】的GSD为【-】
2021-07-29 10:19:41 GSD insert 第 1 次 等待 3 秒
2021-07-29 10:19:44 {"status":"ok","gid":432164,"msg":"添加成功！"}
2021-07-29 10:19:44 下次操作: 2021-07-29 10:20:00

2021-07-29 10:20:00 开始第 5 次操作

2021-07-29 10:20:00 开始操作号码 【1939905】
2021-07-29 10:20:04 GSD getOne 第 1 次 等待 3 秒
2021-07-29 10:20:07 查询号码 【1939905】，返回信息 {"status":"bad","msg":""}
2021-07-29 10:20:07 查询号码 【1939905】，GSD为【""】
2021-07-29 10:20:07 bad
2021-07-29 10:20:08 CHB 1939905?1627525207 第 1 次 等待 3 秒
2021-07-29 10:20:11 CHB 1939905?1627525207 第 1 次 获取到号码【1939905】GSD
2021-07-29 10:20:12 未获取到号码【1939905】GSD，可能号码格式错误
2021-07-29 10:20:12 获取到号码【1939905】的GSD为【-】
2021-07-29 10:20:15 GSD insert 第 1 次 等待 3 秒
2021-07-29 10:20:18 {"status":"ok","gid":432167,"msg":"添加成功！"}
2021-07-29 10:20:18 下次操作: 2021-07-29 10:20:34

2021-07-29 10:20:34 开始第 6 次操作

2021-07-29 10:20:34 开始操作号码 【1939904】
2021-07-29 10:20:38 GSD getOne 第 1 次 等待 3 秒
2021-07-29 10:20:41 查询号码 【1939904】，返回信息 {"status":"bad","msg":""}
2021-07-29 10:20:41 查询号码 【1939904】，GSD为【""】
2021-07-29 10:20:41 bad
2021-07-29 10:20:43 CHB 1939904?1627525241 第 1 次 等待 3 秒
2021-07-29 10:20:46 CHB 1939904?1627525241 第 1 次 获取到号码【1939904】GSD
2021-07-29 10:20:46 未获取到号码【1939904】GSD，可能号码格式错误
2021-07-29 10:20:46 获取到号码【1939904】的GSD为【-】
2021-07-29 10:20:50 GSD insert 第 1 次 等待 3 秒
2021-07-29 10:20:53 {"status":"ok","gid":432169,"msg":"添加成功！"}
2021-07-29 10:20:53 下次操作: 2021-07-29 10:21:08

2021-07-29 10:21:08 开始第 7 次操作

2021-07-29 10:21:08 开始操作号码 【1939903】
2021-07-29 10:21:11 GSD getOne 第 1 次 等待 3 秒
2021-07-29 10:21:14 查询号码 【1939903】，返回信息 {"status":"bad","msg":""}
2021-07-29 10:21:14 查询号码 【1939903】，GSD为【""】
2021-07-29 10:21:14 bad
2021-07-29 10:21:16 CHB 1939903?1627525274 第 1 次 等待 3 秒
2021-07-29 10:21:19 CHB 1939903?1627525274 第 1 次 获取到号码【1939903】GSD
2021-07-29 10:21:19 未获取到号码【1939903】GSD，可能号码格式错误
2021-07-29 10:21:19 获取到号码【1939903】的GSD为【-】
2021-07-29 10:21:23 GSD insert 第 1 次 等待 3 秒
2021-07-29 10:21:26 {"status":"ok","gid":432171,"msg":"添加成功！"}
2021-07-29 10:21:26 下次操作: 2021-07-29 10:21:43

2021-07-29 10:21:43 开始第 8 次操作

2021-07-29 10:21:43 开始操作号码 【1939902】
2021-07-29 10:21:46 GSD getOne 第 1 次 等待 3 秒
2021-07-29 10:21:49 查询号码 【1939902】，返回信息 {"status":"bad","msg":""}
2021-07-29 10:21:49 查询号码 【1939902】，GSD为【""】
2021-07-29 10:21:49 bad
2021-07-29 10:21:50 CHB 1939902?1627525309 第 1 次 等待 3 秒
2021-07-29 10:21:53 CHB 1939902?1627525309 第 1 次 获取到号码【1939902】GSD
2021-07-29 10:21:53 未获取到号码【1939902】GSD，可能号码格式错误
2021-07-29 10:21:53 获取到号码【1939902】的GSD为【-】
2021-07-29 10:21:57 GSD insert 第 1 次 等待 3 秒
2021-07-29 10:22:00 {"status":"ok","gid":432174,"msg":"添加成功！"}
2021-07-29 10:22:00 下次操作: 2021-07-29 10:22:23

2021-07-29 10:22:23 开始第 9 次操作

2021-07-29 10:22:23 开始操作号码 【1939901】
2021-07-29 10:22:28 GSD getOne 第 1 次 等待 3 秒
2021-07-29 10:22:31 查询号码 【1939901】，返回信息 {"status":"bad","msg":""}
2021-07-29 10:22:32 查询号码 【1939901】，GSD为【""】
2021-07-29 10:22:32 bad
2021-07-29 10:22:33 CHB 1939901?1627525352 第 1 次 等待 3 秒
2021-07-29 10:22:36 CHB 1939901?1627525352 第 1 次 获取到号码【1939901】GSD
2021-07-29 10:22:36 未获取到号码【1939901】GSD，可能号码格式错误
2021-07-29 10:22:36 获取到号码【1939901】的GSD为【-】
2021-07-29 10:22:39 GSD insert 第 1 次 等待 3 秒
2021-07-29 10:22:42 {"status":"ok","gid":432177,"msg":"添加成功！"}
2021-07-29 10:22:42 下次操作: 2021-07-29 10:23:04

2021-07-29 10:23:04 开始第 10 次操作

2021-07-29 10:23:04 开始操作号码 【1939900】
2021-07-29 10:23:07 GSD getOne 第 1 次 等待 3 秒
2021-07-29 10:23:10 查询号码 【1939900】，返回信息 {"status":"bad","msg":""}
2021-07-29 10:23:10 查询号码 【1939900】，GSD为【""】
2021-07-29 10:23:10 bad
2021-07-29 10:23:11 CHB 1939900?1627525390 第 1 次 等待 3 秒
2021-07-29 10:23:14 CHB 1939900?1627525390 第 1 次 获取到号码【1939900】GSD
2021-07-29 10:23:14 未获取到号码【1939900】GSD，可能号码格式错误
2021-07-29 10:23:14 获取到号码【1939900】的GSD为【-】
2021-07-29 10:23:17 GSD insert 第 1 次 等待 3 秒
2021-07-29 10:23:20 {"status":"ok","gid":432180,"msg":"添加成功！"}
2021-07-29 10:23:20 下次操作: 2021-07-29 10:23:39

2021-07-29 10:23:40 开始第 11 次操作

2021-07-29 10:23:40 开始操作号码 【1939899】
2021-07-29 10:23:45 GSD getOne 第 1 次 等待 3 秒
2021-07-29 10:23:48 查询号码 【1939899】，返回信息 {"status":"bad","msg":""}
2021-07-29 10:23:48 查询号码 【1939899】，GSD为【""】
2021-07-29 10:23:48 bad
2021-07-29 10:23:50 CHB 1939899?1627525428 第 1 次 等待 3 秒
2021-07-29 10:23:53 CHB 1939899?1627525428 第 1 次 获取到号码【1939899】GSD
2021-07-29 10:23:53 未获取到号码【1939899】GSD，可能号码格式错误
2021-07-29 10:23:53 获取到号码【1939899】的GSD为【-】
2021-07-29 10:23:56 GSD insert 第 1 次 等待 3 秒
2021-07-29 10:23:59 {"status":"ok","gid":432183,"msg":"添加成功！"}
2021-07-29 10:23:59 下次操作: 2021-07-29 10:24:12

2021-07-29 10:24:12 开始第 12 次操作

2021-07-29 10:24:12 开始操作号码 【1939898】
2021-07-29 10:24:15 GSD getOne 第 1 次 等待 3 秒
2021-07-29 10:24:18 查询号码 【1939898】，返回信息 {"status":"bad","msg":""}
2021-07-29 10:24:18 查询号码 【1939898】，GSD为【""】
2021-07-29 10:24:18 bad
2021-07-29 10:24:20 CHB 1939898?1627525458 第 1 次 等待 3 秒
2021-07-29 10:24:23 CHB 1939898?1627525458 第 1 次 获取到号码【1939898】GSD
2021-07-29 10:24:23 未获取到号码【1939898】GSD，可能号码格式错误
2021-07-29 10:24:23 获取到号码【1939898】的GSD为【-】
2021-07-29 10:24:26 GSD insert 第 1 次 等待 3 秒
2021-07-29 10:24:29 {"status":"ok","gid":432185,"msg":"添加成功！"}
2021-07-29 10:24:29 下次操作: 2021-07-29 10:24:41

2021-07-29 10:24:41 开始第 13 次操作

2021-07-29 10:24:41 开始操作号码 【1939897】
2021-07-29 10:24:49 GSD getOne 第 1 次 等待 3 秒
2021-07-29 10:24:52 查询号码 【1939897】，返回信息 {"status":"bad","msg":""}
2021-07-29 10:24:52 查询号码 【1939897】，GSD为【""】
2021-07-29 10:24:52 bad
2021-07-29 10:24:53 CHB 1939897?1627525492 第 1 次 等待 3 秒
2021-07-29 10:24:56 CHB 1939897?1627525492 第 1 次 获取到号码【1939897】GSD
2021-07-29 10:24:56 未获取到号码【1939897】GSD，可能号码格式错误
2021-07-29 10:24:56 获取到号码【1939897】的GSD为【-】
2021-07-29 10:24:59 GSD insert 第 1 次 等待 3 秒
2021-07-29 10:25:02 {"status":"ok","gid":432188,"msg":"添加成功！"}
2021-07-29 10:25:02 下次操作: 2021-07-29 10:25:19

2021-07-29 10:25:19 开始第 14 次操作

2021-07-29 10:25:19 开始操作号码 【1939896】
2021-07-29 10:25:22 GSD getOne 第 1 次 等待 3 秒
2021-07-29 10:25:25 查询号码 【1939896】，返回信息 {"status":"bad","msg":""}
2021-07-29 10:25:25 查询号码 【1939896】，GSD为【""】
2021-07-29 10:25:25 bad
2021-07-29 10:25:27 CHB 1939896?1627525525 第 1 次 等待 3 秒
2021-07-29 10:25:30 CHB 1939896?1627525525 第 1 次 获取到号码【1939896】GSD
2021-07-29 10:25:30 未获取到号码【1939896】GSD，可能号码格式错误
2021-07-29 10:25:30 获取到号码【1939896】的GSD为【-】
2021-07-29 10:25:33 GSD insert 第 1 次 等待 3 秒
2021-07-29 10:25:36 {"status":"ok","gid":432191,"msg":"添加成功！"}
2021-07-29 10:25:36 下次操作: 2021-07-29 10:25:53

2021-07-29 10:25:53 开始第 15 次操作

2021-07-29 10:25:53 开始操作号码 【1939895】
2021-07-29 10:25:56 GSD getOne 第 1 次 等待 3 秒
2021-07-29 10:25:59 查询号码 【1939895】，返回信息 {"status":"bad","msg":""}
2021-07-29 10:26:00 查询号码 【1939895】，GSD为【""】
2021-07-29 10:26:00 bad
2021-07-29 10:26:01 CHB 1939895?1627525560 第 1 次 等待 3 秒
2021-07-29 10:26:04 CHB 1939895?1627525560 第 1 次 获取到号码【1939895】GSD
2021-07-29 10:26:04 未获取到号码【1939895】GSD，可能号码格式错误
2021-07-29 10:26:04 获取到号码【1939895】的GSD为【-】
2021-07-29 10:26:10 GSD insert 第 1 次 等待 3 秒
2021-07-29 10:26:13 {"status":"ok","gid":432193,"msg":"添加成功！"}
2021-07-29 10:26:13 下次操作: 2021-07-29 10:26:26

2021-07-29 10:26:26 开始第 16 次操作

2021-07-29 10:26:26 开始操作号码 【1939894】
2021-07-29 10:26:29 GSD getOne 第 1 次 等待 3 秒
2021-07-29 10:26:32 查询号码 【1939894】，返回信息 {"status":"bad","msg":""}
2021-07-29 10:26:32 查询号码 【1939894】，GSD为【""】
2021-07-29 10:26:32 bad
2021-07-29 10:26:33 CHB 1939894?1627525592 第 1 次 等待 3 秒
2021-07-29 10:26:36 CHB 1939894?1627525592 第 1 次 获取到号码【1939894】GSD
2021-07-29 10:26:36 未获取到号码【1939894】GSD，可能号码格式错误
2021-07-29 10:26:36 获取到号码【1939894】的GSD为【-】
2021-07-29 10:26:39 GSD insert 第 1 次 等待 3 秒
2021-07-29 10:26:42 {"status":"ok","gid":432196,"msg":"添加成功！"}
2021-07-29 10:26:42 下次操作: 2021-07-29 10:26:59

2021-07-29 10:26:59 开始第 17 次操作

2021-07-29 10:26:59 开始操作号码 【1939893】
2021-07-29 10:27:02 GSD getOne 第 1 次 等待 3 秒
2021-07-29 10:27:05 查询号码 【1939893】，返回信息 {"status":"bad","msg":""}
2021-07-29 10:27:05 查询号码 【1939893】，GSD为【""】
2021-07-29 10:27:05 bad
2021-07-29 10:27:07 CHB 1939893?1627525625 第 1 次 等待 3 秒
2021-07-29 10:27:10 CHB 1939893?1627525625 第 1 次 获取到号码【1939893】GSD
2021-07-29 10:27:10 未获取到号码【1939893】GSD，可能号码格式错误
2021-07-29 10:27:10 获取到号码【1939893】的GSD为【-】
2021-07-29 10:27:13 GSD insert 第 1 次 等待 3 秒
2021-07-29 10:27:16 {"status":"ok","gid":432198,"msg":"添加成功！"}
2021-07-29 10:27:16 下次操作: 2021-07-29 10:27:33

2021-07-29 10:27:33 开始第 18 次操作

2021-07-29 10:27:33 开始操作号码 【1939892】
2021-07-29 10:27:36 GSD getOne 第 1 次 等待 3 秒
2021-07-29 10:27:39 查询号码 【1939892】，返回信息 {"status":"bad","msg":""}
2021-07-29 10:27:39 查询号码 【1939892】，GSD为【""】
2021-07-29 10:27:39 bad
2021-07-29 10:27:41 CHB 1939892?1627525659 第 1 次 等待 3 秒
2021-07-29 10:27:44 CHB 1939892?1627525659 第 1 次 获取到号码【1939892】GSD
2021-07-29 10:27:44 未获取到号码【1939892】GSD，可能号码格式错误
2021-07-29 10:27:44 获取到号码【1939892】的GSD为【-】
2021-07-29 10:27:47 GSD insert 第 1 次 等待 3 秒
2021-07-29 10:27:50 {"status":"ok","gid":432200,"msg":"添加成功！"}
2021-07-29 10:27:50 下次操作: 2021-07-29 10:28:10

2021-07-29 10:28:10 开始第 19 次操作

2021-07-29 10:28:10 开始操作号码 【1939891】
2021-07-29 10:28:13 GSD getOne 第 1 次 等待 3 秒
2021-07-29 10:28:16 查询号码 【1939891】，返回信息 {"status":"bad","msg":""}
2021-07-29 10:28:16 查询号码 【1939891】，GSD为【""】
2021-07-29 10:28:16 bad
2021-07-29 10:28:18 CHB 1939891?1627525696 第 1 次 等待 3 秒
2021-07-29 10:28:21 CHB 1939891?1627525696 第 1 次 获取到号码【1939891】GSD
2021-07-29 10:28:21 未获取到号码【1939891】GSD，可能号码格式错误
2021-07-29 10:28:21 获取到号码【1939891】的GSD为【-】
2021-07-29 10:28:23 GSD insert 第 1 次 等待 3 秒
2021-07-29 10:28:26 {"status":"ok","gid":432203,"msg":"添加成功！"}
2021-07-29 10:28:26 下次操作: 2021-07-29 10:28:43

2021-07-29 10:28:43 开始第 20 次操作

2021-07-29 10:28:43 开始操作号码 【1939890】
2021-07-29 10:28:47 GSD getOne 第 1 次 等待 3 秒
2021-07-29 10:28:50 查询号码 【1939890】，返回信息 {"status":"bad","msg":""}
2021-07-29 10:28:50 查询号码 【1939890】，GSD为【""】
2021-07-29 10:28:50 bad
2021-07-29 10:28:52 CHB 1939890?1627525730 第 1 次 等待 3 秒
2021-07-29 10:28:55 CHB 1939890?1627525730 第 1 次 获取到号码【1939890】GSD
2021-07-29 10:28:55 未获取到号码【1939890】GSD，可能号码格式错误
2021-07-29 10:28:55 获取到号码【1939890】的GSD为【-】
2021-07-29 10:28:57 GSD insert 第 1 次 等待 3 秒
2021-07-29 10:29:00 {"status":"ok","gid":432205,"msg":"添加成功！"}
2021-07-29 10:29:00 下次操作: 2021-07-29 10:29:18

2021-07-29 10:29:18 开始第 21 次操作

2021-07-29 10:29:18 开始操作号码 【1939889】
2021-07-29 10:29:21 GSD getOne 第 1 次 等待 3 秒
2021-07-29 10:29:24 查询号码 【1939889】，返回信息 {"status":"bad","msg":""}
2021-07-29 10:29:24 查询号码 【1939889】，GSD为【""】
2021-07-29 10:29:24 bad
2021-07-29 10:29:26 CHB 1939889?1627525764 第 1 次 等待 3 秒
2021-07-29 10:29:29 CHB 1939889?1627525764 第 1 次 获取到号码【1939889】GSD
2021-07-29 10:29:29 未获取到号码【1939889】GSD，可能号码格式错误
2021-07-29 10:29:29 获取到号码【1939889】的GSD为【-】
2021-07-29 10:29:34 GSD insert 第 1 次 等待 3 秒
2021-07-29 10:29:37 {"status":"ok","gid":432209,"msg":"添加成功！"}
2021-07-29 10:29:37 下次操作: 2021-07-29 10:30:00

2021-07-29 10:30:00 开始第 22 次操作

2021-07-29 10:30:00 开始操作号码 【1939888】
2021-07-29 10:30:03 GSD getOne 第 1 次 等待 3 秒
2021-07-29 10:30:06 查询号码 【1939888】，返回信息 {"status":"bad","msg":""}
2021-07-29 10:30:06 查询号码 【1939888】，GSD为【""】
2021-07-29 10:30:06 bad
2021-07-29 10:30:07 CHB 1939888?1627525806 第 1 次 等待 3 秒
2021-07-29 10:30:10 CHB 1939888?1627525806 第 1 次 获取到号码【1939888】GSD
2021-07-29 10:30:10 未获取到号码【1939888】GSD，可能号码格式错误
2021-07-29 10:30:10 获取到号码【1939888】的GSD为【-】
2021-07-29 10:30:13 GSD insert 第 1 次 等待 3 秒
2021-07-29 10:30:16 {"status":"ok","gid":432211,"msg":"添加成功！"}
2021-07-29 10:30:16 下次操作: 2021-07-29 10:30:40

2021-07-29 10:30:40 开始第 23 次操作

2021-07-29 10:30:40 开始操作号码 【1939887】
2021-07-29 10:30:44 GSD getOne 第 1 次 等待 3 秒
2021-07-29 10:30:47 查询号码 【1939887】，返回信息 {"status":"bad","msg":""}
2021-07-29 10:30:47 查询号码 【1939887】，GSD为【""】
2021-07-29 10:30:47 bad
2021-07-29 10:30:49 CHB 1939887?1627525847 第 1 次 等待 3 秒
2021-07-29 10:30:52 CHB 1939887?1627525847 第 1 次 获取到号码【1939887】GSD
2021-07-29 10:30:52 未获取到号码【1939887】GSD，可能号码格式错误
2021-07-29 10:30:52 获取到号码【1939887】的GSD为【-】
2021-07-29 10:30:55 GSD insert 第 1 次 等待 3 秒
2021-07-29 10:30:58 {"status":"ok","gid":432213,"msg":"添加成功！"}
2021-07-29 10:30:58 下次操作: 2021-07-29 10:31:19

2021-07-29 10:31:19 开始第 24 次操作

2021-07-29 10:31:19 开始操作号码 【1939886】
2021-07-29 10:31:22 GSD getOne 第 1 次 等待 3 秒
2021-07-29 10:31:25 查询号码 【1939886】，返回信息 {"status":"bad","msg":""}
2021-07-29 10:31:25 查询号码 【1939886】，GSD为【""】
2021-07-29 10:31:25 bad
2021-07-29 10:31:27 CHB 1939886?1627525885 第 1 次 等待 3 秒
2021-07-29 10:31:30 CHB 1939886?1627525885 第 1 次 获取到号码【1939886】GSD
2021-07-29 10:31:30 未获取到号码【1939886】GSD，可能号码格式错误
2021-07-29 10:31:30 获取到号码【1939886】的GSD为【-】
2021-07-29 10:31:32 GSD insert 第 1 次 等待 3 秒
2021-07-29 10:31:35 {"status":"ok","gid":432215,"msg":"添加成功！"}
2021-07-29 10:31:35 下次操作: 2021-07-29 10:31:53

2021-07-29 10:31:53 开始第 25 次操作

2021-07-29 10:31:53 开始操作号码 【1939885】
2021-07-29 10:31:56 GSD getOne 第 1 次 等待 3 秒
2021-07-29 10:31:59 查询号码 【1939885】，返回信息 {"status":"bad","msg":""}
2021-07-29 10:32:00 查询号码 【1939885】，GSD为【""】
2021-07-29 10:32:00 bad
2021-07-29 10:32:01 CHB 1939885?1627525920 第 1 次 等待 3 秒
2021-07-29 10:32:04 CHB 1939885?1627525920 第 1 次 获取到号码【1939885】GSD
2021-07-29 10:32:04 未获取到号码【1939885】GSD，可能号码格式错误
2021-07-29 10:32:04 获取到号码【1939885】的GSD为【-】
2021-07-29 10:32:07 GSD insert 第 1 次 等待 3 秒
2021-07-29 10:32:10 {"status":"ok","gid":432218,"msg":"添加成功！"}
2021-07-29 10:32:10 下次操作: 2021-07-29 10:32:23

2021-07-29 10:32:23 开始第 26 次操作

2021-07-29 10:32:23 开始操作号码 【1939884】
2021-07-29 10:32:26 GSD getOne 第 1 次 等待 3 秒
2021-07-29 10:32:29 查询号码 【1939884】，返回信息 {"status":"bad","msg":""}
2021-07-29 10:32:29 查询号码 【1939884】，GSD为【""】
2021-07-29 10:32:29 bad
2021-07-29 10:32:31 CHB 1939884?1627525949 第 1 次 等待 3 秒
2021-07-29 10:32:34 CHB 1939884?1627525949 第 1 次 获取到号码【1939884】GSD
2021-07-29 10:32:34 未获取到号码【1939884】GSD，可能号码格式错误
2021-07-29 10:32:34 获取到号码【1939884】的GSD为【-】
2021-07-29 10:32:37 GSD insert 第 1 次 等待 3 秒
2021-07-29 10:32:40 {"status":"ok","gid":432222,"msg":"添加成功！"}
2021-07-29 10:32:40 下次操作: 2021-07-29 10:32:59

2021-07-29 10:32:59 开始第 27 次操作

2021-07-29 10:32:59 开始操作号码 【1939883】
2021-07-29 10:33:02 GSD getOne 第 1 次 等待 3 秒
2021-07-29 10:33:05 查询号码 【1939883】，返回信息 {"status":"bad","msg":""}
2021-07-29 10:33:05 查询号码 【1939883】，GSD为【""】
2021-07-29 10:33:05 bad
2021-07-29 10:33:06 CHB 1939883?1627525985 第 1 次 等待 3 秒
2021-07-29 10:33:09 CHB 1939883?1627525985 第 1 次 获取到号码【1939883】GSD
2021-07-29 10:33:09 未获取到号码【1939883】GSD，可能号码格式错误
2021-07-29 10:33:09 获取到号码【1939883】的GSD为【-】
2021-07-29 10:33:12 GSD insert 第 1 次 等待 3 秒
2021-07-29 10:33:15 {"status":"ok","gid":432225,"msg":"添加成功！"}
2021-07-29 10:33:15 下次操作: 2021-07-29 10:33:28

2021-07-29 10:33:28 开始第 28 次操作

2021-07-29 10:33:28 开始操作号码 【1939882】
2021-07-29 10:33:32 GSD getOne 第 1 次 等待 3 秒
2021-07-29 10:33:35 查询号码 【1939882】，返回信息 {"status":"bad","msg":""}
2021-07-29 10:33:35 查询号码 【1939882】，GSD为【""】
2021-07-29 10:33:35 bad
2021-07-29 10:33:37 CHB 1939882?1627526015 第 1 次 等待 3 秒
2021-07-29 10:33:40 CHB 1939882?1627526015 第 1 次 获取到号码【1939882】GSD
2021-07-29 10:33:40 未获取到号码【1939882】GSD，可能号码格式错误
2021-07-29 10:33:40 获取到号码【1939882】的GSD为【-】
2021-07-29 10:33:43 GSD insert 第 1 次 等待 3 秒
2021-07-29 10:33:46 {"status":"ok","gid":432228,"msg":"添加成功！"}
2021-07-29 10:33:46 下次操作: 2021-07-29 10:34:08

2021-07-29 10:34:08 开始第 29 次操作

2021-07-29 10:34:08 开始操作号码 【1939881】
2021-07-29 10:34:11 GSD getOne 第 1 次 等待 3 秒
2021-07-29 10:34:14 查询号码 【1939881】，返回信息 {"status":"bad","msg":""}
2021-07-29 10:34:14 查询号码 【1939881】，GSD为【""】
2021-07-29 10:34:14 bad
2021-07-29 10:34:16 CHB 1939881?1627526054 第 1 次 等待 3 秒
2021-07-29 10:34:19 CHB 1939881?1627526054 第 1 次 获取到号码【1939881】GSD
2021-07-29 10:34:19 未获取到号码【1939881】GSD，可能号码格式错误
2021-07-29 10:34:19 获取到号码【1939881】的GSD为【-】
2021-07-29 10:34:25 GSD insert 第 1 次 等待 3 秒
2021-07-29 10:34:28 {"status":"ok","gid":432231,"msg":"添加成功！"}
2021-07-29 10:34:28 下次操作: 2021-07-29 10:34:44

2021-07-29 10:34:44 开始第 30 次操作

2021-07-29 10:34:44 开始操作号码 【1939880】
2021-07-29 10:34:47 GSD getOne 第 1 次 等待 3 秒
2021-07-29 10:34:50 查询号码 【1939880】，返回信息 {"status":"bad","msg":""}
2021-07-29 10:34:51 查询号码 【1939880】，GSD为【""】
2021-07-29 10:34:51 bad
2021-07-29 10:34:52 CHB 1939880?1627526091 第 1 次 等待 3 秒
2021-07-29 10:34:55 CHB 1939880?1627526091 第 1 次 获取到号码【1939880】GSD
2021-07-29 10:34:55 未获取到号码【1939880】GSD，可能号码格式错误
2021-07-29 10:34:55 获取到号码【1939880】的GSD为【-】
2021-07-29 10:34:59 GSD insert 第 1 次 等待 3 秒
2021-07-29 10:35:02 {"status":"ok","gid":432234,"msg":"添加成功！"}
2021-07-29 10:35:02 下次操作: 2021-07-29 10:35:25

2021-07-29 10:35:25 开始第 31 次操作

2021-07-29 10:35:25 开始操作号码 【1939879】
2021-07-29 10:35:28 GSD getOne 第 1 次 等待 3 秒
2021-07-29 10:35:31 查询号码 【1939879】，返回信息 {"status":"bad","msg":""}
2021-07-29 10:35:31 查询号码 【1939879】，GSD为【""】
2021-07-29 10:35:32 bad
2021-07-29 10:35:33 CHB 1939879?1627526132 第 1 次 等待 3 秒
2021-07-29 10:35:36 CHB 1939879?1627526132 第 1 次 获取到号码【1939879】GSD
2021-07-29 10:35:36 未获取到号码【1939879】GSD，可能号码格式错误
2021-07-29 10:35:36 获取到号码【1939879】的GSD为【-】
2021-07-29 10:35:39 GSD insert 第 1 次 等待 3 秒
2021-07-29 10:35:42 {"status":"ok","gid":432237,"msg":"添加成功！"}
2021-07-29 10:35:42 下次操作: 2021-07-29 10:36:02

2021-07-29 10:36:02 开始第 32 次操作

2021-07-29 10:36:02 开始操作号码 【1939878】
2021-07-29 10:36:10 GSD getOne 第 1 次 等待 3 秒
2021-07-29 10:36:13 查询号码 【1939878】，返回信息 {"status":"bad","msg":""}
2021-07-29 10:36:13 查询号码 【1939878】，GSD为【""】
2021-07-29 10:36:13 bad
2021-07-29 10:36:14 CHB 1939878?1627526173 第 1 次 等待 3 秒
2021-07-29 10:36:17 CHB 1939878?1627526173 第 1 次 获取到号码【1939878】GSD
2021-07-29 10:36:17 未获取到号码【1939878】GSD，可能号码格式错误
2021-07-29 10:36:17 获取到号码【1939878】的GSD为【-】
2021-07-29 10:36:20 GSD insert 第 1 次 等待 3 秒
2021-07-29 10:36:23 {"status":"ok","gid":432241,"msg":"添加成功！"}
2021-07-29 10:36:23 下次操作: 2021-07-29 10:36:41

2021-07-29 10:36:41 开始第 33 次操作

2021-07-29 10:36:41 开始操作号码 【1939877】
2021-07-29 10:36:44 GSD getOne 第 1 次 等待 3 秒
2021-07-29 10:36:47 查询号码 【1939877】，返回信息 {"status":"bad","msg":""}
2021-07-29 10:36:47 查询号码 【1939877】，GSD为【""】
2021-07-29 10:36:47 bad
2021-07-29 10:36:49 CHB 1939877?1627526207 第 1 次 等待 3 秒
2021-07-29 10:36:52 CHB 1939877?1627526207 第 1 次 获取到号码【1939877】GSD
2021-07-29 10:36:52 未获取到号码【1939877】GSD，可能号码格式错误
2021-07-29 10:36:52 获取到号码【1939877】的GSD为【-】
2021-07-29 10:36:55 GSD insert 第 1 次 等待 3 秒
2021-07-29 10:36:58 {"status":"ok","gid":432244,"msg":"添加成功！"}
2021-07-29 10:36:58 下次操作: 2021-07-29 10:37:11

2021-07-29 10:37:11 开始第 34 次操作

2021-07-29 10:37:11 开始操作号码 【1939876】
2021-07-29 10:37:16 GSD getOne 第 1 次 等待 3 秒
2021-07-29 10:37:19 查询号码 【1939876】，返回信息 {"status":"bad","msg":""}
2021-07-29 10:37:19 查询号码 【1939876】，GSD为【""】
2021-07-29 10:37:19 bad
2021-07-29 10:37:20 CHB 1939876?1627526239 第 1 次 等待 3 秒
2021-07-29 10:37:23 CHB 1939876?1627526239 第 1 次 获取到号码【1939876】GSD
2021-07-29 10:37:23 未获取到号码【1939876】GSD，可能号码格式错误
2021-07-29 10:37:23 获取到号码【1939876】的GSD为【-】
2021-07-29 10:37:26 GSD insert 第 1 次 等待 3 秒
2021-07-29 10:37:29 {"status":"ok","gid":432246,"msg":"添加成功！"}
2021-07-29 10:37:29 下次操作: 2021-07-29 10:37:48

2021-07-29 10:37:48 开始第 35 次操作

2021-07-29 10:37:48 开始操作号码 【1939875】
2021-07-29 10:37:51 GSD getOne 第 1 次 等待 3 秒
2021-07-29 10:37:54 查询号码 【1939875】，返回信息 {"status":"bad","msg":""}
2021-07-29 10:37:54 查询号码 【1939875】，GSD为【""】
2021-07-29 10:37:54 bad
2021-07-29 10:37:57 CHB 1939875?1627526274 第 1 次 等待 3 秒
2021-07-29 10:38:00 CHB 1939875?1627526274 第 1 次 获取到号码【1939875】GSD
2021-07-29 10:38:00 未获取到号码【1939875】GSD，可能号码格式错误
2021-07-29 10:38:00 获取到号码【1939875】的GSD为【-】
2021-07-29 10:38:03 GSD insert 第 1 次 等待 3 秒
2021-07-29 10:38:06 {"status":"ok","gid":432249,"msg":"添加成功！"}
2021-07-29 10:38:06 下次操作: 2021-07-29 10:38:28

2021-07-29 10:38:28 开始第 36 次操作

2021-07-29 10:38:28 开始操作号码 【1939874】
2021-07-29 10:38:34 GSD getOne 第 1 次 等待 3 秒
2021-07-29 10:38:37 查询号码 【1939874】，返回信息 {"status":"bad","msg":""}
2021-07-29 10:38:37 查询号码 【1939874】，GSD为【""】
2021-07-29 10:38:37 bad
2021-07-29 10:38:40 CHB 1939874?1627526317 第 1 次 等待 3 秒
2021-07-29 10:38:43 CHB 1939874?1627526317 第 1 次 获取到号码【1939874】GSD
2021-07-29 10:38:43 未获取到号码【1939874】GSD，可能号码格式错误
2021-07-29 10:38:43 获取到号码【1939874】的GSD为【-】
2021-07-29 10:38:46 GSD insert 第 1 次 等待 3 秒
2021-07-29 10:38:49 {"status":"ok","gid":432251,"msg":"添加成功！"}
2021-07-29 10:38:49 下次操作: 2021-07-29 10:39:13

2021-07-29 10:39:13 开始第 37 次操作

2021-07-29 10:39:13 开始操作号码 【1939873】
2021-07-29 10:39:16 GSD getOne 第 1 次 等待 3 秒
2021-07-29 10:39:19 查询号码 【1939873】，返回信息 {"status":"bad","msg":""}
2021-07-29 10:39:19 查询号码 【1939873】，GSD为【""】
2021-07-29 10:39:19 bad
2021-07-29 10:39:21 CHB 1939873?1627526359 第 1 次 等待 3 秒
2021-07-29 10:39:24 CHB 1939873?1627526359 第 1 次 获取到号码【1939873】GSD
2021-07-29 10:39:24 未获取到号码【1939873】GSD，可能号码格式错误
2021-07-29 10:39:24 获取到号码【1939873】的GSD为【-】
2021-07-29 10:39:27 GSD insert 第 1 次 等待 3 秒
2021-07-29 10:39:30 {"status":"ok","gid":432255,"msg":"添加成功！"}
2021-07-29 10:39:30 下次操作: 2021-07-29 10:39:50

2021-07-29 10:39:50 开始第 38 次操作

2021-07-29 10:39:50 开始操作号码 【1939872】
2021-07-29 10:39:58 GSD getOne 第 1 次 等待 3 秒
2021-07-29 10:40:01 查询号码 【1939872】，返回信息 {"status":"bad","msg":""}
2021-07-29 10:40:01 查询号码 【1939872】，GSD为【""】
2021-07-29 10:40:01 bad
2021-07-29 10:40:02 CHB 1939872?1627526401 第 1 次 等待 3 秒
2021-07-29 10:40:05 CHB 1939872?1627526401 第 1 次 获取到号码【1939872】GSD
2021-07-29 10:40:05 未获取到号码【1939872】GSD，可能号码格式错误
2021-07-29 10:40:05 获取到号码【1939872】的GSD为【-】
2021-07-29 10:40:10 GSD insert 第 1 次 等待 3 秒
2021-07-29 10:40:13 {"status":"ok","gid":432258,"msg":"添加成功！"}
2021-07-29 10:40:13 下次操作: 2021-07-29 10:40:37

2021-07-29 10:40:37 开始第 39 次操作

2021-07-29 10:40:37 开始操作号码 【1939871】
2021-07-29 10:40:43 GSD getOne 第 1 次 等待 3 秒
2021-07-29 10:40:46 查询号码 【1939871】，返回信息 {"status":"bad","msg":""}
2021-07-29 10:40:46 查询号码 【1939871】，GSD为【""】
2021-07-29 10:40:46 bad
2021-07-29 10:40:48 CHB 1939871?1627526446 第 1 次 等待 3 秒
2021-07-29 10:40:51 CHB 1939871?1627526446 第 1 次 获取到号码【1939871】GSD
2021-07-29 10:40:51 未获取到号码【1939871】GSD，可能号码格式错误
2021-07-29 10:40:51 获取到号码【1939871】的GSD为【-】
2021-07-29 10:40:57 GSD insert 第 1 次 等待 3 秒
2021-07-29 10:41:00 {"status":"ok","gid":432260,"msg":"添加成功！"}
2021-07-29 10:41:00 下次操作: 2021-07-29 10:41:23

2021-07-29 10:41:23 开始第 40 次操作

2021-07-29 10:41:23 开始操作号码 【1939870】
2021-07-29 10:41:26 GSD getOne 第 1 次 等待 3 秒
2021-07-29 10:41:29 查询号码 【1939870】，返回信息 {"status":"bad","msg":""}
2021-07-29 10:41:29 查询号码 【1939870】，GSD为【""】
2021-07-29 10:41:29 bad
2021-07-29 10:41:31 CHB 1939870?1627526489 第 1 次 等待 3 秒
2021-07-29 10:41:34 CHB 1939870?1627526489 第 1 次 获取到号码【1939870】GSD
2021-07-29 10:41:34 未获取到号码【1939870】GSD，可能号码格式错误
2021-07-29 10:41:34 获取到号码【1939870】的GSD为【-】
2021-07-29 10:41:37 GSD insert 第 1 次 等待 3 秒
2021-07-29 10:41:40 {"status":"ok","gid":432263,"msg":"添加成功！"}

