2024-04-17 00:12:49 开始第 4057 次操作

2024-04-17 00:12:49 开始操作号码 【1623957】
2024-04-17 00:12:54 GSD getOne 第 1 次 等待 3 秒
2024-04-17 00:12:57 查询号码 【1623957】，返回信息 {"status":"ok","msg":"河南-漯河","gid":"144361","time_insert":"2021-06-28 05:03"}
2024-04-17 00:12:57 查询号码 【1623957】，GSD为【"河南-漯河"】

2024-04-17 00:12:58 开始第 4058 次操作

2024-04-17 00:12:58 开始操作号码 【1623958】
2024-04-17 00:13:03 GSD getOne 第 1 次 等待 3 秒
2024-04-17 00:13:06 查询号码 【1623958】，返回信息 {"status":"ok","msg":"河南-漯河","gid":"144375","time_insert":"2021-06-28 05:07"}
2024-04-17 00:13:06 查询号码 【1623958】，GSD为【"河南-漯河"】

2024-04-17 00:13:07 开始第 4059 次操作

2024-04-17 00:13:07 开始操作号码 【1623959】
2024-04-17 00:13:12 GSD getOne 第 1 次 等待 3 秒
2024-04-17 00:13:15 查询号码 【1623959】，返回信息 {"status":"ok","msg":"河南-漯河","gid":"144382","time_insert":"2021-06-28 05:12"}
2024-04-17 00:13:15 查询号码 【1623959】，GSD为【"河南-漯河"】

2024-04-17 00:13:16 开始第 4060 次操作

2024-04-17 00:13:16 开始操作号码 【1623960】
2024-04-17 00:13:21 GSD getOne 第 1 次 等待 3 秒
2024-04-17 00:13:24 查询号码 【1623960】，返回信息 {"status":"ok","msg":"河南-驻马店","gid":"144389","time_insert":"2021-06-28 05:17"}
2024-04-17 00:13:24 查询号码 【1623960】，GSD为【"河南-驻马店"】

