2024-07-13 00:12:14 开始第 5865 次操作

2024-07-13 00:12:14 开始操作号码 【1515755】
2024-07-13 00:12:22 GSD getOne 第 1 次 等待 3 秒
2024-07-13 00:12:25 查询号码 【1515755】，返回信息 {"status":"ok","msg":"浙江-绍兴","gid":"399336","time_insert":"2021-07-26 08:52"}
2024-07-13 00:12:25 查询号码 【1515755】，GSD为【"浙江-绍兴"】

2024-07-13 00:12:26 开始第 5866 次操作

2024-07-13 00:12:26 开始操作号码 【1515756】
2024-07-13 00:12:39 GSD getOne 第 1 次 等待 3 秒
2024-07-13 00:12:42 查询号码 【1515756】，返回信息 {"status":"ok","msg":"浙江-绍兴","gid":"17463","time_insert":"2019-09-12 10:31","time_update":"2020-08-31 11:13"}
2024-07-13 00:12:42 查询号码 【1515756】，GSD为【"浙江-绍兴"】

2024-07-13 00:12:43 开始第 5867 次操作

2024-07-13 00:12:43 开始操作号码 【1515757】
2024-07-13 00:12:52 GSD getOne 第 1 次 等待 3 秒
2024-07-13 00:12:55 查询号码 【1515757】，返回信息 {"status":"ok","msg":"浙江-绍兴","gid":"399376","time_insert":"2021-07-26 09:07"}
2024-07-13 00:12:55 查询号码 【1515757】，GSD为【"浙江-绍兴"】

2024-07-13 00:12:56 开始第 5868 次操作

2024-07-13 00:12:56 开始操作号码 【1515758】
2024-07-13 00:13:08 GSD getOne 第 1 次 等待 3 秒
2024-07-13 00:13:11 查询号码 【1515758】，返回信息 {"status":"ok","msg":"浙江-绍兴","gid":"399411","time_insert":"2021-07-26 09:21"}
2024-07-13 00:13:11 查询号码 【1515758】，GSD为【"浙江-绍兴"】

2024-07-13 00:37:47 开始第 5869 次操作

2024-07-13 00:37:47 开始操作号码 【1515759】
2024-07-13 00:38:01 GSD getOne 第 1 次 等待 3 秒
2024-07-13 00:38:04 查询号码 【1515759】，返回信息 {"status":"ok","msg":"浙江-绍兴","gid":"399429","time_insert":"2021-07-26 09:33"}
2024-07-13 00:38:04 查询号码 【1515759】，GSD为【"浙江-绍兴"】

2024-07-13 00:38:05 开始第 5870 次操作

2024-07-13 00:38:05 开始操作号码 【1515760】
2024-07-13 00:38:13 GSD getOne 第 1 次 等待 3 秒
2024-07-13 00:38:16 查询号码 【1515760】，返回信息 {"status":"ok","msg":"浙江-台州","gid":"399500","time_insert":"2021-07-26 09:45"}
2024-07-13 00:38:16 查询号码 【1515760】，GSD为【"浙江-台州"】

2024-07-13 00:38:17 开始第 5871 次操作

2024-07-13 00:38:17 开始操作号码 【1515761】
2024-07-13 00:38:28 GSD getOne 第 1 次 等待 3 秒
2024-07-13 00:38:31 查询号码 【1515761】，返回信息 {"status":"ok","msg":"浙江-台州","gid":"399701","time_insert":"2021-07-26 09:58"}
2024-07-13 00:38:31 查询号码 【1515761】，GSD为【"浙江-台州"】

2024-07-13 00:38:32 开始第 5872 次操作

2024-07-13 00:38:32 开始操作号码 【1515762】
2024-07-13 00:38:42 GSD getOne 第 1 次 等待 3 秒
2024-07-13 00:38:45 查询号码 【1515762】，返回信息 {"status":"ok","msg":"浙江-台州","gid":"399842","time_insert":"2021-07-26 10:12"}
2024-07-13 00:38:46 查询号码 【1515762】，GSD为【"浙江-台州"】

