2024-07-02 00:11:42 开始第 3873 次操作

2024-07-02 00:11:42 开始操作号码 【1513763】
2024-07-02 00:11:57 GSD getOne 第 1 次 等待 3 秒
2024-07-02 00:12:00 查询号码 【1513763】，返回信息 {"status":"ok","msg":"河南-信阳","gid":"17315","time_insert":"2018-01-30 23:03","time_update":"2020-09-12 18:13"}
2024-07-02 00:12:00 查询号码 【1513763】，GSD为【"河南-信阳"】

2024-07-02 00:12:01 开始第 3874 次操作

2024-07-02 00:12:01 开始操作号码 【1513764】
2024-07-02 00:12:16 GSD getOne 第 1 次 等待 3 秒
2024-07-02 00:12:19 查询号码 【1513764】，返回信息 {"status":"ok","msg":"河南-信阳","gid":"227859","time_insert":"2021-07-09 03:47"}
2024-07-02 00:12:19 查询号码 【1513764】，GSD为【"河南-信阳"】

2024-07-02 00:12:20 开始第 3875 次操作

2024-07-02 00:12:20 开始操作号码 【1513765】
2024-07-02 00:12:43 GSD getOne 第 1 次 等待 3 秒
2024-07-02 00:12:46 查询号码 【1513765】，返回信息 {"status":"ok","msg":"河南-信阳","gid":"227974","time_insert":"2021-07-09 04:00"}
2024-07-02 00:12:46 查询号码 【1513765】，GSD为【"河南-信阳"】

2024-07-02 00:12:47 开始第 3876 次操作

2024-07-02 00:12:47 开始操作号码 【1513766】
2024-07-02 00:13:01 GSD getOne 第 1 次 等待 3 秒
2024-07-02 00:13:04 查询号码 【1513766】，返回信息 {"status":"ok","msg":"河南-信阳","gid":"227996","time_insert":"2021-07-09 04:12"}
2024-07-02 00:13:04 查询号码 【1513766】，GSD为【"河南-信阳"】

