2024-04-05 00:10:59 开始第 2009 次操作

2024-04-05 00:10:59 开始操作号码 【1621909】
2024-04-05 00:11:05 GSD getOne 第 1 次 等待 3 秒
2024-04-05 00:11:08 查询号码 【1621909】，返回信息 {"status":"ok","msg":"-","gid":"110342","time_insert":"2021-06-21 11:12"}
2024-04-05 00:11:08 查询号码 【1621909】，GSD为【"-"】
2024-04-05 00:11:08 ok && -
2024-04-05 00:11:10 CHB 1621909?1712247068 第 1 次 等待 3 秒
2024-04-05 00:11:13 CHB 1621909?1712247068 第 1 次 获取到号码【1621909】GSD
2024-04-05 00:11:13 未获取到号码【1621909】GSD，可能号码格式错误
2024-04-05 00:11:13 获取到号码【1621909】的GSD为【-】
2024-04-05 00:11:18 GSD insert 第 1 次 等待 3 秒
2024-04-05 00:11:21 {"status":"bad","gid":"110342","msg":"添加失败！号码【1621909(-|-)】已存在！"}
2024-04-05 00:11:21 随机等待 103 秒，约 1 分钟
2024-04-05 00:11:21 下次操作: 2024-04-05 00:13:04

2024-04-05 00:13:04 开始第 2010 次操作

2024-04-05 00:13:04 开始操作号码 【1621910】
2024-04-05 00:13:09 GSD getOne 第 1 次 等待 3 秒
2024-04-05 00:13:12 查询号码 【1621910】，返回信息 {"status":"ok","msg":"陕西-延安","gid":"110347","time_insert":"2021-06-21 11:16"}
2024-04-05 00:13:12 查询号码 【1621910】，GSD为【"陕西-延安"】

2024-04-05 00:13:13 开始第 2011 次操作

2024-04-05 00:13:13 开始操作号码 【1621911】
2024-04-05 00:13:18 GSD getOne 第 1 次 等待 3 秒
2024-04-05 00:13:21 查询号码 【1621911】，返回信息 {"status":"ok","msg":"陕西-延安","gid":"110358","time_insert":"2021-06-21 11:21"}
2024-04-05 00:13:21 查询号码 【1621911】，GSD为【"陕西-延安"】

2024-04-05 00:13:22 开始第 2012 次操作

2024-04-05 00:13:22 开始操作号码 【1621912】
2024-04-05 00:13:35 GSD getOne 第 1 次 等待 3 秒
2024-04-05 00:13:38 查询号码 【1621912】，返回信息 {"status":"ok","msg":"陕西-榆林","gid":"110364","time_insert":"2021-06-21 11:27"}
2024-04-05 00:13:38 查询号码 【1621912】，GSD为【"陕西-榆林"】

2024-04-05 00:36:03 开始第 2013 次操作

2024-04-05 00:36:03 开始操作号码 【1621913】
2024-04-05 00:36:08 GSD getOne 第 1 次 等待 3 秒
2024-04-05 00:36:11 查询号码 【1621913】，返回信息 {"status":"ok","msg":"陕西-渭南","gid":"110370","time_insert":"2021-06-21 11:31"}
2024-04-05 00:36:11 查询号码 【1621913】，GSD为【"陕西-渭南"】

2024-04-05 00:36:12 开始第 2014 次操作

2024-04-05 00:36:12 开始操作号码 【1621914】
2024-04-05 00:36:18 GSD getOne 第 1 次 等待 3 秒
2024-04-05 00:36:21 查询号码 【1621914】，返回信息 {"status":"ok","msg":"陕西-渭南","gid":"110376","time_insert":"2021-06-21 11:35"}
2024-04-05 00:36:21 查询号码 【1621914】，GSD为【"陕西-渭南"】

2024-04-05 00:36:22 开始第 2015 次操作

2024-04-05 00:36:22 开始操作号码 【1621915】
2024-04-05 00:36:28 GSD getOne 第 1 次 等待 3 秒
2024-04-05 00:36:31 查询号码 【1621915】，返回信息 {"status":"ok","msg":"陕西-宝鸡","gid":"110385","time_insert":"2021-06-21 11:40"}
2024-04-05 00:36:31 查询号码 【1621915】，GSD为【"陕西-宝鸡"】

2024-04-05 00:36:32 开始第 2016 次操作

2024-04-05 00:36:32 开始操作号码 【1621916】
2024-04-05 00:36:39 GSD getOne 第 1 次 等待 3 秒
2024-04-05 00:36:42 查询号码 【1621916】，返回信息 {"status":"ok","msg":"陕西-宝鸡","gid":"110390","time_insert":"2021-06-21 11:44"}
2024-04-05 00:36:42 查询号码 【1621916】，GSD为【"陕西-宝鸡"】

2024-04-05 01:07:40 开始第 2017 次操作

2024-04-05 01:07:40 开始操作号码 【1621917】
2024-04-05 01:07:44 GSD getOne 第 1 次 等待 3 秒
2024-04-05 01:07:47 查询号码 【1621917】，返回信息 {"status":"ok","msg":"陕西-宝鸡","gid":"110394","time_insert":"2021-06-21 11:49"}
2024-04-05 01:07:47 查询号码 【1621917】，GSD为【"陕西-宝鸡"】

2024-04-05 01:07:48 开始第 2018 次操作

2024-04-05 01:07:48 开始操作号码 【1621918】
2024-04-05 01:07:54 GSD getOne 第 1 次 等待 3 秒
2024-04-05 01:07:57 查询号码 【1621918】，返回信息 {"status":"ok","msg":"陕西-宝鸡","gid":"110397","time_insert":"2021-06-21 11:53"}
2024-04-05 01:07:57 查询号码 【1621918】，GSD为【"陕西-宝鸡"】

2024-04-05 01:07:58 开始第 2019 次操作

2024-04-05 01:07:58 开始操作号码 【1621919】
2024-04-05 01:08:03 GSD getOne 第 1 次 等待 3 秒
2024-04-05 01:08:06 查询号码 【1621919】，返回信息 {"status":"ok","msg":"陕西-铜川","gid":"110406","time_insert":"2021-06-21 11:58"}
2024-04-05 01:08:06 查询号码 【1621919】，GSD为【"陕西-铜川"】

2024-04-05 01:08:07 开始第 2020 次操作

2024-04-05 01:08:07 开始操作号码 【1621920】
2024-04-05 01:08:13 GSD getOne 第 1 次 等待 3 秒
2024-04-05 01:08:16 查询号码 【1621920】，返回信息 {"status":"ok","msg":"陕西-榆林","gid":"110413","time_insert":"2021-06-21 12:01"}
2024-04-05 01:08:16 查询号码 【1621920】，GSD为【"陕西-榆林"】

2024-04-05 01:33:03 开始第 2021 次操作

2024-04-05 01:33:03 开始操作号码 【1621921】
2024-04-05 01:33:10 GSD getOne 第 1 次 等待 3 秒
2024-04-05 01:33:13 查询号码 【1621921】，返回信息 {"status":"ok","msg":"陕西-榆林","gid":"110418","time_insert":"2021-06-21 12:07"}
2024-04-05 01:33:13 查询号码 【1621921】，GSD为【"陕西-榆林"】

2024-04-05 01:33:14 开始第 2022 次操作

2024-04-05 01:33:14 开始操作号码 【1621922】
2024-04-05 01:33:19 GSD getOne 第 1 次 等待 3 秒
2024-04-05 01:33:22 查询号码 【1621922】，返回信息 {"status":"ok","msg":"陕西-榆林","gid":"110425","time_insert":"2021-06-21 12:12"}
2024-04-05 01:33:22 查询号码 【1621922】，GSD为【"陕西-榆林"】

2024-04-05 01:33:23 开始第 2023 次操作

2024-04-05 01:33:23 开始操作号码 【1621923】
2024-04-05 01:33:27 GSD getOne 第 1 次 等待 3 秒
2024-04-05 01:33:30 查询号码 【1621923】，返回信息 {"status":"ok","msg":"陕西-榆林","gid":"110432","time_insert":"2021-06-21 12:17"}
2024-04-05 01:33:30 查询号码 【1621923】，GSD为【"陕西-榆林"】

2024-04-05 01:33:31 开始第 2024 次操作

2024-04-05 01:33:31 开始操作号码 【1621924】
2024-04-05 01:33:36 GSD getOne 第 1 次 等待 3 秒
2024-04-05 01:33:39 查询号码 【1621924】，返回信息 {"status":"ok","msg":"陕西-榆林","gid":"110443","time_insert":"2021-06-21 12:23"}
2024-04-05 01:33:39 查询号码 【1621924】，GSD为【"陕西-榆林"】

2024-04-05 02:11:37 开始第 2025 次操作

2024-04-05 02:11:37 开始操作号码 【1621925】
2024-04-05 02:11:42 GSD getOne 第 1 次 等待 3 秒
2024-04-05 02:11:45 查询号码 【1621925】，返回信息 {"status":"ok","msg":"陕西-榆林","gid":"110448","time_insert":"2021-06-21 12:28"}
2024-04-05 02:11:45 查询号码 【1621925】，GSD为【"陕西-榆林"】

2024-04-05 02:11:46 开始第 2026 次操作

2024-04-05 02:11:46 开始操作号码 【1621926】
2024-04-05 02:11:52 GSD getOne 第 1 次 等待 3 秒
2024-04-05 02:11:55 查询号码 【1621926】，返回信息 {"status":"ok","msg":"陕西-榆林","gid":"110455","time_insert":"2021-06-21 12:33"}
2024-04-05 02:11:55 查询号码 【1621926】，GSD为【"陕西-榆林"】

2024-04-05 02:11:56 开始第 2027 次操作

2024-04-05 02:11:56 开始操作号码 【1621927】
2024-04-05 02:12:02 GSD getOne 第 1 次 等待 3 秒
2024-04-05 02:12:05 查询号码 【1621927】，返回信息 {"status":"ok","msg":"陕西-榆林","gid":"28416","time_insert":"2018-12-24 22:32","time_update":"2021-06-09 01:19"}
2024-04-05 02:12:05 查询号码 【1621927】，GSD为【"陕西-榆林"】

2024-04-05 02:12:06 开始第 2028 次操作

2024-04-05 02:12:06 开始操作号码 【1621928】
2024-04-05 02:12:12 GSD getOne 第 1 次 等待 3 秒
2024-04-05 02:12:15 查询号码 【1621928】，返回信息 {"status":"ok","msg":"陕西-榆林","gid":"110468","time_insert":"2021-06-21 12:41"}
2024-04-05 02:12:15 查询号码 【1621928】，GSD为【"陕西-榆林"】

2024-04-05 02:33:44 开始第 2029 次操作

2024-04-05 02:33:44 开始操作号码 【1621929】
2024-04-05 02:33:50 GSD getOne 第 1 次 等待 3 秒
2024-04-05 02:33:53 查询号码 【1621929】，返回信息 {"status":"ok","msg":"陕西-榆林","gid":"110473","time_insert":"2021-06-21 12:45"}
2024-04-05 02:33:53 查询号码 【1621929】，GSD为【"陕西-榆林"】

2024-04-05 02:33:54 开始第 2030 次操作

2024-04-05 02:33:54 开始操作号码 【1621930】
2024-04-05 02:34:00 GSD getOne 第 1 次 等待 3 秒
2024-04-05 02:34:03 查询号码 【1621930】，返回信息 {"status":"ok","msg":"甘肃-兰州","gid":"110481","time_insert":"2021-06-21 12:51"}
2024-04-05 02:34:04 查询号码 【1621930】，GSD为【"甘肃-兰州"】

2024-04-05 02:34:05 开始第 2031 次操作

2024-04-05 02:34:05 开始操作号码 【1621931】
2024-04-05 02:34:10 GSD getOne 第 1 次 等待 3 秒
2024-04-05 02:34:13 查询号码 【1621931】，返回信息 {"status":"ok","msg":"甘肃-兰州","gid":"110488","time_insert":"2021-06-21 12:54"}
2024-04-05 02:34:13 查询号码 【1621931】，GSD为【"甘肃-兰州"】

2024-04-05 02:34:14 开始第 2032 次操作

2024-04-05 02:34:14 开始操作号码 【1621932】
2024-04-05 02:34:19 GSD getOne 第 1 次 等待 3 秒
2024-04-05 02:34:22 查询号码 【1621932】，返回信息 {"status":"ok","msg":"甘肃-兰州","gid":"110492","time_insert":"2021-06-21 12:59"}
2024-04-05 02:34:22 查询号码 【1621932】，GSD为【"甘肃-兰州"】

2024-04-05 03:07:58 开始第 2033 次操作

2024-04-05 03:07:58 开始操作号码 【1621933】
2024-04-05 03:08:05 GSD getOne 第 1 次 等待 3 秒
2024-04-05 03:08:08 查询号码 【1621933】，返回信息 {"status":"ok","msg":"甘肃-兰州","gid":"110500","time_insert":"2021-06-21 13:05"}
2024-04-05 03:08:08 查询号码 【1621933】，GSD为【"甘肃-兰州"】

2024-04-05 03:08:09 开始第 2034 次操作

2024-04-05 03:08:09 开始操作号码 【1621934】
2024-04-05 03:08:13 GSD getOne 第 1 次 等待 3 秒
2024-04-05 03:08:16 查询号码 【1621934】，返回信息 {"status":"ok","msg":"甘肃-兰州","gid":"110512","time_insert":"2021-06-21 13:10"}
2024-04-05 03:08:16 查询号码 【1621934】，GSD为【"甘肃-兰州"】

2024-04-05 03:08:17 开始第 2035 次操作

2024-04-05 03:08:17 开始操作号码 【1621935】
2024-04-05 03:08:24 GSD getOne 第 1 次 等待 3 秒
2024-04-05 03:08:27 查询号码 【1621935】，返回信息 {"status":"ok","msg":"甘肃-酒泉","gid":"110517","time_insert":"2021-06-21 13:14"}
2024-04-05 03:08:27 查询号码 【1621935】，GSD为【"甘肃-酒泉"】

2024-04-05 03:08:28 开始第 2036 次操作

2024-04-05 03:08:28 开始操作号码 【1621936】
2024-04-05 03:08:34 GSD getOne 第 1 次 等待 3 秒
2024-04-05 03:08:37 查询号码 【1621936】，返回信息 {"status":"ok","msg":"甘肃-张掖","gid":"110520","time_insert":"2021-06-21 13:19"}
2024-04-05 03:08:37 查询号码 【1621936】，GSD为【"甘肃-张掖"】

2024-04-05 03:34:01 开始第 2037 次操作

2024-04-05 03:34:01 开始操作号码 【1621937】
2024-04-05 03:34:06 GSD getOne 第 1 次 等待 3 秒
2024-04-05 03:34:09 查询号码 【1621937】，返回信息 {"status":"ok","msg":"甘肃-酒泉","gid":"110530","time_insert":"2021-06-21 13:25"}
2024-04-05 03:34:09 查询号码 【1621937】，GSD为【"甘肃-酒泉"】

2024-04-05 03:34:10 开始第 2038 次操作

2024-04-05 03:34:10 开始操作号码 【1621938】
2024-04-05 03:34:14 GSD getOne 第 1 次 等待 3 秒
2024-04-05 03:34:17 查询号码 【1621938】，返回信息 {"status":"ok","msg":"甘肃-天水","gid":"110540","time_insert":"2021-06-21 13:29"}
2024-04-05 03:34:17 查询号码 【1621938】，GSD为【"甘肃-天水"】

2024-04-05 03:34:18 开始第 2039 次操作

2024-04-05 03:34:18 开始操作号码 【1621939】
2024-04-05 03:34:23 GSD getOne 第 1 次 等待 3 秒
2024-04-05 03:34:26 查询号码 【1621939】，返回信息 {"status":"ok","msg":"甘肃-酒泉","gid":"110544","time_insert":"2021-06-21 13:34"}
2024-04-05 03:34:26 查询号码 【1621939】，GSD为【"甘肃-酒泉"】

2024-04-05 03:34:27 开始第 2040 次操作

2024-04-05 03:34:27 开始操作号码 【1621940】
2024-04-05 03:34:31 GSD getOne 第 1 次 等待 3 秒
2024-04-05 03:34:34 查询号码 【1621940】，返回信息 {"status":"ok","msg":"陕西-西安","gid":"110550","time_insert":"2021-06-21 13:39"}
2024-04-05 03:34:34 查询号码 【1621940】，GSD为【"陕西-西安"】

