2024-05-05 00:10:32 开始第 7365 次操作

2024-05-05 00:10:32 开始操作号码 【1627265】
2024-05-05 00:10:39 GSD getOne 第 1 次 等待 3 秒
2024-05-05 00:10:42 查询号码 【1627265】，返回信息 {"status":"ok","msg":"吉林-白城","gid":"228136","time_insert":"2021-07-09 04:43"}
2024-05-05 00:10:42 查询号码 【1627265】，GSD为【"吉林-白城"】

2024-05-05 00:10:43 开始第 7366 次操作

2024-05-05 00:10:43 开始操作号码 【1627266】
2024-05-05 00:10:48 GSD getOne 第 1 次 等待 3 秒
2024-05-05 00:10:51 查询号码 【1627266】，返回信息 {"status":"ok","msg":"吉林-白城","gid":"228205","time_insert":"2021-07-09 04:48"}
2024-05-05 00:10:51 查询号码 【1627266】，GSD为【"吉林-白城"】

2024-05-05 00:10:52 开始第 7367 次操作

2024-05-05 00:10:52 开始操作号码 【1627267】
2024-05-05 00:11:00 GSD getOne 第 1 次 等待 3 秒
2024-05-05 00:11:03 查询号码 【1627267】，返回信息 {"status":"ok","msg":"吉林-白城","gid":"228267","time_insert":"2021-07-09 04:53"}
2024-05-05 00:11:03 查询号码 【1627267】，GSD为【"吉林-白城"】

2024-05-05 00:11:04 开始第 7368 次操作

2024-05-05 00:11:04 开始操作号码 【1627268】
2024-05-05 00:11:10 GSD getOne 第 1 次 等待 3 秒
2024-05-05 00:11:13 查询号码 【1627268】，返回信息 {"status":"ok","msg":"吉林-白城","gid":"228302","time_insert":"2021-07-09 04:57"}
2024-05-05 00:11:13 查询号码 【1627268】，GSD为【"吉林-白城"】

