2024-08-30 00:26:44 开始第 1801 次操作

2024-08-30 00:26:44 开始操作号码 【1401800】
2024-08-30 00:26:54 GSD getOne 第 1 次 等待 3 秒
2024-08-30 00:26:57 查询号码 【1401800】，返回信息 {"status":"ok","msg":"-","gid":"548284","time_insert":"2023-02-23 00:44"}
2024-08-30 00:26:57 查询号码 【1401800】，GSD为【"-"】
2024-08-30 00:26:57 ok && -
2024-08-30 00:26:59 CHB 1401800?1724948817 第 1 次 等待 3 秒
2024-08-30 00:27:02 CHB 1401800?1724948817 第 1 次 获取到号码【1401800】GSD
2024-08-30 00:27:02 未获取到号码【1401800】GSD，可能号码格式错误
2024-08-30 00:27:02 获取到号码【1401800】的GSD为【-】
2024-08-30 00:27:04 GSD insert 第 1 次 等待 3 秒
2024-08-30 00:27:07 {"status":"bad","gid":"548284","msg":"添加失败！号码【1401800(-|-)】已存在！"}
2024-08-30 00:27:07 随机等待 199 秒，约 3 分钟
2024-08-30 00:27:07 下次操作: 2024-08-30 00:30:26

2024-08-30 00:30:26 开始第 1802 次操作

2024-08-30 00:30:26 开始操作号码 【1401801】
2024-08-30 00:30:34 GSD getOne 第 1 次 等待 3 秒
2024-08-30 00:30:37 查询号码 【1401801】，返回信息 {"status":"ok","msg":"-","gid":"548313","time_insert":"2023-02-23 00:59"}
2024-08-30 00:30:37 查询号码 【1401801】，GSD为【"-"】
2024-08-30 00:30:37 ok && -
2024-08-30 00:30:39 CHB 1401801?1724949037 第 1 次 等待 3 秒
2024-08-30 00:30:42 CHB 1401801?1724949037 第 1 次 获取到号码【1401801】GSD
2024-08-30 00:30:42 未获取到号码【1401801】GSD，可能号码格式错误
2024-08-30 00:30:42 获取到号码【1401801】的GSD为【-】
2024-08-30 00:30:50 GSD insert 第 1 次 等待 3 秒
2024-08-30 00:30:53 {"status":"bad","gid":"548313","msg":"添加失败！号码【1401801(-|-)】已存在！"}
2024-08-30 00:30:53 随机等待 175 秒，约 2 分钟
2024-08-30 00:30:53 下次操作: 2024-08-30 00:33:48

2024-08-30 00:33:48 开始第 1803 次操作

2024-08-30 00:33:48 开始操作号码 【1401802】
2024-08-30 00:33:56 GSD getOne 第 1 次 等待 3 秒
2024-08-30 00:33:59 查询号码 【1401802】，返回信息 {"status":"ok","msg":"-","gid":"548338","time_insert":"2023-02-23 01:16"}
2024-08-30 00:33:59 查询号码 【1401802】，GSD为【"-"】
2024-08-30 00:33:59 ok && -
2024-08-30 00:34:01 CHB 1401802?1724949239 第 1 次 等待 3 秒
2024-08-30 00:34:04 CHB 1401802?1724949239 第 1 次 获取到号码【1401802】GSD
2024-08-30 00:34:04 未获取到号码【1401802】GSD，可能号码格式错误
2024-08-30 00:34:04 获取到号码【1401802】的GSD为【-】
2024-08-30 00:34:13 GSD insert 第 1 次 等待 3 秒
2024-08-30 00:34:16 {"status":"bad","gid":"548338","msg":"添加失败！号码【1401802(-|-)】已存在！"}
2024-08-30 00:34:16 随机等待 79 秒，约 1 分钟
2024-08-30 00:34:16 下次操作: 2024-08-30 00:35:35

2024-08-30 00:35:35 开始第 1804 次操作

2024-08-30 00:35:35 开始操作号码 【1401803】
2024-08-30 00:35:44 GSD getOne 第 1 次 等待 3 秒
2024-08-30 00:35:47 查询号码 【1401803】，返回信息 {"status":"ok","msg":"-","gid":"548362","time_insert":"2023-02-23 01:33"}
2024-08-30 00:35:47 查询号码 【1401803】，GSD为【"-"】
2024-08-30 00:35:47 ok && -
2024-08-30 00:35:49 CHB 1401803?1724949347 第 1 次 等待 3 秒
2024-08-30 00:35:52 CHB 1401803?1724949347 第 1 次 获取到号码【1401803】GSD
2024-08-30 00:35:52 未获取到号码【1401803】GSD，可能号码格式错误
2024-08-30 00:35:52 获取到号码【1401803】的GSD为【-】
2024-08-30 00:35:59 GSD insert 第 1 次 等待 3 秒
2024-08-30 00:36:02 {"status":"bad","gid":"548362","msg":"添加失败！号码【1401803(-|-)】已存在！"}

