2024-10-03 00:29:03 开始第 7293 次操作

2024-10-03 00:29:03 开始操作号码 【1407290】
2024-10-03 00:29:06 GSD getOne 第 1 次 等待 3 秒
2024-10-03 00:29:09 查询号码 【1407290】，返回信息 {"status":"ok","msg":"-","gid":"673982","time_insert":"2023-04-24 07:39"}
2024-10-03 00:29:09 查询号码 【1407290】，GSD为【"-"】
2024-10-03 00:29:09 ok && -
2024-10-03 00:29:12 CHB 1407290?1727886549 第 1 次 等待 3 秒
2024-10-03 00:29:15 CHB 1407290?1727886549 第 1 次 获取到号码【1407290】GSD
2024-10-03 00:29:15 未获取到号码【1407290】GSD，可能号码格式错误
2024-10-03 00:29:15 获取到号码【1407290】的GSD为【-】
2024-10-03 00:29:17 GSD insert 第 1 次 等待 3 秒
2024-10-03 00:29:20 {"status":"bad","gid":"673982","msg":"添加失败！号码【1407290(-|-)】已存在！"}
2024-10-03 00:29:20 随机等待 125 秒，约 2 分钟
2024-10-03 00:29:20 下次操作: 2024-10-03 00:31:25

2024-10-03 00:31:25 开始第 7294 次操作

2024-10-03 00:31:25 开始操作号码 【1407291】
2024-10-03 00:31:30 GSD getOne 第 1 次 等待 3 秒
2024-10-03 00:31:33 查询号码 【1407291】，返回信息 {"status":"ok","msg":"-","gid":"674000","time_insert":"2023-04-24 08:02"}
2024-10-03 00:31:33 查询号码 【1407291】，GSD为【"-"】
2024-10-03 00:31:33 ok && -
2024-10-03 00:31:34 CHB 1407291?1727886693 第 1 次 等待 3 秒
2024-10-03 00:31:37 CHB 1407291?1727886693 第 1 次 获取到号码【1407291】GSD
2024-10-03 00:31:37 未获取到号码【1407291】GSD，可能号码格式错误
2024-10-03 00:31:37 获取到号码【1407291】的GSD为【-】
2024-10-03 00:31:40 GSD insert 第 1 次 等待 3 秒
2024-10-03 00:31:43 {"status":"bad","gid":"674000","msg":"添加失败！号码【1407291(-|-)】已存在！"}
2024-10-03 00:31:43 随机等待 164 秒，约 2 分钟
2024-10-03 00:31:43 下次操作: 2024-10-03 00:34:27

2024-10-03 00:34:27 开始第 7295 次操作

2024-10-03 00:34:27 开始操作号码 【1407292】
2024-10-03 00:34:29 GSD getOne 第 1 次 等待 3 秒
2024-10-03 00:34:32 查询号码 【1407292】，返回信息 {"status":"ok","msg":"-","gid":"674009","time_insert":"2023-04-24 08:14"}
2024-10-03 00:34:32 查询号码 【1407292】，GSD为【"-"】
2024-10-03 00:34:32 ok && -
2024-10-03 00:34:34 CHB 1407292?1727886872 第 1 次 等待 3 秒
2024-10-03 00:34:37 CHB 1407292?1727886872 第 1 次 获取到号码【1407292】GSD
2024-10-03 00:34:37 未获取到号码【1407292】GSD，可能号码格式错误
2024-10-03 00:34:37 获取到号码【1407292】的GSD为【-】
2024-10-03 00:34:40 GSD insert 第 1 次 等待 3 秒
2024-10-03 00:34:43 {"status":"bad","gid":"674009","msg":"添加失败！号码【1407292(-|-)】已存在！"}
2024-10-03 00:34:43 随机等待 153 秒，约 2 分钟
2024-10-03 00:34:43 下次操作: 2024-10-03 00:37:16

2024-10-03 00:37:16 开始第 7296 次操作

2024-10-03 00:37:16 开始操作号码 【1407293】
2024-10-03 00:37:19 GSD getOne 第 1 次 等待 3 秒
2024-10-03 00:37:22 查询号码 【1407293】，返回信息 {"status":"ok","msg":"-","gid":"674025","time_insert":"2023-04-24 08:32"}
2024-10-03 00:37:22 查询号码 【1407293】，GSD为【"-"】
2024-10-03 00:37:22 ok && -
2024-10-03 00:37:24 CHB 1407293?1727887042 第 1 次 等待 3 秒
2024-10-03 00:37:27 CHB 1407293?1727887042 第 1 次 获取到号码【1407293】GSD
2024-10-03 00:37:27 未获取到号码【1407293】GSD，可能号码格式错误
2024-10-03 00:37:27 获取到号码【1407293】的GSD为【-】
2024-10-03 00:37:29 GSD insert 第 1 次 等待 3 秒
2024-10-03 00:37:32 {"status":"bad","gid":"674025","msg":"添加失败！号码【1407293(-|-)】已存在！"}

