2023-12-31 00:09:47 开始第 6273 次操作

2023-12-31 00:09:47 开始操作号码 【1846172】
2023-12-31 00:09:49 GSD getOne 第 1 次 等待 3 秒
2023-12-31 00:09:52 查询号码 【1846172】，返回信息 {"status":"ok","msg":"河南-郑州","gid":"440295","time_insert":"2021-07-30 03:46"}
2023-12-31 00:09:53 查询号码 【1846172】，GSD为【"河南-郑州"】

2023-12-31 00:09:54 开始第 6274 次操作

2023-12-31 00:09:54 开始操作号码 【1846173】
2023-12-31 00:09:57 GSD getOne 第 1 次 等待 3 秒
2023-12-31 00:10:00 查询号码 【1846173】，返回信息 {"status":"ok","msg":"河南-郑州","gid":"440283","time_insert":"2021-07-30 03:45"}
2023-12-31 00:10:00 查询号码 【1846173】，GSD为【"河南-郑州"】

2023-12-31 00:10:01 开始第 6275 次操作

2023-12-31 00:10:01 开始操作号码 【1846174】
2023-12-31 00:10:04 GSD getOne 第 1 次 等待 3 秒
2023-12-31 00:10:07 查询号码 【1846174】，返回信息 {"status":"ok","msg":"河南-郑州","gid":"440270","time_insert":"2021-07-30 03:44"}
2023-12-31 00:10:07 查询号码 【1846174】，GSD为【"河南-郑州"】

2023-12-31 00:10:08 开始第 6276 次操作

2023-12-31 00:10:08 开始操作号码 【1846175】
2023-12-31 00:10:13 GSD getOne 第 1 次 等待 3 秒
2023-12-31 00:10:16 查询号码 【1846175】，返回信息 {"status":"ok","msg":"河南-郑州","gid":"440258","time_insert":"2021-07-30 03:43"}
2023-12-31 00:10:16 查询号码 【1846175】，GSD为【"河南-郑州"】

