2021-07-27 00:00:13 开始第 9 次操作

2021-07-27 00:00:13 开始操作号码 【1556714】
2021-07-27 00:00:19 GSD getOne 第 1 次 等待 3 秒
2021-07-27 00:00:22 查询号码 【1556714】，返回信息 {"status":"bad","msg":""}
2021-07-27 00:00:22 查询号码 【1556714】，GSD为【""】
2021-07-27 00:00:22 bad
2021-07-27 00:00:23 CHB 1556714?1627315222 第 1 次 等待 3 秒
2021-07-27 00:00:26 CHB 1556714?1627315222 第 1 次 获取到号码【1556714】GSD
2021-07-27 00:00:26 获取到号码【1556714】的GSD为【吉林-长春】
2021-07-27 00:00:29 GSD insert 第 1 次 等待 3 秒
2021-07-27 00:00:32 {"status":"ok","gid":407048,"msg":"添加成功！"}
2021-07-27 00:00:32 下次操作: 2021-07-27 00:00:47

2021-07-27 00:00:47 开始第 10 次操作

2021-07-27 00:00:47 开始操作号码 【1556713】
2021-07-27 00:00:50 GSD getOne 第 1 次 等待 3 秒
2021-07-27 00:00:53 查询号码 【1556713】，返回信息 {"status":"bad","msg":""}
2021-07-27 00:00:54 查询号码 【1556713】，GSD为【""】
2021-07-27 00:00:54 bad
2021-07-27 00:00:55 CHB 1556713?1627315254 第 1 次 等待 3 秒
2021-07-27 00:00:58 CHB 1556713?1627315254 第 1 次 获取到号码【1556713】GSD
2021-07-27 00:00:58 获取到号码【1556713】的GSD为【吉林-长春】
2021-07-27 00:01:01 GSD insert 第 1 次 等待 3 秒
2021-07-27 00:01:04 {"status":"ok","gid":407058,"msg":"添加成功！"}
2021-07-27 00:01:04 下次操作: 2021-07-27 00:01:28

2021-07-27 00:01:28 开始第 11 次操作

2021-07-27 00:01:28 开始操作号码 【1556712】
2021-07-27 00:01:34 GSD getOne 第 1 次 等待 3 秒
2021-07-27 00:01:37 查询号码 【1556712】，返回信息 {"status":"bad","msg":""}
2021-07-27 00:01:37 查询号码 【1556712】，GSD为【""】
2021-07-27 00:01:37 bad
2021-07-27 00:01:38 CHB 1556712?1627315297 第 1 次 等待 3 秒
2021-07-27 00:01:41 CHB 1556712?1627315297 第 1 次 获取到号码【1556712】GSD
2021-07-27 00:01:41 获取到号码【1556712】的GSD为【吉林-长春】
2021-07-27 00:01:47 GSD insert 第 1 次 等待 3 秒
2021-07-27 00:01:50 {"status":"ok","gid":407071,"msg":"添加成功！"}
2021-07-27 00:01:50 下次操作: 2021-07-27 00:02:11

2021-07-27 00:02:11 开始第 12 次操作

2021-07-27 00:02:11 开始操作号码 【1556711】
2021-07-27 00:02:14 GSD getOne 第 1 次 等待 3 秒
2021-07-27 00:02:17 查询号码 【1556711】，返回信息 {"status":"bad","msg":""}
2021-07-27 00:02:17 查询号码 【1556711】，GSD为【""】
2021-07-27 00:02:17 bad
2021-07-27 00:02:19 CHB 1556711?1627315337 第 1 次 等待 3 秒
2021-07-27 00:02:22 CHB 1556711?1627315337 第 1 次 获取到号码【1556711】GSD
2021-07-27 00:02:22 获取到号码【1556711】的GSD为【吉林-长春】
2021-07-27 00:02:26 GSD insert 第 1 次 等待 3 秒
2021-07-27 00:02:29 {"status":"ok","gid":407081,"msg":"添加成功！"}
2021-07-27 00:02:29 下次操作: 2021-07-27 00:02:52

2021-07-27 00:02:52 开始第 13 次操作

2021-07-27 00:02:52 开始操作号码 【1556710】
2021-07-27 00:02:56 GSD getOne 第 1 次 等待 3 秒
2021-07-27 00:02:59 查询号码 【1556710】，返回信息 {"status":"bad","msg":""}
2021-07-27 00:02:59 查询号码 【1556710】，GSD为【""】
2021-07-27 00:02:59 bad
2021-07-27 00:03:02 CHB 1556710?1627315379 第 1 次 等待 3 秒
2021-07-27 00:03:05 CHB 1556710?1627315379 第 1 次 获取到号码【1556710】GSD
2021-07-27 00:03:05 获取到号码【1556710】的GSD为【吉林-长春】
2021-07-27 00:03:08 GSD insert 第 1 次 等待 3 秒
2021-07-27 00:03:11 {"status":"ok","gid":407095,"msg":"添加成功！"}
2021-07-27 00:03:11 下次操作: 2021-07-27 00:03:29

2021-07-27 00:03:29 开始第 14 次操作

2021-07-27 00:03:29 开始操作号码 【1556709】
2021-07-27 00:03:35 GSD getOne 第 1 次 等待 3 秒
2021-07-27 00:03:38 查询号码 【1556709】，返回信息 {"status":"bad","msg":""}
2021-07-27 00:03:38 查询号码 【1556709】，GSD为【""】
2021-07-27 00:03:38 bad
2021-07-27 00:03:39 CHB 1556709?1627315418 第 1 次 等待 3 秒
2021-07-27 00:03:42 CHB 1556709?1627315418 第 1 次 获取到号码【1556709】GSD
2021-07-27 00:03:42 获取到号码【1556709】的GSD为【吉林-长春】
2021-07-27 00:03:49 GSD insert 第 1 次 等待 3 秒
2021-07-27 00:03:52 {"status":"ok","gid":407108,"msg":"添加成功！"}
2021-07-27 00:03:52 下次操作: 2021-07-27 00:04:12

2021-07-27 00:04:12 开始第 15 次操作

2021-07-27 00:04:12 开始操作号码 【1556708】
2021-07-27 00:04:15 GSD getOne 第 1 次 等待 3 秒
2021-07-27 00:04:18 查询号码 【1556708】，返回信息 {"status":"bad","msg":""}
2021-07-27 00:04:19 查询号码 【1556708】，GSD为【""】
2021-07-27 00:04:19 bad
2021-07-27 00:04:20 CHB 1556708?1627315459 第 1 次 等待 3 秒
2021-07-27 00:04:23 CHB 1556708?1627315459 第 1 次 获取到号码【1556708】GSD
2021-07-27 00:04:23 获取到号码【1556708】的GSD为【吉林-长春】
2021-07-27 00:04:26 GSD insert 第 1 次 等待 3 秒
2021-07-27 00:04:29 {"status":"ok","gid":407119,"msg":"添加成功！"}
2021-07-27 00:04:29 下次操作: 2021-07-27 00:04:48

2021-07-27 00:04:48 开始第 16 次操作

2021-07-27 00:04:48 开始操作号码 【1556707】
2021-07-27 00:04:51 GSD getOne 第 1 次 等待 3 秒
2021-07-27 00:04:54 查询号码 【1556707】，返回信息 {"status":"bad","msg":""}
2021-07-27 00:04:55 查询号码 【1556707】，GSD为【""】
2021-07-27 00:04:55 bad
2021-07-27 00:04:56 CHB 1556707?1627315495 第 1 次 等待 3 秒
2021-07-27 00:04:59 CHB 1556707?1627315495 第 1 次 获取到号码【1556707】GSD
2021-07-27 00:04:59 获取到号码【1556707】的GSD为【吉林-长春】
2021-07-27 00:05:04 GSD insert 第 1 次 等待 3 秒
2021-07-27 00:05:07 {"status":"ok","gid":407130,"msg":"添加成功！"}
2021-07-27 00:05:07 下次操作: 2021-07-27 00:05:31

2021-07-27 00:05:31 开始第 17 次操作

2021-07-27 00:05:31 开始操作号码 【1556706】
2021-07-27 00:05:34 GSD getOne 第 1 次 等待 3 秒
2021-07-27 00:05:37 查询号码 【1556706】，返回信息 {"status":"ok","msg":"吉林-长春","gid":"22112","time_insert":"2019-11-15 11:24","time_update":"2020-08-21 12:59"}
2021-07-27 00:05:37 查询号码 【1556706】，GSD为【"吉林-长春"】

2021-07-27 00:05:37 开始第 17 次操作

2021-07-27 00:05:37 开始操作号码 【1556705】
2021-07-27 00:05:41 GSD getOne 第 1 次 等待 3 秒
2021-07-27 00:05:44 查询号码 【1556705】，返回信息 {"status":"bad","msg":""}
2021-07-27 00:05:44 查询号码 【1556705】，GSD为【""】
2021-07-27 00:05:44 bad
2021-07-27 00:05:46 CHB 1556705?1627315544 第 1 次 等待 3 秒
2021-07-27 00:05:49 CHB 1556705?1627315544 第 1 次 获取到号码【1556705】GSD
2021-07-27 00:05:49 获取到号码【1556705】的GSD为【吉林-长春】
2021-07-27 00:05:53 GSD insert 第 1 次 等待 3 秒
2021-07-27 00:05:56 {"status":"ok","gid":407144,"msg":"添加成功！"}
2021-07-27 00:05:56 下次操作: 2021-07-27 00:06:16

2021-07-27 00:06:16 开始第 18 次操作

2021-07-27 00:06:16 开始操作号码 【1556704】
2021-07-27 00:06:18 GSD getOne 第 1 次 等待 3 秒
2021-07-27 00:06:21 查询号码 【1556704】，返回信息 {"status":"bad","msg":""}
2021-07-27 00:06:22 查询号码 【1556704】，GSD为【""】
2021-07-27 00:06:22 bad
2021-07-27 00:06:23 CHB 1556704?1627315582 第 1 次 等待 3 秒
2021-07-27 00:06:26 CHB 1556704?1627315582 第 1 次 获取到号码【1556704】GSD
2021-07-27 00:06:26 获取到号码【1556704】的GSD为【吉林-长春】
2021-07-27 00:06:30 GSD insert 第 1 次 等待 3 秒
2021-07-27 00:06:33 {"status":"ok","gid":407154,"msg":"添加成功！"}
2021-07-27 00:06:33 下次操作: 2021-07-27 00:06:53

2021-07-27 00:06:53 开始第 19 次操作

2021-07-27 00:06:53 开始操作号码 【1556703】
2021-07-27 00:06:56 GSD getOne 第 1 次 等待 3 秒
2021-07-27 00:06:59 查询号码 【1556703】，返回信息 {"status":"bad","msg":""}
2021-07-27 00:06:59 查询号码 【1556703】，GSD为【""】
2021-07-27 00:06:59 bad
2021-07-27 00:07:01 CHB 1556703?1627315619 第 1 次 等待 3 秒
2021-07-27 00:07:04 CHB 1556703?1627315619 第 1 次 获取到号码【1556703】GSD
2021-07-27 00:07:04 获取到号码【1556703】的GSD为【吉林-长春】
2021-07-27 00:07:07 GSD insert 第 1 次 等待 3 秒
2021-07-27 00:07:10 {"status":"ok","gid":407162,"msg":"添加成功！"}
2021-07-27 00:07:10 下次操作: 2021-07-27 00:07:27

2021-07-27 00:07:27 开始第 20 次操作

2021-07-27 00:07:27 开始操作号码 【1556702】
2021-07-27 00:07:31 GSD getOne 第 1 次 等待 3 秒
2021-07-27 00:07:34 查询号码 【1556702】，返回信息 {"status":"bad","msg":""}
2021-07-27 00:07:34 查询号码 【1556702】，GSD为【""】
2021-07-27 00:07:34 bad
2021-07-27 00:07:37 CHB 1556702?1627315654 第 1 次 等待 3 秒
2021-07-27 00:07:40 CHB 1556702?1627315654 第 1 次 获取到号码【1556702】GSD
2021-07-27 00:07:40 获取到号码【1556702】的GSD为【吉林-长春】
2021-07-27 00:07:43 GSD insert 第 1 次 等待 3 秒
2021-07-27 00:07:46 {"status":"ok","gid":407171,"msg":"添加成功！"}
2021-07-27 00:07:46 下次操作: 2021-07-27 00:08:10

2021-07-27 00:08:10 开始第 21 次操作

2021-07-27 00:08:10 开始操作号码 【1556701】
2021-07-27 00:08:15 GSD getOne 第 1 次 等待 3 秒
2021-07-27 00:08:18 查询号码 【1556701】，返回信息 {"status":"bad","msg":""}
2021-07-27 00:08:18 查询号码 【1556701】，GSD为【""】
2021-07-27 00:08:18 bad
2021-07-27 00:08:20 CHB 1556701?1627315698 第 1 次 等待 3 秒
2021-07-27 00:08:23 CHB 1556701?1627315698 第 1 次 获取到号码【1556701】GSD
2021-07-27 00:08:23 获取到号码【1556701】的GSD为【吉林-长春】
2021-07-27 00:08:28 GSD insert 第 1 次 等待 3 秒
2021-07-27 00:08:31 {"status":"ok","gid":407184,"msg":"添加成功！"}
2021-07-27 00:08:31 下次操作: 2021-07-27 00:08:52

2021-07-27 00:08:52 开始第 22 次操作

2021-07-27 00:08:52 开始操作号码 【1556700】
2021-07-27 00:09:00 GSD getOne 第 1 次 等待 3 秒
2021-07-27 00:09:03 查询号码 【1556700】，返回信息 {"status":"bad","msg":""}
2021-07-27 00:09:04 查询号码 【1556700】，GSD为【""】
2021-07-27 00:09:04 bad
2021-07-27 00:09:05 CHB 1556700?1627315744 第 1 次 等待 3 秒
2021-07-27 00:09:08 CHB 1556700?1627315744 第 1 次 获取到号码【1556700】GSD
2021-07-27 00:09:08 获取到号码【1556700】的GSD为【吉林-长春】
2021-07-27 00:09:17 GSD insert 第 1 次 等待 3 秒
2021-07-27 00:09:20 {"status":"ok","gid":407197,"msg":"添加成功！"}
2021-07-27 00:09:20 下次操作: 2021-07-27 00:09:35

2021-07-27 00:09:35 开始第 23 次操作

2021-07-27 00:09:35 开始操作号码 【1556699】
2021-07-27 00:09:39 GSD getOne 第 1 次 等待 3 秒
2021-07-27 00:09:42 查询号码 【1556699】，返回信息 {"status":"bad","msg":""}
2021-07-27 00:09:42 查询号码 【1556699】，GSD为【""】
2021-07-27 00:09:42 bad
2021-07-27 00:09:44 CHB 1556699?1627315782 第 1 次 等待 3 秒
2021-07-27 00:09:47 CHB 1556699?1627315782 第 1 次 获取到号码【1556699】GSD
2021-07-27 00:09:47 获取到号码【1556699】的GSD为【辽宁-大连】
2021-07-27 00:09:49 GSD insert 第 1 次 等待 3 秒
2021-07-27 00:09:52 {"status":"ok","gid":407205,"msg":"添加成功！"}
2021-07-27 00:09:52 下次操作: 2021-07-27 00:10:05

2021-07-27 00:10:05 开始第 24 次操作

2021-07-27 00:10:05 开始操作号码 【1556698】
2021-07-27 00:10:10 GSD getOne 第 1 次 等待 3 秒
2021-07-27 00:10:13 查询号码 【1556698】，返回信息 {"status":"bad","msg":""}
2021-07-27 00:10:13 查询号码 【1556698】，GSD为【""】
2021-07-27 00:10:13 bad
2021-07-27 00:10:16 CHB 1556698?1627315813 第 1 次 等待 3 秒
2021-07-27 00:10:19 CHB 1556698?1627315813 第 1 次 获取到号码【1556698】GSD
2021-07-27 00:10:19 获取到号码【1556698】的GSD为【辽宁-大连】
2021-07-27 00:10:24 GSD insert 第 1 次 等待 3 秒
2021-07-27 00:10:27 {"status":"ok","gid":407214,"msg":"添加成功！"}
2021-07-27 00:10:27 下次操作: 2021-07-27 00:10:42

2021-07-27 00:10:42 开始第 25 次操作

2021-07-27 00:10:42 开始操作号码 【1556697】
2021-07-27 00:10:48 GSD getOne 第 1 次 等待 3 秒
2021-07-27 00:10:51 查询号码 【1556697】，返回信息 {"status":"bad","msg":""}
2021-07-27 00:10:51 查询号码 【1556697】，GSD为【""】
2021-07-27 00:10:51 bad
2021-07-27 00:10:52 CHB 1556697?1627315851 第 1 次 等待 3 秒
2021-07-27 00:10:55 CHB 1556697?1627315851 第 1 次 获取到号码【1556697】GSD
2021-07-27 00:10:55 获取到号码【1556697】的GSD为【辽宁-大连】
2021-07-27 00:11:05 GSD insert 第 1 次 等待 3 秒
2021-07-27 00:11:08 {"status":"ok","gid":407222,"msg":"添加成功！"}
2021-07-27 00:11:08 下次操作: 2021-07-27 00:11:29

2021-07-27 00:11:29 开始第 26 次操作

2021-07-27 00:11:29 开始操作号码 【1556696】
2021-07-27 00:11:33 GSD getOne 第 1 次 等待 3 秒
2021-07-27 00:11:36 查询号码 【1556696】，返回信息 {"status":"bad","msg":""}
2021-07-27 00:11:36 查询号码 【1556696】，GSD为【""】
2021-07-27 00:11:36 bad
2021-07-27 00:11:38 CHB 1556696?1627315896 第 1 次 等待 3 秒
2021-07-27 00:11:41 CHB 1556696?1627315896 第 1 次 获取到号码【1556696】GSD
2021-07-27 00:11:41 获取到号码【1556696】的GSD为【辽宁-大连】
2021-07-27 00:11:48 GSD insert 第 1 次 等待 3 秒
2021-07-27 00:11:51 {"status":"ok","gid":407229,"msg":"添加成功！"}
2021-07-27 00:11:51 下次操作: 2021-07-27 00:12:14

2021-07-27 00:12:14 开始第 27 次操作

2021-07-27 00:12:14 开始操作号码 【1556695】
2021-07-27 00:12:22 GSD getOne 第 1 次 等待 3 秒
2021-07-27 00:12:25 查询号码 【1556695】，返回信息 {"status":"bad","msg":""}
2021-07-27 00:12:25 查询号码 【1556695】，GSD为【""】
2021-07-27 00:12:25 bad
2021-07-27 00:12:27 CHB 1556695?1627315945 第 1 次 等待 3 秒
2021-07-27 00:12:30 CHB 1556695?1627315945 第 1 次 获取到号码【1556695】GSD
2021-07-27 00:12:30 获取到号码【1556695】的GSD为【辽宁-大连】
2021-07-27 00:12:33 GSD insert 第 1 次 等待 3 秒
2021-07-27 00:12:36 {"status":"ok","gid":407241,"msg":"添加成功！"}
2021-07-27 00:12:36 下次操作: 2021-07-27 00:12:54

2021-07-27 00:12:54 开始第 28 次操作

2021-07-27 00:12:54 开始操作号码 【1556694】
2021-07-27 00:13:01 GSD getOne 第 1 次 等待 3 秒
2021-07-27 00:13:04 查询号码 【1556694】，返回信息 {"status":"bad","msg":""}
2021-07-27 00:13:04 查询号码 【1556694】，GSD为【""】
2021-07-27 00:13:04 bad
2021-07-27 00:13:06 CHB 1556694?1627315984 第 1 次 等待 3 秒
2021-07-27 00:13:09 CHB 1556694?1627315984 第 1 次 获取到号码【1556694】GSD
2021-07-27 00:13:09 获取到号码【1556694】的GSD为【辽宁-大连】
2021-07-27 00:13:12 GSD insert 第 1 次 等待 3 秒
2021-07-27 00:13:15 {"status":"ok","gid":407246,"msg":"添加成功！"}
2021-07-27 00:13:15 下次操作: 2021-07-27 00:13:29

2021-07-27 00:13:29 开始第 29 次操作

2021-07-27 00:13:29 开始操作号码 【1556693】
2021-07-27 00:13:35 GSD getOne 第 1 次 等待 3 秒
2021-07-27 00:13:38 查询号码 【1556693】，返回信息 {"status":"bad","msg":""}
2021-07-27 00:13:38 查询号码 【1556693】，GSD为【""】
2021-07-27 00:13:38 bad
2021-07-27 00:13:40 CHB 1556693?1627316018 第 1 次 等待 3 秒
2021-07-27 00:13:43 CHB 1556693?1627316018 第 1 次 获取到号码【1556693】GSD
2021-07-27 00:13:43 获取到号码【1556693】的GSD为【辽宁-大连】
2021-07-27 00:13:46 GSD insert 第 1 次 等待 3 秒
2021-07-27 00:13:49 {"status":"ok","gid":407252,"msg":"添加成功！"}
2021-07-27 00:13:49 下次操作: 2021-07-27 00:14:10

2021-07-27 00:14:10 开始第 30 次操作

2021-07-27 00:14:10 开始操作号码 【1556692】
2021-07-27 00:14:14 GSD getOne 第 1 次 等待 3 秒
2021-07-27 00:14:17 查询号码 【1556692】，返回信息 {"status":"bad","msg":""}
2021-07-27 00:14:17 查询号码 【1556692】，GSD为【""】
2021-07-27 00:14:17 bad
2021-07-27 00:14:19 CHB 1556692?1627316057 第 1 次 等待 3 秒
2021-07-27 00:14:22 CHB 1556692?1627316057 第 1 次 获取到号码【1556692】GSD
2021-07-27 00:14:22 获取到号码【1556692】的GSD为【辽宁-大连】
2021-07-27 00:14:25 GSD insert 第 1 次 等待 3 秒
2021-07-27 00:14:28 {"status":"ok","gid":407256,"msg":"添加成功！"}
2021-07-27 00:14:28 下次操作: 2021-07-27 00:14:40

2021-07-27 00:14:40 开始第 31 次操作

2021-07-27 00:14:40 开始操作号码 【1556691】
2021-07-27 00:14:43 GSD getOne 第 1 次 等待 3 秒
2021-07-27 00:14:46 查询号码 【1556691】，返回信息 {"status":"bad","msg":""}
2021-07-27 00:14:46 查询号码 【1556691】，GSD为【""】
2021-07-27 00:14:46 bad
2021-07-27 00:14:48 CHB 1556691?1627316086 第 1 次 等待 3 秒
2021-07-27 00:14:51 CHB 1556691?1627316086 第 1 次 获取到号码【1556691】GSD
2021-07-27 00:14:51 获取到号码【1556691】的GSD为【辽宁-大连】
2021-07-27 00:14:55 GSD insert 第 1 次 等待 3 秒
2021-07-27 00:14:58 {"status":"ok","gid":407260,"msg":"添加成功！"}
2021-07-27 00:14:58 下次操作: 2021-07-27 00:15:15

2021-07-27 00:15:15 开始第 32 次操作

2021-07-27 00:15:15 开始操作号码 【1556690】
2021-07-27 00:15:20 GSD getOne 第 1 次 等待 3 秒
2021-07-27 00:15:23 查询号码 【1556690】，返回信息 {"status":"bad","msg":""}
2021-07-27 00:15:23 查询号码 【1556690】，GSD为【""】
2021-07-27 00:15:23 bad
2021-07-27 00:15:25 CHB 1556690?1627316123 第 1 次 等待 3 秒
2021-07-27 00:15:28 CHB 1556690?1627316123 第 1 次 获取到号码【1556690】GSD
2021-07-27 00:15:28 获取到号码【1556690】的GSD为【辽宁-大连】
2021-07-27 00:15:31 GSD insert 第 1 次 等待 3 秒
2021-07-27 00:15:34 {"status":"ok","gid":407263,"msg":"添加成功！"}
2021-07-27 00:15:34 下次操作: 2021-07-27 00:15:57

2021-07-27 00:15:57 开始第 33 次操作

2021-07-27 00:15:57 开始操作号码 【1556689】
2021-07-27 00:16:09 GSD getOne 第 1 次 等待 3 秒
2021-07-27 00:16:12 查询号码 【1556689】，返回信息 {"status":"bad","msg":""}
2021-07-27 00:16:12 查询号码 【1556689】，GSD为【""】
2021-07-27 00:16:12 bad
2021-07-27 00:16:14 CHB 1556689?1627316172 第 1 次 等待 3 秒
2021-07-27 00:16:17 CHB 1556689?1627316172 第 1 次 获取到号码【1556689】GSD
2021-07-27 00:16:17 获取到号码【1556689】的GSD为【辽宁-大连】
2021-07-27 00:16:22 GSD insert 第 1 次 等待 3 秒
2021-07-27 00:16:25 {"status":"ok","gid":407268,"msg":"添加成功！"}
2021-07-27 00:16:25 下次操作: 2021-07-27 00:16:44

2021-07-27 00:16:44 开始第 34 次操作

2021-07-27 00:16:44 开始操作号码 【1556688】
2021-07-27 00:16:49 GSD getOne 第 1 次 等待 3 秒
2021-07-27 00:16:52 查询号码 【1556688】，返回信息 {"status":"bad","msg":""}
2021-07-27 00:16:52 查询号码 【1556688】，GSD为【""】
2021-07-27 00:16:52 bad
2021-07-27 00:16:54 CHB 1556688?1627316212 第 1 次 等待 3 秒
2021-07-27 00:16:57 CHB 1556688?1627316212 第 1 次 获取到号码【1556688】GSD
2021-07-27 00:16:57 获取到号码【1556688】的GSD为【辽宁-大连】
2021-07-27 00:17:04 GSD insert 第 1 次 等待 3 秒
2021-07-27 00:17:07 {"status":"ok","gid":407272,"msg":"添加成功！"}
2021-07-27 00:17:07 下次操作: 2021-07-27 00:17:29

2021-07-27 00:17:29 开始第 35 次操作

2021-07-27 00:17:29 开始操作号码 【1556687】
2021-07-27 00:17:32 GSD getOne 第 1 次 等待 3 秒
2021-07-27 00:17:35 查询号码 【1556687】，返回信息 {"status":"bad","msg":""}
2021-07-27 00:17:35 查询号码 【1556687】，GSD为【""】
2021-07-27 00:17:35 bad
2021-07-27 00:17:37 CHB 1556687?1627316255 第 1 次 等待 3 秒
2021-07-27 00:17:40 CHB 1556687?1627316255 第 1 次 获取到号码【1556687】GSD
2021-07-27 00:17:40 获取到号码【1556687】的GSD为【辽宁-大连】
2021-07-27 00:17:45 GSD insert 第 1 次 等待 3 秒
2021-07-27 00:17:48 {"status":"ok","gid":407275,"msg":"添加成功！"}
2021-07-27 00:17:48 下次操作: 2021-07-27 00:18:11

2021-07-27 00:18:11 开始第 36 次操作

2021-07-27 00:18:11 开始操作号码 【1556686】
2021-07-27 00:18:17 GSD getOne 第 1 次 等待 3 秒
2021-07-27 00:18:20 查询号码 【1556686】，返回信息 {"status":"bad","msg":""}
2021-07-27 00:18:20 查询号码 【1556686】，GSD为【""】
2021-07-27 00:18:20 bad
2021-07-27 00:18:22 CHB 1556686?1627316300 第 1 次 等待 3 秒
2021-07-27 00:18:25 CHB 1556686?1627316300 第 1 次 获取到号码【1556686】GSD
2021-07-27 00:18:25 获取到号码【1556686】的GSD为【辽宁-大连】
2021-07-27 00:18:28 GSD insert 第 1 次 等待 3 秒
2021-07-27 00:18:31 {"status":"ok","gid":407281,"msg":"添加成功！"}
2021-07-27 00:18:31 下次操作: 2021-07-27 00:18:51

2021-07-27 00:18:51 开始第 37 次操作

2021-07-27 00:18:51 开始操作号码 【1556685】
2021-07-27 00:19:00 GSD getOne 第 1 次 等待 3 秒
2021-07-27 00:19:03 查询号码 【1556685】，返回信息 {"status":"bad","msg":""}
2021-07-27 00:19:03 查询号码 【1556685】，GSD为【""】
2021-07-27 00:19:03 bad
2021-07-27 00:19:04 CHB 1556685?1627316343 第 1 次 等待 3 秒
2021-07-27 00:19:07 CHB 1556685?1627316343 第 1 次 获取到号码【1556685】GSD
2021-07-27 00:19:08 获取到号码【1556685】的GSD为【辽宁-大连】
2021-07-27 00:19:16 GSD insert 第 1 次 等待 3 秒
2021-07-27 00:19:19 {"status":"ok","gid":407283,"msg":"添加成功！"}
2021-07-27 00:19:19 下次操作: 2021-07-27 00:19:40

2021-07-27 00:19:40 开始第 38 次操作

2021-07-27 00:19:40 开始操作号码 【1556684】
2021-07-27 00:19:43 GSD getOne 第 1 次 等待 3 秒
2021-07-27 00:19:46 查询号码 【1556684】，返回信息 {"status":"bad","msg":""}
2021-07-27 00:19:46 查询号码 【1556684】，GSD为【""】
2021-07-27 00:19:46 bad
2021-07-27 00:19:47 CHB 1556684?1627316386 第 1 次 等待 3 秒
2021-07-27 00:19:50 CHB 1556684?1627316386 第 1 次 获取到号码【1556684】GSD
2021-07-27 00:19:51 获取到号码【1556684】的GSD为【辽宁-大连】
2021-07-27 00:19:53 GSD insert 第 1 次 等待 3 秒
2021-07-27 00:19:56 {"status":"ok","gid":407286,"msg":"添加成功！"}
2021-07-27 00:19:56 下次操作: 2021-07-27 00:20:09

2021-07-27 00:20:09 开始第 39 次操作

2021-07-27 00:20:09 开始操作号码 【1556683】
2021-07-27 00:20:13 GSD getOne 第 1 次 等待 3 秒
2021-07-27 00:20:16 查询号码 【1556683】，返回信息 {"status":"bad","msg":""}
2021-07-27 00:20:16 查询号码 【1556683】，GSD为【""】
2021-07-27 00:20:16 bad
2021-07-27 00:20:18 CHB 1556683?1627316416 第 1 次 等待 3 秒
2021-07-27 00:20:21 CHB 1556683?1627316416 第 1 次 获取到号码【1556683】GSD
2021-07-27 00:20:21 获取到号码【1556683】的GSD为【辽宁-大连】
2021-07-27 00:20:24 GSD insert 第 1 次 等待 3 秒
2021-07-27 00:20:27 {"status":"ok","gid":407288,"msg":"添加成功！"}
2021-07-27 00:20:27 下次操作: 2021-07-27 00:20:47

2021-07-27 00:20:47 开始第 40 次操作

2021-07-27 00:20:47 开始操作号码 【1556682】
2021-07-27 00:20:54 GSD getOne 第 1 次 等待 3 秒
2021-07-27 00:20:57 查询号码 【1556682】，返回信息 {"status":"bad","msg":""}
2021-07-27 00:20:57 查询号码 【1556682】，GSD为【""】
2021-07-27 00:20:57 bad
2021-07-27 00:20:59 CHB 1556682?1627316457 第 1 次 等待 3 秒
2021-07-27 00:21:02 CHB 1556682?1627316457 第 1 次 获取到号码【1556682】GSD
2021-07-27 00:21:02 获取到号码【1556682】的GSD为【辽宁-大连】
2021-07-27 00:21:05 GSD insert 第 1 次 等待 3 秒
2021-07-27 00:21:08 {"status":"ok","gid":407290,"msg":"添加成功！"}

