2024-09-04 00:28:31 开始第 2593 次操作

2024-09-04 00:28:31 开始操作号码 【1402592】
2024-09-04 00:28:40 GSD getOne 第 1 次 等待 3 秒
2024-09-04 00:28:43 查询号码 【1402592】，返回信息 {"status":"ok","msg":"-","gid":"565502","time_insert":"2023-03-02 17:29"}
2024-09-04 00:28:43 查询号码 【1402592】，GSD为【"-"】
2024-09-04 00:28:43 ok && -
2024-09-04 00:28:45 CHB 1402592?1725380923 第 1 次 等待 3 秒
2024-09-04 00:28:48 CHB 1402592?1725380923 第 1 次 获取到号码【1402592】GSD
2024-09-04 00:28:48 未获取到号码【1402592】GSD，可能号码格式错误
2024-09-04 00:28:48 获取到号码【1402592】的GSD为【-】
2024-09-04 00:28:56 GSD insert 第 1 次 等待 3 秒
2024-09-04 00:28:59 {"status":"bad","gid":"565502","msg":"添加失败！号码【1402592(-|-)】已存在！"}
2024-09-04 00:28:59 随机等待 69 秒，约 1 分钟
2024-09-04 00:28:59 下次操作: 2024-09-04 00:30:08

2024-09-04 00:30:08 开始第 2594 次操作

2024-09-04 00:30:08 开始操作号码 【1402593】
2024-09-04 00:30:17 GSD getOne 第 1 次 等待 3 秒
2024-09-04 00:30:20 查询号码 【1402593】，返回信息 {"status":"ok","msg":"-","gid":"565546","time_insert":"2023-03-02 17:51"}
2024-09-04 00:30:20 查询号码 【1402593】，GSD为【"-"】
2024-09-04 00:30:20 ok && -
2024-09-04 00:30:21 CHB 1402593?1725381020 第 1 次 等待 3 秒
2024-09-04 00:30:24 CHB 1402593?1725381020 第 1 次 获取到号码【1402593】GSD
2024-09-04 00:30:24 未获取到号码【1402593】GSD，可能号码格式错误
2024-09-04 00:30:24 获取到号码【1402593】的GSD为【-】
2024-09-04 00:30:33 GSD insert 第 1 次 等待 3 秒
2024-09-04 00:30:36 {"status":"bad","gid":"565546","msg":"添加失败！号码【1402593(-|-)】已存在！"}
2024-09-04 00:30:36 随机等待 227 秒，约 3 分钟
2024-09-04 00:30:36 下次操作: 2024-09-04 00:34:23

2024-09-04 00:34:23 开始第 2595 次操作

2024-09-04 00:34:23 开始操作号码 【1402594】
2024-09-04 00:34:31 GSD getOne 第 1 次 等待 3 秒
2024-09-04 00:34:34 查询号码 【1402594】，返回信息 {"status":"ok","msg":"-","gid":"565574","time_insert":"2023-03-02 18:05"}
2024-09-04 00:34:34 查询号码 【1402594】，GSD为【"-"】
2024-09-04 00:34:34 ok && -
2024-09-04 00:34:37 CHB 1402594?1725381274 第 1 次 等待 3 秒
2024-09-04 00:34:40 CHB 1402594?1725381274 第 1 次 获取到号码【1402594】GSD
2024-09-04 00:34:40 未获取到号码【1402594】GSD，可能号码格式错误
2024-09-04 00:34:40 获取到号码【1402594】的GSD为【-】
2024-09-04 00:34:47 GSD insert 第 1 次 等待 3 秒
2024-09-04 00:34:51 {"status":"bad","gid":"565574","msg":"添加失败！号码【1402594(-|-)】已存在！"}
2024-09-04 00:34:51 随机等待 165 秒，约 2 分钟
2024-09-04 00:34:51 下次操作: 2024-09-04 00:37:36

2024-09-04 00:37:36 开始第 2596 次操作

2024-09-04 00:37:36 开始操作号码 【1402595】
2024-09-04 00:37:44 GSD getOne 第 1 次 等待 3 秒
2024-09-04 00:37:47 查询号码 【1402595】，返回信息 {"status":"ok","msg":"-","gid":"565593","time_insert":"2023-03-02 18:20"}
2024-09-04 00:37:47 查询号码 【1402595】，GSD为【"-"】
2024-09-04 00:37:47 ok && -
2024-09-04 00:38:12 CHB 1402595?1725381467 第 1 次 等待 3 秒
2024-09-04 00:38:15 CHB 1402595?1725381467 第 1 次 获取到号码【1402595】GSD
2024-09-04 00:38:15 未获取到号码【1402595】GSD，可能号码格式错误
2024-09-04 00:38:15 获取到号码【1402595】的GSD为【-】
2024-09-04 00:38:23 GSD insert 第 1 次 等待 3 秒
2024-09-04 00:38:26 {"status":"bad","gid":"565593","msg":"添加失败！号码【1402595(-|-)】已存在！"}

