2023-11-05 00:09:19 开始第 7041 次操作

2023-11-05 00:09:19 开始操作号码 【1946940】
2023-11-05 00:09:23 GSD getOne 第 1 次 等待 3 秒
2023-11-05 00:09:26 查询号码 【1946940】，返回信息 {"status":"ok","msg":"-","gid":"613217","time_insert":"2023-03-25 07:15"}
2023-11-05 00:09:26 查询号码 【1946940】，GSD为【"-"】
2023-11-05 00:09:26 ok && -
2023-11-05 00:09:29 CHB 1946940?1699114166 第 1 次 等待 3 秒
2023-11-05 00:09:32 CHB 1946940?1699114166 第 1 次 获取到号码【1946940】GSD
2023-11-05 00:09:32 未获取到号码【1946940】GSD，可能号码格式错误
2023-11-05 00:09:32 获取到号码【1946940】的GSD为【-】
2023-11-05 00:09:40 GSD insert 第 1 次 等待 3 秒
2023-11-05 00:09:43 {"status":"bad","gid":"613217","msg":"添加失败！号码【1946940(-|-)】已存在！"}
2023-11-05 00:09:43 随机等待 164 秒，约 2 分钟
2023-11-05 00:09:43 下次操作: 2023-11-05 00:12:27

2023-11-05 00:12:27 开始第 7042 次操作

2023-11-05 00:12:27 开始操作号码 【1946941】
2023-11-05 00:12:31 GSD getOne 第 1 次 等待 3 秒
2023-11-05 00:12:34 查询号码 【1946941】，返回信息 {"status":"ok","msg":"-","gid":"613214","time_insert":"2023-03-25 07:13"}
2023-11-05 00:12:34 查询号码 【1946941】，GSD为【"-"】
2023-11-05 00:12:34 ok && -
2023-11-05 00:12:37 CHB 1946941?1699114354 第 1 次 等待 3 秒
2023-11-05 00:12:40 CHB 1946941?1699114354 第 1 次 获取到号码【1946941】GSD
2023-11-05 00:12:40 未获取到号码【1946941】GSD，可能号码格式错误
2023-11-05 00:12:40 获取到号码【1946941】的GSD为【-】
2023-11-05 00:12:44 GSD insert 第 1 次 等待 3 秒
2023-11-05 00:12:47 {"status":"bad","gid":"613214","msg":"添加失败！号码【1946941(-|-)】已存在！"}
2023-11-05 00:12:47 随机等待 174 秒，约 2 分钟
2023-11-05 00:12:47 下次操作: 2023-11-05 00:15:41

2023-11-05 00:15:41 开始第 7043 次操作

2023-11-05 00:15:41 开始操作号码 【1946942】
2023-11-05 00:15:45 GSD getOne 第 1 次 等待 3 秒
2023-11-05 00:15:48 查询号码 【1946942】，返回信息 {"status":"ok","msg":"-","gid":"613212","time_insert":"2023-03-25 07:11"}
2023-11-05 00:15:48 查询号码 【1946942】，GSD为【"-"】
2023-11-05 00:15:48 ok && -
2023-11-05 00:15:53 CHB 1946942?1699114548 第 1 次 等待 3 秒
2023-11-05 00:15:56 CHB 1946942?1699114548 第 1 次 获取到号码【1946942】GSD
2023-11-05 00:15:56 未获取到号码【1946942】GSD，可能号码格式错误
2023-11-05 00:15:56 获取到号码【1946942】的GSD为【-】
2023-11-05 00:15:59 GSD insert 第 1 次 等待 3 秒
2023-11-05 00:16:02 {"status":"bad","gid":"613212","msg":"添加失败！号码【1946942(-|-)】已存在！"}
2023-11-05 00:16:02 随机等待 160 秒，约 2 分钟
2023-11-05 00:16:02 下次操作: 2023-11-05 00:18:42

2023-11-05 00:18:42 开始第 7044 次操作

2023-11-05 00:18:42 开始操作号码 【1946943】
2023-11-05 00:18:45 GSD getOne 第 1 次 等待 3 秒
2023-11-05 00:18:48 查询号码 【1946943】，返回信息 {"status":"ok","msg":"-","gid":"613209","time_insert":"2023-03-25 07:08"}
2023-11-05 00:18:48 查询号码 【1946943】，GSD为【"-"】
2023-11-05 00:18:48 ok && -
2023-11-05 00:18:50 CHB 1946943?1699114728 第 1 次 等待 3 秒
2023-11-05 00:18:53 CHB 1946943?1699114728 第 1 次 获取到号码【1946943】GSD
2023-11-05 00:18:53 未获取到号码【1946943】GSD，可能号码格式错误
2023-11-05 00:18:53 获取到号码【1946943】的GSD为【-】
2023-11-05 00:18:56 GSD insert 第 1 次 等待 3 秒
2023-11-05 00:18:59 {"status":"bad","gid":"613209","msg":"添加失败！号码【1946943(-|-)】已存在！"}

