2024-03-09 00:09:44 开始第 8021 次操作

2024-03-09 00:09:44 开始操作号码 【1737920】
2024-03-09 00:09:49 GSD getOne 第 1 次 等待 3 秒
2024-03-09 00:09:52 查询号码 【1737920】，返回信息 {"status":"ok","msg":"江西-九江","gid":"214527","time_insert":"2021-07-07 13:51"}
2024-03-09 00:09:52 查询号码 【1737920】，GSD为【"江西-九江"】

2024-03-09 00:09:53 开始第 8022 次操作

2024-03-09 00:09:53 开始操作号码 【1737921】
2024-03-09 00:09:57 GSD getOne 第 1 次 等待 3 秒
2024-03-09 00:10:00 查询号码 【1737921】，返回信息 {"status":"ok","msg":"江西-九江","gid":"214533","time_insert":"2021-07-07 13:52"}
2024-03-09 00:10:00 查询号码 【1737921】，GSD为【"江西-九江"】

2024-03-09 00:10:01 开始第 8023 次操作

2024-03-09 00:10:01 开始操作号码 【1737922】
2024-03-09 00:10:07 GSD getOne 第 1 次 等待 3 秒
2024-03-09 00:10:10 查询号码 【1737922】，返回信息 {"status":"ok","msg":"江西-九江","gid":"214535","time_insert":"2021-07-07 13:52"}
2024-03-09 00:10:10 查询号码 【1737922】，GSD为【"江西-九江"】

2024-03-09 00:10:11 开始第 8024 次操作

2024-03-09 00:10:11 开始操作号码 【1737923】
2024-03-09 00:10:17 GSD getOne 第 1 次 等待 3 秒
2024-03-09 00:10:20 查询号码 【1737923】，返回信息 {"status":"ok","msg":"江西-九江","gid":"214542","time_insert":"2021-07-07 13:52"}
2024-03-09 00:10:20 查询号码 【1737923】，GSD为【"江西-九江"】

2024-03-09 00:33:07 开始第 8025 次操作

2024-03-09 00:33:07 开始操作号码 【1737924】
2024-03-09 00:33:14 GSD getOne 第 1 次 等待 3 秒
2024-03-09 00:33:17 查询号码 【1737924】，返回信息 {"status":"ok","msg":"江西-九江","gid":"214546","time_insert":"2021-07-07 13:53"}
2024-03-09 00:33:17 查询号码 【1737924】，GSD为【"江西-九江"】

2024-03-09 00:33:18 开始第 8026 次操作

2024-03-09 00:33:18 开始操作号码 【1737925】
2024-03-09 00:33:22 GSD getOne 第 1 次 等待 3 秒
2024-03-09 00:33:25 查询号码 【1737925】，返回信息 {"status":"ok","msg":"江西-九江","gid":"214550","time_insert":"2021-07-07 13:53"}
2024-03-09 00:33:25 查询号码 【1737925】，GSD为【"江西-九江"】

2024-03-09 00:33:26 开始第 8027 次操作

2024-03-09 00:33:26 开始操作号码 【1737926】
2024-03-09 00:33:31 GSD getOne 第 1 次 等待 3 秒
2024-03-09 00:33:34 查询号码 【1737926】，返回信息 {"status":"ok","msg":"江西-九江","gid":"214866","time_insert":"2021-07-07 15:08"}
2024-03-09 00:33:34 查询号码 【1737926】，GSD为【"江西-九江"】

2024-03-09 00:33:35 开始第 8028 次操作

2024-03-09 00:33:35 开始操作号码 【1737927】
2024-03-09 00:33:40 GSD getOne 第 1 次 等待 3 秒
2024-03-09 00:33:43 查询号码 【1737927】，返回信息 {"status":"ok","msg":"江西-九江","gid":"214872","time_insert":"2021-07-07 15:09"}
2024-03-09 00:33:43 查询号码 【1737927】，GSD为【"江西-九江"】

2024-03-09 01:08:21 开始第 8029 次操作

2024-03-09 01:08:21 开始操作号码 【1737928】
2024-03-09 01:08:25 GSD getOne 第 1 次 等待 3 秒
2024-03-09 01:08:28 查询号码 【1737928】，返回信息 {"status":"ok","msg":"江西-九江","gid":"214880","time_insert":"2021-07-07 15:10"}
2024-03-09 01:08:28 查询号码 【1737928】，GSD为【"江西-九江"】

2024-03-09 01:08:29 开始第 8030 次操作

2024-03-09 01:08:29 开始操作号码 【1737929】
2024-03-09 01:08:34 GSD getOne 第 1 次 等待 3 秒
2024-03-09 01:08:37 查询号码 【1737929】，返回信息 {"status":"ok","msg":"江西-九江","gid":"214890","time_insert":"2021-07-07 15:11"}
2024-03-09 01:08:37 查询号码 【1737929】，GSD为【"江西-九江"】

2024-03-09 01:08:38 开始第 8031 次操作

2024-03-09 01:08:38 开始操作号码 【1737930】
2024-03-09 01:08:43 GSD getOne 第 1 次 等待 3 秒
2024-03-09 01:08:46 查询号码 【1737930】，返回信息 {"status":"ok","msg":"江西-上饶","gid":"214896","time_insert":"2021-07-07 15:11"}
2024-03-09 01:08:46 查询号码 【1737930】，GSD为【"江西-上饶"】

2024-03-09 01:08:47 开始第 8032 次操作

2024-03-09 01:08:47 开始操作号码 【1737931】
2024-03-09 01:08:51 GSD getOne 第 1 次 等待 3 秒
2024-03-09 01:08:54 查询号码 【1737931】，返回信息 {"status":"ok","msg":"江西-上饶","gid":"214902","time_insert":"2021-07-07 15:12"}
2024-03-09 01:08:54 查询号码 【1737931】，GSD为【"江西-上饶"】

2024-03-09 01:32:54 开始第 8033 次操作

2024-03-09 01:32:54 开始操作号码 【1737932】
2024-03-09 01:32:59 GSD getOne 第 1 次 等待 3 秒
2024-03-09 01:33:02 查询号码 【1737932】，返回信息 {"status":"ok","msg":"江西-上饶","gid":"214907","time_insert":"2021-07-07 15:13"}
2024-03-09 01:33:02 查询号码 【1737932】，GSD为【"江西-上饶"】

2024-03-09 01:33:03 开始第 8034 次操作

2024-03-09 01:33:03 开始操作号码 【1737933】
2024-03-09 01:33:08 GSD getOne 第 1 次 等待 3 秒
2024-03-09 01:33:11 查询号码 【1737933】，返回信息 {"status":"ok","msg":"江西-上饶","gid":"214913","time_insert":"2021-07-07 15:14"}
2024-03-09 01:33:12 查询号码 【1737933】，GSD为【"江西-上饶"】

2024-03-09 01:33:13 开始第 8035 次操作

2024-03-09 01:33:13 开始操作号码 【1737934】
2024-03-09 01:33:18 GSD getOne 第 1 次 等待 3 秒
2024-03-09 01:33:21 查询号码 【1737934】，返回信息 {"status":"ok","msg":"江西-上饶","gid":"214918","time_insert":"2021-07-07 15:14"}
2024-03-09 01:33:21 查询号码 【1737934】，GSD为【"江西-上饶"】

2024-03-09 01:33:22 开始第 8036 次操作

2024-03-09 01:33:22 开始操作号码 【1737935】
2024-03-09 01:33:27 GSD getOne 第 1 次 等待 3 秒
2024-03-09 01:33:30 查询号码 【1737935】，返回信息 {"status":"ok","msg":"江西-上饶","gid":"214925","time_insert":"2021-07-07 15:15"}
2024-03-09 01:33:30 查询号码 【1737935】，GSD为【"江西-上饶"】

2024-03-09 02:10:50 开始第 8037 次操作

2024-03-09 02:10:50 开始操作号码 【1737936】
2024-03-09 02:10:55 GSD getOne 第 1 次 等待 3 秒
2024-03-09 02:10:58 查询号码 【1737936】，返回信息 {"status":"ok","msg":"江西-上饶","gid":"214929","time_insert":"2021-07-07 15:16"}
2024-03-09 02:10:58 查询号码 【1737936】，GSD为【"江西-上饶"】

2024-03-09 02:10:59 开始第 8038 次操作

2024-03-09 02:10:59 开始操作号码 【1737937】
2024-03-09 02:11:04 GSD getOne 第 1 次 等待 3 秒
2024-03-09 02:11:07 查询号码 【1737937】，返回信息 {"status":"ok","msg":"江西-上饶","gid":"214935","time_insert":"2021-07-07 15:17"}
2024-03-09 02:11:07 查询号码 【1737937】，GSD为【"江西-上饶"】

2024-03-09 02:11:08 开始第 8039 次操作

2024-03-09 02:11:08 开始操作号码 【1737938】
2024-03-09 02:11:12 GSD getOne 第 1 次 等待 3 秒
2024-03-09 02:11:15 查询号码 【1737938】，返回信息 {"status":"ok","msg":"江西-上饶","gid":"214941","time_insert":"2021-07-07 15:18"}
2024-03-09 02:11:15 查询号码 【1737938】，GSD为【"江西-上饶"】

2024-03-09 02:11:16 开始第 8040 次操作

2024-03-09 02:11:16 开始操作号码 【1737939】
2024-03-09 02:11:21 GSD getOne 第 1 次 等待 3 秒
2024-03-09 02:11:24 查询号码 【1737939】，返回信息 {"status":"ok","msg":"江西-上饶","gid":"29514","time_insert":"2019-11-15 11:24","time_update":"2020-09-07 11:25"}
2024-03-09 02:11:24 查询号码 【1737939】，GSD为【"江西-上饶"】

2024-03-09 02:32:40 开始第 8041 次操作

2024-03-09 02:32:40 开始操作号码 【1737940】
2024-03-09 02:32:45 GSD getOne 第 1 次 等待 3 秒
2024-03-09 02:32:48 查询号码 【1737940】，返回信息 {"status":"ok","msg":"江西-抚州","gid":"214949","time_insert":"2021-07-07 15:19"}
2024-03-09 02:32:48 查询号码 【1737940】，GSD为【"江西-抚州"】

2024-03-09 02:32:49 开始第 8042 次操作

2024-03-09 02:32:49 开始操作号码 【1737941】
2024-03-09 02:32:53 GSD getOne 第 1 次 等待 3 秒
2024-03-09 02:32:56 查询号码 【1737941】，返回信息 {"status":"ok","msg":"江西-抚州","gid":"214953","time_insert":"2021-07-07 15:20"}
2024-03-09 02:32:56 查询号码 【1737941】，GSD为【"江西-抚州"】

2024-03-09 02:32:57 开始第 8043 次操作

2024-03-09 02:32:57 开始操作号码 【1737942】
2024-03-09 02:33:02 GSD getOne 第 1 次 等待 3 秒
2024-03-09 02:33:05 查询号码 【1737942】，返回信息 {"status":"ok","msg":"江西-抚州","gid":"214957","time_insert":"2021-07-07 15:21"}
2024-03-09 02:33:05 查询号码 【1737942】，GSD为【"江西-抚州"】

2024-03-09 02:33:06 开始第 8044 次操作

2024-03-09 02:33:06 开始操作号码 【1737943】
2024-03-09 02:33:10 GSD getOne 第 1 次 等待 3 秒
2024-03-09 02:33:13 查询号码 【1737943】，返回信息 {"status":"ok","msg":"江西-抚州","gid":"214962","time_insert":"2021-07-07 15:22"}
2024-03-09 02:33:13 查询号码 【1737943】，GSD为【"江西-抚州"】

2024-03-09 03:07:38 开始第 8045 次操作

2024-03-09 03:07:38 开始操作号码 【1737944】
2024-03-09 03:07:43 GSD getOne 第 1 次 等待 3 秒
2024-03-09 03:07:46 查询号码 【1737944】，返回信息 {"status":"ok","msg":"江西-抚州","gid":"29515","time_insert":"2019-09-24 01:41","time_update":"2020-09-07 11:30"}
2024-03-09 03:07:46 查询号码 【1737944】，GSD为【"江西-抚州"】

2024-03-09 03:07:47 开始第 8046 次操作

2024-03-09 03:07:47 开始操作号码 【1737945】
2024-03-09 03:07:51 GSD getOne 第 1 次 等待 3 秒
2024-03-09 03:07:54 查询号码 【1737945】，返回信息 {"status":"ok","msg":"江西-抚州","gid":"214966","time_insert":"2021-07-07 15:23"}
2024-03-09 03:07:54 查询号码 【1737945】，GSD为【"江西-抚州"】

2024-03-09 03:07:55 开始第 8047 次操作

2024-03-09 03:07:55 开始操作号码 【1737946】
2024-03-09 03:07:59 GSD getOne 第 1 次 等待 3 秒
2024-03-09 03:08:02 查询号码 【1737946】，返回信息 {"status":"ok","msg":"江西-抚州","gid":"214970","time_insert":"2021-07-07 15:24"}
2024-03-09 03:08:02 查询号码 【1737946】，GSD为【"江西-抚州"】

2024-03-09 03:08:03 开始第 8048 次操作

2024-03-09 03:08:03 开始操作号码 【1737947】
2024-03-09 03:08:08 GSD getOne 第 1 次 等待 3 秒
2024-03-09 03:08:11 查询号码 【1737947】，返回信息 {"status":"ok","msg":"江西-抚州","gid":"214975","time_insert":"2021-07-07 15:24"}
2024-03-09 03:08:11 查询号码 【1737947】，GSD为【"江西-抚州"】

2024-03-09 03:33:32 开始第 8049 次操作

2024-03-09 03:33:32 开始操作号码 【1737948】
2024-03-09 03:33:36 GSD getOne 第 1 次 等待 3 秒
2024-03-09 03:33:39 查询号码 【1737948】，返回信息 {"status":"ok","msg":"江西-抚州","gid":"214976","time_insert":"2021-07-07 15:25"}
2024-03-09 03:33:39 查询号码 【1737948】，GSD为【"江西-抚州"】

2024-03-09 03:33:41 开始第 8050 次操作

2024-03-09 03:33:41 开始操作号码 【1737949】
2024-03-09 03:33:45 GSD getOne 第 1 次 等待 3 秒
2024-03-09 03:33:48 查询号码 【1737949】，返回信息 {"status":"ok","msg":"江西-抚州","gid":"214977","time_insert":"2021-07-07 15:26"}
2024-03-09 03:33:48 查询号码 【1737949】，GSD为【"江西-抚州"】

2024-03-09 03:33:49 开始第 8051 次操作

2024-03-09 03:33:49 开始操作号码 【1737950】
2024-03-09 03:33:54 GSD getOne 第 1 次 等待 3 秒
2024-03-09 03:33:57 查询号码 【1737950】，返回信息 {"status":"ok","msg":"江西-宜春","gid":"214978","time_insert":"2021-07-07 15:27"}
2024-03-09 03:33:57 查询号码 【1737950】，GSD为【"江西-宜春"】

2024-03-09 03:33:58 开始第 8052 次操作

2024-03-09 03:33:58 开始操作号码 【1737951】
2024-03-09 03:34:03 GSD getOne 第 1 次 等待 3 秒
2024-03-09 03:34:06 查询号码 【1737951】，返回信息 {"status":"ok","msg":"江西-宜春","gid":"214983","time_insert":"2021-07-07 15:28"}
2024-03-09 03:34:06 查询号码 【1737951】，GSD为【"江西-宜春"】

2024-03-09 04:08:17 开始第 8053 次操作

2024-03-09 04:08:17 开始操作号码 【1737952】
2024-03-09 04:08:20 GSD getOne 第 1 次 等待 3 秒
2024-03-09 04:08:23 查询号码 【1737952】，返回信息 {"status":"ok","msg":"江西-宜春","gid":"214986","time_insert":"2021-07-07 15:29"}
2024-03-09 04:08:23 查询号码 【1737952】，GSD为【"江西-宜春"】

2024-03-09 04:08:24 开始第 8054 次操作

2024-03-09 04:08:24 开始操作号码 【1737953】
2024-03-09 04:08:29 GSD getOne 第 1 次 等待 3 秒
2024-03-09 04:08:32 查询号码 【1737953】，返回信息 {"status":"ok","msg":"江西-宜春","gid":"214987","time_insert":"2021-07-07 15:30"}
2024-03-09 04:08:32 查询号码 【1737953】，GSD为【"江西-宜春"】

2024-03-09 04:08:33 开始第 8055 次操作

2024-03-09 04:08:33 开始操作号码 【1737954】
2024-03-09 04:08:38 GSD getOne 第 1 次 等待 3 秒
2024-03-09 04:08:41 查询号码 【1737954】，返回信息 {"status":"ok","msg":"江西-宜春","gid":"214989","time_insert":"2021-07-07 15:31"}
2024-03-09 04:08:41 查询号码 【1737954】，GSD为【"江西-宜春"】

2024-03-09 04:08:42 开始第 8056 次操作

2024-03-09 04:08:42 开始操作号码 【1737955】
2024-03-09 04:08:46 GSD getOne 第 1 次 等待 3 秒
2024-03-09 04:08:49 查询号码 【1737955】，返回信息 {"status":"ok","msg":"江西-宜春","gid":"214994","time_insert":"2021-07-07 15:31"}
2024-03-09 04:08:50 查询号码 【1737955】，GSD为【"江西-宜春"】

2024-03-09 04:32:43 开始第 8057 次操作

2024-03-09 04:32:43 开始操作号码 【1737956】
2024-03-09 04:32:50 GSD getOne 第 1 次 等待 3 秒
2024-03-09 04:32:53 查询号码 【1737956】，返回信息 {"status":"ok","msg":"江西-宜春","gid":"215000","time_insert":"2021-07-07 15:32"}
2024-03-09 04:32:53 查询号码 【1737956】，GSD为【"江西-宜春"】

2024-03-09 04:32:54 开始第 8058 次操作

2024-03-09 04:32:54 开始操作号码 【1737957】
2024-03-09 04:32:59 GSD getOne 第 1 次 等待 3 秒
2024-03-09 04:33:02 查询号码 【1737957】，返回信息 {"status":"ok","msg":"江西-宜春","gid":"215002","time_insert":"2021-07-07 15:33"}
2024-03-09 04:33:02 查询号码 【1737957】，GSD为【"江西-宜春"】

2024-03-09 04:33:03 开始第 8059 次操作

2024-03-09 04:33:03 开始操作号码 【1737958】
2024-03-09 04:33:08 GSD getOne 第 1 次 等待 3 秒
2024-03-09 04:33:11 查询号码 【1737958】，返回信息 {"status":"ok","msg":"江西-宜春","gid":"215008","time_insert":"2021-07-07 15:35"}
2024-03-09 04:33:11 查询号码 【1737958】，GSD为【"江西-宜春"】

2024-03-09 04:33:12 开始第 8060 次操作

2024-03-09 04:33:12 开始操作号码 【1737959】
2024-03-09 04:33:17 GSD getOne 第 1 次 等待 3 秒
2024-03-09 04:33:20 查询号码 【1737959】，返回信息 {"status":"ok","msg":"江西-宜春","gid":"215013","time_insert":"2021-07-07 15:35"}
2024-03-09 04:33:20 查询号码 【1737959】，GSD为【"江西-宜春"】

2024-03-09 05:08:14 开始第 8061 次操作

2024-03-09 05:08:14 开始操作号码 【1737960】
2024-03-09 05:08:18 GSD getOne 第 1 次 等待 3 秒
2024-03-09 05:08:21 查询号码 【1737960】，返回信息 {"status":"ok","msg":"江西-吉安","gid":"215014","time_insert":"2021-07-07 15:35"}
2024-03-09 05:08:21 查询号码 【1737960】，GSD为【"江西-吉安"】

2024-03-09 05:08:22 开始第 8062 次操作

2024-03-09 05:08:22 开始操作号码 【1737961】
2024-03-09 05:08:26 GSD getOne 第 1 次 等待 3 秒
2024-03-09 05:08:29 查询号码 【1737961】，返回信息 {"status":"ok","msg":"江西-吉安","gid":"215018","time_insert":"2021-07-07 15:36"}
2024-03-09 05:08:29 查询号码 【1737961】，GSD为【"江西-吉安"】

2024-03-09 05:08:30 开始第 8063 次操作

2024-03-09 05:08:30 开始操作号码 【1737962】
2024-03-09 05:08:34 GSD getOne 第 1 次 等待 3 秒
2024-03-09 05:08:37 查询号码 【1737962】，返回信息 {"status":"ok","msg":"江西-吉安","gid":"215023","time_insert":"2021-07-07 15:36"}
2024-03-09 05:08:38 查询号码 【1737962】，GSD为【"江西-吉安"】

2024-03-09 05:08:39 开始第 8064 次操作

2024-03-09 05:08:39 开始操作号码 【1737963】
2024-03-09 05:08:43 GSD getOne 第 1 次 等待 3 秒
2024-03-09 05:08:46 查询号码 【1737963】，返回信息 {"status":"ok","msg":"江西-吉安","gid":"215029","time_insert":"2021-07-07 15:37"}
2024-03-09 05:08:46 查询号码 【1737963】，GSD为【"江西-吉安"】

2024-03-09 05:32:59 开始第 8065 次操作

2024-03-09 05:32:59 开始操作号码 【1737964】
2024-03-09 05:33:04 GSD getOne 第 1 次 等待 3 秒
2024-03-09 05:33:07 查询号码 【1737964】，返回信息 {"status":"ok","msg":"江西-吉安","gid":"215035","time_insert":"2021-07-07 15:37"}
2024-03-09 05:33:07 查询号码 【1737964】，GSD为【"江西-吉安"】

2024-03-09 05:33:08 开始第 8066 次操作

2024-03-09 05:33:08 开始操作号码 【1737965】
2024-03-09 05:33:14 GSD getOne 第 1 次 等待 3 秒
2024-03-09 05:33:17 查询号码 【1737965】，返回信息 {"status":"ok","msg":"江西-吉安","gid":"215039","time_insert":"2021-07-07 15:38"}
2024-03-09 05:33:17 查询号码 【1737965】，GSD为【"江西-吉安"】

2024-03-09 05:33:18 开始第 8067 次操作

2024-03-09 05:33:18 开始操作号码 【1737966】
2024-03-09 05:33:22 GSD getOne 第 1 次 等待 3 秒
2024-03-09 05:33:25 查询号码 【1737966】，返回信息 {"status":"ok","msg":"江西-吉安","gid":"215045","time_insert":"2021-07-07 15:38"}
2024-03-09 05:33:25 查询号码 【1737966】，GSD为【"江西-吉安"】

2024-03-09 05:33:26 开始第 8068 次操作

2024-03-09 05:33:26 开始操作号码 【1737967】
2024-03-09 05:33:31 GSD getOne 第 1 次 等待 3 秒
2024-03-09 05:33:34 查询号码 【1737967】，返回信息 {"status":"ok","msg":"江西-吉安","gid":"215049","time_insert":"2021-07-07 15:38"}
2024-03-09 05:33:34 查询号码 【1737967】，GSD为【"江西-吉安"】

2024-03-09 06:09:28 开始第 8069 次操作

2024-03-09 06:09:28 开始操作号码 【1737968】
2024-03-09 06:09:33 GSD getOne 第 1 次 等待 3 秒
2024-03-09 06:09:36 查询号码 【1737968】，返回信息 {"status":"ok","msg":"江西-吉安","gid":"215055","time_insert":"2021-07-07 15:39"}
2024-03-09 06:09:36 查询号码 【1737968】，GSD为【"江西-吉安"】

2024-03-09 06:09:37 开始第 8070 次操作

2024-03-09 06:09:37 开始操作号码 【1737969】
2024-03-09 06:09:41 GSD getOne 第 1 次 等待 3 秒
2024-03-09 06:09:44 查询号码 【1737969】，返回信息 {"status":"ok","msg":"江西-吉安","gid":"215060","time_insert":"2021-07-07 15:39"}
2024-03-09 06:09:44 查询号码 【1737969】，GSD为【"江西-吉安"】

2024-03-09 06:09:45 开始第 8071 次操作

2024-03-09 06:09:45 开始操作号码 【1737970】
2024-03-09 06:09:50 GSD getOne 第 1 次 等待 3 秒
2024-03-09 06:09:53 查询号码 【1737970】，返回信息 {"status":"ok","msg":"江西-赣州","gid":"215066","time_insert":"2021-07-07 15:40"}
2024-03-09 06:09:53 查询号码 【1737970】，GSD为【"江西-赣州"】

2024-03-09 06:09:54 开始第 8072 次操作

2024-03-09 06:09:54 开始操作号码 【1737971】
2024-03-09 06:09:59 GSD getOne 第 1 次 等待 3 秒
2024-03-09 06:10:02 查询号码 【1737971】，返回信息 {"status":"ok","msg":"江西-赣州","gid":"215073","time_insert":"2021-07-07 15:40"}
2024-03-09 06:10:02 查询号码 【1737971】，GSD为【"江西-赣州"】

2024-03-09 06:32:45 开始第 8073 次操作

2024-03-09 06:32:45 开始操作号码 【1737972】
2024-03-09 06:32:50 GSD getOne 第 1 次 等待 3 秒
2024-03-09 06:32:53 查询号码 【1737972】，返回信息 {"status":"ok","msg":"江西-赣州","gid":"215084","time_insert":"2021-07-07 15:41"}
2024-03-09 06:32:53 查询号码 【1737972】，GSD为【"江西-赣州"】

2024-03-09 06:32:54 开始第 8074 次操作

2024-03-09 06:32:54 开始操作号码 【1737973】
2024-03-09 06:32:58 GSD getOne 第 1 次 等待 3 秒
2024-03-09 06:33:01 查询号码 【1737973】，返回信息 {"status":"ok","msg":"江西-赣州","gid":"215089","time_insert":"2021-07-07 15:42"}
2024-03-09 06:33:01 查询号码 【1737973】，GSD为【"江西-赣州"】

2024-03-09 06:33:02 开始第 8075 次操作

2024-03-09 06:33:02 开始操作号码 【1737974】
2024-03-09 06:33:07 GSD getOne 第 1 次 等待 3 秒
2024-03-09 06:33:10 查询号码 【1737974】，返回信息 {"status":"ok","msg":"江西-赣州","gid":"215097","time_insert":"2021-07-07 15:42"}
2024-03-09 06:33:10 查询号码 【1737974】，GSD为【"江西-赣州"】

2024-03-09 06:33:11 开始第 8076 次操作

2024-03-09 06:33:11 开始操作号码 【1737975】
2024-03-09 06:33:16 GSD getOne 第 1 次 等待 3 秒
2024-03-09 06:33:19 查询号码 【1737975】，返回信息 {"status":"ok","msg":"江西-赣州","gid":"215101","time_insert":"2021-07-07 15:43"}
2024-03-09 06:33:20 查询号码 【1737975】，GSD为【"江西-赣州"】

2024-03-09 07:09:48 开始第 8077 次操作

2024-03-09 07:09:48 开始操作号码 【1737976】
2024-03-09 07:09:52 GSD getOne 第 1 次 等待 3 秒
2024-03-09 07:09:55 查询号码 【1737976】，返回信息 {"status":"ok","msg":"江西-赣州","gid":"215111","time_insert":"2021-07-07 15:43"}
2024-03-09 07:09:55 查询号码 【1737976】，GSD为【"江西-赣州"】

2024-03-09 07:09:56 开始第 8078 次操作

2024-03-09 07:09:56 开始操作号码 【1737977】
2024-03-09 07:10:01 GSD getOne 第 1 次 等待 3 秒
2024-03-09 07:10:04 查询号码 【1737977】，返回信息 {"status":"ok","msg":"江西-赣州","gid":"215115","time_insert":"2021-07-07 15:43"}
2024-03-09 07:10:04 查询号码 【1737977】，GSD为【"江西-赣州"】

2024-03-09 07:10:05 开始第 8079 次操作

2024-03-09 07:10:05 开始操作号码 【1737978】
2024-03-09 07:10:09 GSD getOne 第 1 次 等待 3 秒
2024-03-09 07:10:12 查询号码 【1737978】，返回信息 {"status":"ok","msg":"江西-赣州","gid":"215120","time_insert":"2021-07-07 15:44"}
2024-03-09 07:10:12 查询号码 【1737978】，GSD为【"江西-赣州"】

2024-03-09 07:10:13 开始第 8080 次操作

2024-03-09 07:10:13 开始操作号码 【1737979】
2024-03-09 07:10:18 GSD getOne 第 1 次 等待 3 秒
2024-03-09 07:10:21 查询号码 【1737979】，返回信息 {"status":"ok","msg":"江西-赣州","gid":"215124","time_insert":"2021-07-07 15:44"}
2024-03-09 07:10:21 查询号码 【1737979】，GSD为【"江西-赣州"】

2024-03-09 07:34:41 开始第 8081 次操作

2024-03-09 07:34:41 开始操作号码 【1737980】
2024-03-09 07:34:47 GSD getOne 第 1 次 等待 3 秒
2024-03-09 07:34:50 查询号码 【1737980】，返回信息 {"status":"ok","msg":"江西-景德镇","gid":"215135","time_insert":"2021-07-07 15:45"}
2024-03-09 07:34:50 查询号码 【1737980】，GSD为【"江西-景德镇"】

2024-03-09 07:34:51 开始第 8082 次操作

2024-03-09 07:34:51 开始操作号码 【1737981】
2024-03-09 07:34:56 GSD getOne 第 1 次 等待 3 秒
2024-03-09 07:34:59 查询号码 【1737981】，返回信息 {"status":"ok","msg":"江西-景德镇","gid":"215142","time_insert":"2021-07-07 15:45"}
2024-03-09 07:34:59 查询号码 【1737981】，GSD为【"江西-景德镇"】

2024-03-09 07:35:00 开始第 8083 次操作

2024-03-09 07:35:00 开始操作号码 【1737982】
2024-03-09 07:35:05 GSD getOne 第 1 次 等待 3 秒
2024-03-09 07:35:08 查询号码 【1737982】，返回信息 {"status":"ok","msg":"江西-景德镇","gid":"215148","time_insert":"2021-07-07 15:46"}
2024-03-09 07:35:08 查询号码 【1737982】，GSD为【"江西-景德镇"】

2024-03-09 07:35:09 开始第 8084 次操作

2024-03-09 07:35:09 开始操作号码 【1737983】
2024-03-09 07:35:15 GSD getOne 第 1 次 等待 3 秒
2024-03-09 07:35:18 查询号码 【1737983】，返回信息 {"status":"ok","msg":"江西-景德镇","gid":"215159","time_insert":"2021-07-07 15:46"}
2024-03-09 07:35:18 查询号码 【1737983】，GSD为【"江西-景德镇"】

2024-03-09 08:37:21 开始第 8085 次操作

2024-03-09 08:37:21 开始操作号码 【1737984】
2024-03-09 08:37:26 GSD getOne 第 1 次 等待 3 秒
2024-03-09 08:37:29 查询号码 【1737984】，返回信息 {"status":"ok","msg":"江西-景德镇","gid":"215168","time_insert":"2021-07-07 15:47"}
2024-03-09 08:37:29 查询号码 【1737984】，GSD为【"江西-景德镇"】

2024-03-09 08:37:30 开始第 8086 次操作

2024-03-09 08:37:30 开始操作号码 【1737985】
2024-03-09 08:37:34 GSD getOne 第 1 次 等待 3 秒
2024-03-09 08:37:37 查询号码 【1737985】，返回信息 {"status":"ok","msg":"江西-景德镇","gid":"215173","time_insert":"2021-07-07 15:47"}
2024-03-09 08:37:37 查询号码 【1737985】，GSD为【"江西-景德镇"】

2024-03-09 08:37:38 开始第 8087 次操作

2024-03-09 08:37:38 开始操作号码 【1737986】
2024-03-09 08:37:43 GSD getOne 第 1 次 等待 3 秒
2024-03-09 08:37:46 查询号码 【1737986】，返回信息 {"status":"ok","msg":"江西-景德镇","gid":"215181","time_insert":"2021-07-07 15:48"}
2024-03-09 08:37:46 查询号码 【1737986】，GSD为【"江西-景德镇"】

2024-03-09 08:37:47 开始第 8088 次操作

2024-03-09 08:37:47 开始操作号码 【1737987】
2024-03-09 08:37:51 GSD getOne 第 1 次 等待 3 秒
2024-03-09 08:37:54 查询号码 【1737987】，返回信息 {"status":"ok","msg":"江西-景德镇","gid":"215186","time_insert":"2021-07-07 15:48"}
2024-03-09 08:37:54 查询号码 【1737987】，GSD为【"江西-景德镇"】

2024-03-09 09:36:22 开始第 8089 次操作

2024-03-09 09:36:22 开始操作号码 【1737988】
2024-03-09 09:36:30 GSD getOne 第 1 次 等待 3 秒
2024-03-09 09:36:33 查询号码 【1737988】，返回信息 {"status":"ok","msg":"江西-景德镇","gid":"215443","time_insert":"2021-07-07 16:44"}
2024-03-09 09:36:33 查询号码 【1737988】，GSD为【"江西-景德镇"】

2024-03-09 09:36:34 开始第 8090 次操作

2024-03-09 09:36:34 开始操作号码 【1737989】
2024-03-09 09:36:39 GSD getOne 第 1 次 等待 3 秒
2024-03-09 09:36:42 查询号码 【1737989】，返回信息 {"status":"ok","msg":"江西-景德镇","gid":"215457","time_insert":"2021-07-07 16:45"}
2024-03-09 09:36:42 查询号码 【1737989】，GSD为【"江西-景德镇"】

2024-03-09 09:36:43 开始第 8091 次操作

2024-03-09 09:36:43 开始操作号码 【1737990】
2024-03-09 09:36:49 GSD getOne 第 1 次 等待 3 秒
2024-03-09 09:36:52 查询号码 【1737990】，返回信息 {"status":"ok","msg":"江西-萍乡","gid":"215471","time_insert":"2021-07-07 16:46"}
2024-03-09 09:36:52 查询号码 【1737990】，GSD为【"江西-萍乡"】

2024-03-09 09:36:53 开始第 8092 次操作

2024-03-09 09:36:53 开始操作号码 【1737991】
2024-03-09 09:37:00 GSD getOne 第 1 次 等待 3 秒
2024-03-09 09:37:03 查询号码 【1737991】，返回信息 {"status":"ok","msg":"江西-萍乡","gid":"215480","time_insert":"2021-07-07 16:46"}
2024-03-09 09:37:03 查询号码 【1737991】，GSD为【"江西-萍乡"】

2024-03-09 10:11:50 开始第 8093 次操作

2024-03-09 10:11:50 开始操作号码 【1737992】
2024-03-09 10:11:55 GSD getOne 第 1 次 等待 3 秒
2024-03-09 10:11:58 查询号码 【1737992】，返回信息 {"status":"ok","msg":"江西-萍乡","gid":"215486","time_insert":"2021-07-07 16:47"}
2024-03-09 10:11:58 查询号码 【1737992】，GSD为【"江西-萍乡"】

2024-03-09 10:11:59 开始第 8094 次操作

2024-03-09 10:11:59 开始操作号码 【1737993】
2024-03-09 10:12:03 GSD getOne 第 1 次 等待 3 秒
2024-03-09 10:12:06 查询号码 【1737993】，返回信息 {"status":"ok","msg":"江西-萍乡","gid":"215494","time_insert":"2021-07-07 16:47"}
2024-03-09 10:12:06 查询号码 【1737993】，GSD为【"江西-萍乡"】

2024-03-09 10:12:07 开始第 8095 次操作

2024-03-09 10:12:07 开始操作号码 【1737994】
2024-03-09 10:12:13 GSD getOne 第 1 次 等待 3 秒
2024-03-09 10:12:16 查询号码 【1737994】，返回信息 {"status":"ok","msg":"江西-萍乡","gid":"215503","time_insert":"2021-07-07 16:47"}
2024-03-09 10:12:16 查询号码 【1737994】，GSD为【"江西-萍乡"】

2024-03-09 10:12:17 开始第 8096 次操作

2024-03-09 10:12:17 开始操作号码 【1737995】
2024-03-09 10:12:21 GSD getOne 第 1 次 等待 3 秒
2024-03-09 10:12:24 查询号码 【1737995】，返回信息 {"status":"ok","msg":"江西-萍乡","gid":"215511","time_insert":"2021-07-07 16:48"}
2024-03-09 10:12:24 查询号码 【1737995】，GSD为【"江西-萍乡"】

2024-03-09 10:32:40 开始第 8097 次操作

2024-03-09 10:32:40 开始操作号码 【1737996】
2024-03-09 10:32:46 GSD getOne 第 1 次 等待 3 秒
2024-03-09 10:32:49 查询号码 【1737996】，返回信息 {"status":"ok","msg":"江西-萍乡","gid":"215518","time_insert":"2021-07-07 16:48"}
2024-03-09 10:32:49 查询号码 【1737996】，GSD为【"江西-萍乡"】

2024-03-09 10:32:50 开始第 8098 次操作

2024-03-09 10:32:50 开始操作号码 【1737997】
2024-03-09 10:32:55 GSD getOne 第 1 次 等待 3 秒
2024-03-09 10:32:58 查询号码 【1737997】，返回信息 {"status":"ok","msg":"江西-萍乡","gid":"215527","time_insert":"2021-07-07 16:49"}
2024-03-09 10:32:58 查询号码 【1737997】，GSD为【"江西-萍乡"】

2024-03-09 10:32:59 开始第 8099 次操作

2024-03-09 10:32:59 开始操作号码 【1737998】
2024-03-09 10:33:04 GSD getOne 第 1 次 等待 3 秒
2024-03-09 10:33:07 查询号码 【1737998】，返回信息 {"status":"ok","msg":"江西-萍乡","gid":"215536","time_insert":"2021-07-07 16:49"}
2024-03-09 10:33:07 查询号码 【1737998】，GSD为【"江西-萍乡"】

2024-03-09 10:33:08 开始第 8100 次操作

2024-03-09 10:33:08 开始操作号码 【1737999】
2024-03-09 10:33:12 GSD getOne 第 1 次 等待 3 秒
2024-03-09 10:33:15 查询号码 【1737999】，返回信息 {"status":"ok","msg":"江西-萍乡","gid":"215540","time_insert":"2021-07-07 16:50"}
2024-03-09 10:33:15 查询号码 【1737999】，GSD为【"江西-萍乡"】

2024-03-09 11:11:47 开始第 8101 次操作

2024-03-09 11:11:47 开始操作号码 【1738000】
2024-03-09 11:11:52 GSD getOne 第 1 次 等待 3 秒
2024-03-09 11:11:55 查询号码 【1738000】，返回信息 {"status":"ok","msg":"四川-泸州","gid":"29516","time_insert":"2018-07-18 09:09","time_update":"2020-10-29 03:26"}
2024-03-09 11:11:55 查询号码 【1738000】，GSD为【"四川-泸州"】

2024-03-09 11:11:56 开始第 8102 次操作

2024-03-09 11:11:56 开始操作号码 【1738001】
2024-03-09 11:12:00 GSD getOne 第 1 次 等待 3 秒
2024-03-09 11:12:03 查询号码 【1738001】，返回信息 {"status":"ok","msg":"四川-泸州","gid":"29517","time_insert":"2019-04-15 15:41","time_update":"2020-10-29 03:29"}
2024-03-09 11:12:03 查询号码 【1738001】，GSD为【"四川-泸州"】

2024-03-09 11:12:04 开始第 8103 次操作

2024-03-09 11:12:04 开始操作号码 【1738002】
2024-03-09 11:12:08 GSD getOne 第 1 次 等待 3 秒
2024-03-09 11:12:11 查询号码 【1738002】，返回信息 {"status":"ok","msg":"四川-泸州","gid":"29518","time_insert":"2018-09-13 23:02","time_update":"2020-10-29 03:32"}
2024-03-09 11:12:11 查询号码 【1738002】，GSD为【"四川-泸州"】

2024-03-09 11:12:12 开始第 8104 次操作

2024-03-09 11:12:12 开始操作号码 【1738003】
2024-03-09 11:12:17 GSD getOne 第 1 次 等待 3 秒
2024-03-09 11:12:20 查询号码 【1738003】，返回信息 {"status":"ok","msg":"四川-成都","gid":"215548","time_insert":"2021-07-07 16:50"}
2024-03-09 11:12:20 查询号码 【1738003】，GSD为【"四川-成都"】

2024-03-09 11:32:48 开始第 8105 次操作

2024-03-09 11:32:48 开始操作号码 【1738004】
2024-03-09 11:32:56 GSD getOne 第 1 次 等待 3 秒
2024-03-09 11:32:59 查询号码 【1738004】，返回信息 {"status":"ok","msg":"四川-成都","gid":"215555","time_insert":"2021-07-07 16:51"}
2024-03-09 11:32:59 查询号码 【1738004】，GSD为【"四川-成都"】

2024-03-09 11:33:00 开始第 8106 次操作

2024-03-09 11:33:00 开始操作号码 【1738005】
2024-03-09 11:33:07 GSD getOne 第 1 次 等待 3 秒
2024-03-09 11:33:10 查询号码 【1738005】，返回信息 {"status":"ok","msg":"四川-成都","gid":"29519","time_insert":"2018-01-10 08:00","time_update":"2020-10-29 03:35"}
2024-03-09 11:33:10 查询号码 【1738005】，GSD为【"四川-成都"】

2024-03-09 11:33:11 开始第 8107 次操作

2024-03-09 11:33:11 开始操作号码 【1738006】
2024-03-09 11:33:16 GSD getOne 第 1 次 等待 3 秒
2024-03-09 11:33:19 查询号码 【1738006】，返回信息 {"status":"ok","msg":"四川-阿坝","gid":"215564","time_insert":"2021-07-07 16:51"}
2024-03-09 11:33:19 查询号码 【1738006】，GSD为【"四川-阿坝"】

2024-03-09 11:33:20 开始第 8108 次操作

2024-03-09 11:33:20 开始操作号码 【1738007】
2024-03-09 11:33:25 GSD getOne 第 1 次 等待 3 秒
2024-03-09 11:33:28 查询号码 【1738007】，返回信息 {"status":"ok","msg":"四川-成都","gid":"29520","time_insert":"2018-03-21 11:58","time_update":"2020-10-29 03:39"}
2024-03-09 11:33:28 查询号码 【1738007】，GSD为【"四川-成都"】

2024-03-09 12:09:35 开始第 8109 次操作

2024-03-09 12:09:35 开始操作号码 【1738008】
2024-03-09 12:09:41 GSD getOne 第 1 次 等待 3 秒
2024-03-09 12:09:44 查询号码 【1738008】，返回信息 {"status":"ok","msg":"四川-成都","gid":"29521","time_insert":"2019-01-05 09:32","time_update":"2020-10-29 03:43"}
2024-03-09 12:09:44 查询号码 【1738008】，GSD为【"四川-成都"】

2024-03-09 12:09:45 开始第 8110 次操作

2024-03-09 12:09:45 开始操作号码 【1738009】
2024-03-09 12:09:50 GSD getOne 第 1 次 等待 3 秒
2024-03-09 12:09:53 查询号码 【1738009】，返回信息 {"status":"ok","msg":"四川-成都","gid":"29522","time_insert":"2018-07-30 23:28","time_update":"2020-10-29 03:47"}
2024-03-09 12:09:53 查询号码 【1738009】，GSD为【"四川-成都"】

2024-03-09 12:09:54 开始第 8111 次操作

2024-03-09 12:09:54 开始操作号码 【1738010】
2024-03-09 12:09:58 GSD getOne 第 1 次 等待 3 秒
2024-03-09 12:10:01 查询号码 【1738010】，返回信息 {"status":"ok","msg":"四川-成都","gid":"29523","time_insert":"2018-08-26 22:23","time_update":"2020-10-29 03:51"}
2024-03-09 12:10:01 查询号码 【1738010】，GSD为【"四川-成都"】

2024-03-09 12:10:02 开始第 8112 次操作

2024-03-09 12:10:02 开始操作号码 【1738011】
2024-03-09 12:10:07 GSD getOne 第 1 次 等待 3 秒
2024-03-09 12:10:10 查询号码 【1738011】，返回信息 {"status":"ok","msg":"四川-成都","gid":"29524","time_insert":"2019-12-09 20:33","time_update":"2020-10-29 03:55"}
2024-03-09 12:10:10 查询号码 【1738011】，GSD为【"四川-成都"】

2024-03-09 12:32:56 开始第 8113 次操作

2024-03-09 12:32:56 开始操作号码 【1738012】
2024-03-09 12:33:06 GSD getOne 第 1 次 等待 3 秒
2024-03-09 12:33:09 查询号码 【1738012】，返回信息 {"status":"ok","msg":"四川-成都","gid":"29525","time_insert":"2018-01-14 17:42","time_update":"2020-10-29 03:58"}
2024-03-09 12:33:09 查询号码 【1738012】，GSD为【"四川-成都"】

2024-03-09 12:33:10 开始第 8114 次操作

2024-03-09 12:33:10 开始操作号码 【1738013】
2024-03-09 12:33:15 GSD getOne 第 1 次 等待 3 秒
2024-03-09 12:33:18 查询号码 【1738013】，返回信息 {"status":"ok","msg":"四川-成都","gid":"29526","time_insert":"2017-04-20 10:11","time_update":"2020-10-29 04:03"}
2024-03-09 12:33:18 查询号码 【1738013】，GSD为【"四川-成都"】

2024-03-09 12:33:19 开始第 8115 次操作

2024-03-09 12:33:19 开始操作号码 【1738014】
2024-03-09 12:33:24 GSD getOne 第 1 次 等待 3 秒
2024-03-09 12:33:27 查询号码 【1738014】，返回信息 {"status":"ok","msg":"四川-成都","gid":"29527","time_insert":"2017-04-20 10:11","time_update":"2020-10-29 04:06"}
2024-03-09 12:33:27 查询号码 【1738014】，GSD为【"四川-成都"】

2024-03-09 12:33:28 开始第 8116 次操作

2024-03-09 12:33:28 开始操作号码 【1738015】
2024-03-09 12:33:34 GSD getOne 第 1 次 等待 3 秒
2024-03-09 12:33:37 查询号码 【1738015】，返回信息 {"status":"ok","msg":"四川-成都","gid":"29528","time_insert":"2017-04-23 09:43","time_update":"2020-10-29 04:11"}
2024-03-09 12:33:37 查询号码 【1738015】，GSD为【"四川-成都"】

2024-03-09 13:10:14 开始第 8117 次操作

2024-03-09 13:10:14 开始操作号码 【1738016】
2024-03-09 13:10:20 GSD getOne 第 1 次 等待 3 秒
2024-03-09 13:10:23 查询号码 【1738016】，返回信息 {"status":"ok","msg":"四川-达州","gid":"215582","time_insert":"2021-07-07 16:53"}
2024-03-09 13:10:23 查询号码 【1738016】，GSD为【"四川-达州"】

2024-03-09 13:10:24 开始第 8118 次操作

2024-03-09 13:10:24 开始操作号码 【1738017】
2024-03-09 13:10:28 GSD getOne 第 1 次 等待 3 秒
2024-03-09 13:10:31 查询号码 【1738017】，返回信息 {"status":"ok","msg":"四川-达州","gid":"215586","time_insert":"2021-07-07 16:53"}
2024-03-09 13:10:31 查询号码 【1738017】，GSD为【"四川-达州"】

2024-03-09 13:10:32 开始第 8119 次操作

2024-03-09 13:10:32 开始操作号码 【1738018】
2024-03-09 13:10:37 GSD getOne 第 1 次 等待 3 秒
2024-03-09 13:10:40 查询号码 【1738018】，返回信息 {"status":"ok","msg":"四川-达州","gid":"215592","time_insert":"2021-07-07 16:53"}
2024-03-09 13:10:40 查询号码 【1738018】，GSD为【"四川-达州"】

2024-03-09 13:10:41 开始第 8120 次操作

2024-03-09 13:10:41 开始操作号码 【1738019】
2024-03-09 13:10:46 GSD getOne 第 1 次 等待 3 秒
2024-03-09 13:10:49 查询号码 【1738019】，返回信息 {"status":"ok","msg":"四川-达州","gid":"215596","time_insert":"2021-07-07 16:54"}
2024-03-09 13:10:49 查询号码 【1738019】，GSD为【"四川-达州"】

2024-03-09 13:32:43 开始第 8121 次操作

2024-03-09 13:32:43 开始操作号码 【1738020】
2024-03-09 13:32:49 GSD getOne 第 1 次 等待 3 秒
2024-03-09 13:32:52 查询号码 【1738020】，返回信息 {"status":"ok","msg":"四川-达州","gid":"29529","time_insert":"2019-12-06 10:28","time_update":"2020-10-29 04:12"}
2024-03-09 13:32:52 查询号码 【1738020】，GSD为【"四川-达州"】

2024-03-09 13:32:53 开始第 8122 次操作

2024-03-09 13:32:53 开始操作号码 【1738021】
2024-03-09 13:32:58 GSD getOne 第 1 次 等待 3 秒
2024-03-09 13:33:01 查询号码 【1738021】，返回信息 {"status":"ok","msg":"四川-德阳","gid":"29530","time_insert":"2019-12-16 13:39","time_update":"2020-10-29 04:16"}
2024-03-09 13:33:01 查询号码 【1738021】，GSD为【"四川-德阳"】

2024-03-09 13:33:02 开始第 8123 次操作

2024-03-09 13:33:02 开始操作号码 【1738022】
2024-03-09 13:33:07 GSD getOne 第 1 次 等待 3 秒
2024-03-09 13:33:10 查询号码 【1738022】，返回信息 {"status":"ok","msg":"四川-德阳","gid":"29531","time_insert":"2018-07-26 23:20","time_update":"2020-10-29 04:21"}
2024-03-09 13:33:10 查询号码 【1738022】，GSD为【"四川-德阳"】

2024-03-09 13:33:11 开始第 8124 次操作

2024-03-09 13:33:11 开始操作号码 【1738023】
2024-03-09 13:33:15 GSD getOne 第 1 次 等待 3 秒
2024-03-09 13:33:18 查询号码 【1738023】，返回信息 {"status":"ok","msg":"四川-德阳","gid":"29532","time_insert":"2017-04-20 10:11","time_update":"2020-10-29 04:24"}
2024-03-09 13:33:19 查询号码 【1738023】，GSD为【"四川-德阳"】

2024-03-09 14:12:07 开始第 8125 次操作

2024-03-09 14:12:07 开始操作号码 【1738024】
2024-03-09 14:12:12 GSD getOne 第 1 次 等待 3 秒
2024-03-09 14:12:15 查询号码 【1738024】，返回信息 {"status":"ok","msg":"四川-资阳","gid":"29533","time_insert":"2018-06-19 10:12","time_update":"2020-10-29 04:28"}
2024-03-09 14:12:15 查询号码 【1738024】，GSD为【"四川-资阳"】

2024-03-09 14:12:16 开始第 8126 次操作

2024-03-09 14:12:16 开始操作号码 【1738025】
2024-03-09 14:12:20 GSD getOne 第 1 次 等待 3 秒
2024-03-09 14:12:23 查询号码 【1738025】，返回信息 {"status":"ok","msg":"四川-资阳","gid":"29534","time_insert":"2019-01-14 09:56","time_update":"2020-10-29 04:32"}
2024-03-09 14:12:23 查询号码 【1738025】，GSD为【"四川-资阳"】

2024-03-09 14:12:24 开始第 8127 次操作

2024-03-09 14:12:24 开始操作号码 【1738026】
2024-03-09 14:12:29 GSD getOne 第 1 次 等待 3 秒
2024-03-09 14:12:32 查询号码 【1738026】，返回信息 {"status":"ok","msg":"四川-甘孜","gid":"29535","time_insert":"2019-11-15 11:24","time_update":"2020-10-29 04:36"}
2024-03-09 14:12:32 查询号码 【1738026】，GSD为【"四川-甘孜"】

2024-03-09 14:12:33 开始第 8128 次操作

2024-03-09 14:12:33 开始操作号码 【1738027】
2024-03-09 14:12:37 GSD getOne 第 1 次 等待 3 秒
2024-03-09 14:12:40 查询号码 【1738027】，返回信息 {"status":"ok","msg":"四川-广安","gid":"51811","time_insert":"2021-04-22 10:18"}
2024-03-09 14:12:40 查询号码 【1738027】，GSD为【"四川-广安"】

2024-03-09 14:34:41 开始第 8129 次操作

2024-03-09 14:34:41 开始操作号码 【1738028】
2024-03-09 14:34:49 GSD getOne 第 1 次 等待 3 秒
2024-03-09 14:34:52 查询号码 【1738028】，返回信息 {"status":"ok","msg":"四川-广安","gid":"29536","time_insert":"2020-01-29 11:49","time_update":"2020-10-29 04:41"}
2024-03-09 14:34:52 查询号码 【1738028】，GSD为【"四川-广安"】

2024-03-09 14:34:53 开始第 8130 次操作

2024-03-09 14:34:53 开始操作号码 【1738029】
2024-03-09 14:34:58 GSD getOne 第 1 次 等待 3 秒
2024-03-09 14:35:01 查询号码 【1738029】，返回信息 {"status":"ok","msg":"四川-广安","gid":"29537","time_insert":"2019-12-04 14:12","time_update":"2020-10-29 04:45"}
2024-03-09 14:35:01 查询号码 【1738029】，GSD为【"四川-广安"】

2024-03-09 14:35:02 开始第 8131 次操作

2024-03-09 14:35:02 开始操作号码 【1738030】
2024-03-09 14:35:08 GSD getOne 第 1 次 等待 3 秒
2024-03-09 14:35:11 查询号码 【1738030】，返回信息 {"status":"ok","msg":"四川-广安","gid":"29538","time_insert":"2018-03-15 11:55","time_update":"2020-10-29 04:49"}
2024-03-09 14:35:11 查询号码 【1738030】，GSD为【"四川-广安"】

2024-03-09 14:35:12 开始第 8132 次操作

2024-03-09 14:35:12 开始操作号码 【1738031】
2024-03-09 14:35:16 GSD getOne 第 1 次 等待 3 秒
2024-03-09 14:35:20 查询号码 【1738031】，返回信息 {"status":"ok","msg":"四川-甘孜","gid":"29539","time_insert":"2019-04-08 19:07","time_update":"2020-10-29 04:54"}
2024-03-09 14:35:20 查询号码 【1738031】，GSD为【"四川-甘孜"】

2024-03-09 15:07:27 开始第 8133 次操作

2024-03-09 15:07:27 开始操作号码 【1738032】
2024-03-09 15:07:32 GSD getOne 第 1 次 等待 3 秒
2024-03-09 15:07:35 查询号码 【1738032】，返回信息 {"status":"ok","msg":"四川-广元","gid":"29540","time_insert":"2019-11-18 10:27","time_update":"2020-10-29 04:59"}
2024-03-09 15:07:35 查询号码 【1738032】，GSD为【"四川-广元"】

2024-03-09 15:07:36 开始第 8134 次操作

2024-03-09 15:07:36 开始操作号码 【1738033】
2024-03-09 15:07:40 GSD getOne 第 1 次 等待 3 秒
2024-03-09 15:07:43 查询号码 【1738033】，返回信息 {"status":"ok","msg":"四川-泸州","gid":"29541","time_insert":"2017-12-27 08:35","time_update":"2020-10-29 05:03"}
2024-03-09 15:07:44 查询号码 【1738033】，GSD为【"四川-泸州"】

2024-03-09 15:07:45 开始第 8135 次操作

2024-03-09 15:07:45 开始操作号码 【1738034】
2024-03-09 15:07:50 GSD getOne 第 1 次 等待 3 秒
2024-03-09 15:07:53 查询号码 【1738034】，返回信息 {"status":"ok","msg":"四川-资阳","gid":"29542","time_insert":"2018-10-19 11:49","time_update":"2020-10-29 05:07"}
2024-03-09 15:07:53 查询号码 【1738034】，GSD为【"四川-资阳"】

2024-03-09 15:07:54 开始第 8136 次操作

2024-03-09 15:07:54 开始操作号码 【1738035】
2024-03-09 15:08:01 GSD getOne 第 1 次 等待 3 秒
2024-03-09 15:08:04 查询号码 【1738035】，返回信息 {"status":"ok","msg":"四川-乐山","gid":"215617","time_insert":"2021-07-07 16:56"}
2024-03-09 15:08:04 查询号码 【1738035】，GSD为【"四川-乐山"】

2024-03-09 15:32:41 开始第 8137 次操作

2024-03-09 15:32:41 开始操作号码 【1738036】
2024-03-09 15:32:46 GSD getOne 第 1 次 等待 3 秒
2024-03-09 15:32:49 查询号码 【1738036】，返回信息 {"status":"ok","msg":"四川-乐山","gid":"29543","time_insert":"2020-06-15 23:53","time_update":"2020-10-29 05:11"}
2024-03-09 15:32:49 查询号码 【1738036】，GSD为【"四川-乐山"】

2024-03-09 15:32:50 开始第 8138 次操作

2024-03-09 15:32:50 开始操作号码 【1738037】
2024-03-09 15:32:55 GSD getOne 第 1 次 等待 3 秒
2024-03-09 15:32:58 查询号码 【1738037】，返回信息 {"status":"ok","msg":"四川-乐山","gid":"215621","time_insert":"2021-07-07 16:56"}
2024-03-09 15:32:58 查询号码 【1738037】，GSD为【"四川-乐山"】

2024-03-09 15:32:59 开始第 8139 次操作

2024-03-09 15:32:59 开始操作号码 【1738038】
2024-03-09 15:33:03 GSD getOne 第 1 次 等待 3 秒
2024-03-09 15:33:06 查询号码 【1738038】，返回信息 {"status":"ok","msg":"四川-乐山","gid":"215630","time_insert":"2021-07-07 16:57"}
2024-03-09 15:33:06 查询号码 【1738038】，GSD为【"四川-乐山"】

2024-03-09 15:33:07 开始第 8140 次操作

2024-03-09 15:33:07 开始操作号码 【1738039】
2024-03-09 15:33:13 GSD getOne 第 1 次 等待 3 秒
2024-03-09 15:33:16 查询号码 【1738039】，返回信息 {"status":"ok","msg":"四川-乐山","gid":"215637","time_insert":"2021-07-07 16:57"}
2024-03-09 15:33:16 查询号码 【1738039】，GSD为【"四川-乐山"】

2024-03-09 16:09:57 开始第 8141 次操作

2024-03-09 16:09:57 开始操作号码 【1738040】
2024-03-09 16:10:02 GSD getOne 第 1 次 等待 3 秒
2024-03-09 16:10:05 查询号码 【1738040】，返回信息 {"status":"ok","msg":"四川-成都","gid":"29544","time_insert":"2017-12-01 19:39","time_update":"2020-10-29 05:12"}
2024-03-09 16:10:05 查询号码 【1738040】，GSD为【"四川-成都"】

2024-03-09 16:10:06 开始第 8142 次操作

2024-03-09 16:10:06 开始操作号码 【1738041】
2024-03-09 16:10:11 GSD getOne 第 1 次 等待 3 秒
2024-03-09 16:10:14 查询号码 【1738041】，返回信息 {"status":"ok","msg":"四川-成都","gid":"215639","time_insert":"2021-07-07 16:58"}
2024-03-09 16:10:14 查询号码 【1738041】，GSD为【"四川-成都"】

2024-03-09 16:10:15 开始第 8143 次操作

2024-03-09 16:10:15 开始操作号码 【1738042】
2024-03-09 16:10:22 GSD getOne 第 1 次 等待 3 秒
2024-03-09 16:10:25 查询号码 【1738042】，返回信息 {"status":"ok","msg":"四川-成都","gid":"29545","time_insert":"2018-06-28 23:14","time_update":"2020-10-29 05:16"}
2024-03-09 16:10:25 查询号码 【1738042】，GSD为【"四川-成都"】

2024-03-09 16:10:26 开始第 8144 次操作

2024-03-09 16:10:26 开始操作号码 【1738043】
2024-03-09 16:10:31 GSD getOne 第 1 次 等待 3 秒
2024-03-09 16:10:34 查询号码 【1738043】，返回信息 {"status":"ok","msg":"四川-成都","gid":"29546","time_insert":"2020-07-06 13:38","time_update":"2020-10-29 05:21"}
2024-03-09 16:10:34 查询号码 【1738043】，GSD为【"四川-成都"】

2024-03-09 16:32:56 开始第 8145 次操作

2024-03-09 16:32:56 开始操作号码 【1738044】
2024-03-09 16:33:01 GSD getOne 第 1 次 等待 3 秒
2024-03-09 16:33:04 查询号码 【1738044】，返回信息 {"status":"ok","msg":"四川-成都","gid":"215644","time_insert":"2021-07-07 16:58"}
2024-03-09 16:33:04 查询号码 【1738044】，GSD为【"四川-成都"】

2024-03-09 16:33:05 开始第 8146 次操作

2024-03-09 16:33:05 开始操作号码 【1738045】
2024-03-09 16:33:13 GSD getOne 第 1 次 等待 3 秒
2024-03-09 16:33:16 查询号码 【1738045】，返回信息 {"status":"ok","msg":"四川-成都","gid":"215646","time_insert":"2021-07-07 16:59"}
2024-03-09 16:33:16 查询号码 【1738045】，GSD为【"四川-成都"】

2024-03-09 16:33:17 开始第 8147 次操作

2024-03-09 16:33:17 开始操作号码 【1738046】
2024-03-09 16:33:22 GSD getOne 第 1 次 等待 3 秒
2024-03-09 16:33:25 查询号码 【1738046】，返回信息 {"status":"ok","msg":"四川-成都","gid":"29547","time_insert":"2018-11-05 09:40","time_update":"2020-10-29 05:24"}
2024-03-09 16:33:25 查询号码 【1738046】，GSD为【"四川-成都"】

2024-03-09 16:33:26 开始第 8148 次操作

2024-03-09 16:33:26 开始操作号码 【1738047】
2024-03-09 16:33:32 GSD getOne 第 1 次 等待 3 秒
2024-03-09 16:33:35 查询号码 【1738047】，返回信息 {"status":"ok","msg":"四川-成都","gid":"29548","time_insert":"2018-06-07 10:44","time_update":"2020-10-29 05:29"}
2024-03-09 16:33:35 查询号码 【1738047】，GSD为【"四川-成都"】

2024-03-09 17:10:23 开始第 8149 次操作

2024-03-09 17:10:23 开始操作号码 【1738048】
2024-03-09 17:10:28 GSD getOne 第 1 次 等待 3 秒
2024-03-09 17:10:31 查询号码 【1738048】，返回信息 {"status":"ok","msg":"四川-成都","gid":"29549","time_insert":"2018-06-25 21:29","time_update":"2020-10-29 05:33"}
2024-03-09 17:10:31 查询号码 【1738048】，GSD为【"四川-成都"】

2024-03-09 17:10:32 开始第 8150 次操作

2024-03-09 17:10:32 开始操作号码 【1738049】
2024-03-09 17:10:37 GSD getOne 第 1 次 等待 3 秒
2024-03-09 17:10:40 查询号码 【1738049】，返回信息 {"status":"ok","msg":"四川-成都","gid":"29550","time_insert":"2017-10-12 10:20","time_update":"2020-10-29 05:37"}
2024-03-09 17:10:40 查询号码 【1738049】，GSD为【"四川-成都"】

2024-03-09 17:10:41 开始第 8151 次操作

2024-03-09 17:10:41 开始操作号码 【1738050】
2024-03-09 17:10:47 GSD getOne 第 1 次 等待 3 秒
2024-03-09 17:10:50 查询号码 【1738050】，返回信息 {"status":"ok","msg":"四川-自贡","gid":"29551","time_insert":"2019-03-05 17:58","time_update":"2020-10-29 05:41"}
2024-03-09 17:10:50 查询号码 【1738050】，GSD为【"四川-自贡"】

2024-03-09 17:10:51 开始第 8152 次操作

2024-03-09 17:10:51 开始操作号码 【1738051】
2024-03-09 17:10:56 GSD getOne 第 1 次 等待 3 秒
2024-03-09 17:10:59 查询号码 【1738051】，返回信息 {"status":"ok","msg":"四川-资阳","gid":"29552","time_insert":"2019-12-18 09:53","time_update":"2020-10-29 05:45"}
2024-03-09 17:10:59 查询号码 【1738051】，GSD为【"四川-资阳"】

