2024-07-12 00:11:43 开始第 5685 次操作

2024-07-12 00:11:43 开始操作号码 【1515575】
2024-07-12 00:11:53 GSD getOne 第 1 次 等待 3 秒
2024-07-12 00:11:56 查询号码 【1515575】，返回信息 {"status":"ok","msg":"安徽-宿州","gid":"382520","time_insert":"2021-07-24 23:04"}
2024-07-12 00:11:56 查询号码 【1515575】，GSD为【"安徽-宿州"】

2024-07-12 00:11:57 开始第 5686 次操作

2024-07-12 00:11:57 开始操作号码 【1515576】
2024-07-12 00:12:05 GSD getOne 第 1 次 等待 3 秒
2024-07-12 00:12:08 查询号码 【1515576】，返回信息 {"status":"ok","msg":"安徽-宿州","gid":"382605","time_insert":"2021-07-24 23:17"}
2024-07-12 00:12:08 查询号码 【1515576】，GSD为【"安徽-宿州"】

2024-07-12 00:12:09 开始第 5687 次操作

2024-07-12 00:12:09 开始操作号码 【1515577】
2024-07-12 00:12:17 GSD getOne 第 1 次 等待 3 秒
2024-07-12 00:12:20 查询号码 【1515577】，返回信息 {"status":"ok","msg":"安徽-宿州","gid":"382655","time_insert":"2021-07-24 23:30"}
2024-07-12 00:12:20 查询号码 【1515577】，GSD为【"安徽-宿州"】

2024-07-12 00:12:21 开始第 5688 次操作

2024-07-12 00:12:21 开始操作号码 【1515578】
2024-07-12 00:12:29 GSD getOne 第 1 次 等待 3 秒
2024-07-12 00:12:32 查询号码 【1515578】，返回信息 {"status":"ok","msg":"安徽-宿州","gid":"382700","time_insert":"2021-07-24 23:42"}
2024-07-12 00:12:32 查询号码 【1515578】，GSD为【"安徽-宿州"】

