2024-07-09 00:12:21 开始第 5145 次操作

2024-07-09 00:12:21 开始操作号码 【1515035】
2024-07-09 00:12:31 GSD getOne 第 1 次 等待 3 秒
2024-07-09 00:12:34 查询号码 【1515035】，返回信息 {"status":"ok","msg":"江苏-苏州","gid":"338355","time_insert":"2021-07-20 16:27"}
2024-07-09 00:12:34 查询号码 【1515035】，GSD为【"江苏-苏州"】

2024-07-09 00:12:35 开始第 5146 次操作

2024-07-09 00:12:35 开始操作号码 【1515036】
2024-07-09 00:12:51 GSD getOne 第 1 次 等待 3 秒
2024-07-09 00:12:54 查询号码 【1515036】，返回信息 {"status":"ok","msg":"江苏-苏州","gid":"338394","time_insert":"2021-07-20 16:38"}
2024-07-09 00:12:54 查询号码 【1515036】，GSD为【"江苏-苏州"】

2024-07-09 00:12:55 开始第 5147 次操作

2024-07-09 00:12:55 开始操作号码 【1515037】
2024-07-09 00:13:04 GSD getOne 第 1 次 等待 3 秒
2024-07-09 00:13:07 查询号码 【1515037】，返回信息 {"status":"ok","msg":"江苏-苏州","gid":"338548","time_insert":"2021-07-20 16:53"}
2024-07-09 00:13:07 查询号码 【1515037】，GSD为【"江苏-苏州"】

2024-07-09 00:13:08 开始第 5148 次操作

2024-07-09 00:13:08 开始操作号码 【1515038】
2024-07-09 00:13:16 GSD getOne 第 1 次 等待 3 秒
2024-07-09 00:13:19 查询号码 【1515038】，返回信息 {"status":"ok","msg":"江苏-苏州","gid":"338719","time_insert":"2021-07-20 17:06"}
2024-07-09 00:13:19 查询号码 【1515038】，GSD为【"江苏-苏州"】

2024-07-09 00:38:05 开始第 5149 次操作

2024-07-09 00:38:05 开始操作号码 【1515039】
2024-07-09 00:38:16 GSD getOne 第 1 次 等待 3 秒
2024-07-09 00:38:19 查询号码 【1515039】，返回信息 {"status":"ok","msg":"江苏-苏州","gid":"49992","time_insert":"2021-04-21 14:49"}
2024-07-09 00:38:19 查询号码 【1515039】，GSD为【"江苏-苏州"】

2024-07-09 00:38:20 开始第 5150 次操作

2024-07-09 00:38:20 开始操作号码 【1515040】
2024-07-09 00:38:29 GSD getOne 第 1 次 等待 3 秒
2024-07-09 00:38:32 查询号码 【1515040】，返回信息 {"status":"ok","msg":"江苏-苏州","gid":"338815","time_insert":"2021-07-20 17:20"}
2024-07-09 00:38:32 查询号码 【1515040】，GSD为【"江苏-苏州"】

2024-07-09 00:38:33 开始第 5151 次操作

2024-07-09 00:38:33 开始操作号码 【1515041】
2024-07-09 00:38:46 GSD getOne 第 1 次 等待 3 秒
2024-07-09 00:38:49 查询号码 【1515041】，返回信息 {"status":"ok","msg":"江苏-苏州","gid":"338851","time_insert":"2021-07-20 17:34"}
2024-07-09 00:38:49 查询号码 【1515041】，GSD为【"江苏-苏州"】

2024-07-09 00:38:50 开始第 5152 次操作

2024-07-09 00:38:50 开始操作号码 【1515042】
2024-07-09 00:38:58 GSD getOne 第 1 次 等待 3 秒
2024-07-09 00:39:01 查询号码 【1515042】，返回信息 {"status":"ok","msg":"江苏-苏州","gid":"17394","time_insert":"2018-03-14 18:19","time_update":"2020-08-25 00:46"}
2024-07-09 00:39:01 查询号码 【1515042】，GSD为【"江苏-苏州"】

2024-07-09 01:08:47 开始第 5153 次操作

2024-07-09 01:08:47 开始操作号码 【1515043】
2024-07-09 01:08:58 GSD getOne 第 1 次 等待 3 秒
2024-07-09 01:09:01 查询号码 【1515043】，返回信息 {"status":"ok","msg":"江苏-苏州","gid":"338940","time_insert":"2021-07-20 17:48"}
2024-07-09 01:09:01 查询号码 【1515043】，GSD为【"江苏-苏州"】

2024-07-09 01:09:02 开始第 5154 次操作

2024-07-09 01:09:02 开始操作号码 【1515044】
2024-07-09 01:09:10 GSD getOne 第 1 次 等待 3 秒
2024-07-09 01:09:13 查询号码 【1515044】，返回信息 {"status":"ok","msg":"江苏-苏州","gid":"339060","time_insert":"2021-07-20 17:58"}
2024-07-09 01:09:13 查询号码 【1515044】，GSD为【"江苏-苏州"】

2024-07-09 01:09:14 开始第 5155 次操作

2024-07-09 01:09:14 开始操作号码 【1515045】
2024-07-09 01:09:23 GSD getOne 第 1 次 等待 3 秒
2024-07-09 01:09:26 查询号码 【1515045】，返回信息 {"status":"ok","msg":"江苏-苏州","gid":"339194","time_insert":"2021-07-20 18:11"}
2024-07-09 01:09:26 查询号码 【1515045】，GSD为【"江苏-苏州"】

2024-07-09 01:09:27 开始第 5156 次操作

2024-07-09 01:09:27 开始操作号码 【1515046】
2024-07-09 01:09:34 GSD getOne 第 1 次 等待 3 秒
2024-07-09 01:09:37 查询号码 【1515046】，返回信息 {"status":"ok","msg":"江苏-苏州","gid":"339234","time_insert":"2021-07-20 18:22"}
2024-07-09 01:09:38 查询号码 【1515046】，GSD为【"江苏-苏州"】

2024-07-09 01:32:53 开始第 5157 次操作

2024-07-09 01:32:53 开始操作号码 【1515047】
2024-07-09 01:33:02 GSD getOne 第 1 次 等待 3 秒
2024-07-09 01:33:05 查询号码 【1515047】，返回信息 {"status":"ok","msg":"江苏-苏州","gid":"339254","time_insert":"2021-07-20 18:34"}
2024-07-09 01:33:05 查询号码 【1515047】，GSD为【"江苏-苏州"】

2024-07-09 01:33:07 开始第 5158 次操作

2024-07-09 01:33:07 开始操作号码 【1515048】
2024-07-09 01:33:14 GSD getOne 第 1 次 等待 3 秒
2024-07-09 01:33:17 查询号码 【1515048】，返回信息 {"status":"ok","msg":"江苏-苏州","gid":"339329","time_insert":"2021-07-20 18:47"}
2024-07-09 01:33:18 查询号码 【1515048】，GSD为【"江苏-苏州"】

2024-07-09 01:33:19 开始第 5159 次操作

2024-07-09 01:33:19 开始操作号码 【1515049】
2024-07-09 01:33:27 GSD getOne 第 1 次 等待 3 秒
2024-07-09 01:33:30 查询号码 【1515049】，返回信息 {"status":"ok","msg":"江苏-苏州","gid":"339449","time_insert":"2021-07-20 19:01"}
2024-07-09 01:33:30 查询号码 【1515049】，GSD为【"江苏-苏州"】

2024-07-09 01:33:31 开始第 5160 次操作

2024-07-09 01:33:31 开始操作号码 【1515050】
2024-07-09 01:33:39 GSD getOne 第 1 次 等待 3 秒
2024-07-09 01:33:42 查询号码 【1515050】，返回信息 {"status":"ok","msg":"江苏-南京","gid":"17395","time_insert":"2017-07-31 18:30","time_update":"2020-08-25 00:51"}
2024-07-09 01:33:42 查询号码 【1515050】，GSD为【"江苏-南京"】

2024-07-09 02:13:03 开始第 5161 次操作

2024-07-09 02:13:03 开始操作号码 【1515051】
2024-07-09 02:13:11 GSD getOne 第 1 次 等待 3 秒
2024-07-09 02:13:14 查询号码 【1515051】，返回信息 {"status":"ok","msg":"江苏-南京","gid":"339548","time_insert":"2021-07-20 19:16"}
2024-07-09 02:13:14 查询号码 【1515051】，GSD为【"江苏-南京"】

2024-07-09 02:13:15 开始第 5162 次操作

2024-07-09 02:13:15 开始操作号码 【1515052】
2024-07-09 02:13:24 GSD getOne 第 1 次 等待 3 秒
2024-07-09 02:13:27 查询号码 【1515052】，返回信息 {"status":"ok","msg":"江苏-南京","gid":"339581","time_insert":"2021-07-20 19:28"}
2024-07-09 02:13:27 查询号码 【1515052】，GSD为【"江苏-南京"】

2024-07-09 02:13:28 开始第 5163 次操作

2024-07-09 02:13:28 开始操作号码 【1515053】
2024-07-09 02:13:36 GSD getOne 第 1 次 等待 3 秒
2024-07-09 02:13:39 查询号码 【1515053】，返回信息 {"status":"ok","msg":"江苏-南京","gid":"339645","time_insert":"2021-07-20 19:41"}
2024-07-09 02:13:39 查询号码 【1515053】，GSD为【"江苏-南京"】

2024-07-09 02:13:40 开始第 5164 次操作

2024-07-09 02:13:40 开始操作号码 【1515054】
2024-07-09 02:13:48 GSD getOne 第 1 次 等待 3 秒
2024-07-09 02:13:51 查询号码 【1515054】，返回信息 {"status":"ok","msg":"江苏-南京","gid":"339717","time_insert":"2021-07-20 19:52"}
2024-07-09 02:13:51 查询号码 【1515054】，GSD为【"江苏-南京"】

2024-07-09 02:37:29 开始第 5165 次操作

2024-07-09 02:37:29 开始操作号码 【1515055】
2024-07-09 02:37:37 GSD getOne 第 1 次 等待 3 秒
2024-07-09 02:37:40 查询号码 【1515055】，返回信息 {"status":"ok","msg":"江苏-南京","gid":"17396","time_insert":"2016-05-30 13:26","time_update":"2020-08-25 00:55"}
2024-07-09 02:37:40 查询号码 【1515055】，GSD为【"江苏-南京"】

2024-07-09 02:37:41 开始第 5166 次操作

2024-07-09 02:37:41 开始操作号码 【1515056】
2024-07-09 02:37:49 GSD getOne 第 1 次 等待 3 秒
2024-07-09 02:37:52 查询号码 【1515056】，返回信息 {"status":"ok","msg":"江苏-南京","gid":"339805","time_insert":"2021-07-20 20:04"}
2024-07-09 02:37:52 查询号码 【1515056】，GSD为【"江苏-南京"】

2024-07-09 02:37:53 开始第 5167 次操作

2024-07-09 02:37:53 开始操作号码 【1515057】
2024-07-09 02:38:01 GSD getOne 第 1 次 等待 3 秒
2024-07-09 02:38:04 查询号码 【1515057】，返回信息 {"status":"ok","msg":"江苏-南京","gid":"339861","time_insert":"2021-07-20 20:16"}
2024-07-09 02:38:04 查询号码 【1515057】，GSD为【"江苏-南京"】

2024-07-09 02:38:05 开始第 5168 次操作

2024-07-09 02:38:05 开始操作号码 【1515058】
2024-07-09 02:38:12 GSD getOne 第 1 次 等待 3 秒
2024-07-09 02:38:15 查询号码 【1515058】，返回信息 {"status":"ok","msg":"江苏-南京","gid":"339888","time_insert":"2021-07-20 20:26"}
2024-07-09 02:38:15 查询号码 【1515058】，GSD为【"江苏-南京"】

2024-07-09 03:07:44 开始第 5169 次操作

2024-07-09 03:07:44 开始操作号码 【1515059】
2024-07-09 03:07:52 GSD getOne 第 1 次 等待 3 秒
2024-07-09 03:07:55 查询号码 【1515059】，返回信息 {"status":"ok","msg":"江苏-南京","gid":"339915","time_insert":"2021-07-20 20:39"}
2024-07-09 03:07:55 查询号码 【1515059】，GSD为【"江苏-南京"】

2024-07-09 03:07:56 开始第 5170 次操作

2024-07-09 03:07:56 开始操作号码 【1515060】
2024-07-09 03:08:04 GSD getOne 第 1 次 等待 3 秒
2024-07-09 03:08:07 查询号码 【1515060】，返回信息 {"status":"ok","msg":"江苏-南京","gid":"339943","time_insert":"2021-07-20 20:52"}
2024-07-09 03:08:07 查询号码 【1515060】，GSD为【"江苏-南京"】

2024-07-09 03:08:08 开始第 5171 次操作

2024-07-09 03:08:08 开始操作号码 【1515061】
2024-07-09 03:08:09 GSD getOne 第 1 次 等待 3 秒
2024-07-09 03:08:20 GSD getOne 第 2 次 等待 3 秒
2024-07-09 03:08:23 查询号码 【1515061】，返回信息 {"status":"ok","msg":"江苏-南京","gid":"340001","time_insert":"2021-07-20 21:04"}
2024-07-09 03:08:23 查询号码 【1515061】，GSD为【"江苏-南京"】

2024-07-09 03:08:24 开始第 5172 次操作

2024-07-09 03:08:24 开始操作号码 【1515062】
2024-07-09 03:08:32 GSD getOne 第 1 次 等待 3 秒
2024-07-09 03:08:35 查询号码 【1515062】，返回信息 {"status":"ok","msg":"江苏-南京","gid":"340108","time_insert":"2021-07-20 21:19"}
2024-07-09 03:08:35 查询号码 【1515062】，GSD为【"江苏-南京"】

2024-07-09 03:32:55 开始第 5173 次操作

2024-07-09 03:32:55 开始操作号码 【1515063】
2024-07-09 03:33:03 GSD getOne 第 1 次 等待 3 秒
2024-07-09 03:33:06 查询号码 【1515063】，返回信息 {"status":"ok","msg":"江苏-南京","gid":"340210","time_insert":"2021-07-20 21:33"}
2024-07-09 03:33:06 查询号码 【1515063】，GSD为【"江苏-南京"】

2024-07-09 03:33:07 开始第 5174 次操作

2024-07-09 03:33:07 开始操作号码 【1515064】
2024-07-09 03:33:15 GSD getOne 第 1 次 等待 3 秒
2024-07-09 03:33:18 查询号码 【1515064】，返回信息 {"status":"ok","msg":"江苏-南京","gid":"340299","time_insert":"2021-07-20 21:43"}
2024-07-09 03:33:18 查询号码 【1515064】，GSD为【"江苏-南京"】

2024-07-09 03:33:19 开始第 5175 次操作

2024-07-09 03:33:19 开始操作号码 【1515065】
2024-07-09 03:33:27 GSD getOne 第 1 次 等待 3 秒
2024-07-09 03:33:30 查询号码 【1515065】，返回信息 {"status":"ok","msg":"江苏-南京","gid":"340423","time_insert":"2021-07-20 21:56"}
2024-07-09 03:33:30 查询号码 【1515065】，GSD为【"江苏-南京"】

2024-07-09 03:33:31 开始第 5176 次操作

2024-07-09 03:33:31 开始操作号码 【1515066】
2024-07-09 03:33:40 GSD getOne 第 1 次 等待 3 秒
2024-07-09 03:33:43 查询号码 【1515066】，返回信息 {"status":"ok","msg":"江苏-南京","gid":"340547","time_insert":"2021-07-20 22:07"}
2024-07-09 03:33:43 查询号码 【1515066】，GSD为【"江苏-南京"】

