2024-05-08 00:10:29 开始第 7917 次操作

2024-05-08 00:10:29 开始操作号码 【1627817】
2024-05-08 00:10:42 GSD getOne 第 1 次 等待 3 秒
2024-05-08 00:10:45 查询号码 【1627817】，返回信息 {"status":"ok","msg":"-","gid":"244827","time_insert":"2021-07-11 03:20"}
2024-05-08 00:10:45 查询号码 【1627817】，GSD为【"-"】
2024-05-08 00:10:45 ok && -
2024-05-08 00:10:48 CHB 1627817?1715098245 第 1 次 等待 3 秒
2024-05-08 00:10:51 CHB 1627817?1715098245 第 1 次 获取到号码【1627817】GSD
2024-05-08 00:10:51 未获取到号码【1627817】GSD，可能号码格式错误
2024-05-08 00:10:51 获取到号码【1627817】的GSD为【-】
2024-05-08 00:10:56 GSD insert 第 1 次 等待 3 秒
2024-05-08 00:10:59 {"status":"bad","gid":"244827","msg":"添加失败！号码【1627817(-|-)】已存在！"}
2024-05-08 00:10:59 随机等待 79 秒，约 1 分钟
2024-05-08 00:10:59 下次操作: 2024-05-08 00:12:18

2024-05-08 00:12:18 开始第 7918 次操作

2024-05-08 00:12:18 开始操作号码 【1627818】
2024-05-08 00:12:26 GSD getOne 第 1 次 等待 3 秒
2024-05-08 00:12:29 查询号码 【1627818】，返回信息 {"status":"ok","msg":"-","gid":"244844","time_insert":"2021-07-11 03:26"}
2024-05-08 00:12:29 查询号码 【1627818】，GSD为【"-"】
2024-05-08 00:12:29 ok && -
2024-05-08 00:12:32 CHB 1627818?1715098349 第 1 次 等待 3 秒
2024-05-08 00:12:35 CHB 1627818?1715098349 第 1 次 获取到号码【1627818】GSD
2024-05-08 00:12:35 未获取到号码【1627818】GSD，可能号码格式错误
2024-05-08 00:12:35 获取到号码【1627818】的GSD为【-】
2024-05-08 00:12:41 GSD insert 第 1 次 等待 3 秒
2024-05-08 00:12:44 {"status":"bad","gid":"244844","msg":"添加失败！号码【1627818(-|-)】已存在！"}
2024-05-08 00:12:44 随机等待 128 秒，约 2 分钟
2024-05-08 00:12:44 下次操作: 2024-05-08 00:14:52

2024-05-08 00:14:52 开始第 7919 次操作

2024-05-08 00:14:52 开始操作号码 【1627819】
2024-05-08 00:15:01 GSD getOne 第 1 次 等待 3 秒
2024-05-08 00:15:04 查询号码 【1627819】，返回信息 {"status":"ok","msg":"-","gid":"244857","time_insert":"2021-07-11 03:29"}
2024-05-08 00:15:04 查询号码 【1627819】，GSD为【"-"】
2024-05-08 00:15:04 ok && -
2024-05-08 00:15:07 CHB 1627819?1715098505 第 1 次 等待 3 秒
2024-05-08 00:15:10 CHB 1627819?1715098505 第 1 次 获取到号码【1627819】GSD
2024-05-08 00:15:10 未获取到号码【1627819】GSD，可能号码格式错误
2024-05-08 00:15:10 获取到号码【1627819】的GSD为【-】
2024-05-08 00:15:15 GSD insert 第 1 次 等待 3 秒
2024-05-08 00:15:18 {"status":"bad","gid":"244857","msg":"添加失败！号码【1627819(-|-)】已存在！"}
2024-05-08 00:15:18 随机等待 222 秒，约 3 分钟
2024-05-08 00:15:18 下次操作: 2024-05-08 00:19:00

2024-05-08 00:19:01 开始第 7920 次操作

2024-05-08 00:19:01 开始操作号码 【1627820】
2024-05-08 00:19:19 GSD getOne 第 1 次 等待 3 秒
2024-05-08 00:19:22 查询号码 【1627820】，返回信息 {"status":"ok","msg":"-","gid":"244870","time_insert":"2021-07-11 03:34"}
2024-05-08 00:19:22 查询号码 【1627820】，GSD为【"-"】
2024-05-08 00:19:22 ok && -
2024-05-08 00:19:26 CHB 1627820?1715098762 第 1 次 等待 3 秒
2024-05-08 00:19:29 CHB 1627820?1715098762 第 1 次 获取到号码【1627820】GSD
2024-05-08 00:19:29 未获取到号码【1627820】GSD，可能号码格式错误
2024-05-08 00:19:29 获取到号码【1627820】的GSD为【-】
2024-05-08 00:19:37 GSD insert 第 1 次 等待 3 秒
2024-05-08 00:19:40 {"status":"bad","gid":"244870","msg":"添加失败！号码【1627820(-|-)】已存在！"}

