2024-07-27 00:12:33 开始第 8373 次操作

2024-07-27 00:12:33 开始操作号码 【1518263】
2024-07-27 00:12:58 GSD getOne 第 1 次 等待 3 秒
2024-07-27 00:13:01 查询号码 【1518263】，返回信息 {"status":"ok","msg":"四川-自贡","gid":"17905","time_insert":"2017-11-21 20:58","time_update":"2020-10-18 20:01"}
2024-07-27 00:13:01 查询号码 【1518263】，GSD为【"四川-自贡"】

2024-07-27 00:13:02 开始第 8374 次操作

2024-07-27 00:13:02 开始操作号码 【1518264】
2024-07-27 00:13:11 GSD getOne 第 1 次 等待 3 秒
2024-07-27 00:13:14 查询号码 【1518264】，返回信息 {"status":"ok","msg":"四川-自贡","gid":"17906","time_insert":"2017-08-05 08:06","time_update":"2020-10-18 20:04"}
2024-07-27 00:13:14 查询号码 【1518264】，GSD为【"四川-自贡"】

2024-07-27 00:13:15 开始第 8375 次操作

2024-07-27 00:13:15 开始操作号码 【1518265】
2024-07-27 00:13:23 GSD getOne 第 1 次 等待 3 秒
2024-07-27 00:13:26 查询号码 【1518265】，返回信息 {"status":"ok","msg":"四川-广安","gid":"17907","time_insert":"2016-06-23 13:55","time_update":"2020-10-18 20:07"}
2024-07-27 00:13:26 查询号码 【1518265】，GSD为【"四川-广安"】

2024-07-27 00:13:27 开始第 8376 次操作

2024-07-27 00:13:27 开始操作号码 【1518266】
2024-07-27 00:13:36 GSD getOne 第 1 次 等待 3 秒
2024-07-27 00:13:39 查询号码 【1518266】，返回信息 {"status":"ok","msg":"四川-广安","gid":"17908","time_insert":"2018-06-06 23:00","time_update":"2020-10-18 20:11"}
2024-07-27 00:13:39 查询号码 【1518266】，GSD为【"四川-广安"】

2024-07-27 00:39:34 开始第 8377 次操作

2024-07-27 00:39:34 开始操作号码 【1518267】
2024-07-27 00:39:44 GSD getOne 第 1 次 等待 3 秒
2024-07-27 00:39:47 查询号码 【1518267】，返回信息 {"status":"ok","msg":"四川-广安","gid":"17909","time_insert":"2013-12-21 09:57","time_update":"2020-10-18 20:16"}
2024-07-27 00:39:47 查询号码 【1518267】，GSD为【"四川-广安"】

2024-07-27 00:39:48 开始第 8378 次操作

2024-07-27 00:39:48 开始操作号码 【1518268】
2024-07-27 00:39:56 GSD getOne 第 1 次 等待 3 秒
2024-07-27 00:39:59 查询号码 【1518268】，返回信息 {"status":"ok","msg":"四川-广安","gid":"17910","time_insert":"2017-11-06 22:15","time_update":"2020-10-18 20:19"}
2024-07-27 00:39:59 查询号码 【1518268】，GSD为【"四川-广安"】

2024-07-27 00:40:00 开始第 8379 次操作

2024-07-27 00:40:00 开始操作号码 【1518269】
2024-07-27 00:40:08 GSD getOne 第 1 次 等待 3 秒
2024-07-27 00:40:11 查询号码 【1518269】，返回信息 {"status":"ok","msg":"四川-广安","gid":"17911","time_insert":"2019-01-05 15:01","time_update":"2020-10-18 20:23"}
2024-07-27 00:40:11 查询号码 【1518269】，GSD为【"四川-广安"】

2024-07-27 00:40:12 开始第 8380 次操作

2024-07-27 00:40:12 开始操作号码 【1518270】
2024-07-27 00:40:21 GSD getOne 第 1 次 等待 3 秒
2024-07-27 00:40:24 查询号码 【1518270】，返回信息 {"status":"ok","msg":"四川-攀枝花","gid":"17912","time_insert":"2017-04-14 10:30","time_update":"2020-10-18 20:27"}
2024-07-27 00:40:24 查询号码 【1518270】，GSD为【"四川-攀枝花"】

