2024-07-20 00:11:39 开始第 7109 次操作

2024-07-20 00:11:39 开始操作号码 【1516999】
2024-07-20 00:11:48 GSD getOne 第 1 次 等待 3 秒
2024-07-20 00:11:51 查询号码 【1516999】，返回信息 {"status":"ok","msg":"山东-滨州","gid":"490663","time_insert":"2021-08-03 14:29","time_update":"2021-08-03 14:38"}
2024-07-20 00:11:51 查询号码 【1516999】，GSD为【"山东-滨州"】

2024-07-20 00:11:52 开始第 7110 次操作

2024-07-20 00:11:52 开始操作号码 【1517000】
2024-07-20 00:12:00 GSD getOne 第 1 次 等待 3 秒
2024-07-20 00:12:03 查询号码 【1517000】，返回信息 {"status":"ok","msg":"江西-南昌","gid":"490679","time_insert":"2021-08-03 14:41"}
2024-07-20 00:12:03 查询号码 【1517000】，GSD为【"江西-南昌"】

2024-07-20 00:12:04 开始第 7111 次操作

2024-07-20 00:12:04 开始操作号码 【1517001】
2024-07-20 00:12:12 GSD getOne 第 1 次 等待 3 秒
2024-07-20 00:12:15 查询号码 【1517001】，返回信息 {"status":"ok","msg":"江西-南昌","gid":"490687","time_insert":"2021-08-03 14:48"}
2024-07-20 00:12:16 查询号码 【1517001】，GSD为【"江西-南昌"】

2024-07-20 00:12:17 开始第 7112 次操作

2024-07-20 00:12:17 开始操作号码 【1517002】
2024-07-20 00:12:25 GSD getOne 第 1 次 等待 3 秒
2024-07-20 00:12:28 查询号码 【1517002】，返回信息 {"status":"ok","msg":"江西-南昌","gid":"490755","time_insert":"2021-08-03 14:59"}
2024-07-20 00:12:28 查询号码 【1517002】，GSD为【"江西-南昌"】

