2024-08-26 00:24:53 开始第 1133 次操作

2024-08-26 00:24:53 开始操作号码 【1401132】
2024-08-26 00:25:02 GSD getOne 第 1 次 等待 3 秒
2024-08-26 00:25:05 查询号码 【1401132】，返回信息 {"status":"ok","msg":"-","gid":"534536","time_insert":"2023-02-16 20:37"}
2024-08-26 00:25:05 查询号码 【1401132】，GSD为【"-"】
2024-08-26 00:25:05 ok && -
2024-08-26 00:25:07 CHB 1401132?1724603105 第 1 次 等待 3 秒
2024-08-26 00:25:10 CHB 1401132?1724603105 第 1 次 获取到号码【1401132】GSD
2024-08-26 00:25:10 未获取到号码【1401132】GSD，可能号码格式错误
2024-08-26 00:25:10 获取到号码【1401132】的GSD为【-】
2024-08-26 00:25:18 GSD insert 第 1 次 等待 3 秒
2024-08-26 00:25:21 {"status":"bad","gid":"534536","msg":"添加失败！号码【1401132(-|-)】已存在！"}
2024-08-26 00:25:21 随机等待 73 秒，约 1 分钟
2024-08-26 00:25:21 下次操作: 2024-08-26 00:26:34

2024-08-26 00:26:34 开始第 1134 次操作

2024-08-26 00:26:34 开始操作号码 【1401133】
2024-08-26 00:26:41 GSD getOne 第 1 次 等待 3 秒
2024-08-26 00:26:44 查询号码 【1401133】，返回信息 {"status":"ok","msg":"-","gid":"534552","time_insert":"2023-02-16 20:51"}
2024-08-26 00:26:44 查询号码 【1401133】，GSD为【"-"】
2024-08-26 00:26:44 ok && -
2024-08-26 00:26:47 CHB 1401133?1724603204 第 1 次 等待 3 秒
2024-08-26 00:26:50 CHB 1401133?1724603204 第 1 次 获取到号码【1401133】GSD
2024-08-26 00:26:50 未获取到号码【1401133】GSD，可能号码格式错误
2024-08-26 00:26:50 获取到号码【1401133】的GSD为【-】
2024-08-26 00:26:59 GSD insert 第 1 次 等待 3 秒
2024-08-26 00:27:02 {"status":"bad","gid":"534552","msg":"添加失败！号码【1401133(-|-)】已存在！"}
2024-08-26 00:27:02 随机等待 197 秒，约 3 分钟
2024-08-26 00:27:02 下次操作: 2024-08-26 00:30:19

2024-08-26 00:30:19 开始第 1135 次操作

2024-08-26 00:30:19 开始操作号码 【1401134】
2024-08-26 00:30:28 GSD getOne 第 1 次 等待 3 秒
2024-08-26 00:30:31 查询号码 【1401134】，返回信息 {"status":"ok","msg":"-","gid":"534565","time_insert":"2023-02-16 21:03"}
2024-08-26 00:30:31 查询号码 【1401134】，GSD为【"-"】
2024-08-26 00:30:31 ok && -
2024-08-26 00:30:33 CHB 1401134?1724603431 第 1 次 等待 3 秒
2024-08-26 00:30:36 CHB 1401134?1724603431 第 1 次 获取到号码【1401134】GSD
2024-08-26 00:30:36 未获取到号码【1401134】GSD，可能号码格式错误
2024-08-26 00:30:36 获取到号码【1401134】的GSD为【-】
2024-08-26 00:30:45 GSD insert 第 1 次 等待 3 秒
2024-08-26 00:30:48 {"status":"bad","gid":"534565","msg":"添加失败！号码【1401134(-|-)】已存在！"}
2024-08-26 00:30:48 随机等待 158 秒，约 2 分钟
2024-08-26 00:30:48 下次操作: 2024-08-26 00:33:26

2024-08-26 00:33:26 开始第 1136 次操作

2024-08-26 00:33:26 开始操作号码 【1401135】
2024-08-26 00:33:35 GSD getOne 第 1 次 等待 3 秒
2024-08-26 00:33:38 查询号码 【1401135】，返回信息 {"status":"ok","msg":"-","gid":"534578","time_insert":"2023-02-16 21:17"}
2024-08-26 00:33:38 查询号码 【1401135】，GSD为【"-"】
2024-08-26 00:33:38 ok && -
2024-08-26 00:33:40 CHB 1401135?1724603618 第 1 次 等待 3 秒
2024-08-26 00:33:43 CHB 1401135?1724603618 第 1 次 获取到号码【1401135】GSD
2024-08-26 00:33:43 未获取到号码【1401135】GSD，可能号码格式错误
2024-08-26 00:33:43 获取到号码【1401135】的GSD为【-】
2024-08-26 00:33:50 GSD insert 第 1 次 等待 3 秒
2024-08-26 00:33:53 {"status":"bad","gid":"534578","msg":"添加失败！号码【1401135(-|-)】已存在！"}

