2024-03-26 00:11:05 开始第 185 次操作

2024-03-26 00:11:05 开始操作号码 【1620085】
2024-03-26 00:11:10 GSD getOne 第 1 次 等待 3 秒
2024-03-26 00:11:13 查询号码 【1620085】，返回信息 {"status":"ok","msg":"-","gid":"103574","time_insert":"2021-06-18 16:12"}
2024-03-26 00:11:13 查询号码 【1620085】，GSD为【"-"】
2024-03-26 00:11:13 ok && -
2024-03-26 00:11:15 CHB 1620085?1711383073 第 1 次 等待 3 秒
2024-03-26 00:11:18 CHB 1620085?1711383073 第 1 次 获取到号码【1620085】GSD
2024-03-26 00:11:18 未获取到号码【1620085】GSD，可能号码格式错误
2024-03-26 00:11:18 获取到号码【1620085】的GSD为【-】
2024-03-26 00:11:23 GSD insert 第 1 次 等待 3 秒
2024-03-26 00:11:26 {"status":"bad","gid":"103574","msg":"添加失败！号码【1620085(-|-)】已存在！"}
2024-03-26 00:11:26 随机等待 114 秒，约 1 分钟
2024-03-26 00:11:26 下次操作: 2024-03-26 00:13:20

2024-03-26 00:13:20 开始第 186 次操作

2024-03-26 00:13:20 开始操作号码 【1620086】
2024-03-26 00:13:24 GSD getOne 第 1 次 等待 3 秒
2024-03-26 00:13:27 查询号码 【1620086】，返回信息 {"status":"ok","msg":"-","gid":"103575","time_insert":"2021-06-18 16:13"}
2024-03-26 00:13:27 查询号码 【1620086】，GSD为【"-"】
2024-03-26 00:13:27 ok && -
2024-03-26 00:13:29 CHB 1620086?1711383207 第 1 次 等待 3 秒
2024-03-26 00:13:32 CHB 1620086?1711383207 第 1 次 获取到号码【1620086】GSD
2024-03-26 00:13:32 未获取到号码【1620086】GSD，可能号码格式错误
2024-03-26 00:13:32 获取到号码【1620086】的GSD为【-】
2024-03-26 00:13:37 GSD insert 第 1 次 等待 3 秒
2024-03-26 00:13:40 {"status":"bad","gid":"103575","msg":"添加失败！号码【1620086(-|-)】已存在！"}
2024-03-26 00:13:40 随机等待 126 秒，约 2 分钟
2024-03-26 00:13:40 下次操作: 2024-03-26 00:15:46

2024-03-26 00:15:46 开始第 187 次操作

2024-03-26 00:15:46 开始操作号码 【1620087】
2024-03-26 00:15:50 GSD getOne 第 1 次 等待 3 秒
2024-03-26 00:15:53 查询号码 【1620087】，返回信息 {"status":"ok","msg":"-","gid":"103577","time_insert":"2021-06-18 16:14"}
2024-03-26 00:15:53 查询号码 【1620087】，GSD为【"-"】
2024-03-26 00:15:53 ok && -
2024-03-26 00:15:55 CHB 1620087?1711383353 第 1 次 等待 3 秒
2024-03-26 00:15:58 CHB 1620087?1711383353 第 1 次 获取到号码【1620087】GSD
2024-03-26 00:15:58 未获取到号码【1620087】GSD，可能号码格式错误
2024-03-26 00:15:58 获取到号码【1620087】的GSD为【-】
2024-03-26 00:16:04 GSD insert 第 1 次 等待 3 秒
2024-03-26 00:16:07 {"status":"bad","gid":"103577","msg":"添加失败！号码【1620087(-|-)】已存在！"}
2024-03-26 00:16:07 随机等待 106 秒，约 1 分钟
2024-03-26 00:16:07 下次操作: 2024-03-26 00:17:53

2024-03-26 00:17:53 开始第 188 次操作

2024-03-26 00:17:53 开始操作号码 【1620088】
2024-03-26 00:17:58 GSD getOne 第 1 次 等待 3 秒
2024-03-26 00:18:01 查询号码 【1620088】，返回信息 {"status":"ok","msg":"-","gid":"103578","time_insert":"2021-06-18 16:14"}
2024-03-26 00:18:01 查询号码 【1620088】，GSD为【"-"】
2024-03-26 00:18:01 ok && -
2024-03-26 00:18:03 CHB 1620088?1711383481 第 1 次 等待 3 秒
2024-03-26 00:18:06 CHB 1620088?1711383481 第 1 次 获取到号码【1620088】GSD
2024-03-26 00:18:06 未获取到号码【1620088】GSD，可能号码格式错误
2024-03-26 00:18:06 获取到号码【1620088】的GSD为【-】
2024-03-26 00:18:11 GSD insert 第 1 次 等待 3 秒
2024-03-26 00:18:14 {"status":"bad","gid":"103578","msg":"添加失败！号码【1620088(-|-)】已存在！"}

