2024-01-16 00:11:02 开始第 9205 次操作

2024-01-16 00:11:02 开始操作号码 【1849104】
2024-01-16 00:11:06 GSD getOne 第 1 次 等待 3 秒
2024-01-16 00:11:09 查询号码 【1849104】，返回信息 {"status":"ok","msg":"黑龙江-哈尔滨","gid":"410379","time_insert":"2021-07-27 06:48"}
2024-01-16 00:11:09 查询号码 【1849104】，GSD为【"黑龙江-哈尔滨"】

2024-01-16 00:11:10 开始第 9206 次操作

2024-01-16 00:11:10 开始操作号码 【1849105】
2024-01-16 00:11:13 GSD getOne 第 1 次 等待 3 秒
2024-01-16 00:11:16 查询号码 【1849105】，返回信息 {"status":"ok","msg":"黑龙江-哈尔滨","gid":"410369","time_insert":"2021-07-27 06:47"}
2024-01-16 00:11:17 查询号码 【1849105】，GSD为【"黑龙江-哈尔滨"】

2024-01-16 00:11:18 开始第 9207 次操作

2024-01-16 00:11:18 开始操作号码 【1849106】
2024-01-16 00:11:21 GSD getOne 第 1 次 等待 3 秒
2024-01-16 00:11:24 查询号码 【1849106】，返回信息 {"status":"ok","msg":"黑龙江-哈尔滨","gid":"410359","time_insert":"2021-07-27 06:47"}
2024-01-16 00:11:24 查询号码 【1849106】，GSD为【"黑龙江-哈尔滨"】

2024-01-16 00:11:25 开始第 9208 次操作

2024-01-16 00:11:25 开始操作号码 【1849107】
2024-01-16 00:11:29 GSD getOne 第 1 次 等待 3 秒
2024-01-16 00:11:32 查询号码 【1849107】，返回信息 {"status":"ok","msg":"黑龙江-哈尔滨","gid":"410347","time_insert":"2021-07-27 06:46"}
2024-01-16 00:11:32 查询号码 【1849107】，GSD为【"黑龙江-哈尔滨"】

