2024-01-13 00:11:03 开始第 8653 次操作

2024-01-13 00:11:03 开始操作号码 【1848552】
2024-01-13 00:11:07 GSD getOne 第 1 次 等待 3 秒
2024-01-13 00:11:10 查询号码 【1848552】，返回信息 {"status":"ok","msg":"贵州-凯里","gid":"39530","time_insert":"2017-11-15 19:25","time_update":"2020-11-23 06:45"}
2024-01-13 00:11:10 查询号码 【1848552】，GSD为【"贵州-凯里"】

2024-01-13 00:11:11 开始第 8654 次操作

2024-01-13 00:11:11 开始操作号码 【1848553】
2024-01-13 00:11:14 GSD getOne 第 1 次 等待 3 秒
2024-01-13 00:11:17 查询号码 【1848553】，返回信息 {"status":"ok","msg":"贵州-凯里","gid":"416312","time_insert":"2021-07-27 19:14"}
2024-01-13 00:11:17 查询号码 【1848553】，GSD为【"贵州-凯里"】

2024-01-13 00:11:18 开始第 8655 次操作

2024-01-13 00:11:18 开始操作号码 【1848554】
2024-01-13 00:11:21 GSD getOne 第 1 次 等待 3 秒
2024-01-13 00:11:24 查询号码 【1848554】，返回信息 {"status":"ok","msg":"贵州-凯里","gid":"416307","time_insert":"2021-07-27 19:13"}
2024-01-13 00:11:24 查询号码 【1848554】，GSD为【"贵州-凯里"】

2024-01-13 00:11:25 开始第 8656 次操作

2024-01-13 00:11:25 开始操作号码 【1848555】
2024-01-13 00:11:28 GSD getOne 第 1 次 等待 3 秒
2024-01-13 00:11:31 查询号码 【1848555】，返回信息 {"status":"ok","msg":"贵州-凯里","gid":"39531","time_insert":"2017-12-04 10:53","time_update":"2020-11-23 06:48"}
2024-01-13 00:11:31 查询号码 【1848555】，GSD为【"贵州-凯里"】

