2024-03-02 00:10:00 开始第 6781 次操作

2024-03-02 00:10:00 开始操作号码 【1736680】
2024-03-02 00:10:09 GSD getOne 第 1 次 等待 3 秒
2024-03-02 00:10:12 查询号码 【1736680】，返回信息 {"status":"ok","msg":"北京-北京","gid":"200297","time_insert":"2021-07-05 19:44"}
2024-03-02 00:10:12 查询号码 【1736680】，GSD为【"北京-北京"】

2024-03-02 00:10:13 开始第 6782 次操作

2024-03-02 00:10:13 开始操作号码 【1736681】
2024-03-02 00:10:17 GSD getOne 第 1 次 等待 3 秒
2024-03-02 00:10:20 查询号码 【1736681】，返回信息 {"status":"ok","msg":"北京-北京","gid":"200307","time_insert":"2021-07-05 19:44"}
2024-03-02 00:10:20 查询号码 【1736681】，GSD为【"北京-北京"】

2024-03-02 00:10:21 开始第 6783 次操作

2024-03-02 00:10:21 开始操作号码 【1736682】
2024-03-02 00:10:25 GSD getOne 第 1 次 等待 3 秒
2024-03-02 00:10:28 查询号码 【1736682】，返回信息 {"status":"ok","msg":"北京-北京","gid":"200321","time_insert":"2021-07-05 19:45"}
2024-03-02 00:10:28 查询号码 【1736682】，GSD为【"北京-北京"】

2024-03-02 00:10:29 开始第 6784 次操作

2024-03-02 00:10:29 开始操作号码 【1736683】
2024-03-02 00:10:34 GSD getOne 第 1 次 等待 3 秒
2024-03-02 00:10:37 查询号码 【1736683】，返回信息 {"status":"ok","msg":"北京-北京","gid":"200331","time_insert":"2021-07-05 19:46"}
2024-03-02 00:10:37 查询号码 【1736683】，GSD为【"北京-北京"】

2024-03-02 00:34:05 开始第 6785 次操作

2024-03-02 00:34:05 开始操作号码 【1736684】
2024-03-02 00:34:10 GSD getOne 第 1 次 等待 3 秒
2024-03-02 00:34:13 查询号码 【1736684】，返回信息 {"status":"ok","msg":"北京-北京","gid":"200341","time_insert":"2021-07-05 19:47"}
2024-03-02 00:34:13 查询号码 【1736684】，GSD为【"北京-北京"】

2024-03-02 00:34:15 开始第 6786 次操作

2024-03-02 00:34:15 开始操作号码 【1736685】
2024-03-02 00:34:21 GSD getOne 第 1 次 等待 3 秒
2024-03-02 00:34:24 查询号码 【1736685】，返回信息 {"status":"ok","msg":"北京-北京","gid":"200354","time_insert":"2021-07-05 19:48"}
2024-03-02 00:34:24 查询号码 【1736685】，GSD为【"北京-北京"】

2024-03-02 00:34:25 开始第 6787 次操作

2024-03-02 00:34:25 开始操作号码 【1736686】
2024-03-02 00:34:34 GSD getOne 第 1 次 等待 3 秒
2024-03-02 00:34:37 查询号码 【1736686】，返回信息 {"status":"ok","msg":"北京-北京","gid":"200365","time_insert":"2021-07-05 19:48"}
2024-03-02 00:34:37 查询号码 【1736686】，GSD为【"北京-北京"】

2024-03-02 00:34:38 开始第 6788 次操作

2024-03-02 00:34:38 开始操作号码 【1736687】
2024-03-02 00:34:44 GSD getOne 第 1 次 等待 3 秒
2024-03-02 00:34:47 查询号码 【1736687】，返回信息 {"status":"ok","msg":"北京-北京","gid":"200376","time_insert":"2021-07-05 19:49"}
2024-03-02 00:34:47 查询号码 【1736687】，GSD为【"北京-北京"】

2024-03-02 01:11:10 开始第 6789 次操作

2024-03-02 01:11:10 开始操作号码 【1736688】
2024-03-02 01:11:19 GSD getOne 第 1 次 等待 3 秒
2024-03-02 01:11:22 查询号码 【1736688】，返回信息 {"status":"ok","msg":"福建-福州","gid":"200384","time_insert":"2021-07-05 19:50"}
2024-03-02 01:11:22 查询号码 【1736688】，GSD为【"福建-福州"】

2024-03-02 01:11:23 开始第 6790 次操作

2024-03-02 01:11:23 开始操作号码 【1736689】
2024-03-02 01:11:28 GSD getOne 第 1 次 等待 3 秒
2024-03-02 01:11:31 查询号码 【1736689】，返回信息 {"status":"ok","msg":"北京-北京","gid":"200395","time_insert":"2021-07-05 19:51"}
2024-03-02 01:11:31 查询号码 【1736689】，GSD为【"北京-北京"】

2024-03-02 01:11:32 开始第 6791 次操作

2024-03-02 01:11:32 开始操作号码 【1736690】
2024-03-02 01:11:36 GSD getOne 第 1 次 等待 3 秒
2024-03-02 01:11:39 查询号码 【1736690】，返回信息 {"status":"ok","msg":"四川-资阳","gid":"29437","time_insert":"2018-11-11 21:30","time_update":"2020-10-29 00:09"}
2024-03-02 01:11:39 查询号码 【1736690】，GSD为【"四川-资阳"】

2024-03-02 01:11:40 开始第 6792 次操作

2024-03-02 01:11:40 开始操作号码 【1736691】
2024-03-02 01:11:45 GSD getOne 第 1 次 等待 3 秒
2024-03-02 01:11:48 查询号码 【1736691】，返回信息 {"status":"ok","msg":"四川-广安","gid":"29438","time_insert":"2018-06-09 17:49","time_update":"2020-10-29 00:13"}
2024-03-02 01:11:48 查询号码 【1736691】，GSD为【"四川-广安"】

