2024-10-04 00:28:37 开始第 7453 次操作

2024-10-04 00:28:37 开始操作号码 【1407450】
2024-10-04 00:28:39 GSD getOne 第 1 次 等待 3 秒
2024-10-04 00:28:42 查询号码 【1407450】，返回信息 {"status":"ok","msg":"-","gid":"677656","time_insert":"2023-04-26 02:58"}
2024-10-04 00:28:42 查询号码 【1407450】，GSD为【"-"】
2024-10-04 00:28:42 ok && -
2024-10-04 00:28:44 CHB 1407450?1727972922 第 1 次 等待 3 秒
2024-10-04 00:28:47 CHB 1407450?1727972922 第 1 次 获取到号码【1407450】GSD
2024-10-04 00:28:47 未获取到号码【1407450】GSD，可能号码格式错误
2024-10-04 00:28:47 获取到号码【1407450】的GSD为【-】
2024-10-04 00:28:52 GSD insert 第 1 次 等待 3 秒
2024-10-04 00:28:55 {"status":"bad","gid":"677656","msg":"添加失败！号码【1407450(-|-)】已存在！"}
2024-10-04 00:28:55 随机等待 184 秒，约 3 分钟
2024-10-04 00:28:55 下次操作: 2024-10-04 00:31:59

2024-10-04 00:31:59 开始第 7454 次操作

2024-10-04 00:31:59 开始操作号码 【1407451】
2024-10-04 00:32:01 GSD getOne 第 1 次 等待 3 秒
2024-10-04 00:32:04 查询号码 【1407451】，返回信息 {"status":"ok","msg":"-","gid":"677673","time_insert":"2023-04-26 03:09"}
2024-10-04 00:32:04 查询号码 【1407451】，GSD为【"-"】
2024-10-04 00:32:04 ok && -
2024-10-04 00:32:06 CHB 1407451?1727973124 第 1 次 等待 3 秒
2024-10-04 00:32:09 CHB 1407451?1727973124 第 1 次 获取到号码【1407451】GSD
2024-10-04 00:32:09 未获取到号码【1407451】GSD，可能号码格式错误
2024-10-04 00:32:09 获取到号码【1407451】的GSD为【-】
2024-10-04 00:32:11 GSD insert 第 1 次 等待 3 秒
2024-10-04 00:32:14 {"status":"bad","gid":"677673","msg":"添加失败！号码【1407451(-|-)】已存在！"}
2024-10-04 00:32:14 随机等待 129 秒，约 2 分钟
2024-10-04 00:32:14 下次操作: 2024-10-04 00:34:23

2024-10-04 00:34:23 开始第 7455 次操作

2024-10-04 00:34:23 开始操作号码 【1407452】
2024-10-04 00:34:25 GSD getOne 第 1 次 等待 3 秒
2024-10-04 00:34:28 查询号码 【1407452】，返回信息 {"status":"ok","msg":"-","gid":"677696","time_insert":"2023-04-26 03:24"}
2024-10-04 00:34:28 查询号码 【1407452】，GSD为【"-"】
2024-10-04 00:34:28 ok && -
2024-10-04 00:34:31 CHB 1407452?1727973268 第 1 次 等待 3 秒
2024-10-04 00:34:34 CHB 1407452?1727973268 第 1 次 获取到号码【1407452】GSD
2024-10-04 00:34:34 未获取到号码【1407452】GSD，可能号码格式错误
2024-10-04 00:34:34 获取到号码【1407452】的GSD为【-】
2024-10-04 00:34:36 GSD insert 第 1 次 等待 3 秒
2024-10-04 00:34:39 {"status":"bad","gid":"677696","msg":"添加失败！号码【1407452(-|-)】已存在！"}
2024-10-04 00:34:39 随机等待 228 秒，约 3 分钟
2024-10-04 00:34:39 下次操作: 2024-10-04 00:38:27

2024-10-04 00:38:27 开始第 7456 次操作

2024-10-04 00:38:27 开始操作号码 【1407453】
2024-10-04 00:38:29 GSD getOne 第 1 次 等待 3 秒
2024-10-04 00:38:32 查询号码 【1407453】，返回信息 {"status":"ok","msg":"-","gid":"677716","time_insert":"2023-04-26 03:40"}
2024-10-04 00:38:32 查询号码 【1407453】，GSD为【"-"】
2024-10-04 00:38:32 ok && -
2024-10-04 00:38:34 CHB 1407453?1727973512 第 1 次 等待 3 秒
2024-10-04 00:38:37 CHB 1407453?1727973512 第 1 次 获取到号码【1407453】GSD
2024-10-04 00:38:37 未获取到号码【1407453】GSD，可能号码格式错误
2024-10-04 00:38:37 获取到号码【1407453】的GSD为【-】
2024-10-04 00:38:39 GSD insert 第 1 次 等待 3 秒
2024-10-04 00:38:42 {"status":"bad","gid":"677716","msg":"添加失败！号码【1407453(-|-)】已存在！"}

