2023-11-09 00:10:44 开始第 7777 次操作

2023-11-09 00:10:44 开始操作号码 【1947675】
2023-11-09 00:10:47 GSD getOne 第 1 次 等待 3 秒
2023-11-09 00:10:50 查询号码 【1947675】，返回信息 {"status":"ok","msg":"-","gid":"609257","time_insert":"2023-03-23 11:53"}
2023-11-09 00:10:51 查询号码 【1947675】，GSD为【"-"】
2023-11-09 00:10:51 ok && -
2023-11-09 00:10:53 CHB 1947675?1699459851 第 1 次 等待 3 秒
2023-11-09 00:10:56 CHB 1947675?1699459851 第 1 次 获取到号码【1947675】GSD
2023-11-09 00:10:56 未获取到号码【1947675】GSD，可能号码格式错误
2023-11-09 00:10:56 获取到号码【1947675】的GSD为【-】
2023-11-09 00:11:02 GSD insert 第 1 次 等待 3 秒
2023-11-09 00:11:05 {"status":"bad","gid":"609257","msg":"添加失败！号码【1947675(-|-)】已存在！"}
2023-11-09 00:11:05 随机等待 162 秒，约 2 分钟
2023-11-09 00:11:05 下次操作: 2023-11-09 00:13:47

2023-11-09 00:13:47 开始第 7778 次操作

2023-11-09 00:13:47 开始操作号码 【1947676】
2023-11-09 00:13:51 GSD getOne 第 1 次 等待 3 秒
2023-11-09 00:13:54 查询号码 【1947676】，返回信息 {"status":"ok","msg":"-","gid":"609254","time_insert":"2023-03-23 11:51"}
2023-11-09 00:13:54 查询号码 【1947676】，GSD为【"-"】
2023-11-09 00:13:54 ok && -
2023-11-09 00:13:56 CHB 1947676?1699460034 第 1 次 等待 3 秒
2023-11-09 00:13:59 CHB 1947676?1699460034 第 1 次 获取到号码【1947676】GSD
2023-11-09 00:13:59 未获取到号码【1947676】GSD，可能号码格式错误
2023-11-09 00:13:59 获取到号码【1947676】的GSD为【-】
2023-11-09 00:14:02 GSD insert 第 1 次 等待 3 秒
2023-11-09 00:14:05 {"status":"bad","gid":"609254","msg":"添加失败！号码【1947676(-|-)】已存在！"}
2023-11-09 00:14:05 随机等待 149 秒，约 2 分钟
2023-11-09 00:14:05 下次操作: 2023-11-09 00:16:34

2023-11-09 00:16:34 开始第 7779 次操作

2023-11-09 00:16:34 开始操作号码 【1947677】
2023-11-09 00:16:45 GSD getOne 第 1 次 等待 3 秒
2023-11-09 00:16:48 查询号码 【1947677】，返回信息 {"status":"ok","msg":"-","gid":"609248","time_insert":"2023-03-23 11:48"}
2023-11-09 00:16:48 查询号码 【1947677】，GSD为【"-"】
2023-11-09 00:16:48 ok && -
2023-11-09 00:16:51 CHB 1947677?1699460208 第 1 次 等待 3 秒
2023-11-09 00:16:54 CHB 1947677?1699460208 第 1 次 获取到号码【1947677】GSD
2023-11-09 00:16:54 未获取到号码【1947677】GSD，可能号码格式错误
2023-11-09 00:16:54 获取到号码【1947677】的GSD为【-】
2023-11-09 00:16:57 GSD insert 第 1 次 等待 3 秒
2023-11-09 00:17:00 {"status":"bad","gid":"609248","msg":"添加失败！号码【1947677(-|-)】已存在！"}
2023-11-09 00:17:00 随机等待 151 秒，约 2 分钟
2023-11-09 00:17:00 下次操作: 2023-11-09 00:19:31

2023-11-09 00:19:31 开始第 7780 次操作

2023-11-09 00:19:31 开始操作号码 【1947678】
2023-11-09 00:19:38 GSD getOne 第 1 次 等待 3 秒
2023-11-09 00:19:41 查询号码 【1947678】，返回信息 {"status":"ok","msg":"-","gid":"609241","time_insert":"2023-03-23 11:45"}
2023-11-09 00:19:41 查询号码 【1947678】，GSD为【"-"】
2023-11-09 00:19:41 ok && -
2023-11-09 00:19:43 CHB 1947678?1699460381 第 1 次 等待 3 秒
2023-11-09 00:19:46 CHB 1947678?1699460381 第 1 次 获取到号码【1947678】GSD
2023-11-09 00:19:46 未获取到号码【1947678】GSD，可能号码格式错误
2023-11-09 00:19:46 获取到号码【1947678】的GSD为【-】
2023-11-09 00:19:49 GSD insert 第 1 次 等待 3 秒
2023-11-09 00:19:52 {"status":"bad","gid":"609241","msg":"添加失败！号码【1947678(-|-)】已存在！"}

