2024-03-04 00:08:57 开始第 7149 次操作

2024-03-04 00:08:57 开始操作号码 【1737048】
2024-03-04 00:09:02 GSD getOne 第 1 次 等待 3 秒
2024-03-04 00:09:05 查询号码 【1737048】，返回信息 {"status":"ok","msg":"江西-景德镇","gid":"204452","time_insert":"2021-07-06 07:58"}
2024-03-04 00:09:05 查询号码 【1737048】，GSD为【"江西-景德镇"】

2024-03-04 00:09:06 开始第 7150 次操作

2024-03-04 00:09:06 开始操作号码 【1737049】
2024-03-04 00:09:11 GSD getOne 第 1 次 等待 3 秒
2024-03-04 00:09:14 查询号码 【1737049】，返回信息 {"status":"ok","msg":"江西-萍乡","gid":"204456","time_insert":"2021-07-06 07:59"}
2024-03-04 00:09:14 查询号码 【1737049】，GSD为【"江西-萍乡"】

2024-03-04 00:09:15 开始第 7151 次操作

2024-03-04 00:09:15 开始操作号码 【1737050】
2024-03-04 00:09:20 GSD getOne 第 1 次 等待 3 秒
2024-03-04 00:09:23 查询号码 【1737050】，返回信息 {"status":"ok","msg":"江西-宜春","gid":"204460","time_insert":"2021-07-06 08:00"}
2024-03-04 00:09:23 查询号码 【1737050】，GSD为【"江西-宜春"】

2024-03-04 00:09:24 开始第 7152 次操作

2024-03-04 00:09:24 开始操作号码 【1737051】
2024-03-04 00:09:28 GSD getOne 第 1 次 等待 3 秒
2024-03-04 00:09:31 查询号码 【1737051】，返回信息 {"status":"ok","msg":"江西-宜春","gid":"204463","time_insert":"2021-07-06 08:00"}
2024-03-04 00:09:31 查询号码 【1737051】，GSD为【"江西-宜春"】

