2023-10-30 00:09:59 开始第 5961 次操作

2023-10-30 00:09:59 开始操作号码 【1945870】
2023-10-30 00:10:07 GSD getOne 第 1 次 等待 3 秒
2023-10-30 00:10:10 查询号码 【1945870】，返回信息 {"status":"ok","msg":"-","gid":"618979","time_insert":"2023-03-28 01:30"}
2023-10-30 00:10:10 查询号码 【1945870】，GSD为【"-"】
2023-10-30 00:10:10 ok && -
2023-10-30 00:10:16 CHB 1945870?1698595810 第 1 次 等待 3 秒
2023-10-30 00:10:19 CHB 1945870?1698595810 第 1 次 获取到号码【1945870】GSD
2023-10-30 00:10:19 未获取到号码【1945870】GSD，可能号码格式错误
2023-10-30 00:10:19 获取到号码【1945870】的GSD为【-】
2023-10-30 00:10:22 GSD insert 第 1 次 等待 3 秒
2023-10-30 00:10:25 {"status":"bad","gid":"618979","msg":"添加失败！号码【1945870(-|-)】已存在！"}
2023-10-30 00:10:25 随机等待 97 秒，约 1 分钟
2023-10-30 00:10:25 下次操作: 2023-10-30 00:12:02

2023-10-30 00:12:02 开始第 5962 次操作

2023-10-30 00:12:02 开始操作号码 【1945871】
2023-10-30 00:12:06 GSD getOne 第 1 次 等待 3 秒
2023-10-30 00:12:09 查询号码 【1945871】，返回信息 {"status":"ok","msg":"-","gid":"618973","time_insert":"2023-03-28 01:28"}
2023-10-30 00:12:09 查询号码 【1945871】，GSD为【"-"】
2023-10-30 00:12:09 ok && -
2023-10-30 00:12:12 CHB 1945871?1698595929 第 1 次 等待 3 秒
2023-10-30 00:12:15 CHB 1945871?1698595929 第 1 次 获取到号码【1945871】GSD
2023-10-30 00:12:15 未获取到号码【1945871】GSD，可能号码格式错误
2023-10-30 00:12:15 获取到号码【1945871】的GSD为【-】
2023-10-30 00:12:19 GSD insert 第 1 次 等待 3 秒
2023-10-30 00:12:22 {"status":"bad","gid":"618973","msg":"添加失败！号码【1945871(-|-)】已存在！"}
2023-10-30 00:12:22 随机等待 220 秒，约 3 分钟
2023-10-30 00:12:22 下次操作: 2023-10-30 00:16:02

2023-10-30 00:16:02 开始第 5963 次操作

2023-10-30 00:16:02 开始操作号码 【1945872】
2023-10-30 00:16:05 GSD getOne 第 1 次 等待 3 秒
2023-10-30 00:16:08 查询号码 【1945872】，返回信息 {"status":"ok","msg":"-","gid":"618970","time_insert":"2023-03-28 01:26"}
2023-10-30 00:16:08 查询号码 【1945872】，GSD为【"-"】
2023-10-30 00:16:08 ok && -
2023-10-30 00:16:15 CHB 1945872?1698596168 第 1 次 等待 3 秒
2023-10-30 00:16:18 CHB 1945872?1698596168 第 1 次 获取到号码【1945872】GSD
2023-10-30 00:16:18 未获取到号码【1945872】GSD，可能号码格式错误
2023-10-30 00:16:18 获取到号码【1945872】的GSD为【-】
2023-10-30 00:16:22 GSD insert 第 1 次 等待 3 秒
2023-10-30 00:16:25 {"status":"bad","gid":"618970","msg":"添加失败！号码【1945872(-|-)】已存在！"}
2023-10-30 00:16:25 随机等待 201 秒，约 3 分钟
2023-10-30 00:16:25 下次操作: 2023-10-30 00:19:46

2023-10-30 00:19:46 开始第 5964 次操作

2023-10-30 00:19:46 开始操作号码 【1945873】
2023-10-30 00:20:01 GSD getOne 第 1 次 等待 3 秒
2023-10-30 00:20:04 查询号码 【1945873】，返回信息 {"status":"ok","msg":"-","gid":"618969","time_insert":"2023-03-28 01:25"}
2023-10-30 00:20:04 查询号码 【1945873】，GSD为【"-"】
2023-10-30 00:20:04 ok && -
2023-10-30 00:20:17 CHB 1945873?1698596405 第 1 次 等待 3 秒
2023-10-30 00:20:20 CHB 1945873?1698596405 第 1 次 获取到号码【1945873】GSD
2023-10-30 00:20:20 未获取到号码【1945873】GSD，可能号码格式错误
2023-10-30 00:20:20 获取到号码【1945873】的GSD为【-】
2023-10-30 00:20:23 GSD insert 第 1 次 等待 3 秒
2023-10-30 00:20:26 {"status":"bad","gid":"618969","msg":"添加失败！号码【1945873(-|-)】已存在！"}

