2024-04-28 00:09:35 开始第 6081 次操作

2024-04-28 00:09:35 开始操作号码 【1625981】
2024-04-28 00:09:42 GSD getOne 第 1 次 等待 3 秒
2024-04-28 00:09:45 查询号码 【1625981】，返回信息 {"status":"ok","msg":"福建-三明","gid":"193663","time_insert":"2021-07-04 22:50"}
2024-04-28 00:09:45 查询号码 【1625981】，GSD为【"福建-三明"】

2024-04-28 00:09:46 开始第 6082 次操作

2024-04-28 00:09:46 开始操作号码 【1625982】
2024-04-28 00:09:53 GSD getOne 第 1 次 等待 3 秒
2024-04-28 00:09:56 查询号码 【1625982】，返回信息 {"status":"ok","msg":"福建-三明","gid":"193720","time_insert":"2021-07-04 22:55"}
2024-04-28 00:09:56 查询号码 【1625982】，GSD为【"福建-三明"】

2024-04-28 00:09:57 开始第 6083 次操作

2024-04-28 00:09:57 开始操作号码 【1625983】
2024-04-28 00:10:07 GSD getOne 第 1 次 等待 3 秒
2024-04-28 00:10:10 查询号码 【1625983】，返回信息 {"status":"ok","msg":"福建-三明","gid":"193767","time_insert":"2021-07-04 23:01"}
2024-04-28 00:10:10 查询号码 【1625983】，GSD为【"福建-三明"】

2024-04-28 00:10:11 开始第 6084 次操作

2024-04-28 00:10:11 开始操作号码 【1625984】
2024-04-28 00:10:16 GSD getOne 第 1 次 等待 3 秒
2024-04-28 00:10:19 查询号码 【1625984】，返回信息 {"status":"ok","msg":"福建-厦门","gid":"193789","time_insert":"2021-07-04 23:05"}
2024-04-28 00:10:19 查询号码 【1625984】，GSD为【"福建-厦门"】

