2023-11-30 00:11:28 开始第 585 次操作

2023-11-30 00:11:28 开始操作号码 【1840484】
2023-11-30 00:11:32 GSD getOne 第 1 次 等待 3 秒
2023-11-30 00:11:35 查询号码 【1840484】，返回信息 {"status":"ok","msg":"内蒙古-乌兰察布","gid":"347918","time_insert":"2021-07-21 17:57"}
2023-11-30 00:11:35 查询号码 【1840484】，GSD为【"内蒙古-乌兰察布"】

2023-11-30 00:11:36 开始第 586 次操作

2023-11-30 00:11:36 开始操作号码 【1840485】
2023-11-30 00:11:40 GSD getOne 第 1 次 等待 3 秒
2023-11-30 00:11:43 查询号码 【1840485】，返回信息 {"status":"ok","msg":"内蒙古-通辽","gid":"348022","time_insert":"2021-07-21 18:09"}
2023-11-30 00:11:43 查询号码 【1840485】，GSD为【"内蒙古-通辽"】

2023-11-30 00:11:44 开始第 587 次操作

2023-11-30 00:11:44 开始操作号码 【1840486】
2023-11-30 00:11:49 GSD getOne 第 1 次 等待 3 秒
2023-11-30 00:11:52 查询号码 【1840486】，返回信息 {"status":"ok","msg":"内蒙古-赤峰","gid":"348108","time_insert":"2021-07-21 18:20"}
2023-11-30 00:11:52 查询号码 【1840486】，GSD为【"内蒙古-赤峰"】

2023-11-30 00:11:53 开始第 588 次操作

2023-11-30 00:11:53 开始操作号码 【1840487】
2023-11-30 00:11:59 GSD getOne 第 1 次 等待 3 秒
2023-11-30 00:12:02 查询号码 【1840487】，返回信息 {"status":"ok","msg":"内蒙古-乌兰浩特","gid":"348173","time_insert":"2021-07-21 18:35"}
2023-11-30 00:12:02 查询号码 【1840487】，GSD为【"内蒙古-乌兰浩特"】

