2024-09-16 00:26:37 开始第 4529 次操作

2024-09-16 00:26:37 开始操作号码 【1404527】
2024-09-16 00:26:46 GSD getOne 第 1 次 等待 3 秒
2024-09-16 00:26:49 查询号码 【1404527】，返回信息 {"status":"ok","msg":"-","gid":"610386","time_insert":"2023-03-23 23:53"}
2024-09-16 00:26:49 查询号码 【1404527】，GSD为【"-"】
2024-09-16 00:26:49 ok && -
2024-09-16 00:26:50 CHB 1404527?1726417609 第 1 次 等待 3 秒
2024-09-16 00:26:53 CHB 1404527?1726417609 第 1 次 获取到号码【1404527】GSD
2024-09-16 00:26:53 未获取到号码【1404527】GSD，可能号码格式错误
2024-09-16 00:26:53 获取到号码【1404527】的GSD为【-】
2024-09-16 00:27:03 GSD insert 第 1 次 等待 3 秒
2024-09-16 00:27:06 {"status":"bad","gid":"610386","msg":"添加失败！号码【1404527(-|-)】已存在！"}
2024-09-16 00:27:06 随机等待 205 秒，约 3 分钟
2024-09-16 00:27:06 下次操作: 2024-09-16 00:30:31

2024-09-16 00:30:31 开始第 4530 次操作

2024-09-16 00:30:31 开始操作号码 【1404528】
2024-09-16 00:30:39 GSD getOne 第 1 次 等待 3 秒
2024-09-16 00:30:42 查询号码 【1404528】，返回信息 {"status":"ok","msg":"-","gid":"610412","time_insert":"2023-03-24 00:12"}
2024-09-16 00:30:42 查询号码 【1404528】，GSD为【"-"】
2024-09-16 00:30:42 ok && -
2024-09-16 00:30:43 CHB 1404528?1726417842 第 1 次 等待 3 秒
2024-09-16 00:30:46 CHB 1404528?1726417842 第 1 次 获取到号码【1404528】GSD
2024-09-16 00:30:46 未获取到号码【1404528】GSD，可能号码格式错误
2024-09-16 00:30:46 获取到号码【1404528】的GSD为【-】
2024-09-16 00:30:54 GSD insert 第 1 次 等待 3 秒
2024-09-16 00:30:57 {"status":"bad","gid":"610412","msg":"添加失败！号码【1404528(-|-)】已存在！"}
2024-09-16 00:30:57 随机等待 184 秒，约 3 分钟
2024-09-16 00:30:57 下次操作: 2024-09-16 00:34:01

2024-09-16 00:34:01 开始第 4531 次操作

2024-09-16 00:34:01 开始操作号码 【1404529】
2024-09-16 00:34:09 GSD getOne 第 1 次 等待 3 秒
2024-09-16 00:34:12 查询号码 【1404529】，返回信息 {"status":"ok","msg":"-","gid":"610425","time_insert":"2023-03-24 00:22"}
2024-09-16 00:34:12 查询号码 【1404529】，GSD为【"-"】
2024-09-16 00:34:12 ok && -
2024-09-16 00:34:14 CHB 1404529?1726418052 第 1 次 等待 3 秒
2024-09-16 00:34:17 CHB 1404529?1726418052 第 1 次 获取到号码【1404529】GSD
2024-09-16 00:34:17 未获取到号码【1404529】GSD，可能号码格式错误
2024-09-16 00:34:17 获取到号码【1404529】的GSD为【-】
2024-09-16 00:34:25 GSD insert 第 1 次 等待 3 秒
2024-09-16 00:34:28 {"status":"bad","gid":"610425","msg":"添加失败！号码【1404529(-|-)】已存在！"}
2024-09-16 00:34:28 随机等待 125 秒，约 2 分钟
2024-09-16 00:34:28 下次操作: 2024-09-16 00:36:33

2024-09-16 00:36:33 开始第 4532 次操作

2024-09-16 00:36:33 开始操作号码 【1404530】
2024-09-16 00:36:40 GSD getOne 第 1 次 等待 3 秒
2024-09-16 00:36:43 查询号码 【1404530】，返回信息 {"status":"ok","msg":"-","gid":"610452","time_insert":"2023-03-24 00:41"}
2024-09-16 00:36:43 查询号码 【1404530】，GSD为【"-"】
2024-09-16 00:36:43 ok && -
2024-09-16 00:36:45 CHB 1404530?1726418203 第 1 次 等待 3 秒
2024-09-16 00:36:48 CHB 1404530?1726418203 第 1 次 获取到号码【1404530】GSD
2024-09-16 00:36:48 未获取到号码【1404530】GSD，可能号码格式错误
2024-09-16 00:36:48 获取到号码【1404530】的GSD为【-】
2024-09-16 00:36:55 GSD insert 第 1 次 等待 3 秒
2024-09-16 00:36:58 {"status":"bad","gid":"610452","msg":"添加失败！号码【1404530(-|-)】已存在！"}

2024-09-16 00:44:36 开始第 4533 次操作

2024-09-16 00:44:36 开始操作号码 【1404531】
2024-09-16 00:44:47 GSD getOne 第 1 次 等待 3 秒
2024-09-16 00:44:50 查询号码 【1404531】，返回信息 {"status":"ok","msg":"-","gid":"610469","time_insert":"2023-03-24 00:51"}
2024-09-16 00:44:50 查询号码 【1404531】，GSD为【"-"】
2024-09-16 00:44:50 ok && -
2024-09-16 00:44:52 CHB 1404531?1726418690 第 1 次 等待 3 秒
2024-09-16 00:44:55 CHB 1404531?1726418690 第 1 次 获取到号码【1404531】GSD
2024-09-16 00:44:55 未获取到号码【1404531】GSD，可能号码格式错误
2024-09-16 00:44:55 获取到号码【1404531】的GSD为【-】
2024-09-16 00:45:02 GSD insert 第 1 次 等待 3 秒
2024-09-16 00:45:05 {"status":"bad","gid":"610469","msg":"添加失败！号码【1404531(-|-)】已存在！"}
2024-09-16 00:45:05 随机等待 121 秒，约 2 分钟
2024-09-16 00:45:05 下次操作: 2024-09-16 00:47:06

2024-09-16 00:47:06 开始第 4534 次操作

2024-09-16 00:47:06 开始操作号码 【1404532】
2024-09-16 00:47:14 GSD getOne 第 1 次 等待 3 秒
2024-09-16 00:47:17 查询号码 【1404532】，返回信息 {"status":"ok","msg":"-","gid":"610493","time_insert":"2023-03-24 01:03"}
2024-09-16 00:47:17 查询号码 【1404532】，GSD为【"-"】
2024-09-16 00:47:17 ok && -
2024-09-16 00:47:19 CHB 1404532?1726418837 第 1 次 等待 3 秒
2024-09-16 00:47:22 CHB 1404532?1726418837 第 1 次 获取到号码【1404532】GSD
2024-09-16 00:47:22 未获取到号码【1404532】GSD，可能号码格式错误
2024-09-16 00:47:22 获取到号码【1404532】的GSD为【-】
2024-09-16 00:47:38 GSD insert 第 1 次 等待 3 秒
2024-09-16 00:47:41 {"status":"bad","gid":"610493","msg":"添加失败！号码【1404532(-|-)】已存在！"}
2024-09-16 00:47:41 随机等待 188 秒，约 3 分钟
2024-09-16 00:47:41 下次操作: 2024-09-16 00:50:49

2024-09-16 00:50:49 开始第 4535 次操作

2024-09-16 00:50:49 开始操作号码 【1404533】
2024-09-16 00:50:56 GSD getOne 第 1 次 等待 3 秒
2024-09-16 00:50:59 查询号码 【1404533】，返回信息 {"status":"ok","msg":"-","gid":"610509","time_insert":"2023-03-24 01:15"}
2024-09-16 00:50:59 查询号码 【1404533】，GSD为【"-"】
2024-09-16 00:50:59 ok && -
2024-09-16 00:51:01 CHB 1404533?1726419059 第 1 次 等待 3 秒
2024-09-16 00:51:04 CHB 1404533?1726419059 第 1 次 获取到号码【1404533】GSD
2024-09-16 00:51:04 未获取到号码【1404533】GSD，可能号码格式错误
2024-09-16 00:51:04 获取到号码【1404533】的GSD为【-】
2024-09-16 00:51:12 GSD insert 第 1 次 等待 3 秒
2024-09-16 00:51:15 {"status":"bad","gid":"610509","msg":"添加失败！号码【1404533(-|-)】已存在！"}
2024-09-16 00:51:15 随机等待 105 秒，约 1 分钟
2024-09-16 00:51:15 下次操作: 2024-09-16 00:53:00

2024-09-16 00:53:00 开始第 4536 次操作

2024-09-16 00:53:00 开始操作号码 【1404534】
2024-09-16 00:53:07 GSD getOne 第 1 次 等待 3 秒
2024-09-16 00:53:10 查询号码 【1404534】，返回信息 {"status":"ok","msg":"-","gid":"610528","time_insert":"2023-03-24 01:28"}
2024-09-16 00:53:10 查询号码 【1404534】，GSD为【"-"】
2024-09-16 00:53:10 ok && -
2024-09-16 00:53:11 CHB 1404534?1726419190 第 1 次 等待 3 秒
2024-09-16 00:53:14 CHB 1404534?1726419190 第 1 次 获取到号码【1404534】GSD
2024-09-16 00:53:14 未获取到号码【1404534】GSD，可能号码格式错误
2024-09-16 00:53:14 获取到号码【1404534】的GSD为【-】
2024-09-16 00:53:22 GSD insert 第 1 次 等待 3 秒
2024-09-16 00:53:25 {"status":"bad","gid":"610528","msg":"添加失败！号码【1404534(-|-)】已存在！"}

2024-09-16 01:17:55 开始第 4537 次操作

2024-09-16 01:17:55 开始操作号码 【1404535】
2024-09-16 01:18:05 GSD getOne 第 1 次 等待 3 秒
2024-09-16 01:18:08 查询号码 【1404535】，返回信息 {"status":"ok","msg":"-","gid":"610568","time_insert":"2023-03-24 01:50"}
2024-09-16 01:18:08 查询号码 【1404535】，GSD为【"-"】
2024-09-16 01:18:08 ok && -
2024-09-16 01:18:10 CHB 1404535?1726420689 第 1 次 等待 3 秒
2024-09-16 01:18:13 CHB 1404535?1726420689 第 1 次 获取到号码【1404535】GSD
2024-09-16 01:18:13 未获取到号码【1404535】GSD，可能号码格式错误
2024-09-16 01:18:13 获取到号码【1404535】的GSD为【-】
2024-09-16 01:18:21 GSD insert 第 1 次 等待 3 秒
2024-09-16 01:18:24 {"status":"bad","gid":"610568","msg":"添加失败！号码【1404535(-|-)】已存在！"}
2024-09-16 01:18:24 随机等待 144 秒，约 2 分钟
2024-09-16 01:18:24 下次操作: 2024-09-16 01:20:48

2024-09-16 01:20:48 开始第 4538 次操作

2024-09-16 01:20:48 开始操作号码 【1404536】
2024-09-16 01:20:56 GSD getOne 第 1 次 等待 3 秒
2024-09-16 01:20:59 查询号码 【1404536】，返回信息 {"status":"ok","msg":"-","gid":"610595","time_insert":"2023-03-24 02:08"}
2024-09-16 01:20:59 查询号码 【1404536】，GSD为【"-"】
2024-09-16 01:20:59 ok && -
2024-09-16 01:21:01 CHB 1404536?1726420859 第 1 次 等待 3 秒
2024-09-16 01:21:04 CHB 1404536?1726420859 第 1 次 获取到号码【1404536】GSD
2024-09-16 01:21:04 未获取到号码【1404536】GSD，可能号码格式错误
2024-09-16 01:21:04 获取到号码【1404536】的GSD为【-】
2024-09-16 01:21:12 GSD insert 第 1 次 等待 3 秒
2024-09-16 01:21:15 {"status":"bad","gid":"610595","msg":"添加失败！号码【1404536(-|-)】已存在！"}
2024-09-16 01:21:15 随机等待 206 秒，约 3 分钟
2024-09-16 01:21:15 下次操作: 2024-09-16 01:24:41

2024-09-16 01:24:41 开始第 4539 次操作

2024-09-16 01:24:41 开始操作号码 【1404537】
2024-09-16 01:24:49 GSD getOne 第 1 次 等待 3 秒
2024-09-16 01:24:52 查询号码 【1404537】，返回信息 {"status":"ok","msg":"-","gid":"610615","time_insert":"2023-03-24 02:23"}
2024-09-16 01:24:52 查询号码 【1404537】，GSD为【"-"】
2024-09-16 01:24:52 ok && -
2024-09-16 01:24:53 CHB 1404537?1726421092 第 1 次 等待 3 秒
2024-09-16 01:24:56 CHB 1404537?1726421092 第 1 次 获取到号码【1404537】GSD
2024-09-16 01:24:56 未获取到号码【1404537】GSD，可能号码格式错误
2024-09-16 01:24:56 获取到号码【1404537】的GSD为【-】
2024-09-16 01:25:04 GSD insert 第 1 次 等待 3 秒
2024-09-16 01:25:07 {"status":"bad","gid":"610615","msg":"添加失败！号码【1404537(-|-)】已存在！"}
2024-09-16 01:25:07 随机等待 71 秒，约 1 分钟
2024-09-16 01:25:07 下次操作: 2024-09-16 01:26:18

2024-09-16 01:26:19 开始第 4540 次操作

2024-09-16 01:26:19 开始操作号码 【1404538】
2024-09-16 01:26:26 GSD getOne 第 1 次 等待 3 秒
2024-09-16 01:26:29 查询号码 【1404538】，返回信息 {"status":"ok","msg":"-","gid":"610631","time_insert":"2023-03-24 02:33"}
2024-09-16 01:26:29 查询号码 【1404538】，GSD为【"-"】
2024-09-16 01:26:29 ok && -
2024-09-16 01:26:31 CHB 1404538?1726421189 第 1 次 等待 3 秒
2024-09-16 01:26:34 CHB 1404538?1726421189 第 1 次 获取到号码【1404538】GSD
2024-09-16 01:26:34 未获取到号码【1404538】GSD，可能号码格式错误
2024-09-16 01:26:34 获取到号码【1404538】的GSD为【-】
2024-09-16 01:26:42 GSD insert 第 1 次 等待 3 秒
2024-09-16 01:26:45 {"status":"bad","gid":"610631","msg":"添加失败！号码【1404538(-|-)】已存在！"}

2024-09-16 01:38:24 开始第 4541 次操作

2024-09-16 01:38:24 开始操作号码 【1404539】
2024-09-16 01:38:32 GSD getOne 第 1 次 等待 3 秒
2024-09-16 01:38:35 查询号码 【1404539】，返回信息 {"status":"ok","msg":"-","gid":"610654","time_insert":"2023-03-24 02:45"}
2024-09-16 01:38:35 查询号码 【1404539】，GSD为【"-"】
2024-09-16 01:38:35 ok && -
2024-09-16 01:40:47 CHB 1404539?1726421915 第 1 次 等待 3 秒
2024-09-16 01:40:50 CHB 1404539?1726421915 第 1 次 未获取到 等待 96 秒 下次操作: 2024-09-16 01:42:26
2024-09-16 01:44:05 CHB 1404539?1726422146 第 2 次 等待 3 秒
2024-09-16 01:44:08 CHB 1404539?1726422146 第 2 次 获取到号码【1404539】GSD
2024-09-16 01:44:08 未获取到号码【1404539】GSD，可能号码格式错误
2024-09-16 01:44:08 获取到号码【1404539】的GSD为【-】
2024-09-16 01:44:16 GSD insert 第 1 次 等待 3 秒
2024-09-16 01:44:19 {"status":"bad","gid":"610654","msg":"添加失败！号码【1404539(-|-)】已存在！"}
2024-09-16 01:44:19 随机等待 206 秒，约 3 分钟
2024-09-16 01:44:19 下次操作: 2024-09-16 01:47:45

2024-09-16 01:47:45 开始第 4542 次操作

2024-09-16 01:47:45 开始操作号码 【1404540】
2024-09-16 01:47:53 GSD getOne 第 1 次 等待 3 秒
2024-09-16 01:47:56 查询号码 【1404540】，返回信息 {"status":"ok","msg":"-","gid":"610687","time_insert":"2023-03-24 03:02"}
2024-09-16 01:47:56 查询号码 【1404540】，GSD为【"-"】
2024-09-16 01:47:56 ok && -
2024-09-16 01:47:58 CHB 1404540?1726422476 第 1 次 等待 3 秒
2024-09-16 01:48:01 CHB 1404540?1726422476 第 1 次 获取到号码【1404540】GSD
2024-09-16 01:48:01 未获取到号码【1404540】GSD，可能号码格式错误
2024-09-16 01:48:01 获取到号码【1404540】的GSD为【-】
2024-09-16 01:48:09 GSD insert 第 1 次 等待 3 秒
2024-09-16 01:48:12 {"status":"bad","gid":"610687","msg":"添加失败！号码【1404540(-|-)】已存在！"}
2024-09-16 01:48:12 随机等待 205 秒，约 3 分钟
2024-09-16 01:48:12 下次操作: 2024-09-16 01:51:37

2024-09-16 01:51:37 开始第 4543 次操作

2024-09-16 01:51:37 开始操作号码 【1404541】
2024-09-16 01:51:45 GSD getOne 第 1 次 等待 3 秒
2024-09-16 01:51:48 查询号码 【1404541】，返回信息 {"status":"ok","msg":"-","gid":"610708","time_insert":"2023-03-24 03:16"}
2024-09-16 01:51:48 查询号码 【1404541】，GSD为【"-"】
2024-09-16 01:51:48 ok && -
2024-09-16 01:51:50 CHB 1404541?1726422708 第 1 次 等待 3 秒
2024-09-16 01:51:53 CHB 1404541?1726422708 第 1 次 获取到号码【1404541】GSD
2024-09-16 01:51:53 未获取到号码【1404541】GSD，可能号码格式错误
2024-09-16 01:51:53 获取到号码【1404541】的GSD为【-】
2024-09-16 01:52:00 GSD insert 第 1 次 等待 3 秒
2024-09-16 01:52:03 {"status":"bad","gid":"610708","msg":"添加失败！号码【1404541(-|-)】已存在！"}
2024-09-16 01:52:03 随机等待 185 秒，约 3 分钟
2024-09-16 01:52:03 下次操作: 2024-09-16 01:55:08

2024-09-16 01:55:08 开始第 4544 次操作

2024-09-16 01:55:08 开始操作号码 【1404542】
2024-09-16 01:55:16 GSD getOne 第 1 次 等待 3 秒
2024-09-16 01:55:19 查询号码 【1404542】，返回信息 {"status":"ok","msg":"-","gid":"610730","time_insert":"2023-03-24 03:26"}
2024-09-16 01:55:19 查询号码 【1404542】，GSD为【"-"】
2024-09-16 01:55:19 ok && -
2024-09-16 01:58:16 CHB 1404542?1726422919 第 1 次 等待 3 秒
2024-09-16 01:58:19 CHB 1404542?1726422919 第 1 次 未获取到 等待 218 秒 下次操作: 2024-09-16 02:01:57
2024-09-16 02:01:58 CHB 1404542?1726423317 第 2 次 等待 3 秒
2024-09-16 02:02:01 CHB 1404542?1726423317 第 2 次 获取到号码【1404542】GSD
2024-09-16 02:02:01 未获取到号码【1404542】GSD，可能号码格式错误
2024-09-16 02:02:01 获取到号码【1404542】的GSD为【-】
2024-09-16 02:02:11 GSD insert 第 1 次 等待 3 秒
2024-09-16 02:02:14 {"status":"bad","gid":"610730","msg":"添加失败！号码【1404542(-|-)】已存在！"}

2024-09-16 02:28:38 开始第 4545 次操作

2024-09-16 02:28:38 开始操作号码 【1404543】
2024-09-16 02:28:46 GSD getOne 第 1 次 等待 3 秒
2024-09-16 02:28:49 查询号码 【1404543】，返回信息 {"status":"ok","msg":"-","gid":"610755","time_insert":"2023-03-24 03:40"}
2024-09-16 02:28:49 查询号码 【1404543】，GSD为【"-"】
2024-09-16 02:28:49 ok && -
2024-09-16 02:28:51 CHB 1404543?1726424929 第 1 次 等待 3 秒
2024-09-16 02:28:54 CHB 1404543?1726424929 第 1 次 获取到号码【1404543】GSD
2024-09-16 02:28:54 未获取到号码【1404543】GSD，可能号码格式错误
2024-09-16 02:28:54 获取到号码【1404543】的GSD为【-】
2024-09-16 02:29:02 GSD insert 第 1 次 等待 3 秒
2024-09-16 02:29:05 {"status":"bad","gid":"610755","msg":"添加失败！号码【1404543(-|-)】已存在！"}
2024-09-16 02:29:05 随机等待 115 秒，约 1 分钟
2024-09-16 02:29:05 下次操作: 2024-09-16 02:31:00

2024-09-16 02:31:00 开始第 4546 次操作

2024-09-16 02:31:00 开始操作号码 【1404544】
2024-09-16 02:31:07 GSD getOne 第 1 次 等待 3 秒
2024-09-16 02:31:10 查询号码 【1404544】，返回信息 {"status":"ok","msg":"-","gid":"610790","time_insert":"2023-03-24 04:01"}
2024-09-16 02:31:11 查询号码 【1404544】，GSD为【"-"】
2024-09-16 02:31:11 ok && -
2024-09-16 02:31:13 CHB 1404544?1726425071 第 1 次 等待 3 秒
2024-09-16 02:31:16 CHB 1404544?1726425071 第 1 次 获取到号码【1404544】GSD
2024-09-16 02:31:16 未获取到号码【1404544】GSD，可能号码格式错误
2024-09-16 02:31:16 获取到号码【1404544】的GSD为【-】
2024-09-16 02:31:18 GSD insert 第 1 次 等待 3 秒
2024-09-16 02:31:21 {"status":"bad","gid":"610790","msg":"添加失败！号码【1404544(-|-)】已存在！"}
2024-09-16 02:31:21 随机等待 150 秒，约 2 分钟
2024-09-16 02:31:21 下次操作: 2024-09-16 02:33:51

2024-09-16 02:33:51 开始第 4547 次操作

2024-09-16 02:33:51 开始操作号码 【1404545】
2024-09-16 02:33:59 GSD getOne 第 1 次 等待 3 秒
2024-09-16 02:34:02 查询号码 【1404545】，返回信息 {"status":"ok","msg":"-","gid":"610816","time_insert":"2023-03-24 04:22"}
2024-09-16 02:34:02 查询号码 【1404545】，GSD为【"-"】
2024-09-16 02:34:02 ok && -
2024-09-16 02:34:05 CHB 1404545?1726425242 第 1 次 等待 3 秒
2024-09-16 02:34:08 CHB 1404545?1726425242 第 1 次 获取到号码【1404545】GSD
2024-09-16 02:34:08 未获取到号码【1404545】GSD，可能号码格式错误
2024-09-16 02:34:08 获取到号码【1404545】的GSD为【-】
2024-09-16 02:34:15 GSD insert 第 1 次 等待 3 秒
2024-09-16 02:34:18 {"status":"bad","gid":"610816","msg":"添加失败！号码【1404545(-|-)】已存在！"}
2024-09-16 02:34:18 随机等待 228 秒，约 3 分钟
2024-09-16 02:34:18 下次操作: 2024-09-16 02:38:06

2024-09-16 02:38:06 开始第 4548 次操作

2024-09-16 02:38:06 开始操作号码 【1404546】
2024-09-16 02:38:14 GSD getOne 第 1 次 等待 3 秒
2024-09-16 02:38:17 查询号码 【1404546】，返回信息 {"status":"ok","msg":"-","gid":"610836","time_insert":"2023-03-24 04:35"}
2024-09-16 02:38:17 查询号码 【1404546】，GSD为【"-"】
2024-09-16 02:38:17 ok && -
2024-09-16 02:38:19 CHB 1404546?1726425497 第 1 次 等待 3 秒
2024-09-16 02:38:22 CHB 1404546?1726425497 第 1 次 获取到号码【1404546】GSD
2024-09-16 02:38:22 未获取到号码【1404546】GSD，可能号码格式错误
2024-09-16 02:38:22 获取到号码【1404546】的GSD为【-】
2024-09-16 02:38:30 GSD insert 第 1 次 等待 3 秒
2024-09-16 02:38:33 {"status":"bad","gid":"610836","msg":"添加失败！号码【1404546(-|-)】已存在！"}

2024-09-16 02:44:36 开始第 4549 次操作

2024-09-16 02:44:36 开始操作号码 【1404547】
2024-09-16 02:44:44 GSD getOne 第 1 次 等待 3 秒
2024-09-16 02:44:47 查询号码 【1404547】，返回信息 {"status":"ok","msg":"-","gid":"610853","time_insert":"2023-03-24 04:44"}
2024-09-16 02:44:47 查询号码 【1404547】，GSD为【"-"】
2024-09-16 02:44:47 ok && -
2024-09-16 02:44:49 CHB 1404547?1726425887 第 1 次 等待 3 秒
2024-09-16 02:44:52 CHB 1404547?1726425887 第 1 次 获取到号码【1404547】GSD
2024-09-16 02:44:52 未获取到号码【1404547】GSD，可能号码格式错误
2024-09-16 02:44:52 获取到号码【1404547】的GSD为【-】
2024-09-16 02:45:00 GSD insert 第 1 次 等待 3 秒
2024-09-16 02:45:03 {"status":"bad","gid":"610853","msg":"添加失败！号码【1404547(-|-)】已存在！"}
2024-09-16 02:45:03 随机等待 229 秒，约 3 分钟
2024-09-16 02:45:03 下次操作: 2024-09-16 02:48:52

2024-09-16 02:48:52 开始第 4550 次操作

2024-09-16 02:48:52 开始操作号码 【1404548】
2024-09-16 02:49:00 GSD getOne 第 1 次 等待 3 秒
2024-09-16 02:49:03 查询号码 【1404548】，返回信息 {"status":"ok","msg":"-","gid":"610874","time_insert":"2023-03-24 04:56"}
2024-09-16 02:49:03 查询号码 【1404548】，GSD为【"-"】
2024-09-16 02:49:03 ok && -
2024-09-16 02:49:05 CHB 1404548?1726426143 第 1 次 等待 3 秒
2024-09-16 02:49:08 CHB 1404548?1726426143 第 1 次 获取到号码【1404548】GSD
2024-09-16 02:49:08 未获取到号码【1404548】GSD，可能号码格式错误
2024-09-16 02:49:08 获取到号码【1404548】的GSD为【-】
2024-09-16 02:49:16 GSD insert 第 1 次 等待 3 秒
2024-09-16 02:49:19 {"status":"bad","gid":"610874","msg":"添加失败！号码【1404548(-|-)】已存在！"}
2024-09-16 02:49:19 随机等待 194 秒，约 3 分钟
2024-09-16 02:49:19 下次操作: 2024-09-16 02:52:33

2024-09-16 02:52:33 开始第 4551 次操作

2024-09-16 02:52:33 开始操作号码 【1404549】
2024-09-16 02:52:41 GSD getOne 第 1 次 等待 3 秒
2024-09-16 02:52:44 查询号码 【1404549】，返回信息 {"status":"ok","msg":"-","gid":"610909","time_insert":"2023-03-24 05:17"}
2024-09-16 02:52:44 查询号码 【1404549】，GSD为【"-"】
2024-09-16 02:52:44 ok && -
2024-09-16 02:52:45 CHB 1404549?1726426364 第 1 次 等待 3 秒
2024-09-16 02:52:48 CHB 1404549?1726426364 第 1 次 获取到号码【1404549】GSD
2024-09-16 02:52:48 未获取到号码【1404549】GSD，可能号码格式错误
2024-09-16 02:52:48 获取到号码【1404549】的GSD为【-】
2024-09-16 02:52:56 GSD insert 第 1 次 等待 3 秒
2024-09-16 02:52:59 {"status":"bad","gid":"610909","msg":"添加失败！号码【1404549(-|-)】已存在！"}
2024-09-16 02:52:59 随机等待 193 秒，约 3 分钟
2024-09-16 02:52:59 下次操作: 2024-09-16 02:56:12

2024-09-16 02:56:12 开始第 4552 次操作

2024-09-16 02:56:12 开始操作号码 【1404550】
2024-09-16 02:56:20 GSD getOne 第 1 次 等待 3 秒
2024-09-16 02:56:23 查询号码 【1404550】，返回信息 {"status":"ok","msg":"-","gid":"610942","time_insert":"2023-03-24 05:40"}
2024-09-16 02:56:23 查询号码 【1404550】，GSD为【"-"】
2024-09-16 02:56:23 ok && -
2024-09-16 02:56:25 CHB 1404550?1726426583 第 1 次 等待 3 秒
2024-09-16 02:56:28 CHB 1404550?1726426583 第 1 次 获取到号码【1404550】GSD
2024-09-16 02:56:28 未获取到号码【1404550】GSD，可能号码格式错误
2024-09-16 02:56:28 获取到号码【1404550】的GSD为【-】
2024-09-16 02:56:37 GSD insert 第 1 次 等待 3 秒
2024-09-16 02:56:40 {"status":"bad","gid":"610942","msg":"添加失败！号码【1404550(-|-)】已存在！"}

2024-09-16 03:16:22 开始第 4553 次操作

2024-09-16 03:16:22 开始操作号码 【1404551】
2024-09-16 03:16:30 GSD getOne 第 1 次 等待 3 秒
2024-09-16 03:16:33 查询号码 【1404551】，返回信息 {"status":"ok","msg":"-","gid":"610972","time_insert":"2023-03-24 05:59"}
2024-09-16 03:16:33 查询号码 【1404551】，GSD为【"-"】
2024-09-16 03:16:33 ok && -
2024-09-16 03:16:35 CHB 1404551?1726427793 第 1 次 等待 3 秒
2024-09-16 03:16:38 CHB 1404551?1726427793 第 1 次 获取到号码【1404551】GSD
2024-09-16 03:16:38 未获取到号码【1404551】GSD，可能号码格式错误
2024-09-16 03:16:38 获取到号码【1404551】的GSD为【-】
2024-09-16 03:16:45 GSD insert 第 1 次 等待 3 秒
2024-09-16 03:16:48 {"status":"bad","gid":"610972","msg":"添加失败！号码【1404551(-|-)】已存在！"}
2024-09-16 03:16:48 随机等待 232 秒，约 3 分钟
2024-09-16 03:16:48 下次操作: 2024-09-16 03:20:40

2024-09-16 03:20:40 开始第 4554 次操作

2024-09-16 03:20:40 开始操作号码 【1404552】
2024-09-16 03:20:48 GSD getOne 第 1 次 等待 3 秒
2024-09-16 03:20:51 查询号码 【1404552】，返回信息 {"status":"ok","msg":"-","gid":"611005","time_insert":"2023-03-24 06:19"}
2024-09-16 03:20:51 查询号码 【1404552】，GSD为【"-"】
2024-09-16 03:20:51 ok && -
2024-09-16 03:20:53 CHB 1404552?1726428051 第 1 次 等待 3 秒
2024-09-16 03:20:56 CHB 1404552?1726428051 第 1 次 获取到号码【1404552】GSD
2024-09-16 03:20:56 未获取到号码【1404552】GSD，可能号码格式错误
2024-09-16 03:20:56 获取到号码【1404552】的GSD为【-】
2024-09-16 03:21:03 GSD insert 第 1 次 等待 3 秒
2024-09-16 03:21:07 {"status":"bad","gid":"611005","msg":"添加失败！号码【1404552(-|-)】已存在！"}
2024-09-16 03:21:07 随机等待 150 秒，约 2 分钟
2024-09-16 03:21:07 下次操作: 2024-09-16 03:23:37

2024-09-16 03:23:37 开始第 4555 次操作

2024-09-16 03:23:37 开始操作号码 【1404553】
2024-09-16 03:23:44 GSD getOne 第 1 次 等待 3 秒
2024-09-16 03:23:47 查询号码 【1404553】，返回信息 {"status":"ok","msg":"-","gid":"611030","time_insert":"2023-03-24 06:36"}
2024-09-16 03:23:47 查询号码 【1404553】，GSD为【"-"】
2024-09-16 03:23:47 ok && -
2024-09-16 03:23:49 CHB 1404553?1726428227 第 1 次 等待 3 秒
2024-09-16 03:23:52 CHB 1404553?1726428227 第 1 次 获取到号码【1404553】GSD
2024-09-16 03:23:52 未获取到号码【1404553】GSD，可能号码格式错误
2024-09-16 03:23:52 获取到号码【1404553】的GSD为【-】
2024-09-16 03:23:59 GSD insert 第 1 次 等待 3 秒
2024-09-16 03:24:02 {"status":"bad","gid":"611030","msg":"添加失败！号码【1404553(-|-)】已存在！"}
2024-09-16 03:24:02 随机等待 174 秒，约 2 分钟
2024-09-16 03:24:02 下次操作: 2024-09-16 03:26:56

2024-09-16 03:26:56 开始第 4556 次操作

2024-09-16 03:26:56 开始操作号码 【1404554】
2024-09-16 03:27:05 GSD getOne 第 1 次 等待 3 秒
2024-09-16 03:27:08 查询号码 【1404554】，返回信息 {"status":"ok","msg":"-","gid":"611068","time_insert":"2023-03-24 06:56"}
2024-09-16 03:27:08 查询号码 【1404554】，GSD为【"-"】
2024-09-16 03:27:08 ok && -
2024-09-16 03:27:10 CHB 1404554?1726428428 第 1 次 等待 3 秒
2024-09-16 03:27:13 CHB 1404554?1726428428 第 1 次 获取到号码【1404554】GSD
2024-09-16 03:27:13 未获取到号码【1404554】GSD，可能号码格式错误
2024-09-16 03:27:13 获取到号码【1404554】的GSD为【-】
2024-09-16 03:27:20 GSD insert 第 1 次 等待 3 秒
2024-09-16 03:27:23 {"status":"bad","gid":"611068","msg":"添加失败！号码【1404554(-|-)】已存在！"}

2024-09-16 03:38:27 开始第 4557 次操作

2024-09-16 03:38:27 开始操作号码 【1404555】
2024-09-16 03:38:35 GSD getOne 第 1 次 等待 3 秒
2024-09-16 03:38:38 查询号码 【1404555】，返回信息 {"status":"ok","msg":"-","gid":"611099","time_insert":"2023-03-24 07:16"}
2024-09-16 03:38:38 查询号码 【1404555】，GSD为【"-"】
2024-09-16 03:38:38 ok && -
2024-09-16 03:38:40 CHB 1404555?1726429118 第 1 次 等待 3 秒
2024-09-16 03:38:43 CHB 1404555?1726429118 第 1 次 获取到号码【1404555】GSD
2024-09-16 03:38:43 未获取到号码【1404555】GSD，可能号码格式错误
2024-09-16 03:38:43 获取到号码【1404555】的GSD为【-】
2024-09-16 03:38:51 GSD insert 第 1 次 等待 3 秒
2024-09-16 03:38:54 {"status":"bad","gid":"611099","msg":"添加失败！号码【1404555(-|-)】已存在！"}
2024-09-16 03:38:54 随机等待 108 秒，约 1 分钟
2024-09-16 03:38:54 下次操作: 2024-09-16 03:40:42

2024-09-16 03:40:42 开始第 4558 次操作

2024-09-16 03:40:42 开始操作号码 【1404556】
2024-09-16 03:40:51 GSD getOne 第 1 次 等待 3 秒
2024-09-16 03:40:54 查询号码 【1404556】，返回信息 {"status":"ok","msg":"-","gid":"611129","time_insert":"2023-03-24 07:35"}
2024-09-16 03:40:54 查询号码 【1404556】，GSD为【"-"】
2024-09-16 03:40:54 ok && -
2024-09-16 03:40:56 CHB 1404556?1726429254 第 1 次 等待 3 秒
2024-09-16 03:40:59 CHB 1404556?1726429254 第 1 次 获取到号码【1404556】GSD
2024-09-16 03:40:59 未获取到号码【1404556】GSD，可能号码格式错误
2024-09-16 03:40:59 获取到号码【1404556】的GSD为【-】
2024-09-16 03:41:07 GSD insert 第 1 次 等待 3 秒
2024-09-16 03:41:10 {"status":"bad","gid":"611129","msg":"添加失败！号码【1404556(-|-)】已存在！"}
2024-09-16 03:41:10 随机等待 83 秒，约 1 分钟
2024-09-16 03:41:10 下次操作: 2024-09-16 03:42:33

2024-09-16 03:42:33 开始第 4559 次操作

2024-09-16 03:42:33 开始操作号码 【1404557】
2024-09-16 03:42:41 GSD getOne 第 1 次 等待 3 秒
2024-09-16 03:42:44 查询号码 【1404557】，返回信息 {"status":"ok","msg":"-","gid":"611166","time_insert":"2023-03-24 07:54"}
2024-09-16 03:42:44 查询号码 【1404557】，GSD为【"-"】
2024-09-16 03:42:44 ok && -
2024-09-16 03:42:46 CHB 1404557?1726429364 第 1 次 等待 3 秒
2024-09-16 03:42:49 CHB 1404557?1726429364 第 1 次 获取到号码【1404557】GSD
2024-09-16 03:42:49 未获取到号码【1404557】GSD，可能号码格式错误
2024-09-16 03:42:49 获取到号码【1404557】的GSD为【-】
2024-09-16 03:42:56 GSD insert 第 1 次 等待 3 秒
2024-09-16 03:42:59 {"status":"bad","gid":"611166","msg":"添加失败！号码【1404557(-|-)】已存在！"}
2024-09-16 03:42:59 随机等待 155 秒，约 2 分钟
2024-09-16 03:42:59 下次操作: 2024-09-16 03:45:34

2024-09-16 03:45:34 开始第 4560 次操作

2024-09-16 03:45:34 开始操作号码 【1404558】
2024-09-16 03:45:42 GSD getOne 第 1 次 等待 3 秒
2024-09-16 03:45:45 查询号码 【1404558】，返回信息 {"status":"ok","msg":"-","gid":"611189","time_insert":"2023-03-24 08:12"}
2024-09-16 03:45:45 查询号码 【1404558】，GSD为【"-"】
2024-09-16 03:45:45 ok && -
2024-09-16 03:45:47 CHB 1404558?1726429545 第 1 次 等待 3 秒
2024-09-16 03:45:50 CHB 1404558?1726429545 第 1 次 获取到号码【1404558】GSD
2024-09-16 03:45:50 未获取到号码【1404558】GSD，可能号码格式错误
2024-09-16 03:45:50 获取到号码【1404558】的GSD为【-】
2024-09-16 03:45:58 GSD insert 第 1 次 等待 3 秒
2024-09-16 03:46:01 {"status":"bad","gid":"611189","msg":"添加失败！号码【1404558(-|-)】已存在！"}

2024-09-16 04:21:58 开始第 4561 次操作

2024-09-16 04:21:58 开始操作号码 【1404559】
2024-09-16 04:22:06 GSD getOne 第 1 次 等待 3 秒
2024-09-16 04:22:09 查询号码 【1404559】，返回信息 {"status":"ok","msg":"-","gid":"611211","time_insert":"2023-03-24 08:34"}
2024-09-16 04:22:09 查询号码 【1404559】，GSD为【"-"】
2024-09-16 04:22:09 ok && -
2024-09-16 04:22:12 CHB 1404559?1726431729 第 1 次 等待 3 秒
2024-09-16 04:22:15 CHB 1404559?1726431729 第 1 次 获取到号码【1404559】GSD
2024-09-16 04:22:15 未获取到号码【1404559】GSD，可能号码格式错误
2024-09-16 04:22:15 获取到号码【1404559】的GSD为【-】
2024-09-16 04:22:23 GSD insert 第 1 次 等待 3 秒
2024-09-16 04:22:26 {"status":"bad","gid":"611211","msg":"添加失败！号码【1404559(-|-)】已存在！"}
2024-09-16 04:22:26 随机等待 200 秒，约 3 分钟
2024-09-16 04:22:26 下次操作: 2024-09-16 04:25:46

2024-09-16 04:25:46 开始第 4562 次操作

2024-09-16 04:25:46 开始操作号码 【1404560】
2024-09-16 04:25:54 GSD getOne 第 1 次 等待 3 秒
2024-09-16 04:25:57 查询号码 【1404560】，返回信息 {"status":"ok","msg":"-","gid":"611221","time_insert":"2023-03-24 08:46"}
2024-09-16 04:25:57 查询号码 【1404560】，GSD为【"-"】
2024-09-16 04:25:57 ok && -
2024-09-16 04:25:59 CHB 1404560?1726431957 第 1 次 等待 3 秒
2024-09-16 04:26:02 CHB 1404560?1726431957 第 1 次 获取到号码【1404560】GSD
2024-09-16 04:26:02 未获取到号码【1404560】GSD，可能号码格式错误
2024-09-16 04:26:02 获取到号码【1404560】的GSD为【-】
2024-09-16 04:26:10 GSD insert 第 1 次 等待 3 秒
2024-09-16 04:26:13 {"status":"bad","gid":"611221","msg":"添加失败！号码【1404560(-|-)】已存在！"}
2024-09-16 04:26:13 随机等待 154 秒，约 2 分钟
2024-09-16 04:26:13 下次操作: 2024-09-16 04:28:47

2024-09-16 04:28:47 开始第 4563 次操作

2024-09-16 04:28:47 开始操作号码 【1404561】
2024-09-16 04:28:54 GSD getOne 第 1 次 等待 3 秒
2024-09-16 04:28:57 查询号码 【1404561】，返回信息 {"status":"ok","msg":"-","gid":"611235","time_insert":"2023-03-24 08:55"}
2024-09-16 04:28:57 查询号码 【1404561】，GSD为【"-"】
2024-09-16 04:28:57 ok && -
2024-09-16 04:29:00 CHB 1404561?1726432137 第 1 次 等待 3 秒
2024-09-16 04:29:03 CHB 1404561?1726432137 第 1 次 获取到号码【1404561】GSD
2024-09-16 04:29:03 未获取到号码【1404561】GSD，可能号码格式错误
2024-09-16 04:29:03 获取到号码【1404561】的GSD为【-】
2024-09-16 04:29:11 GSD insert 第 1 次 等待 3 秒
2024-09-16 04:29:14 {"status":"bad","gid":"611235","msg":"添加失败！号码【1404561(-|-)】已存在！"}
2024-09-16 04:29:14 随机等待 80 秒，约 1 分钟
2024-09-16 04:29:14 下次操作: 2024-09-16 04:30:34

2024-09-16 04:30:34 开始第 4564 次操作

2024-09-16 04:30:34 开始操作号码 【1404562】
2024-09-16 04:30:41 GSD getOne 第 1 次 等待 3 秒
2024-09-16 04:30:44 查询号码 【1404562】，返回信息 {"status":"ok","msg":"-","gid":"611260","time_insert":"2023-03-24 09:17"}
2024-09-16 04:30:45 查询号码 【1404562】，GSD为【"-"】
2024-09-16 04:30:45 ok && -
2024-09-16 04:30:46 CHB 1404562?1726432245 第 1 次 等待 3 秒
2024-09-16 04:30:49 CHB 1404562?1726432245 第 1 次 获取到号码【1404562】GSD
2024-09-16 04:30:49 未获取到号码【1404562】GSD，可能号码格式错误
2024-09-16 04:30:49 获取到号码【1404562】的GSD为【-】
2024-09-16 04:30:58 GSD insert 第 1 次 等待 3 秒
2024-09-16 04:31:01 {"status":"bad","gid":"611260","msg":"添加失败！号码【1404562(-|-)】已存在！"}

2024-09-16 05:20:03 开始第 4565 次操作

2024-09-16 05:20:03 开始操作号码 【1404563】
2024-09-16 05:20:10 GSD getOne 第 1 次 等待 3 秒
2024-09-16 05:20:13 查询号码 【1404563】，返回信息 {"status":"ok","msg":"-","gid":"611277","time_insert":"2023-03-24 09:35"}
2024-09-16 05:20:14 查询号码 【1404563】，GSD为【"-"】
2024-09-16 05:20:14 ok && -
2024-09-16 05:20:15 CHB 1404563?1726435214 第 1 次 等待 3 秒
2024-09-16 05:20:18 CHB 1404563?1726435214 第 1 次 获取到号码【1404563】GSD
2024-09-16 05:20:18 未获取到号码【1404563】GSD，可能号码格式错误
2024-09-16 05:20:18 获取到号码【1404563】的GSD为【-】
2024-09-16 05:20:26 GSD insert 第 1 次 等待 3 秒
2024-09-16 05:20:29 {"status":"bad","gid":"611277","msg":"添加失败！号码【1404563(-|-)】已存在！"}
2024-09-16 05:20:29 随机等待 129 秒，约 2 分钟
2024-09-16 05:20:29 下次操作: 2024-09-16 05:22:38

2024-09-16 05:22:38 开始第 4566 次操作

2024-09-16 05:22:38 开始操作号码 【1404564】
2024-09-16 05:22:46 GSD getOne 第 1 次 等待 3 秒
2024-09-16 05:22:49 查询号码 【1404564】，返回信息 {"status":"ok","msg":"-","gid":"611291","time_insert":"2023-03-24 09:51"}
2024-09-16 05:22:49 查询号码 【1404564】，GSD为【"-"】
2024-09-16 05:22:49 ok && -
2024-09-16 05:22:50 CHB 1404564?1726435369 第 1 次 等待 3 秒
2024-09-16 05:22:53 CHB 1404564?1726435369 第 1 次 获取到号码【1404564】GSD
2024-09-16 05:22:53 未获取到号码【1404564】GSD，可能号码格式错误
2024-09-16 05:22:53 获取到号码【1404564】的GSD为【-】
2024-09-16 05:23:01 GSD insert 第 1 次 等待 3 秒
2024-09-16 05:23:04 {"status":"bad","gid":"611291","msg":"添加失败！号码【1404564(-|-)】已存在！"}
2024-09-16 05:23:04 随机等待 211 秒，约 3 分钟
2024-09-16 05:23:04 下次操作: 2024-09-16 05:26:35

2024-09-16 05:26:35 开始第 4567 次操作

2024-09-16 05:26:35 开始操作号码 【1404565】
2024-09-16 05:26:43 GSD getOne 第 1 次 等待 3 秒
2024-09-16 05:26:46 查询号码 【1404565】，返回信息 {"status":"ok","msg":"-","gid":"611308","time_insert":"2023-03-24 10:05"}
2024-09-16 05:26:46 查询号码 【1404565】，GSD为【"-"】
2024-09-16 05:26:46 ok && -
2024-09-16 05:26:48 CHB 1404565?1726435606 第 1 次 等待 3 秒
2024-09-16 05:26:51 CHB 1404565?1726435606 第 1 次 获取到号码【1404565】GSD
2024-09-16 05:26:51 未获取到号码【1404565】GSD，可能号码格式错误
2024-09-16 05:26:51 获取到号码【1404565】的GSD为【-】
2024-09-16 05:26:58 GSD insert 第 1 次 等待 3 秒
2024-09-16 05:27:01 {"status":"bad","gid":"611308","msg":"添加失败！号码【1404565(-|-)】已存在！"}
2024-09-16 05:27:01 随机等待 80 秒，约 1 分钟
2024-09-16 05:27:01 下次操作: 2024-09-16 05:28:21

2024-09-16 05:28:21 开始第 4568 次操作

2024-09-16 05:28:21 开始操作号码 【1404566】
2024-09-16 05:28:29 GSD getOne 第 1 次 等待 3 秒
2024-09-16 05:28:32 查询号码 【1404566】，返回信息 {"status":"ok","msg":"-","gid":"611327","time_insert":"2023-03-24 10:20"}
2024-09-16 05:28:32 查询号码 【1404566】，GSD为【"-"】
2024-09-16 05:28:32 ok && -
2024-09-16 05:28:34 CHB 1404566?1726435712 第 1 次 等待 3 秒
2024-09-16 05:28:37 CHB 1404566?1726435712 第 1 次 获取到号码【1404566】GSD
2024-09-16 05:28:37 未获取到号码【1404566】GSD，可能号码格式错误
2024-09-16 05:28:37 获取到号码【1404566】的GSD为【-】
2024-09-16 05:28:45 GSD insert 第 1 次 等待 3 秒
2024-09-16 05:28:48 {"status":"bad","gid":"611327","msg":"添加失败！号码【1404566(-|-)】已存在！"}

2024-09-16 05:39:05 开始第 4569 次操作

2024-09-16 05:39:05 开始操作号码 【1404567】
2024-09-16 05:39:13 GSD getOne 第 1 次 等待 3 秒
2024-09-16 05:39:16 查询号码 【1404567】，返回信息 {"status":"ok","msg":"-","gid":"611342","time_insert":"2023-03-24 10:35"}
2024-09-16 05:39:16 查询号码 【1404567】，GSD为【"-"】
2024-09-16 05:39:16 ok && -
2024-09-16 05:39:18 CHB 1404567?1726436356 第 1 次 等待 3 秒
2024-09-16 05:39:21 CHB 1404567?1726436356 第 1 次 获取到号码【1404567】GSD
2024-09-16 05:39:21 未获取到号码【1404567】GSD，可能号码格式错误
2024-09-16 05:39:21 获取到号码【1404567】的GSD为【-】
2024-09-16 05:39:29 GSD insert 第 1 次 等待 3 秒
2024-09-16 05:39:32 {"status":"bad","gid":"611342","msg":"添加失败！号码【1404567(-|-)】已存在！"}
2024-09-16 05:39:32 随机等待 150 秒，约 2 分钟
2024-09-16 05:39:32 下次操作: 2024-09-16 05:42:02

2024-09-16 05:42:02 开始第 4570 次操作

2024-09-16 05:42:02 开始操作号码 【1404568】
2024-09-16 05:42:09 GSD getOne 第 1 次 等待 3 秒
2024-09-16 05:42:13 查询号码 【1404568】，返回信息 {"status":"ok","msg":"-","gid":"611362","time_insert":"2023-03-24 10:49"}
2024-09-16 05:42:13 查询号码 【1404568】，GSD为【"-"】
2024-09-16 05:42:13 ok && -
2024-09-16 05:42:14 CHB 1404568?1726436533 第 1 次 等待 3 秒
2024-09-16 05:42:17 CHB 1404568?1726436533 第 1 次 获取到号码【1404568】GSD
2024-09-16 05:42:17 未获取到号码【1404568】GSD，可能号码格式错误
2024-09-16 05:42:17 获取到号码【1404568】的GSD为【-】
2024-09-16 05:42:25 GSD insert 第 1 次 等待 3 秒
2024-09-16 05:42:28 {"status":"bad","gid":"611362","msg":"添加失败！号码【1404568(-|-)】已存在！"}
2024-09-16 05:42:28 随机等待 149 秒，约 2 分钟
2024-09-16 05:42:28 下次操作: 2024-09-16 05:44:57

2024-09-16 05:44:57 开始第 4571 次操作

2024-09-16 05:44:57 开始操作号码 【1404569】
2024-09-16 05:45:05 GSD getOne 第 1 次 等待 3 秒
2024-09-16 05:45:08 查询号码 【1404569】，返回信息 {"status":"ok","msg":"-","gid":"611378","time_insert":"2023-03-24 10:58"}
2024-09-16 05:45:08 查询号码 【1404569】，GSD为【"-"】
2024-09-16 05:45:08 ok && -
2024-09-16 05:45:10 CHB 1404569?1726436708 第 1 次 等待 3 秒
2024-09-16 05:45:13 CHB 1404569?1726436708 第 1 次 获取到号码【1404569】GSD
2024-09-16 05:45:13 未获取到号码【1404569】GSD，可能号码格式错误
2024-09-16 05:45:13 获取到号码【1404569】的GSD为【-】
2024-09-16 05:45:20 GSD insert 第 1 次 等待 3 秒
2024-09-16 05:45:23 {"status":"bad","gid":"611378","msg":"添加失败！号码【1404569(-|-)】已存在！"}
2024-09-16 05:45:23 随机等待 169 秒，约 2 分钟
2024-09-16 05:45:23 下次操作: 2024-09-16 05:48:12

2024-09-16 05:48:12 开始第 4572 次操作

2024-09-16 05:48:12 开始操作号码 【1404570】
2024-09-16 05:48:20 GSD getOne 第 1 次 等待 3 秒
2024-09-16 05:48:23 查询号码 【1404570】，返回信息 {"status":"ok","msg":"-","gid":"611396","time_insert":"2023-03-24 11:11"}
2024-09-16 05:48:23 查询号码 【1404570】，GSD为【"-"】
2024-09-16 05:48:23 ok && -
2024-09-16 05:48:25 CHB 1404570?1726436903 第 1 次 等待 3 秒
2024-09-16 05:48:28 CHB 1404570?1726436903 第 1 次 获取到号码【1404570】GSD
2024-09-16 05:48:28 未获取到号码【1404570】GSD，可能号码格式错误
2024-09-16 05:48:28 获取到号码【1404570】的GSD为【-】
2024-09-16 05:48:35 GSD insert 第 1 次 等待 3 秒
2024-09-16 05:48:39 {"status":"bad","gid":"611396","msg":"添加失败！号码【1404570(-|-)】已存在！"}

