2024-01-10 00:11:12 开始第 8101 次操作

2024-01-10 00:11:12 开始操作号码 【1848000】
2024-01-10 00:11:15 GSD getOne 第 1 次 等待 3 秒
2024-01-10 00:11:18 查询号码 【1848000】，返回信息 {"status":"ok","msg":"福建-福州","gid":"421530","time_insert":"2021-07-28 05:48"}
2024-01-10 00:11:18 查询号码 【1848000】，GSD为【"福建-福州"】

2024-01-10 00:11:19 开始第 8102 次操作

2024-01-10 00:11:19 开始操作号码 【1848001】
2024-01-10 00:11:22 GSD getOne 第 1 次 等待 3 秒
2024-01-10 00:11:25 查询号码 【1848001】，返回信息 {"status":"ok","msg":"福建-福州","gid":"421523","time_insert":"2021-07-28 05:48"}
2024-01-10 00:11:25 查询号码 【1848001】，GSD为【"福建-福州"】

2024-01-10 00:11:26 开始第 8103 次操作

2024-01-10 00:11:26 开始操作号码 【1848002】
2024-01-10 00:11:29 GSD getOne 第 1 次 等待 3 秒
2024-01-10 00:11:32 查询号码 【1848002】，返回信息 {"status":"ok","msg":"福建-福州","gid":"421514","time_insert":"2021-07-28 05:47"}
2024-01-10 00:11:32 查询号码 【1848002】，GSD为【"福建-福州"】

2024-01-10 00:11:33 开始第 8104 次操作

2024-01-10 00:11:33 开始操作号码 【1848003】
2024-01-10 00:11:36 GSD getOne 第 1 次 等待 3 秒
2024-01-10 00:11:39 查询号码 【1848003】，返回信息 {"status":"ok","msg":"福建-福州","gid":"421505","time_insert":"2021-07-28 05:47"}
2024-01-10 00:11:39 查询号码 【1848003】，GSD为【"福建-福州"】

