2024-04-25 00:10:31 开始第 5529 次操作

2024-04-25 00:10:31 开始操作号码 【1625429】
2024-04-25 00:10:37 GSD getOne 第 1 次 等待 3 秒
2024-04-25 00:10:40 查询号码 【1625429】，返回信息 {"status":"ok","msg":"山东-青岛","gid":"178458","time_insert":"2021-07-03 03:24"}
2024-04-25 00:10:40 查询号码 【1625429】，GSD为【"山东-青岛"】

2024-04-25 00:10:41 开始第 5530 次操作

2024-04-25 00:10:41 开始操作号码 【1625430】
2024-04-25 00:10:55 GSD getOne 第 1 次 等待 3 秒
2024-04-25 00:10:58 查询号码 【1625430】，返回信息 {"status":"ok","msg":"山东-滨州","gid":"178464","time_insert":"2021-07-03 03:28"}
2024-04-25 00:10:58 查询号码 【1625430】，GSD为【"山东-滨州"】

2024-04-25 00:10:59 开始第 5531 次操作

2024-04-25 00:10:59 开始操作号码 【1625431】
2024-04-25 00:11:08 GSD getOne 第 1 次 等待 3 秒
2024-04-25 00:11:11 查询号码 【1625431】，返回信息 {"status":"ok","msg":"山东-滨州","gid":"178471","time_insert":"2021-07-03 03:33"}
2024-04-25 00:11:11 查询号码 【1625431】，GSD为【"山东-滨州"】

2024-04-25 00:11:12 开始第 5532 次操作

2024-04-25 00:11:12 开始操作号码 【1625432】
2024-04-25 00:11:27 GSD getOne 第 1 次 等待 3 秒
2024-04-25 00:11:30 查询号码 【1625432】，返回信息 {"status":"ok","msg":"山东-滨州","gid":"178494","time_insert":"2021-07-03 03:38"}
2024-04-25 00:11:30 查询号码 【1625432】，GSD为【"山东-滨州"】

