2024-07-30 00:12:55 开始第 8917 次操作

2024-07-30 00:12:55 开始操作号码 【1518807】
2024-07-30 00:13:05 GSD getOne 第 1 次 等待 3 秒
2024-07-30 00:13:08 查询号码 【1518807】，返回信息 {"status":"ok","msg":"云南-曲靖","gid":"18290","time_insert":"2016-11-11 19:31","time_update":"2020-11-29 22:12"}
2024-07-30 00:13:08 查询号码 【1518807】，GSD为【"云南-曲靖"】

2024-07-30 00:13:09 开始第 8918 次操作

2024-07-30 00:13:09 开始操作号码 【1518808】
2024-07-30 00:13:31 GSD getOne 第 1 次 等待 3 秒
2024-07-30 00:13:34 查询号码 【1518808】，返回信息 {"status":"ok","msg":"云南-曲靖","gid":"18291","time_insert":"2019-06-15 08:32","time_update":"2020-11-29 22:16"}
2024-07-30 00:13:34 查询号码 【1518808】，GSD为【"云南-曲靖"】

2024-07-30 00:13:35 开始第 8919 次操作

2024-07-30 00:13:35 开始操作号码 【1518809】
2024-07-30 00:13:44 GSD getOne 第 1 次 等待 3 秒
2024-07-30 00:13:47 查询号码 【1518809】，返回信息 {"status":"ok","msg":"云南-曲靖","gid":"18292","time_insert":"2017-05-08 19:09","time_update":"2020-11-29 22:20"}
2024-07-30 00:13:47 查询号码 【1518809】，GSD为【"云南-曲靖"】

2024-07-30 00:13:48 开始第 8920 次操作

2024-07-30 00:13:48 开始操作号码 【1518810】
2024-07-30 00:13:55 GSD getOne 第 1 次 等待 3 秒
2024-07-30 00:13:58 查询号码 【1518810】，返回信息 {"status":"ok","msg":"云南-曲靖","gid":"18293","time_insert":"2017-07-20 05:52","time_update":"2020-11-29 22:23"}
2024-07-30 00:13:58 查询号码 【1518810】，GSD为【"云南-曲靖"】

