2024-09-07 00:28:01 开始第 3081 次操作

2024-09-07 00:28:01 开始操作号码 【1403080】
2024-09-07 00:28:10 GSD getOne 第 1 次 等待 3 秒
2024-09-07 00:28:13 查询号码 【1403080】，返回信息 {"status":"ok","msg":"-","gid":"576734","time_insert":"2023-03-08 02:19"}
2024-09-07 00:28:13 查询号码 【1403080】，GSD为【"-"】
2024-09-07 00:28:13 ok && -
2024-09-07 00:28:15 CHB 1403080?1725640093 第 1 次 等待 3 秒
2024-09-07 00:28:18 CHB 1403080?1725640093 第 1 次 获取到号码【1403080】GSD
2024-09-07 00:28:18 未获取到号码【1403080】GSD，可能号码格式错误
2024-09-07 00:28:18 获取到号码【1403080】的GSD为【-】
2024-09-07 00:28:27 GSD insert 第 1 次 等待 3 秒
2024-09-07 00:28:30 {"status":"bad","gid":"576734","msg":"添加失败！号码【1403080(-|-)】已存在！"}
2024-09-07 00:28:30 随机等待 103 秒，约 1 分钟
2024-09-07 00:28:30 下次操作: 2024-09-07 00:30:13

2024-09-07 00:30:13 开始第 3082 次操作

2024-09-07 00:30:13 开始操作号码 【1403081】
2024-09-07 00:30:22 GSD getOne 第 1 次 等待 3 秒
2024-09-07 00:30:25 查询号码 【1403081】，返回信息 {"status":"ok","msg":"-","gid":"576746","time_insert":"2023-03-08 02:31"}
2024-09-07 00:30:25 查询号码 【1403081】，GSD为【"-"】
2024-09-07 00:30:25 ok && -
2024-09-07 00:30:26 CHB 1403081?1725640225 第 1 次 等待 3 秒
2024-09-07 00:30:29 CHB 1403081?1725640225 第 1 次 获取到号码【1403081】GSD
2024-09-07 00:30:29 未获取到号码【1403081】GSD，可能号码格式错误
2024-09-07 00:30:29 获取到号码【1403081】的GSD为【-】
2024-09-07 00:30:37 GSD insert 第 1 次 等待 3 秒
2024-09-07 00:30:40 {"status":"bad","gid":"576746","msg":"添加失败！号码【1403081(-|-)】已存在！"}
2024-09-07 00:30:40 随机等待 172 秒，约 2 分钟
2024-09-07 00:30:40 下次操作: 2024-09-07 00:33:32

2024-09-07 00:33:32 开始第 3083 次操作

2024-09-07 00:33:32 开始操作号码 【1403082】
2024-09-07 00:33:41 GSD getOne 第 1 次 等待 3 秒
2024-09-07 00:33:44 查询号码 【1403082】，返回信息 {"status":"ok","msg":"-","gid":"576774","time_insert":"2023-03-08 02:52"}
2024-09-07 00:33:44 查询号码 【1403082】，GSD为【"-"】
2024-09-07 00:33:44 ok && -
2024-09-07 00:33:46 CHB 1403082?1725640424 第 1 次 等待 3 秒
2024-09-07 00:33:49 CHB 1403082?1725640424 第 1 次 获取到号码【1403082】GSD
2024-09-07 00:33:49 未获取到号码【1403082】GSD，可能号码格式错误
2024-09-07 00:33:49 获取到号码【1403082】的GSD为【-】
2024-09-07 00:33:57 GSD insert 第 1 次 等待 3 秒
2024-09-07 00:34:00 {"status":"bad","gid":"576774","msg":"添加失败！号码【1403082(-|-)】已存在！"}
2024-09-07 00:34:00 随机等待 209 秒，约 3 分钟
2024-09-07 00:34:00 下次操作: 2024-09-07 00:37:29

2024-09-07 00:37:29 开始第 3084 次操作

2024-09-07 00:37:29 开始操作号码 【1403083】
2024-09-07 00:37:37 GSD getOne 第 1 次 等待 3 秒
2024-09-07 00:37:40 查询号码 【1403083】，返回信息 {"status":"ok","msg":"-","gid":"576804","time_insert":"2023-03-08 03:14"}
2024-09-07 00:37:40 查询号码 【1403083】，GSD为【"-"】
2024-09-07 00:37:40 ok && -
2024-09-07 00:37:43 CHB 1403083?1725640660 第 1 次 等待 3 秒
2024-09-07 00:37:46 CHB 1403083?1725640660 第 1 次 获取到号码【1403083】GSD
2024-09-07 00:37:46 未获取到号码【1403083】GSD，可能号码格式错误
2024-09-07 00:37:46 获取到号码【1403083】的GSD为【-】
2024-09-07 00:37:57 GSD insert 第 1 次 等待 3 秒
2024-09-07 00:38:00 {"status":"bad","gid":"576804","msg":"添加失败！号码【1403083(-|-)】已存在！"}

2024-09-07 01:18:32 开始第 3085 次操作

2024-09-07 01:18:32 开始操作号码 【1403084】
2024-09-07 01:18:41 GSD getOne 第 1 次 等待 3 秒
2024-09-07 01:18:44 查询号码 【1403084】，返回信息 {"status":"ok","msg":"-","gid":"576833","time_insert":"2023-03-08 03:35"}
2024-09-07 01:18:44 查询号码 【1403084】，GSD为【"-"】
2024-09-07 01:18:44 ok && -
2024-09-07 01:18:46 CHB 1403084?1725643124 第 1 次 等待 3 秒
2024-09-07 01:18:49 CHB 1403084?1725643124 第 1 次 获取到号码【1403084】GSD
2024-09-07 01:18:49 未获取到号码【1403084】GSD，可能号码格式错误
2024-09-07 01:18:49 获取到号码【1403084】的GSD为【-】
2024-09-07 01:18:57 GSD insert 第 1 次 等待 3 秒
2024-09-07 01:19:00 {"status":"bad","gid":"576833","msg":"添加失败！号码【1403084(-|-)】已存在！"}
2024-09-07 01:19:00 随机等待 166 秒，约 2 分钟
2024-09-07 01:19:00 下次操作: 2024-09-07 01:21:46

2024-09-07 01:21:46 开始第 3086 次操作

2024-09-07 01:21:46 开始操作号码 【1403085】
2024-09-07 01:21:54 GSD getOne 第 1 次 等待 3 秒
2024-09-07 01:21:57 查询号码 【1403085】，返回信息 {"status":"ok","msg":"-","gid":"576849","time_insert":"2023-03-08 03:43"}
2024-09-07 01:21:57 查询号码 【1403085】，GSD为【"-"】
2024-09-07 01:21:57 ok && -
2024-09-07 01:21:59 CHB 1403085?1725643317 第 1 次 等待 3 秒
2024-09-07 01:22:02 CHB 1403085?1725643317 第 1 次 获取到号码【1403085】GSD
2024-09-07 01:22:02 未获取到号码【1403085】GSD，可能号码格式错误
2024-09-07 01:22:02 获取到号码【1403085】的GSD为【-】
2024-09-07 01:22:11 GSD insert 第 1 次 等待 3 秒
2024-09-07 01:22:14 {"status":"bad","gid":"576849","msg":"添加失败！号码【1403085(-|-)】已存在！"}
2024-09-07 01:22:14 随机等待 116 秒，约 1 分钟
2024-09-07 01:22:14 下次操作: 2024-09-07 01:24:10

2024-09-07 01:24:10 开始第 3087 次操作

2024-09-07 01:24:10 开始操作号码 【1403086】
2024-09-07 01:24:17 GSD getOne 第 1 次 等待 3 秒
2024-09-07 01:24:20 查询号码 【1403086】，返回信息 {"status":"ok","msg":"-","gid":"576867","time_insert":"2023-03-08 03:52"}
2024-09-07 01:24:20 查询号码 【1403086】，GSD为【"-"】
2024-09-07 01:24:20 ok && -
2024-09-07 01:24:22 CHB 1403086?1725643460 第 1 次 等待 3 秒
2024-09-07 01:24:25 CHB 1403086?1725643460 第 1 次 获取到号码【1403086】GSD
2024-09-07 01:24:25 未获取到号码【1403086】GSD，可能号码格式错误
2024-09-07 01:24:25 获取到号码【1403086】的GSD为【-】
2024-09-07 01:24:33 GSD insert 第 1 次 等待 3 秒
2024-09-07 01:24:36 {"status":"bad","gid":"576867","msg":"添加失败！号码【1403086(-|-)】已存在！"}
2024-09-07 01:24:36 随机等待 135 秒，约 2 分钟
2024-09-07 01:24:36 下次操作: 2024-09-07 01:26:51

2024-09-07 01:26:51 开始第 3088 次操作

2024-09-07 01:26:51 开始操作号码 【1403087】
2024-09-07 01:26:59 GSD getOne 第 1 次 等待 3 秒
2024-09-07 01:27:02 查询号码 【1403087】，返回信息 {"status":"ok","msg":"-","gid":"576880","time_insert":"2023-03-08 04:05"}
2024-09-07 01:27:02 查询号码 【1403087】，GSD为【"-"】
2024-09-07 01:27:02 ok && -
2024-09-07 01:27:19 CHB 1403087?1725643622 第 1 次 等待 3 秒
2024-09-07 01:27:22 CHB 1403087?1725643622 第 1 次 获取到号码【1403087】GSD
2024-09-07 01:27:22 未获取到号码【1403087】GSD，可能号码格式错误
2024-09-07 01:27:22 获取到号码【1403087】的GSD为【-】
2024-09-07 01:27:38 GSD insert 第 1 次 等待 3 秒
2024-09-07 01:27:41 {"status":"bad","gid":"576880","msg":"添加失败！号码【1403087(-|-)】已存在！"}

