2023-12-28 00:10:50 开始第 5721 次操作

2023-12-28 00:10:50 开始操作号码 【1845620】
2023-12-28 00:10:56 GSD getOne 第 1 次 等待 3 秒
2023-12-28 00:10:59 查询号码 【1845620】，返回信息 {"status":"ok","msg":"安徽-铜陵","gid":"446914","time_insert":"2021-07-30 18:00"}
2023-12-28 00:10:59 查询号码 【1845620】，GSD为【"安徽-铜陵"】

2023-12-28 00:11:00 开始第 5722 次操作

2023-12-28 00:11:00 开始操作号码 【1845621】
2023-12-28 00:11:04 GSD getOne 第 1 次 等待 3 秒
2023-12-28 00:11:07 查询号码 【1845621】，返回信息 {"status":"ok","msg":"安徽-铜陵","gid":"446905","time_insert":"2021-07-30 18:00"}
2023-12-28 00:11:07 查询号码 【1845621】，GSD为【"安徽-铜陵"】

2023-12-28 00:11:08 开始第 5723 次操作

2023-12-28 00:11:08 开始操作号码 【1845622】
2023-12-28 00:11:12 GSD getOne 第 1 次 等待 3 秒
2023-12-28 00:11:15 查询号码 【1845622】，返回信息 {"status":"ok","msg":"安徽-铜陵","gid":"446892","time_insert":"2021-07-30 17:59"}
2023-12-28 00:11:15 查询号码 【1845622】，GSD为【"安徽-铜陵"】

2023-12-28 00:11:16 开始第 5724 次操作

2023-12-28 00:11:16 开始操作号码 【1845623】
2023-12-28 00:11:19 GSD getOne 第 1 次 等待 3 秒
2023-12-28 00:11:22 查询号码 【1845623】，返回信息 {"status":"ok","msg":"安徽-铜陵","gid":"446880","time_insert":"2021-07-30 17:58"}
2023-12-28 00:11:22 查询号码 【1845623】，GSD为【"安徽-铜陵"】

2023-12-28 00:37:15 开始第 5725 次操作

2023-12-28 00:37:15 开始操作号码 【1845624】
2023-12-28 00:37:23 GSD getOne 第 1 次 等待 3 秒
2023-12-28 00:37:26 查询号码 【1845624】，返回信息 {"status":"ok","msg":"安徽-铜陵","gid":"446871","time_insert":"2021-07-30 17:58"}
2023-12-28 00:37:26 查询号码 【1845624】，GSD为【"安徽-铜陵"】

2023-12-28 00:37:27 开始第 5726 次操作

2023-12-28 00:37:27 开始操作号码 【1845625】
2023-12-28 00:37:31 GSD getOne 第 1 次 等待 3 秒
2023-12-28 00:37:34 查询号码 【1845625】，返回信息 {"status":"ok","msg":"安徽-铜陵","gid":"446861","time_insert":"2021-07-30 17:57"}
2023-12-28 00:37:34 查询号码 【1845625】，GSD为【"安徽-铜陵"】

2023-12-28 00:37:35 开始第 5727 次操作

2023-12-28 00:37:35 开始操作号码 【1845626】
2023-12-28 00:37:38 GSD getOne 第 1 次 等待 3 秒
2023-12-28 00:37:41 查询号码 【1845626】，返回信息 {"status":"ok","msg":"安徽-铜陵","gid":"446849","time_insert":"2021-07-30 17:56"}
2023-12-28 00:37:42 查询号码 【1845626】，GSD为【"安徽-铜陵"】

2023-12-28 00:37:43 开始第 5728 次操作

2023-12-28 00:37:43 开始操作号码 【1845627】
2023-12-28 00:37:46 GSD getOne 第 1 次 等待 3 秒
2023-12-28 00:37:49 查询号码 【1845627】，返回信息 {"status":"ok","msg":"安徽-铜陵","gid":"446840","time_insert":"2021-07-30 17:56"}
2023-12-28 00:37:49 查询号码 【1845627】，GSD为【"安徽-铜陵"】

