2024-09-09 00:26:16 开始第 3393 次操作

2024-09-09 00:26:16 开始操作号码 【1403392】
2024-09-09 00:26:24 GSD getOne 第 1 次 等待 3 秒
2024-09-09 00:26:27 查询号码 【1403392】，返回信息 {"status":"ok","msg":"-","gid":"583447","time_insert":"2023-03-11 10:43"}
2024-09-09 00:26:27 查询号码 【1403392】，GSD为【"-"】
2024-09-09 00:26:27 ok && -
2024-09-09 00:26:31 CHB 1403392?1725812787 第 1 次 等待 3 秒
2024-09-09 00:26:34 CHB 1403392?1725812787 第 1 次 获取到号码【1403392】GSD
2024-09-09 00:26:34 未获取到号码【1403392】GSD，可能号码格式错误
2024-09-09 00:26:34 获取到号码【1403392】的GSD为【-】
2024-09-09 00:26:45 GSD insert 第 1 次 等待 3 秒
2024-09-09 00:26:48 {"status":"bad","gid":"583447","msg":"添加失败！号码【1403392(-|-)】已存在！"}
2024-09-09 00:26:48 随机等待 112 秒，约 1 分钟
2024-09-09 00:26:48 下次操作: 2024-09-09 00:28:40

2024-09-09 00:28:40 开始第 3394 次操作

2024-09-09 00:28:40 开始操作号码 【1403393】
2024-09-09 00:28:48 GSD getOne 第 1 次 等待 3 秒
2024-09-09 00:28:51 查询号码 【1403393】，返回信息 {"status":"ok","msg":"-","gid":"583464","time_insert":"2023-03-11 10:58"}
2024-09-09 00:28:51 查询号码 【1403393】，GSD为【"-"】
2024-09-09 00:28:51 ok && -
2024-09-09 00:29:10 CHB 1403393?1725812931 第 1 次 等待 3 秒
2024-09-09 00:29:13 CHB 1403393?1725812931 第 1 次 获取到号码【1403393】GSD
2024-09-09 00:29:13 未获取到号码【1403393】GSD，可能号码格式错误
2024-09-09 00:29:13 获取到号码【1403393】的GSD为【-】
2024-09-09 00:29:22 GSD insert 第 1 次 等待 3 秒
2024-09-09 00:29:25 {"status":"bad","gid":"583464","msg":"添加失败！号码【1403393(-|-)】已存在！"}
2024-09-09 00:29:25 随机等待 76 秒，约 1 分钟
2024-09-09 00:29:25 下次操作: 2024-09-09 00:30:41

2024-09-09 00:30:41 开始第 3395 次操作

2024-09-09 00:30:41 开始操作号码 【1403394】
2024-09-09 00:30:48 GSD getOne 第 1 次 等待 3 秒
2024-09-09 00:30:51 查询号码 【1403394】，返回信息 {"status":"ok","msg":"-","gid":"583488","time_insert":"2023-03-11 11:16"}
2024-09-09 00:30:51 查询号码 【1403394】，GSD为【"-"】
2024-09-09 00:30:51 ok && -
2024-09-09 00:30:53 CHB 1403394?1725813051 第 1 次 等待 3 秒
2024-09-09 00:30:56 CHB 1403394?1725813051 第 1 次 获取到号码【1403394】GSD
2024-09-09 00:30:56 未获取到号码【1403394】GSD，可能号码格式错误
2024-09-09 00:30:56 获取到号码【1403394】的GSD为【-】
2024-09-09 00:31:04 GSD insert 第 1 次 等待 3 秒
2024-09-09 00:31:07 {"status":"bad","gid":"583488","msg":"添加失败！号码【1403394(-|-)】已存在！"}
2024-09-09 00:31:07 随机等待 133 秒，约 2 分钟
2024-09-09 00:31:07 下次操作: 2024-09-09 00:33:20

2024-09-09 00:33:20 开始第 3396 次操作

2024-09-09 00:33:20 开始操作号码 【1403395】
2024-09-09 00:33:28 GSD getOne 第 1 次 等待 3 秒
2024-09-09 00:33:31 查询号码 【1403395】，返回信息 {"status":"ok","msg":"-","gid":"583504","time_insert":"2023-03-11 11:25"}
2024-09-09 00:33:31 查询号码 【1403395】，GSD为【"-"】
2024-09-09 00:33:31 ok && -
2024-09-09 00:33:33 CHB 1403395?1725813211 第 1 次 等待 3 秒
2024-09-09 00:33:36 CHB 1403395?1725813211 第 1 次 获取到号码【1403395】GSD
2024-09-09 00:33:36 未获取到号码【1403395】GSD，可能号码格式错误
2024-09-09 00:33:36 获取到号码【1403395】的GSD为【-】
2024-09-09 00:33:53 GSD insert 第 1 次 等待 3 秒
2024-09-09 00:33:56 {"status":"bad","gid":"583504","msg":"添加失败！号码【1403395(-|-)】已存在！"}

