2024-06-25 00:11:36 开始第 2597 次操作

2024-06-25 00:11:36 开始操作号码 【1512488】
2024-06-25 00:11:52 GSD getOne 第 1 次 等待 3 秒
2024-06-25 00:11:55 查询号码 【1512488】，返回信息 {"status":"ok","msg":"内蒙古-包头","gid":"131764","time_insert":"2021-06-26 11:50"}
2024-06-25 00:11:55 查询号码 【1512488】，GSD为【"内蒙古-包头"】

2024-06-25 00:11:56 开始第 2598 次操作

2024-06-25 00:11:56 开始操作号码 【1512489】
2024-06-25 00:12:13 GSD getOne 第 1 次 等待 3 秒
2024-06-25 00:12:16 查询号码 【1512489】，返回信息 {"status":"ok","msg":"内蒙古-包头","gid":"131915","time_insert":"2021-06-26 12:15"}
2024-06-25 00:12:16 查询号码 【1512489】，GSD为【"内蒙古-包头"】

2024-06-25 00:12:17 开始第 2599 次操作

2024-06-25 00:12:17 开始操作号码 【1512490】
2024-06-25 00:12:33 GSD getOne 第 1 次 等待 3 秒
2024-06-25 00:12:36 查询号码 【1512490】，返回信息 {"status":"ok","msg":"内蒙古-赤峰","gid":"131939","time_insert":"2021-06-26 12:33"}
2024-06-25 00:12:36 查询号码 【1512490】，GSD为【"内蒙古-赤峰"】

2024-06-25 00:12:37 开始第 2600 次操作

2024-06-25 00:12:37 开始操作号码 【1512491】
2024-06-25 00:12:50 GSD getOne 第 1 次 等待 3 秒
2024-06-25 00:12:53 查询号码 【1512491】，返回信息 {"status":"ok","msg":"内蒙古-赤峰","gid":"131966","time_insert":"2021-06-26 12:51"}
2024-06-25 00:12:53 查询号码 【1512491】，GSD为【"内蒙古-赤峰"】

