2021-07-24 00:00:08 开始第 12 次操作

2021-07-24 00:00:08 开始操作号码 【1559532】
2021-07-24 00:00:11 GSD getOne 第 1 次 等待 3 秒
2021-07-24 00:00:14 查询号码 【1559532】，返回信息 {"status":"bad","msg":""}
2021-07-24 00:00:14 查询号码 【1559532】，GSD为【""】
2021-07-24 00:00:14 bad
2021-07-24 00:00:15 CHB 1559532?1627056014 第 1 次 等待 3 秒
2021-07-24 00:00:18 CHB 1559532?1627056014 第 1 次 获取到号码【1559532】GSD
2021-07-24 00:00:18 获取到号码【1559532】的GSD为【宁夏-吴忠】
2021-07-24 00:00:21 GSD insert 第 1 次 等待 3 秒
2021-07-24 00:00:24 {"status":"ok","gid":371204,"msg":"添加成功！"}
2021-07-24 00:00:24 下次操作: 2021-07-24 00:00:43

2021-07-24 00:00:43 开始第 13 次操作

2021-07-24 00:00:43 开始操作号码 【1559531】
2021-07-24 00:00:47 GSD getOne 第 1 次 等待 3 秒
2021-07-24 00:00:50 查询号码 【1559531】，返回信息 {"status":"bad","msg":""}
2021-07-24 00:00:50 查询号码 【1559531】，GSD为【""】
2021-07-24 00:00:50 bad
2021-07-24 00:00:51 CHB 1559531?1627056050 第 1 次 等待 3 秒
2021-07-24 00:00:54 CHB 1559531?1627056050 第 1 次 获取到号码【1559531】GSD
2021-07-24 00:00:54 获取到号码【1559531】的GSD为【宁夏-银川】
2021-07-24 00:01:02 GSD insert 第 1 次 等待 3 秒
2021-07-24 00:01:05 {"status":"ok","gid":371213,"msg":"添加成功！"}
2021-07-24 00:01:05 下次操作: 2021-07-24 00:01:23

2021-07-24 00:01:23 开始第 14 次操作

2021-07-24 00:01:23 开始操作号码 【1559530】
2021-07-24 00:01:26 GSD getOne 第 1 次 等待 3 秒
2021-07-24 00:01:29 查询号码 【1559530】，返回信息 {"status":"bad","msg":""}
2021-07-24 00:01:29 查询号码 【1559530】，GSD为【""】
2021-07-24 00:01:29 bad
2021-07-24 00:01:30 CHB 1559530?1627056089 第 1 次 等待 3 秒
2021-07-24 00:01:33 CHB 1559530?1627056089 第 1 次 获取到号码【1559530】GSD
2021-07-24 00:01:33 获取到号码【1559530】的GSD为【宁夏-银川】
2021-07-24 00:01:45 GSD insert 第 1 次 等待 3 秒
2021-07-24 00:01:48 {"status":"ok","gid":371222,"msg":"添加成功！"}
2021-07-24 00:01:48 下次操作: 2021-07-24 00:02:10

2021-07-24 00:02:10 开始第 15 次操作

2021-07-24 00:02:10 开始操作号码 【1559529】
2021-07-24 00:02:13 GSD getOne 第 1 次 等待 3 秒
2021-07-24 00:02:16 查询号码 【1559529】，返回信息 {"status":"bad","msg":""}
2021-07-24 00:02:16 查询号码 【1559529】，GSD为【""】
2021-07-24 00:02:16 bad
2021-07-24 00:02:18 CHB 1559529?1627056136 第 1 次 等待 3 秒
2021-07-24 00:02:21 CHB 1559529?1627056136 第 1 次 获取到号码【1559529】GSD
2021-07-24 00:02:21 获取到号码【1559529】的GSD为【宁夏-银川】
2021-07-24 00:02:23 GSD insert 第 1 次 等待 3 秒
2021-07-24 00:02:26 {"status":"ok","gid":371229,"msg":"添加成功！"}
2021-07-24 00:02:26 下次操作: 2021-07-24 00:02:49

2021-07-24 00:02:50 开始第 16 次操作

2021-07-24 00:02:50 开始操作号码 【1559528】
2021-07-24 00:02:54 GSD getOne 第 1 次 等待 3 秒
2021-07-24 00:02:57 查询号码 【1559528】，返回信息 {"status":"bad","msg":""}
2021-07-24 00:02:57 查询号码 【1559528】，GSD为【""】
2021-07-24 00:02:57 bad
2021-07-24 00:02:59 CHB 1559528?1627056177 第 1 次 等待 3 秒
2021-07-24 00:03:02 CHB 1559528?1627056177 第 1 次 获取到号码【1559528】GSD
2021-07-24 00:03:02 获取到号码【1559528】的GSD为【宁夏-银川】
2021-07-24 00:03:04 GSD insert 第 1 次 等待 3 秒
2021-07-24 00:03:08 {"status":"ok","gid":371238,"msg":"添加成功！"}
2021-07-24 00:03:08 下次操作: 2021-07-24 00:03:30

2021-07-24 00:03:30 开始第 17 次操作

2021-07-24 00:03:30 开始操作号码 【1559527】
2021-07-24 00:03:36 GSD getOne 第 1 次 等待 3 秒
2021-07-24 00:03:39 查询号码 【1559527】，返回信息 {"status":"bad","msg":""}
2021-07-24 00:03:39 查询号码 【1559527】，GSD为【""】
2021-07-24 00:03:39 bad
2021-07-24 00:03:41 CHB 1559527?1627056219 第 1 次 等待 3 秒
2021-07-24 00:03:44 CHB 1559527?1627056219 第 1 次 获取到号码【1559527】GSD
2021-07-24 00:03:44 获取到号码【1559527】的GSD为【宁夏-银川】
2021-07-24 00:03:49 GSD insert 第 1 次 等待 3 秒
2021-07-24 00:03:52 {"status":"ok","gid":371250,"msg":"添加成功！"}
2021-07-24 00:03:52 下次操作: 2021-07-24 00:04:11

2021-07-24 00:04:11 开始第 18 次操作

2021-07-24 00:04:11 开始操作号码 【1559526】
2021-07-24 00:04:18 GSD getOne 第 1 次 等待 3 秒
2021-07-24 00:04:21 查询号码 【1559526】，返回信息 {"status":"bad","msg":""}
2021-07-24 00:04:21 查询号码 【1559526】，GSD为【""】
2021-07-24 00:04:21 bad
2021-07-24 00:04:22 CHB 1559526?1627056261 第 1 次 等待 3 秒
2021-07-24 00:04:25 CHB 1559526?1627056261 第 1 次 获取到号码【1559526】GSD
2021-07-24 00:04:25 获取到号码【1559526】的GSD为【宁夏-银川】
2021-07-24 00:04:28 GSD insert 第 1 次 等待 3 秒
2021-07-24 00:04:31 {"status":"ok","gid":371258,"msg":"添加成功！"}
2021-07-24 00:04:31 下次操作: 2021-07-24 00:04:44

2021-07-24 00:04:44 开始第 19 次操作

2021-07-24 00:04:44 开始操作号码 【1559525】
2021-07-24 00:04:47 GSD getOne 第 1 次 等待 3 秒
2021-07-24 00:04:50 查询号码 【1559525】，返回信息 {"status":"bad","msg":""}
2021-07-24 00:04:50 查询号码 【1559525】，GSD为【""】
2021-07-24 00:04:50 bad
2021-07-24 00:04:51 CHB 1559525?1627056290 第 1 次 等待 3 秒
2021-07-24 00:04:54 CHB 1559525?1627056290 第 1 次 获取到号码【1559525】GSD
2021-07-24 00:04:54 获取到号码【1559525】的GSD为【宁夏-中卫】
2021-07-24 00:05:05 GSD insert 第 1 次 等待 3 秒
2021-07-24 00:05:08 {"status":"ok","gid":371267,"msg":"添加成功！"}
2021-07-24 00:05:08 下次操作: 2021-07-24 00:05:32

2021-07-24 00:05:32 开始第 20 次操作

2021-07-24 00:05:32 开始操作号码 【1559524】
2021-07-24 00:05:35 GSD getOne 第 1 次 等待 3 秒
2021-07-24 00:05:38 查询号码 【1559524】，返回信息 {"status":"bad","msg":""}
2021-07-24 00:05:38 查询号码 【1559524】，GSD为【""】
2021-07-24 00:05:38 bad
2021-07-24 00:05:39 CHB 1559524?1627056338 第 1 次 等待 3 秒
2021-07-24 00:05:42 CHB 1559524?1627056338 第 1 次 获取到号码【1559524】GSD
2021-07-24 00:05:42 获取到号码【1559524】的GSD为【宁夏-吴忠】
2021-07-24 00:05:53 GSD insert 第 1 次 等待 3 秒
2021-07-24 00:05:56 {"status":"ok","gid":371282,"msg":"添加成功！"}
2021-07-24 00:05:56 下次操作: 2021-07-24 00:06:17

2021-07-24 00:06:17 开始第 21 次操作

2021-07-24 00:06:17 开始操作号码 【1559523】
2021-07-24 00:06:22 GSD getOne 第 1 次 等待 3 秒
2021-07-24 00:06:25 查询号码 【1559523】，返回信息 {"status":"bad","msg":""}
2021-07-24 00:06:26 查询号码 【1559523】，GSD为【""】
2021-07-24 00:06:26 bad
2021-07-24 00:06:27 CHB 1559523?1627056386 第 1 次 等待 3 秒
2021-07-24 00:06:30 CHB 1559523?1627056386 第 1 次 获取到号码【1559523】GSD
2021-07-24 00:06:30 获取到号码【1559523】的GSD为【宁夏-吴忠】
2021-07-24 00:06:35 GSD insert 第 1 次 等待 3 秒
2021-07-24 00:06:38 {"status":"ok","gid":371293,"msg":"添加成功！"}
2021-07-24 00:06:38 下次操作: 2021-07-24 00:06:52

2021-07-24 00:06:52 开始第 22 次操作

2021-07-24 00:06:52 开始操作号码 【1559522】
2021-07-24 00:07:08 GSD getOne 第 1 次 等待 3 秒
2021-07-24 00:07:11 查询号码 【1559522】，返回信息 {"status":"bad","msg":""}
2021-07-24 00:07:11 查询号码 【1559522】，GSD为【""】
2021-07-24 00:07:11 bad
2021-07-24 00:07:12 CHB 1559522?1627056431 第 1 次 等待 3 秒
2021-07-24 00:07:15 CHB 1559522?1627056431 第 1 次 获取到号码【1559522】GSD
2021-07-24 00:07:15 获取到号码【1559522】的GSD为【宁夏-银川】
2021-07-24 00:07:18 GSD insert 第 1 次 等待 3 秒
2021-07-24 00:07:21 {"status":"ok","gid":371301,"msg":"添加成功！"}
2021-07-24 00:07:21 下次操作: 2021-07-24 00:07:40

2021-07-24 00:07:40 开始第 23 次操作

2021-07-24 00:07:40 开始操作号码 【1559521】
2021-07-24 00:07:43 GSD getOne 第 1 次 等待 3 秒
2021-07-24 00:07:46 查询号码 【1559521】，返回信息 {"status":"bad","msg":""}
2021-07-24 00:07:46 查询号码 【1559521】，GSD为【""】
2021-07-24 00:07:46 bad
2021-07-24 00:07:47 CHB 1559521?1627056466 第 1 次 等待 3 秒
2021-07-24 00:07:50 CHB 1559521?1627056466 第 1 次 获取到号码【1559521】GSD
2021-07-24 00:07:50 获取到号码【1559521】的GSD为【宁夏-银川】
2021-07-24 00:07:56 GSD insert 第 1 次 等待 3 秒
2021-07-24 00:07:59 {"status":"ok","gid":371309,"msg":"添加成功！"}
2021-07-24 00:07:59 下次操作: 2021-07-24 00:08:20

2021-07-24 00:08:20 开始第 24 次操作

2021-07-24 00:08:20 开始操作号码 【1559520】
2021-07-24 00:08:23 GSD getOne 第 1 次 等待 3 秒
2021-07-24 00:08:26 查询号码 【1559520】，返回信息 {"status":"ok","msg":"宁夏-银川","gid":"22358","time_insert":"2018-12-20 10:08","time_update":"2020-12-21 18:03"}
2021-07-24 00:08:26 查询号码 【1559520】，GSD为【"宁夏-银川"】

2021-07-24 00:08:26 开始第 24 次操作

2021-07-24 00:08:26 开始操作号码 【1559519】
2021-07-24 00:08:29 GSD getOne 第 1 次 等待 3 秒
2021-07-24 00:08:32 查询号码 【1559519】，返回信息 {"status":"bad","msg":""}
2021-07-24 00:08:32 查询号码 【1559519】，GSD为【""】
2021-07-24 00:08:32 bad
2021-07-24 00:08:34 CHB 1559519?1627056512 第 1 次 等待 3 秒
2021-07-24 00:08:37 CHB 1559519?1627056512 第 1 次 获取到号码【1559519】GSD
2021-07-24 00:08:37 获取到号码【1559519】的GSD为【宁夏-银川】
2021-07-24 00:08:39 GSD insert 第 1 次 等待 3 秒
2021-07-24 00:08:42 {"status":"ok","gid":371318,"msg":"添加成功！"}
2021-07-24 00:08:42 下次操作: 2021-07-24 00:09:00

2021-07-24 00:09:00 开始第 25 次操作

2021-07-24 00:09:00 开始操作号码 【1559518】
2021-07-24 00:09:08 GSD getOne 第 1 次 等待 3 秒
2021-07-24 00:09:11 查询号码 【1559518】，返回信息 {"status":"bad","msg":""}
2021-07-24 00:09:11 查询号码 【1559518】，GSD为【""】
2021-07-24 00:09:11 bad
2021-07-24 00:09:13 CHB 1559518?1627056551 第 1 次 等待 3 秒
2021-07-24 00:09:16 CHB 1559518?1627056551 第 1 次 获取到号码【1559518】GSD
2021-07-24 00:09:16 获取到号码【1559518】的GSD为【宁夏-银川】
2021-07-24 00:09:19 GSD insert 第 1 次 等待 3 秒
2021-07-24 00:09:22 {"status":"ok","gid":371325,"msg":"添加成功！"}
2021-07-24 00:09:22 下次操作: 2021-07-24 00:09:44

2021-07-24 00:09:44 开始第 26 次操作

2021-07-24 00:09:44 开始操作号码 【1559517】
2021-07-24 00:09:46 GSD getOne 第 1 次 等待 3 秒
2021-07-24 00:09:49 查询号码 【1559517】，返回信息 {"status":"bad","msg":""}
2021-07-24 00:09:49 查询号码 【1559517】，GSD为【""】
2021-07-24 00:09:49 bad
2021-07-24 00:09:51 CHB 1559517?1627056589 第 1 次 等待 3 秒
2021-07-24 00:09:54 CHB 1559517?1627056589 第 1 次 获取到号码【1559517】GSD
2021-07-24 00:09:54 获取到号码【1559517】的GSD为【宁夏-银川】
2021-07-24 00:09:58 GSD insert 第 1 次 等待 3 秒
2021-07-24 00:10:01 {"status":"ok","gid":371334,"msg":"添加成功！"}
2021-07-24 00:10:02 下次操作: 2021-07-24 00:10:14

2021-07-24 00:10:14 开始第 27 次操作

2021-07-24 00:10:14 开始操作号码 【1559516】
2021-07-24 00:10:18 GSD getOne 第 1 次 等待 3 秒
2021-07-24 00:10:21 查询号码 【1559516】，返回信息 {"status":"bad","msg":""}
2021-07-24 00:10:21 查询号码 【1559516】，GSD为【""】
2021-07-24 00:10:21 bad
2021-07-24 00:10:22 CHB 1559516?1627056621 第 1 次 等待 3 秒
2021-07-24 00:10:25 CHB 1559516?1627056621 第 1 次 获取到号码【1559516】GSD
2021-07-24 00:10:26 获取到号码【1559516】的GSD为【宁夏-银川】
2021-07-24 00:10:29 GSD insert 第 1 次 等待 3 秒
2021-07-24 00:10:32 {"status":"ok","gid":371341,"msg":"添加成功！"}
2021-07-24 00:10:32 下次操作: 2021-07-24 00:10:47

2021-07-24 00:10:47 开始第 28 次操作

2021-07-24 00:10:47 开始操作号码 【1559515】
2021-07-24 00:10:50 GSD getOne 第 1 次 等待 3 秒
2021-07-24 00:10:53 查询号码 【1559515】，返回信息 {"status":"bad","msg":""}
2021-07-24 00:10:53 查询号码 【1559515】，GSD为【""】
2021-07-24 00:10:53 bad
2021-07-24 00:10:54 CHB 1559515?1627056653 第 1 次 等待 3 秒
2021-07-24 00:10:57 CHB 1559515?1627056653 第 1 次 获取到号码【1559515】GSD
2021-07-24 00:10:57 获取到号码【1559515】的GSD为【宁夏-中卫】
2021-07-24 00:11:08 GSD insert 第 1 次 等待 3 秒
2021-07-24 00:11:11 {"status":"ok","gid":371348,"msg":"添加成功！"}
2021-07-24 00:11:11 下次操作: 2021-07-24 00:11:23

2021-07-24 00:11:23 开始第 29 次操作

2021-07-24 00:11:23 开始操作号码 【1559514】
2021-07-24 00:11:26 GSD getOne 第 1 次 等待 3 秒
2021-07-24 00:11:29 查询号码 【1559514】，返回信息 {"status":"bad","msg":""}
2021-07-24 00:11:29 查询号码 【1559514】，GSD为【""】
2021-07-24 00:11:29 bad
2021-07-24 00:11:30 CHB 1559514?1627056689 第 1 次 等待 3 秒
2021-07-24 00:11:33 CHB 1559514?1627056689 第 1 次 获取到号码【1559514】GSD
2021-07-24 00:11:33 获取到号码【1559514】的GSD为【宁夏-吴忠】
2021-07-24 00:11:38 GSD insert 第 1 次 等待 3 秒
2021-07-24 00:11:41 {"status":"ok","gid":371351,"msg":"添加成功！"}
2021-07-24 00:11:41 下次操作: 2021-07-24 00:12:03

2021-07-24 00:12:03 开始第 30 次操作

2021-07-24 00:12:03 开始操作号码 【1559513】
2021-07-24 00:12:05 GSD getOne 第 1 次 等待 3 秒
2021-07-24 00:12:08 查询号码 【1559513】，返回信息 {"status":"bad","msg":""}
2021-07-24 00:12:08 查询号码 【1559513】，GSD为【""】
2021-07-24 00:12:08 bad
2021-07-24 00:12:10 CHB 1559513?1627056728 第 1 次 等待 3 秒
2021-07-24 00:12:13 CHB 1559513?1627056728 第 1 次 获取到号码【1559513】GSD
2021-07-24 00:12:13 获取到号码【1559513】的GSD为【宁夏-吴忠】
2021-07-24 00:12:16 GSD insert 第 1 次 等待 3 秒
2021-07-24 00:12:19 {"status":"ok","gid":371358,"msg":"添加成功！"}
2021-07-24 00:12:19 下次操作: 2021-07-24 00:12:31

2021-07-24 00:12:31 开始第 31 次操作

2021-07-24 00:12:31 开始操作号码 【1559512】
2021-07-24 00:12:35 GSD getOne 第 1 次 等待 3 秒
2021-07-24 00:12:38 查询号码 【1559512】，返回信息 {"status":"ok","msg":"宁夏-银川","gid":"22357","time_insert":"2020-07-04 12:37","time_update":"2020-12-21 18:19"}
2021-07-24 00:12:39 查询号码 【1559512】，GSD为【"宁夏-银川"】

2021-07-24 00:12:39 开始第 31 次操作

2021-07-24 00:12:39 开始操作号码 【1559511】
2021-07-24 00:12:41 GSD getOne 第 1 次 等待 3 秒
2021-07-24 00:12:44 查询号码 【1559511】，返回信息 {"status":"bad","msg":""}
2021-07-24 00:12:44 查询号码 【1559511】，GSD为【""】
2021-07-24 00:12:44 bad
2021-07-24 00:12:46 CHB 1559511?1627056764 第 1 次 等待 3 秒
2021-07-24 00:12:49 CHB 1559511?1627056764 第 1 次 获取到号码【1559511】GSD
2021-07-24 00:12:49 获取到号码【1559511】的GSD为【宁夏-银川】
2021-07-24 00:12:52 GSD insert 第 1 次 等待 3 秒
2021-07-24 00:12:55 {"status":"ok","gid":371362,"msg":"添加成功！"}
2021-07-24 00:12:55 下次操作: 2021-07-24 00:13:13

2021-07-24 00:13:13 开始第 32 次操作

2021-07-24 00:13:13 开始操作号码 【1559510】
2021-07-24 00:13:17 GSD getOne 第 1 次 等待 3 秒
2021-07-24 00:13:20 查询号码 【1559510】，返回信息 {"status":"bad","msg":""}
2021-07-24 00:13:20 查询号码 【1559510】，GSD为【""】
2021-07-24 00:13:20 bad
2021-07-24 00:13:22 CHB 1559510?1627056800 第 1 次 等待 3 秒
2021-07-24 00:13:25 CHB 1559510?1627056800 第 1 次 获取到号码【1559510】GSD
2021-07-24 00:13:25 获取到号码【1559510】的GSD为【宁夏-银川】
2021-07-24 00:13:27 GSD insert 第 1 次 等待 3 秒
2021-07-24 00:13:30 {"status":"ok","gid":371368,"msg":"添加成功！"}
2021-07-24 00:13:30 下次操作: 2021-07-24 00:13:44

2021-07-24 00:13:45 开始第 33 次操作

2021-07-24 00:13:45 开始操作号码 【1559509】
2021-07-24 00:13:47 GSD getOne 第 1 次 等待 3 秒
2021-07-24 00:13:50 查询号码 【1559509】，返回信息 {"status":"bad","msg":""}
2021-07-24 00:13:50 查询号码 【1559509】，GSD为【""】
2021-07-24 00:13:50 bad
2021-07-24 00:13:52 CHB 1559509?1627056830 第 1 次 等待 3 秒
2021-07-24 00:13:55 CHB 1559509?1627056830 第 1 次 获取到号码【1559509】GSD
2021-07-24 00:13:55 获取到号码【1559509】的GSD为【宁夏-银川】
2021-07-24 00:13:58 GSD insert 第 1 次 等待 3 秒
2021-07-24 00:14:01 {"status":"ok","gid":371372,"msg":"添加成功！"}
2021-07-24 00:14:01 下次操作: 2021-07-24 00:14:17

2021-07-24 00:14:17 开始第 34 次操作

2021-07-24 00:14:17 开始操作号码 【1559508】
2021-07-24 00:14:19 GSD getOne 第 1 次 等待 3 秒
2021-07-24 00:14:22 查询号码 【1559508】，返回信息 {"status":"bad","msg":""}
2021-07-24 00:14:22 查询号码 【1559508】，GSD为【""】
2021-07-24 00:14:22 bad
2021-07-24 00:14:24 CHB 1559508?1627056862 第 1 次 等待 3 秒
2021-07-24 00:14:27 CHB 1559508?1627056862 第 1 次 获取到号码【1559508】GSD
2021-07-24 00:14:27 获取到号码【1559508】的GSD为【宁夏-银川】
2021-07-24 00:14:35 GSD insert 第 1 次 等待 3 秒
2021-07-24 00:14:38 {"status":"ok","gid":371374,"msg":"添加成功！"}
2021-07-24 00:14:38 下次操作: 2021-07-24 00:15:01

2021-07-24 00:15:01 开始第 35 次操作

2021-07-24 00:15:01 开始操作号码 【1559507】
2021-07-24 00:15:04 GSD getOne 第 1 次 等待 3 秒
2021-07-24 00:15:07 查询号码 【1559507】，返回信息 {"status":"ok","msg":"宁夏-银川","gid":"22356","time_insert":"2018-09-12 09:52","time_update":"2020-12-21 18:31"}
2021-07-24 00:15:07 查询号码 【1559507】，GSD为【"宁夏-银川"】

2021-07-24 00:15:07 开始第 35 次操作

2021-07-24 00:15:07 开始操作号码 【1559506】
2021-07-24 00:15:10 GSD getOne 第 1 次 等待 3 秒
2021-07-24 00:15:13 查询号码 【1559506】，返回信息 {"status":"bad","msg":""}
2021-07-24 00:15:13 查询号码 【1559506】，GSD为【""】
2021-07-24 00:15:13 bad
2021-07-24 00:15:14 CHB 1559506?1627056913 第 1 次 等待 3 秒
2021-07-24 00:15:17 CHB 1559506?1627056913 第 1 次 获取到号码【1559506】GSD
2021-07-24 00:15:17 获取到号码【1559506】的GSD为【宁夏-银川】
2021-07-24 00:15:20 GSD insert 第 1 次 等待 3 秒
2021-07-24 00:15:23 {"status":"ok","gid":371379,"msg":"添加成功！"}
2021-07-24 00:15:23 下次操作: 2021-07-24 00:15:42

2021-07-24 00:15:42 开始第 36 次操作

2021-07-24 00:15:42 开始操作号码 【1559505】
2021-07-24 00:15:45 GSD getOne 第 1 次 等待 3 秒
2021-07-24 00:15:48 查询号码 【1559505】，返回信息 {"status":"bad","msg":""}
2021-07-24 00:15:48 查询号码 【1559505】，GSD为【""】
2021-07-24 00:15:48 bad
2021-07-24 00:15:50 CHB 1559505?1627056948 第 1 次 等待 3 秒
2021-07-24 00:15:53 CHB 1559505?1627056948 第 1 次 获取到号码【1559505】GSD
2021-07-24 00:15:53 获取到号码【1559505】的GSD为【宁夏-中卫】
2021-07-24 00:15:56 GSD insert 第 1 次 等待 3 秒
2021-07-24 00:15:59 {"status":"ok","gid":371385,"msg":"添加成功！"}
2021-07-24 00:15:59 下次操作: 2021-07-24 00:16:11

2021-07-24 00:16:11 开始第 37 次操作

2021-07-24 00:16:11 开始操作号码 【1559504】
2021-07-24 00:16:13 GSD getOne 第 1 次 等待 3 秒
2021-07-24 00:16:16 查询号码 【1559504】，返回信息 {"status":"bad","msg":""}
2021-07-24 00:16:17 查询号码 【1559504】，GSD为【""】
2021-07-24 00:16:17 bad
2021-07-24 00:16:18 CHB 1559504?1627056977 第 1 次 等待 3 秒
2021-07-24 00:16:21 CHB 1559504?1627056977 第 1 次 获取到号码【1559504】GSD
2021-07-24 00:16:21 获取到号码【1559504】的GSD为【宁夏-银川】
2021-07-24 00:16:28 GSD insert 第 1 次 等待 3 秒
2021-07-24 00:16:31 {"status":"ok","gid":371388,"msg":"添加成功！"}
2021-07-24 00:16:31 下次操作: 2021-07-24 00:16:47

2021-07-24 00:16:47 开始第 38 次操作

2021-07-24 00:16:47 开始操作号码 【1559503】
2021-07-24 00:16:53 GSD getOne 第 1 次 等待 3 秒
2021-07-24 00:16:56 查询号码 【1559503】，返回信息 {"status":"bad","msg":""}
2021-07-24 00:16:57 查询号码 【1559503】，GSD为【""】
2021-07-24 00:16:57 bad
2021-07-24 00:16:58 CHB 1559503?1627057017 第 1 次 等待 3 秒
2021-07-24 00:17:01 CHB 1559503?1627057017 第 1 次 获取到号码【1559503】GSD
2021-07-24 00:17:01 获取到号码【1559503】的GSD为【宁夏-吴忠】
2021-07-24 00:17:04 GSD insert 第 1 次 等待 3 秒
2021-07-24 00:17:07 {"status":"ok","gid":371391,"msg":"添加成功！"}
2021-07-24 00:17:07 下次操作: 2021-07-24 00:17:30

2021-07-24 00:17:30 开始第 39 次操作

2021-07-24 00:17:30 开始操作号码 【1559502】
2021-07-24 00:17:34 GSD getOne 第 1 次 等待 3 秒
2021-07-24 00:17:37 查询号码 【1559502】，返回信息 {"status":"bad","msg":""}
2021-07-24 00:17:37 查询号码 【1559502】，GSD为【""】
2021-07-24 00:17:37 bad
2021-07-24 00:17:38 CHB 1559502?1627057057 第 1 次 等待 3 秒
2021-07-24 00:17:41 CHB 1559502?1627057057 第 1 次 获取到号码【1559502】GSD
2021-07-24 00:17:41 获取到号码【1559502】的GSD为【宁夏-银川】
2021-07-24 00:17:44 GSD insert 第 1 次 等待 3 秒
2021-07-24 00:17:47 {"status":"ok","gid":371393,"msg":"添加成功！"}
2021-07-24 00:17:47 下次操作: 2021-07-24 00:18:01

2021-07-24 00:18:01 开始第 40 次操作

2021-07-24 00:18:01 开始操作号码 【1559501】
2021-07-24 00:18:08 GSD getOne 第 1 次 等待 3 秒
2021-07-24 00:18:11 查询号码 【1559501】，返回信息 {"status":"bad","msg":""}
2021-07-24 00:18:11 查询号码 【1559501】，GSD为【""】
2021-07-24 00:18:11 bad
2021-07-24 00:18:13 CHB 1559501?1627057091 第 1 次 等待 3 秒
2021-07-24 00:18:16 CHB 1559501?1627057091 第 1 次 获取到号码【1559501】GSD
2021-07-24 00:18:16 获取到号码【1559501】的GSD为【宁夏-银川】
2021-07-24 00:18:21 GSD insert 第 1 次 等待 3 秒
2021-07-24 00:18:24 {"status":"ok","gid":371394,"msg":"添加成功！"}

2021-07-24 01:37:09 开始第 1 次操作

2021-07-24 01:37:09 开始操作号码 【1559500】
2021-07-24 01:37:12 GSD getOne 第 1 次 等待 3 秒
2021-07-24 01:37:15 查询号码 【1559500】，返回信息 {"status":"bad","msg":""}
2021-07-24 01:37:15 查询号码 【1559500】，GSD为【""】
2021-07-24 01:37:15 bad
2021-07-24 01:37:20 CHB 1559500?1627061835 第 1 次 等待 3 秒
2021-07-24 01:37:23 CHB 1559500?1627061835 第 1 次 获取到号码【1559500】GSD
2021-07-24 01:37:23 获取到号码【1559500】的GSD为【宁夏-银川】
2021-07-24 01:37:27 GSD insert 第 1 次 等待 3 秒
2021-07-24 01:37:30 {"status":"ok","gid":371882,"msg":"添加成功！"}
2021-07-24 01:37:30 下次操作: 2021-07-24 01:37:49

2021-07-24 01:37:49 开始第 2 次操作

2021-07-24 01:37:49 开始操作号码 【1559499】
2021-07-24 01:37:53 GSD getOne 第 1 次 等待 3 秒
2021-07-24 01:37:56 查询号码 【1559499】，返回信息 {"status":"bad","msg":""}
2021-07-24 01:37:56 查询号码 【1559499】，GSD为【""】
2021-07-24 01:37:56 bad
2021-07-24 01:37:58 CHB 1559499?1627061876 第 1 次 等待 3 秒
2021-07-24 01:38:01 CHB 1559499?1627061876 第 1 次 获取到号码【1559499】GSD
2021-07-24 01:38:01 获取到号码【1559499】的GSD为【陕西-西安】
2021-07-24 01:38:03 GSD insert 第 1 次 等待 3 秒
2021-07-24 01:38:06 {"status":"ok","gid":371888,"msg":"添加成功！"}
2021-07-24 01:38:06 下次操作: 2021-07-24 01:38:18

2021-07-24 01:38:18 开始第 3 次操作

2021-07-24 01:38:18 开始操作号码 【1559498】
2021-07-24 01:38:21 GSD getOne 第 1 次 等待 3 秒
2021-07-24 01:38:24 查询号码 【1559498】，返回信息 {"status":"bad","msg":""}
2021-07-24 01:38:24 查询号码 【1559498】，GSD为【""】
2021-07-24 01:38:24 bad
2021-07-24 01:38:26 CHB 1559498?1627061904 第 1 次 等待 3 秒
2021-07-24 01:38:29 CHB 1559498?1627061904 第 1 次 获取到号码【1559498】GSD
2021-07-24 01:38:29 获取到号码【1559498】的GSD为【陕西-西安】
2021-07-24 01:38:32 GSD insert 第 1 次 等待 3 秒
2021-07-24 01:38:35 {"status":"ok","gid":371894,"msg":"添加成功！"}
2021-07-24 01:38:35 下次操作: 2021-07-24 01:38:52

2021-07-24 01:38:52 开始第 4 次操作

2021-07-24 01:38:52 开始操作号码 【1559497】
2021-07-24 01:38:55 GSD getOne 第 1 次 等待 3 秒
2021-07-24 01:38:58 查询号码 【1559497】，返回信息 {"status":"bad","msg":""}
2021-07-24 01:38:58 查询号码 【1559497】，GSD为【""】
2021-07-24 01:38:58 bad
2021-07-24 01:38:59 CHB 1559497?1627061938 第 1 次 等待 3 秒
2021-07-24 01:39:02 CHB 1559497?1627061938 第 1 次 获取到号码【1559497】GSD
2021-07-24 01:39:02 获取到号码【1559497】的GSD为【陕西-西安】
2021-07-24 01:39:08 GSD insert 第 1 次 等待 3 秒
2021-07-24 01:39:11 {"status":"ok","gid":371898,"msg":"添加成功！"}
2021-07-24 01:39:11 下次操作: 2021-07-24 01:39:32

2021-07-24 01:39:32 开始第 5 次操作

2021-07-24 01:39:32 开始操作号码 【1559496】
2021-07-24 01:39:35 GSD getOne 第 1 次 等待 3 秒
2021-07-24 01:39:38 查询号码 【1559496】，返回信息 {"status":"bad","msg":""}
2021-07-24 01:39:38 查询号码 【1559496】，GSD为【""】
2021-07-24 01:39:38 bad
2021-07-24 01:39:39 CHB 1559496?1627061978 第 1 次 等待 3 秒
2021-07-24 01:39:42 CHB 1559496?1627061978 第 1 次 获取到号码【1559496】GSD
2021-07-24 01:39:43 获取到号码【1559496】的GSD为【陕西-西安】
2021-07-24 01:39:46 GSD insert 第 1 次 等待 3 秒
2021-07-24 01:39:49 {"status":"ok","gid":371903,"msg":"添加成功！"}
2021-07-24 01:39:49 下次操作: 2021-07-24 01:40:11

2021-07-24 01:40:11 开始第 6 次操作

2021-07-24 01:40:11 开始操作号码 【1559495】
2021-07-24 01:40:13 GSD getOne 第 1 次 等待 3 秒
2021-07-24 01:40:16 查询号码 【1559495】，返回信息 {"status":"bad","msg":""}
2021-07-24 01:40:17 查询号码 【1559495】，GSD为【""】
2021-07-24 01:40:17 bad
2021-07-24 01:40:18 CHB 1559495?1627062017 第 1 次 等待 3 秒
2021-07-24 01:40:21 CHB 1559495?1627062017 第 1 次 获取到号码【1559495】GSD
2021-07-24 01:40:21 获取到号码【1559495】的GSD为【陕西-西安】
2021-07-24 01:40:24 GSD insert 第 1 次 等待 3 秒
2021-07-24 01:40:27 {"status":"ok","gid":371911,"msg":"添加成功！"}
2021-07-24 01:40:27 下次操作: 2021-07-24 01:40:39

2021-07-24 01:40:39 开始第 7 次操作

2021-07-24 01:40:39 开始操作号码 【1559494】
2021-07-24 01:40:45 GSD getOne 第 1 次 等待 3 秒
2021-07-24 01:40:48 查询号码 【1559494】，返回信息 {"status":"bad","msg":""}
2021-07-24 01:40:48 查询号码 【1559494】，GSD为【""】
2021-07-24 01:40:48 bad
2021-07-24 01:40:50 CHB 1559494?1627062048 第 1 次 等待 3 秒
2021-07-24 01:40:53 CHB 1559494?1627062048 第 1 次 获取到号码【1559494】GSD
2021-07-24 01:40:53 获取到号码【1559494】的GSD为【陕西-西安】
2021-07-24 01:40:55 GSD insert 第 1 次 等待 3 秒
2021-07-24 01:40:58 {"status":"ok","gid":371916,"msg":"添加成功！"}
2021-07-24 01:40:58 下次操作: 2021-07-24 01:41:10

2021-07-24 01:41:10 开始第 8 次操作

2021-07-24 01:41:10 开始操作号码 【1559493】
2021-07-24 01:41:14 GSD getOne 第 1 次 等待 3 秒
2021-07-24 01:41:17 查询号码 【1559493】，返回信息 {"status":"bad","msg":""}
2021-07-24 01:41:17 查询号码 【1559493】，GSD为【""】
2021-07-24 01:41:17 bad
2021-07-24 01:41:19 CHB 1559493?1627062077 第 1 次 等待 3 秒
2021-07-24 01:41:22 CHB 1559493?1627062077 第 1 次 获取到号码【1559493】GSD
2021-07-24 01:41:22 获取到号码【1559493】的GSD为【陕西-西安】
2021-07-24 01:41:25 GSD insert 第 1 次 等待 3 秒
2021-07-24 01:41:28 {"status":"ok","gid":371919,"msg":"添加成功！"}
2021-07-24 01:41:28 下次操作: 2021-07-24 01:41:45

2021-07-24 01:41:45 开始第 9 次操作

2021-07-24 01:41:45 开始操作号码 【1559492】
2021-07-24 01:41:47 GSD getOne 第 1 次 等待 3 秒
2021-07-24 01:41:50 查询号码 【1559492】，返回信息 {"status":"bad","msg":""}
2021-07-24 01:41:50 查询号码 【1559492】，GSD为【""】
2021-07-24 01:41:50 bad
2021-07-24 01:41:52 CHB 1559492?1627062110 第 1 次 等待 3 秒
2021-07-24 01:41:55 CHB 1559492?1627062110 第 1 次 获取到号码【1559492】GSD
2021-07-24 01:41:55 获取到号码【1559492】的GSD为【陕西-西安】
2021-07-24 01:41:58 GSD insert 第 1 次 等待 3 秒
2021-07-24 01:42:01 {"status":"ok","gid":371923,"msg":"添加成功！"}
2021-07-24 01:42:01 下次操作: 2021-07-24 01:42:24

2021-07-24 01:42:24 开始第 10 次操作

2021-07-24 01:42:24 开始操作号码 【1559491】
2021-07-24 01:42:27 GSD getOne 第 1 次 等待 3 秒
2021-07-24 01:42:30 查询号码 【1559491】，返回信息 {"status":"bad","msg":""}
2021-07-24 01:42:30 查询号码 【1559491】，GSD为【""】
2021-07-24 01:42:30 bad
2021-07-24 01:42:32 CHB 1559491?1627062150 第 1 次 等待 3 秒
2021-07-24 01:42:35 CHB 1559491?1627062150 第 1 次 获取到号码【1559491】GSD
2021-07-24 01:42:35 获取到号码【1559491】的GSD为【陕西-西安】
2021-07-24 01:42:38 GSD insert 第 1 次 等待 3 秒
2021-07-24 01:42:41 {"status":"ok","gid":371934,"msg":"添加成功！"}
2021-07-24 01:42:41 下次操作: 2021-07-24 01:43:05

2021-07-24 01:43:05 开始第 11 次操作

2021-07-24 01:43:05 开始操作号码 【1559490】
2021-07-24 01:43:10 GSD getOne 第 1 次 等待 3 秒
2021-07-24 01:43:13 查询号码 【1559490】，返回信息 {"status":"bad","msg":""}
2021-07-24 01:43:14 查询号码 【1559490】，GSD为【""】
2021-07-24 01:43:14 bad
2021-07-24 01:43:15 CHB 1559490?1627062194 第 1 次 等待 3 秒
2021-07-24 01:43:18 CHB 1559490?1627062194 第 1 次 获取到号码【1559490】GSD
2021-07-24 01:43:18 获取到号码【1559490】的GSD为【陕西-西安】
2021-07-24 01:43:21 GSD insert 第 1 次 等待 3 秒
2021-07-24 01:43:24 {"status":"ok","gid":371943,"msg":"添加成功！"}
2021-07-24 01:43:24 下次操作: 2021-07-24 01:43:44

2021-07-24 01:43:44 开始第 12 次操作

2021-07-24 01:43:44 开始操作号码 【1559489】
2021-07-24 01:43:47 GSD getOne 第 1 次 等待 3 秒
2021-07-24 01:43:50 查询号码 【1559489】，返回信息 {"status":"bad","msg":""}
2021-07-24 01:43:50 查询号码 【1559489】，GSD为【""】
2021-07-24 01:43:50 bad
2021-07-24 01:43:51 CHB 1559489?1627062230 第 1 次 等待 3 秒
2021-07-24 01:43:54 CHB 1559489?1627062230 第 1 次 获取到号码【1559489】GSD
2021-07-24 01:43:54 获取到号码【1559489】的GSD为【陕西-西安】
2021-07-24 01:44:02 GSD insert 第 1 次 等待 3 秒
2021-07-24 01:44:05 {"status":"ok","gid":371949,"msg":"添加成功！"}
2021-07-24 01:44:05 下次操作: 2021-07-24 01:44:17

2021-07-24 01:44:17 开始第 13 次操作

2021-07-24 01:44:17 开始操作号码 【1559488】
2021-07-24 01:44:20 GSD getOne 第 1 次 等待 3 秒
2021-07-24 01:44:23 查询号码 【1559488】，返回信息 {"status":"bad","msg":""}
2021-07-24 01:44:23 查询号码 【1559488】，GSD为【""】
2021-07-24 01:44:23 bad
2021-07-24 01:44:24 CHB 1559488?1627062263 第 1 次 等待 3 秒
2021-07-24 01:44:27 CHB 1559488?1627062263 第 1 次 获取到号码【1559488】GSD
2021-07-24 01:44:28 获取到号码【1559488】的GSD为【陕西-西安】
2021-07-24 01:44:31 GSD insert 第 1 次 等待 3 秒
2021-07-24 01:44:34 {"status":"ok","gid":371957,"msg":"添加成功！"}
2021-07-24 01:44:34 下次操作: 2021-07-24 01:44:55

2021-07-24 01:44:55 开始第 14 次操作

2021-07-24 01:44:55 开始操作号码 【1559487】
2021-07-24 01:44:57 GSD getOne 第 1 次 等待 3 秒
2021-07-24 01:45:00 查询号码 【1559487】，返回信息 {"status":"bad","msg":""}
2021-07-24 01:45:00 查询号码 【1559487】，GSD为【""】
2021-07-24 01:45:00 bad
2021-07-24 01:45:02 CHB 1559487?1627062300 第 1 次 等待 3 秒
2021-07-24 01:45:05 CHB 1559487?1627062300 第 1 次 获取到号码【1559487】GSD
2021-07-24 01:45:05 获取到号码【1559487】的GSD为【陕西-西安】
2021-07-24 01:45:08 GSD insert 第 1 次 等待 3 秒
2021-07-24 01:45:11 {"status":"ok","gid":371965,"msg":"添加成功！"}
2021-07-24 01:45:11 下次操作: 2021-07-24 01:45:35

2021-07-24 01:45:35 开始第 15 次操作

2021-07-24 01:45:35 开始操作号码 【1559486】
2021-07-24 01:45:39 GSD getOne 第 1 次 等待 3 秒
2021-07-24 01:45:42 查询号码 【1559486】，返回信息 {"status":"bad","msg":""}
2021-07-24 01:45:42 查询号码 【1559486】，GSD为【""】
2021-07-24 01:45:42 bad
2021-07-24 01:45:44 CHB 1559486?1627062342 第 1 次 等待 3 秒
2021-07-24 01:45:47 CHB 1559486?1627062342 第 1 次 获取到号码【1559486】GSD
2021-07-24 01:45:47 获取到号码【1559486】的GSD为【陕西-西安】
2021-07-24 01:45:51 GSD insert 第 1 次 等待 3 秒
2021-07-24 01:45:54 {"status":"ok","gid":371977,"msg":"添加成功！"}
2021-07-24 01:45:54 下次操作: 2021-07-24 01:46:07

2021-07-24 01:46:07 开始第 16 次操作

2021-07-24 01:46:07 开始操作号码 【1559485】
2021-07-24 01:46:10 GSD getOne 第 1 次 等待 3 秒
2021-07-24 01:46:13 查询号码 【1559485】，返回信息 {"status":"bad","msg":""}
2021-07-24 01:46:13 查询号码 【1559485】，GSD为【""】
2021-07-24 01:46:13 bad
2021-07-24 01:46:15 CHB 1559485?1627062373 第 1 次 等待 3 秒
2021-07-24 01:46:18 CHB 1559485?1627062373 第 1 次 获取到号码【1559485】GSD
2021-07-24 01:46:18 获取到号码【1559485】的GSD为【陕西-西安】
2021-07-24 01:46:20 GSD insert 第 1 次 等待 3 秒
2021-07-24 01:46:23 {"status":"ok","gid":371984,"msg":"添加成功！"}
2021-07-24 01:46:23 下次操作: 2021-07-24 01:46:40

2021-07-24 01:46:40 开始第 17 次操作

2021-07-24 01:46:40 开始操作号码 【1559484】
2021-07-24 01:46:43 GSD getOne 第 1 次 等待 3 秒
2021-07-24 01:46:46 查询号码 【1559484】，返回信息 {"status":"bad","msg":""}
2021-07-24 01:46:46 查询号码 【1559484】，GSD为【""】
2021-07-24 01:46:46 bad
2021-07-24 01:46:48 CHB 1559484?1627062406 第 1 次 等待 3 秒
2021-07-24 01:46:51 CHB 1559484?1627062406 第 1 次 获取到号码【1559484】GSD
2021-07-24 01:46:51 获取到号码【1559484】的GSD为【陕西-西安】
2021-07-24 01:46:54 GSD insert 第 1 次 等待 3 秒
2021-07-24 01:46:57 {"status":"ok","gid":371995,"msg":"添加成功！"}
2021-07-24 01:46:57 下次操作: 2021-07-24 01:47:11

2021-07-24 01:47:11 开始第 18 次操作

2021-07-24 01:47:11 开始操作号码 【1559483】
2021-07-24 01:47:13 GSD getOne 第 1 次 等待 3 秒
2021-07-24 01:47:16 查询号码 【1559483】，返回信息 {"status":"bad","msg":""}
2021-07-24 01:47:16 查询号码 【1559483】，GSD为【""】
2021-07-24 01:47:16 bad
2021-07-24 01:47:18 CHB 1559483?1627062436 第 1 次 等待 3 秒
2021-07-24 01:47:21 CHB 1559483?1627062436 第 1 次 获取到号码【1559483】GSD
2021-07-24 01:47:21 获取到号码【1559483】的GSD为【陕西-西安】
2021-07-24 01:47:25 GSD insert 第 1 次 等待 3 秒
2021-07-24 01:47:28 {"status":"ok","gid":372003,"msg":"添加成功！"}
2021-07-24 01:47:28 下次操作: 2021-07-24 01:47:44

2021-07-24 01:47:44 开始第 19 次操作

2021-07-24 01:47:44 开始操作号码 【1559482】
2021-07-24 01:47:46 GSD getOne 第 1 次 等待 3 秒
2021-07-24 01:47:49 查询号码 【1559482】，返回信息 {"status":"bad","msg":""}
2021-07-24 01:47:49 查询号码 【1559482】，GSD为【""】
2021-07-24 01:47:49 bad
2021-07-24 01:47:51 CHB 1559482?1627062469 第 1 次 等待 3 秒
2021-07-24 01:47:54 CHB 1559482?1627062469 第 1 次 获取到号码【1559482】GSD
2021-07-24 01:47:54 获取到号码【1559482】的GSD为【陕西-西安】
2021-07-24 01:47:57 GSD insert 第 1 次 等待 3 秒
2021-07-24 01:48:00 {"status":"ok","gid":372010,"msg":"添加成功！"}
2021-07-24 01:48:00 下次操作: 2021-07-24 01:48:20

2021-07-24 01:48:20 开始第 20 次操作

2021-07-24 01:48:20 开始操作号码 【1559481】
2021-07-24 01:48:23 GSD getOne 第 1 次 等待 3 秒
2021-07-24 01:48:26 查询号码 【1559481】，返回信息 {"status":"bad","msg":""}
2021-07-24 01:48:26 查询号码 【1559481】，GSD为【""】
2021-07-24 01:48:26 bad
2021-07-24 01:48:27 CHB 1559481?1627062506 第 1 次 等待 3 秒
2021-07-24 01:48:30 CHB 1559481?1627062506 第 1 次 获取到号码【1559481】GSD
2021-07-24 01:48:30 获取到号码【1559481】的GSD为【陕西-西安】
2021-07-24 01:48:33 GSD insert 第 1 次 等待 3 秒
2021-07-24 01:48:36 {"status":"ok","gid":372020,"msg":"添加成功！"}
2021-07-24 01:48:36 下次操作: 2021-07-24 01:48:57

2021-07-24 01:48:57 开始第 21 次操作

2021-07-24 01:48:57 开始操作号码 【1559480】
2021-07-24 01:49:02 GSD getOne 第 1 次 等待 3 秒
2021-07-24 01:49:05 查询号码 【1559480】，返回信息 {"status":"bad","msg":""}
2021-07-24 01:49:05 查询号码 【1559480】，GSD为【""】
2021-07-24 01:49:05 bad
2021-07-24 01:49:06 CHB 1559480?1627062545 第 1 次 等待 3 秒
2021-07-24 01:49:09 CHB 1559480?1627062545 第 1 次 获取到号码【1559480】GSD
2021-07-24 01:49:09 获取到号码【1559480】的GSD为【陕西-西安】
2021-07-24 01:49:12 GSD insert 第 1 次 等待 3 秒
2021-07-24 01:49:15 {"status":"ok","gid":372035,"msg":"添加成功！"}
2021-07-24 01:49:15 下次操作: 2021-07-24 01:49:37

2021-07-24 01:49:37 开始第 22 次操作

2021-07-24 01:49:37 开始操作号码 【1559479】
2021-07-24 01:49:43 GSD getOne 第 1 次 等待 3 秒
2021-07-24 01:49:46 查询号码 【1559479】，返回信息 {"status":"bad","msg":""}
2021-07-24 01:49:46 查询号码 【1559479】，GSD为【""】
2021-07-24 01:49:46 bad
2021-07-24 01:49:48 CHB 1559479?1627062586 第 1 次 等待 3 秒
2021-07-24 01:49:51 CHB 1559479?1627062586 第 1 次 获取到号码【1559479】GSD
2021-07-24 01:49:51 获取到号码【1559479】的GSD为【陕西-汉中】
2021-07-24 01:49:54 GSD insert 第 1 次 等待 3 秒
2021-07-24 01:49:57 {"status":"ok","gid":372044,"msg":"添加成功！"}
2021-07-24 01:49:57 下次操作: 2021-07-24 01:50:10

2021-07-24 01:50:10 开始第 23 次操作

2021-07-24 01:50:10 开始操作号码 【1559478】
2021-07-24 01:50:13 GSD getOne 第 1 次 等待 3 秒
2021-07-24 01:50:16 查询号码 【1559478】，返回信息 {"status":"bad","msg":""}
2021-07-24 01:50:16 查询号码 【1559478】，GSD为【""】
2021-07-24 01:50:16 bad
2021-07-24 01:55:17 CHB 1559478?1627062616 第 1 次 等待 3 秒
2021-07-24 01:55:20 CHB 1559478?1627062616 第 1 次 未获取到 等待 21 秒 下次操作: 2021-07-24 01:55:41
2021-07-24 01:55:42 CHB 1559478?1627062941 第 2 次 等待 3 秒
2021-07-24 01:55:45 CHB 1559478?1627062941 第 2 次 获取到号码【1559478】GSD
2021-07-24 01:55:45 获取到号码【1559478】的GSD为【陕西-汉中】
2021-07-24 01:55:48 GSD insert 第 1 次 等待 3 秒
2021-07-24 01:55:51 {"status":"ok","gid":372065,"msg":"添加成功！"}
2021-07-24 01:55:51 下次操作: 2021-07-24 01:56:15

2021-07-24 01:56:15 开始第 24 次操作

2021-07-24 01:56:15 开始操作号码 【1559477】
2021-07-24 01:56:17 GSD getOne 第 1 次 等待 3 秒
2021-07-24 01:56:20 查询号码 【1559477】，返回信息 {"status":"bad","msg":""}
2021-07-24 01:56:20 查询号码 【1559477】，GSD为【""】
2021-07-24 01:56:20 bad
2021-07-24 01:56:22 CHB 1559477?1627062980 第 1 次 等待 3 秒
2021-07-24 01:56:25 CHB 1559477?1627062980 第 1 次 获取到号码【1559477】GSD
2021-07-24 01:56:25 获取到号码【1559477】的GSD为【陕西-延安】
2021-07-24 01:56:31 GSD insert 第 1 次 等待 3 秒
2021-07-24 01:56:34 {"status":"ok","gid":372076,"msg":"添加成功！"}
2021-07-24 01:56:34 下次操作: 2021-07-24 01:56:51

2021-07-24 01:56:51 开始第 25 次操作

2021-07-24 01:56:51 开始操作号码 【1559476】
2021-07-24 01:56:54 GSD getOne 第 1 次 等待 3 秒
2021-07-24 01:56:57 查询号码 【1559476】，返回信息 {"status":"bad","msg":""}
2021-07-24 01:56:57 查询号码 【1559476】，GSD为【""】
2021-07-24 01:56:57 bad
2021-07-24 01:56:59 CHB 1559476?1627063017 第 1 次 等待 3 秒
2021-07-24 01:57:02 CHB 1559476?1627063017 第 1 次 获取到号码【1559476】GSD
2021-07-24 01:57:02 获取到号码【1559476】的GSD为【陕西-延安】
2021-07-24 01:57:05 GSD insert 第 1 次 等待 3 秒
2021-07-24 01:57:08 {"status":"ok","gid":372087,"msg":"添加成功！"}
2021-07-24 01:57:08 下次操作: 2021-07-24 01:57:25

2021-07-24 01:57:25 开始第 26 次操作

2021-07-24 01:57:25 开始操作号码 【1559475】
2021-07-24 01:57:28 GSD getOne 第 1 次 等待 3 秒
2021-07-24 01:57:31 查询号码 【1559475】，返回信息 {"status":"bad","msg":""}
2021-07-24 01:57:31 查询号码 【1559475】，GSD为【""】
2021-07-24 01:57:31 bad
2021-07-24 01:57:32 CHB 1559475?1627063051 第 1 次 等待 3 秒
2021-07-24 01:57:35 CHB 1559475?1627063051 第 1 次 获取到号码【1559475】GSD
2021-07-24 01:57:35 获取到号码【1559475】的GSD为【陕西-延安】
2021-07-24 01:57:39 GSD insert 第 1 次 等待 3 秒
2021-07-24 01:57:42 {"status":"ok","gid":372095,"msg":"添加成功！"}
2021-07-24 01:57:42 下次操作: 2021-07-24 01:57:58

2021-07-24 01:57:58 开始第 27 次操作

2021-07-24 01:57:58 开始操作号码 【1559474】
2021-07-24 01:58:02 GSD getOne 第 1 次 等待 3 秒
2021-07-24 01:58:05 查询号码 【1559474】，返回信息 {"status":"bad","msg":""}
2021-07-24 01:58:05 查询号码 【1559474】，GSD为【""】
2021-07-24 01:58:05 bad
2021-07-24 01:58:06 CHB 1559474?1627063085 第 1 次 等待 3 秒
2021-07-24 01:58:09 CHB 1559474?1627063085 第 1 次 获取到号码【1559474】GSD
2021-07-24 01:58:09 获取到号码【1559474】的GSD为【陕西-延安】
2021-07-24 01:58:12 GSD insert 第 1 次 等待 3 秒
2021-07-24 01:58:15 {"status":"ok","gid":372104,"msg":"添加成功！"}
2021-07-24 01:58:15 下次操作: 2021-07-24 01:58:39

2021-07-24 01:58:39 开始第 28 次操作

2021-07-24 01:58:39 开始操作号码 【1559473】
2021-07-24 01:58:42 GSD getOne 第 1 次 等待 3 秒
2021-07-24 01:58:45 查询号码 【1559473】，返回信息 {"status":"bad","msg":""}
2021-07-24 01:58:45 查询号码 【1559473】，GSD为【""】
2021-07-24 01:58:45 bad
2021-07-24 01:58:47 CHB 1559473?1627063125 第 1 次 等待 3 秒
2021-07-24 01:58:50 CHB 1559473?1627063125 第 1 次 获取到号码【1559473】GSD
2021-07-24 01:58:50 获取到号码【1559473】的GSD为【陕西-延安】
2021-07-24 01:58:52 GSD insert 第 1 次 等待 3 秒
2021-07-24 01:58:55 {"status":"ok","gid":372116,"msg":"添加成功！"}
2021-07-24 01:58:55 下次操作: 2021-07-24 01:59:09

2021-07-24 01:59:09 开始第 29 次操作

2021-07-24 01:59:09 开始操作号码 【1559472】
2021-07-24 01:59:13 GSD getOne 第 1 次 等待 3 秒
2021-07-24 01:59:16 查询号码 【1559472】，返回信息 {"status":"ok","msg":"陕西-延安","gid":"22355","time_insert":"2015-02-25 08:34","time_update":"2020-12-09 04:06"}
2021-07-24 01:59:16 查询号码 【1559472】，GSD为【"陕西-延安"】

2021-07-24 01:59:16 开始第 29 次操作

2021-07-24 01:59:16 开始操作号码 【1559471】
2021-07-24 01:59:19 GSD getOne 第 1 次 等待 3 秒
2021-07-24 01:59:22 查询号码 【1559471】，返回信息 {"status":"bad","msg":""}
2021-07-24 01:59:22 查询号码 【1559471】，GSD为【""】
2021-07-24 01:59:22 bad
2021-07-24 01:59:23 CHB 1559471?1627063162 第 1 次 等待 3 秒
2021-07-24 01:59:26 CHB 1559471?1627063162 第 1 次 获取到号码【1559471】GSD
2021-07-24 01:59:26 获取到号码【1559471】的GSD为【陕西-延安】
2021-07-24 01:59:29 GSD insert 第 1 次 等待 3 秒
2021-07-24 01:59:32 {"status":"ok","gid":372129,"msg":"添加成功！"}
2021-07-24 01:59:32 下次操作: 2021-07-24 01:59:54

2021-07-24 01:59:54 开始第 30 次操作

2021-07-24 01:59:54 开始操作号码 【1559470】
2021-07-24 01:59:57 GSD getOne 第 1 次 等待 3 秒
2021-07-24 02:00:00 查询号码 【1559470】，返回信息 {"status":"bad","msg":""}
2021-07-24 02:00:00 查询号码 【1559470】，GSD为【""】
2021-07-24 02:00:00 bad
2021-07-24 02:00:01 CHB 1559470?1627063200 第 1 次 等待 3 秒
2021-07-24 02:00:04 CHB 1559470?1627063200 第 1 次 获取到号码【1559470】GSD
2021-07-24 02:00:04 获取到号码【1559470】的GSD为【陕西-延安】
2021-07-24 02:00:07 GSD insert 第 1 次 等待 3 秒
2021-07-24 02:00:10 {"status":"ok","gid":372138,"msg":"添加成功！"}
2021-07-24 02:00:10 下次操作: 2021-07-24 02:00:25

2021-07-24 02:00:25 开始第 31 次操作

2021-07-24 02:00:25 开始操作号码 【1559469】
2021-07-24 02:00:28 GSD getOne 第 1 次 等待 3 秒
2021-07-24 02:00:31 查询号码 【1559469】，返回信息 {"status":"bad","msg":""}
2021-07-24 02:00:31 查询号码 【1559469】，GSD为【""】
2021-07-24 02:00:31 bad
2021-07-24 02:00:32 CHB 1559469?1627063231 第 1 次 等待 3 秒
2021-07-24 02:00:35 CHB 1559469?1627063231 第 1 次 获取到号码【1559469】GSD
2021-07-24 02:00:35 获取到号码【1559469】的GSD为【陕西-西安】
2021-07-24 02:00:38 GSD insert 第 1 次 等待 3 秒
2021-07-24 02:00:41 {"status":"ok","gid":372145,"msg":"添加成功！"}
2021-07-24 02:00:41 下次操作: 2021-07-24 02:01:01

2021-07-24 02:01:01 开始第 32 次操作

2021-07-24 02:01:01 开始操作号码 【1559468】
2021-07-24 02:01:04 GSD getOne 第 1 次 等待 3 秒
2021-07-24 02:01:07 查询号码 【1559468】，返回信息 {"status":"bad","msg":""}
2021-07-24 02:01:07 查询号码 【1559468】，GSD为【""】
2021-07-24 02:01:07 bad
2021-07-24 02:01:08 CHB 1559468?1627063267 第 1 次 等待 3 秒
2021-07-24 02:01:11 CHB 1559468?1627063267 第 1 次 获取到号码【1559468】GSD
2021-07-24 02:01:11 获取到号码【1559468】的GSD为【陕西-西安】
2021-07-24 02:01:15 GSD insert 第 1 次 等待 3 秒
2021-07-24 02:01:18 {"status":"ok","gid":372156,"msg":"添加成功！"}
2021-07-24 02:01:18 下次操作: 2021-07-24 02:01:30

2021-07-24 02:01:30 开始第 33 次操作

2021-07-24 02:01:30 开始操作号码 【1559467】
2021-07-24 02:01:33 GSD getOne 第 1 次 等待 3 秒
2021-07-24 02:01:36 查询号码 【1559467】，返回信息 {"status":"bad","msg":""}
2021-07-24 02:01:36 查询号码 【1559467】，GSD为【""】
2021-07-24 02:01:36 bad
2021-07-24 02:01:37 CHB 1559467?1627063296 第 1 次 等待 3 秒
2021-07-24 02:01:40 CHB 1559467?1627063296 第 1 次 获取到号码【1559467】GSD
2021-07-24 02:01:40 获取到号码【1559467】的GSD为【陕西-西安】
2021-07-24 02:01:43 GSD insert 第 1 次 等待 3 秒
2021-07-24 02:01:46 {"status":"ok","gid":372161,"msg":"添加成功！"}
2021-07-24 02:01:46 下次操作: 2021-07-24 02:02:09

2021-07-24 02:02:09 开始第 34 次操作

2021-07-24 02:02:09 开始操作号码 【1559466】
2021-07-24 02:02:11 GSD getOne 第 1 次 等待 3 秒
2021-07-24 02:02:14 查询号码 【1559466】，返回信息 {"status":"bad","msg":""}
2021-07-24 02:02:14 查询号码 【1559466】，GSD为【""】
2021-07-24 02:02:14 bad
2021-07-24 02:02:16 CHB 1559466?1627063334 第 1 次 等待 3 秒
2021-07-24 02:02:19 CHB 1559466?1627063334 第 1 次 获取到号码【1559466】GSD
2021-07-24 02:02:19 获取到号码【1559466】的GSD为【陕西-西安】
2021-07-24 02:02:22 GSD insert 第 1 次 等待 3 秒
2021-07-24 02:02:25 {"status":"ok","gid":372173,"msg":"添加成功！"}
2021-07-24 02:02:25 下次操作: 2021-07-24 02:02:45

2021-07-24 02:02:45 开始第 35 次操作

2021-07-24 02:02:45 开始操作号码 【1559465】
2021-07-24 02:02:47 GSD getOne 第 1 次 等待 3 秒
2021-07-24 02:02:50 查询号码 【1559465】，返回信息 {"status":"bad","msg":""}
2021-07-24 02:02:50 查询号码 【1559465】，GSD为【""】
2021-07-24 02:02:50 bad
2021-07-24 02:02:52 CHB 1559465?1627063370 第 1 次 等待 3 秒
2021-07-24 02:02:55 CHB 1559465?1627063370 第 1 次 获取到号码【1559465】GSD
2021-07-24 02:02:55 获取到号码【1559465】的GSD为【陕西-西安】
2021-07-24 02:02:58 GSD insert 第 1 次 等待 3 秒
2021-07-24 02:03:01 {"status":"ok","gid":372183,"msg":"添加成功！"}
2021-07-24 02:03:01 下次操作: 2021-07-24 02:03:19

2021-07-24 02:03:19 开始第 36 次操作

2021-07-24 02:03:19 开始操作号码 【1559464】
2021-07-24 02:03:21 GSD getOne 第 1 次 等待 3 秒
2021-07-24 02:03:24 查询号码 【1559464】，返回信息 {"status":"bad","msg":""}
2021-07-24 02:03:24 查询号码 【1559464】，GSD为【""】
2021-07-24 02:03:24 bad
2021-07-24 02:03:26 CHB 1559464?1627063404 第 1 次 等待 3 秒
2021-07-24 02:03:29 CHB 1559464?1627063404 第 1 次 获取到号码【1559464】GSD
2021-07-24 02:03:29 获取到号码【1559464】的GSD为【陕西-西安】
2021-07-24 02:03:32 GSD insert 第 1 次 等待 3 秒
2021-07-24 02:03:35 {"status":"ok","gid":372190,"msg":"添加成功！"}
2021-07-24 02:03:35 下次操作: 2021-07-24 02:03:59

2021-07-24 02:03:59 开始第 37 次操作

2021-07-24 02:03:59 开始操作号码 【1559463】
2021-07-24 02:04:01 GSD getOne 第 1 次 等待 3 秒
2021-07-24 02:04:04 查询号码 【1559463】，返回信息 {"status":"bad","msg":""}
2021-07-24 02:04:05 查询号码 【1559463】，GSD为【""】
2021-07-24 02:04:05 bad
2021-07-24 02:04:06 CHB 1559463?1627063445 第 1 次 等待 3 秒
2021-07-24 02:04:09 CHB 1559463?1627063445 第 1 次 获取到号码【1559463】GSD
2021-07-24 02:04:09 获取到号码【1559463】的GSD为【陕西-西安】
2021-07-24 02:04:15 GSD insert 第 1 次 等待 3 秒
2021-07-24 02:04:18 {"status":"ok","gid":372200,"msg":"添加成功！"}
2021-07-24 02:04:19 下次操作: 2021-07-24 02:04:41

2021-07-24 02:04:41 开始第 38 次操作

2021-07-24 02:04:41 开始操作号码 【1559462】
2021-07-24 02:04:43 GSD getOne 第 1 次 等待 3 秒
2021-07-24 02:04:46 查询号码 【1559462】，返回信息 {"status":"bad","msg":""}
2021-07-24 02:04:46 查询号码 【1559462】，GSD为【""】
2021-07-24 02:04:46 bad
2021-07-24 02:04:48 CHB 1559462?1627063486 第 1 次 等待 3 秒
2021-07-24 02:04:51 CHB 1559462?1627063486 第 1 次 获取到号码【1559462】GSD
2021-07-24 02:04:51 获取到号码【1559462】的GSD为【陕西-西安】
2021-07-24 02:04:54 GSD insert 第 1 次 等待 3 秒
2021-07-24 02:04:57 {"status":"ok","gid":372210,"msg":"添加成功！"}
2021-07-24 02:04:57 下次操作: 2021-07-24 02:05:14

2021-07-24 02:05:14 开始第 39 次操作

2021-07-24 02:05:14 开始操作号码 【1559461】
2021-07-24 02:05:18 GSD getOne 第 1 次 等待 3 秒
2021-07-24 02:05:21 查询号码 【1559461】，返回信息 {"status":"bad","msg":""}
2021-07-24 02:05:21 查询号码 【1559461】，GSD为【""】
2021-07-24 02:05:21 bad
2021-07-24 02:05:22 CHB 1559461?1627063521 第 1 次 等待 3 秒
2021-07-24 02:05:25 CHB 1559461?1627063521 第 1 次 获取到号码【1559461】GSD
2021-07-24 02:05:25 获取到号码【1559461】的GSD为【陕西-西安】
2021-07-24 02:05:29 GSD insert 第 1 次 等待 3 秒
2021-07-24 02:05:32 {"status":"ok","gid":372220,"msg":"添加成功！"}
2021-07-24 02:05:32 下次操作: 2021-07-24 02:05:50

2021-07-24 02:05:50 开始第 40 次操作

2021-07-24 02:05:50 开始操作号码 【1559460】
2021-07-24 02:05:52 GSD getOne 第 1 次 等待 3 秒
2021-07-24 02:05:55 查询号码 【1559460】，返回信息 {"status":"bad","msg":""}
2021-07-24 02:05:55 查询号码 【1559460】，GSD为【""】
2021-07-24 02:05:55 bad
2021-07-24 02:05:57 CHB 1559460?1627063555 第 1 次 等待 3 秒
2021-07-24 02:06:00 CHB 1559460?1627063555 第 1 次 获取到号码【1559460】GSD
2021-07-24 02:06:00 获取到号码【1559460】的GSD为【陕西-西安】
2021-07-24 02:06:03 GSD insert 第 1 次 等待 3 秒
2021-07-24 02:06:06 {"status":"ok","gid":372229,"msg":"添加成功！"}

