2023-12-18 00:09:47 开始第 3889 次操作

2023-12-18 00:09:47 开始操作号码 【1843788】
2023-12-18 00:09:51 GSD getOne 第 1 次 等待 3 秒
2023-12-18 00:09:54 查询号码 【1843788】，返回信息 {"status":"ok","msg":"河南-开封","gid":"469514","time_insert":"2021-08-01 16:55"}
2023-12-18 00:09:54 查询号码 【1843788】，GSD为【"河南-开封"】

2023-12-18 00:09:55 开始第 3890 次操作

2023-12-18 00:09:55 开始操作号码 【1843789】
2023-12-18 00:09:59 GSD getOne 第 1 次 等待 3 秒
2023-12-18 00:10:02 查询号码 【1843789】，返回信息 {"status":"ok","msg":"河南-开封","gid":"469505","time_insert":"2021-08-01 16:54"}
2023-12-18 00:10:02 查询号码 【1843789】，GSD为【"河南-开封"】

2023-12-18 00:10:03 开始第 3891 次操作

2023-12-18 00:10:03 开始操作号码 【1843790】
2023-12-18 00:10:07 GSD getOne 第 1 次 等待 3 秒
2023-12-18 00:10:10 查询号码 【1843790】，返回信息 {"status":"ok","msg":"河南-洛阳","gid":"469494","time_insert":"2021-08-01 16:53"}
2023-12-18 00:10:10 查询号码 【1843790】，GSD为【"河南-洛阳"】

2023-12-18 00:10:11 开始第 3892 次操作

2023-12-18 00:10:11 开始操作号码 【1843791】
2023-12-18 00:10:17 GSD getOne 第 1 次 等待 3 秒
2023-12-18 00:10:20 查询号码 【1843791】，返回信息 {"status":"ok","msg":"河南-洛阳","gid":"469486","time_insert":"2021-08-01 16:53"}
2023-12-18 00:10:20 查询号码 【1843791】，GSD为【"河南-洛阳"】

