2024-10-06 00:26:39 开始第 7781 次操作

2024-10-06 00:26:39 开始操作号码 【1407778】
2024-10-06 00:26:42 GSD getOne 第 1 次 等待 3 秒
2024-10-06 00:26:45 查询号码 【1407778】，返回信息 {"status":"ok","msg":"-","gid":"684936","time_insert":"2023-04-29 16:38"}
2024-10-06 00:26:45 查询号码 【1407778】，GSD为【"-"】
2024-10-06 00:26:45 ok && -
2024-10-06 00:27:01 CHB 1407778?1728145605 第 1 次 等待 3 秒
2024-10-06 00:27:05 CHB 1407778?1728145605 第 1 次 获取到号码【1407778】GSD
2024-10-06 00:27:05 未获取到号码【1407778】GSD，可能号码格式错误
2024-10-06 00:27:05 获取到号码【1407778】的GSD为【-】
2024-10-06 00:27:07 GSD insert 第 1 次 等待 3 秒
2024-10-06 00:27:10 {"status":"bad","gid":"684936","msg":"添加失败！号码【1407778(-|-)】已存在！"}
2024-10-06 00:27:10 随机等待 91 秒，约 1 分钟
2024-10-06 00:27:10 下次操作: 2024-10-06 00:28:41

2024-10-06 00:28:41 开始第 7782 次操作

2024-10-06 00:28:41 开始操作号码 【1407779】
2024-10-06 00:28:44 GSD getOne 第 1 次 等待 3 秒
2024-10-06 00:28:47 查询号码 【1407779】，返回信息 {"status":"ok","msg":"-","gid":"684955","time_insert":"2023-04-29 16:49"}
2024-10-06 00:28:47 查询号码 【1407779】，GSD为【"-"】
2024-10-06 00:28:47 ok && -
2024-10-06 00:28:49 CHB 1407779?1728145727 第 1 次 等待 3 秒
2024-10-06 00:28:52 CHB 1407779?1728145727 第 1 次 获取到号码【1407779】GSD
2024-10-06 00:28:52 未获取到号码【1407779】GSD，可能号码格式错误
2024-10-06 00:28:52 获取到号码【1407779】的GSD为【-】
2024-10-06 00:28:54 GSD insert 第 1 次 等待 3 秒
2024-10-06 00:28:57 {"status":"bad","gid":"684955","msg":"添加失败！号码【1407779(-|-)】已存在！"}
2024-10-06 00:28:57 随机等待 162 秒，约 2 分钟
2024-10-06 00:28:57 下次操作: 2024-10-06 00:31:39

2024-10-06 00:31:39 开始第 7783 次操作

2024-10-06 00:31:39 开始操作号码 【1407780】
2024-10-06 00:31:41 GSD getOne 第 1 次 等待 3 秒
2024-10-06 00:31:44 查询号码 【1407780】，返回信息 {"status":"ok","msg":"-","gid":"684981","time_insert":"2023-04-29 17:05"}
2024-10-06 00:31:44 查询号码 【1407780】，GSD为【"-"】
2024-10-06 00:31:44 ok && -
2024-10-06 00:31:47 CHB 1407780?1728145904 第 1 次 等待 3 秒
2024-10-06 00:31:50 CHB 1407780?1728145904 第 1 次 获取到号码【1407780】GSD
2024-10-06 00:31:50 未获取到号码【1407780】GSD，可能号码格式错误
2024-10-06 00:31:50 获取到号码【1407780】的GSD为【-】
2024-10-06 00:31:52 GSD insert 第 1 次 等待 3 秒
2024-10-06 00:31:55 {"status":"bad","gid":"684981","msg":"添加失败！号码【1407780(-|-)】已存在！"}
2024-10-06 00:31:55 随机等待 136 秒，约 2 分钟
2024-10-06 00:31:55 下次操作: 2024-10-06 00:34:11

2024-10-06 00:34:11 开始第 7784 次操作

2024-10-06 00:34:11 开始操作号码 【1407781】
2024-10-06 00:34:12 GSD getOne 第 1 次 等待 3 秒
2024-10-06 00:34:15 查询号码 【1407781】，返回信息 {"status":"ok","msg":"-","gid":"685011","time_insert":"2023-04-29 17:25"}
2024-10-06 00:34:16 查询号码 【1407781】，GSD为【"-"】
2024-10-06 00:34:16 ok && -
2024-10-06 00:34:17 CHB 1407781?1728146056 第 1 次 等待 3 秒
2024-10-06 00:34:20 CHB 1407781?1728146056 第 1 次 获取到号码【1407781】GSD
2024-10-06 00:34:20 未获取到号码【1407781】GSD，可能号码格式错误
2024-10-06 00:34:20 获取到号码【1407781】的GSD为【-】
2024-10-06 00:34:25 GSD insert 第 1 次 等待 3 秒
2024-10-06 00:34:28 {"status":"bad","gid":"685011","msg":"添加失败！号码【1407781(-|-)】已存在！"}

2024-10-06 00:44:08 开始第 7785 次操作

2024-10-06 00:44:08 开始操作号码 【1407782】
2024-10-06 00:44:10 GSD getOne 第 1 次 等待 3 秒
2024-10-06 00:44:13 查询号码 【1407782】，返回信息 {"status":"ok","msg":"-","gid":"685041","time_insert":"2023-04-29 17:44"}
2024-10-06 00:44:13 查询号码 【1407782】，GSD为【"-"】
2024-10-06 00:44:13 ok && -
2024-10-06 00:44:15 CHB 1407782?1728146653 第 1 次 等待 3 秒
2024-10-06 00:44:18 CHB 1407782?1728146653 第 1 次 获取到号码【1407782】GSD
2024-10-06 00:44:18 未获取到号码【1407782】GSD，可能号码格式错误
2024-10-06 00:44:18 获取到号码【1407782】的GSD为【-】
2024-10-06 00:44:33 GSD insert 第 1 次 等待 3 秒
2024-10-06 00:44:36 {"status":"bad","gid":"685041","msg":"添加失败！号码【1407782(-|-)】已存在！"}
2024-10-06 00:44:36 随机等待 179 秒，约 2 分钟
2024-10-06 00:44:36 下次操作: 2024-10-06 00:47:35

2024-10-06 00:47:35 开始第 7786 次操作

2024-10-06 00:47:35 开始操作号码 【1407783】
2024-10-06 00:47:37 GSD getOne 第 1 次 等待 3 秒
2024-10-06 00:47:40 查询号码 【1407783】，返回信息 {"status":"ok","msg":"-","gid":"685079","time_insert":"2023-04-29 18:06"}
2024-10-06 00:47:40 查询号码 【1407783】，GSD为【"-"】
2024-10-06 00:47:40 ok && -
2024-10-06 00:47:42 CHB 1407783?1728146860 第 1 次 等待 3 秒
2024-10-06 00:47:45 CHB 1407783?1728146860 第 1 次 获取到号码【1407783】GSD
2024-10-06 00:47:45 未获取到号码【1407783】GSD，可能号码格式错误
2024-10-06 00:47:45 获取到号码【1407783】的GSD为【-】
2024-10-06 00:47:47 GSD insert 第 1 次 等待 3 秒
2024-10-06 00:47:50 {"status":"bad","gid":"685079","msg":"添加失败！号码【1407783(-|-)】已存在！"}
2024-10-06 00:47:50 随机等待 128 秒，约 2 分钟
2024-10-06 00:47:50 下次操作: 2024-10-06 00:49:58

2024-10-06 00:49:58 开始第 7787 次操作

2024-10-06 00:49:58 开始操作号码 【1407784】
2024-10-06 00:50:00 GSD getOne 第 1 次 等待 3 秒
2024-10-06 00:50:03 查询号码 【1407784】，返回信息 {"status":"ok","msg":"-","gid":"685111","time_insert":"2023-04-29 18:29"}
2024-10-06 00:50:03 查询号码 【1407784】，GSD为【"-"】
2024-10-06 00:50:03 ok && -
2024-10-06 00:50:04 CHB 1407784?1728147003 第 1 次 等待 3 秒
2024-10-06 00:50:07 CHB 1407784?1728147003 第 1 次 获取到号码【1407784】GSD
2024-10-06 00:50:07 未获取到号码【1407784】GSD，可能号码格式错误
2024-10-06 00:50:07 获取到号码【1407784】的GSD为【-】
2024-10-06 00:50:09 GSD insert 第 1 次 等待 3 秒
2024-10-06 00:50:12 {"status":"bad","gid":"685111","msg":"添加失败！号码【1407784(-|-)】已存在！"}
2024-10-06 00:50:12 随机等待 130 秒，约 2 分钟
2024-10-06 00:50:12 下次操作: 2024-10-06 00:52:22

2024-10-06 00:52:22 开始第 7788 次操作

2024-10-06 00:52:22 开始操作号码 【1407785】
2024-10-06 00:52:25 GSD getOne 第 1 次 等待 3 秒
2024-10-06 00:52:28 查询号码 【1407785】，返回信息 {"status":"ok","msg":"-","gid":"685136","time_insert":"2023-04-29 18:43"}
2024-10-06 00:52:28 查询号码 【1407785】，GSD为【"-"】
2024-10-06 00:52:28 ok && -
2024-10-06 00:52:30 CHB 1407785?1728147148 第 1 次 等待 3 秒
2024-10-06 00:52:33 CHB 1407785?1728147148 第 1 次 获取到号码【1407785】GSD
2024-10-06 00:52:33 未获取到号码【1407785】GSD，可能号码格式错误
2024-10-06 00:52:33 获取到号码【1407785】的GSD为【-】
2024-10-06 00:52:35 GSD insert 第 1 次 等待 3 秒
2024-10-06 00:52:38 {"status":"bad","gid":"685136","msg":"添加失败！号码【1407785(-|-)】已存在！"}

