2023-11-06 00:09:40 开始第 7225 次操作

2023-11-06 00:09:40 开始操作号码 【1947124】
2023-11-06 00:09:43 GSD getOne 第 1 次 等待 3 秒
2023-11-06 00:09:46 查询号码 【1947124】，返回信息 {"status":"ok","msg":"-","gid":"612288","time_insert":"2023-03-24 21:08"}
2023-11-06 00:09:46 查询号码 【1947124】，GSD为【"-"】
2023-11-06 00:09:46 ok && -
2023-11-06 00:09:49 CHB 1947124?1699200586 第 1 次 等待 3 秒
2023-11-06 00:09:52 CHB 1947124?1699200586 第 1 次 获取到号码【1947124】GSD
2023-11-06 00:09:52 未获取到号码【1947124】GSD，可能号码格式错误
2023-11-06 00:09:52 获取到号码【1947124】的GSD为【-】
2023-11-06 00:09:55 GSD insert 第 1 次 等待 3 秒
2023-11-06 00:09:58 {"status":"bad","gid":"612288","msg":"添加失败！号码【1947124(-|-)】已存在！"}
2023-11-06 00:09:58 随机等待 128 秒，约 2 分钟
2023-11-06 00:09:58 下次操作: 2023-11-06 00:12:06

2023-11-06 00:12:06 开始第 7226 次操作

2023-11-06 00:12:06 开始操作号码 【1947125】
2023-11-06 00:12:13 GSD getOne 第 1 次 等待 3 秒
2023-11-06 00:12:16 查询号码 【1947125】，返回信息 {"status":"ok","msg":"-","gid":"612284","time_insert":"2023-03-24 21:06"}
2023-11-06 00:12:16 查询号码 【1947125】，GSD为【"-"】
2023-11-06 00:12:16 ok && -
2023-11-06 00:12:18 CHB 1947125?1699200736 第 1 次 等待 3 秒
2023-11-06 00:12:21 CHB 1947125?1699200736 第 1 次 获取到号码【1947125】GSD
2023-11-06 00:12:21 未获取到号码【1947125】GSD，可能号码格式错误
2023-11-06 00:12:21 获取到号码【1947125】的GSD为【-】
2023-11-06 00:12:25 GSD insert 第 1 次 等待 3 秒
2023-11-06 00:12:28 {"status":"bad","gid":"612284","msg":"添加失败！号码【1947125(-|-)】已存在！"}
2023-11-06 00:12:28 随机等待 77 秒，约 1 分钟
2023-11-06 00:12:28 下次操作: 2023-11-06 00:13:45

2023-11-06 00:13:45 开始第 7227 次操作

2023-11-06 00:13:46 开始操作号码 【1947126】
2023-11-06 00:13:52 GSD getOne 第 1 次 等待 3 秒
2023-11-06 00:13:55 查询号码 【1947126】，返回信息 {"status":"ok","msg":"-","gid":"612280","time_insert":"2023-03-24 21:04"}
2023-11-06 00:13:55 查询号码 【1947126】，GSD为【"-"】
2023-11-06 00:13:55 ok && -
2023-11-06 00:13:58 CHB 1947126?1699200835 第 1 次 等待 3 秒
2023-11-06 00:14:01 CHB 1947126?1699200835 第 1 次 获取到号码【1947126】GSD
2023-11-06 00:14:01 未获取到号码【1947126】GSD，可能号码格式错误
2023-11-06 00:14:01 获取到号码【1947126】的GSD为【-】
2023-11-06 00:14:04 GSD insert 第 1 次 等待 3 秒
2023-11-06 00:14:07 {"status":"bad","gid":"612280","msg":"添加失败！号码【1947126(-|-)】已存在！"}
2023-11-06 00:14:07 随机等待 225 秒，约 3 分钟
2023-11-06 00:14:07 下次操作: 2023-11-06 00:17:52

2023-11-06 00:17:52 开始第 7228 次操作

2023-11-06 00:17:52 开始操作号码 【1947127】
2023-11-06 00:17:57 GSD getOne 第 1 次 等待 3 秒
2023-11-06 00:18:00 查询号码 【1947127】，返回信息 {"status":"ok","msg":"-","gid":"612277","time_insert":"2023-03-24 21:02"}
2023-11-06 00:18:00 查询号码 【1947127】，GSD为【"-"】
2023-11-06 00:18:00 ok && -
2023-11-06 00:18:02 CHB 1947127?1699201080 第 1 次 等待 3 秒
2023-11-06 00:18:05 CHB 1947127?1699201080 第 1 次 获取到号码【1947127】GSD
2023-11-06 00:18:05 未获取到号码【1947127】GSD，可能号码格式错误
2023-11-06 00:18:05 获取到号码【1947127】的GSD为【-】
2023-11-06 00:18:07 GSD insert 第 1 次 等待 3 秒
2023-11-06 00:18:10 {"status":"bad","gid":"612277","msg":"添加失败！号码【1947127(-|-)】已存在！"}

2023-11-06 00:35:41 开始第 7229 次操作

2023-11-06 00:35:41 开始操作号码 【1947128】
2023-11-06 00:35:44 GSD getOne 第 1 次 等待 3 秒
2023-11-06 00:35:47 查询号码 【1947128】，返回信息 {"status":"ok","msg":"-","gid":"612262","time_insert":"2023-03-24 20:51"}
2023-11-06 00:35:47 查询号码 【1947128】，GSD为【"-"】
2023-11-06 00:35:47 ok && -
2023-11-06 00:35:50 CHB 1947128?1699202147 第 1 次 等待 3 秒
2023-11-06 00:35:53 CHB 1947128?1699202147 第 1 次 获取到号码【1947128】GSD
2023-11-06 00:35:53 未获取到号码【1947128】GSD，可能号码格式错误
2023-11-06 00:35:53 获取到号码【1947128】的GSD为【-】
2023-11-06 00:35:57 GSD insert 第 1 次 等待 3 秒
2023-11-06 00:36:00 {"status":"bad","gid":"612262","msg":"添加失败！号码【1947128(-|-)】已存在！"}
2023-11-06 00:36:00 随机等待 120 秒，约 2 分钟
2023-11-06 00:36:00 下次操作: 2023-11-06 00:38:00

2023-11-06 00:38:00 开始第 7230 次操作

2023-11-06 00:38:00 开始操作号码 【1947129】
2023-11-06 00:38:07 GSD getOne 第 1 次 等待 3 秒
2023-11-06 00:38:10 查询号码 【1947129】，返回信息 {"status":"ok","msg":"-","gid":"612259","time_insert":"2023-03-24 20:49"}
2023-11-06 00:38:10 查询号码 【1947129】，GSD为【"-"】
2023-11-06 00:38:10 ok && -
2023-11-06 00:38:12 CHB 1947129?1699202290 第 1 次 等待 3 秒
2023-11-06 00:38:15 CHB 1947129?1699202290 第 1 次 获取到号码【1947129】GSD
2023-11-06 00:38:15 未获取到号码【1947129】GSD，可能号码格式错误
2023-11-06 00:38:15 获取到号码【1947129】的GSD为【-】
2023-11-06 00:38:21 GSD insert 第 1 次 等待 3 秒
2023-11-06 00:38:24 {"status":"bad","gid":"612259","msg":"添加失败！号码【1947129(-|-)】已存在！"}
2023-11-06 00:38:24 随机等待 234 秒，约 3 分钟
2023-11-06 00:38:24 下次操作: 2023-11-06 00:42:18

2023-11-06 00:42:18 开始第 7231 次操作

2023-11-06 00:42:18 开始操作号码 【1947130】
2023-11-06 00:42:24 GSD getOne 第 1 次 等待 3 秒
2023-11-06 00:42:27 查询号码 【1947130】，返回信息 {"status":"ok","msg":"-","gid":"612255","time_insert":"2023-03-24 20:47"}
2023-11-06 00:42:27 查询号码 【1947130】，GSD为【"-"】
2023-11-06 00:42:27 ok && -
2023-11-06 00:42:29 CHB 1947130?1699202547 第 1 次 等待 3 秒
2023-11-06 00:42:32 CHB 1947130?1699202547 第 1 次 获取到号码【1947130】GSD
2023-11-06 00:42:33 未获取到号码【1947130】GSD，可能号码格式错误
2023-11-06 00:42:33 获取到号码【1947130】的GSD为【-】
2023-11-06 00:42:37 GSD insert 第 1 次 等待 3 秒
2023-11-06 00:42:40 {"status":"bad","gid":"612255","msg":"添加失败！号码【1947130(-|-)】已存在！"}
2023-11-06 00:42:40 随机等待 71 秒，约 1 分钟
2023-11-06 00:42:40 下次操作: 2023-11-06 00:43:51

2023-11-06 00:43:51 开始第 7232 次操作

2023-11-06 00:43:51 开始操作号码 【1947131】
2023-11-06 00:43:54 GSD getOne 第 1 次 等待 3 秒
2023-11-06 00:43:57 查询号码 【1947131】，返回信息 {"status":"ok","msg":"-","gid":"612253","time_insert":"2023-03-24 20:44"}
2023-11-06 00:43:57 查询号码 【1947131】，GSD为【"-"】
2023-11-06 00:43:57 ok && -
2023-11-06 00:43:59 CHB 1947131?1699202637 第 1 次 等待 3 秒
2023-11-06 00:44:02 CHB 1947131?1699202637 第 1 次 获取到号码【1947131】GSD
2023-11-06 00:44:02 未获取到号码【1947131】GSD，可能号码格式错误
2023-11-06 00:44:02 获取到号码【1947131】的GSD为【-】
2023-11-06 00:44:07 GSD insert 第 1 次 等待 3 秒
2023-11-06 00:44:10 {"status":"bad","gid":"612253","msg":"添加失败！号码【1947131(-|-)】已存在！"}

