2024-05-03 00:10:42 开始第 6997 次操作

2024-05-03 00:10:42 开始操作号码 【1626897】
2024-05-03 00:10:50 GSD getOne 第 1 次 等待 3 秒
2024-05-03 00:10:53 查询号码 【1626897】，返回信息 {"status":"ok","msg":"黑龙江-齐齐哈尔","gid":"217764","time_insert":"2021-07-07 22:58"}
2024-05-03 00:10:53 查询号码 【1626897】，GSD为【"黑龙江-齐齐哈尔"】

2024-05-03 00:10:54 开始第 6998 次操作

2024-05-03 00:10:54 开始操作号码 【1626898】
2024-05-03 00:11:02 GSD getOne 第 1 次 等待 3 秒
2024-05-03 00:11:05 查询号码 【1626898】，返回信息 {"status":"ok","msg":"黑龙江-佳木斯","gid":"217798","time_insert":"2021-07-07 23:03"}
2024-05-03 00:11:05 查询号码 【1626898】，GSD为【"黑龙江-佳木斯"】

2024-05-03 00:11:06 开始第 6999 次操作

2024-05-03 00:11:06 开始操作号码 【1626899】
2024-05-03 00:11:13 GSD getOne 第 1 次 等待 3 秒
2024-05-03 00:11:16 查询号码 【1626899】，返回信息 {"status":"ok","msg":"黑龙江-佳木斯","gid":"217825","time_insert":"2021-07-07 23:07"}
2024-05-03 00:11:16 查询号码 【1626899】，GSD为【"黑龙江-佳木斯"】

2024-05-03 00:11:17 开始第 7000 次操作

2024-05-03 00:11:17 开始操作号码 【1626900】
2024-05-03 00:11:24 GSD getOne 第 1 次 等待 3 秒
2024-05-03 00:11:27 查询号码 【1626900】，返回信息 {"status":"ok","msg":"山东-东营","gid":"217849","time_insert":"2021-07-07 23:12"}
2024-05-03 00:11:27 查询号码 【1626900】，GSD为【"山东-东营"】

