2024-02-13 00:10:15 开始第 3469 次操作

2024-02-13 00:10:15 开始操作号码 【1733368】
2024-02-13 00:10:20 GSD getOne 第 1 次 等待 3 秒
2024-02-13 00:10:23 查询号码 【1733368】，返回信息 {"status":"ok","msg":"河北-廊坊","gid":"166025","time_insert":"2021-07-01 11:11"}
2024-02-13 00:10:23 查询号码 【1733368】，GSD为【"河北-廊坊"】

2024-02-13 00:10:24 开始第 3470 次操作

2024-02-13 00:10:24 开始操作号码 【1733369】
2024-02-13 00:10:29 GSD getOne 第 1 次 等待 3 秒
2024-02-13 00:10:32 查询号码 【1733369】，返回信息 {"status":"ok","msg":"河北-廊坊","gid":"166030","time_insert":"2021-07-01 11:11"}
2024-02-13 00:10:32 查询号码 【1733369】，GSD为【"河北-廊坊"】

2024-02-13 00:10:33 开始第 3471 次操作

2024-02-13 00:10:33 开始操作号码 【1733370】
2024-02-13 00:10:39 GSD getOne 第 1 次 等待 3 秒
2024-02-13 00:10:42 查询号码 【1733370】，返回信息 {"status":"ok","msg":"河北-沧州","gid":"166034","time_insert":"2021-07-01 11:12"}
2024-02-13 00:10:42 查询号码 【1733370】，GSD为【"河北-沧州"】

2024-02-13 00:10:43 开始第 3472 次操作

2024-02-13 00:10:43 开始操作号码 【1733371】
2024-02-13 00:10:47 GSD getOne 第 1 次 等待 3 秒
2024-02-13 00:10:50 查询号码 【1733371】，返回信息 {"status":"ok","msg":"河北-沧州","gid":"166039","time_insert":"2021-07-01 11:13"}
2024-02-13 00:10:50 查询号码 【1733371】，GSD为【"河北-沧州"】

2024-02-13 00:35:38 开始第 3473 次操作

2024-02-13 00:35:38 开始操作号码 【1733372】
2024-02-13 00:35:45 GSD getOne 第 1 次 等待 3 秒
2024-02-13 00:35:48 查询号码 【1733372】，返回信息 {"status":"ok","msg":"河北-沧州","gid":"166135","time_insert":"2021-07-01 11:49"}
2024-02-13 00:35:48 查询号码 【1733372】，GSD为【"河北-沧州"】

2024-02-13 00:35:49 开始第 3474 次操作

2024-02-13 00:35:49 开始操作号码 【1733373】
2024-02-13 00:35:55 GSD getOne 第 1 次 等待 3 秒
2024-02-13 00:35:58 查询号码 【1733373】，返回信息 {"status":"ok","msg":"河北-沧州","gid":"166148","time_insert":"2021-07-01 11:50"}
2024-02-13 00:35:59 查询号码 【1733373】，GSD为【"河北-沧州"】

2024-02-13 00:36:00 开始第 3475 次操作

2024-02-13 00:36:00 开始操作号码 【1733374】
2024-02-13 00:36:04 GSD getOne 第 1 次 等待 3 秒
2024-02-13 00:36:07 查询号码 【1733374】，返回信息 {"status":"ok","msg":"河北-沧州","gid":"166164","time_insert":"2021-07-01 11:51"}
2024-02-13 00:36:08 查询号码 【1733374】，GSD为【"河北-沧州"】

2024-02-13 00:36:09 开始第 3476 次操作

2024-02-13 00:36:09 开始操作号码 【1733375】
2024-02-13 00:36:13 GSD getOne 第 1 次 等待 3 秒
2024-02-13 00:36:16 查询号码 【1733375】，返回信息 {"status":"ok","msg":"河北-沧州","gid":"166177","time_insert":"2021-07-01 11:52"}
2024-02-13 00:36:16 查询号码 【1733375】，GSD为【"河北-沧州"】

2024-02-13 01:07:45 开始第 3477 次操作

2024-02-13 01:07:45 开始操作号码 【1733376】
2024-02-13 01:07:51 GSD getOne 第 1 次 等待 3 秒
2024-02-13 01:07:54 查询号码 【1733376】，返回信息 {"status":"ok","msg":"河北-沧州","gid":"166189","time_insert":"2021-07-01 11:52"}
2024-02-13 01:07:54 查询号码 【1733376】，GSD为【"河北-沧州"】

2024-02-13 01:07:55 开始第 3478 次操作

2024-02-13 01:07:55 开始操作号码 【1733377】
2024-02-13 01:08:00 GSD getOne 第 1 次 等待 3 秒
2024-02-13 01:08:03 查询号码 【1733377】，返回信息 {"status":"ok","msg":"河北-沧州","gid":"166206","time_insert":"2021-07-01 11:53"}
2024-02-13 01:08:03 查询号码 【1733377】，GSD为【"河北-沧州"】

2024-02-13 01:08:04 开始第 3479 次操作

2024-02-13 01:08:04 开始操作号码 【1733378】
2024-02-13 01:08:09 GSD getOne 第 1 次 等待 3 秒
2024-02-13 01:08:12 查询号码 【1733378】，返回信息 {"status":"ok","msg":"河北-沧州","gid":"166218","time_insert":"2021-07-01 11:54"}
2024-02-13 01:08:12 查询号码 【1733378】，GSD为【"河北-沧州"】

2024-02-13 01:08:13 开始第 3480 次操作

2024-02-13 01:08:13 开始操作号码 【1733379】
2024-02-13 01:08:18 GSD getOne 第 1 次 等待 3 秒
2024-02-13 01:08:21 查询号码 【1733379】，返回信息 {"status":"ok","msg":"河北-沧州","gid":"166229","time_insert":"2021-07-01 11:55"}
2024-02-13 01:08:21 查询号码 【1733379】，GSD为【"河北-沧州"】

2024-02-13 01:32:51 开始第 3481 次操作

2024-02-13 01:32:51 开始操作号码 【1733380】
2024-02-13 01:32:55 GSD getOne 第 1 次 等待 3 秒
2024-02-13 01:32:58 查询号码 【1733380】，返回信息 {"status":"ok","msg":"河北-衡水","gid":"166240","time_insert":"2021-07-01 11:56"}
2024-02-13 01:32:58 查询号码 【1733380】，GSD为【"河北-衡水"】

2024-02-13 01:33:00 开始第 3482 次操作

2024-02-13 01:33:00 开始操作号码 【1733381】
2024-02-13 01:33:04 GSD getOne 第 1 次 等待 3 秒
2024-02-13 01:33:07 查询号码 【1733381】，返回信息 {"status":"ok","msg":"河北-衡水","gid":"166252","time_insert":"2021-07-01 11:57"}
2024-02-13 01:33:07 查询号码 【1733381】，GSD为【"河北-衡水"】

2024-02-13 01:33:08 开始第 3483 次操作

2024-02-13 01:33:08 开始操作号码 【1733382】
2024-02-13 01:33:13 GSD getOne 第 1 次 等待 3 秒
2024-02-13 01:33:16 查询号码 【1733382】，返回信息 {"status":"ok","msg":"河北-衡水","gid":"166262","time_insert":"2021-07-01 11:57"}
2024-02-13 01:33:16 查询号码 【1733382】，GSD为【"河北-衡水"】

2024-02-13 01:33:17 开始第 3484 次操作

2024-02-13 01:33:17 开始操作号码 【1733383】
2024-02-13 01:33:21 GSD getOne 第 1 次 等待 3 秒
2024-02-13 01:33:24 查询号码 【1733383】，返回信息 {"status":"ok","msg":"河北-衡水","gid":"166270","time_insert":"2021-07-01 11:58"}
2024-02-13 01:33:24 查询号码 【1733383】，GSD为【"河北-衡水"】

