2024-04-26 00:11:29 开始第 5713 次操作

2024-04-26 00:11:29 开始操作号码 【1625613】
2024-04-26 00:11:38 GSD getOne 第 1 次 等待 3 秒
2024-04-26 00:11:41 查询号码 【1625613】，返回信息 {"status":"ok","msg":"黑龙江-大庆","gid":"183200","time_insert":"2021-07-03 17:47"}
2024-04-26 00:11:41 查询号码 【1625613】，GSD为【"黑龙江-大庆"】

2024-04-26 00:11:42 开始第 5714 次操作

2024-04-26 00:11:42 开始操作号码 【1625614】
2024-04-26 00:11:48 GSD getOne 第 1 次 等待 3 秒
2024-04-26 00:11:51 查询号码 【1625614】，返回信息 {"status":"ok","msg":"黑龙江-绥化","gid":"183276","time_insert":"2021-07-03 17:52"}
2024-04-26 00:11:51 查询号码 【1625614】，GSD为【"黑龙江-绥化"】

2024-04-26 00:11:52 开始第 5715 次操作

2024-04-26 00:11:52 开始操作号码 【1625615】
2024-04-26 00:11:57 GSD getOne 第 1 次 等待 3 秒
2024-04-26 00:12:00 查询号码 【1625615】，返回信息 {"status":"ok","msg":"黑龙江-绥化","gid":"183336","time_insert":"2021-07-03 17:56"}
2024-04-26 00:12:00 查询号码 【1625615】，GSD为【"黑龙江-绥化"】

2024-04-26 00:12:01 开始第 5716 次操作

2024-04-26 00:12:01 开始操作号码 【1625616】
2024-04-26 00:12:09 GSD getOne 第 1 次 等待 3 秒
2024-04-26 00:12:12 查询号码 【1625616】，返回信息 {"status":"ok","msg":"黑龙江-绥化","gid":"183381","time_insert":"2021-07-03 18:00"}
2024-04-26 00:12:12 查询号码 【1625616】，GSD为【"黑龙江-绥化"】

