2024-08-02 00:12:47 开始第 9461 次操作

2024-08-02 00:12:47 开始操作号码 【1519351】
2024-08-02 00:12:57 GSD getOne 第 1 次 等待 3 秒
2024-08-02 00:13:00 查询号码 【1519351】，返回信息 {"status":"ok","msg":"甘肃-金昌","gid":"386659","time_insert":"2021-07-25 07:21"}
2024-08-02 00:13:00 查询号码 【1519351】，GSD为【"甘肃-金昌"】

2024-08-02 00:13:01 开始第 9462 次操作

2024-08-02 00:13:01 开始操作号码 【1519352】
2024-08-02 00:13:18 GSD getOne 第 1 次 等待 3 秒
2024-08-02 00:13:21 查询号码 【1519352】，返回信息 {"status":"ok","msg":"甘肃-金昌","gid":"386628","time_insert":"2021-07-25 07:11"}
2024-08-02 00:13:21 查询号码 【1519352】，GSD为【"甘肃-金昌"】

2024-08-02 00:13:22 开始第 9463 次操作

2024-08-02 00:13:22 开始操作号码 【1519353】
2024-08-02 00:13:32 GSD getOne 第 1 次 等待 3 秒
2024-08-02 00:13:35 查询号码 【1519353】，返回信息 {"status":"ok","msg":"甘肃-金昌","gid":"386574","time_insert":"2021-07-25 07:02"}
2024-08-02 00:13:35 查询号码 【1519353】，GSD为【"甘肃-金昌"】

2024-08-02 00:13:36 开始第 9464 次操作

2024-08-02 00:13:36 开始操作号码 【1519354】
2024-08-02 00:13:45 GSD getOne 第 1 次 等待 3 秒
2024-08-02 00:13:48 查询号码 【1519354】，返回信息 {"status":"ok","msg":"甘肃-金昌","gid":"18374","time_insert":"2016-04-10 22:18","time_update":"2020-12-12 11:48"}
2024-08-02 00:13:48 查询号码 【1519354】，GSD为【"甘肃-金昌"】

