2023-12-02 00:11:10 开始第 945 次操作

2023-12-02 00:11:10 开始操作号码 【1840844】
2023-12-02 00:11:15 GSD getOne 第 1 次 等待 3 秒
2023-12-02 00:11:18 查询号码 【1840844】，返回信息 {"status":"ok","msg":"宁夏-固原","gid":"379183","time_insert":"2021-07-24 16:41"}
2023-12-02 00:11:18 查询号码 【1840844】，GSD为【"宁夏-固原"】

2023-12-02 00:11:19 开始第 946 次操作

2023-12-02 00:11:19 开始操作号码 【1840845】
2023-12-02 00:11:27 GSD getOne 第 1 次 等待 3 秒
2023-12-02 00:11:30 查询号码 【1840845】，返回信息 {"status":"ok","msg":"宁夏-中卫","gid":"379328","time_insert":"2021-07-24 16:51"}
2023-12-02 00:11:30 查询号码 【1840845】，GSD为【"宁夏-中卫"】

2023-12-02 00:11:31 开始第 947 次操作

2023-12-02 00:11:31 开始操作号码 【1840846】
2023-12-02 00:11:49 GSD getOne 第 1 次 等待 3 秒
2023-12-02 00:11:52 查询号码 【1840846】，返回信息 {"status":"ok","msg":"宁夏-固原","gid":"379522","time_insert":"2021-07-24 17:05"}
2023-12-02 00:11:52 查询号码 【1840846】，GSD为【"宁夏-固原"】

2023-12-02 00:11:53 开始第 948 次操作

2023-12-02 00:11:53 开始操作号码 【1840847】
2023-12-02 00:11:56 GSD getOne 第 1 次 等待 3 秒
2023-12-02 00:11:59 查询号码 【1840847】，返回信息 {"status":"ok","msg":"宁夏-固原","gid":"379601","time_insert":"2021-07-24 17:16"}
2023-12-02 00:11:59 查询号码 【1840847】，GSD为【"宁夏-固原"】

