2024-06-16 00:12:02 开始第 961 次操作

2024-06-16 00:12:02 开始操作号码 【1510853】
2024-06-16 00:12:12 GSD getOne 第 1 次 等待 3 秒
2024-06-16 00:12:15 查询号码 【1510853】，返回信息 {"status":"ok","msg":"贵州-安顺","gid":"82436","time_insert":"2021-06-06 08:11"}
2024-06-16 00:12:15 查询号码 【1510853】，GSD为【"贵州-安顺"】

2024-06-16 00:12:16 开始第 962 次操作

2024-06-16 00:12:16 开始操作号码 【1510854】
2024-06-16 00:12:23 GSD getOne 第 1 次 等待 3 秒
2024-06-16 00:12:26 查询号码 【1510854】，返回信息 {"status":"ok","msg":"贵州-都匀","gid":"16689","time_insert":"2017-04-16 09:20","time_update":"2020-11-19 09:59"}
2024-06-16 00:12:26 查询号码 【1510854】，GSD为【"贵州-都匀"】

2024-06-16 00:12:27 开始第 963 次操作

2024-06-16 00:12:27 开始操作号码 【1510855】
2024-06-16 00:12:36 GSD getOne 第 1 次 等待 3 秒
2024-06-16 00:12:39 查询号码 【1510855】，返回信息 {"status":"ok","msg":"贵州-凯里","gid":"16690","time_insert":"2018-02-21 18:49","time_update":"2020-11-19 10:03"}
2024-06-16 00:12:39 查询号码 【1510855】，GSD为【"贵州-凯里"】

2024-06-16 00:12:40 开始第 964 次操作

2024-06-16 00:12:40 开始操作号码 【1510856】
2024-06-16 00:12:49 GSD getOne 第 1 次 等待 3 秒
2024-06-16 00:12:52 查询号码 【1510856】，返回信息 {"status":"ok","msg":"贵州-铜仁","gid":"82469","time_insert":"2021-06-06 08:42"}
2024-06-16 00:12:52 查询号码 【1510856】，GSD为【"贵州-铜仁"】

2024-06-16 00:36:55 开始第 965 次操作

2024-06-16 00:36:55 开始操作号码 【1510857】
2024-06-16 00:37:02 GSD getOne 第 1 次 等待 3 秒
2024-06-16 00:37:05 查询号码 【1510857】，返回信息 {"status":"ok","msg":"贵州-毕节","gid":"16691","time_insert":"2017-06-22 08:23","time_update":"2020-11-19 10:07"}
2024-06-16 00:37:05 查询号码 【1510857】，GSD为【"贵州-毕节"】

2024-06-16 00:37:06 开始第 966 次操作

2024-06-16 00:37:06 开始操作号码 【1510858】
2024-06-16 00:37:15 GSD getOne 第 1 次 等待 3 秒
2024-06-16 00:37:18 查询号码 【1510858】，返回信息 {"status":"ok","msg":"贵州-六盘水","gid":"16692","time_insert":"2017-06-18 07:22","time_update":"2020-11-19 10:11"}
2024-06-16 00:37:18 查询号码 【1510858】，GSD为【"贵州-六盘水"】

2024-06-16 00:37:19 开始第 967 次操作

2024-06-16 00:37:19 开始操作号码 【1510859】
2024-06-16 00:37:26 GSD getOne 第 1 次 等待 3 秒
2024-06-16 00:37:29 查询号码 【1510859】，返回信息 {"status":"ok","msg":"贵州-兴义","gid":"16693","time_insert":"2018-11-12 22:24","time_update":"2020-11-19 10:16"}
2024-06-16 00:37:29 查询号码 【1510859】，GSD为【"贵州-兴义"】

2024-06-16 00:37:30 开始第 968 次操作

2024-06-16 00:37:30 开始操作号码 【1510860】
2024-06-16 00:37:36 GSD getOne 第 1 次 等待 3 秒
2024-06-16 00:37:39 查询号码 【1510860】，返回信息 {"status":"ok","msg":"云南-德宏","gid":"16694","time_insert":"2017-05-11 01:04","time_update":"2020-11-29 03:09"}
2024-06-16 00:37:39 查询号码 【1510860】，GSD为【"云南-德宏"】

