2024-03-29 00:09:34 开始第 725 次操作

2024-03-29 00:09:34 开始操作号码 【1620625】
2024-03-29 00:09:40 GSD getOne 第 1 次 等待 3 秒
2024-03-29 00:09:43 查询号码 【1620625】，返回信息 {"status":"ok","msg":"-","gid":"104507","time_insert":"2021-06-18 22:14"}
2024-03-29 00:09:43 查询号码 【1620625】，GSD为【"-"】
2024-03-29 00:09:43 ok && -
2024-03-29 00:09:46 CHB 1620625?1711642183 第 1 次 等待 3 秒
2024-03-29 00:09:49 CHB 1620625?1711642183 第 1 次 获取到号码【1620625】GSD
2024-03-29 00:09:49 未获取到号码【1620625】GSD，可能号码格式错误
2024-03-29 00:09:49 获取到号码【1620625】的GSD为【-】
2024-03-29 00:09:54 GSD insert 第 1 次 等待 3 秒
2024-03-29 00:09:57 {"status":"bad","gid":"104507","msg":"添加失败！号码【1620625(-|-)】已存在！"}
2024-03-29 00:09:57 随机等待 79 秒，约 1 分钟
2024-03-29 00:09:57 下次操作: 2024-03-29 00:11:16

2024-03-29 00:11:16 开始第 726 次操作

2024-03-29 00:11:16 开始操作号码 【1620626】
2024-03-29 00:11:21 GSD getOne 第 1 次 等待 3 秒
2024-03-29 00:11:24 查询号码 【1620626】，返回信息 {"status":"ok","msg":"-","gid":"104508","time_insert":"2021-06-18 22:15"}
2024-03-29 00:11:24 查询号码 【1620626】，GSD为【"-"】
2024-03-29 00:11:24 ok && -
2024-03-29 00:11:28 CHB 1620626?1711642284 第 1 次 等待 3 秒
2024-03-29 00:11:31 CHB 1620626?1711642284 第 1 次 获取到号码【1620626】GSD
2024-03-29 00:11:31 未获取到号码【1620626】GSD，可能号码格式错误
2024-03-29 00:11:31 获取到号码【1620626】的GSD为【-】
2024-03-29 00:11:37 GSD insert 第 1 次 等待 3 秒
2024-03-29 00:11:40 {"status":"bad","gid":"104508","msg":"添加失败！号码【1620626(-|-)】已存在！"}
2024-03-29 00:11:40 随机等待 68 秒，约 1 分钟
2024-03-29 00:11:40 下次操作: 2024-03-29 00:12:48

2024-03-29 00:12:48 开始第 727 次操作

2024-03-29 00:12:48 开始操作号码 【1620627】
2024-03-29 00:12:54 GSD getOne 第 1 次 等待 3 秒
2024-03-29 00:12:57 查询号码 【1620627】，返回信息 {"status":"ok","msg":"-","gid":"104509","time_insert":"2021-06-18 22:16"}
2024-03-29 00:12:57 查询号码 【1620627】，GSD为【"-"】
2024-03-29 00:12:57 ok && -
2024-03-29 00:12:59 CHB 1620627?1711642377 第 1 次 等待 3 秒
2024-03-29 00:13:02 CHB 1620627?1711642377 第 1 次 获取到号码【1620627】GSD
2024-03-29 00:13:02 未获取到号码【1620627】GSD，可能号码格式错误
2024-03-29 00:13:02 获取到号码【1620627】的GSD为【-】
2024-03-29 00:13:07 GSD insert 第 1 次 等待 3 秒
2024-03-29 00:13:10 {"status":"bad","gid":"104509","msg":"添加失败！号码【1620627(-|-)】已存在！"}
2024-03-29 00:13:10 随机等待 89 秒，约 1 分钟
2024-03-29 00:13:10 下次操作: 2024-03-29 00:14:39

2024-03-29 00:14:39 开始第 728 次操作

2024-03-29 00:14:39 开始操作号码 【1620628】
2024-03-29 00:14:44 GSD getOne 第 1 次 等待 3 秒
2024-03-29 00:14:47 查询号码 【1620628】，返回信息 {"status":"ok","msg":"-","gid":"104511","time_insert":"2021-06-18 22:16"}
2024-03-29 00:14:47 查询号码 【1620628】，GSD为【"-"】
2024-03-29 00:14:47 ok && -
2024-03-29 00:14:50 CHB 1620628?1711642487 第 1 次 等待 3 秒
2024-03-29 00:14:53 CHB 1620628?1711642487 第 1 次 获取到号码【1620628】GSD
2024-03-29 00:14:53 未获取到号码【1620628】GSD，可能号码格式错误
2024-03-29 00:14:53 获取到号码【1620628】的GSD为【-】
2024-03-29 00:14:58 GSD insert 第 1 次 等待 3 秒
2024-03-29 00:15:01 {"status":"bad","gid":"104511","msg":"添加失败！号码【1620628(-|-)】已存在！"}

2024-03-29 00:35:02 开始第 729 次操作

2024-03-29 00:35:02 开始操作号码 【1620629】
2024-03-29 00:35:15 GSD getOne 第 1 次 等待 3 秒
2024-03-29 00:35:18 查询号码 【1620629】，返回信息 {"status":"ok","msg":"-","gid":"104513","time_insert":"2021-06-18 22:17"}
2024-03-29 00:35:18 查询号码 【1620629】，GSD为【"-"】
2024-03-29 00:35:18 ok && -
2024-03-29 00:35:20 CHB 1620629?1711643718 第 1 次 等待 3 秒
2024-03-29 00:35:23 CHB 1620629?1711643718 第 1 次 获取到号码【1620629】GSD
2024-03-29 00:35:23 未获取到号码【1620629】GSD，可能号码格式错误
2024-03-29 00:35:23 获取到号码【1620629】的GSD为【-】
2024-03-29 00:35:28 GSD insert 第 1 次 等待 3 秒
2024-03-29 00:35:31 {"status":"bad","gid":"104513","msg":"添加失败！号码【1620629(-|-)】已存在！"}
2024-03-29 00:35:31 随机等待 146 秒，约 2 分钟
2024-03-29 00:35:31 下次操作: 2024-03-29 00:37:57

2024-03-29 00:37:57 开始第 730 次操作

2024-03-29 00:37:57 开始操作号码 【1620630】
2024-03-29 00:38:02 GSD getOne 第 1 次 等待 3 秒
2024-03-29 00:38:05 查询号码 【1620630】，返回信息 {"status":"ok","msg":"-","gid":"104514","time_insert":"2021-06-18 22:18"}
2024-03-29 00:38:05 查询号码 【1620630】，GSD为【"-"】
2024-03-29 00:38:05 ok && -
2024-03-29 00:38:07 CHB 1620630?1711643885 第 1 次 等待 3 秒
2024-03-29 00:38:10 CHB 1620630?1711643885 第 1 次 获取到号码【1620630】GSD
2024-03-29 00:38:10 未获取到号码【1620630】GSD，可能号码格式错误
2024-03-29 00:38:10 获取到号码【1620630】的GSD为【-】
2024-03-29 00:38:16 GSD insert 第 1 次 等待 3 秒
2024-03-29 00:38:19 {"status":"bad","gid":"104514","msg":"添加失败！号码【1620630(-|-)】已存在！"}
2024-03-29 00:38:19 随机等待 193 秒，约 3 分钟
2024-03-29 00:38:19 下次操作: 2024-03-29 00:41:32

2024-03-29 00:41:32 开始第 731 次操作

2024-03-29 00:41:32 开始操作号码 【1620631】
2024-03-29 00:41:38 GSD getOne 第 1 次 等待 3 秒
2024-03-29 00:41:41 查询号码 【1620631】，返回信息 {"status":"ok","msg":"-","gid":"104516","time_insert":"2021-06-18 22:18"}
2024-03-29 00:41:41 查询号码 【1620631】，GSD为【"-"】
2024-03-29 00:41:41 ok && -
2024-03-29 00:41:44 CHB 1620631?1711644101 第 1 次 等待 3 秒
2024-03-29 00:41:47 CHB 1620631?1711644101 第 1 次 获取到号码【1620631】GSD
2024-03-29 00:41:47 未获取到号码【1620631】GSD，可能号码格式错误
2024-03-29 00:41:47 获取到号码【1620631】的GSD为【-】
2024-03-29 00:41:53 GSD insert 第 1 次 等待 3 秒
2024-03-29 00:41:56 {"status":"bad","gid":"104516","msg":"添加失败！号码【1620631(-|-)】已存在！"}
2024-03-29 00:41:56 随机等待 169 秒，约 2 分钟
2024-03-29 00:41:56 下次操作: 2024-03-29 00:44:45

2024-03-29 00:44:45 开始第 732 次操作

2024-03-29 00:44:45 开始操作号码 【1620632】
2024-03-29 00:44:50 GSD getOne 第 1 次 等待 3 秒
2024-03-29 00:44:53 查询号码 【1620632】，返回信息 {"status":"ok","msg":"-","gid":"104517","time_insert":"2021-06-18 22:19"}
2024-03-29 00:44:53 查询号码 【1620632】，GSD为【"-"】
2024-03-29 00:44:53 ok && -
2024-03-29 00:44:55 CHB 1620632?1711644293 第 1 次 等待 3 秒
2024-03-29 00:44:58 CHB 1620632?1711644293 第 1 次 获取到号码【1620632】GSD
2024-03-29 00:44:58 未获取到号码【1620632】GSD，可能号码格式错误
2024-03-29 00:44:58 获取到号码【1620632】的GSD为【-】
2024-03-29 00:45:03 GSD insert 第 1 次 等待 3 秒
2024-03-29 00:45:06 {"status":"bad","gid":"104517","msg":"添加失败！号码【1620632(-|-)】已存在！"}

