2023-12-27 00:10:14 开始第 5537 次操作

2023-12-27 00:10:14 开始操作号码 【1845436】
2023-12-27 00:10:18 GSD getOne 第 1 次 等待 3 秒
2023-12-27 00:10:21 查询号码 【1845436】，返回信息 {"status":"ok","msg":"山东-滨州","gid":"449300","time_insert":"2021-07-30 22:46"}
2023-12-27 00:10:21 查询号码 【1845436】，GSD为【"山东-滨州"】

2023-12-27 00:10:22 开始第 5538 次操作

2023-12-27 00:10:22 开始操作号码 【1845437】
2023-12-27 00:10:26 GSD getOne 第 1 次 等待 3 秒
2023-12-27 00:10:29 查询号码 【1845437】，返回信息 {"status":"ok","msg":"山东-滨州","gid":"449291","time_insert":"2021-07-30 22:45"}
2023-12-27 00:10:29 查询号码 【1845437】，GSD为【"山东-滨州"】

2023-12-27 00:10:30 开始第 5539 次操作

2023-12-27 00:10:30 开始操作号码 【1845438】
2023-12-27 00:10:35 GSD getOne 第 1 次 等待 3 秒
2023-12-27 00:10:38 查询号码 【1845438】，返回信息 {"status":"ok","msg":"山东-滨州","gid":"449278","time_insert":"2021-07-30 22:44"}
2023-12-27 00:10:38 查询号码 【1845438】，GSD为【"山东-滨州"】

2023-12-27 00:10:39 开始第 5540 次操作

2023-12-27 00:10:39 开始操作号码 【1845439】
2023-12-27 00:10:42 GSD getOne 第 1 次 等待 3 秒
2023-12-27 00:10:45 查询号码 【1845439】，返回信息 {"status":"ok","msg":"山东-滨州","gid":"449265","time_insert":"2021-07-30 22:43"}
2023-12-27 00:10:45 查询号码 【1845439】，GSD为【"山东-滨州"】

