2024-05-19 00:09:41 开始第 9941 次操作

2024-05-19 00:09:41 开始操作号码 【1629832】
2024-05-19 00:09:51 GSD getOne 第 1 次 等待 3 秒
2024-05-19 00:09:54 查询号码 【1629832】，返回信息 {"status":"ok","msg":"-","gid":"312703","time_insert":"2021-07-18 09:01"}
2024-05-19 00:09:54 查询号码 【1629832】，GSD为【"-"】
2024-05-19 00:09:54 ok && -
2024-05-19 00:09:57 CHB 1629832?1716048594 第 1 次 等待 3 秒
2024-05-19 00:10:00 CHB 1629832?1716048594 第 1 次 获取到号码【1629832】GSD
2024-05-19 00:10:00 未获取到号码【1629832】GSD，可能号码格式错误
2024-05-19 00:10:00 获取到号码【1629832】的GSD为【-】
2024-05-19 00:10:06 GSD insert 第 1 次 等待 3 秒
2024-05-19 00:10:09 {"status":"bad","gid":"312703","msg":"添加失败！号码【1629832(-|-)】已存在！"}
2024-05-19 00:10:09 随机等待 201 秒，约 3 分钟
2024-05-19 00:10:09 下次操作: 2024-05-19 00:13:30

2024-05-19 00:13:30 开始第 9942 次操作

2024-05-19 00:13:30 开始操作号码 【1629833】
2024-05-19 00:13:37 GSD getOne 第 1 次 等待 3 秒
2024-05-19 00:13:40 查询号码 【1629833】，返回信息 {"status":"ok","msg":"-","gid":"312726","time_insert":"2021-07-18 09:10"}
2024-05-19 00:13:40 查询号码 【1629833】，GSD为【"-"】
2024-05-19 00:13:40 ok && -
2024-05-19 00:13:42 CHB 1629833?1716048820 第 1 次 等待 3 秒
2024-05-19 00:13:45 CHB 1629833?1716048820 第 1 次 获取到号码【1629833】GSD
2024-05-19 00:13:45 未获取到号码【1629833】GSD，可能号码格式错误
2024-05-19 00:13:45 获取到号码【1629833】的GSD为【-】
2024-05-19 00:13:53 GSD insert 第 1 次 等待 3 秒
2024-05-19 00:13:56 {"status":"bad","gid":"312726","msg":"添加失败！号码【1629833(-|-)】已存在！"}
2024-05-19 00:13:56 随机等待 96 秒，约 1 分钟
2024-05-19 00:13:56 下次操作: 2024-05-19 00:15:32

2024-05-19 00:15:32 开始第 9943 次操作

2024-05-19 00:15:32 开始操作号码 【1629834】
2024-05-19 00:15:41 GSD getOne 第 1 次 等待 3 秒
2024-05-19 00:15:44 查询号码 【1629834】，返回信息 {"status":"ok","msg":"-","gid":"312756","time_insert":"2021-07-18 09:21"}
2024-05-19 00:15:44 查询号码 【1629834】，GSD为【"-"】
2024-05-19 00:15:44 ok && -
2024-05-19 00:15:46 CHB 1629834?1716048944 第 1 次 等待 3 秒
2024-05-19 00:15:49 CHB 1629834?1716048944 第 1 次 获取到号码【1629834】GSD
2024-05-19 00:15:49 未获取到号码【1629834】GSD，可能号码格式错误
2024-05-19 00:15:49 获取到号码【1629834】的GSD为【-】
2024-05-19 00:16:03 GSD insert 第 1 次 等待 3 秒
2024-05-19 00:16:06 {"status":"bad","gid":"312756","msg":"添加失败！号码【1629834(-|-)】已存在！"}
2024-05-19 00:16:06 随机等待 122 秒，约 2 分钟
2024-05-19 00:16:06 下次操作: 2024-05-19 00:18:08

2024-05-19 00:18:08 开始第 9944 次操作

2024-05-19 00:18:08 开始操作号码 【1629835】
2024-05-19 00:18:17 GSD getOne 第 1 次 等待 3 秒
2024-05-19 00:18:20 查询号码 【1629835】，返回信息 {"status":"ok","msg":"-","gid":"312781","time_insert":"2021-07-18 09:29"}
2024-05-19 00:18:20 查询号码 【1629835】，GSD为【"-"】
2024-05-19 00:18:20 ok && -
2024-05-19 00:18:22 CHB 1629835?1716049100 第 1 次 等待 3 秒
2024-05-19 00:18:25 CHB 1629835?1716049100 第 1 次 获取到号码【1629835】GSD
2024-05-19 00:18:25 未获取到号码【1629835】GSD，可能号码格式错误
2024-05-19 00:18:25 获取到号码【1629835】的GSD为【-】
2024-05-19 00:18:32 GSD insert 第 1 次 等待 3 秒
2024-05-19 00:18:35 {"status":"bad","gid":"312781","msg":"添加失败！号码【1629835(-|-)】已存在！"}

