2024-02-05 00:09:12 开始第 1997 次操作

2024-02-05 00:09:12 开始操作号码 【1731896】
2024-02-05 00:09:16 GSD getOne 第 1 次 等待 3 秒
2024-02-05 00:09:19 查询号码 【1731896】，返回信息 {"status":"ok","msg":"四川-成都","gid":"151167","time_insert":"2021-06-29 04:50"}
2024-02-05 00:09:19 查询号码 【1731896】，GSD为【"四川-成都"】

2024-02-05 00:09:20 开始第 1998 次操作

2024-02-05 00:09:20 开始操作号码 【1731897】
2024-02-05 00:09:25 GSD getOne 第 1 次 等待 3 秒
2024-02-05 00:09:28 查询号码 【1731897】，返回信息 {"status":"ok","msg":"四川-成都","gid":"151182","time_insert":"2021-06-29 04:51"}
2024-02-05 00:09:28 查询号码 【1731897】，GSD为【"四川-成都"】

2024-02-05 00:09:29 开始第 1999 次操作

2024-02-05 00:09:29 开始操作号码 【1731898】
2024-02-05 00:09:33 GSD getOne 第 1 次 等待 3 秒
2024-02-05 00:09:36 查询号码 【1731898】，返回信息 {"status":"ok","msg":"四川-成都","gid":"29053","time_insert":"2020-08-04 15:49","time_update":"2020-10-28 06:40"}
2024-02-05 00:09:36 查询号码 【1731898】，GSD为【"四川-成都"】

2024-02-05 00:09:37 开始第 2000 次操作

2024-02-05 00:09:37 开始操作号码 【1731899】
2024-02-05 00:09:43 GSD getOne 第 1 次 等待 3 秒
2024-02-05 00:09:46 查询号码 【1731899】，返回信息 {"status":"ok","msg":"四川-成都","gid":"29054","time_insert":"2017-09-27 00:00","time_update":"2021-01-22 04:55"}
2024-02-05 00:09:46 查询号码 【1731899】，GSD为【"四川-成都"】

