2024-02-21 00:10:46 开始第 4941 次操作

2024-02-21 00:10:46 开始操作号码 【1734840】
2024-02-21 00:10:51 GSD getOne 第 1 次 等待 3 秒
2024-02-21 00:10:54 查询号码 【1734840】，返回信息 {"status":"ok","msg":"河北-衡水","gid":"180002","time_insert":"2021-07-03 07:54"}
2024-02-21 00:10:54 查询号码 【1734840】，GSD为【"河北-衡水"】

2024-02-21 00:10:55 开始第 4942 次操作

2024-02-21 00:10:55 开始操作号码 【1734841】
2024-02-21 00:10:59 GSD getOne 第 1 次 等待 3 秒
2024-02-21 00:11:02 查询号码 【1734841】，返回信息 {"status":"ok","msg":"河北-衡水","gid":"180265","time_insert":"2021-07-03 10:08"}
2024-02-21 00:11:02 查询号码 【1734841】，GSD为【"河北-衡水"】

2024-02-21 00:11:03 开始第 4943 次操作

2024-02-21 00:11:03 开始操作号码 【1734842】
2024-02-21 00:11:08 GSD getOne 第 1 次 等待 3 秒
2024-02-21 00:11:11 查询号码 【1734842】，返回信息 {"status":"ok","msg":"河北-衡水","gid":"180272","time_insert":"2021-07-03 10:09"}
2024-02-21 00:11:11 查询号码 【1734842】，GSD为【"河北-衡水"】

2024-02-21 00:11:12 开始第 4944 次操作

2024-02-21 00:11:12 开始操作号码 【1734843】
2024-02-21 00:11:16 GSD getOne 第 1 次 等待 3 秒
2024-02-21 00:11:19 查询号码 【1734843】，返回信息 {"status":"ok","msg":"河北-衡水","gid":"180280","time_insert":"2021-07-03 10:10"}
2024-02-21 00:11:19 查询号码 【1734843】，GSD为【"河北-衡水"】

2024-02-21 00:35:27 开始第 4945 次操作

2024-02-21 00:35:27 开始操作号码 【1734844】
2024-02-21 00:35:33 GSD getOne 第 1 次 等待 3 秒
2024-02-21 00:35:36 查询号码 【1734844】，返回信息 {"status":"ok","msg":"河北-衡水","gid":"180290","time_insert":"2021-07-03 10:11"}
2024-02-21 00:35:36 查询号码 【1734844】，GSD为【"河北-衡水"】

2024-02-21 00:35:37 开始第 4946 次操作

2024-02-21 00:35:37 开始操作号码 【1734845】
2024-02-21 00:35:42 GSD getOne 第 1 次 等待 3 秒
2024-02-21 00:35:45 查询号码 【1734845】，返回信息 {"status":"ok","msg":"河北-衡水","gid":"180298","time_insert":"2021-07-03 10:11"}
2024-02-21 00:35:45 查询号码 【1734845】，GSD为【"河北-衡水"】

2024-02-21 00:35:46 开始第 4947 次操作

2024-02-21 00:35:46 开始操作号码 【1734846】
2024-02-21 00:35:51 GSD getOne 第 1 次 等待 3 秒
2024-02-21 00:35:54 查询号码 【1734846】，返回信息 {"status":"ok","msg":"河北-衡水","gid":"180308","time_insert":"2021-07-03 10:12"}
2024-02-21 00:35:54 查询号码 【1734846】，GSD为【"河北-衡水"】

2024-02-21 00:35:55 开始第 4948 次操作

2024-02-21 00:35:55 开始操作号码 【1734847】
2024-02-21 00:36:00 GSD getOne 第 1 次 等待 3 秒
2024-02-21 00:36:03 查询号码 【1734847】，返回信息 {"status":"ok","msg":"河北-衡水","gid":"180318","time_insert":"2021-07-03 10:13"}
2024-02-21 00:36:03 查询号码 【1734847】，GSD为【"河北-衡水"】

