2021-07-25 00:00:26 开始第 12 次操作

2021-07-25 00:00:26 开始操作号码 【1558573】
2021-07-25 00:00:29 GSD getOne 第 1 次 等待 3 秒
2021-07-25 00:00:32 查询号码 【1558573】，返回信息 {"status":"ok","msg":"贵州-毕节","gid":"22286","time_insert":"2017-07-03 17:39","time_update":"2020-11-20 12:55"}
2021-07-25 00:00:32 查询号码 【1558573】，GSD为【"贵州-毕节"】

2021-07-25 00:00:32 开始第 12 次操作

2021-07-25 00:00:32 开始操作号码 【1558572】
2021-07-25 00:00:38 GSD getOne 第 1 次 等待 3 秒
2021-07-25 00:00:41 查询号码 【1558572】，返回信息 {"status":"ok","msg":"贵州-毕节","gid":"51807","time_insert":"2021-04-22 10:18"}
2021-07-25 00:00:41 查询号码 【1558572】，GSD为【"贵州-毕节"】

2021-07-25 00:00:41 开始第 12 次操作

2021-07-25 00:00:41 开始操作号码 【1558571】
2021-07-25 00:00:43 GSD getOne 第 1 次 等待 3 秒
2021-07-25 00:00:46 查询号码 【1558571】，返回信息 {"status":"bad","msg":""}
2021-07-25 00:00:46 查询号码 【1558571】，GSD为【""】
2021-07-25 00:00:46 bad
2021-07-25 00:00:49 CHB 1558571?1627142446 第 1 次 等待 3 秒
2021-07-25 00:00:52 CHB 1558571?1627142446 第 1 次 获取到号码【1558571】GSD
2021-07-25 00:00:52 获取到号码【1558571】的GSD为【贵州-毕节】
2021-07-25 00:01:16 GSD insert 第 1 次 等待 3 秒
2021-07-25 00:01:19 {"status":"ok","gid":382958,"msg":"添加成功！"}
2021-07-25 00:01:19 下次操作: 2021-07-25 00:01:37

2021-07-25 00:01:37 开始第 13 次操作

2021-07-25 00:01:37 开始操作号码 【1558570】
2021-07-25 00:01:40 GSD getOne 第 1 次 等待 3 秒
2021-07-25 00:01:43 查询号码 【1558570】，返回信息 {"status":"bad","msg":""}
2021-07-25 00:01:43 查询号码 【1558570】，GSD为【""】
2021-07-25 00:01:43 bad
2021-07-25 00:01:45 CHB 1558570?1627142503 第 1 次 等待 3 秒
2021-07-25 00:01:48 CHB 1558570?1627142503 第 1 次 获取到号码【1558570】GSD
2021-07-25 00:01:48 获取到号码【1558570】的GSD为【贵州-毕节】
2021-07-25 00:01:50 GSD insert 第 1 次 等待 3 秒
2021-07-25 00:01:53 {"status":"ok","gid":382968,"msg":"添加成功！"}
2021-07-25 00:01:53 下次操作: 2021-07-25 00:02:08

2021-07-25 00:02:08 开始第 14 次操作

2021-07-25 00:02:08 开始操作号码 【1558569】
2021-07-25 00:02:12 GSD getOne 第 1 次 等待 3 秒
2021-07-25 00:02:15 查询号码 【1558569】，返回信息 {"status":"bad","msg":""}
2021-07-25 00:02:15 查询号码 【1558569】，GSD为【""】
2021-07-25 00:02:15 bad
2021-07-25 00:02:17 CHB 1558569?1627142535 第 1 次 等待 3 秒
2021-07-25 00:02:20 CHB 1558569?1627142535 第 1 次 获取到号码【1558569】GSD
2021-07-25 00:02:20 获取到号码【1558569】的GSD为【吉林-通化】
2021-07-25 00:02:23 GSD insert 第 1 次 等待 3 秒
2021-07-25 00:02:26 {"status":"ok","gid":382977,"msg":"添加成功！"}
2021-07-25 00:02:26 下次操作: 2021-07-25 00:02:46

2021-07-25 00:02:46 开始第 15 次操作

2021-07-25 00:02:46 开始操作号码 【1558568】
2021-07-25 00:02:50 GSD getOne 第 1 次 等待 3 秒
2021-07-25 00:02:53 查询号码 【1558568】，返回信息 {"status":"bad","msg":""}
2021-07-25 00:02:53 查询号码 【1558568】，GSD为【""】
2021-07-25 00:02:53 bad
2021-07-25 00:02:55 CHB 1558568?1627142573 第 1 次 等待 3 秒
2021-07-25 00:02:58 CHB 1558568?1627142573 第 1 次 获取到号码【1558568】GSD
2021-07-25 00:02:58 获取到号码【1558568】的GSD为【吉林-通化】
2021-07-25 00:03:01 GSD insert 第 1 次 等待 3 秒
2021-07-25 00:03:04 {"status":"ok","gid":382990,"msg":"添加成功！"}
2021-07-25 00:03:04 下次操作: 2021-07-25 00:03:24

2021-07-25 00:03:24 开始第 16 次操作

2021-07-25 00:03:24 开始操作号码 【1558567】
2021-07-25 00:03:26 GSD getOne 第 1 次 等待 3 秒
2021-07-25 00:03:29 查询号码 【1558567】，返回信息 {"status":"bad","msg":""}
2021-07-25 00:03:30 查询号码 【1558567】，GSD为【""】
2021-07-25 00:03:30 bad
2021-07-25 00:03:31 CHB 1558567?1627142610 第 1 次 等待 3 秒
2021-07-25 00:03:34 CHB 1558567?1627142610 第 1 次 获取到号码【1558567】GSD
2021-07-25 00:03:34 获取到号码【1558567】的GSD为【吉林-通化】
2021-07-25 00:03:37 GSD insert 第 1 次 等待 3 秒
2021-07-25 00:03:40 {"status":"ok","gid":382998,"msg":"添加成功！"}
2021-07-25 00:03:40 下次操作: 2021-07-25 00:04:02

2021-07-25 00:04:02 开始第 17 次操作

2021-07-25 00:04:02 开始操作号码 【1558566】
2021-07-25 00:04:05 GSD getOne 第 1 次 等待 3 秒
2021-07-25 00:04:08 查询号码 【1558566】，返回信息 {"status":"bad","msg":""}
2021-07-25 00:04:08 查询号码 【1558566】，GSD为【""】
2021-07-25 00:04:08 bad
2021-07-25 00:04:11 CHB 1558566?1627142648 第 1 次 等待 3 秒
2021-07-25 00:04:14 CHB 1558566?1627142648 第 1 次 获取到号码【1558566】GSD
2021-07-25 00:04:14 获取到号码【1558566】的GSD为【吉林-通化】
2021-07-25 00:04:16 GSD insert 第 1 次 等待 3 秒
2021-07-25 00:04:19 {"status":"ok","gid":383006,"msg":"添加成功！"}
2021-07-25 00:04:19 下次操作: 2021-07-25 00:04:38

2021-07-25 00:04:38 开始第 18 次操作

2021-07-25 00:04:38 开始操作号码 【1558565】
2021-07-25 00:04:41 GSD getOne 第 1 次 等待 3 秒
2021-07-25 00:04:44 查询号码 【1558565】，返回信息 {"status":"bad","msg":""}
2021-07-25 00:04:44 查询号码 【1558565】，GSD为【""】
2021-07-25 00:04:44 bad
2021-07-25 00:04:48 CHB 1558565?1627142684 第 1 次 等待 3 秒
2021-07-25 00:04:51 CHB 1558565?1627142684 第 1 次 获取到号码【1558565】GSD
2021-07-25 00:04:51 获取到号码【1558565】的GSD为【吉林-通化】
2021-07-25 00:04:57 GSD insert 第 1 次 等待 3 秒
2021-07-25 00:05:00 {"status":"ok","gid":383015,"msg":"添加成功！"}
2021-07-25 00:05:00 下次操作: 2021-07-25 00:05:12

2021-07-25 00:05:12 开始第 19 次操作

2021-07-25 00:05:12 开始操作号码 【1558564】
2021-07-25 00:05:15 GSD getOne 第 1 次 等待 3 秒
2021-07-25 00:05:18 查询号码 【1558564】，返回信息 {"status":"bad","msg":""}
2021-07-25 00:05:18 查询号码 【1558564】，GSD为【""】
2021-07-25 00:05:18 bad
2021-07-25 00:05:20 CHB 1558564?1627142718 第 1 次 等待 3 秒
2021-07-25 00:05:23 CHB 1558564?1627142718 第 1 次 获取到号码【1558564】GSD
2021-07-25 00:05:23 获取到号码【1558564】的GSD为【吉林-四平】
2021-07-25 00:05:26 GSD insert 第 1 次 等待 3 秒
2021-07-25 00:05:29 {"status":"ok","gid":383024,"msg":"添加成功！"}
2021-07-25 00:05:29 下次操作: 2021-07-25 00:05:43

2021-07-25 00:05:43 开始第 20 次操作

2021-07-25 00:05:43 开始操作号码 【1558563】
2021-07-25 00:05:53 GSD getOne 第 1 次 等待 3 秒
2021-07-25 00:05:56 查询号码 【1558563】，返回信息 {"status":"bad","msg":""}
2021-07-25 00:05:56 查询号码 【1558563】，GSD为【""】
2021-07-25 00:05:56 bad
2021-07-25 00:06:00 CHB 1558563?1627142756 第 1 次 等待 3 秒
2021-07-25 00:06:03 CHB 1558563?1627142756 第 1 次 获取到号码【1558563】GSD
2021-07-25 00:06:03 获取到号码【1558563】的GSD为【吉林-松原】
2021-07-25 00:06:06 GSD insert 第 1 次 等待 3 秒
2021-07-25 00:06:10 {"status":"ok","gid":383036,"msg":"添加成功！"}
2021-07-25 00:06:10 下次操作: 2021-07-25 00:06:25

2021-07-25 00:06:25 开始第 21 次操作

2021-07-25 00:06:25 开始操作号码 【1558562】
2021-07-25 00:06:28 GSD getOne 第 1 次 等待 3 秒
2021-07-25 00:06:31 查询号码 【1558562】，返回信息 {"status":"bad","msg":""}
2021-07-25 00:06:31 查询号码 【1558562】，GSD为【""】
2021-07-25 00:06:31 bad
2021-07-25 00:06:33 CHB 1558562?1627142791 第 1 次 等待 3 秒
2021-07-25 00:06:36 CHB 1558562?1627142791 第 1 次 获取到号码【1558562】GSD
2021-07-25 00:06:36 获取到号码【1558562】的GSD为【吉林-松原】
2021-07-25 00:06:41 GSD insert 第 1 次 等待 3 秒
2021-07-25 00:06:44 {"status":"ok","gid":383047,"msg":"添加成功！"}
2021-07-25 00:06:44 下次操作: 2021-07-25 00:06:58

2021-07-25 00:06:58 开始第 22 次操作

2021-07-25 00:06:58 开始操作号码 【1558561】
2021-07-25 00:07:01 GSD getOne 第 1 次 等待 3 秒
2021-07-25 00:07:04 查询号码 【1558561】，返回信息 {"status":"bad","msg":""}
2021-07-25 00:07:04 查询号码 【1558561】，GSD为【""】
2021-07-25 00:07:04 bad
2021-07-25 00:07:06 CHB 1558561?1627142824 第 1 次 等待 3 秒
2021-07-25 00:07:09 CHB 1558561?1627142824 第 1 次 获取到号码【1558561】GSD
2021-07-25 00:07:09 获取到号码【1558561】的GSD为【吉林-松原】
2021-07-25 00:07:12 GSD insert 第 1 次 等待 3 秒
2021-07-25 00:07:15 {"status":"ok","gid":383055,"msg":"添加成功！"}
2021-07-25 00:07:15 下次操作: 2021-07-25 00:07:35

2021-07-25 00:07:35 开始第 23 次操作

2021-07-25 00:07:35 开始操作号码 【1558560】
2021-07-25 00:07:38 GSD getOne 第 1 次 等待 3 秒
2021-07-25 00:07:41 查询号码 【1558560】，返回信息 {"status":"bad","msg":""}
2021-07-25 00:07:41 查询号码 【1558560】，GSD为【""】
2021-07-25 00:07:41 bad
2021-07-25 00:07:42 CHB 1558560?1627142861 第 1 次 等待 3 秒
2021-07-25 00:07:45 CHB 1558560?1627142861 第 1 次 获取到号码【1558560】GSD
2021-07-25 00:07:45 获取到号码【1558560】的GSD为【吉林-松原】
2021-07-25 00:07:48 GSD insert 第 1 次 等待 3 秒
2021-07-25 00:07:51 {"status":"ok","gid":383064,"msg":"添加成功！"}
2021-07-25 00:07:51 下次操作: 2021-07-25 00:08:14

2021-07-25 00:08:14 开始第 24 次操作

2021-07-25 00:08:14 开始操作号码 【1558559】
2021-07-25 00:08:20 GSD getOne 第 1 次 等待 3 秒
2021-07-25 00:08:23 查询号码 【1558559】，返回信息 {"status":"bad","msg":""}
2021-07-25 00:08:23 查询号码 【1558559】，GSD为【""】
2021-07-25 00:08:23 bad
2021-07-25 00:08:25 CHB 1558559?1627142903 第 1 次 等待 3 秒
2021-07-25 00:08:28 CHB 1558559?1627142903 第 1 次 获取到号码【1558559】GSD
2021-07-25 00:08:28 获取到号码【1558559】的GSD为【吉林-延边】
2021-07-25 00:08:36 GSD insert 第 1 次 等待 3 秒
2021-07-25 00:08:39 {"status":"ok","gid":383075,"msg":"添加成功！"}
2021-07-25 00:08:39 下次操作: 2021-07-25 00:09:03

2021-07-25 00:09:03 开始第 25 次操作

2021-07-25 00:09:03 开始操作号码 【1558558】
2021-07-25 00:09:06 GSD getOne 第 1 次 等待 3 秒
2021-07-25 00:09:09 查询号码 【1558558】，返回信息 {"status":"ok","msg":"吉林-延边","gid":"22285","time_insert":"2016-11-06 21:18","time_update":"2020-08-21 10:40"}
2021-07-25 00:09:09 查询号码 【1558558】，GSD为【"吉林-延边"】

2021-07-25 00:09:09 开始第 25 次操作

2021-07-25 00:09:09 开始操作号码 【1558557】
2021-07-25 00:09:14 GSD getOne 第 1 次 等待 3 秒
2021-07-25 00:09:17 查询号码 【1558557】，返回信息 {"status":"bad","msg":""}
2021-07-25 00:09:17 查询号码 【1558557】，GSD为【""】
2021-07-25 00:09:17 bad
2021-07-25 00:09:18 CHB 1558557?1627142957 第 1 次 等待 3 秒
2021-07-25 00:09:21 CHB 1558557?1627142957 第 1 次 获取到号码【1558557】GSD
2021-07-25 00:09:21 获取到号码【1558557】的GSD为【吉林-延边】
2021-07-25 00:09:24 GSD insert 第 1 次 等待 3 秒
2021-07-25 00:09:27 {"status":"ok","gid":383086,"msg":"添加成功！"}
2021-07-25 00:09:27 下次操作: 2021-07-25 00:09:49

2021-07-25 00:09:49 开始第 26 次操作

2021-07-25 00:09:49 开始操作号码 【1558556】
2021-07-25 00:09:52 GSD getOne 第 1 次 等待 3 秒
2021-07-25 00:09:55 查询号码 【1558556】，返回信息 {"status":"bad","msg":""}
2021-07-25 00:09:55 查询号码 【1558556】，GSD为【""】
2021-07-25 00:09:55 bad
2021-07-25 00:09:56 CHB 1558556?1627142995 第 1 次 等待 3 秒
2021-07-25 00:09:59 CHB 1558556?1627142995 第 1 次 获取到号码【1558556】GSD
2021-07-25 00:09:59 获取到号码【1558556】的GSD为【吉林-延边】
2021-07-25 00:10:07 GSD insert 第 1 次 等待 3 秒
2021-07-25 00:10:10 {"status":"ok","gid":383094,"msg":"添加成功！"}
2021-07-25 00:10:10 下次操作: 2021-07-25 00:10:26

2021-07-25 00:10:26 开始第 27 次操作

2021-07-25 00:10:26 开始操作号码 【1558555】
2021-07-25 00:10:28 GSD getOne 第 1 次 等待 3 秒
2021-07-25 00:10:31 查询号码 【1558555】，返回信息 {"status":"ok","msg":"吉林-延边","gid":"22284","time_insert":"2014-11-19 19:49","time_update":"2020-08-21 10:35"}
2021-07-25 00:10:32 查询号码 【1558555】，GSD为【"吉林-延边"】

2021-07-25 00:10:32 开始第 27 次操作

2021-07-25 00:10:32 开始操作号码 【1558554】
2021-07-25 00:10:34 GSD getOne 第 1 次 等待 3 秒
2021-07-25 00:10:37 查询号码 【1558554】，返回信息 {"status":"bad","msg":""}
2021-07-25 00:10:37 查询号码 【1558554】，GSD为【""】
2021-07-25 00:10:37 bad
2021-07-25 00:10:39 CHB 1558554?1627143037 第 1 次 等待 3 秒
2021-07-25 00:10:42 CHB 1558554?1627143037 第 1 次 获取到号码【1558554】GSD
2021-07-25 00:10:42 获取到号码【1558554】的GSD为【吉林-白城】
2021-07-25 00:10:46 GSD insert 第 1 次 等待 3 秒
2021-07-25 00:10:49 {"status":"ok","gid":383102,"msg":"添加成功！"}
2021-07-25 00:10:49 下次操作: 2021-07-25 00:11:08

2021-07-25 00:11:08 开始第 28 次操作

2021-07-25 00:11:08 开始操作号码 【1558553】
2021-07-25 00:11:11 GSD getOne 第 1 次 等待 3 秒
2021-07-25 00:11:14 查询号码 【1558553】，返回信息 {"status":"bad","msg":""}
2021-07-25 00:11:14 查询号码 【1558553】，GSD为【""】
2021-07-25 00:11:14 bad
2021-07-25 00:11:16 CHB 1558553?1627143074 第 1 次 等待 3 秒
2021-07-25 00:11:19 CHB 1558553?1627143074 第 1 次 获取到号码【1558553】GSD
2021-07-25 00:11:19 获取到号码【1558553】的GSD为【吉林-白城】
2021-07-25 00:11:21 GSD insert 第 1 次 等待 3 秒
2021-07-25 00:11:24 {"status":"ok","gid":383108,"msg":"添加成功！"}
2021-07-25 00:11:24 下次操作: 2021-07-25 00:11:36

2021-07-25 00:11:36 开始第 29 次操作

2021-07-25 00:11:36 开始操作号码 【1558552】
2021-07-25 00:11:44 GSD getOne 第 1 次 等待 3 秒
2021-07-25 00:11:47 查询号码 【1558552】，返回信息 {"status":"bad","msg":""}
2021-07-25 00:11:47 查询号码 【1558552】，GSD为【""】
2021-07-25 00:11:47 bad
2021-07-25 00:11:49 CHB 1558552?1627143107 第 1 次 等待 3 秒
2021-07-25 00:11:52 CHB 1558552?1627143107 第 1 次 获取到号码【1558552】GSD
2021-07-25 00:11:52 获取到号码【1558552】的GSD为【吉林-白城】
2021-07-25 00:11:55 GSD insert 第 1 次 等待 3 秒
2021-07-25 00:11:58 {"status":"ok","gid":383114,"msg":"添加成功！"}
2021-07-25 00:11:58 下次操作: 2021-07-25 00:12:12

2021-07-25 00:12:12 开始第 30 次操作

2021-07-25 00:12:12 开始操作号码 【1558551】
2021-07-25 00:12:14 GSD getOne 第 1 次 等待 3 秒
2021-07-25 00:12:17 查询号码 【1558551】，返回信息 {"status":"bad","msg":""}
2021-07-25 00:12:17 查询号码 【1558551】，GSD为【""】
2021-07-25 00:12:17 bad
2021-07-25 00:12:20 CHB 1558551?1627143137 第 1 次 等待 3 秒
2021-07-25 00:12:23 CHB 1558551?1627143137 第 1 次 获取到号码【1558551】GSD
2021-07-25 00:12:23 获取到号码【1558551】的GSD为【吉林-白城】
2021-07-25 00:12:27 GSD insert 第 1 次 等待 3 秒
2021-07-25 00:12:30 {"status":"ok","gid":383118,"msg":"添加成功！"}
2021-07-25 00:12:30 下次操作: 2021-07-25 00:12:48

2021-07-25 00:12:48 开始第 31 次操作

2021-07-25 00:12:48 开始操作号码 【1558550】
2021-07-25 00:12:53 GSD getOne 第 1 次 等待 3 秒
2021-07-25 00:12:56 查询号码 【1558550】，返回信息 {"status":"bad","msg":""}
2021-07-25 00:12:56 查询号码 【1558550】，GSD为【""】
2021-07-25 00:12:56 bad
2021-07-25 00:12:58 CHB 1558550?1627143176 第 1 次 等待 3 秒
2021-07-25 00:13:01 CHB 1558550?1627143176 第 1 次 获取到号码【1558550】GSD
2021-07-25 00:13:01 获取到号码【1558550】的GSD为【吉林-白城】
2021-07-25 00:13:07 GSD insert 第 1 次 等待 3 秒
2021-07-25 00:13:10 {"status":"ok","gid":383124,"msg":"添加成功！"}
2021-07-25 00:13:10 下次操作: 2021-07-25 00:13:34

2021-07-25 00:13:34 开始第 32 次操作

2021-07-25 00:13:34 开始操作号码 【1558549】
2021-07-25 00:13:37 GSD getOne 第 1 次 等待 3 秒
2021-07-25 00:13:40 查询号码 【1558549】，返回信息 {"status":"bad","msg":""}
2021-07-25 00:13:40 查询号码 【1558549】，GSD为【""】
2021-07-25 00:13:40 bad
2021-07-25 00:13:42 CHB 1558549?1627143220 第 1 次 等待 3 秒
2021-07-25 00:13:45 CHB 1558549?1627143220 第 1 次 获取到号码【1558549】GSD
2021-07-25 00:13:45 获取到号码【1558549】的GSD为【吉林-白山】
2021-07-25 00:13:48 GSD insert 第 1 次 等待 3 秒
2021-07-25 00:13:51 {"status":"ok","gid":383128,"msg":"添加成功！"}
2021-07-25 00:13:51 下次操作: 2021-07-25 00:14:12

2021-07-25 00:14:12 开始第 33 次操作

2021-07-25 00:14:12 开始操作号码 【1558548】
2021-07-25 00:14:17 GSD getOne 第 1 次 等待 3 秒
2021-07-25 00:14:20 查询号码 【1558548】，返回信息 {"status":"bad","msg":""}
2021-07-25 00:14:20 查询号码 【1558548】，GSD为【""】
2021-07-25 00:14:20 bad
2021-07-25 00:14:22 CHB 1558548?1627143260 第 1 次 等待 3 秒
2021-07-25 00:14:25 CHB 1558548?1627143260 第 1 次 获取到号码【1558548】GSD
2021-07-25 00:14:25 获取到号码【1558548】的GSD为【吉林-白山】
2021-07-25 00:14:28 GSD insert 第 1 次 等待 3 秒
2021-07-25 00:14:31 {"status":"ok","gid":383132,"msg":"添加成功！"}
2021-07-25 00:14:31 下次操作: 2021-07-25 00:14:52

2021-07-25 00:14:53 开始第 34 次操作

2021-07-25 00:14:53 开始操作号码 【1558547】
2021-07-25 00:14:55 GSD getOne 第 1 次 等待 3 秒
2021-07-25 00:14:58 查询号码 【1558547】，返回信息 {"status":"bad","msg":""}
2021-07-25 00:14:58 查询号码 【1558547】，GSD为【""】
2021-07-25 00:14:58 bad
2021-07-25 00:15:00 CHB 1558547?1627143298 第 1 次 等待 3 秒
2021-07-25 00:15:03 CHB 1558547?1627143298 第 1 次 获取到号码【1558547】GSD
2021-07-25 00:15:03 获取到号码【1558547】的GSD为【吉林-白城】
2021-07-25 00:15:07 GSD insert 第 1 次 等待 3 秒
2021-07-25 00:15:10 {"status":"ok","gid":383138,"msg":"添加成功！"}
2021-07-25 00:15:10 下次操作: 2021-07-25 00:15:28

2021-07-25 00:15:28 开始第 35 次操作

2021-07-25 00:15:28 开始操作号码 【1558546】
2021-07-25 00:15:31 GSD getOne 第 1 次 等待 3 秒
2021-07-25 00:15:34 查询号码 【1558546】，返回信息 {"status":"bad","msg":""}
2021-07-25 00:15:34 查询号码 【1558546】，GSD为【""】
2021-07-25 00:15:34 bad
2021-07-25 00:15:35 CHB 1558546?1627143334 第 1 次 等待 3 秒
2021-07-25 00:15:38 CHB 1558546?1627143334 第 1 次 获取到号码【1558546】GSD
2021-07-25 00:15:38 获取到号码【1558546】的GSD为【吉林-白城】
2021-07-25 00:15:43 GSD insert 第 1 次 等待 3 秒
2021-07-25 00:15:46 {"status":"ok","gid":383141,"msg":"添加成功！"}
2021-07-25 00:15:46 下次操作: 2021-07-25 00:15:58

2021-07-25 00:15:58 开始第 36 次操作

2021-07-25 00:15:58 开始操作号码 【1558545】
2021-07-25 00:16:00 GSD getOne 第 1 次 等待 3 秒
2021-07-25 00:16:03 查询号码 【1558545】，返回信息 {"status":"bad","msg":""}
2021-07-25 00:16:03 查询号码 【1558545】，GSD为【""】
2021-07-25 00:16:03 bad
2021-07-25 00:16:05 CHB 1558545?1627143363 第 1 次 等待 3 秒
2021-07-25 00:16:08 CHB 1558545?1627143363 第 1 次 获取到号码【1558545】GSD
2021-07-25 00:16:08 获取到号码【1558545】的GSD为【吉林-四平】
2021-07-25 00:16:12 GSD insert 第 1 次 等待 3 秒
2021-07-25 00:16:15 {"status":"ok","gid":383146,"msg":"添加成功！"}
2021-07-25 00:16:15 下次操作: 2021-07-25 00:16:29

2021-07-25 00:16:29 开始第 37 次操作

2021-07-25 00:16:29 开始操作号码 【1558544】
2021-07-25 00:16:31 GSD getOne 第 1 次 等待 3 秒
2021-07-25 00:16:34 查询号码 【1558544】，返回信息 {"status":"bad","msg":""}
2021-07-25 00:16:34 查询号码 【1558544】，GSD为【""】
2021-07-25 00:16:34 bad
2021-07-25 00:16:36 CHB 1558544?1627143394 第 1 次 等待 3 秒
2021-07-25 00:16:39 CHB 1558544?1627143394 第 1 次 获取到号码【1558544】GSD
2021-07-25 00:16:39 获取到号码【1558544】的GSD为【吉林-四平】
2021-07-25 00:16:45 GSD insert 第 1 次 等待 3 秒
2021-07-25 00:16:48 {"status":"ok","gid":383150,"msg":"添加成功！"}
2021-07-25 00:16:48 下次操作: 2021-07-25 00:17:07

2021-07-25 00:17:07 开始第 38 次操作

2021-07-25 00:17:07 开始操作号码 【1558543】
2021-07-25 00:17:10 GSD getOne 第 1 次 等待 3 秒
2021-07-25 00:17:13 查询号码 【1558543】，返回信息 {"status":"bad","msg":""}
2021-07-25 00:17:13 查询号码 【1558543】，GSD为【""】
2021-07-25 00:17:13 bad
2021-07-25 00:17:15 CHB 1558543?1627143433 第 1 次 等待 3 秒
2021-07-25 00:17:18 CHB 1558543?1627143433 第 1 次 获取到号码【1558543】GSD
2021-07-25 00:17:18 获取到号码【1558543】的GSD为【吉林-四平】
2021-07-25 00:17:21 GSD insert 第 1 次 等待 3 秒
2021-07-25 00:17:24 {"status":"ok","gid":383154,"msg":"添加成功！"}
2021-07-25 00:17:24 下次操作: 2021-07-25 00:17:48

2021-07-25 00:17:48 开始第 39 次操作

2021-07-25 00:17:48 开始操作号码 【1558542】
2021-07-25 00:17:55 GSD getOne 第 1 次 等待 3 秒
2021-07-25 00:17:58 查询号码 【1558542】，返回信息 {"status":"bad","msg":""}
2021-07-25 00:17:58 查询号码 【1558542】，GSD为【""】
2021-07-25 00:17:58 bad
2021-07-25 00:18:00 CHB 1558542?1627143478 第 1 次 等待 3 秒
2021-07-25 00:18:03 CHB 1558542?1627143478 第 1 次 获取到号码【1558542】GSD
2021-07-25 00:18:03 获取到号码【1558542】的GSD为【吉林-通化】
2021-07-25 00:18:06 GSD insert 第 1 次 等待 3 秒
2021-07-25 00:18:09 {"status":"ok","gid":383158,"msg":"添加成功！"}
2021-07-25 00:18:09 下次操作: 2021-07-25 00:18:25

2021-07-25 00:18:25 开始第 40 次操作

2021-07-25 00:18:25 开始操作号码 【1558541】
2021-07-25 00:18:28 GSD getOne 第 1 次 等待 3 秒
2021-07-25 00:18:31 查询号码 【1558541】，返回信息 {"status":"bad","msg":""}
2021-07-25 00:18:31 查询号码 【1558541】，GSD为【""】
2021-07-25 00:18:31 bad
2021-07-25 00:18:33 CHB 1558541?1627143511 第 1 次 等待 3 秒
2021-07-25 00:18:36 CHB 1558541?1627143511 第 1 次 获取到号码【1558541】GSD
2021-07-25 00:18:36 获取到号码【1558541】的GSD为【吉林-通化】
2021-07-25 00:18:41 GSD insert 第 1 次 等待 3 秒
2021-07-25 00:18:44 {"status":"ok","gid":383159,"msg":"添加成功！"}

