2024-01-17 00:11:15 开始第 9389 次操作

2024-01-17 00:11:15 开始操作号码 【1849288】
2024-01-17 00:11:20 GSD getOne 第 1 次 等待 3 秒
2024-01-17 00:11:23 查询号码 【1849288】，返回信息 {"status":"ok","msg":"重庆-重庆","gid":"408069","time_insert":"2021-07-27 01:57"}
2024-01-17 00:11:23 查询号码 【1849288】，GSD为【"重庆-重庆"】

2024-01-17 00:11:24 开始第 9390 次操作

2024-01-17 00:11:24 开始操作号码 【1849289】
2024-01-17 00:11:33 GSD getOne 第 1 次 等待 3 秒
2024-01-17 00:11:36 查询号码 【1849289】，返回信息 {"status":"ok","msg":"重庆-重庆","gid":"408058","time_insert":"2021-07-27 01:56"}
2024-01-17 00:11:36 查询号码 【1849289】，GSD为【"重庆-重庆"】

2024-01-17 00:11:37 开始第 9391 次操作

2024-01-17 00:11:37 开始操作号码 【1849290】
2024-01-17 00:11:41 GSD getOne 第 1 次 等待 3 秒
2024-01-17 00:11:44 查询号码 【1849290】，返回信息 {"status":"ok","msg":"重庆-重庆","gid":"408052","time_insert":"2021-07-27 01:56"}
2024-01-17 00:11:44 查询号码 【1849290】，GSD为【"重庆-重庆"】

2024-01-17 00:11:45 开始第 9392 次操作

2024-01-17 00:11:45 开始操作号码 【1849291】
2024-01-17 00:11:48 GSD getOne 第 1 次 等待 3 秒
2024-01-17 00:11:51 查询号码 【1849291】，返回信息 {"status":"ok","msg":"重庆-重庆","gid":"408043","time_insert":"2021-07-27 01:55"}
2024-01-17 00:11:51 查询号码 【1849291】，GSD为【"重庆-重庆"】

2024-01-17 00:38:50 开始第 9393 次操作

2024-01-17 00:38:50 开始操作号码 【1849292】
2024-01-17 00:38:56 GSD getOne 第 1 次 等待 3 秒
2024-01-17 00:38:59 查询号码 【1849292】，返回信息 {"status":"ok","msg":"重庆-重庆","gid":"408035","time_insert":"2021-07-27 01:55"}
2024-01-17 00:38:59 查询号码 【1849292】，GSD为【"重庆-重庆"】

2024-01-17 00:39:00 开始第 9394 次操作

2024-01-17 00:39:00 开始操作号码 【1849293】
2024-01-17 00:39:04 GSD getOne 第 1 次 等待 3 秒
2024-01-17 00:39:07 查询号码 【1849293】，返回信息 {"status":"ok","msg":"重庆-重庆","gid":"408028","time_insert":"2021-07-27 01:54"}
2024-01-17 00:39:07 查询号码 【1849293】，GSD为【"重庆-重庆"】

2024-01-17 00:39:08 开始第 9395 次操作

2024-01-17 00:39:08 开始操作号码 【1849294】
2024-01-17 00:39:13 GSD getOne 第 1 次 等待 3 秒
2024-01-17 00:39:16 查询号码 【1849294】，返回信息 {"status":"ok","msg":"重庆-重庆","gid":"408020","time_insert":"2021-07-27 01:54"}
2024-01-17 00:39:16 查询号码 【1849294】，GSD为【"重庆-重庆"】

2024-01-17 00:39:17 开始第 9396 次操作

2024-01-17 00:39:17 开始操作号码 【1849295】
2024-01-17 00:39:22 GSD getOne 第 1 次 等待 3 秒
2024-01-17 00:39:25 查询号码 【1849295】，返回信息 {"status":"ok","msg":"重庆-重庆","gid":"408012","time_insert":"2021-07-27 01:53"}
2024-01-17 00:39:25 查询号码 【1849295】，GSD为【"重庆-重庆"】

