2023-10-28 00:10:03 开始第 5593 次操作

2023-10-28 00:10:03 开始操作号码 【1945502】
2023-10-28 00:10:07 GSD getOne 第 1 次 等待 3 秒
2023-10-28 00:10:10 查询号码 【1945502】，返回信息 {"status":"ok","msg":"-","gid":"621068","time_insert":"2023-03-29 03:57"}
2023-10-28 00:10:10 查询号码 【1945502】，GSD为【"-"】
2023-10-28 00:10:10 ok && -
2023-10-28 00:10:13 CHB 1945502?1698423010 第 1 次 等待 3 秒
2023-10-28 00:10:16 CHB 1945502?1698423010 第 1 次 获取到号码【1945502】GSD
2023-10-28 00:10:16 未获取到号码【1945502】GSD，可能号码格式错误
2023-10-28 00:10:16 获取到号码【1945502】的GSD为【-】
2023-10-28 00:10:20 GSD insert 第 1 次 等待 3 秒
2023-10-28 00:10:23 {"status":"bad","gid":"621068","msg":"添加失败！号码【1945502(-|-)】已存在！"}
2023-10-28 00:10:23 随机等待 107 秒，约 1 分钟
2023-10-28 00:10:23 下次操作: 2023-10-28 00:12:10

2023-10-28 00:12:10 开始第 5594 次操作

2023-10-28 00:12:10 开始操作号码 【1945503】
2023-10-28 00:12:14 GSD getOne 第 1 次 等待 3 秒
2023-10-28 00:12:17 查询号码 【1945503】，返回信息 {"status":"ok","msg":"-","gid":"621061","time_insert":"2023-03-29 03:51"}
2023-10-28 00:12:17 查询号码 【1945503】，GSD为【"-"】
2023-10-28 00:12:17 ok && -
2023-10-28 00:12:19 CHB 1945503?1698423137 第 1 次 等待 3 秒
2023-10-28 00:12:22 CHB 1945503?1698423137 第 1 次 获取到号码【1945503】GSD
2023-10-28 00:12:22 未获取到号码【1945503】GSD，可能号码格式错误
2023-10-28 00:12:22 获取到号码【1945503】的GSD为【-】
2023-10-28 00:12:27 GSD insert 第 1 次 等待 3 秒
2023-10-28 00:12:30 {"status":"bad","gid":"621061","msg":"添加失败！号码【1945503(-|-)】已存在！"}
2023-10-28 00:12:30 随机等待 187 秒，约 3 分钟
2023-10-28 00:12:30 下次操作: 2023-10-28 00:15:37

2023-10-28 00:15:37 开始第 5595 次操作

2023-10-28 00:15:37 开始操作号码 【1945504】
2023-10-28 00:15:39 GSD getOne 第 1 次 等待 3 秒
2023-10-28 00:15:42 查询号码 【1945504】，返回信息 {"status":"ok","msg":"-","gid":"621052","time_insert":"2023-03-29 03:44"}
2023-10-28 00:15:42 查询号码 【1945504】，GSD为【"-"】
2023-10-28 00:15:42 ok && -
2023-10-28 00:15:44 CHB 1945504?1698423342 第 1 次 等待 3 秒
2023-10-28 00:15:47 CHB 1945504?1698423342 第 1 次 获取到号码【1945504】GSD
2023-10-28 00:15:47 未获取到号码【1945504】GSD，可能号码格式错误
2023-10-28 00:15:47 获取到号码【1945504】的GSD为【-】
2023-10-28 00:15:55 GSD insert 第 1 次 等待 3 秒
2023-10-28 00:15:58 {"status":"bad","gid":"621052","msg":"添加失败！号码【1945504(-|-)】已存在！"}
2023-10-28 00:15:58 随机等待 209 秒，约 3 分钟
2023-10-28 00:15:58 下次操作: 2023-10-28 00:19:27

2023-10-28 00:19:27 开始第 5596 次操作

2023-10-28 00:19:27 开始操作号码 【1945505】
2023-10-28 00:19:34 GSD getOne 第 1 次 等待 3 秒
2023-10-28 00:19:37 查询号码 【1945505】，返回信息 {"status":"ok","msg":"-","gid":"621049","time_insert":"2023-03-29 03:37"}
2023-10-28 00:19:37 查询号码 【1945505】，GSD为【"-"】
2023-10-28 00:19:37 ok && -
2023-10-28 00:19:38 CHB 1945505?1698423577 第 1 次 等待 3 秒
2023-10-28 00:19:41 CHB 1945505?1698423577 第 1 次 获取到号码【1945505】GSD
2023-10-28 00:19:41 未获取到号码【1945505】GSD，可能号码格式错误
2023-10-28 00:19:41 获取到号码【1945505】的GSD为【-】
2023-10-28 00:20:02 GSD insert 第 1 次 等待 3 秒
2023-10-28 00:20:05 {"status":"bad","gid":"621049","msg":"添加失败！号码【1945505(-|-)】已存在！"}

2023-10-28 00:36:24 开始第 5597 次操作

2023-10-28 00:36:24 开始操作号码 【1945506】
2023-10-28 00:36:49 GSD getOne 第 1 次 等待 3 秒
2023-10-28 00:36:52 查询号码 【1945506】，返回信息 {"status":"ok","msg":"-","gid":"621040","time_insert":"2023-03-29 03:27"}
2023-10-28 00:36:52 查询号码 【1945506】，GSD为【"-"】
2023-10-28 00:36:52 ok && -
2023-10-28 00:36:56 CHB 1945506?1698424612 第 1 次 等待 3 秒
2023-10-28 00:36:59 CHB 1945506?1698424612 第 1 次 获取到号码【1945506】GSD
2023-10-28 00:36:59 未获取到号码【1945506】GSD，可能号码格式错误
2023-10-28 00:36:59 获取到号码【1945506】的GSD为【-】
2023-10-28 00:37:01 GSD insert 第 1 次 等待 3 秒
2023-10-28 00:37:04 {"status":"bad","gid":"621040","msg":"添加失败！号码【1945506(-|-)】已存在！"}
2023-10-28 00:37:04 随机等待 173 秒，约 2 分钟
2023-10-28 00:37:04 下次操作: 2023-10-28 00:39:57

2023-10-28 00:39:57 开始第 5598 次操作

2023-10-28 00:39:57 开始操作号码 【1945507】
2023-10-28 00:40:01 GSD getOne 第 1 次 等待 3 秒
2023-10-28 00:40:04 查询号码 【1945507】，返回信息 {"status":"ok","msg":"-","gid":"621033","time_insert":"2023-03-29 03:23"}
2023-10-28 00:40:04 查询号码 【1945507】，GSD为【"-"】
2023-10-28 00:40:04 ok && -
2023-10-28 00:40:10 CHB 1945507?1698424804 第 1 次 等待 3 秒
2023-10-28 00:40:13 CHB 1945507?1698424804 第 1 次 获取到号码【1945507】GSD
2023-10-28 00:40:13 未获取到号码【1945507】GSD，可能号码格式错误
2023-10-28 00:40:13 获取到号码【1945507】的GSD为【-】
2023-10-28 00:40:48 GSD insert 第 1 次 等待 3 秒
2023-10-28 00:40:51 {"status":"bad","gid":"621033","msg":"添加失败！号码【1945507(-|-)】已存在！"}
2023-10-28 00:40:51 随机等待 136 秒，约 2 分钟
2023-10-28 00:40:51 下次操作: 2023-10-28 00:43:07

2023-10-28 00:43:07 开始第 5599 次操作

2023-10-28 00:43:07 开始操作号码 【1945508】
2023-10-28 00:43:11 GSD getOne 第 1 次 等待 3 秒
2023-10-28 00:43:14 查询号码 【1945508】，返回信息 {"status":"ok","msg":"-","gid":"621027","time_insert":"2023-03-29 03:15"}
2023-10-28 00:43:14 查询号码 【1945508】，GSD为【"-"】
2023-10-28 00:43:14 ok && -
2023-10-28 00:43:21 CHB 1945508?1698424994 第 1 次 等待 3 秒
2023-10-28 00:43:24 CHB 1945508?1698424994 第 1 次 获取到号码【1945508】GSD
2023-10-28 00:43:24 未获取到号码【1945508】GSD，可能号码格式错误
2023-10-28 00:43:24 获取到号码【1945508】的GSD为【-】
2023-10-28 00:43:28 GSD insert 第 1 次 等待 3 秒
2023-10-28 00:43:31 {"status":"bad","gid":"621027","msg":"添加失败！号码【1945508(-|-)】已存在！"}
2023-10-28 00:43:31 随机等待 167 秒，约 2 分钟
2023-10-28 00:43:31 下次操作: 2023-10-28 00:46:18

2023-10-28 00:46:18 开始第 5600 次操作

2023-10-28 00:46:18 开始操作号码 【1945509】
2023-10-28 00:47:11 GSD getOne 第 1 次 等待 3 秒
2023-10-28 00:47:14 查询号码 【1945509】，返回信息 {"status":"ok","msg":"-","gid":"621020","time_insert":"2023-03-29 03:10"}
2023-10-28 00:47:14 查询号码 【1945509】，GSD为【"-"】
2023-10-28 00:47:14 ok && -
2023-10-28 00:47:20 CHB 1945509?1698425234 第 1 次 等待 3 秒
2023-10-28 00:47:23 CHB 1945509?1698425234 第 1 次 获取到号码【1945509】GSD
2023-10-28 00:47:23 未获取到号码【1945509】GSD，可能号码格式错误
2023-10-28 00:47:23 获取到号码【1945509】的GSD为【-】
2023-10-28 00:47:26 GSD insert 第 1 次 等待 3 秒
2023-10-28 00:47:29 {"status":"bad","gid":"621020","msg":"添加失败！号码【1945509(-|-)】已存在！"}

