2024-07-14 00:10:27 开始第 6045 次操作

2024-07-14 00:10:27 开始操作号码 【1515935】
2024-07-14 00:10:35 GSD getOne 第 1 次 等待 3 秒
2024-07-14 00:10:38 查询号码 【1515935】，返回信息 {"status":"ok","msg":"福建-宁德","gid":"415048","time_insert":"2021-07-27 16:56"}
2024-07-14 00:10:38 查询号码 【1515935】，GSD为【"福建-宁德"】

2024-07-14 00:10:39 开始第 6046 次操作

2024-07-14 00:10:39 开始操作号码 【1515936】
2024-07-14 00:10:46 GSD getOne 第 1 次 等待 3 秒
2024-07-14 00:10:49 查询号码 【1515936】，返回信息 {"status":"ok","msg":"福建-宁德","gid":"415236","time_insert":"2021-07-27 17:10"}
2024-07-14 00:10:49 查询号码 【1515936】，GSD为【"福建-宁德"】

2024-07-14 00:10:50 开始第 6047 次操作

2024-07-14 00:10:50 开始操作号码 【1515937】
2024-07-14 00:10:58 GSD getOne 第 1 次 等待 3 秒
2024-07-14 00:11:01 查询号码 【1515937】，返回信息 {"status":"ok","msg":"福建-宁德","gid":"415296","time_insert":"2021-07-27 17:23"}
2024-07-14 00:11:01 查询号码 【1515937】，GSD为【"福建-宁德"】

2024-07-14 00:11:02 开始第 6048 次操作

2024-07-14 00:11:03 开始操作号码 【1515938】
2024-07-14 00:11:10 GSD getOne 第 1 次 等待 3 秒
2024-07-14 00:11:13 查询号码 【1515938】，返回信息 {"status":"ok","msg":"福建-宁德","gid":"415323","time_insert":"2021-07-27 17:36"}
2024-07-14 00:11:14 查询号码 【1515938】，GSD为【"福建-宁德"】

