2024-03-31 00:11:02 开始第 1093 次操作

2024-03-31 00:11:02 开始操作号码 【1620993】
2024-03-31 00:11:09 GSD getOne 第 1 次 等待 3 秒
2024-03-31 00:11:12 查询号码 【1620993】，返回信息 {"status":"ok","msg":"-","gid":"105143","time_insert":"2021-06-19 02:21"}
2024-03-31 00:11:12 查询号码 【1620993】，GSD为【"-"】
2024-03-31 00:11:12 ok && -
2024-03-31 00:11:17 CHB 1620993?1711815072 第 1 次 等待 3 秒
2024-03-31 00:11:20 CHB 1620993?1711815072 第 1 次 获取到号码【1620993】GSD
2024-03-31 00:11:20 未获取到号码【1620993】GSD，可能号码格式错误
2024-03-31 00:11:20 获取到号码【1620993】的GSD为【-】
2024-03-31 00:11:26 GSD insert 第 1 次 等待 3 秒
2024-03-31 00:11:29 {"status":"bad","gid":"105143","msg":"添加失败！号码【1620993(-|-)】已存在！"}
2024-03-31 00:11:29 随机等待 202 秒，约 3 分钟
2024-03-31 00:11:29 下次操作: 2024-03-31 00:14:51

2024-03-31 00:14:51 开始第 1094 次操作

2024-03-31 00:14:51 开始操作号码 【1620994】
2024-03-31 00:14:56 GSD getOne 第 1 次 等待 3 秒
2024-03-31 00:14:59 查询号码 【1620994】，返回信息 {"status":"ok","msg":"-","gid":"105144","time_insert":"2021-06-19 02:21"}
2024-03-31 00:14:59 查询号码 【1620994】，GSD为【"-"】
2024-03-31 00:14:59 ok && -
2024-03-31 00:15:02 CHB 1620994?1711815299 第 1 次 等待 3 秒
2024-03-31 00:15:05 CHB 1620994?1711815299 第 1 次 获取到号码【1620994】GSD
2024-03-31 00:15:05 未获取到号码【1620994】GSD，可能号码格式错误
2024-03-31 00:15:05 获取到号码【1620994】的GSD为【-】
2024-03-31 00:15:10 GSD insert 第 1 次 等待 3 秒
2024-03-31 00:15:13 {"status":"bad","gid":"105144","msg":"添加失败！号码【1620994(-|-)】已存在！"}
2024-03-31 00:15:13 随机等待 180 秒，约 3 分钟
2024-03-31 00:15:13 下次操作: 2024-03-31 00:18:13

2024-03-31 00:18:13 开始第 1095 次操作

2024-03-31 00:18:13 开始操作号码 【1620995】
2024-03-31 00:18:19 GSD getOne 第 1 次 等待 3 秒
2024-03-31 00:18:22 查询号码 【1620995】，返回信息 {"status":"ok","msg":"-","gid":"105145","time_insert":"2021-06-19 02:22"}
2024-03-31 00:18:22 查询号码 【1620995】，GSD为【"-"】
2024-03-31 00:18:22 ok && -
2024-03-31 00:18:24 CHB 1620995?1711815502 第 1 次 等待 3 秒
2024-03-31 00:18:27 CHB 1620995?1711815502 第 1 次 获取到号码【1620995】GSD
2024-03-31 00:18:27 未获取到号码【1620995】GSD，可能号码格式错误
2024-03-31 00:18:27 获取到号码【1620995】的GSD为【-】
2024-03-31 00:18:34 GSD insert 第 1 次 等待 3 秒
2024-03-31 00:18:37 {"status":"bad","gid":"105145","msg":"添加失败！号码【1620995(-|-)】已存在！"}
2024-03-31 00:18:37 随机等待 118 秒，约 1 分钟
2024-03-31 00:18:37 下次操作: 2024-03-31 00:20:35

2024-03-31 00:20:35 开始第 1096 次操作

2024-03-31 00:20:35 开始操作号码 【1620996】
2024-03-31 00:20:41 GSD getOne 第 1 次 等待 3 秒
2024-03-31 00:20:44 查询号码 【1620996】，返回信息 {"status":"ok","msg":"-","gid":"105147","time_insert":"2021-06-19 02:23"}
2024-03-31 00:20:44 查询号码 【1620996】，GSD为【"-"】
2024-03-31 00:20:44 ok && -
2024-03-31 00:20:47 CHB 1620996?1711815644 第 1 次 等待 3 秒
2024-03-31 00:20:50 CHB 1620996?1711815644 第 1 次 获取到号码【1620996】GSD
2024-03-31 00:20:50 未获取到号码【1620996】GSD，可能号码格式错误
2024-03-31 00:20:50 获取到号码【1620996】的GSD为【-】
2024-03-31 00:20:55 GSD insert 第 1 次 等待 3 秒
2024-03-31 00:20:58 {"status":"bad","gid":"105147","msg":"添加失败！号码【1620996(-|-)】已存在！"}

