2024-05-14 00:12:29 开始第 9021 次操作

2024-05-14 00:12:29 开始操作号码 【1628916】
2024-05-14 00:12:36 GSD getOne 第 1 次 等待 3 秒
2024-05-14 00:12:39 查询号码 【1628916】，返回信息 {"status":"ok","msg":"陕西-宝鸡","gid":"278174","time_insert":"2021-07-14 23:03","time_update":"2023-05-18 11:07"}
2024-05-14 00:12:39 查询号码 【1628916】，GSD为【"陕西-宝鸡"】

2024-05-14 00:12:40 开始第 9022 次操作

2024-05-14 00:12:40 开始操作号码 【1628917】
2024-05-14 00:12:45 GSD getOne 第 1 次 等待 3 秒
2024-05-14 00:12:48 查询号码 【1628917】，返回信息 {"status":"ok","msg":"陕西-宝鸡","gid":"278196","time_insert":"2021-07-14 23:08","time_update":"2023-05-18 11:14"}
2024-05-14 00:12:49 查询号码 【1628917】，GSD为【"陕西-宝鸡"】

2024-05-14 00:12:50 开始第 9023 次操作

2024-05-14 00:12:50 开始操作号码 【1628918】
2024-05-14 00:12:57 GSD getOne 第 1 次 等待 3 秒
2024-05-14 00:13:00 查询号码 【1628918】，返回信息 {"status":"ok","msg":"陕西-咸阳","gid":"278203","time_insert":"2021-07-14 23:13","time_update":"2023-05-18 11:27"}
2024-05-14 00:13:00 查询号码 【1628918】，GSD为【"陕西-咸阳"】

2024-05-14 00:13:01 开始第 9024 次操作

2024-05-14 00:13:01 开始操作号码 【1628919】
2024-05-14 00:13:15 GSD getOne 第 1 次 等待 3 秒
2024-05-14 00:13:18 查询号码 【1628919】，返回信息 {"status":"ok","msg":"陕西-咸阳","gid":"278211","time_insert":"2021-07-14 23:19","time_update":"2023-05-18 11:32"}
2024-05-14 00:13:18 查询号码 【1628919】，GSD为【"陕西-咸阳"】

