2024-02-10 00:10:15 开始第 2917 次操作

2024-02-10 00:10:15 开始操作号码 【1732816】
2024-02-10 00:10:19 GSD getOne 第 1 次 等待 3 秒
2024-02-10 00:10:22 查询号码 【1732816】，返回信息 {"status":"ok","msg":"广东-中山","gid":"160194","time_insert":"2021-06-30 11:16"}
2024-02-10 00:10:22 查询号码 【1732816】，GSD为【"广东-中山"】

2024-02-10 00:10:23 开始第 2918 次操作

2024-02-10 00:10:23 开始操作号码 【1732817】
2024-02-10 00:10:27 GSD getOne 第 1 次 等待 3 秒
2024-02-10 00:10:30 查询号码 【1732817】，返回信息 {"status":"ok","msg":"广东-中山","gid":"29129","time_insert":"2019-10-19 10:55","time_update":"2020-10-01 00:54"}
2024-02-10 00:10:30 查询号码 【1732817】，GSD为【"广东-中山"】

2024-02-10 00:10:31 开始第 2919 次操作

2024-02-10 00:10:31 开始操作号码 【1732818】
2024-02-10 00:10:35 GSD getOne 第 1 次 等待 3 秒
2024-02-10 00:10:38 查询号码 【1732818】，返回信息 {"status":"ok","msg":"广东-中山","gid":"160255","time_insert":"2021-06-30 11:49"}
2024-02-10 00:10:38 查询号码 【1732818】，GSD为【"广东-中山"】

2024-02-10 00:10:39 开始第 2920 次操作

2024-02-10 00:10:39 开始操作号码 【1732819】
2024-02-10 00:10:43 GSD getOne 第 1 次 等待 3 秒
2024-02-10 00:10:46 查询号码 【1732819】，返回信息 {"status":"ok","msg":"广东-中山","gid":"160266","time_insert":"2021-06-30 11:50"}
2024-02-10 00:10:46 查询号码 【1732819】，GSD为【"广东-中山"】

