2024-03-27 00:10:50 开始第 369 次操作

2024-03-27 00:10:50 开始操作号码 【1620269】
2024-03-27 00:10:55 GSD getOne 第 1 次 等待 3 秒
2024-03-27 00:10:58 查询号码 【1620269】，返回信息 {"status":"ok","msg":"-","gid":"103889","time_insert":"2021-06-18 18:14"}
2024-03-27 00:10:58 查询号码 【1620269】，GSD为【"-"】
2024-03-27 00:10:58 ok && -
2024-03-27 00:11:00 CHB 1620269?1711469458 第 1 次 等待 3 秒
2024-03-27 00:11:03 CHB 1620269?1711469458 第 1 次 获取到号码【1620269】GSD
2024-03-27 00:11:03 未获取到号码【1620269】GSD，可能号码格式错误
2024-03-27 00:11:03 获取到号码【1620269】的GSD为【-】
2024-03-27 00:11:08 GSD insert 第 1 次 等待 3 秒
2024-03-27 00:11:11 {"status":"bad","gid":"103889","msg":"添加失败！号码【1620269(-|-)】已存在！"}
2024-03-27 00:11:11 随机等待 77 秒，约 1 分钟
2024-03-27 00:11:11 下次操作: 2024-03-27 00:12:28

2024-03-27 00:12:28 开始第 370 次操作

2024-03-27 00:12:28 开始操作号码 【1620270】
2024-03-27 00:12:33 GSD getOne 第 1 次 等待 3 秒
2024-03-27 00:12:36 查询号码 【1620270】，返回信息 {"status":"ok","msg":"-","gid":"103890","time_insert":"2021-06-18 18:15"}
2024-03-27 00:12:36 查询号码 【1620270】，GSD为【"-"】
2024-03-27 00:12:36 ok && -
2024-03-27 00:12:38 CHB 1620270?1711469556 第 1 次 等待 3 秒
2024-03-27 00:12:41 CHB 1620270?1711469556 第 1 次 获取到号码【1620270】GSD
2024-03-27 00:12:41 未获取到号码【1620270】GSD，可能号码格式错误
2024-03-27 00:12:41 获取到号码【1620270】的GSD为【-】
2024-03-27 00:12:46 GSD insert 第 1 次 等待 3 秒
2024-03-27 00:12:49 {"status":"bad","gid":"103890","msg":"添加失败！号码【1620270(-|-)】已存在！"}
2024-03-27 00:12:49 随机等待 129 秒，约 2 分钟
2024-03-27 00:12:49 下次操作: 2024-03-27 00:14:58

2024-03-27 00:14:58 开始第 371 次操作

2024-03-27 00:14:58 开始操作号码 【1620271】
2024-03-27 00:15:03 GSD getOne 第 1 次 等待 3 秒
2024-03-27 00:15:06 查询号码 【1620271】，返回信息 {"status":"ok","msg":"-","gid":"103892","time_insert":"2021-06-18 18:16"}
2024-03-27 00:15:06 查询号码 【1620271】，GSD为【"-"】
2024-03-27 00:15:06 ok && -
2024-03-27 00:15:08 CHB 1620271?1711469706 第 1 次 等待 3 秒
2024-03-27 00:15:11 CHB 1620271?1711469706 第 1 次 获取到号码【1620271】GSD
2024-03-27 00:15:11 未获取到号码【1620271】GSD，可能号码格式错误
2024-03-27 00:15:11 获取到号码【1620271】的GSD为【-】
2024-03-27 00:15:16 GSD insert 第 1 次 等待 3 秒
2024-03-27 00:15:19 {"status":"bad","gid":"103892","msg":"添加失败！号码【1620271(-|-)】已存在！"}
2024-03-27 00:15:19 随机等待 82 秒，约 1 分钟
2024-03-27 00:15:19 下次操作: 2024-03-27 00:16:41

2024-03-27 00:16:41 开始第 372 次操作

2024-03-27 00:16:41 开始操作号码 【1620272】
2024-03-27 00:16:46 GSD getOne 第 1 次 等待 3 秒
2024-03-27 00:16:49 查询号码 【1620272】，返回信息 {"status":"ok","msg":"-","gid":"103895","time_insert":"2021-06-18 18:17"}
2024-03-27 00:16:49 查询号码 【1620272】，GSD为【"-"】
2024-03-27 00:16:49 ok && -
2024-03-27 00:16:51 CHB 1620272?1711469809 第 1 次 等待 3 秒
2024-03-27 00:16:54 CHB 1620272?1711469809 第 1 次 获取到号码【1620272】GSD
2024-03-27 00:16:54 未获取到号码【1620272】GSD，可能号码格式错误
2024-03-27 00:16:54 获取到号码【1620272】的GSD为【-】
2024-03-27 00:16:59 GSD insert 第 1 次 等待 3 秒
2024-03-27 00:17:02 {"status":"bad","gid":"103895","msg":"添加失败！号码【1620272(-|-)】已存在！"}

