2024-03-20 00:11:22 开始第 25 次操作

2024-03-20 00:11:22 开始操作号码 【1739924】
2024-03-20 00:11:28 GSD getOne 第 1 次 等待 3 秒
2024-03-20 00:11:31 查询号码 【1739924】，返回信息 {"status":"ok","msg":"新疆-和田","gid":"236143","time_insert":"2021-07-10 03:35"}
2024-03-20 00:11:31 查询号码 【1739924】，GSD为【"新疆-和田"】

2024-03-20 00:11:32 开始第 26 次操作

2024-03-20 00:11:32 开始操作号码 【1739925】
2024-03-20 00:11:38 GSD getOne 第 1 次 等待 3 秒
2024-03-20 00:11:41 查询号码 【1739925】，返回信息 {"status":"ok","msg":"新疆-和田","gid":"236146","time_insert":"2021-07-10 03:35"}
2024-03-20 00:11:41 查询号码 【1739925】，GSD为【"新疆-和田"】

2024-03-20 00:11:42 开始第 27 次操作

2024-03-20 00:11:42 开始操作号码 【1739926】
2024-03-20 00:11:48 GSD getOne 第 1 次 等待 3 秒
2024-03-20 00:11:51 查询号码 【1739926】，返回信息 {"status":"ok","msg":"新疆-喀什","gid":"236149","time_insert":"2021-07-10 03:35"}
2024-03-20 00:11:51 查询号码 【1739926】，GSD为【"新疆-喀什"】

2024-03-20 00:11:52 开始第 28 次操作

2024-03-20 00:11:52 开始操作号码 【1739927】
2024-03-20 00:11:58 GSD getOne 第 1 次 等待 3 秒
2024-03-20 00:12:01 查询号码 【1739927】，返回信息 {"status":"ok","msg":"新疆-喀什","gid":"236154","time_insert":"2021-07-10 03:36"}
2024-03-20 00:12:01 查询号码 【1739927】，GSD为【"新疆-喀什"】

2024-03-20 00:37:49 开始第 29 次操作

2024-03-20 00:37:49 开始操作号码 【1739928】
2024-03-20 00:37:55 GSD getOne 第 1 次 等待 3 秒
2024-03-20 00:37:58 查询号码 【1739928】，返回信息 {"status":"ok","msg":"新疆-喀什","gid":"236158","time_insert":"2021-07-10 03:36"}
2024-03-20 00:37:58 查询号码 【1739928】，GSD为【"新疆-喀什"】

2024-03-20 00:37:59 开始第 30 次操作

2024-03-20 00:37:59 开始操作号码 【1739929】
2024-03-20 00:38:05 GSD getOne 第 1 次 等待 3 秒
2024-03-20 00:38:08 查询号码 【1739929】，返回信息 {"status":"ok","msg":"新疆-喀什","gid":"236165","time_insert":"2021-07-10 03:37"}
2024-03-20 00:38:08 查询号码 【1739929】，GSD为【"新疆-喀什"】

2024-03-20 00:38:09 开始第 31 次操作

2024-03-20 00:38:09 开始操作号码 【1739930】
2024-03-20 00:38:15 GSD getOne 第 1 次 等待 3 秒
2024-03-20 00:38:18 查询号码 【1739930】，返回信息 {"status":"ok","msg":"新疆-喀什","gid":"236170","time_insert":"2021-07-10 03:37"}
2024-03-20 00:38:18 查询号码 【1739930】，GSD为【"新疆-喀什"】

2024-03-20 00:38:19 开始第 32 次操作

2024-03-20 00:38:19 开始操作号码 【1739931】
2024-03-20 00:38:25 GSD getOne 第 1 次 等待 3 秒
2024-03-20 00:38:28 查询号码 【1739931】，返回信息 {"status":"ok","msg":"新疆-喀什","gid":"236178","time_insert":"2021-07-10 03:38"}
2024-03-20 00:38:28 查询号码 【1739931】，GSD为【"新疆-喀什"】

