2024-02-19 00:09:58 开始第 4573 次操作

2024-02-19 00:09:58 开始操作号码 【1734472】
2024-02-19 00:10:04 GSD getOne 第 1 次 等待 3 秒
2024-02-19 00:10:07 查询号码 【1734472】，返回信息 {"status":"ok","msg":"河南-安阳","gid":"176896","time_insert":"2021-07-02 21:58"}
2024-02-19 00:10:07 查询号码 【1734472】，GSD为【"河南-安阳"】

2024-02-19 00:10:08 开始第 4574 次操作

2024-02-19 00:10:08 开始操作号码 【1734473】
2024-02-19 00:10:13 GSD getOne 第 1 次 等待 3 秒
2024-02-19 00:10:16 查询号码 【1734473】，返回信息 {"status":"ok","msg":"河南-新乡","gid":"176903","time_insert":"2021-07-02 21:59"}
2024-02-19 00:10:16 查询号码 【1734473】，GSD为【"河南-新乡"】

2024-02-19 00:10:17 开始第 4575 次操作

2024-02-19 00:10:17 开始操作号码 【1734474】
2024-02-19 00:10:22 GSD getOne 第 1 次 等待 3 秒
2024-02-19 00:10:25 查询号码 【1734474】，返回信息 {"status":"ok","msg":"河南-许昌","gid":"176912","time_insert":"2021-07-02 22:00"}
2024-02-19 00:10:25 查询号码 【1734474】，GSD为【"河南-许昌"】

2024-02-19 00:10:26 开始第 4576 次操作

2024-02-19 00:10:26 开始操作号码 【1734475】
2024-02-19 00:10:30 GSD getOne 第 1 次 等待 3 秒
2024-02-19 00:10:33 查询号码 【1734475】，返回信息 {"status":"ok","msg":"河南-平顶山","gid":"176919","time_insert":"2021-07-02 22:01"}
2024-02-19 00:10:33 查询号码 【1734475】，GSD为【"河南-平顶山"】

2024-02-19 00:34:57 开始第 4577 次操作

2024-02-19 00:34:57 开始操作号码 【1734476】
2024-02-19 00:35:02 GSD getOne 第 1 次 等待 3 秒
2024-02-19 00:35:05 查询号码 【1734476】，返回信息 {"status":"ok","msg":"河南-信阳","gid":"176925","time_insert":"2021-07-02 22:01"}
2024-02-19 00:35:05 查询号码 【1734476】，GSD为【"河南-信阳"】

2024-02-19 00:35:06 开始第 4578 次操作

2024-02-19 00:35:06 开始操作号码 【1734477】
2024-02-19 00:35:11 GSD getOne 第 1 次 等待 3 秒
2024-02-19 00:35:14 查询号码 【1734477】，返回信息 {"status":"ok","msg":"河南-南阳","gid":"176934","time_insert":"2021-07-02 22:02"}
2024-02-19 00:35:14 查询号码 【1734477】，GSD为【"河南-南阳"】

2024-02-19 00:35:15 开始第 4579 次操作

2024-02-19 00:35:15 开始操作号码 【1734478】
2024-02-19 00:35:22 GSD getOne 第 1 次 等待 3 秒
2024-02-19 00:35:25 查询号码 【1734478】，返回信息 {"status":"ok","msg":"河南-开封","gid":"176940","time_insert":"2021-07-02 22:03"}
2024-02-19 00:35:25 查询号码 【1734478】，GSD为【"河南-开封"】

2024-02-19 00:35:26 开始第 4580 次操作

2024-02-19 00:35:26 开始操作号码 【1734479】
2024-02-19 00:35:31 GSD getOne 第 1 次 等待 3 秒
2024-02-19 00:35:34 查询号码 【1734479】，返回信息 {"status":"ok","msg":"河南-洛阳","gid":"176947","time_insert":"2021-07-02 22:04"}
2024-02-19 00:35:34 查询号码 【1734479】，GSD为【"河南-洛阳"】

