2024-03-03 00:09:55 开始第 6965 次操作

2024-03-03 00:09:55 开始操作号码 【1736864】
2024-03-03 00:10:00 GSD getOne 第 1 次 等待 3 秒
2024-03-03 00:10:03 查询号码 【1736864】，返回信息 {"status":"ok","msg":"江苏-无锡","gid":"202644","time_insert":"2021-07-06 03:03"}
2024-03-03 00:10:03 查询号码 【1736864】，GSD为【"江苏-无锡"】

2024-03-03 00:10:04 开始第 6966 次操作

2024-03-03 00:10:04 开始操作号码 【1736865】
2024-03-03 00:10:09 GSD getOne 第 1 次 等待 3 秒
2024-03-03 00:10:12 查询号码 【1736865】，返回信息 {"status":"ok","msg":"江苏-南通","gid":"202658","time_insert":"2021-07-06 03:04"}
2024-03-03 00:10:12 查询号码 【1736865】，GSD为【"江苏-南通"】

2024-03-03 00:10:13 开始第 6967 次操作

2024-03-03 00:10:13 开始操作号码 【1736866】
2024-03-03 00:10:18 GSD getOne 第 1 次 等待 3 秒
2024-03-03 00:10:21 查询号码 【1736866】，返回信息 {"status":"ok","msg":"江苏-南通","gid":"202666","time_insert":"2021-07-06 03:05"}
2024-03-03 00:10:21 查询号码 【1736866】，GSD为【"江苏-南通"】

2024-03-03 00:10:22 开始第 6968 次操作

2024-03-03 00:10:22 开始操作号码 【1736867】
2024-03-03 00:10:26 GSD getOne 第 1 次 等待 3 秒
2024-03-03 00:10:29 查询号码 【1736867】，返回信息 {"status":"ok","msg":"江苏-南通","gid":"202674","time_insert":"2021-07-06 03:06"}
2024-03-03 00:10:29 查询号码 【1736867】，GSD为【"江苏-南通"】

