2024-02-08 00:12:00 开始第 2549 次操作

2024-02-08 00:12:00 开始操作号码 【1732448】
2024-02-08 00:12:05 GSD getOne 第 1 次 等待 3 秒
2024-02-08 00:12:08 查询号码 【1732448】，返回信息 {"status":"ok","msg":"广东-深圳","gid":"156271","time_insert":"2021-06-29 21:43"}
2024-02-08 00:12:08 查询号码 【1732448】，GSD为【"广东-深圳"】

2024-02-08 00:12:09 开始第 2550 次操作

2024-02-08 00:12:09 开始操作号码 【1732449】
2024-02-08 00:12:13 GSD getOne 第 1 次 等待 3 秒
2024-02-08 00:12:16 查询号码 【1732449】，返回信息 {"status":"ok","msg":"广东-深圳","gid":"156279","time_insert":"2021-06-29 21:44"}
2024-02-08 00:12:16 查询号码 【1732449】，GSD为【"广东-深圳"】

2024-02-08 00:12:17 开始第 2551 次操作

2024-02-08 00:12:17 开始操作号码 【1732450】
2024-02-08 00:12:22 GSD getOne 第 1 次 等待 3 秒
2024-02-08 00:12:25 查询号码 【1732450】，返回信息 {"status":"ok","msg":"广东-佛山","gid":"156313","time_insert":"2021-06-29 21:47"}
2024-02-08 00:12:25 查询号码 【1732450】，GSD为【"广东-佛山"】

2024-02-08 00:12:26 开始第 2552 次操作

2024-02-08 00:12:26 开始操作号码 【1732451】
2024-02-08 00:12:32 GSD getOne 第 1 次 等待 3 秒
2024-02-08 00:12:35 查询号码 【1732451】，返回信息 {"status":"ok","msg":"广东-佛山","gid":"156317","time_insert":"2021-06-29 21:47"}
2024-02-08 00:12:35 查询号码 【1732451】，GSD为【"广东-佛山"】

