2023-10-03 00:10:36 开始第 1217 次操作

2023-10-03 00:10:36 开始操作号码 【1941216】
2023-10-03 00:10:39 GSD getOne 第 1 次 等待 3 秒
2023-10-03 00:10:42 查询号码 【1941216】，返回信息 {"status":"ok","msg":"-","gid":"566791","time_insert":"2023-03-03 07:43"}
2023-10-03 00:10:42 查询号码 【1941216】，GSD为【"-"】
2023-10-03 00:10:42 ok && -
2023-10-03 00:10:46 CHB 1941216?1696263042 第 1 次 等待 3 秒
2023-10-03 00:10:49 CHB 1941216?1696263042 第 1 次 获取到号码【1941216】GSD
2023-10-03 00:10:49 未获取到号码【1941216】GSD，可能号码格式错误
2023-10-03 00:10:49 获取到号码【1941216】的GSD为【-】
2023-10-03 00:10:52 GSD insert 第 1 次 等待 3 秒
2023-10-03 00:10:55 {"status":"bad","gid":"566791","msg":"添加失败！号码【1941216(-|-)】已存在！"}
2023-10-03 00:10:55 随机等待 101 秒，约 1 分钟
2023-10-03 00:10:55 下次操作: 2023-10-03 00:12:36

2023-10-03 00:12:36 开始第 1218 次操作

2023-10-03 00:12:36 开始操作号码 【1941217】
2023-10-03 00:12:39 GSD getOne 第 1 次 等待 3 秒
2023-10-03 00:12:42 查询号码 【1941217】，返回信息 {"status":"ok","msg":"-","gid":"566812","time_insert":"2023-03-03 08:03"}
2023-10-03 00:12:43 查询号码 【1941217】，GSD为【"-"】
2023-10-03 00:12:43 ok && -
2023-10-03 00:12:45 CHB 1941217?1696263163 第 1 次 等待 3 秒
2023-10-03 00:12:48 CHB 1941217?1696263163 第 1 次 获取到号码【1941217】GSD
2023-10-03 00:12:48 未获取到号码【1941217】GSD，可能号码格式错误
2023-10-03 00:12:48 获取到号码【1941217】的GSD为【-】
2023-10-03 00:12:51 GSD insert 第 1 次 等待 3 秒
2023-10-03 00:12:54 {"status":"bad","gid":"566812","msg":"添加失败！号码【1941217(-|-)】已存在！"}
2023-10-03 00:12:54 随机等待 154 秒，约 2 分钟
2023-10-03 00:12:54 下次操作: 2023-10-03 00:15:28

2023-10-03 00:15:28 开始第 1219 次操作

2023-10-03 00:15:28 开始操作号码 【1941218】
2023-10-03 00:15:35 GSD getOne 第 1 次 等待 3 秒
2023-10-03 00:15:38 查询号码 【1941218】，返回信息 {"status":"ok","msg":"-","gid":"566828","time_insert":"2023-03-03 08:18"}
2023-10-03 00:15:38 查询号码 【1941218】，GSD为【"-"】
2023-10-03 00:15:38 ok && -
2023-10-03 00:15:40 CHB 1941218?1696263338 第 1 次 等待 3 秒
2023-10-03 00:15:43 CHB 1941218?1696263338 第 1 次 获取到号码【1941218】GSD
2023-10-03 00:15:43 未获取到号码【1941218】GSD，可能号码格式错误
2023-10-03 00:15:43 获取到号码【1941218】的GSD为【-】
2023-10-03 00:15:46 GSD insert 第 1 次 等待 3 秒
2023-10-03 00:15:49 {"status":"bad","gid":"566828","msg":"添加失败！号码【1941218(-|-)】已存在！"}
2023-10-03 00:15:49 随机等待 130 秒，约 2 分钟
2023-10-03 00:15:49 下次操作: 2023-10-03 00:17:59

2023-10-03 00:17:59 开始第 1220 次操作

2023-10-03 00:17:59 开始操作号码 【1941219】
2023-10-03 00:18:02 GSD getOne 第 1 次 等待 3 秒
2023-10-03 00:18:05 查询号码 【1941219】，返回信息 {"status":"ok","msg":"-","gid":"566846","time_insert":"2023-03-03 08:38"}
2023-10-03 00:18:06 查询号码 【1941219】，GSD为【"-"】
2023-10-03 00:18:06 ok && -
2023-10-03 00:18:08 CHB 1941219?1696263486 第 1 次 等待 3 秒
2023-10-03 00:18:11 CHB 1941219?1696263486 第 1 次 获取到号码【1941219】GSD
2023-10-03 00:18:11 未获取到号码【1941219】GSD，可能号码格式错误
2023-10-03 00:18:11 获取到号码【1941219】的GSD为【-】
2023-10-03 00:18:20 GSD insert 第 1 次 等待 3 秒
2023-10-03 00:18:23 {"status":"bad","gid":"566846","msg":"添加失败！号码【1941219(-|-)】已存在！"}

2023-10-03 00:36:09 开始第 1221 次操作

2023-10-03 00:36:09 开始操作号码 【1941220】
2023-10-03 00:36:15 GSD getOne 第 1 次 等待 3 秒
2023-10-03 00:36:18 查询号码 【1941220】，返回信息 {"status":"ok","msg":"-","gid":"566863","time_insert":"2023-03-03 08:55"}
2023-10-03 00:36:18 查询号码 【1941220】，GSD为【"-"】
2023-10-03 00:36:18 ok && -
2023-10-03 00:36:22 CHB 1941220?1696264578 第 1 次 等待 3 秒
2023-10-03 00:36:25 CHB 1941220?1696264578 第 1 次 获取到号码【1941220】GSD
2023-10-03 00:36:25 未获取到号码【1941220】GSD，可能号码格式错误
2023-10-03 00:36:25 获取到号码【1941220】的GSD为【-】
2023-10-03 00:36:29 GSD insert 第 1 次 等待 3 秒
2023-10-03 00:36:32 {"status":"bad","gid":"566863","msg":"添加失败！号码【1941220(-|-)】已存在！"}
2023-10-03 00:36:32 随机等待 142 秒，约 2 分钟
2023-10-03 00:36:32 下次操作: 2023-10-03 00:38:54

2023-10-03 00:38:54 开始第 1222 次操作

2023-10-03 00:38:54 开始操作号码 【1941221】
2023-10-03 00:38:56 GSD getOne 第 1 次 等待 3 秒
2023-10-03 00:38:59 查询号码 【1941221】，返回信息 {"status":"ok","msg":"-","gid":"566886","time_insert":"2023-03-03 09:13"}
2023-10-03 00:38:59 查询号码 【1941221】，GSD为【"-"】
2023-10-03 00:38:59 ok && -
2023-10-03 00:39:11 CHB 1941221?1696264739 第 1 次 等待 3 秒
2023-10-03 00:39:14 CHB 1941221?1696264739 第 1 次 获取到号码【1941221】GSD
2023-10-03 00:39:14 未获取到号码【1941221】GSD，可能号码格式错误
2023-10-03 00:39:14 获取到号码【1941221】的GSD为【-】
2023-10-03 00:39:17 GSD insert 第 1 次 等待 3 秒
2023-10-03 00:39:20 {"status":"bad","gid":"566886","msg":"添加失败！号码【1941221(-|-)】已存在！"}
2023-10-03 00:39:20 随机等待 86 秒，约 1 分钟
2023-10-03 00:39:20 下次操作: 2023-10-03 00:40:46

2023-10-03 00:40:46 开始第 1223 次操作

2023-10-03 00:40:46 开始操作号码 【1941222】
2023-10-03 00:40:59 GSD getOne 第 1 次 等待 3 秒
2023-10-03 00:41:02 查询号码 【1941222】，返回信息 {"status":"ok","msg":"-","gid":"566902","time_insert":"2023-03-03 09:29"}
2023-10-03 00:41:02 查询号码 【1941222】，GSD为【"-"】
2023-10-03 00:41:02 ok && -
2023-10-03 00:41:06 CHB 1941222?1696264862 第 1 次 等待 3 秒
2023-10-03 00:41:09 CHB 1941222?1696264862 第 1 次 获取到号码【1941222】GSD
2023-10-03 00:41:09 未获取到号码【1941222】GSD，可能号码格式错误
2023-10-03 00:41:09 获取到号码【1941222】的GSD为【-】
2023-10-03 00:41:12 GSD insert 第 1 次 等待 3 秒
2023-10-03 00:41:15 {"status":"bad","gid":"566902","msg":"添加失败！号码【1941222(-|-)】已存在！"}
2023-10-03 00:41:15 随机等待 109 秒，约 1 分钟
2023-10-03 00:41:15 下次操作: 2023-10-03 00:43:04

2023-10-03 00:43:04 开始第 1224 次操作

2023-10-03 00:43:04 开始操作号码 【1941223】
2023-10-03 00:43:11 GSD getOne 第 1 次 等待 3 秒
2023-10-03 00:43:14 查询号码 【1941223】，返回信息 {"status":"ok","msg":"-","gid":"566919","time_insert":"2023-03-03 09:46"}
2023-10-03 00:43:14 查询号码 【1941223】，GSD为【"-"】
2023-10-03 00:43:14 ok && -
2023-10-03 00:43:18 CHB 1941223?1696264994 第 1 次 等待 3 秒
2023-10-03 00:43:21 CHB 1941223?1696264994 第 1 次 获取到号码【1941223】GSD
2023-10-03 00:43:21 未获取到号码【1941223】GSD，可能号码格式错误
2023-10-03 00:43:21 获取到号码【1941223】的GSD为【-】
2023-10-03 00:43:25 GSD insert 第 1 次 等待 3 秒
2023-10-03 00:43:28 {"status":"bad","gid":"566919","msg":"添加失败！号码【1941223(-|-)】已存在！"}

2023-10-03 01:07:45 开始第 1225 次操作

2023-10-03 01:07:45 开始操作号码 【1941224】
2023-10-03 01:07:47 GSD getOne 第 1 次 等待 3 秒
2023-10-03 01:07:50 查询号码 【1941224】，返回信息 {"status":"ok","msg":"-","gid":"566945","time_insert":"2023-03-03 10:05"}
2023-10-03 01:07:50 查询号码 【1941224】，GSD为【"-"】
2023-10-03 01:07:50 ok && -
2023-10-03 01:07:52 CHB 1941224?1696266470 第 1 次 等待 3 秒
2023-10-03 01:07:55 CHB 1941224?1696266470 第 1 次 获取到号码【1941224】GSD
2023-10-03 01:07:55 未获取到号码【1941224】GSD，可能号码格式错误
2023-10-03 01:07:55 获取到号码【1941224】的GSD为【-】
2023-10-03 01:08:10 GSD insert 第 1 次 等待 3 秒
2023-10-03 01:08:13 {"status":"bad","gid":"566945","msg":"添加失败！号码【1941224(-|-)】已存在！"}
2023-10-03 01:08:13 随机等待 170 秒，约 2 分钟
2023-10-03 01:08:13 下次操作: 2023-10-03 01:11:03

2023-10-03 01:11:03 开始第 1226 次操作

2023-10-03 01:11:03 开始操作号码 【1941225】
2023-10-03 01:11:05 GSD getOne 第 1 次 等待 3 秒
2023-10-03 01:11:08 查询号码 【1941225】，返回信息 {"status":"ok","msg":"-","gid":"566961","time_insert":"2023-03-03 10:20"}
2023-10-03 01:11:08 查询号码 【1941225】，GSD为【"-"】
2023-10-03 01:11:08 ok && -
2023-10-03 01:11:20 CHB 1941225?1696266668 第 1 次 等待 3 秒
2023-10-03 01:11:23 CHB 1941225?1696266668 第 1 次 获取到号码【1941225】GSD
2023-10-03 01:11:23 未获取到号码【1941225】GSD，可能号码格式错误
2023-10-03 01:11:23 获取到号码【1941225】的GSD为【-】
2023-10-03 01:11:26 GSD insert 第 1 次 等待 3 秒
2023-10-03 01:11:29 {"status":"bad","gid":"566961","msg":"添加失败！号码【1941225(-|-)】已存在！"}
2023-10-03 01:11:29 随机等待 164 秒，约 2 分钟
2023-10-03 01:11:29 下次操作: 2023-10-03 01:14:13

2023-10-03 01:14:13 开始第 1227 次操作

2023-10-03 01:14:13 开始操作号码 【1941226】
2023-10-03 01:14:21 GSD getOne 第 1 次 等待 3 秒
2023-10-03 01:14:24 查询号码 【1941226】，返回信息 {"status":"ok","msg":"-","gid":"566981","time_insert":"2023-03-03 10:37"}
2023-10-03 01:14:24 查询号码 【1941226】，GSD为【"-"】
2023-10-03 01:14:24 ok && -
2023-10-03 01:14:26 CHB 1941226?1696266864 第 1 次 等待 3 秒
2023-10-03 01:14:29 CHB 1941226?1696266864 第 1 次 获取到号码【1941226】GSD
2023-10-03 01:14:29 未获取到号码【1941226】GSD，可能号码格式错误
2023-10-03 01:14:29 获取到号码【1941226】的GSD为【-】
2023-10-03 01:14:31 GSD insert 第 1 次 等待 3 秒
2023-10-03 01:14:34 {"status":"bad","gid":"566981","msg":"添加失败！号码【1941226(-|-)】已存在！"}
2023-10-03 01:14:34 随机等待 105 秒，约 1 分钟
2023-10-03 01:14:34 下次操作: 2023-10-03 01:16:19

2023-10-03 01:16:19 开始第 1228 次操作

2023-10-03 01:16:19 开始操作号码 【1941227】
2023-10-03 01:16:22 GSD getOne 第 1 次 等待 3 秒
2023-10-03 01:16:25 查询号码 【1941227】，返回信息 {"status":"ok","msg":"-","gid":"567003","time_insert":"2023-03-03 10:52"}
2023-10-03 01:16:25 查询号码 【1941227】，GSD为【"-"】
2023-10-03 01:16:25 ok && -
2023-10-03 01:16:26 CHB 1941227?1696266985 第 1 次 等待 3 秒
2023-10-03 01:16:29 CHB 1941227?1696266985 第 1 次 获取到号码【1941227】GSD
2023-10-03 01:16:29 未获取到号码【1941227】GSD，可能号码格式错误
2023-10-03 01:16:29 获取到号码【1941227】的GSD为【-】
2023-10-03 01:16:32 GSD insert 第 1 次 等待 3 秒
2023-10-03 01:16:35 {"status":"bad","gid":"567003","msg":"添加失败！号码【1941227(-|-)】已存在！"}

