2024-10-09 00:29:52 开始第 8261 次操作

2024-10-09 00:29:52 开始操作号码 【1408258】
2024-10-09 00:29:55 GSD getOne 第 1 次 等待 3 秒
2024-10-09 00:29:58 查询号码 【1408258】，返回信息 {"status":"ok","msg":"-","gid":"692511","time_insert":"2023-05-04 21:26"}
2024-10-09 00:29:58 查询号码 【1408258】，GSD为【"-"】
2024-10-09 00:29:58 ok && -
2024-10-09 00:30:00 CHB 1408258?1728404998 第 1 次 等待 3 秒
2024-10-09 00:30:03 CHB 1408258?1728404998 第 1 次 获取到号码【1408258】GSD
2024-10-09 00:30:03 未获取到号码【1408258】GSD，可能号码格式错误
2024-10-09 00:30:03 获取到号码【1408258】的GSD为【-】
2024-10-09 00:30:05 GSD insert 第 1 次 等待 3 秒
2024-10-09 00:30:08 {"status":"bad","gid":"692511","msg":"添加失败！号码【1408258(-|-)】已存在！"}
2024-10-09 00:30:08 随机等待 220 秒，约 3 分钟
2024-10-09 00:30:08 下次操作: 2024-10-09 00:33:48

2024-10-09 00:33:48 开始第 8262 次操作

2024-10-09 00:33:48 开始操作号码 【1408259】
2024-10-09 00:33:50 GSD getOne 第 1 次 等待 3 秒
2024-10-09 00:33:53 查询号码 【1408259】，返回信息 {"status":"ok","msg":"-","gid":"692526","time_insert":"2023-05-04 21:42"}
2024-10-09 00:33:53 查询号码 【1408259】，GSD为【"-"】
2024-10-09 00:33:53 ok && -
2024-10-09 00:33:55 CHB 1408259?1728405233 第 1 次 等待 3 秒
2024-10-09 00:33:58 CHB 1408259?1728405233 第 1 次 获取到号码【1408259】GSD
2024-10-09 00:33:58 未获取到号码【1408259】GSD，可能号码格式错误
2024-10-09 00:33:58 获取到号码【1408259】的GSD为【-】
2024-10-09 00:33:59 GSD insert 第 1 次 等待 3 秒
2024-10-09 00:34:02 {"status":"bad","gid":"692526","msg":"添加失败！号码【1408259(-|-)】已存在！"}
2024-10-09 00:34:02 随机等待 226 秒，约 3 分钟
2024-10-09 00:34:02 下次操作: 2024-10-09 00:37:48

2024-10-09 00:37:49 开始第 8263 次操作

2024-10-09 00:37:49 开始操作号码 【1408260】
2024-10-09 00:37:51 GSD getOne 第 1 次 等待 3 秒
2024-10-09 00:37:54 查询号码 【1408260】，返回信息 {"status":"ok","msg":"-","gid":"692539","time_insert":"2023-05-04 21:53"}
2024-10-09 00:37:54 查询号码 【1408260】，GSD为【"-"】
2024-10-09 00:37:54 ok && -
2024-10-09 00:42:54 CHB 1408260?1728405474 第 1 次 等待 3 秒
2024-10-09 00:42:57 CHB 1408260?1728405474 第 1 次 未获取到 等待 139 秒 下次操作: 2024-10-09 00:45:16
2024-10-09 00:45:18 CHB 1408260?1728405916 第 2 次 等待 3 秒
2024-10-09 00:45:21 CHB 1408260?1728405916 第 2 次 获取到号码【1408260】GSD
2024-10-09 00:45:21 未获取到号码【1408260】GSD，可能号码格式错误
2024-10-09 00:45:21 获取到号码【1408260】的GSD为【-】
2024-10-09 00:45:24 GSD insert 第 1 次 等待 3 秒
2024-10-09 00:45:27 {"status":"bad","gid":"692539","msg":"添加失败！号码【1408260(-|-)】已存在！"}
2024-10-09 00:45:27 随机等待 67 秒，约 1 分钟
2024-10-09 00:45:27 下次操作: 2024-10-09 00:46:34

2024-10-09 00:46:34 开始第 8264 次操作

2024-10-09 00:46:34 开始操作号码 【1408261】
2024-10-09 00:46:36 GSD getOne 第 1 次 等待 3 秒
2024-10-09 00:46:39 查询号码 【1408261】，返回信息 {"status":"ok","msg":"-","gid":"692549","time_insert":"2023-05-04 22:05"}
2024-10-09 00:46:39 查询号码 【1408261】，GSD为【"-"】
2024-10-09 00:46:39 ok && -
2024-10-09 00:46:40 CHB 1408261?1728405999 第 1 次 等待 3 秒
2024-10-09 00:46:43 CHB 1408261?1728405999 第 1 次 获取到号码【1408261】GSD
2024-10-09 00:46:43 未获取到号码【1408261】GSD，可能号码格式错误
2024-10-09 00:46:43 获取到号码【1408261】的GSD为【-】
2024-10-09 00:46:45 GSD insert 第 1 次 等待 3 秒
2024-10-09 00:46:48 {"status":"bad","gid":"692549","msg":"添加失败！号码【1408261(-|-)】已存在！"}

