2023-12-19 00:11:12 开始第 4073 次操作

2023-12-19 00:11:12 开始操作号码 【1843972】
2023-12-19 00:11:38 GSD getOne 第 1 次 等待 3 秒
2023-12-19 00:11:41 查询号码 【1843972】，返回信息 {"status":"ok","msg":"河南-驻马店","gid":"467506","time_insert":"2021-08-01 13:06"}
2023-12-19 00:11:41 查询号码 【1843972】，GSD为【"河南-驻马店"】

2023-12-19 00:11:42 开始第 4074 次操作

2023-12-19 00:11:42 开始操作号码 【1843973】
2023-12-19 00:11:46 GSD getOne 第 1 次 等待 3 秒
2023-12-19 00:11:49 查询号码 【1843973】，返回信息 {"status":"ok","msg":"河南-驻马店","gid":"467495","time_insert":"2021-08-01 13:05","time_update":"2021-08-09 15:09"}
2023-12-19 00:11:49 查询号码 【1843973】，GSD为【"河南-驻马店"】

2023-12-19 00:11:50 开始第 4075 次操作

2023-12-19 00:11:50 开始操作号码 【1843974】
2023-12-19 00:11:57 GSD getOne 第 1 次 等待 3 秒
2023-12-19 00:12:00 查询号码 【1843974】，返回信息 {"status":"ok","msg":"河南-驻马店","gid":"467482","time_insert":"2021-08-01 13:05"}
2023-12-19 00:12:00 查询号码 【1843974】，GSD为【"河南-驻马店"】

2023-12-19 00:12:01 开始第 4076 次操作

2023-12-19 00:12:01 开始操作号码 【1843975】
2023-12-19 00:12:08 GSD getOne 第 1 次 等待 3 秒
2023-12-19 00:12:11 查询号码 【1843975】，返回信息 {"status":"ok","msg":"河南-驻马店","gid":"467470","time_insert":"2021-08-01 13:04"}
2023-12-19 00:12:11 查询号码 【1843975】，GSD为【"河南-驻马店"】

