2023-12-03 00:09:56 开始第 1129 次操作

2023-12-03 00:09:56 开始操作号码 【1841028】
2023-12-03 00:10:04 GSD getOne 第 1 次 等待 3 秒
2023-12-03 00:10:07 查询号码 【1841028】，返回信息 {"status":"ok","msg":"北京-北京","gid":"395832","time_insert":"2021-07-26 01:34"}
2023-12-03 00:10:07 查询号码 【1841028】，GSD为【"北京-北京"】

2023-12-03 00:10:08 开始第 1130 次操作

2023-12-03 00:10:08 开始操作号码 【1841029】
2023-12-03 00:10:11 GSD getOne 第 1 次 等待 3 秒
2023-12-03 00:10:14 查询号码 【1841029】，返回信息 {"status":"ok","msg":"北京-北京","gid":"395917","time_insert":"2021-07-26 01:44"}
2023-12-03 00:10:14 查询号码 【1841029】，GSD为【"北京-北京"】

2023-12-03 00:10:15 开始第 1131 次操作

2023-12-03 00:10:15 开始操作号码 【1841030】
2023-12-03 00:10:19 GSD getOne 第 1 次 等待 3 秒
2023-12-03 00:10:22 查询号码 【1841030】，返回信息 {"status":"ok","msg":"北京-北京","gid":"396134","time_insert":"2021-07-26 01:57"}
2023-12-03 00:10:22 查询号码 【1841030】，GSD为【"北京-北京"】

2023-12-03 00:10:23 开始第 1132 次操作

2023-12-03 00:10:23 开始操作号码 【1841031】
2023-12-03 00:10:27 GSD getOne 第 1 次 等待 3 秒
2023-12-03 00:10:30 查询号码 【1841031】，返回信息 {"status":"ok","msg":"北京-北京","gid":"396286","time_insert":"2021-07-26 02:10"}
2023-12-03 00:10:30 查询号码 【1841031】，GSD为【"北京-北京"】

2023-12-03 00:35:05 开始第 1133 次操作

2023-12-03 00:35:05 开始操作号码 【1841032】
2023-12-03 00:35:08 GSD getOne 第 1 次 等待 3 秒
2023-12-03 00:35:11 查询号码 【1841032】，返回信息 {"status":"ok","msg":"北京-北京","gid":"396329","time_insert":"2021-07-26 02:24"}
2023-12-03 00:35:12 查询号码 【1841032】，GSD为【"北京-北京"】

2023-12-03 00:35:13 开始第 1134 次操作

2023-12-03 00:35:13 开始操作号码 【1841033】
2023-12-03 00:35:16 GSD getOne 第 1 次 等待 3 秒
2023-12-03 00:35:19 查询号码 【1841033】，返回信息 {"status":"ok","msg":"北京-北京","gid":"396347","time_insert":"2021-07-26 02:35"}
2023-12-03 00:35:19 查询号码 【1841033】，GSD为【"北京-北京"】

2023-12-03 00:35:20 开始第 1135 次操作

2023-12-03 00:35:20 开始操作号码 【1841034】
2023-12-03 00:35:23 GSD getOne 第 1 次 等待 3 秒
2023-12-03 00:35:26 查询号码 【1841034】，返回信息 {"status":"ok","msg":"北京-北京","gid":"396384","time_insert":"2021-07-26 02:47"}
2023-12-03 00:35:27 查询号码 【1841034】，GSD为【"北京-北京"】

2023-12-03 00:35:28 开始第 1136 次操作

2023-12-03 00:35:28 开始操作号码 【1841035】
2023-12-03 00:35:31 GSD getOne 第 1 次 等待 3 秒
2023-12-03 00:35:34 查询号码 【1841035】，返回信息 {"status":"ok","msg":"北京-北京","gid":"396557","time_insert":"2021-07-26 02:59"}
2023-12-03 00:35:34 查询号码 【1841035】，GSD为【"北京-北京"】

2023-12-03 01:07:03 开始第 1137 次操作

2023-12-03 01:07:03 开始操作号码 【1841036】
2023-12-03 01:07:06 GSD getOne 第 1 次 等待 3 秒
2023-12-03 01:07:09 查询号码 【1841036】，返回信息 {"status":"ok","msg":"北京-北京","gid":"396764","time_insert":"2021-07-26 03:14"}
2023-12-03 01:07:09 查询号码 【1841036】，GSD为【"北京-北京"】

2023-12-03 01:07:10 开始第 1138 次操作

2023-12-03 01:07:10 开始操作号码 【1841037】
2023-12-03 01:07:15 GSD getOne 第 1 次 等待 3 秒
2023-12-03 01:07:18 查询号码 【1841037】，返回信息 {"status":"ok","msg":"北京-北京","gid":"396836","time_insert":"2021-07-26 03:29"}
2023-12-03 01:07:18 查询号码 【1841037】，GSD为【"北京-北京"】

2023-12-03 01:07:19 开始第 1139 次操作

2023-12-03 01:07:19 开始操作号码 【1841038】
2023-12-03 01:07:22 GSD getOne 第 1 次 等待 3 秒
2023-12-03 01:07:25 查询号码 【1841038】，返回信息 {"status":"ok","msg":"北京-北京","gid":"396929","time_insert":"2021-07-26 03:41"}
2023-12-03 01:07:26 查询号码 【1841038】，GSD为【"北京-北京"】

2023-12-03 01:07:27 开始第 1140 次操作

2023-12-03 01:07:27 开始操作号码 【1841039】
2023-12-03 01:07:30 GSD getOne 第 1 次 等待 3 秒
2023-12-03 01:07:33 查询号码 【1841039】，返回信息 {"status":"ok","msg":"北京-北京","gid":"397120","time_insert":"2021-07-26 03:54"}
2023-12-03 01:07:33 查询号码 【1841039】，GSD为【"北京-北京"】

2023-12-03 01:32:48 开始第 1141 次操作

2023-12-03 01:32:48 开始操作号码 【1841040】
2023-12-03 01:32:52 GSD getOne 第 1 次 等待 3 秒
2023-12-03 01:32:55 查询号码 【1841040】，返回信息 {"status":"ok","msg":"北京-北京","gid":"397252","time_insert":"2021-07-26 04:05"}
2023-12-03 01:32:55 查询号码 【1841040】，GSD为【"北京-北京"】

2023-12-03 01:32:56 开始第 1142 次操作

2023-12-03 01:32:56 开始操作号码 【1841041】
2023-12-03 01:33:00 GSD getOne 第 1 次 等待 3 秒
2023-12-03 01:33:03 查询号码 【1841041】，返回信息 {"status":"ok","msg":"北京-北京","gid":"397324","time_insert":"2021-07-26 04:19"}
2023-12-03 01:33:03 查询号码 【1841041】，GSD为【"北京-北京"】

2023-12-03 01:33:04 开始第 1143 次操作

2023-12-03 01:33:04 开始操作号码 【1841042】
2023-12-03 01:33:07 GSD getOne 第 1 次 等待 3 秒
2023-12-03 01:33:10 查询号码 【1841042】，返回信息 {"status":"ok","msg":"北京-北京","gid":"397347","time_insert":"2021-07-26 04:34"}
2023-12-03 01:33:10 查询号码 【1841042】，GSD为【"北京-北京"】

2023-12-03 01:33:11 开始第 1144 次操作

2023-12-03 01:33:11 开始操作号码 【1841043】
2023-12-03 01:33:15 GSD getOne 第 1 次 等待 3 秒
2023-12-03 01:33:18 查询号码 【1841043】，返回信息 {"status":"ok","msg":"北京-北京","gid":"397544","time_insert":"2021-07-26 04:48"}
2023-12-03 01:33:18 查询号码 【1841043】，GSD为【"北京-北京"】

2023-12-03 02:09:45 开始第 1145 次操作

2023-12-03 02:09:45 开始操作号码 【1841044】
2023-12-03 02:09:48 GSD getOne 第 1 次 等待 3 秒
2023-12-03 02:09:51 查询号码 【1841044】，返回信息 {"status":"ok","msg":"北京-北京","gid":"397773","time_insert":"2021-07-26 05:03"}
2023-12-03 02:09:51 查询号码 【1841044】，GSD为【"北京-北京"】

2023-12-03 02:09:52 开始第 1146 次操作

2023-12-03 02:09:52 开始操作号码 【1841045】
2023-12-03 02:09:56 GSD getOne 第 1 次 等待 3 秒
2023-12-03 02:09:59 查询号码 【1841045】，返回信息 {"status":"ok","msg":"北京-北京","gid":"397803","time_insert":"2021-07-26 05:16"}
2023-12-03 02:09:59 查询号码 【1841045】，GSD为【"北京-北京"】

2023-12-03 02:10:00 开始第 1147 次操作

2023-12-03 02:10:00 开始操作号码 【1841046】
2023-12-03 02:10:03 GSD getOne 第 1 次 等待 3 秒
2023-12-03 02:10:06 查询号码 【1841046】，返回信息 {"status":"ok","msg":"北京-北京","gid":"397821","time_insert":"2021-07-26 05:27"}
2023-12-03 02:10:06 查询号码 【1841046】，GSD为【"北京-北京"】

2023-12-03 02:10:07 开始第 1148 次操作

2023-12-03 02:10:07 开始操作号码 【1841047】
2023-12-03 02:10:11 GSD getOne 第 1 次 等待 3 秒
2023-12-03 02:10:14 查询号码 【1841047】，返回信息 {"status":"ok","msg":"北京-北京","gid":"397850","time_insert":"2021-07-26 05:39"}
2023-12-03 02:10:14 查询号码 【1841047】，GSD为【"北京-北京"】

2023-12-03 02:33:01 开始第 1149 次操作

2023-12-03 02:33:01 开始操作号码 【1841048】
2023-12-03 02:33:05 GSD getOne 第 1 次 等待 3 秒
2023-12-03 02:33:08 查询号码 【1841048】，返回信息 {"status":"ok","msg":"北京-北京","gid":"398077","time_insert":"2021-07-26 05:53"}
2023-12-03 02:33:08 查询号码 【1841048】，GSD为【"北京-北京"】

2023-12-03 02:33:09 开始第 1150 次操作

2023-12-03 02:33:09 开始操作号码 【1841049】
2023-12-03 02:33:13 GSD getOne 第 1 次 等待 3 秒
2023-12-03 02:33:16 查询号码 【1841049】，返回信息 {"status":"ok","msg":"北京-北京","gid":"398262","time_insert":"2021-07-26 06:04"}
2023-12-03 02:33:16 查询号码 【1841049】，GSD为【"北京-北京"】

2023-12-03 02:33:17 开始第 1151 次操作

2023-12-03 02:33:17 开始操作号码 【1841050】
2023-12-03 02:33:20 GSD getOne 第 1 次 等待 3 秒
2023-12-03 02:33:23 查询号码 【1841050】，返回信息 {"status":"ok","msg":"北京-北京","gid":"398298","time_insert":"2021-07-26 06:19"}
2023-12-03 02:33:23 查询号码 【1841050】，GSD为【"北京-北京"】

2023-12-03 02:33:24 开始第 1152 次操作

2023-12-03 02:33:24 开始操作号码 【1841051】
2023-12-03 02:33:28 GSD getOne 第 1 次 等待 3 秒
2023-12-03 02:33:31 查询号码 【1841051】，返回信息 {"status":"ok","msg":"北京-北京","gid":"398316","time_insert":"2021-07-26 06:31"}
2023-12-03 02:33:31 查询号码 【1841051】，GSD为【"北京-北京"】

2023-12-03 03:07:19 开始第 1153 次操作

2023-12-03 03:07:19 开始操作号码 【1841052】
2023-12-03 03:07:24 GSD getOne 第 1 次 等待 3 秒
2023-12-03 03:07:27 查询号码 【1841052】，返回信息 {"status":"ok","msg":"北京-北京","gid":"398366","time_insert":"2021-07-26 06:41"}
2023-12-03 03:07:28 查询号码 【1841052】，GSD为【"北京-北京"】

2023-12-03 03:07:29 开始第 1154 次操作

2023-12-03 03:07:29 开始操作号码 【1841053】
2023-12-03 03:07:32 GSD getOne 第 1 次 等待 3 秒
2023-12-03 03:07:35 查询号码 【1841053】，返回信息 {"status":"ok","msg":"北京-北京","gid":"398553","time_insert":"2021-07-26 06:54"}
2023-12-03 03:07:35 查询号码 【1841053】，GSD为【"北京-北京"】

2023-12-03 03:07:36 开始第 1155 次操作

2023-12-03 03:07:36 开始操作号码 【1841054】
2023-12-03 03:07:40 GSD getOne 第 1 次 等待 3 秒
2023-12-03 03:07:43 查询号码 【1841054】，返回信息 {"status":"ok","msg":"北京-北京","gid":"398688","time_insert":"2021-07-26 07:05"}
2023-12-03 03:07:43 查询号码 【1841054】，GSD为【"北京-北京"】

2023-12-03 03:07:44 开始第 1156 次操作

2023-12-03 03:07:44 开始操作号码 【1841055】
2023-12-03 03:07:48 GSD getOne 第 1 次 等待 3 秒
2023-12-03 03:07:51 查询号码 【1841055】，返回信息 {"status":"ok","msg":"北京-北京","gid":"398769","time_insert":"2021-07-26 07:16"}
2023-12-03 03:07:51 查询号码 【1841055】，GSD为【"北京-北京"】

2023-12-03 03:32:45 开始第 1157 次操作

2023-12-03 03:32:45 开始操作号码 【1841056】
2023-12-03 03:32:48 GSD getOne 第 1 次 等待 3 秒
2023-12-03 03:32:51 查询号码 【1841056】，返回信息 {"status":"ok","msg":"北京-北京","gid":"398804","time_insert":"2021-07-26 07:30"}
2023-12-03 03:32:51 查询号码 【1841056】，GSD为【"北京-北京"】

2023-12-03 03:32:53 开始第 1158 次操作

2023-12-03 03:32:53 开始操作号码 【1841057】
2023-12-03 03:32:56 GSD getOne 第 1 次 等待 3 秒
2023-12-03 03:32:59 查询号码 【1841057】，返回信息 {"status":"ok","msg":"北京-北京","gid":"398917","time_insert":"2021-07-26 07:45"}
2023-12-03 03:32:59 查询号码 【1841057】，GSD为【"北京-北京"】

2023-12-03 03:33:00 开始第 1159 次操作

2023-12-03 03:33:00 开始操作号码 【1841058】
2023-12-03 03:33:03 GSD getOne 第 1 次 等待 3 秒
2023-12-03 03:33:06 查询号码 【1841058】，返回信息 {"status":"ok","msg":"北京-北京","gid":"399098","time_insert":"2021-07-26 07:57"}
2023-12-03 03:33:06 查询号码 【1841058】，GSD为【"北京-北京"】

2023-12-03 03:33:07 开始第 1160 次操作

2023-12-03 03:33:07 开始操作号码 【1841059】
2023-12-03 03:33:11 GSD getOne 第 1 次 等待 3 秒
2023-12-03 03:33:14 查询号码 【1841059】，返回信息 {"status":"ok","msg":"北京-北京","gid":"399236","time_insert":"2021-07-26 08:10"}
2023-12-03 03:33:14 查询号码 【1841059】，GSD为【"北京-北京"】

