2024-07-17 00:11:01 开始第 6581 次操作

2024-07-17 00:11:01 开始操作号码 【1516471】
2024-07-17 00:11:09 GSD getOne 第 1 次 等待 3 秒
2024-07-17 00:11:12 查询号码 【1516471】，返回信息 {"status":"ok","msg":"内蒙古-乌兰察布","gid":"460599","time_insert":"2021-07-31 21:51"}
2024-07-17 00:11:12 查询号码 【1516471】，GSD为【"内蒙古-乌兰察布"】

2024-07-17 00:11:13 开始第 6582 次操作

2024-07-17 00:11:13 开始操作号码 【1516472】
2024-07-17 00:11:21 GSD getOne 第 1 次 等待 3 秒
2024-07-17 00:11:24 查询号码 【1516472】，返回信息 {"status":"ok","msg":"内蒙古-乌兰察布","gid":"460794","time_insert":"2021-07-31 22:03"}
2024-07-17 00:11:24 查询号码 【1516472】，GSD为【"内蒙古-乌兰察布"】

2024-07-17 00:11:25 开始第 6583 次操作

2024-07-17 00:11:25 开始操作号码 【1516473】
2024-07-17 00:11:33 GSD getOne 第 1 次 等待 3 秒
2024-07-17 00:11:36 查询号码 【1516473】，返回信息 {"status":"ok","msg":"内蒙古-乌兰察布","gid":"460825","time_insert":"2021-07-31 22:07"}
2024-07-17 00:11:36 查询号码 【1516473】，GSD为【"内蒙古-乌兰察布"】

2024-07-17 00:11:37 开始第 6584 次操作

2024-07-17 00:11:37 开始操作号码 【1516474】
2024-07-17 00:11:45 GSD getOne 第 1 次 等待 3 秒
2024-07-17 00:11:48 查询号码 【1516474】，返回信息 {"status":"ok","msg":"内蒙古-乌兰察布","gid":"460877","time_insert":"2021-07-31 22:15"}
2024-07-17 00:11:48 查询号码 【1516474】，GSD为【"内蒙古-乌兰察布"】

