2023-10-20 00:10:50 开始第 4121 次操作

2023-10-20 00:10:50 开始操作号码 【1944030】
2023-10-20 00:10:55 GSD getOne 第 1 次 等待 3 秒
2023-10-20 00:10:58 查询号码 【1944030】，返回信息 {"status":"ok","msg":"-","gid":"629092","time_insert":"2023-04-02 03:49"}
2023-10-20 00:10:58 查询号码 【1944030】，GSD为【"-"】
2023-10-20 00:10:58 ok && -
2023-10-20 00:11:01 CHB 1944030?1697731858 第 1 次 等待 3 秒
2023-10-20 00:11:04 CHB 1944030?1697731858 第 1 次 获取到号码【1944030】GSD
2023-10-20 00:11:04 未获取到号码【1944030】GSD，可能号码格式错误
2023-10-20 00:11:04 获取到号码【1944030】的GSD为【-】
2023-10-20 00:11:06 GSD insert 第 1 次 等待 3 秒
2023-10-20 00:11:09 {"status":"bad","gid":"629092","msg":"添加失败！号码【1944030(-|-)】已存在！"}
2023-10-20 00:11:09 随机等待 189 秒，约 3 分钟
2023-10-20 00:11:09 下次操作: 2023-10-20 00:14:18

2023-10-20 00:14:18 开始第 4122 次操作

2023-10-20 00:14:18 开始操作号码 【1944031】
2023-10-20 00:14:29 GSD getOne 第 1 次 等待 3 秒
2023-10-20 00:14:32 查询号码 【1944031】，返回信息 {"status":"ok","msg":"-","gid":"629087","time_insert":"2023-04-02 03:46"}
2023-10-20 00:14:32 查询号码 【1944031】，GSD为【"-"】
2023-10-20 00:14:32 ok && -
2023-10-20 00:14:35 CHB 1944031?1697732073 第 1 次 等待 3 秒
2023-10-20 00:14:38 CHB 1944031?1697732073 第 1 次 获取到号码【1944031】GSD
2023-10-20 00:14:38 未获取到号码【1944031】GSD，可能号码格式错误
2023-10-20 00:14:38 获取到号码【1944031】的GSD为【-】
2023-10-20 00:14:40 GSD insert 第 1 次 等待 3 秒
2023-10-20 00:14:43 {"status":"bad","gid":"629087","msg":"添加失败！号码【1944031(-|-)】已存在！"}
2023-10-20 00:14:43 随机等待 185 秒，约 3 分钟
2023-10-20 00:14:43 下次操作: 2023-10-20 00:17:48

2023-10-20 00:17:48 开始第 4123 次操作

2023-10-20 00:17:48 开始操作号码 【1944032】
2023-10-20 00:17:53 GSD getOne 第 1 次 等待 3 秒
2023-10-20 00:17:56 查询号码 【1944032】，返回信息 {"status":"ok","msg":"-","gid":"629085","time_insert":"2023-04-02 03:45"}
2023-10-20 00:17:56 查询号码 【1944032】，GSD为【"-"】
2023-10-20 00:17:56 ok && -
2023-10-20 00:17:58 CHB 1944032?1697732276 第 1 次 等待 3 秒
2023-10-20 00:18:01 CHB 1944032?1697732276 第 1 次 获取到号码【1944032】GSD
2023-10-20 00:18:01 未获取到号码【1944032】GSD，可能号码格式错误
2023-10-20 00:18:01 获取到号码【1944032】的GSD为【-】
2023-10-20 00:18:15 GSD insert 第 1 次 等待 3 秒
2023-10-20 00:18:18 {"status":"bad","gid":"629085","msg":"添加失败！号码【1944032(-|-)】已存在！"}
2023-10-20 00:18:18 随机等待 199 秒，约 3 分钟
2023-10-20 00:18:18 下次操作: 2023-10-20 00:21:37

2023-10-20 00:21:37 开始第 4124 次操作

2023-10-20 00:21:37 开始操作号码 【1944033】
2023-10-20 00:21:41 GSD getOne 第 1 次 等待 3 秒
2023-10-20 00:21:44 查询号码 【1944033】，返回信息 {"status":"ok","msg":"-","gid":"629083","time_insert":"2023-04-02 03:43"}
2023-10-20 00:21:44 查询号码 【1944033】，GSD为【"-"】
2023-10-20 00:21:44 ok && -
2023-10-20 00:21:46 CHB 1944033?1697732504 第 1 次 等待 3 秒
2023-10-20 00:21:49 CHB 1944033?1697732504 第 1 次 获取到号码【1944033】GSD
2023-10-20 00:21:49 未获取到号码【1944033】GSD，可能号码格式错误
2023-10-20 00:21:49 获取到号码【1944033】的GSD为【-】
2023-10-20 00:21:55 GSD insert 第 1 次 等待 3 秒
2023-10-20 00:21:58 {"status":"bad","gid":"629083","msg":"添加失败！号码【1944033(-|-)】已存在！"}

