2024-04-09 00:12:02 开始第 2741 次操作

2024-04-09 00:12:02 开始操作号码 【1622641】
2024-04-09 00:12:10 GSD getOne 第 1 次 等待 3 秒
2024-04-09 00:12:13 查询号码 【1622641】，返回信息 {"status":"ok","msg":"山东-济南","gid":"119465","time_insert":"2021-06-23 21:04"}
2024-04-09 00:12:13 查询号码 【1622641】，GSD为【"山东-济南"】

2024-04-09 00:12:14 开始第 2742 次操作

2024-04-09 00:12:14 开始操作号码 【1622642】
2024-04-09 00:12:20 GSD getOne 第 1 次 等待 3 秒
2024-04-09 00:12:23 查询号码 【1622642】，返回信息 {"status":"ok","msg":"山东-济南","gid":"119475","time_insert":"2021-06-23 21:08"}
2024-04-09 00:12:23 查询号码 【1622642】，GSD为【"山东-济南"】

2024-04-09 00:12:24 开始第 2743 次操作

2024-04-09 00:12:24 开始操作号码 【1622643】
2024-04-09 00:12:29 GSD getOne 第 1 次 等待 3 秒
2024-04-09 00:12:32 查询号码 【1622643】，返回信息 {"status":"ok","msg":"山东-济南","gid":"119512","time_insert":"2021-06-23 21:14"}
2024-04-09 00:12:32 查询号码 【1622643】，GSD为【"山东-济南"】

2024-04-09 00:12:33 开始第 2744 次操作

2024-04-09 00:12:33 开始操作号码 【1622644】
2024-04-09 00:12:39 GSD getOne 第 1 次 等待 3 秒
2024-04-09 00:12:42 查询号码 【1622644】，返回信息 {"status":"ok","msg":"山东-济南","gid":"119542","time_insert":"2021-06-23 21:19"}
2024-04-09 00:12:42 查询号码 【1622644】，GSD为【"山东-济南"】

2024-04-09 00:35:55 开始第 2745 次操作

2024-04-09 00:35:55 开始操作号码 【1622645】
2024-04-09 00:36:04 GSD getOne 第 1 次 等待 3 秒
2024-04-09 00:36:07 查询号码 【1622645】，返回信息 {"status":"ok","msg":"山东-济南","gid":"119570","time_insert":"2021-06-23 21:24"}
2024-04-09 00:36:07 查询号码 【1622645】，GSD为【"山东-济南"】

2024-04-09 00:36:08 开始第 2746 次操作

2024-04-09 00:36:08 开始操作号码 【1622646】
2024-04-09 00:36:14 GSD getOne 第 1 次 等待 3 秒
2024-04-09 00:36:17 查询号码 【1622646】，返回信息 {"status":"ok","msg":"山东-济南","gid":"119601","time_insert":"2021-06-23 21:29"}
2024-04-09 00:36:17 查询号码 【1622646】，GSD为【"山东-济南"】

2024-04-09 00:36:18 开始第 2747 次操作

2024-04-09 00:36:18 开始操作号码 【1622647】
2024-04-09 00:36:24 GSD getOne 第 1 次 等待 3 秒
2024-04-09 00:36:27 查询号码 【1622647】，返回信息 {"status":"ok","msg":"山东-济南","gid":"119625","time_insert":"2021-06-23 21:34"}
2024-04-09 00:36:27 查询号码 【1622647】，GSD为【"山东-济南"】

2024-04-09 00:36:28 开始第 2748 次操作

2024-04-09 00:36:28 开始操作号码 【1622648】
2024-04-09 00:36:35 GSD getOne 第 1 次 等待 3 秒
2024-04-09 00:36:38 查询号码 【1622648】，返回信息 {"status":"ok","msg":"山东-济南","gid":"119631","time_insert":"2021-06-23 21:39"}
2024-04-09 00:36:38 查询号码 【1622648】，GSD为【"山东-济南"】

2024-04-09 01:09:07 开始第 2749 次操作

2024-04-09 01:09:07 开始操作号码 【1622649】
2024-04-09 01:09:13 GSD getOne 第 1 次 等待 3 秒
2024-04-09 01:09:16 查询号码 【1622649】，返回信息 {"status":"ok","msg":"山东-济南","gid":"119662","time_insert":"2021-06-23 21:44"}
2024-04-09 01:09:17 查询号码 【1622649】，GSD为【"山东-济南"】

2024-04-09 01:09:18 开始第 2750 次操作

2024-04-09 01:09:18 开始操作号码 【1622650】
2024-04-09 01:09:26 GSD getOne 第 1 次 等待 3 秒
2024-04-09 01:09:29 查询号码 【1622650】，返回信息 {"status":"ok","msg":"山东-日照","gid":"119707","time_insert":"2021-06-23 21:49"}
2024-04-09 01:09:29 查询号码 【1622650】，GSD为【"山东-日照"】

2024-04-09 01:09:30 开始第 2751 次操作

2024-04-09 01:09:30 开始操作号码 【1622651】
2024-04-09 01:09:36 GSD getOne 第 1 次 等待 3 秒
2024-04-09 01:09:39 查询号码 【1622651】，返回信息 {"status":"ok","msg":"山东-日照","gid":"119755","time_insert":"2021-06-23 21:55"}
2024-04-09 01:09:39 查询号码 【1622651】，GSD为【"山东-日照"】

2024-04-09 01:09:40 开始第 2752 次操作

2024-04-09 01:09:40 开始操作号码 【1622652】
2024-04-09 01:09:47 GSD getOne 第 1 次 等待 3 秒
2024-04-09 01:09:50 查询号码 【1622652】，返回信息 {"status":"ok","msg":"山东-日照","gid":"119776","time_insert":"2021-06-23 22:00"}
2024-04-09 01:09:50 查询号码 【1622652】，GSD为【"山东-日照"】

2024-04-09 01:32:52 开始第 2753 次操作

2024-04-09 01:32:52 开始操作号码 【1622653】
2024-04-09 01:33:02 GSD getOne 第 1 次 等待 3 秒
2024-04-09 01:33:05 查询号码 【1622653】，返回信息 {"status":"ok","msg":"山东-日照","gid":"119782","time_insert":"2021-06-23 22:05"}
2024-04-09 01:33:05 查询号码 【1622653】，GSD为【"山东-日照"】

2024-04-09 01:33:06 开始第 2754 次操作

2024-04-09 01:33:06 开始操作号码 【1622654】
2024-04-09 01:33:12 GSD getOne 第 1 次 等待 3 秒
2024-04-09 01:33:15 查询号码 【1622654】，返回信息 {"status":"ok","msg":"山东-日照","gid":"119788","time_insert":"2021-06-23 22:10"}
2024-04-09 01:33:15 查询号码 【1622654】，GSD为【"山东-日照"】

2024-04-09 01:33:16 开始第 2755 次操作

2024-04-09 01:33:16 开始操作号码 【1622655】
2024-04-09 01:33:22 GSD getOne 第 1 次 等待 3 秒
2024-04-09 01:33:25 查询号码 【1622655】，返回信息 {"status":"ok","msg":"山东-日照","gid":"119795","time_insert":"2021-06-23 22:15"}
2024-04-09 01:33:25 查询号码 【1622655】，GSD为【"山东-日照"】

2024-04-09 01:33:26 开始第 2756 次操作

2024-04-09 01:33:26 开始操作号码 【1622656】
2024-04-09 01:33:32 GSD getOne 第 1 次 等待 3 秒
2024-04-09 01:33:35 查询号码 【1622656】，返回信息 {"status":"ok","msg":"山东-日照","gid":"119803","time_insert":"2021-06-23 22:20"}
2024-04-09 01:33:35 查询号码 【1622656】，GSD为【"山东-日照"】

2024-04-09 02:11:50 开始第 2757 次操作

2024-04-09 02:11:50 开始操作号码 【1622657】
2024-04-09 02:11:56 GSD getOne 第 1 次 等待 3 秒
2024-04-09 02:11:59 查询号码 【1622657】，返回信息 {"status":"ok","msg":"山东-日照","gid":"119808","time_insert":"2021-06-23 22:24"}
2024-04-09 02:11:59 查询号码 【1622657】，GSD为【"山东-日照"】

2024-04-09 02:12:00 开始第 2758 次操作

2024-04-09 02:12:00 开始操作号码 【1622658】
2024-04-09 02:12:05 GSD getOne 第 1 次 等待 3 秒
2024-04-09 02:12:08 查询号码 【1622658】，返回信息 {"status":"ok","msg":"山东-日照","gid":"119811","time_insert":"2021-06-23 22:28"}
2024-04-09 02:12:08 查询号码 【1622658】，GSD为【"山东-日照"】

2024-04-09 02:12:09 开始第 2759 次操作

2024-04-09 02:12:09 开始操作号码 【1622659】
2024-04-09 02:12:14 GSD getOne 第 1 次 等待 3 秒
2024-04-09 02:12:17 查询号码 【1622659】，返回信息 {"status":"ok","msg":"山东-滨州","gid":"119817","time_insert":"2021-06-23 22:33"}
2024-04-09 02:12:17 查询号码 【1622659】，GSD为【"山东-滨州"】

2024-04-09 02:12:18 开始第 2760 次操作

2024-04-09 02:12:18 开始操作号码 【1622660】
2024-04-09 02:12:23 GSD getOne 第 1 次 等待 3 秒
2024-04-09 02:12:26 查询号码 【1622660】，返回信息 {"status":"ok","msg":"山东-滨州","gid":"119822","time_insert":"2021-06-23 22:38"}
2024-04-09 02:12:26 查询号码 【1622660】，GSD为【"山东-滨州"】

2024-04-09 02:35:53 开始第 2761 次操作

2024-04-09 02:35:53 开始操作号码 【1622661】
2024-04-09 02:36:01 GSD getOne 第 1 次 等待 3 秒
2024-04-09 02:36:04 查询号码 【1622661】，返回信息 {"status":"ok","msg":"山东-滨州","gid":"119858","time_insert":"2021-06-23 22:43"}
2024-04-09 02:36:04 查询号码 【1622661】，GSD为【"山东-滨州"】

2024-04-09 02:36:05 开始第 2762 次操作

2024-04-09 02:36:05 开始操作号码 【1622662】
2024-04-09 02:36:12 GSD getOne 第 1 次 等待 3 秒
2024-04-09 02:36:15 查询号码 【1622662】，返回信息 {"status":"ok","msg":"山东-滨州","gid":"119891","time_insert":"2021-06-23 22:48"}
2024-04-09 02:36:15 查询号码 【1622662】，GSD为【"山东-滨州"】

2024-04-09 02:36:16 开始第 2763 次操作

2024-04-09 02:36:16 开始操作号码 【1622663】
2024-04-09 02:36:23 GSD getOne 第 1 次 等待 3 秒
2024-04-09 02:36:26 查询号码 【1622663】，返回信息 {"status":"ok","msg":"山东-滨州","gid":"119932","time_insert":"2021-06-23 22:54"}
2024-04-09 02:36:26 查询号码 【1622663】，GSD为【"山东-滨州"】

2024-04-09 02:36:27 开始第 2764 次操作

2024-04-09 02:36:27 开始操作号码 【1622664】
2024-04-09 02:36:33 GSD getOne 第 1 次 等待 3 秒
2024-04-09 02:36:36 查询号码 【1622664】，返回信息 {"status":"ok","msg":"山东-滨州","gid":"119957","time_insert":"2021-06-23 22:59"}
2024-04-09 02:36:36 查询号码 【1622664】，GSD为【"山东-滨州"】

2024-04-09 03:07:54 开始第 2765 次操作

2024-04-09 03:07:54 开始操作号码 【1622665】
2024-04-09 03:07:59 GSD getOne 第 1 次 等待 3 秒
2024-04-09 03:08:02 查询号码 【1622665】，返回信息 {"status":"ok","msg":"山东-滨州","gid":"119972","time_insert":"2021-06-23 23:03"}
2024-04-09 03:08:02 查询号码 【1622665】，GSD为【"山东-滨州"】

2024-04-09 03:08:03 开始第 2766 次操作

2024-04-09 03:08:03 开始操作号码 【1622666】
2024-04-09 03:08:08 GSD getOne 第 1 次 等待 3 秒
2024-04-09 03:08:11 查询号码 【1622666】，返回信息 {"status":"ok","msg":"-","gid":"119980","time_insert":"2021-06-23 23:08"}
2024-04-09 03:08:11 查询号码 【1622666】，GSD为【"-"】
2024-04-09 03:08:11 ok && -
2024-04-09 03:08:13 CHB 1622666?1712603291 第 1 次 等待 3 秒
2024-04-09 03:08:16 CHB 1622666?1712603291 第 1 次 获取到号码【1622666】GSD
2024-04-09 03:08:16 未获取到号码【1622666】GSD，可能号码格式错误
2024-04-09 03:08:16 获取到号码【1622666】的GSD为【-】
2024-04-09 03:08:22 GSD insert 第 1 次 等待 3 秒
2024-04-09 03:08:25 {"status":"bad","gid":"119980","msg":"添加失败！号码【1622666(-|-)】已存在！"}
2024-04-09 03:08:25 随机等待 147 秒，约 2 分钟
2024-04-09 03:08:25 下次操作: 2024-04-09 03:10:52

2024-04-09 03:10:52 开始第 2767 次操作

2024-04-09 03:10:52 开始操作号码 【1622667】
2024-04-09 03:10:57 GSD getOne 第 1 次 等待 3 秒
2024-04-09 03:11:00 查询号码 【1622667】，返回信息 {"status":"ok","msg":"山东-滨州","gid":"119984","time_insert":"2021-06-23 23:13"}
2024-04-09 03:11:00 查询号码 【1622667】，GSD为【"山东-滨州"】

2024-04-09 03:11:01 开始第 2768 次操作

2024-04-09 03:11:01 开始操作号码 【1622668】
2024-04-09 03:11:08 GSD getOne 第 1 次 等待 3 秒
2024-04-09 03:11:11 查询号码 【1622668】，返回信息 {"status":"ok","msg":"山东-泰安","gid":"119991","time_insert":"2021-06-23 23:18"}
2024-04-09 03:11:11 查询号码 【1622668】，GSD为【"山东-泰安"】

2024-04-09 03:32:49 开始第 2769 次操作

2024-04-09 03:32:49 开始操作号码 【1622669】
2024-04-09 03:32:55 GSD getOne 第 1 次 等待 3 秒
2024-04-09 03:32:58 查询号码 【1622669】，返回信息 {"status":"ok","msg":"山东-泰安","gid":"120000","time_insert":"2021-06-23 23:23"}
2024-04-09 03:32:58 查询号码 【1622669】，GSD为【"山东-泰安"】

2024-04-09 03:32:59 开始第 2770 次操作

2024-04-09 03:32:59 开始操作号码 【1622670】
2024-04-09 03:33:05 GSD getOne 第 1 次 等待 3 秒
2024-04-09 03:33:08 查询号码 【1622670】，返回信息 {"status":"ok","msg":"山东-菏泽","gid":"120004","time_insert":"2021-06-23 23:29"}
2024-04-09 03:33:08 查询号码 【1622670】，GSD为【"山东-菏泽"】

2024-04-09 03:33:09 开始第 2771 次操作

2024-04-09 03:33:09 开始操作号码 【1622671】
2024-04-09 03:33:15 GSD getOne 第 1 次 等待 3 秒
2024-04-09 03:33:18 查询号码 【1622671】，返回信息 {"status":"ok","msg":"山东-菏泽","gid":"120008","time_insert":"2021-06-23 23:33"}
2024-04-09 03:33:18 查询号码 【1622671】，GSD为【"山东-菏泽"】

2024-04-09 03:33:19 开始第 2772 次操作

2024-04-09 03:33:19 开始操作号码 【1622672】
2024-04-09 03:33:24 GSD getOne 第 1 次 等待 3 秒
2024-04-09 03:33:27 查询号码 【1622672】，返回信息 {"status":"ok","msg":"山东-菏泽","gid":"120014","time_insert":"2021-06-23 23:38"}
2024-04-09 03:33:27 查询号码 【1622672】，GSD为【"山东-菏泽"】

