2024-04-03 00:10:14 开始第 1641 次操作

2024-04-03 00:10:14 开始操作号码 【1621541】
2024-04-03 00:10:19 GSD getOne 第 1 次 等待 3 秒
2024-04-03 00:10:22 查询号码 【1621541】，返回信息 {"status":"ok","msg":"山东-滨州","gid":"107464","time_insert":"2021-06-20 03:45"}
2024-04-03 00:10:22 查询号码 【1621541】，GSD为【"山东-滨州"】

2024-04-03 00:10:23 开始第 1642 次操作

2024-04-03 00:10:23 开始操作号码 【1621542】
2024-04-03 00:10:27 GSD getOne 第 1 次 等待 3 秒
2024-04-03 00:10:30 查询号码 【1621542】，返回信息 {"status":"ok","msg":"山东-滨州","gid":"107471","time_insert":"2021-06-20 03:49"}
2024-04-03 00:10:30 查询号码 【1621542】，GSD为【"山东-滨州"】

2024-04-03 00:10:31 开始第 1643 次操作

2024-04-03 00:10:31 开始操作号码 【1621543】
2024-04-03 00:10:36 GSD getOne 第 1 次 等待 3 秒
2024-04-03 00:10:39 查询号码 【1621543】，返回信息 {"status":"ok","msg":"山东-滨州","gid":"107480","time_insert":"2021-06-20 03:54"}
2024-04-03 00:10:39 查询号码 【1621543】，GSD为【"山东-滨州"】

2024-04-03 00:10:40 开始第 1644 次操作

2024-04-03 00:10:40 开始操作号码 【1621544】
2024-04-03 00:10:44 GSD getOne 第 1 次 等待 3 秒
2024-04-03 00:10:47 查询号码 【1621544】，返回信息 {"status":"ok","msg":"山东-滨州","gid":"107488","time_insert":"2021-06-20 03:59"}
2024-04-03 00:10:47 查询号码 【1621544】，GSD为【"山东-滨州"】

2024-04-03 00:36:18 开始第 1645 次操作

2024-04-03 00:36:18 开始操作号码 【1621545】
2024-04-03 00:36:25 GSD getOne 第 1 次 等待 3 秒
2024-04-03 00:36:28 查询号码 【1621545】，返回信息 {"status":"ok","msg":"山东-东营","gid":"107494","time_insert":"2021-06-20 04:04"}
2024-04-03 00:36:28 查询号码 【1621545】，GSD为【"山东-东营"】

2024-04-03 00:36:29 开始第 1646 次操作

2024-04-03 00:36:29 开始操作号码 【1621546】
2024-04-03 00:36:35 GSD getOne 第 1 次 等待 3 秒
2024-04-03 00:36:38 查询号码 【1621546】，返回信息 {"status":"ok","msg":"山东-东营","gid":"107503","time_insert":"2021-06-20 04:09"}
2024-04-03 00:36:38 查询号码 【1621546】，GSD为【"山东-东营"】

2024-04-03 00:36:39 开始第 1647 次操作

2024-04-03 00:36:39 开始操作号码 【1621547】
2024-04-03 00:36:45 GSD getOne 第 1 次 等待 3 秒
2024-04-03 00:36:48 查询号码 【1621547】，返回信息 {"status":"ok","msg":"山东-东营","gid":"107512","time_insert":"2021-06-20 04:13"}
2024-04-03 00:36:48 查询号码 【1621547】，GSD为【"山东-东营"】

2024-04-03 00:36:49 开始第 1648 次操作

2024-04-03 00:36:49 开始操作号码 【1621548】
2024-04-03 00:36:54 GSD getOne 第 1 次 等待 3 秒
2024-04-03 00:36:57 查询号码 【1621548】，返回信息 {"status":"ok","msg":"山东-东营","gid":"107518","time_insert":"2021-06-20 04:18"}
2024-04-03 00:36:57 查询号码 【1621548】，GSD为【"山东-东营"】

