2024-01-01 00:09:43 开始第 6457 次操作

2024-01-01 00:09:43 开始操作号码 【1846356】
2024-01-01 00:09:46 GSD getOne 第 1 次 等待 3 秒
2024-01-01 00:09:49 查询号码 【1846356】，返回信息 {"status":"ok","msg":"山东-聊城","gid":"438230","time_insert":"2021-07-29 23:08"}
2024-01-01 00:09:49 查询号码 【1846356】，GSD为【"山东-聊城"】

2024-01-01 00:09:50 开始第 6458 次操作

2024-01-01 00:09:50 开始操作号码 【1846357】
2024-01-01 00:09:53 GSD getOne 第 1 次 等待 3 秒
2024-01-01 00:09:56 查询号码 【1846357】，返回信息 {"status":"ok","msg":"山东-聊城","gid":"438221","time_insert":"2021-07-29 23:07"}
2024-01-01 00:09:56 查询号码 【1846357】，GSD为【"山东-聊城"】

2024-01-01 00:09:57 开始第 6459 次操作

2024-01-01 00:09:57 开始操作号码 【1846358】
2024-01-01 00:10:00 GSD getOne 第 1 次 等待 3 秒
2024-01-01 00:10:03 查询号码 【1846358】，返回信息 {"status":"ok","msg":"山东-聊城","gid":"438209","time_insert":"2021-07-29 23:05"}
2024-01-01 00:10:03 查询号码 【1846358】，GSD为【"山东-聊城"】

2024-01-01 00:10:04 开始第 6460 次操作

2024-01-01 00:10:04 开始操作号码 【1846359】
2024-01-01 00:10:08 GSD getOne 第 1 次 等待 3 秒
2024-01-01 00:10:11 查询号码 【1846359】，返回信息 {"status":"ok","msg":"山东-聊城","gid":"438200","time_insert":"2021-07-29 23:04"}
2024-01-01 00:10:11 查询号码 【1846359】，GSD为【"山东-聊城"】

