2024-04-22 00:11:04 开始第 4977 次操作

2024-04-22 00:11:04 开始操作号码 【1624877】
2024-04-22 00:11:12 GSD getOne 第 1 次 等待 3 秒
2024-04-22 00:11:15 查询号码 【1624877】，返回信息 {"status":"ok","msg":"-","gid":"165085","time_insert":"2021-07-01 07:10"}
2024-04-22 00:11:15 查询号码 【1624877】，GSD为【"-"】
2024-04-22 00:11:15 ok && -
2024-04-22 00:11:18 CHB 1624877?1713715875 第 1 次 等待 3 秒
2024-04-22 00:11:21 CHB 1624877?1713715875 第 1 次 获取到号码【1624877】GSD
2024-04-22 00:11:21 未获取到号码【1624877】GSD，可能号码格式错误
2024-04-22 00:11:21 获取到号码【1624877】的GSD为【-】
2024-04-22 00:11:28 GSD insert 第 1 次 等待 3 秒
2024-04-22 00:11:31 {"status":"bad","gid":"165085","msg":"添加失败！号码【1624877(-|-)】已存在！"}
2024-04-22 00:11:31 随机等待 124 秒，约 2 分钟
2024-04-22 00:11:31 下次操作: 2024-04-22 00:13:35

2024-04-22 00:13:35 开始第 4978 次操作

2024-04-22 00:13:35 开始操作号码 【1624878】
2024-04-22 00:13:41 GSD getOne 第 1 次 等待 3 秒
2024-04-22 00:13:44 查询号码 【1624878】，返回信息 {"status":"ok","msg":"-","gid":"165092","time_insert":"2021-07-01 07:15"}
2024-04-22 00:13:44 查询号码 【1624878】，GSD为【"-"】
2024-04-22 00:13:44 ok && -
2024-04-22 00:13:46 CHB 1624878?1713716024 第 1 次 等待 3 秒
2024-04-22 00:13:49 CHB 1624878?1713716024 第 1 次 获取到号码【1624878】GSD
2024-04-22 00:13:49 未获取到号码【1624878】GSD，可能号码格式错误
2024-04-22 00:13:49 获取到号码【1624878】的GSD为【-】
2024-04-22 00:13:56 GSD insert 第 1 次 等待 3 秒
2024-04-22 00:13:59 {"status":"bad","gid":"165092","msg":"添加失败！号码【1624878(-|-)】已存在！"}
2024-04-22 00:13:59 随机等待 121 秒，约 2 分钟
2024-04-22 00:13:59 下次操作: 2024-04-22 00:16:00

2024-04-22 00:16:00 开始第 4979 次操作

2024-04-22 00:16:00 开始操作号码 【1624879】
2024-04-22 00:16:08 GSD getOne 第 1 次 等待 3 秒
2024-04-22 00:16:11 查询号码 【1624879】，返回信息 {"status":"ok","msg":"-","gid":"165097","time_insert":"2021-07-01 07:19"}
2024-04-22 00:16:11 查询号码 【1624879】，GSD为【"-"】
2024-04-22 00:16:11 ok && -
2024-04-22 00:16:14 CHB 1624879?1713716171 第 1 次 等待 3 秒
2024-04-22 00:16:17 CHB 1624879?1713716171 第 1 次 获取到号码【1624879】GSD
2024-04-22 00:16:17 未获取到号码【1624879】GSD，可能号码格式错误
2024-04-22 00:16:17 获取到号码【1624879】的GSD为【-】
2024-04-22 00:16:34 GSD insert 第 1 次 等待 3 秒
2024-04-22 00:16:37 {"status":"bad","gid":"165097","msg":"添加失败！号码【1624879(-|-)】已存在！"}
2024-04-22 00:16:37 随机等待 163 秒，约 2 分钟
2024-04-22 00:16:37 下次操作: 2024-04-22 00:19:20

2024-04-22 00:19:20 开始第 4980 次操作

2024-04-22 00:19:20 开始操作号码 【1624880】
2024-04-22 00:19:27 GSD getOne 第 1 次 等待 3 秒
2024-04-22 00:19:30 查询号码 【1624880】，返回信息 {"status":"ok","msg":"-","gid":"165102","time_insert":"2021-07-01 07:23"}
2024-04-22 00:19:30 查询号码 【1624880】，GSD为【"-"】
2024-04-22 00:19:30 ok && -
2024-04-22 00:19:32 CHB 1624880?1713716370 第 1 次 等待 3 秒
2024-04-22 00:19:35 CHB 1624880?1713716370 第 1 次 获取到号码【1624880】GSD
2024-04-22 00:19:35 未获取到号码【1624880】GSD，可能号码格式错误
2024-04-22 00:19:35 获取到号码【1624880】的GSD为【-】
2024-04-22 00:19:40 GSD insert 第 1 次 等待 3 秒
2024-04-22 00:19:43 {"status":"bad","gid":"165102","msg":"添加失败！号码【1624880(-|-)】已存在！"}

2024-04-22 00:34:33 开始第 4981 次操作

2024-04-22 00:34:33 开始操作号码 【1624881】
2024-04-22 00:34:38 GSD getOne 第 1 次 等待 3 秒
2024-04-22 00:34:41 查询号码 【1624881】，返回信息 {"status":"ok","msg":"-","gid":"165112","time_insert":"2021-07-01 07:29"}
2024-04-22 00:34:41 查询号码 【1624881】，GSD为【"-"】
2024-04-22 00:34:41 ok && -
2024-04-22 00:34:43 CHB 1624881?1713717281 第 1 次 等待 3 秒
2024-04-22 00:34:46 CHB 1624881?1713717281 第 1 次 获取到号码【1624881】GSD
2024-04-22 00:34:46 未获取到号码【1624881】GSD，可能号码格式错误
2024-04-22 00:34:46 获取到号码【1624881】的GSD为【-】
2024-04-22 00:34:52 GSD insert 第 1 次 等待 3 秒
2024-04-22 00:34:55 {"status":"bad","gid":"165112","msg":"添加失败！号码【1624881(-|-)】已存在！"}
2024-04-22 00:34:55 随机等待 88 秒，约 1 分钟
2024-04-22 00:34:55 下次操作: 2024-04-22 00:36:23

2024-04-22 00:36:23 开始第 4982 次操作

2024-04-22 00:36:23 开始操作号码 【1624882】
2024-04-22 00:36:31 GSD getOne 第 1 次 等待 3 秒
2024-04-22 00:36:34 查询号码 【1624882】，返回信息 {"status":"ok","msg":"-","gid":"165117","time_insert":"2021-07-01 07:33"}
2024-04-22 00:36:34 查询号码 【1624882】，GSD为【"-"】
2024-04-22 00:36:34 ok && -
2024-04-22 00:36:36 CHB 1624882?1713717394 第 1 次 等待 3 秒
2024-04-22 00:36:39 CHB 1624882?1713717394 第 1 次 获取到号码【1624882】GSD
2024-04-22 00:36:39 未获取到号码【1624882】GSD，可能号码格式错误
2024-04-22 00:36:39 获取到号码【1624882】的GSD为【-】
2024-04-22 00:36:45 GSD insert 第 1 次 等待 3 秒
2024-04-22 00:36:48 {"status":"bad","gid":"165117","msg":"添加失败！号码【1624882(-|-)】已存在！"}
2024-04-22 00:36:48 随机等待 92 秒，约 1 分钟
2024-04-22 00:36:48 下次操作: 2024-04-22 00:38:20

2024-04-22 00:38:20 开始第 4983 次操作

2024-04-22 00:38:20 开始操作号码 【1624883】
2024-04-22 00:38:27 GSD getOne 第 1 次 等待 3 秒
2024-04-22 00:38:30 查询号码 【1624883】，返回信息 {"status":"ok","msg":"-","gid":"165120","time_insert":"2021-07-01 07:37"}
2024-04-22 00:38:30 查询号码 【1624883】，GSD为【"-"】
2024-04-22 00:38:30 ok && -
2024-04-22 00:38:32 CHB 1624883?1713717510 第 1 次 等待 3 秒
2024-04-22 00:38:35 CHB 1624883?1713717510 第 1 次 获取到号码【1624883】GSD
2024-04-22 00:38:35 未获取到号码【1624883】GSD，可能号码格式错误
2024-04-22 00:38:35 获取到号码【1624883】的GSD为【-】
2024-04-22 00:38:42 GSD insert 第 1 次 等待 3 秒
2024-04-22 00:38:45 {"status":"bad","gid":"165120","msg":"添加失败！号码【1624883(-|-)】已存在！"}
2024-04-22 00:38:45 随机等待 233 秒，约 3 分钟
2024-04-22 00:38:45 下次操作: 2024-04-22 00:42:38

2024-04-22 00:42:38 开始第 4984 次操作

2024-04-22 00:42:38 开始操作号码 【1624884】
2024-04-22 00:42:46 GSD getOne 第 1 次 等待 3 秒
2024-04-22 00:42:49 查询号码 【1624884】，返回信息 {"status":"ok","msg":"-","gid":"165145","time_insert":"2021-07-01 07:42"}
2024-04-22 00:42:49 查询号码 【1624884】，GSD为【"-"】
2024-04-22 00:42:49 ok && -
2024-04-22 00:42:51 CHB 1624884?1713717769 第 1 次 等待 3 秒
2024-04-22 00:42:54 CHB 1624884?1713717769 第 1 次 获取到号码【1624884】GSD
2024-04-22 00:42:54 未获取到号码【1624884】GSD，可能号码格式错误
2024-04-22 00:42:54 获取到号码【1624884】的GSD为【-】
2024-04-22 00:43:01 GSD insert 第 1 次 等待 3 秒
2024-04-22 00:43:04 {"status":"bad","gid":"165145","msg":"添加失败！号码【1624884(-|-)】已存在！"}

