2023-12-05 00:11:38 开始第 1497 次操作

2023-12-05 00:11:38 开始操作号码 【1841396】
2023-12-05 00:11:48 GSD getOne 第 1 次 等待 3 秒
2023-12-05 00:11:51 查询号码 【1841396】，返回信息 {"status":"ok","msg":"浙江-杭州","gid":"431111","time_insert":"2021-07-29 06:59"}
2023-12-05 00:11:51 查询号码 【1841396】，GSD为【"浙江-杭州"】

2023-12-05 00:11:52 开始第 1498 次操作

2023-12-05 00:11:52 开始操作号码 【1841397】
2023-12-05 00:12:14 GSD getOne 第 1 次 等待 3 秒
2023-12-05 00:12:17 查询号码 【1841397】，返回信息 {"status":"ok","msg":"浙江-杭州","gid":"431193","time_insert":"2021-07-29 07:13"}
2023-12-05 00:12:17 查询号码 【1841397】，GSD为【"浙江-杭州"】

2023-12-05 00:12:18 开始第 1499 次操作

2023-12-05 00:12:18 开始操作号码 【1841398】
2023-12-05 00:12:25 GSD getOne 第 1 次 等待 3 秒
2023-12-05 00:12:28 查询号码 【1841398】，返回信息 {"status":"ok","msg":"浙江-杭州","gid":"431216","time_insert":"2021-07-29 07:26"}
2023-12-05 00:12:28 查询号码 【1841398】，GSD为【"浙江-杭州"】

2023-12-05 00:12:29 开始第 1500 次操作

2023-12-05 00:12:29 开始操作号码 【1841399】
2023-12-05 00:12:47 GSD getOne 第 1 次 等待 3 秒
2023-12-05 00:12:50 查询号码 【1841399】，返回信息 {"status":"ok","msg":"浙江-杭州","gid":"431266","time_insert":"2021-07-29 07:40"}
2023-12-05 00:12:50 查询号码 【1841399】，GSD为【"浙江-杭州"】

