2023-09-30 00:10:08 开始第 665 次操作

2023-09-30 00:10:08 开始操作号码 【1940664】
2023-09-30 00:10:12 GSD getOne 第 1 次 等待 3 秒
2023-09-30 00:10:15 查询号码 【1940664】，返回信息 {"status":"ok","msg":"-","gid":"551488","time_insert":"2023-02-24 10:38"}
2023-09-30 00:10:15 查询号码 【1940664】，GSD为【"-"】
2023-09-30 00:10:15 ok && -
2023-09-30 00:10:20 CHB 1940664?1696003815 第 1 次 等待 3 秒
2023-09-30 00:10:23 CHB 1940664?1696003815 第 1 次 获取到号码【1940664】GSD
2023-09-30 00:10:23 未获取到号码【1940664】GSD，可能号码格式错误
2023-09-30 00:10:23 获取到号码【1940664】的GSD为【-】
2023-09-30 00:10:25 GSD insert 第 1 次 等待 3 秒
2023-09-30 00:10:30 GSD insert 第 2 次 等待 3 秒
2023-09-30 00:10:33 {"status":"bad","gid":"551488","msg":"添加失败！号码【1940664(-|-)】已存在！"}
2023-09-30 00:10:33 随机等待 147 秒，约 2 分钟
2023-09-30 00:10:33 下次操作: 2023-09-30 00:13:00

2023-09-30 00:13:00 开始第 666 次操作

2023-09-30 00:13:00 开始操作号码 【1940665】
2023-09-30 00:13:04 GSD getOne 第 1 次 等待 3 秒
2023-09-30 00:13:07 查询号码 【1940665】，返回信息 {"status":"ok","msg":"-","gid":"551513","time_insert":"2023-02-24 10:55"}
2023-09-30 00:13:07 查询号码 【1940665】，GSD为【"-"】
2023-09-30 00:13:07 ok && -
2023-09-30 00:13:09 CHB 1940665?1696003987 第 1 次 等待 3 秒
2023-09-30 00:13:12 CHB 1940665?1696003987 第 1 次 获取到号码【1940665】GSD
2023-09-30 00:13:12 未获取到号码【1940665】GSD，可能号码格式错误
2023-09-30 00:13:12 获取到号码【1940665】的GSD为【-】
2023-09-30 00:13:13 GSD insert 第 1 次 等待 3 秒
2023-09-30 00:13:16 {"status":"bad","gid":"551513","msg":"添加失败！号码【1940665(-|-)】已存在！"}
2023-09-30 00:13:16 随机等待 221 秒，约 3 分钟
2023-09-30 00:13:16 下次操作: 2023-09-30 00:16:57

2023-09-30 00:16:57 开始第 667 次操作

2023-09-30 00:16:57 开始操作号码 【1940666】
2023-09-30 00:17:02 GSD getOne 第 1 次 等待 3 秒
2023-09-30 00:17:05 查询号码 【1940666】，返回信息 {"status":"ok","msg":"-","gid":"551535","time_insert":"2023-02-24 11:11"}
2023-09-30 00:17:05 查询号码 【1940666】，GSD为【"-"】
2023-09-30 00:17:05 ok && -
2023-09-30 00:17:08 CHB 1940666?1696004225 第 1 次 等待 3 秒
2023-09-30 00:17:11 CHB 1940666?1696004225 第 1 次 获取到号码【1940666】GSD
2023-09-30 00:17:11 未获取到号码【1940666】GSD，可能号码格式错误
2023-09-30 00:17:11 获取到号码【1940666】的GSD为【-】
2023-09-30 00:17:14 GSD insert 第 1 次 等待 3 秒
2023-09-30 00:17:17 {"status":"bad","gid":"551535","msg":"添加失败！号码【1940666(-|-)】已存在！"}
2023-09-30 00:17:17 随机等待 132 秒，约 2 分钟
2023-09-30 00:17:17 下次操作: 2023-09-30 00:19:29

2023-09-30 00:19:29 开始第 668 次操作

2023-09-30 00:19:29 开始操作号码 【1940667】
2023-09-30 00:19:30 GSD getOne 第 1 次 等待 3 秒
2023-09-30 00:19:33 查询号码 【1940667】，返回信息 {"status":"ok","msg":"-","gid":"551563","time_insert":"2023-02-24 11:29"}
2023-09-30 00:19:33 查询号码 【1940667】，GSD为【"-"】
2023-09-30 00:19:33 ok && -
2023-09-30 00:19:40 CHB 1940667?1696004373 第 1 次 等待 3 秒
2023-09-30 00:19:43 CHB 1940667?1696004373 第 1 次 获取到号码【1940667】GSD
2023-09-30 00:19:43 未获取到号码【1940667】GSD，可能号码格式错误
2023-09-30 00:19:43 获取到号码【1940667】的GSD为【-】
2023-09-30 00:19:45 GSD insert 第 1 次 等待 3 秒
2023-09-30 00:19:48 {"status":"bad","gid":"551563","msg":"添加失败！号码【1940667(-|-)】已存在！"}

