2024-04-07 00:10:48 开始第 2373 次操作

2024-04-07 00:10:48 开始操作号码 【1622273】
2024-04-07 00:10:53 GSD getOne 第 1 次 等待 3 秒
2024-04-07 00:10:56 查询号码 【1622273】，返回信息 {"status":"ok","msg":"内蒙古-呼和浩特","gid":"113946","time_insert":"2021-06-22 15:58"}
2024-04-07 00:10:56 查询号码 【1622273】，GSD为【"内蒙古-呼和浩特"】

2024-04-07 00:10:57 开始第 2374 次操作

2024-04-07 00:10:57 开始操作号码 【1622274】
2024-04-07 00:11:05 GSD getOne 第 1 次 等待 3 秒
2024-04-07 00:11:08 查询号码 【1622274】，返回信息 {"status":"ok","msg":"内蒙古-呼和浩特","gid":"113969","time_insert":"2021-06-22 16:02"}
2024-04-07 00:11:08 查询号码 【1622274】，GSD为【"内蒙古-呼和浩特"】

2024-04-07 00:11:09 开始第 2375 次操作

2024-04-07 00:11:09 开始操作号码 【1622275】
2024-04-07 00:11:14 GSD getOne 第 1 次 等待 3 秒
2024-04-07 00:11:17 查询号码 【1622275】，返回信息 {"status":"ok","msg":"内蒙古-呼和浩特","gid":"113983","time_insert":"2021-06-22 16:06"}
2024-04-07 00:11:17 查询号码 【1622275】，GSD为【"内蒙古-呼和浩特"】

2024-04-07 00:11:18 开始第 2376 次操作

2024-04-07 00:11:18 开始操作号码 【1622276】
2024-04-07 00:11:24 GSD getOne 第 1 次 等待 3 秒
2024-04-07 00:11:27 查询号码 【1622276】，返回信息 {"status":"ok","msg":"内蒙古-呼和浩特","gid":"113994","time_insert":"2021-06-22 16:12"}
2024-04-07 00:11:27 查询号码 【1622276】，GSD为【"内蒙古-呼和浩特"】

