2024-08-05 00:36:05 开始第 1 次操作

2024-08-05 00:36:05 开始操作号码 【1519891】
2024-08-05 00:36:13 GSD getOne 第 1 次 等待 3 秒
2024-08-05 00:36:16 查询号码 【1519891】，返回信息 {"status":"ok","msg":"云南-昆明","gid":"18591","time_insert":"2017-03-13 21:28","time_update":"2020-11-30 01:57"}
2024-08-05 00:36:16 查询号码 【1519891】，GSD为【"云南-昆明"】

2024-08-05 00:36:17 开始第 2 次操作

2024-08-05 00:36:17 开始操作号码 【1519892】
2024-08-05 00:36:25 GSD getOne 第 1 次 等待 3 秒
2024-08-05 00:36:28 查询号码 【1519892】，返回信息 {"status":"ok","msg":"云南-昆明","gid":"18592","time_insert":"2017-02-05 20:18","time_update":"2020-11-30 02:01"}
2024-08-05 00:36:28 查询号码 【1519892】，GSD为【"云南-昆明"】

2024-08-05 00:36:29 开始第 3 次操作

2024-08-05 00:36:29 开始操作号码 【1519893】
2024-08-05 00:36:37 GSD getOne 第 1 次 等待 3 秒
2024-08-05 00:36:40 查询号码 【1519893】，返回信息 {"status":"ok","msg":"云南-昆明","gid":"18593","time_insert":"2017-07-23 14:09","time_update":"2020-11-30 02:04"}
2024-08-05 00:36:40 查询号码 【1519893】，GSD为【"云南-昆明"】

2024-08-05 00:36:41 开始第 4 次操作

2024-08-05 00:36:41 开始操作号码 【1519894】
2024-08-05 00:36:48 GSD getOne 第 1 次 等待 3 秒
2024-08-05 00:36:51 查询号码 【1519894】，返回信息 {"status":"ok","msg":"云南-昆明","gid":"18594","time_insert":"2018-03-31 22:06","time_update":"2020-11-30 02:08"}
2024-08-05 00:36:51 查询号码 【1519894】，GSD为【"云南-昆明"】

