2023-11-10 00:10:44 开始第 7961 次操作

2023-11-10 00:10:44 开始操作号码 【1947859】
2023-11-10 00:10:49 GSD getOne 第 1 次 等待 3 秒
2023-11-10 00:10:52 查询号码 【1947859】，返回信息 {"status":"ok","msg":"-","gid":"608219","time_insert":"2023-03-23 00:36"}
2023-11-10 00:10:52 查询号码 【1947859】，GSD为【"-"】
2023-11-10 00:10:52 ok && -
2023-11-10 00:10:59 CHB 1947859?1699546252 第 1 次 等待 3 秒
2023-11-10 00:11:02 CHB 1947859?1699546252 第 1 次 获取到号码【1947859】GSD
2023-11-10 00:11:02 未获取到号码【1947859】GSD，可能号码格式错误
2023-11-10 00:11:02 获取到号码【1947859】的GSD为【-】
2023-11-10 00:11:06 GSD insert 第 1 次 等待 3 秒
2023-11-10 00:11:09 {"status":"bad","gid":"608219","msg":"添加失败！号码【1947859(-|-)】已存在！"}
2023-11-10 00:11:09 随机等待 136 秒，约 2 分钟
2023-11-10 00:11:09 下次操作: 2023-11-10 00:13:25

2023-11-10 00:13:25 开始第 7962 次操作

2023-11-10 00:13:25 开始操作号码 【1947860】
2023-11-10 00:13:30 GSD getOne 第 1 次 等待 3 秒
2023-11-10 00:13:33 查询号码 【1947860】，返回信息 {"status":"ok","msg":"-","gid":"608203","time_insert":"2023-03-23 00:19"}
2023-11-10 00:13:33 查询号码 【1947860】，GSD为【"-"】
2023-11-10 00:13:33 ok && -
2023-11-10 00:13:37 CHB 1947860?1699546413 第 1 次 等待 3 秒
2023-11-10 00:13:40 CHB 1947860?1699546413 第 1 次 获取到号码【1947860】GSD
2023-11-10 00:13:40 未获取到号码【1947860】GSD，可能号码格式错误
2023-11-10 00:13:40 获取到号码【1947860】的GSD为【-】
2023-11-10 00:13:43 GSD insert 第 1 次 等待 3 秒
2023-11-10 00:13:46 {"status":"bad","gid":"608203","msg":"添加失败！号码【1947860(-|-)】已存在！"}
2023-11-10 00:13:46 随机等待 176 秒，约 2 分钟
2023-11-10 00:13:46 下次操作: 2023-11-10 00:16:42

2023-11-10 00:16:42 开始第 7963 次操作

2023-11-10 00:16:42 开始操作号码 【1947861】
2023-11-10 00:16:46 GSD getOne 第 1 次 等待 3 秒
2023-11-10 00:16:49 查询号码 【1947861】，返回信息 {"status":"ok","msg":"-","gid":"608196","time_insert":"2023-03-23 00:16"}
2023-11-10 00:16:49 查询号码 【1947861】，GSD为【"-"】
2023-11-10 00:16:49 ok && -
2023-11-10 00:16:52 CHB 1947861?1699546609 第 1 次 等待 3 秒
2023-11-10 00:16:55 CHB 1947861?1699546609 第 1 次 获取到号码【1947861】GSD
2023-11-10 00:16:55 未获取到号码【1947861】GSD，可能号码格式错误
2023-11-10 00:16:55 获取到号码【1947861】的GSD为【-】
2023-11-10 00:16:58 GSD insert 第 1 次 等待 3 秒
2023-11-10 00:17:01 {"status":"bad","gid":"608196","msg":"添加失败！号码【1947861(-|-)】已存在！"}
2023-11-10 00:17:01 随机等待 142 秒，约 2 分钟
2023-11-10 00:17:01 下次操作: 2023-11-10 00:19:23

2023-11-10 00:19:23 开始第 7964 次操作

2023-11-10 00:19:23 开始操作号码 【1947862】
2023-11-10 00:19:26 GSD getOne 第 1 次 等待 3 秒
2023-11-10 00:19:29 查询号码 【1947862】，返回信息 {"status":"ok","msg":"-","gid":"608193","time_insert":"2023-03-23 00:14"}
2023-11-10 00:19:29 查询号码 【1947862】，GSD为【"-"】
2023-11-10 00:19:29 ok && -
2023-11-10 00:19:36 CHB 1947862?1699546769 第 1 次 等待 3 秒
2023-11-10 00:19:39 CHB 1947862?1699546769 第 1 次 获取到号码【1947862】GSD
2023-11-10 00:19:39 未获取到号码【1947862】GSD，可能号码格式错误
2023-11-10 00:19:39 获取到号码【1947862】的GSD为【-】
2023-11-10 00:19:46 GSD insert 第 1 次 等待 3 秒
2023-11-10 00:19:49 {"status":"bad","gid":"608193","msg":"添加失败！号码【1947862(-|-)】已存在！"}

