2024-01-02 00:10:19 开始第 6637 次操作

2024-01-02 00:10:19 开始操作号码 【1846536】
2024-01-02 00:10:23 GSD getOne 第 1 次 等待 3 秒
2024-01-02 00:10:26 查询号码 【1846536】，返回信息 {"status":"ok","msg":"宁夏-固原","gid":"436154","time_insert":"2021-07-29 18:48"}
2024-01-02 00:10:26 查询号码 【1846536】，GSD为【"宁夏-固原"】

2024-01-02 00:10:27 开始第 6638 次操作

2024-01-02 00:10:27 开始操作号码 【1846537】
2024-01-02 00:10:30 GSD getOne 第 1 次 等待 3 秒
2024-01-02 00:10:33 查询号码 【1846537】，返回信息 {"status":"ok","msg":"宁夏-银川","gid":"436145","time_insert":"2021-07-29 18:48","time_update":"2021-08-09 16:22"}
2024-01-02 00:10:33 查询号码 【1846537】，GSD为【"宁夏-银川"】

2024-01-02 00:10:34 开始第 6639 次操作

2024-01-02 00:10:34 开始操作号码 【1846538】
2024-01-02 00:10:40 GSD getOne 第 1 次 等待 3 秒
2024-01-02 00:10:43 查询号码 【1846538】，返回信息 {"status":"ok","msg":"宁夏-银川","gid":"436130","time_insert":"2021-07-29 18:47"}
2024-01-02 00:10:43 查询号码 【1846538】，GSD为【"宁夏-银川"】

2024-01-02 00:10:44 开始第 6640 次操作

2024-01-02 00:10:44 开始操作号码 【1846539】
2024-01-02 00:10:48 GSD getOne 第 1 次 等待 3 秒
2024-01-02 00:10:51 查询号码 【1846539】，返回信息 {"status":"ok","msg":"宁夏-中卫","gid":"436119","time_insert":"2021-07-29 18:46"}
2024-01-02 00:10:51 查询号码 【1846539】，GSD为【"宁夏-中卫"】

2024-01-02 00:36:12 开始第 6641 次操作

2024-01-02 00:36:12 开始操作号码 【1846540】
2024-01-02 00:36:19 GSD getOne 第 1 次 等待 3 秒
2024-01-02 00:36:22 查询号码 【1846540】，返回信息 {"status":"ok","msg":"宁夏-银川","gid":"436110","time_insert":"2021-07-29 18:46"}
2024-01-02 00:36:22 查询号码 【1846540】，GSD为【"宁夏-银川"】

2024-01-02 00:36:23 开始第 6642 次操作

2024-01-02 00:36:23 开始操作号码 【1846541】
2024-01-02 00:36:26 GSD getOne 第 1 次 等待 3 秒
2024-01-02 00:36:29 查询号码 【1846541】，返回信息 {"status":"ok","msg":"宁夏-银川","gid":"436099","time_insert":"2021-07-29 18:45"}
2024-01-02 00:36:29 查询号码 【1846541】，GSD为【"宁夏-银川"】

2024-01-02 00:36:30 开始第 6643 次操作

2024-01-02 00:36:30 开始操作号码 【1846542】
2024-01-02 00:36:34 GSD getOne 第 1 次 等待 3 秒
2024-01-02 00:36:37 查询号码 【1846542】，返回信息 {"status":"ok","msg":"宁夏-石嘴山","gid":"436091","time_insert":"2021-07-29 18:44"}
2024-01-02 00:36:37 查询号码 【1846542】，GSD为【"宁夏-石嘴山"】

2024-01-02 00:36:38 开始第 6644 次操作

2024-01-02 00:36:38 开始操作号码 【1846543】
2024-01-02 00:36:41 GSD getOne 第 1 次 等待 3 秒
2024-01-02 00:36:44 查询号码 【1846543】，返回信息 {"status":"ok","msg":"宁夏-吴忠","gid":"436085","time_insert":"2021-07-29 18:44"}
2024-01-02 00:36:44 查询号码 【1846543】，GSD为【"宁夏-吴忠"】

2024-01-02 01:07:54 开始第 6645 次操作

2024-01-02 01:07:54 开始操作号码 【1846544】
2024-01-02 01:07:58 GSD getOne 第 1 次 等待 3 秒
2024-01-02 01:08:01 查询号码 【1846544】，返回信息 {"status":"ok","msg":"宁夏-固原","gid":"436077","time_insert":"2021-07-29 18:43"}
2024-01-02 01:08:01 查询号码 【1846544】，GSD为【"宁夏-固原"】

2024-01-02 01:08:02 开始第 6646 次操作

2024-01-02 01:08:02 开始操作号码 【1846545】
2024-01-02 01:08:05 GSD getOne 第 1 次 等待 3 秒
2024-01-02 01:08:08 查询号码 【1846545】，返回信息 {"status":"ok","msg":"宁夏-中卫","gid":"436070","time_insert":"2021-07-29 18:43"}
2024-01-02 01:08:08 查询号码 【1846545】，GSD为【"宁夏-中卫"】

2024-01-02 01:08:09 开始第 6647 次操作

2024-01-02 01:08:09 开始操作号码 【1846546】
2024-01-02 01:08:13 GSD getOne 第 1 次 等待 3 秒
2024-01-02 01:08:16 查询号码 【1846546】，返回信息 {"status":"ok","msg":"宁夏-石嘴山","gid":"436066","time_insert":"2021-07-29 18:42"}
2024-01-02 01:08:16 查询号码 【1846546】，GSD为【"宁夏-石嘴山"】

2024-01-02 01:08:17 开始第 6648 次操作

2024-01-02 01:08:17 开始操作号码 【1846547】
2024-01-02 01:08:21 GSD getOne 第 1 次 等待 3 秒
2024-01-02 01:08:24 查询号码 【1846547】，返回信息 {"status":"ok","msg":"宁夏-银川","gid":"436059","time_insert":"2021-07-29 18:42"}
2024-01-02 01:08:24 查询号码 【1846547】，GSD为【"宁夏-银川"】

