2023-10-02 00:09:09 开始第 1033 次操作

2023-10-02 00:09:09 开始操作号码 【1941032】
2023-10-02 00:09:13 GSD getOne 第 1 次 等待 3 秒
2023-10-02 00:09:16 查询号码 【1941032】，返回信息 {"status":"ok","msg":"-","gid":"561843","time_insert":"2023-02-28 22:49"}
2023-10-02 00:09:16 查询号码 【1941032】，GSD为【"-"】
2023-10-02 00:09:16 ok && -
2023-10-02 00:09:19 CHB 1941032?1696176556 第 1 次 等待 3 秒
2023-10-02 00:09:22 CHB 1941032?1696176556 第 1 次 获取到号码【1941032】GSD
2023-10-02 00:09:22 未获取到号码【1941032】GSD，可能号码格式错误
2023-10-02 00:09:22 获取到号码【1941032】的GSD为【-】
2023-10-02 00:09:25 GSD insert 第 1 次 等待 3 秒
2023-10-02 00:09:28 {"status":"bad","gid":"561843","msg":"添加失败！号码【1941032(-|-)】已存在！"}
2023-10-02 00:09:28 随机等待 169 秒，约 2 分钟
2023-10-02 00:09:28 下次操作: 2023-10-02 00:12:17

2023-10-02 00:12:17 开始第 1034 次操作

2023-10-02 00:12:17 开始操作号码 【1941033】
2023-10-02 00:12:26 GSD getOne 第 1 次 等待 3 秒
2023-10-02 00:12:29 查询号码 【1941033】，返回信息 {"status":"ok","msg":"-","gid":"561870","time_insert":"2023-02-28 23:04"}
2023-10-02 00:12:29 查询号码 【1941033】，GSD为【"-"】
2023-10-02 00:12:29 ok && -
2023-10-02 00:12:32 CHB 1941033?1696176749 第 1 次 等待 3 秒
2023-10-02 00:12:35 CHB 1941033?1696176749 第 1 次 获取到号码【1941033】GSD
2023-10-02 00:12:35 未获取到号码【1941033】GSD，可能号码格式错误
2023-10-02 00:12:35 获取到号码【1941033】的GSD为【-】
2023-10-02 00:12:42 GSD insert 第 1 次 等待 3 秒
2023-10-02 00:12:45 {"status":"bad","gid":"561870","msg":"添加失败！号码【1941033(-|-)】已存在！"}
2023-10-02 00:12:45 随机等待 182 秒，约 3 分钟
2023-10-02 00:12:45 下次操作: 2023-10-02 00:15:47

2023-10-02 00:15:47 开始第 1035 次操作

2023-10-02 00:15:47 开始操作号码 【1941034】
2023-10-02 00:15:50 GSD getOne 第 1 次 等待 3 秒
2023-10-02 00:15:53 查询号码 【1941034】，返回信息 {"status":"ok","msg":"-","gid":"561899","time_insert":"2023-02-28 23:23"}
2023-10-02 00:15:53 查询号码 【1941034】，GSD为【"-"】
2023-10-02 00:15:53 ok && -
2023-10-02 00:15:56 CHB 1941034?1696176953 第 1 次 等待 3 秒
2023-10-02 00:15:59 CHB 1941034?1696176953 第 1 次 获取到号码【1941034】GSD
2023-10-02 00:15:59 未获取到号码【1941034】GSD，可能号码格式错误
2023-10-02 00:15:59 获取到号码【1941034】的GSD为【-】
2023-10-02 00:16:02 GSD insert 第 1 次 等待 3 秒
2023-10-02 00:16:05 {"status":"bad","gid":"561899","msg":"添加失败！号码【1941034(-|-)】已存在！"}
2023-10-02 00:16:05 随机等待 188 秒，约 3 分钟
2023-10-02 00:16:05 下次操作: 2023-10-02 00:19:13

2023-10-02 00:19:13 开始第 1036 次操作

2023-10-02 00:19:13 开始操作号码 【1941035】
2023-10-02 00:19:23 GSD getOne 第 1 次 等待 3 秒
2023-10-02 00:19:26 查询号码 【1941035】，返回信息 {"status":"ok","msg":"-","gid":"561924","time_insert":"2023-02-28 23:40"}
2023-10-02 00:19:26 查询号码 【1941035】，GSD为【"-"】
2023-10-02 00:19:26 ok && -
2023-10-02 00:19:28 CHB 1941035?1696177166 第 1 次 等待 3 秒
2023-10-02 00:19:31 CHB 1941035?1696177166 第 1 次 获取到号码【1941035】GSD
2023-10-02 00:19:31 未获取到号码【1941035】GSD，可能号码格式错误
2023-10-02 00:19:31 获取到号码【1941035】的GSD为【-】
2023-10-02 00:19:34 GSD insert 第 1 次 等待 3 秒
2023-10-02 00:19:37 {"status":"bad","gid":"561924","msg":"添加失败！号码【1941035(-|-)】已存在！"}

