2021-08-04 00:05:11 开始第 7 次操作

2021-08-04 00:05:11 开始操作号码 【1935244】
2021-08-04 00:05:28 GSD getOne 第 1 次 等待 3 秒
2021-08-04 00:05:31 查询号码 【1935244】，返回信息 {"status":"bad","msg":""}
2021-08-04 00:05:31 查询号码 【1935244】，GSD为【""】
2021-08-04 00:05:31 bad
2021-08-04 00:05:33 CHB 1935244?1628006731 第 1 次 等待 3 秒
2021-08-04 00:05:36 CHB 1935244?1628006731 第 1 次 获取到号码【1935244】GSD
2021-08-04 00:05:36 获取到号码【1935244】的GSD为【江苏-徐州】
2021-08-04 00:05:50 GSD insert 第 1 次 等待 3 秒
2021-08-04 00:05:53 {"status":"ok","gid":493468,"msg":"添加成功！"}
2021-08-04 00:05:53 下次操作: 2021-08-04 00:06:09

2021-08-04 00:06:09 开始第 8 次操作

2021-08-04 00:06:09 开始操作号码 【1935243】
2021-08-04 00:06:20 GSD getOne 第 1 次 等待 3 秒
2021-08-04 00:06:23 查询号码 【1935243】，返回信息 {"status":"ok","msg":"江苏-徐州","gid":"46280","time_insert":"2017-05-30 14:16","time_update":"2021-01-22 16:34"}
2021-08-04 00:06:23 查询号码 【1935243】，GSD为【"江苏-徐州"】

2021-08-04 00:06:23 开始第 8 次操作

2021-08-04 00:06:23 开始操作号码 【1935242】
2021-08-04 00:06:45 GSD getOne 第 1 次 等待 3 秒
2021-08-04 00:06:48 查询号码 【1935242】，返回信息 {"status":"bad","msg":""}
2021-08-04 00:06:48 查询号码 【1935242】，GSD为【""】
2021-08-04 00:06:48 bad
2021-08-04 00:06:50 CHB 1935242?1628006808 第 1 次 等待 3 秒
2021-08-04 00:06:53 CHB 1935242?1628006808 第 1 次 获取到号码【1935242】GSD
2021-08-04 00:06:53 获取到号码【1935242】的GSD为【江苏-徐州】
2021-08-04 00:07:10 GSD insert 第 1 次 等待 3 秒
2021-08-04 00:07:13 {"status":"ok","gid":493474,"msg":"添加成功！"}
2021-08-04 00:07:13 下次操作: 2021-08-04 00:07:35

2021-08-04 00:07:35 开始第 9 次操作

2021-08-04 00:07:35 开始操作号码 【1935241】
2021-08-04 00:07:48 GSD getOne 第 1 次 等待 3 秒
2021-08-04 00:07:51 查询号码 【1935241】，返回信息 {"status":"bad","msg":""}
2021-08-04 00:07:51 查询号码 【1935241】，GSD为【""】
2021-08-04 00:07:51 bad
2021-08-04 00:07:53 CHB 1935241?1628006871 第 1 次 等待 3 秒
2021-08-04 00:07:56 CHB 1935241?1628006871 第 1 次 获取到号码【1935241】GSD
2021-08-04 00:07:56 获取到号码【1935241】的GSD为【江苏-徐州】
2021-08-04 00:08:19 GSD insert 第 1 次 等待 3 秒
2021-08-04 00:08:22 {"status":"ok","gid":493482,"msg":"添加成功！"}
2021-08-04 00:08:22 下次操作: 2021-08-04 00:08:35

2021-08-04 00:08:35 开始第 10 次操作

2021-08-04 00:08:35 开始操作号码 【1935240】
2021-08-04 00:08:47 GSD getOne 第 1 次 等待 3 秒
2021-08-04 00:08:50 查询号码 【1935240】，返回信息 {"status":"bad","msg":""}
2021-08-04 00:08:50 查询号码 【1935240】，GSD为【""】
2021-08-04 00:08:50 bad
2021-08-04 00:08:52 CHB 1935240?1628006930 第 1 次 等待 3 秒
2021-08-04 00:08:55 CHB 1935240?1628006930 第 1 次 获取到号码【1935240】GSD
2021-08-04 00:08:55 获取到号码【1935240】的GSD为【江苏-徐州】
2021-08-04 00:09:07 GSD insert 第 1 次 等待 3 秒
2021-08-04 00:09:10 {"status":"ok","gid":493487,"msg":"添加成功！"}
2021-08-04 00:09:10 下次操作: 2021-08-04 00:09:32

2021-08-04 00:09:32 开始第 11 次操作

2021-08-04 00:09:32 开始操作号码 【1935239】
2021-08-04 00:09:51 GSD getOne 第 1 次 等待 3 秒
2021-08-04 00:09:54 查询号码 【1935239】，返回信息 {"status":"bad","msg":""}
2021-08-04 00:09:54 查询号码 【1935239】，GSD为【""】
2021-08-04 00:09:54 bad
2021-08-04 00:09:56 CHB 1935239?1628006994 第 1 次 等待 3 秒
2021-08-04 00:09:59 CHB 1935239?1628006994 第 1 次 获取到号码【1935239】GSD
2021-08-04 00:09:59 获取到号码【1935239】的GSD为【江苏-淮安】
2021-08-04 00:10:12 GSD insert 第 1 次 等待 3 秒
2021-08-04 00:10:15 {"status":"ok","gid":493492,"msg":"添加成功！"}
2021-08-04 00:10:15 下次操作: 2021-08-04 00:10:34

2021-08-04 00:10:34 开始第 12 次操作

2021-08-04 00:10:34 开始操作号码 【1935238】
2021-08-04 00:11:00 GSD getOne 第 1 次 等待 3 秒
2021-08-04 00:11:03 查询号码 【1935238】，返回信息 {"status":"bad","msg":""}
2021-08-04 00:11:03 查询号码 【1935238】，GSD为【""】
2021-08-04 00:11:03 bad
2021-08-04 00:11:04 CHB 1935238?1628007063 第 1 次 等待 3 秒
2021-08-04 00:11:07 CHB 1935238?1628007063 第 1 次 获取到号码【1935238】GSD
2021-08-04 00:11:07 获取到号码【1935238】的GSD为【江苏-淮安】
2021-08-04 00:11:20 GSD insert 第 1 次 等待 3 秒
2021-08-04 00:11:23 {"status":"ok","gid":493498,"msg":"添加成功！"}
2021-08-04 00:11:23 下次操作: 2021-08-04 00:11:44

2021-08-04 00:11:44 开始第 13 次操作

2021-08-04 00:11:44 开始操作号码 【1935237】
2021-08-04 00:12:32 GSD getOne 第 1 次 等待 3 秒
2021-08-04 00:12:35 查询号码 【1935237】，返回信息 {"status":"bad","msg":""}
2021-08-04 00:12:35 查询号码 【1935237】，GSD为【""】
2021-08-04 00:12:35 bad
2021-08-04 00:12:40 CHB 1935237?1628007155 第 1 次 等待 3 秒
2021-08-04 00:12:43 CHB 1935237?1628007155 第 1 次 获取到号码【1935237】GSD
2021-08-04 00:12:43 获取到号码【1935237】的GSD为【江苏-淮安】
2021-08-04 00:13:04 GSD insert 第 1 次 等待 3 秒
2021-08-04 00:13:07 {"status":"ok","gid":493508,"msg":"添加成功！"}
2021-08-04 00:13:07 下次操作: 2021-08-04 00:13:21

2021-08-04 00:13:21 开始第 14 次操作

2021-08-04 00:13:21 开始操作号码 【1935236】
2021-08-04 00:13:32 GSD getOne 第 1 次 等待 3 秒
2021-08-04 00:13:35 查询号码 【1935236】，返回信息 {"status":"bad","msg":""}
2021-08-04 00:13:35 查询号码 【1935236】，GSD为【""】
2021-08-04 00:13:35 bad
2021-08-04 00:13:36 CHB 1935236?1628007215 第 1 次 等待 3 秒
2021-08-04 00:13:39 CHB 1935236?1628007215 第 1 次 获取到号码【1935236】GSD
2021-08-04 00:13:39 获取到号码【1935236】的GSD为【江苏-淮安】
2021-08-04 00:14:43 GSD insert 第 1 次 等待 3 秒
2021-08-04 00:14:46 {"status":"ok","gid":493517,"msg":"添加成功！"}
2021-08-04 00:14:46 下次操作: 2021-08-04 00:15:01

2021-08-04 00:15:01 开始第 15 次操作

2021-08-04 00:15:01 开始操作号码 【1935235】
2021-08-04 00:15:15 GSD getOne 第 1 次 等待 3 秒
2021-08-04 00:15:18 查询号码 【1935235】，返回信息 {"status":"bad","msg":""}
2021-08-04 00:15:18 查询号码 【1935235】，GSD为【""】
2021-08-04 00:15:18 bad
2021-08-04 00:15:20 CHB 1935235?1628007318 第 1 次 等待 3 秒
2021-08-04 00:15:23 CHB 1935235?1628007318 第 1 次 获取到号码【1935235】GSD
2021-08-04 00:15:23 获取到号码【1935235】的GSD为【江苏-淮安】
2021-08-04 00:15:35 GSD insert 第 1 次 等待 3 秒
2021-08-04 00:15:38 {"status":"ok","gid":493523,"msg":"添加成功！"}
2021-08-04 00:15:38 下次操作: 2021-08-04 00:15:51

2021-08-04 00:15:51 开始第 16 次操作

2021-08-04 00:15:51 开始操作号码 【1935234】
2021-08-04 00:16:23 GSD getOne 第 1 次 等待 3 秒
2021-08-04 00:16:26 查询号码 【1935234】，返回信息 {"status":"bad","msg":""}
2021-08-04 00:16:26 查询号码 【1935234】，GSD为【""】
2021-08-04 00:16:26 bad
2021-08-04 00:16:28 CHB 1935234?1628007386 第 1 次 等待 3 秒
2021-08-04 00:16:31 CHB 1935234?1628007386 第 1 次 获取到号码【1935234】GSD
2021-08-04 00:16:31 获取到号码【1935234】的GSD为【江苏-淮安】
2021-08-04 00:16:36 GSD insert 第 1 次 等待 3 秒
2021-08-04 00:16:39 {"status":"ok","gid":493528,"msg":"添加成功！"}
2021-08-04 00:16:39 下次操作: 2021-08-04 00:16:52

2021-08-04 00:16:52 开始第 17 次操作

2021-08-04 00:16:52 开始操作号码 【1935233】
2021-08-04 00:17:02 GSD getOne 第 1 次 等待 3 秒
2021-08-04 00:17:05 查询号码 【1935233】，返回信息 {"status":"bad","msg":""}
2021-08-04 00:17:05 查询号码 【1935233】，GSD为【""】
2021-08-04 00:17:05 bad
2021-08-04 00:17:07 CHB 1935233?1628007425 第 1 次 等待 3 秒
2021-08-04 00:17:10 CHB 1935233?1628007425 第 1 次 获取到号码【1935233】GSD
2021-08-04 00:17:10 获取到号码【1935233】的GSD为【江苏-淮安】
2021-08-04 00:17:26 GSD insert 第 1 次 等待 3 秒
2021-08-04 00:17:29 {"status":"ok","gid":493532,"msg":"添加成功！"}
2021-08-04 00:17:29 下次操作: 2021-08-04 00:17:53

2021-08-04 00:17:53 开始第 18 次操作

2021-08-04 00:17:53 开始操作号码 【1935232】
2021-08-04 00:18:07 GSD getOne 第 1 次 等待 3 秒
2021-08-04 00:18:10 查询号码 【1935232】，返回信息 {"status":"bad","msg":""}
2021-08-04 00:18:10 查询号码 【1935232】，GSD为【""】
2021-08-04 00:18:10 bad
2021-08-04 00:18:12 CHB 1935232?1628007490 第 1 次 等待 3 秒
2021-08-04 00:18:15 CHB 1935232?1628007490 第 1 次 获取到号码【1935232】GSD
2021-08-04 00:18:15 获取到号码【1935232】的GSD为【江苏-淮安】
2021-08-04 00:18:36 GSD insert 第 1 次 等待 3 秒
2021-08-04 00:18:39 {"status":"ok","gid":493539,"msg":"添加成功！"}
2021-08-04 00:18:39 下次操作: 2021-08-04 00:18:57

2021-08-04 00:18:57 开始第 19 次操作

2021-08-04 00:18:57 开始操作号码 【1935231】
2021-08-04 00:19:56 GSD getOne 第 1 次 等待 3 秒
2021-08-04 00:19:59 查询号码 【1935231】，返回信息 {"status":"bad","msg":""}
2021-08-04 00:19:59 查询号码 【1935231】，GSD为【""】
2021-08-04 00:19:59 bad
2021-08-04 00:20:00 CHB 1935231?1628007599 第 1 次 等待 3 秒
2021-08-04 00:20:03 CHB 1935231?1628007599 第 1 次 获取到号码【1935231】GSD
2021-08-04 00:20:04 获取到号码【1935231】的GSD为【江苏-淮安】
2021-08-04 00:20:16 GSD insert 第 1 次 等待 3 秒
2021-08-04 00:20:19 {"status":"ok","gid":493549,"msg":"添加成功！"}
2021-08-04 00:20:19 下次操作: 2021-08-04 00:20:32

2021-08-04 00:20:32 开始第 20 次操作

2021-08-04 00:20:32 开始操作号码 【1935230】
2021-08-04 00:20:57 GSD getOne 第 1 次 等待 3 秒
2021-08-04 00:21:00 查询号码 【1935230】，返回信息 {"status":"bad","msg":""}
2021-08-04 00:21:00 查询号码 【1935230】，GSD为【""】
2021-08-04 00:21:00 bad
2021-08-04 00:21:02 CHB 1935230?1628007660 第 1 次 等待 3 秒
2021-08-04 00:21:05 CHB 1935230?1628007660 第 1 次 获取到号码【1935230】GSD
2021-08-04 00:21:05 获取到号码【1935230】的GSD为【江苏-淮安】
2021-08-04 00:21:19 GSD insert 第 1 次 等待 3 秒
2021-08-04 00:21:22 {"status":"ok","gid":493554,"msg":"添加成功！"}
2021-08-04 00:21:22 下次操作: 2021-08-04 00:21:34

2021-08-04 00:21:34 开始第 21 次操作

2021-08-04 00:21:34 开始操作号码 【1935229】
2021-08-04 00:21:52 GSD getOne 第 1 次 等待 3 秒
2021-08-04 00:21:55 查询号码 【1935229】，返回信息 {"status":"bad","msg":""}
2021-08-04 00:21:55 查询号码 【1935229】，GSD为【""】
2021-08-04 00:21:55 bad
2021-08-04 00:21:57 CHB 1935229?1628007715 第 1 次 等待 3 秒
2021-08-04 00:22:00 CHB 1935229?1628007715 第 1 次 获取到号码【1935229】GSD
2021-08-04 00:22:00 获取到号码【1935229】的GSD为【江苏-徐州】
2021-08-04 00:22:12 GSD insert 第 1 次 等待 3 秒
2021-08-04 00:22:15 {"status":"ok","gid":493558,"msg":"添加成功！"}
2021-08-04 00:22:15 下次操作: 2021-08-04 00:22:34

2021-08-04 00:22:34 开始第 22 次操作

2021-08-04 00:22:34 开始操作号码 【1935228】
2021-08-04 00:23:09 GSD getOne 第 1 次 等待 3 秒
2021-08-04 00:23:12 查询号码 【1935228】，返回信息 {"status":"bad","msg":""}
2021-08-04 00:23:12 查询号码 【1935228】，GSD为【""】
2021-08-04 00:23:12 bad
2021-08-04 00:23:14 CHB 1935228?1628007792 第 1 次 等待 3 秒
2021-08-04 00:23:17 CHB 1935228?1628007792 第 1 次 获取到号码【1935228】GSD
2021-08-04 00:23:17 获取到号码【1935228】的GSD为【江苏-徐州】
2021-08-04 00:23:32 GSD insert 第 1 次 等待 3 秒
2021-08-04 00:23:35 {"status":"ok","gid":493565,"msg":"添加成功！"}
2021-08-04 00:23:35 下次操作: 2021-08-04 00:23:49

2021-08-04 00:23:49 开始第 23 次操作

2021-08-04 00:23:49 开始操作号码 【1935227】
2021-08-04 00:25:10 GSD getOne 第 1 次 等待 3 秒
2021-08-04 00:25:13 查询号码 【1935227】，返回信息 {"status":"bad","msg":""}
2021-08-04 00:25:13 查询号码 【1935227】，GSD为【""】
2021-08-04 00:25:13 bad
2021-08-04 00:25:15 CHB 1935227?1628007913 第 1 次 等待 3 秒
2021-08-04 00:25:18 CHB 1935227?1628007913 第 1 次 获取到号码【1935227】GSD
2021-08-04 00:25:18 获取到号码【1935227】的GSD为【江苏-徐州】
2021-08-04 00:25:43 GSD insert 第 1 次 等待 3 秒
2021-08-04 00:25:46 {"status":"ok","gid":493577,"msg":"添加成功！"}
2021-08-04 00:25:46 下次操作: 2021-08-04 00:26:05

2021-08-04 00:26:05 开始第 24 次操作

2021-08-04 00:26:05 开始操作号码 【1935226】
2021-08-04 00:26:18 GSD getOne 第 1 次 等待 3 秒
2021-08-04 00:26:21 查询号码 【1935226】，返回信息 {"status":"bad","msg":""}
2021-08-04 00:26:21 查询号码 【1935226】，GSD为【""】
2021-08-04 00:26:21 bad
2021-08-04 00:26:22 CHB 1935226?1628007981 第 1 次 等待 3 秒
2021-08-04 00:26:25 CHB 1935226?1628007981 第 1 次 获取到号码【1935226】GSD
2021-08-04 00:26:25 获取到号码【1935226】的GSD为【江苏-徐州】
2021-08-04 00:26:55 GSD insert 第 1 次 等待 3 秒
2021-08-04 00:26:58 {"status":"ok","gid":493584,"msg":"添加成功！"}
2021-08-04 00:26:58 下次操作: 2021-08-04 00:27:13

2021-08-04 00:27:13 开始第 25 次操作

2021-08-04 00:27:13 开始操作号码 【1935225】
2021-08-04 00:27:31 GSD getOne 第 1 次 等待 3 秒
2021-08-04 00:27:34 查询号码 【1935225】，返回信息 {"status":"bad","msg":""}
2021-08-04 00:27:34 查询号码 【1935225】，GSD为【""】
2021-08-04 00:27:34 bad
2021-08-04 00:27:36 CHB 1935225?1628008054 第 1 次 等待 3 秒
2021-08-04 00:27:39 CHB 1935225?1628008054 第 1 次 获取到号码【1935225】GSD
2021-08-04 00:27:39 获取到号码【1935225】的GSD为【江苏-徐州】
2021-08-04 00:27:51 GSD insert 第 1 次 等待 3 秒
2021-08-04 00:27:54 {"status":"ok","gid":493591,"msg":"添加成功！"}
2021-08-04 00:27:54 下次操作: 2021-08-04 00:28:12

2021-08-04 00:28:12 开始第 26 次操作

2021-08-04 00:28:12 开始操作号码 【1935224】
2021-08-04 00:28:30 GSD getOne 第 1 次 等待 3 秒
2021-08-04 00:28:33 查询号码 【1935224】，返回信息 {"status":"bad","msg":""}
2021-08-04 00:28:33 查询号码 【1935224】，GSD为【""】
2021-08-04 00:28:33 bad
2021-08-04 00:28:35 CHB 1935224?1628008113 第 1 次 等待 3 秒
2021-08-04 00:28:38 CHB 1935224?1628008113 第 1 次 获取到号码【1935224】GSD
2021-08-04 00:28:38 获取到号码【1935224】的GSD为【江苏-徐州】
2021-08-04 00:28:49 GSD insert 第 1 次 等待 3 秒
2021-08-04 00:28:52 {"status":"ok","gid":493597,"msg":"添加成功！"}
2021-08-04 00:28:52 下次操作: 2021-08-04 00:29:04

2021-08-04 00:29:04 开始第 27 次操作

2021-08-04 00:29:04 开始操作号码 【1935223】
2021-08-04 00:29:21 GSD getOne 第 1 次 等待 3 秒
2021-08-04 00:29:24 查询号码 【1935223】，返回信息 {"status":"bad","msg":""}
2021-08-04 00:29:24 查询号码 【1935223】，GSD为【""】
2021-08-04 00:29:24 bad
2021-08-04 00:29:26 CHB 1935223?1628008164 第 1 次 等待 3 秒
2021-08-04 00:29:29 CHB 1935223?1628008164 第 1 次 获取到号码【1935223】GSD
2021-08-04 00:29:29 获取到号码【1935223】的GSD为【江苏-徐州】
2021-08-04 00:29:46 GSD insert 第 1 次 等待 3 秒
2021-08-04 00:29:49 {"status":"ok","gid":493603,"msg":"添加成功！"}
2021-08-04 00:29:49 下次操作: 2021-08-04 00:30:03

2021-08-04 00:30:03 开始第 28 次操作

2021-08-04 00:30:03 开始操作号码 【1935222】
2021-08-04 00:30:38 GSD getOne 第 1 次 等待 3 秒
2021-08-04 00:30:41 查询号码 【1935222】，返回信息 {"status":"bad","msg":""}
2021-08-04 00:30:41 查询号码 【1935222】，GSD为【""】
2021-08-04 00:30:41 bad
2021-08-04 00:30:43 CHB 1935222?1628008241 第 1 次 等待 3 秒
2021-08-04 00:30:46 CHB 1935222?1628008241 第 1 次 获取到号码【1935222】GSD
2021-08-04 00:30:46 获取到号码【1935222】的GSD为【江苏-连云港】
2021-08-04 00:31:00 GSD insert 第 1 次 等待 3 秒
2021-08-04 00:31:03 {"status":"ok","gid":493611,"msg":"添加成功！"}
2021-08-04 00:31:03 下次操作: 2021-08-04 00:31:24

2021-08-04 00:31:24 开始第 29 次操作

2021-08-04 00:31:24 开始操作号码 【1935221】
2021-08-04 00:31:46 GSD getOne 第 1 次 等待 3 秒
2021-08-04 00:31:49 查询号码 【1935221】，返回信息 {"status":"bad","msg":""}
2021-08-04 00:31:49 查询号码 【1935221】，GSD为【""】
2021-08-04 00:31:49 bad
2021-08-04 00:31:50 CHB 1935221?1628008309 第 1 次 等待 3 秒
2021-08-04 00:31:53 CHB 1935221?1628008309 第 1 次 获取到号码【1935221】GSD
2021-08-04 00:31:53 获取到号码【1935221】的GSD为【江苏-徐州】
2021-08-04 00:32:09 GSD insert 第 1 次 等待 3 秒
2021-08-04 00:32:12 {"status":"ok","gid":493617,"msg":"添加成功！"}
2021-08-04 00:32:12 下次操作: 2021-08-04 00:32:30

2021-08-04 00:32:30 开始第 30 次操作

2021-08-04 00:32:30 开始操作号码 【1935220】
2021-08-04 00:32:52 GSD getOne 第 1 次 等待 3 秒
2021-08-04 00:32:55 查询号码 【1935220】，返回信息 {"status":"bad","msg":""}
2021-08-04 00:32:55 查询号码 【1935220】，GSD为【""】
2021-08-04 00:32:55 bad
2021-08-04 00:32:57 CHB 1935220?1628008375 第 1 次 等待 3 秒
2021-08-04 00:33:00 CHB 1935220?1628008375 第 1 次 获取到号码【1935220】GSD
2021-08-04 00:33:00 获取到号码【1935220】的GSD为【江苏-徐州】
2021-08-04 00:33:15 GSD insert 第 1 次 等待 3 秒
2021-08-04 00:33:18 {"status":"ok","gid":493621,"msg":"添加成功！"}
2021-08-04 00:33:18 下次操作: 2021-08-04 00:33:39

2021-08-04 00:33:39 开始第 31 次操作

2021-08-04 00:33:39 开始操作号码 【1935219】
2021-08-04 00:33:52 GSD getOne 第 1 次 等待 3 秒
2021-08-04 00:33:55 查询号码 【1935219】，返回信息 {"status":"bad","msg":""}
2021-08-04 00:33:55 查询号码 【1935219】，GSD为【""】
2021-08-04 00:33:55 bad
2021-08-04 00:33:57 CHB 1935219?1628008435 第 1 次 等待 3 秒
2021-08-04 00:34:00 CHB 1935219?1628008435 第 1 次 获取到号码【1935219】GSD
2021-08-04 00:34:00 获取到号码【1935219】的GSD为【上海-上海】
2021-08-04 00:34:12 GSD insert 第 1 次 等待 3 秒
2021-08-04 00:34:15 {"status":"ok","gid":493628,"msg":"添加成功！"}
2021-08-04 00:34:15 下次操作: 2021-08-04 00:34:27

2021-08-04 00:34:27 开始第 32 次操作

2021-08-04 00:34:27 开始操作号码 【1935218】
2021-08-04 00:34:47 GSD getOne 第 1 次 等待 3 秒
2021-08-04 00:34:50 查询号码 【1935218】，返回信息 {"status":"bad","msg":""}
2021-08-04 00:34:51 查询号码 【1935218】，GSD为【""】
2021-08-04 00:34:51 bad
2021-08-04 00:34:56 CHB 1935218?1628008491 第 1 次 等待 3 秒
2021-08-04 00:34:59 CHB 1935218?1628008491 第 1 次 获取到号码【1935218】GSD
2021-08-04 00:34:59 获取到号码【1935218】的GSD为【上海-上海】
2021-08-04 00:35:13 GSD insert 第 1 次 等待 3 秒
2021-08-04 00:35:16 {"status":"ok","gid":493633,"msg":"添加成功！"}
2021-08-04 00:35:16 下次操作: 2021-08-04 00:35:30

2021-08-04 00:35:30 开始第 33 次操作

2021-08-04 00:35:30 开始操作号码 【1935217】
2021-08-04 00:35:42 GSD getOne 第 1 次 等待 3 秒
2021-08-04 00:35:45 查询号码 【1935217】，返回信息 {"status":"bad","msg":""}
2021-08-04 00:35:45 查询号码 【1935217】，GSD为【""】
2021-08-04 00:35:45 bad
2021-08-04 00:35:47 CHB 1935217?1628008545 第 1 次 等待 3 秒
2021-08-04 00:35:50 CHB 1935217?1628008545 第 1 次 获取到号码【1935217】GSD
2021-08-04 00:35:50 获取到号码【1935217】的GSD为【上海-上海】
2021-08-04 00:36:05 GSD insert 第 1 次 等待 3 秒
2021-08-04 00:36:08 {"status":"ok","gid":493639,"msg":"添加成功！"}
2021-08-04 00:36:08 下次操作: 2021-08-04 00:36:30

2021-08-04 00:36:30 开始第 34 次操作

2021-08-04 00:36:30 开始操作号码 【1935216】
2021-08-04 00:36:46 GSD getOne 第 1 次 等待 3 秒
2021-08-04 00:36:49 查询号码 【1935216】，返回信息 {"status":"bad","msg":""}
2021-08-04 00:36:49 查询号码 【1935216】，GSD为【""】
2021-08-04 00:36:49 bad
2021-08-04 00:36:51 CHB 1935216?1628008609 第 1 次 等待 3 秒
2021-08-04 00:36:54 CHB 1935216?1628008609 第 1 次 获取到号码【1935216】GSD
2021-08-04 00:36:54 获取到号码【1935216】的GSD为【上海-上海】
2021-08-04 00:37:27 GSD insert 第 1 次 等待 3 秒
2021-08-04 00:37:30 {"status":"ok","gid":493646,"msg":"添加成功！"}
2021-08-04 00:37:30 下次操作: 2021-08-04 00:37:51

2021-08-04 00:37:51 开始第 35 次操作

2021-08-04 00:37:51 开始操作号码 【1935215】
2021-08-04 00:38:04 GSD getOne 第 1 次 等待 3 秒
2021-08-04 00:38:07 查询号码 【1935215】，返回信息 {"status":"bad","msg":""}
2021-08-04 00:38:07 查询号码 【1935215】，GSD为【""】
2021-08-04 00:38:07 bad
2021-08-04 00:38:09 CHB 1935215?1628008687 第 1 次 等待 3 秒
2021-08-04 00:38:12 CHB 1935215?1628008687 第 1 次 获取到号码【1935215】GSD
2021-08-04 00:38:12 获取到号码【1935215】的GSD为【上海-上海】
2021-08-04 00:38:51 GSD insert 第 1 次 等待 3 秒
2021-08-04 00:38:54 {"status":"ok","gid":493653,"msg":"添加成功！"}
2021-08-04 00:38:54 下次操作: 2021-08-04 00:39:07

2021-08-04 00:39:07 开始第 36 次操作

2021-08-04 00:39:07 开始操作号码 【1935214】
2021-08-04 00:39:24 GSD getOne 第 1 次 等待 3 秒
2021-08-04 00:39:27 查询号码 【1935214】，返回信息 {"status":"bad","msg":""}
2021-08-04 00:39:27 查询号码 【1935214】，GSD为【""】
2021-08-04 00:39:27 bad
2021-08-04 00:39:29 CHB 1935214?1628008767 第 1 次 等待 3 秒
2021-08-04 00:39:32 CHB 1935214?1628008767 第 1 次 获取到号码【1935214】GSD
2021-08-04 00:39:32 获取到号码【1935214】的GSD为【上海-上海】
2021-08-04 00:39:50 GSD insert 第 1 次 等待 3 秒
2021-08-04 00:39:53 {"status":"ok","gid":493658,"msg":"添加成功！"}
2021-08-04 00:39:53 下次操作: 2021-08-04 00:40:07

2021-08-04 00:40:07 开始第 37 次操作

2021-08-04 00:40:07 开始操作号码 【1935213】
2021-08-04 00:40:27 GSD getOne 第 1 次 等待 3 秒
2021-08-04 00:40:30 查询号码 【1935213】，返回信息 {"status":"bad","msg":""}
2021-08-04 00:40:30 查询号码 【1935213】，GSD为【""】
2021-08-04 00:40:30 bad
2021-08-04 00:40:32 CHB 1935213?1628008830 第 1 次 等待 3 秒
2021-08-04 00:40:35 CHB 1935213?1628008830 第 1 次 获取到号码【1935213】GSD
2021-08-04 00:40:35 获取到号码【1935213】的GSD为【上海-上海】
2021-08-04 00:40:42 GSD insert 第 1 次 等待 3 秒
2021-08-04 00:40:45 {"status":"ok","gid":493661,"msg":"添加成功！"}
2021-08-04 00:40:45 下次操作: 2021-08-04 00:41:04

2021-08-04 00:41:04 开始第 38 次操作

2021-08-04 00:41:04 开始操作号码 【1935212】
2021-08-04 00:41:39 GSD getOne 第 1 次 等待 3 秒
2021-08-04 00:41:42 查询号码 【1935212】，返回信息 {"status":"bad","msg":""}
2021-08-04 00:41:42 查询号码 【1935212】，GSD为【""】
2021-08-04 00:41:42 bad
2021-08-04 00:41:44 CHB 1935212?1628008902 第 1 次 等待 3 秒
2021-08-04 00:41:47 CHB 1935212?1628008902 第 1 次 获取到号码【1935212】GSD
2021-08-04 00:41:47 获取到号码【1935212】的GSD为【上海-上海】
2021-08-04 00:41:56 GSD insert 第 1 次 等待 3 秒
2021-08-04 00:41:59 {"status":"ok","gid":493663,"msg":"添加成功！"}
2021-08-04 00:42:00 下次操作: 2021-08-04 00:42:24

2021-08-04 00:42:24 开始第 39 次操作

2021-08-04 00:42:24 开始操作号码 【1935211】
2021-08-04 00:42:34 GSD getOne 第 1 次 等待 3 秒
2021-08-04 00:42:37 查询号码 【1935211】，返回信息 {"status":"bad","msg":""}
2021-08-04 00:42:37 查询号码 【1935211】，GSD为【""】
2021-08-04 00:42:37 bad
2021-08-04 00:42:39 CHB 1935211?1628008957 第 1 次 等待 3 秒
2021-08-04 00:42:42 CHB 1935211?1628008957 第 1 次 获取到号码【1935211】GSD
2021-08-04 00:42:42 获取到号码【1935211】的GSD为【上海-上海】
2021-08-04 00:42:51 GSD insert 第 1 次 等待 3 秒
2021-08-04 00:42:54 {"status":"ok","gid":493666,"msg":"添加成功！"}
2021-08-04 00:42:54 下次操作: 2021-08-04 00:43:15

2021-08-04 00:43:15 开始第 40 次操作

2021-08-04 00:43:15 开始操作号码 【1935210】
2021-08-04 00:43:32 GSD getOne 第 1 次 等待 3 秒
2021-08-04 00:43:35 查询号码 【1935210】，返回信息 {"status":"bad","msg":""}
2021-08-04 00:43:35 查询号码 【1935210】，GSD为【""】
2021-08-04 00:43:35 bad
2021-08-04 00:43:37 CHB 1935210?1628009015 第 1 次 等待 3 秒
2021-08-04 00:43:40 CHB 1935210?1628009015 第 1 次 获取到号码【1935210】GSD
2021-08-04 00:43:40 获取到号码【1935210】的GSD为【上海-上海】
2021-08-04 00:44:01 GSD insert 第 1 次 等待 3 秒
2021-08-04 00:44:04 {"status":"ok","gid":493667,"msg":"添加成功！"}

