2024-10-15 00:27:48 开始第 9245 次操作

2024-10-15 00:27:48 开始操作号码 【1409242】
2024-10-15 00:28:00 GSD getOne 第 1 次 等待 3 秒
2024-10-15 00:28:03 查询号码 【1409242】，返回信息 {"status":"ok","msg":"-","gid":"699395","time_insert":"2023-05-10 12:34"}
2024-10-15 00:28:03 查询号码 【1409242】，GSD为【"-"】
2024-10-15 00:28:03 ok && -
2024-10-15 00:28:05 CHB 1409242?1728923283 第 1 次 等待 3 秒
2024-10-15 00:28:08 CHB 1409242?1728923283 第 1 次 获取到号码【1409242】GSD
2024-10-15 00:28:08 未获取到号码【1409242】GSD，可能号码格式错误
2024-10-15 00:28:08 获取到号码【1409242】的GSD为【-】
2024-10-15 00:28:25 GSD insert 第 1 次 等待 3 秒
2024-10-15 00:28:28 {"status":"bad","gid":"699395","msg":"添加失败！号码【1409242(-|-)】已存在！"}
2024-10-15 00:28:28 随机等待 161 秒，约 2 分钟
2024-10-15 00:28:28 下次操作: 2024-10-15 00:31:09

2024-10-15 00:31:09 开始第 9246 次操作

2024-10-15 00:31:09 开始操作号码 【1409243】
2024-10-15 00:31:26 GSD getOne 第 1 次 等待 3 秒
2024-10-15 00:31:29 查询号码 【1409243】，返回信息 {"status":"ok","msg":"-","gid":"699384","time_insert":"2023-05-10 12:17"}
2024-10-15 00:31:29 查询号码 【1409243】，GSD为【"-"】
2024-10-15 00:31:29 ok && -
2024-10-15 00:31:31 CHB 1409243?1728923489 第 1 次 等待 3 秒
2024-10-15 00:31:34 CHB 1409243?1728923489 第 1 次 获取到号码【1409243】GSD
2024-10-15 00:31:34 未获取到号码【1409243】GSD，可能号码格式错误
2024-10-15 00:31:34 获取到号码【1409243】的GSD为【-】
2024-10-15 00:31:51 GSD insert 第 1 次 等待 3 秒
2024-10-15 00:31:54 {"status":"bad","gid":"699384","msg":"添加失败！号码【1409243(-|-)】已存在！"}
2024-10-15 00:31:54 随机等待 112 秒，约 1 分钟
2024-10-15 00:31:54 下次操作: 2024-10-15 00:33:46

2024-10-15 00:33:46 开始第 9247 次操作

2024-10-15 00:33:46 开始操作号码 【1409244】
2024-10-15 00:34:04 GSD getOne 第 1 次 等待 3 秒
2024-10-15 00:34:07 查询号码 【1409244】，返回信息 {"status":"ok","msg":"-","gid":"699371","time_insert":"2023-05-10 12:00"}
2024-10-15 00:34:07 查询号码 【1409244】，GSD为【"-"】
2024-10-15 00:34:07 ok && -
2024-10-15 00:34:09 CHB 1409244?1728923647 第 1 次 等待 3 秒
2024-10-15 00:34:12 CHB 1409244?1728923647 第 1 次 获取到号码【1409244】GSD
2024-10-15 00:34:12 未获取到号码【1409244】GSD，可能号码格式错误
2024-10-15 00:34:12 获取到号码【1409244】的GSD为【-】
2024-10-15 00:34:14 GSD insert 第 1 次 等待 3 秒
2024-10-15 00:34:17 {"status":"bad","gid":"699371","msg":"添加失败！号码【1409244(-|-)】已存在！"}
2024-10-15 00:34:17 随机等待 145 秒，约 2 分钟
2024-10-15 00:34:17 下次操作: 2024-10-15 00:36:42

2024-10-15 00:36:42 开始第 9248 次操作

2024-10-15 00:36:42 开始操作号码 【1409245】
2024-10-15 00:37:00 GSD getOne 第 1 次 等待 3 秒
2024-10-15 00:37:03 查询号码 【1409245】，返回信息 {"status":"ok","msg":"-","gid":"699357","time_insert":"2023-05-10 11:37"}
2024-10-15 00:37:03 查询号码 【1409245】，GSD为【"-"】
2024-10-15 00:37:03 ok && -
2024-10-15 00:37:06 CHB 1409245?1728923823 第 1 次 等待 3 秒
2024-10-15 00:37:09 CHB 1409245?1728923823 第 1 次 获取到号码【1409245】GSD
2024-10-15 00:37:09 未获取到号码【1409245】GSD，可能号码格式错误
2024-10-15 00:37:09 获取到号码【1409245】的GSD为【-】
2024-10-15 00:37:11 GSD insert 第 1 次 等待 3 秒
2024-10-15 00:37:14 {"status":"bad","gid":"699357","msg":"添加失败！号码【1409245(-|-)】已存在！"}

