2024-02-17 00:10:28 开始第 4205 次操作

2024-02-17 00:10:28 开始操作号码 【1734104】
2024-02-17 00:10:34 GSD getOne 第 1 次 等待 3 秒
2024-02-17 00:10:37 查询号码 【1734104】，返回信息 {"status":"ok","msg":"辽宁-沈阳","gid":"173355","time_insert":"2021-07-02 11:02"}
2024-02-17 00:10:37 查询号码 【1734104】，GSD为【"辽宁-沈阳"】

2024-02-17 00:10:38 开始第 4206 次操作

2024-02-17 00:10:38 开始操作号码 【1734105】
2024-02-17 00:10:42 GSD getOne 第 1 次 等待 3 秒
2024-02-17 00:10:46 查询号码 【1734105】，返回信息 {"status":"ok","msg":"辽宁-沈阳","gid":"173359","time_insert":"2021-07-02 11:03"}
2024-02-17 00:10:46 查询号码 【1734105】，GSD为【"辽宁-沈阳"】

2024-02-17 00:10:47 开始第 4207 次操作

2024-02-17 00:10:47 开始操作号码 【1734106】
2024-02-17 00:10:51 GSD getOne 第 1 次 等待 3 秒
2024-02-17 00:10:54 查询号码 【1734106】，返回信息 {"status":"ok","msg":"辽宁-朝阳","gid":"173365","time_insert":"2021-07-02 11:04"}
2024-02-17 00:10:54 查询号码 【1734106】，GSD为【"辽宁-朝阳"】

2024-02-17 00:10:55 开始第 4208 次操作

2024-02-17 00:10:55 开始操作号码 【1734107】
2024-02-17 00:10:59 GSD getOne 第 1 次 等待 3 秒
2024-02-17 00:11:02 查询号码 【1734107】，返回信息 {"status":"ok","msg":"辽宁-盘锦","gid":"173372","time_insert":"2021-07-02 11:04"}
2024-02-17 00:11:02 查询号码 【1734107】，GSD为【"辽宁-盘锦"】

2024-02-17 00:34:40 开始第 4209 次操作

2024-02-17 00:34:40 开始操作号码 【1734108】
2024-02-17 00:34:45 GSD getOne 第 1 次 等待 3 秒
2024-02-17 00:34:48 查询号码 【1734108】，返回信息 {"status":"ok","msg":"辽宁-铁岭","gid":"173376","time_insert":"2021-07-02 11:05"}
2024-02-17 00:34:48 查询号码 【1734108】，GSD为【"辽宁-铁岭"】

2024-02-17 00:34:49 开始第 4210 次操作

2024-02-17 00:34:49 开始操作号码 【1734109】
2024-02-17 00:34:55 GSD getOne 第 1 次 等待 3 秒
2024-02-17 00:34:58 查询号码 【1734109】，返回信息 {"status":"ok","msg":"辽宁-葫芦岛","gid":"173383","time_insert":"2021-07-02 11:06"}
2024-02-17 00:34:58 查询号码 【1734109】，GSD为【"辽宁-葫芦岛"】

2024-02-17 00:34:59 开始第 4211 次操作

2024-02-17 00:34:59 开始操作号码 【1734110】
2024-02-17 00:35:03 GSD getOne 第 1 次 等待 3 秒
2024-02-17 00:35:06 查询号码 【1734110】，返回信息 {"status":"ok","msg":"辽宁-大连","gid":"173388","time_insert":"2021-07-02 11:07"}
2024-02-17 00:35:07 查询号码 【1734110】，GSD为【"辽宁-大连"】

2024-02-17 00:35:08 开始第 4212 次操作

2024-02-17 00:35:08 开始操作号码 【1734111】
2024-02-17 00:35:13 GSD getOne 第 1 次 等待 3 秒
2024-02-17 00:35:16 查询号码 【1734111】，返回信息 {"status":"ok","msg":"辽宁-大连","gid":"173393","time_insert":"2021-07-02 11:07"}
2024-02-17 00:35:16 查询号码 【1734111】，GSD为【"辽宁-大连"】

2024-02-17 01:07:58 开始第 4213 次操作

2024-02-17 01:07:58 开始操作号码 【1734112】
2024-02-17 01:08:03 GSD getOne 第 1 次 等待 3 秒
2024-02-17 01:08:06 查询号码 【1734112】，返回信息 {"status":"ok","msg":"辽宁-鞍山","gid":"173399","time_insert":"2021-07-02 11:08"}
2024-02-17 01:08:06 查询号码 【1734112】，GSD为【"辽宁-鞍山"】

2024-02-17 01:08:07 开始第 4214 次操作

2024-02-17 01:08:07 开始操作号码 【1734113】
2024-02-17 01:08:14 GSD getOne 第 1 次 等待 3 秒
2024-02-17 01:08:17 查询号码 【1734113】，返回信息 {"status":"ok","msg":"辽宁-抚顺","gid":"173403","time_insert":"2021-07-02 11:09"}
2024-02-17 01:08:17 查询号码 【1734113】，GSD为【"辽宁-抚顺"】

2024-02-17 01:08:18 开始第 4215 次操作

2024-02-17 01:08:18 开始操作号码 【1734114】
2024-02-17 01:08:22 GSD getOne 第 1 次 等待 3 秒
2024-02-17 01:08:25 查询号码 【1734114】，返回信息 {"status":"ok","msg":"辽宁-本溪","gid":"173407","time_insert":"2021-07-02 11:10"}
2024-02-17 01:08:25 查询号码 【1734114】，GSD为【"辽宁-本溪"】

2024-02-17 01:08:26 开始第 4216 次操作

2024-02-17 01:08:26 开始操作号码 【1734115】
2024-02-17 01:08:30 GSD getOne 第 1 次 等待 3 秒
2024-02-17 01:08:33 查询号码 【1734115】，返回信息 {"status":"ok","msg":"辽宁-丹东","gid":"173413","time_insert":"2021-07-02 11:11"}
2024-02-17 01:08:33 查询号码 【1734115】，GSD为【"辽宁-丹东"】

