2024-08-23 00:29:13 开始第 621 次操作

2024-08-23 00:29:13 开始操作号码 【1400620】
2024-08-23 00:29:20 GSD getOne 第 1 次 等待 3 秒
2024-08-23 00:29:23 查询号码 【1400620】，返回信息 {"status":"ok","msg":"-","gid":"526973","time_insert":"2023-02-12 05:11"}
2024-08-23 00:29:23 查询号码 【1400620】，GSD为【"-"】
2024-08-23 00:29:23 ok && -
2024-08-23 00:29:25 CHB 1400620?1724344163 第 1 次 等待 3 秒
2024-08-23 00:29:28 CHB 1400620?1724344163 第 1 次 获取到号码【1400620】GSD
2024-08-23 00:29:28 未获取到号码【1400620】GSD，可能号码格式错误
2024-08-23 00:29:28 获取到号码【1400620】的GSD为【-】
2024-08-23 00:29:36 GSD insert 第 1 次 等待 3 秒
2024-08-23 00:29:39 {"status":"bad","gid":"526973","msg":"添加失败！号码【1400620(-|-)】已存在！"}
2024-08-23 00:29:39 随机等待 157 秒，约 2 分钟
2024-08-23 00:29:39 下次操作: 2024-08-23 00:32:16

2024-08-23 00:32:16 开始第 622 次操作

2024-08-23 00:32:16 开始操作号码 【1400621】
2024-08-23 00:32:24 GSD getOne 第 1 次 等待 3 秒
2024-08-23 00:32:27 查询号码 【1400621】，返回信息 {"status":"ok","msg":"-","gid":"526987","time_insert":"2023-02-12 05:23"}
2024-08-23 00:32:27 查询号码 【1400621】，GSD为【"-"】
2024-08-23 00:32:27 ok && -
2024-08-23 00:32:29 CHB 1400621?1724344347 第 1 次 等待 3 秒
2024-08-23 00:32:32 CHB 1400621?1724344347 第 1 次 获取到号码【1400621】GSD
2024-08-23 00:32:32 未获取到号码【1400621】GSD，可能号码格式错误
2024-08-23 00:32:32 获取到号码【1400621】的GSD为【-】
2024-08-23 00:32:41 GSD insert 第 1 次 等待 3 秒
2024-08-23 00:32:44 {"status":"bad","gid":"526987","msg":"添加失败！号码【1400621(-|-)】已存在！"}
2024-08-23 00:32:44 随机等待 221 秒，约 3 分钟
2024-08-23 00:32:44 下次操作: 2024-08-23 00:36:25

2024-08-23 00:36:25 开始第 623 次操作

2024-08-23 00:36:25 开始操作号码 【1400622】
2024-08-23 00:36:37 GSD getOne 第 1 次 等待 3 秒
2024-08-23 00:36:40 查询号码 【1400622】，返回信息 {"status":"ok","msg":"-","gid":"526998","time_insert":"2023-02-12 05:34"}
2024-08-23 00:36:40 查询号码 【1400622】，GSD为【"-"】
2024-08-23 00:36:40 ok && -
2024-08-23 00:36:42 CHB 1400622?1724344600 第 1 次 等待 3 秒
2024-08-23 00:36:45 CHB 1400622?1724344600 第 1 次 获取到号码【1400622】GSD
2024-08-23 00:36:45 未获取到号码【1400622】GSD，可能号码格式错误
2024-08-23 00:36:45 获取到号码【1400622】的GSD为【-】
2024-08-23 00:36:54 GSD insert 第 1 次 等待 3 秒
2024-08-23 00:36:57 {"status":"bad","gid":"526998","msg":"添加失败！号码【1400622(-|-)】已存在！"}
2024-08-23 00:36:57 随机等待 72 秒，约 1 分钟
2024-08-23 00:36:57 下次操作: 2024-08-23 00:38:09

2024-08-23 00:38:09 开始第 624 次操作

2024-08-23 00:38:09 开始操作号码 【1400623】
2024-08-23 00:38:17 GSD getOne 第 1 次 等待 3 秒
2024-08-23 00:38:20 查询号码 【1400623】，返回信息 {"status":"ok","msg":"-","gid":"527008","time_insert":"2023-02-12 05:46"}
2024-08-23 00:38:20 查询号码 【1400623】，GSD为【"-"】
2024-08-23 00:38:20 ok && -
2024-08-23 00:38:22 CHB 1400623?1724344700 第 1 次 等待 3 秒
2024-08-23 00:38:25 CHB 1400623?1724344700 第 1 次 获取到号码【1400623】GSD
2024-08-23 00:38:25 未获取到号码【1400623】GSD，可能号码格式错误
2024-08-23 00:38:25 获取到号码【1400623】的GSD为【-】
2024-08-23 00:38:33 GSD insert 第 1 次 等待 3 秒
2024-08-23 00:38:36 {"status":"bad","gid":"527008","msg":"添加失败！号码【1400623(-|-)】已存在！"}

