2024-02-16 00:10:08 开始第 4021 次操作

2024-02-16 00:10:08 开始操作号码 【1733920】
2024-02-16 00:10:13 GSD getOne 第 1 次 等待 3 秒
2024-02-16 00:10:16 查询号码 【1733920】，返回信息 {"status":"ok","msg":"河南-鹤壁","gid":"171695","time_insert":"2021-07-02 05:08"}
2024-02-16 00:10:16 查询号码 【1733920】，GSD为【"河南-鹤壁"】

2024-02-16 00:10:17 开始第 4022 次操作

2024-02-16 00:10:17 开始操作号码 【1733921】
2024-02-16 00:10:24 GSD getOne 第 1 次 等待 3 秒
2024-02-16 00:10:27 查询号码 【1733921】，返回信息 {"status":"ok","msg":"河南-鹤壁","gid":"171696","time_insert":"2021-07-02 05:08"}
2024-02-16 00:10:27 查询号码 【1733921】，GSD为【"河南-鹤壁"】

2024-02-16 00:10:28 开始第 4023 次操作

2024-02-16 00:10:28 开始操作号码 【1733922】
2024-02-16 00:10:33 GSD getOne 第 1 次 等待 3 秒
2024-02-16 00:10:36 查询号码 【1733922】，返回信息 {"status":"ok","msg":"河南-鹤壁","gid":"171766","time_insert":"2021-07-02 05:46"}
2024-02-16 00:10:36 查询号码 【1733922】，GSD为【"河南-鹤壁"】

2024-02-16 00:10:37 开始第 4024 次操作

2024-02-16 00:10:37 开始操作号码 【1733923】
2024-02-16 00:10:41 GSD getOne 第 1 次 等待 3 秒
2024-02-16 00:10:44 查询号码 【1733923】，返回信息 {"status":"ok","msg":"河南-鹤壁","gid":"171778","time_insert":"2021-07-02 05:47"}
2024-02-16 00:10:44 查询号码 【1733923】，GSD为【"河南-鹤壁"】

2024-02-16 00:34:49 开始第 4025 次操作

2024-02-16 00:34:49 开始操作号码 【1733924】
2024-02-16 00:34:55 GSD getOne 第 1 次 等待 3 秒
2024-02-16 00:34:58 查询号码 【1733924】，返回信息 {"status":"ok","msg":"河南-鹤壁","gid":"171788","time_insert":"2021-07-02 05:48"}
2024-02-16 00:34:58 查询号码 【1733924】，GSD为【"河南-鹤壁"】

2024-02-16 00:34:59 开始第 4026 次操作

2024-02-16 00:34:59 开始操作号码 【1733925】
2024-02-16 00:35:04 GSD getOne 第 1 次 等待 3 秒
2024-02-16 00:35:07 查询号码 【1733925】，返回信息 {"status":"ok","msg":"河南-鹤壁","gid":"171798","time_insert":"2021-07-02 05:48"}
2024-02-16 00:35:07 查询号码 【1733925】，GSD为【"河南-鹤壁"】

2024-02-16 00:35:08 开始第 4027 次操作

2024-02-16 00:35:08 开始操作号码 【1733926】
2024-02-16 00:35:13 GSD getOne 第 1 次 等待 3 秒
2024-02-16 00:35:16 查询号码 【1733926】，返回信息 {"status":"ok","msg":"河南-鹤壁","gid":"171808","time_insert":"2021-07-02 05:49"}
2024-02-16 00:35:16 查询号码 【1733926】，GSD为【"河南-鹤壁"】

2024-02-16 00:35:17 开始第 4028 次操作

2024-02-16 00:35:17 开始操作号码 【1733927】
2024-02-16 00:35:24 GSD getOne 第 1 次 等待 3 秒
2024-02-16 00:35:27 查询号码 【1733927】，返回信息 {"status":"ok","msg":"河南-鹤壁","gid":"171818","time_insert":"2021-07-02 05:50"}
2024-02-16 00:35:27 查询号码 【1733927】，GSD为【"河南-鹤壁"】

2024-02-16 01:08:49 开始第 4029 次操作

2024-02-16 01:08:49 开始操作号码 【1733928】
2024-02-16 01:08:55 GSD getOne 第 1 次 等待 3 秒
2024-02-16 01:08:58 查询号码 【1733928】，返回信息 {"status":"ok","msg":"河南-鹤壁","gid":"171829","time_insert":"2021-07-02 05:51"}
2024-02-16 01:08:58 查询号码 【1733928】，GSD为【"河南-鹤壁"】

2024-02-16 01:08:59 开始第 4030 次操作

2024-02-16 01:08:59 开始操作号码 【1733929】
2024-02-16 01:09:06 GSD getOne 第 1 次 等待 3 秒
2024-02-16 01:09:09 查询号码 【1733929】，返回信息 {"status":"ok","msg":"河南-鹤壁","gid":"171840","time_insert":"2021-07-02 05:51"}
2024-02-16 01:09:09 查询号码 【1733929】，GSD为【"河南-鹤壁"】

2024-02-16 01:09:10 开始第 4031 次操作

2024-02-16 01:09:10 开始操作号码 【1733930】
2024-02-16 01:09:15 GSD getOne 第 1 次 等待 3 秒
2024-02-16 01:09:18 查询号码 【1733930】，返回信息 {"status":"ok","msg":"河南-濮阳","gid":"171851","time_insert":"2021-07-02 05:52"}
2024-02-16 01:09:18 查询号码 【1733930】，GSD为【"河南-濮阳"】

2024-02-16 01:09:19 开始第 4032 次操作

2024-02-16 01:09:19 开始操作号码 【1733931】
2024-02-16 01:09:25 GSD getOne 第 1 次 等待 3 秒
2024-02-16 01:09:28 查询号码 【1733931】，返回信息 {"status":"ok","msg":"河南-濮阳","gid":"171862","time_insert":"2021-07-02 05:53"}
2024-02-16 01:09:28 查询号码 【1733931】，GSD为【"河南-濮阳"】

2024-02-16 01:32:43 开始第 4033 次操作

2024-02-16 01:32:43 开始操作号码 【1733932】
2024-02-16 01:32:48 GSD getOne 第 1 次 等待 3 秒
2024-02-16 01:32:51 查询号码 【1733932】，返回信息 {"status":"ok","msg":"河南-濮阳","gid":"171873","time_insert":"2021-07-02 05:53"}
2024-02-16 01:32:51 查询号码 【1733932】，GSD为【"河南-濮阳"】

2024-02-16 01:32:52 开始第 4034 次操作

2024-02-16 01:32:52 开始操作号码 【1733933】
2024-02-16 01:32:57 GSD getOne 第 1 次 等待 3 秒
2024-02-16 01:33:00 查询号码 【1733933】，返回信息 {"status":"ok","msg":"河南-濮阳","gid":"171883","time_insert":"2021-07-02 05:54"}
2024-02-16 01:33:00 查询号码 【1733933】，GSD为【"河南-濮阳"】

2024-02-16 01:33:01 开始第 4035 次操作

2024-02-16 01:33:01 开始操作号码 【1733934】
2024-02-16 01:33:06 GSD getOne 第 1 次 等待 3 秒
2024-02-16 01:33:09 查询号码 【1733934】，返回信息 {"status":"ok","msg":"河南-濮阳","gid":"171893","time_insert":"2021-07-02 05:55"}
2024-02-16 01:33:09 查询号码 【1733934】，GSD为【"河南-濮阳"】

2024-02-16 01:33:10 开始第 4036 次操作

2024-02-16 01:33:10 开始操作号码 【1733935】
2024-02-16 01:33:15 GSD getOne 第 1 次 等待 3 秒
2024-02-16 01:33:18 查询号码 【1733935】，返回信息 {"status":"ok","msg":"河南-濮阳","gid":"171903","time_insert":"2021-07-02 05:56"}
2024-02-16 01:33:18 查询号码 【1733935】，GSD为【"河南-濮阳"】

