2024-02-26 00:10:41 开始第 5861 次操作

2024-02-26 00:10:41 开始操作号码 【1735760】
2024-02-26 00:10:49 GSD getOne 第 1 次 等待 3 秒
2024-02-26 00:10:52 查询号码 【1735760】，返回信息 {"status":"ok","msg":"浙江-台州","gid":"191153","time_insert":"2021-07-04 15:47"}
2024-02-26 00:10:52 查询号码 【1735760】，GSD为【"浙江-台州"】

2024-02-26 00:10:53 开始第 5862 次操作

2024-02-26 00:10:53 开始操作号码 【1735761】
2024-02-26 00:11:01 GSD getOne 第 1 次 等待 3 秒
2024-02-26 00:11:04 查询号码 【1735761】，返回信息 {"status":"ok","msg":"浙江-台州","gid":"191391","time_insert":"2021-07-04 16:44"}
2024-02-26 00:11:04 查询号码 【1735761】，GSD为【"浙江-台州"】

2024-02-26 00:11:05 开始第 5863 次操作

2024-02-26 00:11:05 开始操作号码 【1735762】
2024-02-26 00:11:10 GSD getOne 第 1 次 等待 3 秒
2024-02-26 00:11:13 查询号码 【1735762】，返回信息 {"status":"ok","msg":"浙江-台州","gid":"191407","time_insert":"2021-07-04 16:45"}
2024-02-26 00:11:13 查询号码 【1735762】，GSD为【"浙江-台州"】

2024-02-26 00:11:14 开始第 5864 次操作

2024-02-26 00:11:14 开始操作号码 【1735763】
2024-02-26 00:11:18 GSD getOne 第 1 次 等待 3 秒
2024-02-26 00:11:21 查询号码 【1735763】，返回信息 {"status":"ok","msg":"浙江-台州","gid":"191417","time_insert":"2021-07-04 16:45"}
2024-02-26 00:11:21 查询号码 【1735763】，GSD为【"浙江-台州"】

