2023-12-25 00:09:45 开始第 5169 次操作

2023-12-25 00:09:45 开始操作号码 【1845068】
2023-12-25 00:10:03 GSD getOne 第 1 次 等待 3 秒
2023-12-25 00:10:06 查询号码 【1845068】，返回信息 {"status":"ok","msg":"福建-福州","gid":"453874","time_insert":"2021-07-31 07:45"}
2023-12-25 00:10:06 查询号码 【1845068】，GSD为【"福建-福州"】

2023-12-25 00:10:07 开始第 5170 次操作

2023-12-25 00:10:07 开始操作号码 【1845069】
2023-12-25 00:10:31 GSD getOne 第 1 次 等待 3 秒
2023-12-25 00:10:34 查询号码 【1845069】，返回信息 {"status":"ok","msg":"福建-福州","gid":"453858","time_insert":"2021-07-31 07:44"}
2023-12-25 00:10:34 查询号码 【1845069】，GSD为【"福建-福州"】

2023-12-25 00:10:35 开始第 5171 次操作

2023-12-25 00:10:35 开始操作号码 【1845070】
2023-12-25 00:10:53 GSD getOne 第 1 次 等待 3 秒
2023-12-25 00:10:56 查询号码 【1845070】，返回信息 {"status":"ok","msg":"福建-福州","gid":"453845","time_insert":"2021-07-31 07:44"}
2023-12-25 00:10:56 查询号码 【1845070】，GSD为【"福建-福州"】

2023-12-25 00:10:57 开始第 5172 次操作

2023-12-25 00:10:57 开始操作号码 【1845071】
2023-12-25 00:21:21 GSD getOne 第 1 次 等待 3 秒
2023-12-25 00:21:32 GSD getOne 第 2 次 等待 3 秒
2023-12-25 00:21:35 查询号码 【1845071】，返回信息 {"status":"ok","msg":"福建-福州","gid":"453830","time_insert":"2021-07-31 07:43"}
2023-12-25 00:21:35 查询号码 【1845071】，GSD为【"福建-福州"】

2023-12-25 00:35:15 开始第 5173 次操作

2023-12-25 00:35:15 开始操作号码 【1845072】
2023-12-25 00:35:20 GSD getOne 第 1 次 等待 3 秒
2023-12-25 00:35:23 查询号码 【1845072】，返回信息 {"status":"ok","msg":"福建-福州","gid":"39318","time_insert":"2014-06-29 08:56","time_update":"2021-01-22 03:36"}
2023-12-25 00:35:23 查询号码 【1845072】，GSD为【"福建-福州"】

2023-12-25 00:35:24 开始第 5174 次操作

2023-12-25 00:35:24 开始操作号码 【1845073】
2023-12-25 00:35:28 GSD getOne 第 1 次 等待 3 秒
2023-12-25 00:35:31 查询号码 【1845073】，返回信息 {"status":"ok","msg":"福建-福州","gid":"453810","time_insert":"2021-07-31 07:42"}
2023-12-25 00:35:31 查询号码 【1845073】，GSD为【"福建-福州"】

2023-12-25 00:35:32 开始第 5175 次操作

2023-12-25 00:35:32 开始操作号码 【1845074】
2023-12-25 00:35:37 GSD getOne 第 1 次 等待 3 秒
2023-12-25 00:35:40 查询号码 【1845074】，返回信息 {"status":"ok","msg":"福建-福州","gid":"453791","time_insert":"2021-07-31 07:41"}
2023-12-25 00:35:40 查询号码 【1845074】，GSD为【"福建-福州"】

2023-12-25 00:35:41 开始第 5176 次操作

2023-12-25 00:35:41 开始操作号码 【1845075】
2023-12-25 00:35:46 GSD getOne 第 1 次 等待 3 秒
2023-12-25 00:35:49 查询号码 【1845075】，返回信息 {"status":"ok","msg":"福建-福州","gid":"453779","time_insert":"2021-07-31 07:40"}
2023-12-25 00:35:49 查询号码 【1845075】，GSD为【"福建-福州"】

2023-12-25 01:07:16 开始第 5177 次操作

2023-12-25 01:07:16 开始操作号码 【1845076】
2023-12-25 01:07:20 GSD getOne 第 1 次 等待 3 秒
2023-12-25 01:07:23 查询号码 【1845076】，返回信息 {"status":"ok","msg":"福建-福州","gid":"453766","time_insert":"2021-07-31 07:39"}
2023-12-25 01:07:23 查询号码 【1845076】，GSD为【"福建-福州"】

2023-12-25 01:07:24 开始第 5178 次操作

2023-12-25 01:07:24 开始操作号码 【1845077】
2023-12-25 01:07:27 GSD getOne 第 1 次 等待 3 秒
2023-12-25 01:07:30 查询号码 【1845077】，返回信息 {"status":"ok","msg":"福建-福州","gid":"453752","time_insert":"2021-07-31 07:38"}
2023-12-25 01:07:30 查询号码 【1845077】，GSD为【"福建-福州"】

2023-12-25 01:07:31 开始第 5179 次操作

2023-12-25 01:07:31 开始操作号码 【1845078】
2023-12-25 01:07:39 GSD getOne 第 1 次 等待 3 秒
2023-12-25 01:07:42 查询号码 【1845078】，返回信息 {"status":"ok","msg":"福建-福州","gid":"453745","time_insert":"2021-07-31 07:37"}
2023-12-25 01:07:42 查询号码 【1845078】，GSD为【"福建-福州"】

2023-12-25 01:07:43 开始第 5180 次操作

2023-12-25 01:07:43 开始操作号码 【1845079】
2023-12-25 01:07:57 GSD getOne 第 1 次 等待 3 秒
2023-12-25 01:08:00 查询号码 【1845079】，返回信息 {"status":"ok","msg":"福建-福州","gid":"453739","time_insert":"2021-07-31 07:36"}
2023-12-25 01:08:00 查询号码 【1845079】，GSD为【"福建-福州"】

2023-12-25 01:32:59 开始第 5181 次操作

2023-12-25 01:32:59 开始操作号码 【1845080】
2023-12-25 01:33:03 GSD getOne 第 1 次 等待 3 秒
2023-12-25 01:33:06 查询号码 【1845080】，返回信息 {"status":"ok","msg":"福建-福州","gid":"453576","time_insert":"2021-07-31 07:00"}
2023-12-25 01:33:06 查询号码 【1845080】，GSD为【"福建-福州"】

2023-12-25 01:33:07 开始第 5182 次操作

2023-12-25 01:33:07 开始操作号码 【1845081】
2023-12-25 01:33:13 GSD getOne 第 1 次 等待 3 秒
2023-12-25 01:33:16 查询号码 【1845081】，返回信息 {"status":"ok","msg":"福建-福州","gid":"453566","time_insert":"2021-07-31 06:59"}
2023-12-25 01:33:16 查询号码 【1845081】，GSD为【"福建-福州"】

2023-12-25 01:33:17 开始第 5183 次操作

2023-12-25 01:33:17 开始操作号码 【1845082】
2023-12-25 01:33:22 GSD getOne 第 1 次 等待 3 秒
2023-12-25 01:33:25 查询号码 【1845082】，返回信息 {"status":"ok","msg":"福建-福州","gid":"453557","time_insert":"2021-07-31 06:59"}
2023-12-25 01:33:25 查询号码 【1845082】，GSD为【"福建-福州"】

2023-12-25 01:33:26 开始第 5184 次操作

2023-12-25 01:33:26 开始操作号码 【1845083】
2023-12-25 01:33:30 GSD getOne 第 1 次 等待 3 秒
2023-12-25 01:33:33 查询号码 【1845083】，返回信息 {"status":"ok","msg":"福建-福州","gid":"453550","time_insert":"2021-07-31 06:58"}
2023-12-25 01:33:33 查询号码 【1845083】，GSD为【"福建-福州"】

2023-12-25 02:09:35 开始第 5185 次操作

2023-12-25 02:09:35 开始操作号码 【1845084】
2023-12-25 02:09:39 GSD getOne 第 1 次 等待 3 秒
2023-12-25 02:09:42 查询号码 【1845084】，返回信息 {"status":"ok","msg":"福建-福州","gid":"453543","time_insert":"2021-07-31 06:58"}
2023-12-25 02:09:42 查询号码 【1845084】，GSD为【"福建-福州"】

2023-12-25 02:09:43 开始第 5186 次操作

2023-12-25 02:09:43 开始操作号码 【1845085】
2023-12-25 02:09:47 GSD getOne 第 1 次 等待 3 秒
2023-12-25 02:09:50 查询号码 【1845085】，返回信息 {"status":"ok","msg":"福建-福州","gid":"453534","time_insert":"2021-07-31 06:57"}
2023-12-25 02:09:50 查询号码 【1845085】，GSD为【"福建-福州"】

2023-12-25 02:09:51 开始第 5187 次操作

2023-12-25 02:09:51 开始操作号码 【1845086】
2023-12-25 02:09:54 GSD getOne 第 1 次 等待 3 秒
2023-12-25 02:09:57 查询号码 【1845086】，返回信息 {"status":"ok","msg":"福建-福州","gid":"453526","time_insert":"2021-07-31 06:57"}
2023-12-25 02:09:57 查询号码 【1845086】，GSD为【"福建-福州"】

2023-12-25 02:09:58 开始第 5188 次操作

2023-12-25 02:09:58 开始操作号码 【1845087】
2023-12-25 02:10:02 GSD getOne 第 1 次 等待 3 秒
2023-12-25 02:10:05 查询号码 【1845087】，返回信息 {"status":"ok","msg":"福建-福州","gid":"453516","time_insert":"2021-07-31 06:56"}
2023-12-25 02:10:05 查询号码 【1845087】，GSD为【"福建-福州"】

2023-12-25 02:33:13 开始第 5189 次操作

2023-12-25 02:33:13 开始操作号码 【1845088】
2023-12-25 02:33:17 GSD getOne 第 1 次 等待 3 秒
2023-12-25 02:33:20 查询号码 【1845088】，返回信息 {"status":"ok","msg":"福建-福州","gid":"453504","time_insert":"2021-07-31 06:55"}
2023-12-25 02:33:20 查询号码 【1845088】，GSD为【"福建-福州"】

2023-12-25 02:33:21 开始第 5190 次操作

2023-12-25 02:33:21 开始操作号码 【1845089】
2023-12-25 02:33:24 GSD getOne 第 1 次 等待 3 秒
2023-12-25 02:33:27 查询号码 【1845089】，返回信息 {"status":"ok","msg":"福建-福州","gid":"453496","time_insert":"2021-07-31 06:55"}
2023-12-25 02:33:27 查询号码 【1845089】，GSD为【"福建-福州"】

2023-12-25 02:33:28 开始第 5191 次操作

2023-12-25 02:33:28 开始操作号码 【1845090】
2023-12-25 02:33:32 GSD getOne 第 1 次 等待 3 秒
2023-12-25 02:33:35 查询号码 【1845090】，返回信息 {"status":"ok","msg":"福建-福州","gid":"453490","time_insert":"2021-07-31 06:54"}
2023-12-25 02:33:35 查询号码 【1845090】，GSD为【"福建-福州"】

2023-12-25 02:33:36 开始第 5192 次操作

2023-12-25 02:33:36 开始操作号码 【1845091】
2023-12-25 02:33:40 GSD getOne 第 1 次 等待 3 秒
2023-12-25 02:33:43 查询号码 【1845091】，返回信息 {"status":"ok","msg":"福建-福州","gid":"453479","time_insert":"2021-07-31 06:54"}
2023-12-25 02:33:43 查询号码 【1845091】，GSD为【"福建-福州"】

2023-12-25 03:06:31 开始第 5193 次操作

2023-12-25 03:06:31 开始操作号码 【1845092】
2023-12-25 03:06:35 GSD getOne 第 1 次 等待 3 秒
2023-12-25 03:06:38 查询号码 【1845092】，返回信息 {"status":"ok","msg":"福建-福州","gid":"453471","time_insert":"2021-07-31 06:53"}
2023-12-25 03:06:38 查询号码 【1845092】，GSD为【"福建-福州"】

2023-12-25 03:06:39 开始第 5194 次操作

2023-12-25 03:06:39 开始操作号码 【1845093】
2023-12-25 03:06:42 GSD getOne 第 1 次 等待 3 秒
2023-12-25 03:06:45 查询号码 【1845093】，返回信息 {"status":"ok","msg":"福建-福州","gid":"453462","time_insert":"2021-07-31 06:53"}
2023-12-25 03:06:46 查询号码 【1845093】，GSD为【"福建-福州"】

2023-12-25 03:06:47 开始第 5195 次操作

2023-12-25 03:06:47 开始操作号码 【1845094】
2023-12-25 03:06:50 GSD getOne 第 1 次 等待 3 秒
2023-12-25 03:06:53 查询号码 【1845094】，返回信息 {"status":"ok","msg":"福建-福州","gid":"453453","time_insert":"2021-07-31 06:52"}
2023-12-25 03:06:53 查询号码 【1845094】，GSD为【"福建-福州"】

2023-12-25 03:06:54 开始第 5196 次操作

2023-12-25 03:06:54 开始操作号码 【1845095】
2023-12-25 03:06:58 GSD getOne 第 1 次 等待 3 秒
2023-12-25 03:07:01 查询号码 【1845095】，返回信息 {"status":"ok","msg":"福建-福州","gid":"453441","time_insert":"2021-07-31 06:52"}
2023-12-25 03:07:01 查询号码 【1845095】，GSD为【"福建-福州"】

2023-12-25 03:32:54 开始第 5197 次操作

2023-12-25 03:32:54 开始操作号码 【1845096】
2023-12-25 03:32:58 GSD getOne 第 1 次 等待 3 秒
2023-12-25 03:33:01 查询号码 【1845096】，返回信息 {"status":"ok","msg":"福建-福州","gid":"453431","time_insert":"2021-07-31 06:51"}
2023-12-25 03:33:01 查询号码 【1845096】，GSD为【"福建-福州"】

2023-12-25 03:33:02 开始第 5198 次操作

2023-12-25 03:33:02 开始操作号码 【1845097】
2023-12-25 03:33:06 GSD getOne 第 1 次 等待 3 秒
2023-12-25 03:33:09 查询号码 【1845097】，返回信息 {"status":"ok","msg":"福建-福州","gid":"453421","time_insert":"2021-07-31 06:51"}
2023-12-25 03:33:09 查询号码 【1845097】，GSD为【"福建-福州"】

2023-12-25 03:33:10 开始第 5199 次操作

2023-12-25 03:33:10 开始操作号码 【1845098】
2023-12-25 03:33:14 GSD getOne 第 1 次 等待 3 秒
2023-12-25 03:33:17 查询号码 【1845098】，返回信息 {"status":"ok","msg":"福建-福州","gid":"453409","time_insert":"2021-07-31 06:50"}
2023-12-25 03:33:17 查询号码 【1845098】，GSD为【"福建-福州"】

2023-12-25 03:33:18 开始第 5200 次操作

2023-12-25 03:33:18 开始操作号码 【1845099】
2023-12-25 03:33:21 GSD getOne 第 1 次 等待 3 秒
2023-12-25 03:33:24 查询号码 【1845099】，返回信息 {"status":"ok","msg":"福建-福州","gid":"453397","time_insert":"2021-07-31 06:49"}
2023-12-25 03:33:24 查询号码 【1845099】，GSD为【"福建-福州"】

