2024-02-11 00:10:24 开始第 3101 次操作

2024-02-11 00:10:24 开始操作号码 【1733000】
2024-02-11 00:10:29 GSD getOne 第 1 次 等待 3 秒
2024-02-11 00:10:32 查询号码 【1733000】，返回信息 {"status":"ok","msg":"河北-石家庄","gid":"162077","time_insert":"2021-06-30 16:57"}
2024-02-11 00:10:32 查询号码 【1733000】，GSD为【"河北-石家庄"】

2024-02-11 00:10:33 开始第 3102 次操作

2024-02-11 00:10:33 开始操作号码 【1733001】
2024-02-11 00:10:37 GSD getOne 第 1 次 等待 3 秒
2024-02-11 00:10:40 查询号码 【1733001】，返回信息 {"status":"ok","msg":"河北-石家庄","gid":"162744","time_insert":"2021-06-30 22:19"}
2024-02-11 00:10:41 查询号码 【1733001】，GSD为【"河北-石家庄"】

2024-02-11 00:10:42 开始第 3103 次操作

2024-02-11 00:10:42 开始操作号码 【1733002】
2024-02-11 00:10:48 GSD getOne 第 1 次 等待 3 秒
2024-02-11 00:10:51 查询号码 【1733002】，返回信息 {"status":"ok","msg":"河北-石家庄","gid":"162745","time_insert":"2021-06-30 22:20"}
2024-02-11 00:10:51 查询号码 【1733002】，GSD为【"河北-石家庄"】

2024-02-11 00:10:52 开始第 3104 次操作

2024-02-11 00:10:52 开始操作号码 【1733003】
2024-02-11 00:10:57 GSD getOne 第 1 次 等待 3 秒
2024-02-11 00:11:00 查询号码 【1733003】，返回信息 {"status":"ok","msg":"河北-石家庄","gid":"162747","time_insert":"2021-06-30 22:20"}
2024-02-11 00:11:00 查询号码 【1733003】，GSD为【"河北-石家庄"】

