2024-08-28 00:26:06 开始第 1473 次操作

2024-08-28 00:26:06 开始操作号码 【1401472】
2024-08-28 00:26:24 GSD getOne 第 1 次 等待 3 秒
2024-08-28 00:26:27 查询号码 【1401472】，返回信息 {"status":"ok","msg":"-","gid":"541245","time_insert":"2023-02-19 22:41"}
2024-08-28 00:26:27 查询号码 【1401472】，GSD为【"-"】
2024-08-28 00:26:27 ok && -
2024-08-28 00:26:29 CHB 1401472?1724775987 第 1 次 等待 3 秒
2024-08-28 00:26:32 CHB 1401472?1724775987 第 1 次 获取到号码【1401472】GSD
2024-08-28 00:26:32 未获取到号码【1401472】GSD，可能号码格式错误
2024-08-28 00:26:32 获取到号码【1401472】的GSD为【-】
2024-08-28 00:26:40 GSD insert 第 1 次 等待 3 秒
2024-08-28 00:26:43 {"status":"bad","gid":"541245","msg":"添加失败！号码【1401472(-|-)】已存在！"}
2024-08-28 00:26:43 随机等待 74 秒，约 1 分钟
2024-08-28 00:26:43 下次操作: 2024-08-28 00:27:57

2024-08-28 00:27:57 开始第 1474 次操作

2024-08-28 00:27:57 开始操作号码 【1401473】
2024-08-28 00:28:06 GSD getOne 第 1 次 等待 3 秒
2024-08-28 00:28:09 查询号码 【1401473】，返回信息 {"status":"ok","msg":"-","gid":"541279","time_insert":"2023-02-19 22:58"}
2024-08-28 00:28:09 查询号码 【1401473】，GSD为【"-"】
2024-08-28 00:28:09 ok && -
2024-08-28 00:28:11 CHB 1401473?1724776089 第 1 次 等待 3 秒
2024-08-28 00:28:14 CHB 1401473?1724776089 第 1 次 获取到号码【1401473】GSD
2024-08-28 00:28:15 未获取到号码【1401473】GSD，可能号码格式错误
2024-08-28 00:28:15 获取到号码【1401473】的GSD为【-】
2024-08-28 00:28:24 GSD insert 第 1 次 等待 3 秒
2024-08-28 00:28:27 {"status":"bad","gid":"541279","msg":"添加失败！号码【1401473(-|-)】已存在！"}
2024-08-28 00:28:27 随机等待 213 秒，约 3 分钟
2024-08-28 00:28:27 下次操作: 2024-08-28 00:32:00

2024-08-28 00:32:00 开始第 1475 次操作

2024-08-28 00:32:00 开始操作号码 【1401474】
2024-08-28 00:32:09 GSD getOne 第 1 次 等待 3 秒
2024-08-28 00:32:12 查询号码 【1401474】，返回信息 {"status":"ok","msg":"-","gid":"541300","time_insert":"2023-02-19 23:12"}
2024-08-28 00:32:12 查询号码 【1401474】，GSD为【"-"】
2024-08-28 00:32:12 ok && -
2024-08-28 00:32:14 CHB 1401474?1724776332 第 1 次 等待 3 秒
2024-08-28 00:32:17 CHB 1401474?1724776332 第 1 次 获取到号码【1401474】GSD
2024-08-28 00:32:17 未获取到号码【1401474】GSD，可能号码格式错误
2024-08-28 00:32:17 获取到号码【1401474】的GSD为【-】
2024-08-28 00:32:25 GSD insert 第 1 次 等待 3 秒
2024-08-28 00:32:28 {"status":"bad","gid":"541300","msg":"添加失败！号码【1401474(-|-)】已存在！"}
2024-08-28 00:32:28 随机等待 74 秒，约 1 分钟
2024-08-28 00:32:28 下次操作: 2024-08-28 00:33:42

2024-08-28 00:33:42 开始第 1476 次操作

2024-08-28 00:33:42 开始操作号码 【1401475】
2024-08-28 00:33:50 GSD getOne 第 1 次 等待 3 秒
2024-08-28 00:33:53 查询号码 【1401475】，返回信息 {"status":"ok","msg":"-","gid":"541319","time_insert":"2023-02-19 23:25"}
2024-08-28 00:33:53 查询号码 【1401475】，GSD为【"-"】
2024-08-28 00:33:53 ok && -
2024-08-28 00:33:55 CHB 1401475?1724776433 第 1 次 等待 3 秒
2024-08-28 00:33:58 CHB 1401475?1724776433 第 1 次 获取到号码【1401475】GSD
2024-08-28 00:33:58 未获取到号码【1401475】GSD，可能号码格式错误
2024-08-28 00:33:58 获取到号码【1401475】的GSD为【-】
2024-08-28 00:34:07 GSD insert 第 1 次 等待 3 秒
2024-08-28 00:34:10 {"status":"bad","gid":"541319","msg":"添加失败！号码【1401475(-|-)】已存在！"}

2024-08-28 00:43:28 开始第 1477 次操作

2024-08-28 00:43:28 开始操作号码 【1401476】
2024-08-28 00:43:36 GSD getOne 第 1 次 等待 3 秒
2024-08-28 00:43:39 查询号码 【1401476】，返回信息 {"status":"ok","msg":"-","gid":"541354","time_insert":"2023-02-19 23:43"}
2024-08-28 00:43:39 查询号码 【1401476】，GSD为【"-"】
2024-08-28 00:43:39 ok && -
2024-08-28 00:43:41 CHB 1401476?1724777019 第 1 次 等待 3 秒
2024-08-28 00:43:44 CHB 1401476?1724777019 第 1 次 获取到号码【1401476】GSD
2024-08-28 00:43:44 未获取到号码【1401476】GSD，可能号码格式错误
2024-08-28 00:43:44 获取到号码【1401476】的GSD为【-】
2024-08-28 00:43:53 GSD insert 第 1 次 等待 3 秒
2024-08-28 00:43:56 {"status":"bad","gid":"541354","msg":"添加失败！号码【1401476(-|-)】已存在！"}
2024-08-28 00:43:56 随机等待 128 秒，约 2 分钟
2024-08-28 00:43:56 下次操作: 2024-08-28 00:46:04

2024-08-28 00:46:04 开始第 1478 次操作

2024-08-28 00:46:04 开始操作号码 【1401477】
2024-08-28 00:46:12 GSD getOne 第 1 次 等待 3 秒
2024-08-28 00:46:15 查询号码 【1401477】，返回信息 {"status":"ok","msg":"-","gid":"541378","time_insert":"2023-02-19 23:56"}
2024-08-28 00:46:15 查询号码 【1401477】，GSD为【"-"】
2024-08-28 00:46:15 ok && -
2024-08-28 00:46:16 CHB 1401477?1724777175 第 1 次 等待 3 秒
2024-08-28 00:46:19 CHB 1401477?1724777175 第 1 次 获取到号码【1401477】GSD
2024-08-28 00:46:19 未获取到号码【1401477】GSD，可能号码格式错误
2024-08-28 00:46:19 获取到号码【1401477】的GSD为【-】
2024-08-28 00:46:27 GSD insert 第 1 次 等待 3 秒
2024-08-28 00:46:30 {"status":"bad","gid":"541378","msg":"添加失败！号码【1401477(-|-)】已存在！"}
2024-08-28 00:46:30 随机等待 225 秒，约 3 分钟
2024-08-28 00:46:30 下次操作: 2024-08-28 00:50:15

2024-08-28 00:50:15 开始第 1479 次操作

2024-08-28 00:50:15 开始操作号码 【1401478】
2024-08-28 00:50:23 GSD getOne 第 1 次 等待 3 秒
2024-08-28 00:50:26 查询号码 【1401478】，返回信息 {"status":"ok","msg":"-","gid":"541400","time_insert":"2023-02-20 00:08"}
2024-08-28 00:50:26 查询号码 【1401478】，GSD为【"-"】
2024-08-28 00:50:26 ok && -
2024-08-28 00:50:28 CHB 1401478?1724777426 第 1 次 等待 3 秒
2024-08-28 00:50:31 CHB 1401478?1724777426 第 1 次 获取到号码【1401478】GSD
2024-08-28 00:50:31 未获取到号码【1401478】GSD，可能号码格式错误
2024-08-28 00:50:31 获取到号码【1401478】的GSD为【-】
2024-08-28 00:50:40 GSD insert 第 1 次 等待 3 秒
2024-08-28 00:50:43 {"status":"bad","gid":"541400","msg":"添加失败！号码【1401478(-|-)】已存在！"}
2024-08-28 00:50:43 随机等待 227 秒，约 3 分钟
2024-08-28 00:50:43 下次操作: 2024-08-28 00:54:30

2024-08-28 00:54:30 开始第 1480 次操作

2024-08-28 00:54:30 开始操作号码 【1401479】
2024-08-28 00:54:39 GSD getOne 第 1 次 等待 3 秒
2024-08-28 00:54:42 查询号码 【1401479】，返回信息 {"status":"ok","msg":"-","gid":"541426","time_insert":"2023-02-20 00:25"}
2024-08-28 00:54:42 查询号码 【1401479】，GSD为【"-"】
2024-08-28 00:54:42 ok && -
2024-08-28 00:54:44 CHB 1401479?1724777682 第 1 次 等待 3 秒
2024-08-28 00:54:47 CHB 1401479?1724777682 第 1 次 获取到号码【1401479】GSD
2024-08-28 00:54:47 未获取到号码【1401479】GSD，可能号码格式错误
2024-08-28 00:54:47 获取到号码【1401479】的GSD为【-】
2024-08-28 00:54:55 GSD insert 第 1 次 等待 3 秒
2024-08-28 00:54:58 {"status":"bad","gid":"541426","msg":"添加失败！号码【1401479(-|-)】已存在！"}

