2023-12-17 00:09:57 开始第 3705 次操作

2023-12-17 00:09:57 开始操作号码 【1843604】
2023-12-17 00:10:03 GSD getOne 第 1 次 等待 3 秒
2023-12-17 00:10:06 查询号码 【1843604】，返回信息 {"status":"ok","msg":"河南-郑州","gid":"471684","time_insert":"2021-08-01 21:19"}
2023-12-17 00:10:06 查询号码 【1843604】，GSD为【"河南-郑州"】

2023-12-17 00:10:07 开始第 3706 次操作

2023-12-17 00:10:07 开始操作号码 【1843605】
2023-12-17 00:10:11 GSD getOne 第 1 次 等待 3 秒
2023-12-17 00:10:14 查询号码 【1843605】，返回信息 {"status":"ok","msg":"河南-安阳","gid":"471678","time_insert":"2021-08-01 21:18"}
2023-12-17 00:10:14 查询号码 【1843605】，GSD为【"河南-安阳"】

2023-12-17 00:10:15 开始第 3707 次操作

2023-12-17 00:10:15 开始操作号码 【1843606】
2023-12-17 00:10:20 GSD getOne 第 1 次 等待 3 秒
2023-12-17 00:10:23 查询号码 【1843606】，返回信息 {"status":"ok","msg":"河南-许昌","gid":"471670","time_insert":"2021-08-01 21:18"}
2023-12-17 00:10:23 查询号码 【1843606】，GSD为【"河南-许昌"】

2023-12-17 00:10:24 开始第 3708 次操作

2023-12-17 00:10:24 开始操作号码 【1843607】
2023-12-17 00:10:28 GSD getOne 第 1 次 等待 3 秒
2023-12-17 00:10:31 查询号码 【1843607】，返回信息 {"status":"ok","msg":"河南-洛阳","gid":"471661","time_insert":"2021-08-01 21:17"}
2023-12-17 00:10:31 查询号码 【1843607】，GSD为【"河南-洛阳"】

