2024-05-15 00:11:50 开始第 9205 次操作

2024-05-15 00:11:50 开始操作号码 【1629096】
2024-05-15 00:11:55 GSD getOne 第 1 次 等待 3 秒
2024-05-15 00:11:58 查询号码 【1629096】，返回信息 {"status":"ok","msg":"-","gid":"284046","time_insert":"2021-07-15 13:25"}
2024-05-15 00:11:59 查询号码 【1629096】，GSD为【"-"】
2024-05-15 00:11:59 ok && -
2024-05-15 00:12:01 CHB 1629096?1715703119 第 1 次 等待 3 秒
2024-05-15 00:12:04 CHB 1629096?1715703119 第 1 次 获取到号码【1629096】GSD
2024-05-15 00:12:04 未获取到号码【1629096】GSD，可能号码格式错误
2024-05-15 00:12:04 获取到号码【1629096】的GSD为【-】
2024-05-15 00:12:13 GSD insert 第 1 次 等待 3 秒
2024-05-15 00:12:16 {"status":"bad","gid":"284046","msg":"添加失败！号码【1629096(-|-)】已存在！"}
2024-05-15 00:12:16 随机等待 84 秒，约 1 分钟
2024-05-15 00:12:16 下次操作: 2024-05-15 00:13:40

2024-05-15 00:13:40 开始第 9206 次操作

2024-05-15 00:13:40 开始操作号码 【1629097】
2024-05-15 00:13:45 GSD getOne 第 1 次 等待 3 秒
2024-05-15 00:13:48 查询号码 【1629097】，返回信息 {"status":"ok","msg":"-","gid":"284061","time_insert":"2021-07-15 13:29"}
2024-05-15 00:13:49 查询号码 【1629097】，GSD为【"-"】
2024-05-15 00:13:49 ok && -
2024-05-15 00:13:51 CHB 1629097?1715703229 第 1 次 等待 3 秒
2024-05-15 00:13:54 CHB 1629097?1715703229 第 1 次 获取到号码【1629097】GSD
2024-05-15 00:13:54 未获取到号码【1629097】GSD，可能号码格式错误
2024-05-15 00:13:54 获取到号码【1629097】的GSD为【-】
2024-05-15 00:13:59 GSD insert 第 1 次 等待 3 秒
2024-05-15 00:14:02 {"status":"bad","gid":"284061","msg":"添加失败！号码【1629097(-|-)】已存在！"}
2024-05-15 00:14:02 随机等待 110 秒，约 1 分钟
2024-05-15 00:14:02 下次操作: 2024-05-15 00:15:52

2024-05-15 00:15:52 开始第 9207 次操作

2024-05-15 00:15:52 开始操作号码 【1629098】
2024-05-15 00:16:01 GSD getOne 第 1 次 等待 3 秒
2024-05-15 00:16:04 查询号码 【1629098】，返回信息 {"status":"ok","msg":"-","gid":"284086","time_insert":"2021-07-15 13:36"}
2024-05-15 00:16:04 查询号码 【1629098】，GSD为【"-"】
2024-05-15 00:16:04 ok && -
2024-05-15 00:16:07 CHB 1629098?1715703364 第 1 次 等待 3 秒
2024-05-15 00:16:10 CHB 1629098?1715703364 第 1 次 获取到号码【1629098】GSD
2024-05-15 00:16:10 未获取到号码【1629098】GSD，可能号码格式错误
2024-05-15 00:16:10 获取到号码【1629098】的GSD为【-】
2024-05-15 00:16:50 GSD insert 第 1 次 等待 3 秒
2024-05-15 00:16:53 {"status":"bad","gid":"284086","msg":"添加失败！号码【1629098(-|-)】已存在！"}
2024-05-15 00:16:53 随机等待 70 秒，约 1 分钟
2024-05-15 00:16:53 下次操作: 2024-05-15 00:18:03

2024-05-15 00:18:03 开始第 9208 次操作

2024-05-15 00:18:03 开始操作号码 【1629099】
2024-05-15 00:18:09 GSD getOne 第 1 次 等待 3 秒
2024-05-15 00:18:12 查询号码 【1629099】，返回信息 {"status":"ok","msg":"-","gid":"284119","time_insert":"2021-07-15 13:40"}
2024-05-15 00:18:12 查询号码 【1629099】，GSD为【"-"】
2024-05-15 00:18:12 ok && -
2024-05-15 00:18:15 CHB 1629099?1715703492 第 1 次 等待 3 秒
2024-05-15 00:18:18 CHB 1629099?1715703492 第 1 次 获取到号码【1629099】GSD
2024-05-15 00:18:18 未获取到号码【1629099】GSD，可能号码格式错误
2024-05-15 00:18:18 获取到号码【1629099】的GSD为【-】
2024-05-15 00:18:24 GSD insert 第 1 次 等待 3 秒
2024-05-15 00:18:27 {"status":"bad","gid":"284119","msg":"添加失败！号码【1629099(-|-)】已存在！"}

