2024-07-06 00:11:41 开始第 4601 次操作

2024-07-06 00:11:41 开始操作号码 【1514491】
2024-07-06 00:11:53 GSD getOne 第 1 次 等待 3 秒
2024-07-06 00:11:56 查询号码 【1514491】，返回信息 {"status":"ok","msg":"内蒙古-乌兰浩特","gid":"279342","time_insert":"2021-07-15 02:29"}
2024-07-06 00:11:56 查询号码 【1514491】，GSD为【"内蒙古-乌兰浩特"】

2024-07-06 00:11:57 开始第 4602 次操作

2024-07-06 00:11:57 开始操作号码 【1514492】
2024-07-06 00:12:05 GSD getOne 第 1 次 等待 3 秒
2024-07-06 00:12:08 查询号码 【1514492】，返回信息 {"status":"ok","msg":"内蒙古-乌兰浩特","gid":"279370","time_insert":"2021-07-15 02:42"}
2024-07-06 00:12:08 查询号码 【1514492】，GSD为【"内蒙古-乌兰浩特"】

2024-07-06 00:12:09 开始第 4603 次操作

2024-07-06 00:12:09 开始操作号码 【1514493】
2024-07-06 00:12:18 GSD getOne 第 1 次 等待 3 秒
2024-07-06 00:12:21 查询号码 【1514493】，返回信息 {"status":"ok","msg":"内蒙古-乌兰浩特","gid":"291838","time_insert":"2021-07-16 09:43"}
2024-07-06 00:12:21 查询号码 【1514493】，GSD为【"内蒙古-乌兰浩特"】

2024-07-06 00:12:22 开始第 4604 次操作

2024-07-06 00:12:22 开始操作号码 【1514494】
2024-07-06 00:12:31 GSD getOne 第 1 次 等待 3 秒
2024-07-06 00:12:34 查询号码 【1514494】，返回信息 {"status":"ok","msg":"内蒙古-乌兰浩特","gid":"291842","time_insert":"2021-07-16 09:43"}
2024-07-06 00:12:34 查询号码 【1514494】，GSD为【"内蒙古-乌兰浩特"】

