2024-04-24 00:10:58 开始第 5345 次操作

2024-04-24 00:10:58 开始操作号码 【1625245】
2024-04-24 00:11:03 GSD getOne 第 1 次 等待 3 秒
2024-04-24 00:11:06 查询号码 【1625245】，返回信息 {"status":"ok","msg":"山东-青岛","gid":"173762","time_insert":"2021-07-02 12:31"}
2024-04-24 00:11:06 查询号码 【1625245】，GSD为【"山东-青岛"】

2024-04-24 00:11:07 开始第 5346 次操作

2024-04-24 00:11:07 开始操作号码 【1625246】
2024-04-24 00:11:12 GSD getOne 第 1 次 等待 3 秒
2024-04-24 00:11:15 查询号码 【1625246】，返回信息 {"status":"ok","msg":"山东-青岛","gid":"173770","time_insert":"2021-07-02 12:36"}
2024-04-24 00:11:15 查询号码 【1625246】，GSD为【"山东-青岛"】

2024-04-24 00:11:16 开始第 5347 次操作

2024-04-24 00:11:16 开始操作号码 【1625247】
2024-04-24 00:11:22 GSD getOne 第 1 次 等待 3 秒
2024-04-24 00:11:25 查询号码 【1625247】，返回信息 {"status":"ok","msg":"山东-青岛","gid":"173779","time_insert":"2021-07-02 12:41"}
2024-04-24 00:11:25 查询号码 【1625247】，GSD为【"山东-青岛"】

2024-04-24 00:11:26 开始第 5348 次操作

2024-04-24 00:11:26 开始操作号码 【1625248】
2024-04-24 00:11:35 GSD getOne 第 1 次 等待 3 秒
2024-04-24 00:11:38 查询号码 【1625248】，返回信息 {"status":"ok","msg":"山东-青岛","gid":"173785","time_insert":"2021-07-02 12:45"}
2024-04-24 00:11:38 查询号码 【1625248】，GSD为【"山东-青岛"】

