2024-06-13 00:11:36 开始第 409 次操作

2024-06-13 00:11:36 开始操作号码 【1510301】
2024-06-13 00:11:41 GSD getOne 第 1 次 等待 3 秒
2024-06-13 00:11:44 查询号码 【1510301】，返回信息 {"status":"ok","msg":"海南-海口","gid":"71832","time_insert":"2021-05-29 04:39"}
2024-06-13 00:11:44 查询号码 【1510301】，GSD为【"海南-海口"】

2024-06-13 00:11:45 开始第 410 次操作

2024-06-13 00:11:45 开始操作号码 【1510302】
2024-06-13 00:11:51 GSD getOne 第 1 次 等待 3 秒
2024-06-13 00:11:54 查询号码 【1510302】，返回信息 {"status":"ok","msg":"海南-海口","gid":"71853","time_insert":"2021-05-29 05:01"}
2024-06-13 00:11:54 查询号码 【1510302】，GSD为【"海南-海口"】

2024-06-13 00:11:55 开始第 411 次操作

2024-06-13 00:11:55 开始操作号码 【1510303】
2024-06-13 00:12:04 GSD getOne 第 1 次 等待 3 秒
2024-06-13 00:12:07 查询号码 【1510303】，返回信息 {"status":"ok","msg":"海南-海口","gid":"16607","time_insert":"2019-06-21 19:00","time_update":"2020-10-05 14:46"}
2024-06-13 00:12:07 查询号码 【1510303】，GSD为【"海南-海口"】

2024-06-13 00:12:08 开始第 412 次操作

2024-06-13 00:12:08 开始操作号码 【1510304】
2024-06-13 00:12:15 GSD getOne 第 1 次 等待 3 秒
2024-06-13 00:12:18 查询号码 【1510304】，返回信息 {"status":"ok","msg":"海南-海口","gid":"71869","time_insert":"2021-05-29 05:27"}
2024-06-13 00:12:18 查询号码 【1510304】，GSD为【"海南-海口"】

