2023-10-10 00:11:11 开始第 2505 次操作

2023-10-10 00:11:11 开始操作号码 【1942504】
2023-10-10 00:11:13 GSD getOne 第 1 次 等待 3 秒
2023-10-10 00:11:16 查询号码 【1942504】，返回信息 {"status":"ok","msg":"-","gid":"601243","time_insert":"2023-03-19 19:24"}
2023-10-10 00:11:17 查询号码 【1942504】，GSD为【"-"】
2023-10-10 00:11:17 ok && -
2023-10-10 00:11:19 CHB 1942504?1696867877 第 1 次 等待 3 秒
2023-10-10 00:11:22 CHB 1942504?1696867877 第 1 次 获取到号码【1942504】GSD
2023-10-10 00:11:22 未获取到号码【1942504】GSD，可能号码格式错误
2023-10-10 00:11:22 获取到号码【1942504】的GSD为【-】
2023-10-10 00:11:27 GSD insert 第 1 次 等待 3 秒
2023-10-10 00:11:30 {"status":"bad","gid":"601243","msg":"添加失败！号码【1942504(-|-)】已存在！"}
2023-10-10 00:11:30 随机等待 213 秒，约 3 分钟
2023-10-10 00:11:30 下次操作: 2023-10-10 00:15:03

2023-10-10 00:15:03 开始第 2506 次操作

2023-10-10 00:15:03 开始操作号码 【1942505】
2023-10-10 00:15:10 GSD getOne 第 1 次 等待 3 秒
2023-10-10 00:15:13 查询号码 【1942505】，返回信息 {"status":"ok","msg":"-","gid":"601273","time_insert":"2023-03-19 19:42"}
2023-10-10 00:15:13 查询号码 【1942505】，GSD为【"-"】
2023-10-10 00:15:13 ok && -
2023-10-10 00:15:15 CHB 1942505?1696868113 第 1 次 等待 3 秒
2023-10-10 00:15:18 CHB 1942505?1696868113 第 1 次 获取到号码【1942505】GSD
2023-10-10 00:15:18 未获取到号码【1942505】GSD，可能号码格式错误
2023-10-10 00:15:18 获取到号码【1942505】的GSD为【-】
2023-10-10 00:15:20 GSD insert 第 1 次 等待 3 秒
2023-10-10 00:15:23 {"status":"bad","gid":"601273","msg":"添加失败！号码【1942505(-|-)】已存在！"}
2023-10-10 00:15:23 随机等待 192 秒，约 3 分钟
2023-10-10 00:15:23 下次操作: 2023-10-10 00:18:35

2023-10-10 00:18:35 开始第 2507 次操作

2023-10-10 00:18:35 开始操作号码 【1942506】
2023-10-10 00:19:16 GSD getOne 第 1 次 等待 3 秒
2023-10-10 00:19:19 查询号码 【1942506】，返回信息 {"status":"ok","msg":"-","gid":"601303","time_insert":"2023-03-19 20:00"}
2023-10-10 00:19:19 查询号码 【1942506】，GSD为【"-"】
2023-10-10 00:19:19 ok && -
2023-10-10 00:19:21 CHB 1942506?1696868359 第 1 次 等待 3 秒
2023-10-10 00:19:24 CHB 1942506?1696868359 第 1 次 获取到号码【1942506】GSD
2023-10-10 00:19:24 未获取到号码【1942506】GSD，可能号码格式错误
2023-10-10 00:19:24 获取到号码【1942506】的GSD为【-】
2023-10-10 00:19:30 GSD insert 第 1 次 等待 3 秒
2023-10-10 00:19:33 {"status":"bad","gid":"601303","msg":"添加失败！号码【1942506(-|-)】已存在！"}
2023-10-10 00:19:33 随机等待 208 秒，约 3 分钟
2023-10-10 00:19:33 下次操作: 2023-10-10 00:23:01

2023-10-10 00:23:01 开始第 2508 次操作

2023-10-10 00:23:01 开始操作号码 【1942507】
2023-10-10 00:23:06 GSD getOne 第 1 次 等待 3 秒
2023-10-10 00:23:09 查询号码 【1942507】，返回信息 {"status":"ok","msg":"-","gid":"601321","time_insert":"2023-03-19 20:17"}
2023-10-10 00:23:09 查询号码 【1942507】，GSD为【"-"】
2023-10-10 00:23:09 ok && -
2023-10-10 00:23:11 CHB 1942507?1696868589 第 1 次 等待 3 秒
2023-10-10 00:23:14 CHB 1942507?1696868589 第 1 次 获取到号码【1942507】GSD
2023-10-10 00:23:14 未获取到号码【1942507】GSD，可能号码格式错误
2023-10-10 00:23:14 获取到号码【1942507】的GSD为【-】
2023-10-10 00:23:42 GSD insert 第 1 次 等待 3 秒
2023-10-10 00:23:45 {"status":"bad","gid":"601321","msg":"添加失败！号码【1942507(-|-)】已存在！"}

2023-10-10 00:37:12 开始第 2509 次操作

2023-10-10 00:37:12 开始操作号码 【1942508】
2023-10-10 00:37:15 GSD getOne 第 1 次 等待 3 秒
2023-10-10 00:37:18 查询号码 【1942508】，返回信息 {"status":"ok","msg":"-","gid":"601344","time_insert":"2023-03-19 20:33"}
2023-10-10 00:37:18 查询号码 【1942508】，GSD为【"-"】
2023-10-10 00:37:18 ok && -
2023-10-10 00:37:20 CHB 1942508?1696869438 第 1 次 等待 3 秒
2023-10-10 00:37:23 CHB 1942508?1696869438 第 1 次 获取到号码【1942508】GSD
2023-10-10 00:37:23 未获取到号码【1942508】GSD，可能号码格式错误
2023-10-10 00:37:23 获取到号码【1942508】的GSD为【-】
2023-10-10 00:37:32 GSD insert 第 1 次 等待 3 秒
2023-10-10 00:37:35 {"status":"bad","gid":"601344","msg":"添加失败！号码【1942508(-|-)】已存在！"}
2023-10-10 00:37:36 随机等待 213 秒，约 3 分钟
2023-10-10 00:37:36 下次操作: 2023-10-10 00:41:09

2023-10-10 00:41:09 开始第 2510 次操作

2023-10-10 00:41:09 开始操作号码 【1942509】
2023-10-10 00:41:18 GSD getOne 第 1 次 等待 3 秒
2023-10-10 00:41:21 查询号码 【1942509】，返回信息 {"status":"ok","msg":"-","gid":"601367","time_insert":"2023-03-19 20:54"}
2023-10-10 00:41:21 查询号码 【1942509】，GSD为【"-"】
2023-10-10 00:41:21 ok && -
2023-10-10 00:41:23 CHB 1942509?1696869681 第 1 次 等待 3 秒
2023-10-10 00:41:26 CHB 1942509?1696869681 第 1 次 获取到号码【1942509】GSD
2023-10-10 00:41:26 未获取到号码【1942509】GSD，可能号码格式错误
2023-10-10 00:41:26 获取到号码【1942509】的GSD为【-】
2023-10-10 00:41:28 GSD insert 第 1 次 等待 3 秒
2023-10-10 00:41:31 {"status":"bad","gid":"601367","msg":"添加失败！号码【1942509(-|-)】已存在！"}
2023-10-10 00:41:31 随机等待 203 秒，约 3 分钟
2023-10-10 00:41:31 下次操作: 2023-10-10 00:44:54

2023-10-10 00:44:54 开始第 2511 次操作

2023-10-10 00:44:54 开始操作号码 【1942510】
2023-10-10 00:45:11 GSD getOne 第 1 次 等待 3 秒
2023-10-10 00:45:14 查询号码 【1942510】，返回信息 {"status":"ok","msg":"-","gid":"601392","time_insert":"2023-03-19 21:13"}
2023-10-10 00:45:14 查询号码 【1942510】，GSD为【"-"】
2023-10-10 00:45:14 ok && -
2023-10-10 00:45:17 CHB 1942510?1696869914 第 1 次 等待 3 秒
2023-10-10 00:45:20 CHB 1942510?1696869914 第 1 次 获取到号码【1942510】GSD
2023-10-10 00:45:20 未获取到号码【1942510】GSD，可能号码格式错误
2023-10-10 00:45:20 获取到号码【1942510】的GSD为【-】
2023-10-10 00:45:27 GSD insert 第 1 次 等待 3 秒
2023-10-10 00:45:30 {"status":"bad","gid":"601392","msg":"添加失败！号码【1942510(-|-)】已存在！"}
2023-10-10 00:45:30 随机等待 166 秒，约 2 分钟
2023-10-10 00:45:30 下次操作: 2023-10-10 00:48:16

2023-10-10 00:48:16 开始第 2512 次操作

2023-10-10 00:48:16 开始操作号码 【1942511】
2023-10-10 00:48:22 GSD getOne 第 1 次 等待 3 秒
2023-10-10 00:48:25 查询号码 【1942511】，返回信息 {"status":"ok","msg":"-","gid":"601414","time_insert":"2023-03-19 21:30"}
2023-10-10 00:48:25 查询号码 【1942511】，GSD为【"-"】
2023-10-10 00:48:25 ok && -
2023-10-10 00:48:27 CHB 1942511?1696870105 第 1 次 等待 3 秒
2023-10-10 00:48:30 CHB 1942511?1696870105 第 1 次 获取到号码【1942511】GSD
2023-10-10 00:48:30 未获取到号码【1942511】GSD，可能号码格式错误
2023-10-10 00:48:30 获取到号码【1942511】的GSD为【-】
2023-10-10 00:48:33 GSD insert 第 1 次 等待 3 秒
2023-10-10 00:48:36 {"status":"bad","gid":"601414","msg":"添加失败！号码【1942511(-|-)】已存在！"}

