2021-07-26 00:00:45 开始第 13 次操作

2021-07-26 00:00:45 开始操作号码 【1557578】
2021-07-26 00:00:48 GSD getOne 第 1 次 等待 3 秒
2021-07-26 00:00:51 查询号码 【1557578】，返回信息 {"status":"bad","msg":""}
2021-07-26 00:00:51 查询号码 【1557578】，GSD为【""】
2021-07-26 00:00:51 bad
2021-07-26 00:00:53 CHB 1557578?1627228851 第 1 次 等待 3 秒
2021-07-26 00:00:56 CHB 1557578?1627228851 第 1 次 获取到号码【1557578】GSD
2021-07-26 00:00:56 获取到号码【1557578】的GSD为【湖南-郴州】
2021-07-26 00:01:07 GSD insert 第 1 次 等待 3 秒
2021-07-26 00:01:10 {"status":"ok","gid":395139,"msg":"添加成功！"}
2021-07-26 00:01:10 下次操作: 2021-07-26 00:01:24

2021-07-26 00:01:24 开始第 14 次操作

2021-07-26 00:01:24 开始操作号码 【1557577】
2021-07-26 00:01:27 GSD getOne 第 1 次 等待 3 秒
2021-07-26 00:01:30 查询号码 【1557577】，返回信息 {"status":"bad","msg":""}
2021-07-26 00:01:30 查询号码 【1557577】，GSD为【""】
2021-07-26 00:01:30 bad
2021-07-26 00:01:31 CHB 1557577?1627228890 第 1 次 等待 3 秒
2021-07-26 00:01:34 CHB 1557577?1627228890 第 1 次 获取到号码【1557577】GSD
2021-07-26 00:01:34 获取到号码【1557577】的GSD为【湖南-郴州】
2021-07-26 00:01:38 GSD insert 第 1 次 等待 3 秒
2021-07-26 00:01:41 {"status":"ok","gid":395148,"msg":"添加成功！"}
2021-07-26 00:01:41 下次操作: 2021-07-26 00:01:57

2021-07-26 00:01:57 开始第 15 次操作

2021-07-26 00:01:57 开始操作号码 【1557576】
2021-07-26 00:02:07 GSD getOne 第 1 次 等待 3 秒
2021-07-26 00:02:10 查询号码 【1557576】，返回信息 {"status":"bad","msg":""}
2021-07-26 00:02:10 查询号码 【1557576】，GSD为【""】
2021-07-26 00:02:10 bad
2021-07-26 00:02:12 CHB 1557576?1627228930 第 1 次 等待 3 秒
2021-07-26 00:02:15 CHB 1557576?1627228930 第 1 次 获取到号码【1557576】GSD
2021-07-26 00:02:15 获取到号码【1557576】的GSD为【湖南-郴州】
2021-07-26 00:02:17 GSD insert 第 1 次 等待 3 秒
2021-07-26 00:02:20 {"status":"ok","gid":395156,"msg":"添加成功！"}
2021-07-26 00:02:20 下次操作: 2021-07-26 00:02:40

2021-07-26 00:02:40 开始第 16 次操作

2021-07-26 00:02:40 开始操作号码 【1557575】
2021-07-26 00:02:45 GSD getOne 第 1 次 等待 3 秒
2021-07-26 00:02:48 查询号码 【1557575】，返回信息 {"status":"bad","msg":""}
2021-07-26 00:02:48 查询号码 【1557575】，GSD为【""】
2021-07-26 00:02:48 bad
2021-07-26 00:02:50 CHB 1557575?1627228968 第 1 次 等待 3 秒
2021-07-26 00:02:53 CHB 1557575?1627228968 第 1 次 获取到号码【1557575】GSD
2021-07-26 00:02:53 获取到号码【1557575】的GSD为【湖南-郴州】
2021-07-26 00:03:00 GSD insert 第 1 次 等待 3 秒
2021-07-26 00:03:03 {"status":"ok","gid":395167,"msg":"添加成功！"}
2021-07-26 00:03:03 下次操作: 2021-07-26 00:03:18

2021-07-26 00:03:18 开始第 17 次操作

2021-07-26 00:03:18 开始操作号码 【1557574】
2021-07-26 00:03:21 GSD getOne 第 1 次 等待 3 秒
2021-07-26 00:03:24 查询号码 【1557574】，返回信息 {"status":"bad","msg":""}
2021-07-26 00:03:24 查询号码 【1557574】，GSD为【""】
2021-07-26 00:03:24 bad
2021-07-26 00:03:25 CHB 1557574?1627229004 第 1 次 等待 3 秒
2021-07-26 00:03:28 CHB 1557574?1627229004 第 1 次 获取到号码【1557574】GSD
2021-07-26 00:03:29 获取到号码【1557574】的GSD为【湖南-郴州】
2021-07-26 00:03:33 GSD insert 第 1 次 等待 3 秒
2021-07-26 00:03:36 {"status":"ok","gid":395174,"msg":"添加成功！"}
2021-07-26 00:03:36 下次操作: 2021-07-26 00:03:57

2021-07-26 00:03:57 开始第 18 次操作

2021-07-26 00:03:57 开始操作号码 【1557573】
2021-07-26 00:04:02 GSD getOne 第 1 次 等待 3 秒
2021-07-26 00:04:05 查询号码 【1557573】，返回信息 {"status":"bad","msg":""}
2021-07-26 00:04:05 查询号码 【1557573】，GSD为【""】
2021-07-26 00:04:05 bad
2021-07-26 00:04:07 CHB 1557573?1627229045 第 1 次 等待 3 秒
2021-07-26 00:04:10 CHB 1557573?1627229045 第 1 次 获取到号码【1557573】GSD
2021-07-26 00:04:10 获取到号码【1557573】的GSD为【湖南-郴州】
2021-07-26 00:04:13 GSD insert 第 1 次 等待 3 秒
2021-07-26 00:04:16 {"status":"ok","gid":395183,"msg":"添加成功！"}
2021-07-26 00:04:16 下次操作: 2021-07-26 00:04:28

2021-07-26 00:04:28 开始第 19 次操作

2021-07-26 00:04:28 开始操作号码 【1557572】
2021-07-26 00:05:05 GSD getOne 第 1 次 等待 3 秒
2021-07-26 00:05:08 查询号码 【1557572】，返回信息 {"status":"bad","msg":""}
2021-07-26 00:05:08 查询号码 【1557572】，GSD为【""】
2021-07-26 00:05:08 bad
2021-07-26 00:05:09 CHB 1557572?1627229108 第 1 次 等待 3 秒
2021-07-26 00:05:12 CHB 1557572?1627229108 第 1 次 获取到号码【1557572】GSD
2021-07-26 00:05:12 获取到号码【1557572】的GSD为【湖南-郴州】
2021-07-26 00:05:16 GSD insert 第 1 次 等待 3 秒
2021-07-26 00:05:19 {"status":"ok","gid":395197,"msg":"添加成功！"}
2021-07-26 00:05:19 下次操作: 2021-07-26 00:05:32

2021-07-26 00:05:32 开始第 20 次操作

2021-07-26 00:05:32 开始操作号码 【1557571】
2021-07-26 00:05:35 GSD getOne 第 1 次 等待 3 秒
2021-07-26 00:05:38 查询号码 【1557571】，返回信息 {"status":"bad","msg":""}
2021-07-26 00:05:38 查询号码 【1557571】，GSD为【""】
2021-07-26 00:05:38 bad
2021-07-26 00:05:40 CHB 1557571?1627229138 第 1 次 等待 3 秒
2021-07-26 00:05:43 CHB 1557571?1627229138 第 1 次 获取到号码【1557571】GSD
2021-07-26 00:05:43 获取到号码【1557571】的GSD为【湖南-郴州】
2021-07-26 00:05:46 GSD insert 第 1 次 等待 3 秒
2021-07-26 00:05:49 {"status":"ok","gid":395206,"msg":"添加成功！"}
2021-07-26 00:05:49 下次操作: 2021-07-26 00:06:13

2021-07-26 00:06:13 开始第 21 次操作

2021-07-26 00:06:13 开始操作号码 【1557570】
2021-07-26 00:06:15 GSD getOne 第 1 次 等待 3 秒
2021-07-26 00:06:18 查询号码 【1557570】，返回信息 {"status":"bad","msg":""}
2021-07-26 00:06:18 查询号码 【1557570】，GSD为【""】
2021-07-26 00:06:18 bad
2021-07-26 00:06:20 CHB 1557570?1627229178 第 1 次 等待 3 秒
2021-07-26 00:06:23 CHB 1557570?1627229178 第 1 次 获取到号码【1557570】GSD
2021-07-26 00:06:23 获取到号码【1557570】的GSD为【湖南-郴州】
2021-07-26 00:06:26 GSD insert 第 1 次 等待 3 秒
2021-07-26 00:06:29 {"status":"ok","gid":395220,"msg":"添加成功！"}
2021-07-26 00:06:29 下次操作: 2021-07-26 00:06:45

2021-07-26 00:06:45 开始第 22 次操作

2021-07-26 00:06:45 开始操作号码 【1557569】
2021-07-26 00:06:52 GSD getOne 第 1 次 等待 3 秒
2021-07-26 00:06:55 查询号码 【1557569】，返回信息 {"status":"bad","msg":""}
2021-07-26 00:06:55 查询号码 【1557569】，GSD为【""】
2021-07-26 00:06:55 bad
2021-07-26 00:06:57 CHB 1557569?1627229215 第 1 次 等待 3 秒
2021-07-26 00:07:00 CHB 1557569?1627229215 第 1 次 获取到号码【1557569】GSD
2021-07-26 00:07:00 获取到号码【1557569】的GSD为【湖南-郴州】
2021-07-26 00:07:03 GSD insert 第 1 次 等待 3 秒
2021-07-26 00:07:06 {"status":"ok","gid":395227,"msg":"添加成功！"}
2021-07-26 00:07:06 下次操作: 2021-07-26 00:07:22

2021-07-26 00:07:22 开始第 23 次操作

2021-07-26 00:07:22 开始操作号码 【1557568】
2021-07-26 00:07:25 GSD getOne 第 1 次 等待 3 秒
2021-07-26 00:07:28 查询号码 【1557568】，返回信息 {"status":"bad","msg":""}
2021-07-26 00:07:28 查询号码 【1557568】，GSD为【""】
2021-07-26 00:07:28 bad
2021-07-26 00:07:29 CHB 1557568?1627229248 第 1 次 等待 3 秒
2021-07-26 00:07:32 CHB 1557568?1627229248 第 1 次 获取到号码【1557568】GSD
2021-07-26 00:07:32 获取到号码【1557568】的GSD为【湖南-郴州】
2021-07-26 00:07:39 GSD insert 第 1 次 等待 3 秒
2021-07-26 00:07:42 {"status":"ok","gid":395233,"msg":"添加成功！"}
2021-07-26 00:07:42 下次操作: 2021-07-26 00:08:01

2021-07-26 00:08:01 开始第 24 次操作

2021-07-26 00:08:01 开始操作号码 【1557567】
2021-07-26 00:08:12 GSD getOne 第 1 次 等待 3 秒
2021-07-26 00:08:15 查询号码 【1557567】，返回信息 {"status":"bad","msg":""}
2021-07-26 00:08:15 查询号码 【1557567】，GSD为【""】
2021-07-26 00:08:15 bad
2021-07-26 00:08:16 CHB 1557567?1627229295 第 1 次 等待 3 秒
2021-07-26 00:08:19 CHB 1557567?1627229295 第 1 次 获取到号码【1557567】GSD
2021-07-26 00:08:19 获取到号码【1557567】的GSD为【湖南-郴州】
2021-07-26 00:08:43 GSD insert 第 1 次 等待 3 秒
2021-07-26 00:08:46 {"status":"ok","gid":395246,"msg":"添加成功！"}
2021-07-26 00:08:46 下次操作: 2021-07-26 00:09:07

2021-07-26 00:09:07 开始第 25 次操作

2021-07-26 00:09:07 开始操作号码 【1557566】
2021-07-26 00:09:16 GSD getOne 第 1 次 等待 3 秒
2021-07-26 00:09:19 查询号码 【1557566】，返回信息 {"status":"bad","msg":""}
2021-07-26 00:09:19 查询号码 【1557566】，GSD为【""】
2021-07-26 00:09:19 bad
2021-07-26 00:09:29 CHB 1557566?1627229359 第 1 次 等待 3 秒
2021-07-26 00:09:32 CHB 1557566?1627229359 第 1 次 获取到号码【1557566】GSD
2021-07-26 00:09:32 获取到号码【1557566】的GSD为【湖南-郴州】
2021-07-26 00:09:35 GSD insert 第 1 次 等待 3 秒
2021-07-26 00:09:38 {"status":"ok","gid":395252,"msg":"添加成功！"}
2021-07-26 00:09:38 下次操作: 2021-07-26 00:09:53

2021-07-26 00:09:53 开始第 26 次操作

2021-07-26 00:09:53 开始操作号码 【1557565】
2021-07-26 00:09:55 GSD getOne 第 1 次 等待 3 秒
2021-07-26 00:09:58 查询号码 【1557565】，返回信息 {"status":"bad","msg":""}
2021-07-26 00:09:58 查询号码 【1557565】，GSD为【""】
2021-07-26 00:09:58 bad
2021-07-26 00:10:00 CHB 1557565?1627229398 第 1 次 等待 3 秒
2021-07-26 00:10:03 CHB 1557565?1627229398 第 1 次 获取到号码【1557565】GSD
2021-07-26 00:10:03 获取到号码【1557565】的GSD为【湖南-郴州】
2021-07-26 00:10:06 GSD insert 第 1 次 等待 3 秒
2021-07-26 00:10:09 {"status":"ok","gid":395257,"msg":"添加成功！"}
2021-07-26 00:10:09 下次操作: 2021-07-26 00:10:27

2021-07-26 00:10:27 开始第 27 次操作

2021-07-26 00:10:27 开始操作号码 【1557564】
2021-07-26 00:10:30 GSD getOne 第 1 次 等待 3 秒
2021-07-26 00:10:33 查询号码 【1557564】，返回信息 {"status":"bad","msg":""}
2021-07-26 00:10:33 查询号码 【1557564】，GSD为【""】
2021-07-26 00:10:33 bad
2021-07-26 00:10:35 CHB 1557564?1627229433 第 1 次 等待 3 秒
2021-07-26 00:10:38 CHB 1557564?1627229433 第 1 次 获取到号码【1557564】GSD
2021-07-26 00:10:38 获取到号码【1557564】的GSD为【湖南-郴州】
2021-07-26 00:10:41 GSD insert 第 1 次 等待 3 秒
2021-07-26 00:10:44 {"status":"ok","gid":395262,"msg":"添加成功！"}
2021-07-26 00:10:44 下次操作: 2021-07-26 00:10:57

2021-07-26 00:10:57 开始第 28 次操作

2021-07-26 00:10:57 开始操作号码 【1557563】
2021-07-26 00:11:00 GSD getOne 第 1 次 等待 3 秒
2021-07-26 00:11:03 查询号码 【1557563】，返回信息 {"status":"bad","msg":""}
2021-07-26 00:11:03 查询号码 【1557563】，GSD为【""】
2021-07-26 00:11:03 bad
2021-07-26 00:11:05 CHB 1557563?1627229463 第 1 次 等待 3 秒
2021-07-26 00:11:08 CHB 1557563?1627229463 第 1 次 获取到号码【1557563】GSD
2021-07-26 00:11:08 获取到号码【1557563】的GSD为【湖南-郴州】
2021-07-26 00:11:15 GSD insert 第 1 次 等待 3 秒
2021-07-26 00:11:18 {"status":"ok","gid":395269,"msg":"添加成功！"}
2021-07-26 00:11:18 下次操作: 2021-07-26 00:11:30

2021-07-26 00:11:30 开始第 29 次操作

2021-07-26 00:11:30 开始操作号码 【1557562】
2021-07-26 00:11:35 GSD getOne 第 1 次 等待 3 秒
2021-07-26 00:11:38 查询号码 【1557562】，返回信息 {"status":"bad","msg":""}
2021-07-26 00:11:38 查询号码 【1557562】，GSD为【""】
2021-07-26 00:11:38 bad
2021-07-26 00:11:40 CHB 1557562?1627229498 第 1 次 等待 3 秒
2021-07-26 00:11:43 CHB 1557562?1627229498 第 1 次 获取到号码【1557562】GSD
2021-07-26 00:11:43 获取到号码【1557562】的GSD为【湖南-郴州】
2021-07-26 00:11:45 GSD insert 第 1 次 等待 3 秒
2021-07-26 00:11:48 {"status":"ok","gid":395274,"msg":"添加成功！"}
2021-07-26 00:11:48 下次操作: 2021-07-26 00:12:02

2021-07-26 00:12:02 开始第 30 次操作

2021-07-26 00:12:02 开始操作号码 【1557561】
2021-07-26 00:12:05 GSD getOne 第 1 次 等待 3 秒
2021-07-26 00:12:08 查询号码 【1557561】，返回信息 {"status":"bad","msg":""}
2021-07-26 00:12:08 查询号码 【1557561】，GSD为【""】
2021-07-26 00:12:08 bad
2021-07-26 00:12:09 CHB 1557561?1627229528 第 1 次 等待 3 秒
2021-07-26 00:12:12 CHB 1557561?1627229528 第 1 次 获取到号码【1557561】GSD
2021-07-26 00:12:13 获取到号码【1557561】的GSD为【湖南-郴州】
2021-07-26 00:12:18 GSD insert 第 1 次 等待 3 秒
2021-07-26 00:12:21 {"status":"ok","gid":395284,"msg":"添加成功！"}
2021-07-26 00:12:21 下次操作: 2021-07-26 00:12:41

2021-07-26 00:12:41 开始第 31 次操作

2021-07-26 00:12:41 开始操作号码 【1557560】
2021-07-26 00:12:46 GSD getOne 第 1 次 等待 3 秒
2021-07-26 00:12:49 查询号码 【1557560】，返回信息 {"status":"bad","msg":""}
2021-07-26 00:12:49 查询号码 【1557560】，GSD为【""】
2021-07-26 00:12:49 bad
2021-07-26 00:12:51 CHB 1557560?1627229569 第 1 次 等待 3 秒
2021-07-26 00:12:54 CHB 1557560?1627229569 第 1 次 获取到号码【1557560】GSD
2021-07-26 00:12:54 获取到号码【1557560】的GSD为【湖南-郴州】
2021-07-26 00:12:56 GSD insert 第 1 次 等待 3 秒
2021-07-26 00:12:59 {"status":"ok","gid":395291,"msg":"添加成功！"}
2021-07-26 00:12:59 下次操作: 2021-07-26 00:13:11

2021-07-26 00:13:11 开始第 32 次操作

2021-07-26 00:13:11 开始操作号码 【1557559】
2021-07-26 00:13:16 GSD getOne 第 1 次 等待 3 秒
2021-07-26 00:13:19 查询号码 【1557559】，返回信息 {"status":"bad","msg":""}
2021-07-26 00:13:19 查询号码 【1557559】，GSD为【""】
2021-07-26 00:13:19 bad
2021-07-26 00:13:20 CHB 1557559?1627229599 第 1 次 等待 3 秒
2021-07-26 00:13:23 CHB 1557559?1627229599 第 1 次 获取到号码【1557559】GSD
2021-07-26 00:13:23 获取到号码【1557559】的GSD为【湖南-邵阳】
2021-07-26 00:13:29 GSD insert 第 1 次 等待 3 秒
2021-07-26 00:13:32 {"status":"ok","gid":395299,"msg":"添加成功！"}
2021-07-26 00:13:32 下次操作: 2021-07-26 00:13:56

2021-07-26 00:13:56 开始第 33 次操作

2021-07-26 00:13:56 开始操作号码 【1557558】
2021-07-26 00:14:02 GSD getOne 第 1 次 等待 3 秒
2021-07-26 00:14:05 查询号码 【1557558】，返回信息 {"status":"bad","msg":""}
2021-07-26 00:14:05 查询号码 【1557558】，GSD为【""】
2021-07-26 00:14:05 bad
2021-07-26 00:14:07 CHB 1557558?1627229645 第 1 次 等待 3 秒
2021-07-26 00:14:10 CHB 1557558?1627229645 第 1 次 获取到号码【1557558】GSD
2021-07-26 00:14:10 获取到号码【1557558】的GSD为【湖南-邵阳】
2021-07-26 00:14:14 GSD insert 第 1 次 等待 3 秒
2021-07-26 00:14:17 {"status":"ok","gid":395308,"msg":"添加成功！"}
2021-07-26 00:14:17 下次操作: 2021-07-26 00:14:41

2021-07-26 00:14:41 开始第 34 次操作

2021-07-26 00:14:41 开始操作号码 【1557557】
2021-07-26 00:14:45 GSD getOne 第 1 次 等待 3 秒
2021-07-26 00:14:48 查询号码 【1557557】，返回信息 {"status":"bad","msg":""}
2021-07-26 00:14:48 查询号码 【1557557】，GSD为【""】
2021-07-26 00:14:48 bad
2021-07-26 00:14:50 CHB 1557557?1627229688 第 1 次 等待 3 秒
2021-07-26 00:14:53 CHB 1557557?1627229688 第 1 次 获取到号码【1557557】GSD
2021-07-26 00:14:53 获取到号码【1557557】的GSD为【湖南-衡阳】
2021-07-26 00:14:56 GSD insert 第 1 次 等待 3 秒
2021-07-26 00:14:59 {"status":"ok","gid":395315,"msg":"添加成功！"}
2021-07-26 00:14:59 下次操作: 2021-07-26 00:15:14

2021-07-26 00:15:14 开始第 35 次操作

2021-07-26 00:15:14 开始操作号码 【1557556】
2021-07-26 00:15:16 GSD getOne 第 1 次 等待 3 秒
2021-07-26 00:15:19 查询号码 【1557556】，返回信息 {"status":"ok","msg":"湖南-衡阳","gid":"22180","time_insert":"2017-04-19 11:23","time_update":"2020-09-22 22:22"}
2021-07-26 00:15:19 查询号码 【1557556】，GSD为【"湖南-衡阳"】

2021-07-26 00:15:19 开始第 35 次操作

2021-07-26 00:15:19 开始操作号码 【1557555】
2021-07-26 00:15:22 GSD getOne 第 1 次 等待 3 秒
2021-07-26 00:15:25 查询号码 【1557555】，返回信息 {"status":"bad","msg":""}
2021-07-26 00:15:25 查询号码 【1557555】，GSD为【""】
2021-07-26 00:15:25 bad
2021-07-26 00:15:27 CHB 1557555?1627229725 第 1 次 等待 3 秒
2021-07-26 00:15:30 CHB 1557555?1627229725 第 1 次 获取到号码【1557555】GSD
2021-07-26 00:15:30 获取到号码【1557555】的GSD为【湖南-衡阳】
2021-07-26 00:15:36 GSD insert 第 1 次 等待 3 秒
2021-07-26 00:15:39 {"status":"ok","gid":395322,"msg":"添加成功！"}
2021-07-26 00:15:39 下次操作: 2021-07-26 00:16:00

2021-07-26 00:16:00 开始第 36 次操作

2021-07-26 00:16:00 开始操作号码 【1557554】
2021-07-26 00:16:02 GSD getOne 第 1 次 等待 3 秒
2021-07-26 00:16:05 查询号码 【1557554】，返回信息 {"status":"bad","msg":""}
2021-07-26 00:16:06 查询号码 【1557554】，GSD为【""】
2021-07-26 00:16:06 bad
2021-07-26 00:16:07 CHB 1557554?1627229766 第 1 次 等待 3 秒
2021-07-26 00:16:10 CHB 1557554?1627229766 第 1 次 获取到号码【1557554】GSD
2021-07-26 00:16:10 获取到号码【1557554】的GSD为【湖南-衡阳】
2021-07-26 00:16:13 GSD insert 第 1 次 等待 3 秒
2021-07-26 00:16:16 {"status":"ok","gid":395328,"msg":"添加成功！"}
2021-07-26 00:16:16 下次操作: 2021-07-26 00:16:29

2021-07-26 00:16:29 开始第 37 次操作

2021-07-26 00:16:29 开始操作号码 【1557553】
2021-07-26 00:16:32 GSD getOne 第 1 次 等待 3 秒
2021-07-26 00:16:35 查询号码 【1557553】，返回信息 {"status":"bad","msg":""}
2021-07-26 00:16:35 查询号码 【1557553】，GSD为【""】
2021-07-26 00:16:35 bad
2021-07-26 00:16:36 CHB 1557553?1627229795 第 1 次 等待 3 秒
2021-07-26 00:16:39 CHB 1557553?1627229795 第 1 次 获取到号码【1557553】GSD
2021-07-26 00:16:39 获取到号码【1557553】的GSD为【湖南-衡阳】
2021-07-26 00:16:42 GSD insert 第 1 次 等待 3 秒
2021-07-26 00:16:45 {"status":"ok","gid":395335,"msg":"添加成功！"}
2021-07-26 00:16:45 下次操作: 2021-07-26 00:16:58

2021-07-26 00:16:58 开始第 38 次操作

2021-07-26 00:16:58 开始操作号码 【1557552】
2021-07-26 00:17:01 GSD getOne 第 1 次 等待 3 秒
2021-07-26 00:17:04 查询号码 【1557552】，返回信息 {"status":"bad","msg":""}
2021-07-26 00:17:04 查询号码 【1557552】，GSD为【""】
2021-07-26 00:17:04 bad
2021-07-26 00:17:05 CHB 1557552?1627229824 第 1 次 等待 3 秒
2021-07-26 00:17:08 CHB 1557552?1627229824 第 1 次 获取到号码【1557552】GSD
2021-07-26 00:17:08 获取到号码【1557552】的GSD为【湖南-衡阳】
2021-07-26 00:17:16 GSD insert 第 1 次 等待 3 秒
2021-07-26 00:17:19 {"status":"ok","gid":395341,"msg":"添加成功！"}
2021-07-26 00:17:19 下次操作: 2021-07-26 00:17:35

2021-07-26 00:17:35 开始第 39 次操作

2021-07-26 00:17:35 开始操作号码 【1557551】
2021-07-26 00:17:37 GSD getOne 第 1 次 等待 3 秒
2021-07-26 00:17:40 查询号码 【1557551】，返回信息 {"status":"bad","msg":""}
2021-07-26 00:17:40 查询号码 【1557551】，GSD为【""】
2021-07-26 00:17:40 bad
2021-07-26 00:17:42 CHB 1557551?1627229860 第 1 次 等待 3 秒
2021-07-26 00:17:45 CHB 1557551?1627229860 第 1 次 获取到号码【1557551】GSD
2021-07-26 00:17:45 获取到号码【1557551】的GSD为【湖南-衡阳】
2021-07-26 00:17:48 GSD insert 第 1 次 等待 3 秒
2021-07-26 00:17:51 {"status":"ok","gid":395345,"msg":"添加成功！"}
2021-07-26 00:17:51 下次操作: 2021-07-26 00:18:11

2021-07-26 00:18:11 开始第 40 次操作

2021-07-26 00:18:11 开始操作号码 【1557550】
2021-07-26 00:18:16 GSD getOne 第 1 次 等待 3 秒
2021-07-26 00:18:19 查询号码 【1557550】，返回信息 {"status":"bad","msg":""}
2021-07-26 00:18:19 查询号码 【1557550】，GSD为【""】
2021-07-26 00:18:19 bad
2021-07-26 00:18:21 CHB 1557550?1627229899 第 1 次 等待 3 秒
2021-07-26 00:18:24 CHB 1557550?1627229899 第 1 次 获取到号码【1557550】GSD
2021-07-26 00:18:24 获取到号码【1557550】的GSD为【湖南-衡阳】
2021-07-26 00:18:30 GSD insert 第 1 次 等待 3 秒
2021-07-26 00:18:33 {"status":"ok","gid":395348,"msg":"添加成功！"}

2021-07-26 01:38:16 开始第 1 次操作

2021-07-26 01:38:16 开始操作号码 【1557549】
2021-07-26 01:38:19 GSD getOne 第 1 次 等待 3 秒
2021-07-26 01:38:22 查询号码 【1557549】，返回信息 {"status":"bad","msg":""}
2021-07-26 01:38:22 查询号码 【1557549】，GSD为【""】
2021-07-26 01:38:22 bad
2021-07-26 01:38:24 CHB 1557549?1627234702 第 1 次 等待 3 秒
2021-07-26 01:38:27 CHB 1557549?1627234702 第 1 次 获取到号码【1557549】GSD
2021-07-26 01:38:27 获取到号码【1557549】的GSD为【湖南-衡阳】
2021-07-26 01:38:29 GSD insert 第 1 次 等待 3 秒
2021-07-26 01:38:33 {"status":"ok","gid":395853,"msg":"添加成功！"}
2021-07-26 01:38:33 下次操作: 2021-07-26 01:38:50

2021-07-26 01:38:50 开始第 2 次操作

2021-07-26 01:38:50 开始操作号码 【1557548】
2021-07-26 01:38:55 GSD getOne 第 1 次 等待 3 秒
2021-07-26 01:38:58 查询号码 【1557548】，返回信息 {"status":"bad","msg":""}
2021-07-26 01:38:58 查询号码 【1557548】，GSD为【""】
2021-07-26 01:38:58 bad
2021-07-26 01:39:00 CHB 1557548?1627234738 第 1 次 等待 3 秒
2021-07-26 01:39:03 CHB 1557548?1627234738 第 1 次 获取到号码【1557548】GSD
2021-07-26 01:39:03 获取到号码【1557548】的GSD为【湖南-衡阳】
2021-07-26 01:39:06 GSD insert 第 1 次 等待 3 秒
2021-07-26 01:39:09 {"status":"ok","gid":395857,"msg":"添加成功！"}
2021-07-26 01:39:09 下次操作: 2021-07-26 01:39:23

2021-07-26 01:39:23 开始第 3 次操作

2021-07-26 01:39:23 开始操作号码 【1557547】
2021-07-26 01:39:26 GSD getOne 第 1 次 等待 3 秒
2021-07-26 01:39:29 查询号码 【1557547】，返回信息 {"status":"bad","msg":""}
2021-07-26 01:39:29 查询号码 【1557547】，GSD为【""】
2021-07-26 01:39:29 bad
2021-07-26 01:39:31 CHB 1557547?1627234769 第 1 次 等待 3 秒
2021-07-26 01:39:34 CHB 1557547?1627234769 第 1 次 获取到号码【1557547】GSD
2021-07-26 01:39:34 获取到号码【1557547】的GSD为【湖南-衡阳】
2021-07-26 01:39:37 GSD insert 第 1 次 等待 3 秒
2021-07-26 01:39:40 {"status":"ok","gid":395859,"msg":"添加成功！"}
2021-07-26 01:39:40 下次操作: 2021-07-26 01:40:03

2021-07-26 01:40:03 开始第 4 次操作

2021-07-26 01:40:03 开始操作号码 【1557546】
2021-07-26 01:40:06 GSD getOne 第 1 次 等待 3 秒
2021-07-26 01:40:09 查询号码 【1557546】，返回信息 {"status":"bad","msg":""}
2021-07-26 01:40:09 查询号码 【1557546】，GSD为【""】
2021-07-26 01:40:09 bad
2021-07-26 01:40:11 CHB 1557546?1627234809 第 1 次 等待 3 秒
2021-07-26 01:40:14 CHB 1557546?1627234809 第 1 次 获取到号码【1557546】GSD
2021-07-26 01:40:14 获取到号码【1557546】的GSD为【湖南-衡阳】
2021-07-26 01:40:16 GSD insert 第 1 次 等待 3 秒
2021-07-26 01:40:19 {"status":"ok","gid":395868,"msg":"添加成功！"}
2021-07-26 01:40:19 下次操作: 2021-07-26 01:40:35

2021-07-26 01:40:35 开始第 5 次操作

2021-07-26 01:40:35 开始操作号码 【1557545】
2021-07-26 01:40:39 GSD getOne 第 1 次 等待 3 秒
2021-07-26 01:40:42 查询号码 【1557545】，返回信息 {"status":"bad","msg":""}
2021-07-26 01:40:42 查询号码 【1557545】，GSD为【""】
2021-07-26 01:40:42 bad
2021-07-26 01:40:43 CHB 1557545?1627234842 第 1 次 等待 3 秒
2021-07-26 01:40:46 CHB 1557545?1627234842 第 1 次 获取到号码【1557545】GSD
2021-07-26 01:40:46 获取到号码【1557545】的GSD为【湖南-衡阳】
2021-07-26 01:40:49 GSD insert 第 1 次 等待 3 秒
2021-07-26 01:40:52 {"status":"ok","gid":395870,"msg":"添加成功！"}
2021-07-26 01:40:52 下次操作: 2021-07-26 01:41:07

2021-07-26 01:41:07 开始第 6 次操作

2021-07-26 01:41:07 开始操作号码 【1557544】
2021-07-26 01:41:10 GSD getOne 第 1 次 等待 3 秒
2021-07-26 01:41:13 查询号码 【1557544】，返回信息 {"status":"bad","msg":""}
2021-07-26 01:41:13 查询号码 【1557544】，GSD为【""】
2021-07-26 01:41:13 bad
2021-07-26 01:41:15 CHB 1557544?1627234873 第 1 次 等待 3 秒
2021-07-26 01:41:18 CHB 1557544?1627234873 第 1 次 获取到号码【1557544】GSD
2021-07-26 01:41:18 获取到号码【1557544】的GSD为【湖南-衡阳】
2021-07-26 01:41:20 GSD insert 第 1 次 等待 3 秒
2021-07-26 01:41:23 {"status":"ok","gid":395875,"msg":"添加成功！"}
2021-07-26 01:41:23 下次操作: 2021-07-26 01:41:47

2021-07-26 01:41:47 开始第 7 次操作

2021-07-26 01:41:47 开始操作号码 【1557543】
2021-07-26 01:41:50 GSD getOne 第 1 次 等待 3 秒
2021-07-26 01:41:53 查询号码 【1557543】，返回信息 {"status":"bad","msg":""}
2021-07-26 01:41:53 查询号码 【1557543】，GSD为【""】
2021-07-26 01:41:53 bad
2021-07-26 01:41:54 CHB 1557543?1627234913 第 1 次 等待 3 秒
2021-07-26 01:41:57 CHB 1557543?1627234913 第 1 次 获取到号码【1557543】GSD
2021-07-26 01:41:58 获取到号码【1557543】的GSD为【湖南-衡阳】
2021-07-26 01:42:00 GSD insert 第 1 次 等待 3 秒
2021-07-26 01:42:03 {"status":"ok","gid":395880,"msg":"添加成功！"}
2021-07-26 01:42:03 下次操作: 2021-07-26 01:42:25

2021-07-26 01:42:25 开始第 8 次操作

2021-07-26 01:42:25 开始操作号码 【1557542】
2021-07-26 01:42:28 GSD getOne 第 1 次 等待 3 秒
2021-07-26 01:42:31 查询号码 【1557542】，返回信息 {"status":"bad","msg":""}
2021-07-26 01:42:31 查询号码 【1557542】，GSD为【""】
2021-07-26 01:42:31 bad
2021-07-26 01:42:33 CHB 1557542?1627234951 第 1 次 等待 3 秒
2021-07-26 01:42:36 CHB 1557542?1627234951 第 1 次 获取到号码【1557542】GSD
2021-07-26 01:42:36 获取到号码【1557542】的GSD为【湖南-衡阳】
2021-07-26 01:42:39 GSD insert 第 1 次 等待 3 秒
2021-07-26 01:42:42 {"status":"ok","gid":395890,"msg":"添加成功！"}
2021-07-26 01:42:42 下次操作: 2021-07-26 01:42:56

2021-07-26 01:42:56 开始第 9 次操作

2021-07-26 01:42:56 开始操作号码 【1557541】
2021-07-26 01:42:59 GSD getOne 第 1 次 等待 3 秒
2021-07-26 01:43:02 查询号码 【1557541】，返回信息 {"status":"ok","msg":"湖南-衡阳","gid":"22179","time_insert":"2017-04-20 16:08","time_update":"2020-09-22 22:19"}
2021-07-26 01:43:02 查询号码 【1557541】，GSD为【"湖南-衡阳"】

2021-07-26 01:43:02 开始第 9 次操作

2021-07-26 01:43:02 开始操作号码 【1557540】
2021-07-26 01:43:05 GSD getOne 第 1 次 等待 3 秒
2021-07-26 01:43:08 查询号码 【1557540】，返回信息 {"status":"bad","msg":""}
2021-07-26 01:43:08 查询号码 【1557540】，GSD为【""】
2021-07-26 01:43:08 bad
2021-07-26 01:43:09 CHB 1557540?1627234988 第 1 次 等待 3 秒
2021-07-26 01:43:12 CHB 1557540?1627234988 第 1 次 获取到号码【1557540】GSD
2021-07-26 01:43:13 获取到号码【1557540】的GSD为【湖南-衡阳】
2021-07-26 01:43:16 GSD insert 第 1 次 等待 3 秒
2021-07-26 01:43:19 {"status":"ok","gid":395898,"msg":"添加成功！"}
2021-07-26 01:43:19 下次操作: 2021-07-26 01:43:34

2021-07-26 01:43:34 开始第 10 次操作

2021-07-26 01:43:34 开始操作号码 【1557539】
2021-07-26 01:43:37 GSD getOne 第 1 次 等待 3 秒
2021-07-26 01:43:40 查询号码 【1557539】，返回信息 {"status":"bad","msg":""}
2021-07-26 01:43:40 查询号码 【1557539】，GSD为【""】
2021-07-26 01:43:40 bad
2021-07-26 01:43:42 CHB 1557539?1627235020 第 1 次 等待 3 秒
2021-07-26 01:43:45 CHB 1557539?1627235020 第 1 次 获取到号码【1557539】GSD
2021-07-26 01:43:45 获取到号码【1557539】的GSD为【湖南-永州】
2021-07-26 01:43:49 GSD insert 第 1 次 等待 3 秒
2021-07-26 01:43:52 {"status":"ok","gid":395906,"msg":"添加成功！"}
2021-07-26 01:43:52 下次操作: 2021-07-26 01:44:04

2021-07-26 01:44:04 开始第 11 次操作

2021-07-26 01:44:04 开始操作号码 【1557538】
2021-07-26 01:44:07 GSD getOne 第 1 次 等待 3 秒
2021-07-26 01:44:10 查询号码 【1557538】，返回信息 {"status":"bad","msg":""}
2021-07-26 01:44:10 查询号码 【1557538】，GSD为【""】
2021-07-26 01:44:10 bad
2021-07-26 01:44:12 CHB 1557538?1627235050 第 1 次 等待 3 秒
2021-07-26 01:44:15 CHB 1557538?1627235050 第 1 次 获取到号码【1557538】GSD
2021-07-26 01:44:15 获取到号码【1557538】的GSD为【湖南-永州】
2021-07-26 01:44:18 GSD insert 第 1 次 等待 3 秒
2021-07-26 01:44:21 {"status":"ok","gid":395915,"msg":"添加成功！"}
2021-07-26 01:44:21 下次操作: 2021-07-26 01:44:44

2021-07-26 01:44:44 开始第 12 次操作

2021-07-26 01:44:44 开始操作号码 【1557537】
2021-07-26 01:44:46 GSD getOne 第 1 次 等待 3 秒
2021-07-26 01:44:49 查询号码 【1557537】，返回信息 {"status":"bad","msg":""}
2021-07-26 01:44:49 查询号码 【1557537】，GSD为【""】
2021-07-26 01:44:49 bad
2021-07-26 01:44:51 CHB 1557537?1627235089 第 1 次 等待 3 秒
2021-07-26 01:44:54 CHB 1557537?1627235089 第 1 次 获取到号码【1557537】GSD
2021-07-26 01:44:54 获取到号码【1557537】的GSD为【湖南-永州】
2021-07-26 01:44:56 GSD insert 第 1 次 等待 3 秒
2021-07-26 01:44:59 {"status":"ok","gid":395923,"msg":"添加成功！"}
2021-07-26 01:44:59 下次操作: 2021-07-26 01:45:14

2021-07-26 01:45:14 开始第 13 次操作

2021-07-26 01:45:15 开始操作号码 【1557536】
2021-07-26 01:45:17 GSD getOne 第 1 次 等待 3 秒
2021-07-26 01:45:20 查询号码 【1557536】，返回信息 {"status":"bad","msg":""}
2021-07-26 01:45:20 查询号码 【1557536】，GSD为【""】
2021-07-26 01:45:20 bad
2021-07-26 01:45:22 CHB 1557536?1627235120 第 1 次 等待 3 秒
2021-07-26 01:45:25 CHB 1557536?1627235120 第 1 次 获取到号码【1557536】GSD
2021-07-26 01:45:25 获取到号码【1557536】的GSD为【湖南-永州】
2021-07-26 01:45:28 GSD insert 第 1 次 等待 3 秒
2021-07-26 01:45:31 {"status":"ok","gid":395935,"msg":"添加成功！"}
2021-07-26 01:45:31 下次操作: 2021-07-26 01:45:52

2021-07-26 01:45:52 开始第 14 次操作

2021-07-26 01:45:52 开始操作号码 【1557535】
2021-07-26 01:45:54 GSD getOne 第 1 次 等待 3 秒
2021-07-26 01:45:57 查询号码 【1557535】，返回信息 {"status":"bad","msg":""}
2021-07-26 01:45:57 查询号码 【1557535】，GSD为【""】
2021-07-26 01:45:57 bad
2021-07-26 01:45:59 CHB 1557535?1627235157 第 1 次 等待 3 秒
2021-07-26 01:46:02 CHB 1557535?1627235157 第 1 次 获取到号码【1557535】GSD
2021-07-26 01:46:02 获取到号码【1557535】的GSD为【湖南-永州】
2021-07-26 01:46:04 GSD insert 第 1 次 等待 3 秒
2021-07-26 01:46:07 {"status":"ok","gid":395945,"msg":"添加成功！"}
2021-07-26 01:46:07 下次操作: 2021-07-26 01:46:22

2021-07-26 01:46:22 开始第 15 次操作

2021-07-26 01:46:22 开始操作号码 【1557534】
2021-07-26 01:46:25 GSD getOne 第 1 次 等待 3 秒
2021-07-26 01:46:28 查询号码 【1557534】，返回信息 {"status":"bad","msg":""}
2021-07-26 01:46:28 查询号码 【1557534】，GSD为【""】
2021-07-26 01:46:28 bad
2021-07-26 01:46:30 CHB 1557534?1627235188 第 1 次 等待 3 秒
2021-07-26 01:46:33 CHB 1557534?1627235188 第 1 次 获取到号码【1557534】GSD
2021-07-26 01:46:33 获取到号码【1557534】的GSD为【湖南-永州】
2021-07-26 01:46:35 GSD insert 第 1 次 等待 3 秒
2021-07-26 01:46:38 {"status":"ok","gid":395954,"msg":"添加成功！"}
2021-07-26 01:46:38 下次操作: 2021-07-26 01:46:50

2021-07-26 01:46:50 开始第 16 次操作

2021-07-26 01:46:50 开始操作号码 【1557533】
2021-07-26 01:46:53 GSD getOne 第 1 次 等待 3 秒
2021-07-26 01:46:56 查询号码 【1557533】，返回信息 {"status":"bad","msg":""}
2021-07-26 01:46:56 查询号码 【1557533】，GSD为【""】
2021-07-26 01:46:56 bad
2021-07-26 01:46:58 CHB 1557533?1627235216 第 1 次 等待 3 秒
2021-07-26 01:47:01 CHB 1557533?1627235216 第 1 次 获取到号码【1557533】GSD
2021-07-26 01:47:01 获取到号码【1557533】的GSD为【湖南-永州】
2021-07-26 01:47:03 GSD insert 第 1 次 等待 3 秒
2021-07-26 01:47:06 {"status":"ok","gid":395960,"msg":"添加成功！"}
2021-07-26 01:47:06 下次操作: 2021-07-26 01:47:29

2021-07-26 01:47:29 开始第 17 次操作

2021-07-26 01:47:29 开始操作号码 【1557532】
2021-07-26 01:47:34 GSD getOne 第 1 次 等待 3 秒
2021-07-26 01:47:37 查询号码 【1557532】，返回信息 {"status":"bad","msg":""}
2021-07-26 01:47:37 查询号码 【1557532】，GSD为【""】
2021-07-26 01:47:37 bad
2021-07-26 01:47:39 CHB 1557532?1627235257 第 1 次 等待 3 秒
2021-07-26 01:47:42 CHB 1557532?1627235257 第 1 次 获取到号码【1557532】GSD
2021-07-26 01:47:42 获取到号码【1557532】的GSD为【湖南-永州】
2021-07-26 01:47:44 GSD insert 第 1 次 等待 3 秒
2021-07-26 01:47:47 {"status":"ok","gid":395971,"msg":"添加成功！"}
2021-07-26 01:47:48 下次操作: 2021-07-26 01:48:10

2021-07-26 01:48:10 开始第 18 次操作

2021-07-26 01:48:10 开始操作号码 【1557531】
2021-07-26 01:48:13 GSD getOne 第 1 次 等待 3 秒
2021-07-26 01:48:16 查询号码 【1557531】，返回信息 {"status":"bad","msg":""}
2021-07-26 01:48:16 查询号码 【1557531】，GSD为【""】
2021-07-26 01:48:16 bad
2021-07-26 01:48:17 CHB 1557531?1627235296 第 1 次 等待 3 秒
2021-07-26 01:48:20 CHB 1557531?1627235296 第 1 次 获取到号码【1557531】GSD
2021-07-26 01:48:20 获取到号码【1557531】的GSD为【湖南-永州】
2021-07-26 01:48:27 GSD insert 第 1 次 等待 3 秒
2021-07-26 01:48:30 {"status":"ok","gid":395982,"msg":"添加成功！"}
2021-07-26 01:48:30 下次操作: 2021-07-26 01:48:50

2021-07-26 01:48:50 开始第 19 次操作

2021-07-26 01:48:50 开始操作号码 【1557530】
2021-07-26 01:48:53 GSD getOne 第 1 次 等待 3 秒
2021-07-26 01:48:56 查询号码 【1557530】，返回信息 {"status":"bad","msg":""}
2021-07-26 01:48:56 查询号码 【1557530】，GSD为【""】
2021-07-26 01:48:56 bad
2021-07-26 01:48:57 CHB 1557530?1627235336 第 1 次 等待 3 秒
2021-07-26 01:49:00 CHB 1557530?1627235336 第 1 次 获取到号码【1557530】GSD
2021-07-26 01:49:00 获取到号码【1557530】的GSD为【湖南-永州】
2021-07-26 01:49:03 GSD insert 第 1 次 等待 3 秒
2021-07-26 01:49:06 {"status":"ok","gid":395994,"msg":"添加成功！"}
2021-07-26 01:49:06 下次操作: 2021-07-26 01:49:25

2021-07-26 01:49:25 开始第 20 次操作

2021-07-26 01:49:25 开始操作号码 【1557529】
2021-07-26 01:49:29 GSD getOne 第 1 次 等待 3 秒
2021-07-26 01:49:32 查询号码 【1557529】，返回信息 {"status":"bad","msg":""}
2021-07-26 01:49:32 查询号码 【1557529】，GSD为【""】
2021-07-26 01:49:32 bad
2021-07-26 01:49:33 CHB 1557529?1627235372 第 1 次 等待 3 秒
2021-07-26 01:49:36 CHB 1557529?1627235372 第 1 次 获取到号码【1557529】GSD
2021-07-26 01:49:36 获取到号码【1557529】的GSD为【湖南-永州】
2021-07-26 01:49:39 GSD insert 第 1 次 等待 3 秒
2021-07-26 01:49:42 {"status":"ok","gid":396004,"msg":"添加成功！"}
2021-07-26 01:49:42 下次操作: 2021-07-26 01:49:54

2021-07-26 01:49:54 开始第 21 次操作

2021-07-26 01:49:54 开始操作号码 【1557528】
2021-07-26 01:49:57 GSD getOne 第 1 次 等待 3 秒
2021-07-26 01:50:00 查询号码 【1557528】，返回信息 {"status":"bad","msg":""}
2021-07-26 01:50:00 查询号码 【1557528】，GSD为【""】
2021-07-26 01:50:00 bad
2021-07-26 01:50:02 CHB 1557528?1627235400 第 1 次 等待 3 秒
2021-07-26 01:50:05 CHB 1557528?1627235400 第 1 次 获取到号码【1557528】GSD
2021-07-26 01:50:05 获取到号码【1557528】的GSD为【湖南-永州】
2021-07-26 01:50:08 GSD insert 第 1 次 等待 3 秒
2021-07-26 01:50:11 {"status":"ok","gid":396010,"msg":"添加成功！"}
2021-07-26 01:50:11 下次操作: 2021-07-26 01:50:30

2021-07-26 01:50:30 开始第 22 次操作

2021-07-26 01:50:30 开始操作号码 【1557527】
2021-07-26 01:50:32 GSD getOne 第 1 次 等待 3 秒
2021-07-26 01:50:35 查询号码 【1557527】，返回信息 {"status":"bad","msg":""}
2021-07-26 01:50:35 查询号码 【1557527】，GSD为【""】
2021-07-26 01:50:35 bad
2021-07-26 01:50:37 CHB 1557527?1627235435 第 1 次 等待 3 秒
2021-07-26 01:50:40 CHB 1557527?1627235435 第 1 次 获取到号码【1557527】GSD
2021-07-26 01:50:40 获取到号码【1557527】的GSD为【湖南-永州】
2021-07-26 01:50:43 GSD insert 第 1 次 等待 3 秒
2021-07-26 01:50:46 {"status":"ok","gid":396020,"msg":"添加成功！"}
2021-07-26 01:50:46 下次操作: 2021-07-26 01:51:05

2021-07-26 01:51:05 开始第 23 次操作

2021-07-26 01:51:05 开始操作号码 【1557526】
2021-07-26 01:51:07 GSD getOne 第 1 次 等待 3 秒
2021-07-26 01:51:10 查询号码 【1557526】，返回信息 {"status":"bad","msg":""}
2021-07-26 01:51:10 查询号码 【1557526】，GSD为【""】
2021-07-26 01:51:10 bad
2021-07-26 01:51:12 CHB 1557526?1627235470 第 1 次 等待 3 秒
2021-07-26 01:51:15 CHB 1557526?1627235470 第 1 次 获取到号码【1557526】GSD
2021-07-26 01:51:15 获取到号码【1557526】的GSD为【湖南-永州】
2021-07-26 01:51:20 GSD insert 第 1 次 等待 3 秒
2021-07-26 01:51:23 {"status":"ok","gid":396030,"msg":"添加成功！"}
2021-07-26 01:51:23 下次操作: 2021-07-26 01:51:38

2021-07-26 01:51:38 开始第 24 次操作

2021-07-26 01:51:38 开始操作号码 【1557525】
2021-07-26 01:51:41 GSD getOne 第 1 次 等待 3 秒
2021-07-26 01:51:44 查询号码 【1557525】，返回信息 {"status":"bad","msg":""}
2021-07-26 01:51:44 查询号码 【1557525】，GSD为【""】
2021-07-26 01:51:44 bad
2021-07-26 01:51:45 CHB 1557525?1627235504 第 1 次 等待 3 秒
2021-07-26 01:51:48 CHB 1557525?1627235504 第 1 次 获取到号码【1557525】GSD
2021-07-26 01:51:48 未获取到号码【1557525】GSD，查号吧 400 错误
2021-07-26 01:51:48 获取到号码【1557525】的GSD为【-】
2021-07-26 01:51:51 GSD insert 第 1 次 等待 3 秒
2021-07-26 01:51:54 {"status":"ok","gid":396041,"msg":"添加成功！"}
2021-07-26 01:51:54 下次操作: 2021-07-26 01:52:06

2021-07-26 01:52:06 开始第 25 次操作

2021-07-26 01:52:06 开始操作号码 【1557524】
2021-07-26 01:52:08 GSD getOne 第 1 次 等待 3 秒
2021-07-26 01:52:11 查询号码 【1557524】，返回信息 {"status":"bad","msg":""}
2021-07-26 01:52:11 查询号码 【1557524】，GSD为【""】
2021-07-26 01:52:11 bad
2021-07-26 01:52:13 CHB 1557524?1627235531 第 1 次 等待 3 秒
2021-07-26 01:52:16 CHB 1557524?1627235531 第 1 次 获取到号码【1557524】GSD
2021-07-26 01:52:16 获取到号码【1557524】的GSD为【湖南-永州】
2021-07-26 01:52:19 GSD insert 第 1 次 等待 3 秒
2021-07-26 01:52:22 {"status":"ok","gid":396050,"msg":"添加成功！"}
2021-07-26 01:52:22 下次操作: 2021-07-26 01:52:45

2021-07-26 01:52:45 开始第 26 次操作

2021-07-26 01:52:45 开始操作号码 【1557523】
2021-07-26 01:52:47 GSD getOne 第 1 次 等待 3 秒
2021-07-26 01:52:50 查询号码 【1557523】，返回信息 {"status":"bad","msg":""}
2021-07-26 01:52:50 查询号码 【1557523】，GSD为【""】
2021-07-26 01:52:50 bad
2021-07-26 01:52:52 CHB 1557523?1627235570 第 1 次 等待 3 秒
2021-07-26 01:52:55 CHB 1557523?1627235570 第 1 次 获取到号码【1557523】GSD
2021-07-26 01:52:55 获取到号码【1557523】的GSD为【湖南-永州】
2021-07-26 01:52:58 GSD insert 第 1 次 等待 3 秒
2021-07-26 01:53:01 {"status":"ok","gid":396064,"msg":"添加成功！"}
2021-07-26 01:53:01 下次操作: 2021-07-26 01:53:22

2021-07-26 01:53:22 开始第 27 次操作

2021-07-26 01:53:22 开始操作号码 【1557522】
2021-07-26 01:53:25 GSD getOne 第 1 次 等待 3 秒
2021-07-26 01:53:28 查询号码 【1557522】，返回信息 {"status":"bad","msg":""}
2021-07-26 01:53:28 查询号码 【1557522】，GSD为【""】
2021-07-26 01:53:28 bad
2021-07-26 01:53:30 CHB 1557522?1627235608 第 1 次 等待 3 秒
2021-07-26 01:53:33 CHB 1557522?1627235608 第 1 次 获取到号码【1557522】GSD
2021-07-26 01:53:33 获取到号码【1557522】的GSD为【湖南-永州】
2021-07-26 01:53:39 GSD insert 第 1 次 等待 3 秒
2021-07-26 01:53:42 {"status":"ok","gid":396073,"msg":"添加成功！"}
2021-07-26 01:53:42 下次操作: 2021-07-26 01:54:06

2021-07-26 01:54:06 开始第 28 次操作

2021-07-26 01:54:06 开始操作号码 【1557521】
2021-07-26 01:54:08 GSD getOne 第 1 次 等待 3 秒
2021-07-26 01:54:11 查询号码 【1557521】，返回信息 {"status":"bad","msg":""}
2021-07-26 01:54:11 查询号码 【1557521】，GSD为【""】
2021-07-26 01:54:11 bad
2021-07-26 01:54:13 CHB 1557521?1627235651 第 1 次 等待 3 秒
2021-07-26 01:54:16 CHB 1557521?1627235651 第 1 次 获取到号码【1557521】GSD
2021-07-26 01:54:16 获取到号码【1557521】的GSD为【湖南-永州】
2021-07-26 01:54:20 GSD insert 第 1 次 等待 3 秒
2021-07-26 01:54:23 {"status":"ok","gid":396081,"msg":"添加成功！"}
2021-07-26 01:54:23 下次操作: 2021-07-26 01:54:41

2021-07-26 01:54:41 开始第 29 次操作

2021-07-26 01:54:41 开始操作号码 【1557520】
2021-07-26 01:54:43 GSD getOne 第 1 次 等待 3 秒
2021-07-26 01:54:46 查询号码 【1557520】，返回信息 {"status":"bad","msg":""}
2021-07-26 01:54:47 查询号码 【1557520】，GSD为【""】
2021-07-26 01:54:47 bad
2021-07-26 01:54:48 CHB 1557520?1627235687 第 1 次 等待 3 秒
2021-07-26 01:54:51 CHB 1557520?1627235687 第 1 次 获取到号码【1557520】GSD
2021-07-26 01:54:51 获取到号码【1557520】的GSD为【湖南-永州】
2021-07-26 01:54:56 GSD insert 第 1 次 等待 3 秒
2021-07-26 01:54:59 {"status":"ok","gid":396094,"msg":"添加成功！"}
2021-07-26 01:54:59 下次操作: 2021-07-26 01:55:22

2021-07-26 01:55:22 开始第 30 次操作

2021-07-26 01:55:22 开始操作号码 【1557519】
2021-07-26 01:55:24 GSD getOne 第 1 次 等待 3 秒
2021-07-26 01:55:27 查询号码 【1557519】，返回信息 {"status":"bad","msg":""}
2021-07-26 01:55:28 查询号码 【1557519】，GSD为【""】
2021-07-26 01:55:28 bad
2021-07-26 01:55:29 CHB 1557519?1627235728 第 1 次 等待 3 秒
2021-07-26 01:55:32 CHB 1557519?1627235728 第 1 次 获取到号码【1557519】GSD
2021-07-26 01:55:32 获取到号码【1557519】的GSD为【湖南-长沙】
2021-07-26 01:55:35 GSD insert 第 1 次 等待 3 秒
2021-07-26 01:55:38 {"status":"ok","gid":396106,"msg":"添加成功！"}
2021-07-26 01:55:38 下次操作: 2021-07-26 01:55:53

2021-07-26 01:55:54 开始第 31 次操作

2021-07-26 01:55:54 开始操作号码 【1557518】
2021-07-26 01:55:57 GSD getOne 第 1 次 等待 3 秒
2021-07-26 01:56:00 查询号码 【1557518】，返回信息 {"status":"ok","msg":"湖南-长沙","gid":"22178","time_insert":"2015-09-29 22:06","time_update":"2020-09-22 22:14"}
2021-07-26 01:56:00 查询号码 【1557518】，GSD为【"湖南-长沙"】

2021-07-26 01:56:00 开始第 31 次操作

2021-07-26 01:56:00 开始操作号码 【1557517】
2021-07-26 01:56:03 GSD getOne 第 1 次 等待 3 秒
2021-07-26 01:56:06 查询号码 【1557517】，返回信息 {"status":"bad","msg":""}
2021-07-26 01:56:06 查询号码 【1557517】，GSD为【""】
2021-07-26 01:56:06 bad
2021-07-26 01:56:07 CHB 1557517?1627235766 第 1 次 等待 3 秒
2021-07-26 01:56:10 CHB 1557517?1627235766 第 1 次 获取到号码【1557517】GSD
2021-07-26 01:56:10 获取到号码【1557517】的GSD为【湖南-长沙】
2021-07-26 01:56:13 GSD insert 第 1 次 等待 3 秒
2021-07-26 01:56:16 {"status":"ok","gid":396115,"msg":"添加成功！"}
2021-07-26 01:56:16 下次操作: 2021-07-26 01:56:29

2021-07-26 01:56:29 开始第 32 次操作

2021-07-26 01:56:29 开始操作号码 【1557516】
2021-07-26 01:56:32 GSD getOne 第 1 次 等待 3 秒
2021-07-26 01:56:35 查询号码 【1557516】，返回信息 {"status":"bad","msg":""}
2021-07-26 01:56:35 查询号码 【1557516】，GSD为【""】
2021-07-26 01:56:35 bad
2021-07-26 01:56:36 CHB 1557516?1627235795 第 1 次 等待 3 秒
2021-07-26 01:56:39 CHB 1557516?1627235795 第 1 次 获取到号码【1557516】GSD
2021-07-26 01:56:39 获取到号码【1557516】的GSD为【湖南-长沙】
2021-07-26 01:56:42 GSD insert 第 1 次 等待 3 秒
2021-07-26 01:56:45 {"status":"ok","gid":396125,"msg":"添加成功！"}
2021-07-26 01:56:45 下次操作: 2021-07-26 01:56:57

2021-07-26 01:56:57 开始第 33 次操作

2021-07-26 01:56:57 开始操作号码 【1557515】
2021-07-26 01:57:00 GSD getOne 第 1 次 等待 3 秒
2021-07-26 01:57:03 查询号码 【1557515】，返回信息 {"status":"bad","msg":""}
2021-07-26 01:57:03 查询号码 【1557515】，GSD为【""】
2021-07-26 01:57:03 bad
2021-07-26 01:57:04 CHB 1557515?1627235823 第 1 次 等待 3 秒
2021-07-26 01:57:07 CHB 1557515?1627235823 第 1 次 获取到号码【1557515】GSD
2021-07-26 01:57:07 获取到号码【1557515】的GSD为【湖南-长沙】
2021-07-26 01:57:10 GSD insert 第 1 次 等待 3 秒
2021-07-26 01:57:13 {"status":"ok","gid":396133,"msg":"添加成功！"}
2021-07-26 01:57:13 下次操作: 2021-07-26 01:57:31

2021-07-26 01:57:31 开始第 34 次操作

2021-07-26 01:57:31 开始操作号码 【1557514】
2021-07-26 01:57:34 GSD getOne 第 1 次 等待 3 秒
2021-07-26 01:57:37 查询号码 【1557514】，返回信息 {"status":"bad","msg":""}
2021-07-26 01:57:37 查询号码 【1557514】，GSD为【""】
2021-07-26 01:57:37 bad
2021-07-26 01:57:38 CHB 1557514?1627235857 第 1 次 等待 3 秒
2021-07-26 01:57:41 CHB 1557514?1627235857 第 1 次 获取到号码【1557514】GSD
2021-07-26 01:57:41 获取到号码【1557514】的GSD为【湖南-长沙】
2021-07-26 01:57:44 GSD insert 第 1 次 等待 3 秒
2021-07-26 01:57:47 {"status":"ok","gid":396142,"msg":"添加成功！"}
2021-07-26 01:57:47 下次操作: 2021-07-26 01:58:03

2021-07-26 01:58:03 开始第 35 次操作

2021-07-26 01:58:03 开始操作号码 【1557513】
2021-07-26 01:58:06 GSD getOne 第 1 次 等待 3 秒
2021-07-26 01:58:09 查询号码 【1557513】，返回信息 {"status":"bad","msg":""}
2021-07-26 01:58:09 查询号码 【1557513】，GSD为【""】
2021-07-26 01:58:09 bad
2021-07-26 01:58:10 CHB 1557513?1627235889 第 1 次 等待 3 秒
2021-07-26 01:58:13 CHB 1557513?1627235889 第 1 次 获取到号码【1557513】GSD
2021-07-26 01:58:13 获取到号码【1557513】的GSD为【湖南-长沙】
2021-07-26 01:58:17 GSD insert 第 1 次 等待 3 秒
2021-07-26 01:58:20 {"status":"ok","gid":396153,"msg":"添加成功！"}
2021-07-26 01:58:20 下次操作: 2021-07-26 01:58:44

2021-07-26 01:58:44 开始第 36 次操作

2021-07-26 01:58:44 开始操作号码 【1557512】
2021-07-26 01:58:47 GSD getOne 第 1 次 等待 3 秒
2021-07-26 01:58:50 查询号码 【1557512】，返回信息 {"status":"bad","msg":""}
2021-07-26 01:58:50 查询号码 【1557512】，GSD为【""】
2021-07-26 01:58:50 bad
2021-07-26 01:58:52 CHB 1557512?1627235930 第 1 次 等待 3 秒
2021-07-26 01:58:55 CHB 1557512?1627235930 第 1 次 获取到号码【1557512】GSD
2021-07-26 01:58:55 获取到号码【1557512】的GSD为【湖南-长沙】
2021-07-26 01:58:58 GSD insert 第 1 次 等待 3 秒
2021-07-26 01:59:01 {"status":"ok","gid":396165,"msg":"添加成功！"}
2021-07-26 01:59:01 下次操作: 2021-07-26 01:59:15

2021-07-26 01:59:15 开始第 37 次操作

2021-07-26 01:59:15 开始操作号码 【1557511】
2021-07-26 01:59:18 GSD getOne 第 1 次 等待 3 秒
2021-07-26 01:59:21 查询号码 【1557511】，返回信息 {"status":"bad","msg":""}
2021-07-26 01:59:21 查询号码 【1557511】，GSD为【""】
2021-07-26 01:59:21 bad
2021-07-26 01:59:22 CHB 1557511?1627235961 第 1 次 等待 3 秒
2021-07-26 01:59:25 CHB 1557511?1627235961 第 1 次 获取到号码【1557511】GSD
2021-07-26 01:59:25 未获取到号码【1557511】GSD，查号吧 400 错误
2021-07-26 01:59:25 获取到号码【1557511】的GSD为【-】
2021-07-26 01:59:27 GSD insert 第 1 次 等待 3 秒
2021-07-26 01:59:30 {"status":"ok","gid":396173,"msg":"添加成功！"}
2021-07-26 01:59:30 下次操作: 2021-07-26 01:59:49

2021-07-26 01:59:49 开始第 38 次操作

2021-07-26 01:59:50 开始操作号码 【1557510】
2021-07-26 01:59:52 GSD getOne 第 1 次 等待 3 秒
2021-07-26 01:59:55 查询号码 【1557510】，返回信息 {"status":"bad","msg":""}
2021-07-26 01:59:55 查询号码 【1557510】，GSD为【""】
2021-07-26 01:59:55 bad
2021-07-26 01:59:57 CHB 1557510?1627235995 第 1 次 等待 3 秒
2021-07-26 02:00:00 CHB 1557510?1627235995 第 1 次 获取到号码【1557510】GSD
2021-07-26 02:00:00 获取到号码【1557510】的GSD为【湖南-长沙】
2021-07-26 02:00:02 GSD insert 第 1 次 等待 3 秒
2021-07-26 02:00:05 {"status":"ok","gid":396183,"msg":"添加成功！"}
2021-07-26 02:00:05 下次操作: 2021-07-26 02:00:20

2021-07-26 02:00:20 开始第 39 次操作

2021-07-26 02:00:20 开始操作号码 【1557509】
2021-07-26 02:00:23 GSD getOne 第 1 次 等待 3 秒
2021-07-26 02:00:26 查询号码 【1557509】，返回信息 {"status":"bad","msg":""}
2021-07-26 02:00:26 查询号码 【1557509】，GSD为【""】
2021-07-26 02:00:26 bad
2021-07-26 02:00:28 CHB 1557509?1627236026 第 1 次 等待 3 秒
2021-07-26 02:00:31 CHB 1557509?1627236026 第 1 次 获取到号码【1557509】GSD
2021-07-26 02:00:31 获取到号码【1557509】的GSD为【湖南-岳阳】
2021-07-26 02:00:33 GSD insert 第 1 次 等待 3 秒
2021-07-26 02:00:36 {"status":"ok","gid":396194,"msg":"添加成功！"}
2021-07-26 02:00:36 下次操作: 2021-07-26 02:00:51

2021-07-26 02:00:51 开始第 40 次操作

2021-07-26 02:00:51 开始操作号码 【1557508】
2021-07-26 02:00:54 GSD getOne 第 1 次 等待 3 秒
2021-07-26 02:00:57 查询号码 【1557508】，返回信息 {"status":"bad","msg":""}
2021-07-26 02:00:57 查询号码 【1557508】，GSD为【""】
2021-07-26 02:00:57 bad
2021-07-26 02:00:59 CHB 1557508?1627236057 第 1 次 等待 3 秒
2021-07-26 02:01:02 CHB 1557508?1627236057 第 1 次 获取到号码【1557508】GSD
2021-07-26 02:01:02 获取到号码【1557508】的GSD为【湖南-岳阳】
2021-07-26 02:01:04 GSD insert 第 1 次 等待 3 秒
2021-07-26 02:01:07 {"status":"ok","gid":396203,"msg":"添加成功！"}

