2024-05-18 00:10:54 开始第 9757 次操作

2024-05-18 00:10:54 开始操作号码 【1629648】
2024-05-18 00:11:01 GSD getOne 第 1 次 等待 3 秒
2024-05-18 00:11:04 查询号码 【1629648】，返回信息 {"status":"ok","msg":"-","gid":"301566","time_insert":"2021-07-17 09:31"}
2024-05-18 00:11:04 查询号码 【1629648】，GSD为【"-"】
2024-05-18 00:11:04 ok && -
2024-05-18 00:11:06 CHB 1629648?1715962264 第 1 次 等待 3 秒
2024-05-18 00:11:09 CHB 1629648?1715962264 第 1 次 获取到号码【1629648】GSD
2024-05-18 00:11:09 未获取到号码【1629648】GSD，可能号码格式错误
2024-05-18 00:11:09 获取到号码【1629648】的GSD为【-】
2024-05-18 00:11:18 GSD insert 第 1 次 等待 3 秒
2024-05-18 00:11:21 {"status":"bad","gid":"301566","msg":"添加失败！号码【1629648(-|-)】已存在！"}
2024-05-18 00:11:21 随机等待 67 秒，约 1 分钟
2024-05-18 00:11:21 下次操作: 2024-05-18 00:12:28

2024-05-18 00:12:28 开始第 9758 次操作

2024-05-18 00:12:28 开始操作号码 【1629649】
2024-05-18 00:12:34 GSD getOne 第 1 次 等待 3 秒
2024-05-18 00:12:37 查询号码 【1629649】，返回信息 {"status":"ok","msg":"-","gid":"301585","time_insert":"2021-07-17 09:36"}
2024-05-18 00:12:37 查询号码 【1629649】，GSD为【"-"】
2024-05-18 00:12:37 ok && -
2024-05-18 00:12:40 CHB 1629649?1715962357 第 1 次 等待 3 秒
2024-05-18 00:12:43 CHB 1629649?1715962357 第 1 次 获取到号码【1629649】GSD
2024-05-18 00:12:43 未获取到号码【1629649】GSD，可能号码格式错误
2024-05-18 00:12:43 获取到号码【1629649】的GSD为【-】
2024-05-18 00:12:48 GSD insert 第 1 次 等待 3 秒
2024-05-18 00:12:51 {"status":"bad","gid":"301585","msg":"添加失败！号码【1629649(-|-)】已存在！"}
2024-05-18 00:12:51 随机等待 114 秒，约 1 分钟
2024-05-18 00:12:51 下次操作: 2024-05-18 00:14:45

2024-05-18 00:14:45 开始第 9759 次操作

2024-05-18 00:14:45 开始操作号码 【1629650】
2024-05-18 00:14:53 GSD getOne 第 1 次 等待 3 秒
2024-05-18 00:14:56 查询号码 【1629650】，返回信息 {"status":"ok","msg":"-","gid":"301652","time_insert":"2021-07-17 09:41"}
2024-05-18 00:14:56 查询号码 【1629650】，GSD为【"-"】
2024-05-18 00:14:56 ok && -
2024-05-18 00:14:59 CHB 1629650?1715962496 第 1 次 等待 3 秒
2024-05-18 00:15:02 CHB 1629650?1715962496 第 1 次 获取到号码【1629650】GSD
2024-05-18 00:15:02 未获取到号码【1629650】GSD，可能号码格式错误
2024-05-18 00:15:02 获取到号码【1629650】的GSD为【-】
2024-05-18 00:15:12 GSD insert 第 1 次 等待 3 秒
2024-05-18 00:15:15 {"status":"bad","gid":"301652","msg":"添加失败！号码【1629650(-|-)】已存在！"}
2024-05-18 00:15:15 随机等待 175 秒，约 2 分钟
2024-05-18 00:15:15 下次操作: 2024-05-18 00:18:10

2024-05-18 00:18:10 开始第 9760 次操作

2024-05-18 00:18:10 开始操作号码 【1629651】
2024-05-18 00:18:23 GSD getOne 第 1 次 等待 3 秒
2024-05-18 00:18:26 查询号码 【1629651】，返回信息 {"status":"ok","msg":"-","gid":"301746","time_insert":"2021-07-17 09:46"}
2024-05-18 00:18:26 查询号码 【1629651】，GSD为【"-"】
2024-05-18 00:18:26 ok && -
2024-05-18 00:18:28 CHB 1629651?1715962706 第 1 次 等待 3 秒
2024-05-18 00:18:31 CHB 1629651?1715962706 第 1 次 获取到号码【1629651】GSD
2024-05-18 00:18:31 未获取到号码【1629651】GSD，可能号码格式错误
2024-05-18 00:18:31 获取到号码【1629651】的GSD为【-】
2024-05-18 00:18:46 GSD insert 第 1 次 等待 3 秒
2024-05-18 00:18:49 {"status":"bad","gid":"301746","msg":"添加失败！号码【1629651(-|-)】已存在！"}

