2024-04-30 00:10:59 开始第 6449 次操作

2024-04-30 00:10:59 开始操作号码 【1626349】
2024-04-30 00:11:06 GSD getOne 第 1 次 等待 3 秒
2024-04-30 00:11:09 查询号码 【1626349】，返回信息 {"status":"ok","msg":"-","gid":"203004","time_insert":"2021-07-06 03:48"}
2024-04-30 00:11:09 查询号码 【1626349】，GSD为【"-"】
2024-04-30 00:11:09 ok && -
2024-04-30 00:11:12 CHB 1626349?1714407069 第 1 次 等待 3 秒
2024-04-30 00:11:15 CHB 1626349?1714407069 第 1 次 获取到号码【1626349】GSD
2024-04-30 00:11:15 未获取到号码【1626349】GSD，可能号码格式错误
2024-04-30 00:11:15 获取到号码【1626349】的GSD为【-】
2024-04-30 00:11:25 GSD insert 第 1 次 等待 3 秒
2024-04-30 00:11:28 {"status":"bad","gid":"203004","msg":"添加失败！号码【1626349(-|-)】已存在！"}
2024-04-30 00:11:28 随机等待 231 秒，约 3 分钟
2024-04-30 00:11:28 下次操作: 2024-04-30 00:15:19

2024-04-30 00:15:19 开始第 6450 次操作

2024-04-30 00:15:19 开始操作号码 【1626350】
2024-04-30 00:15:24 GSD getOne 第 1 次 等待 3 秒
2024-04-30 00:15:27 查询号码 【1626350】，返回信息 {"status":"ok","msg":"山东-聊城","gid":"203050","time_insert":"2021-07-06 03:52"}
2024-04-30 00:15:27 查询号码 【1626350】，GSD为【"山东-聊城"】

2024-04-30 00:15:28 开始第 6451 次操作

2024-04-30 00:15:28 开始操作号码 【1626351】
2024-04-30 00:15:33 GSD getOne 第 1 次 等待 3 秒
2024-04-30 00:15:36 查询号码 【1626351】，返回信息 {"status":"ok","msg":"山东-聊城","gid":"203086","time_insert":"2021-07-06 03:57"}
2024-04-30 00:15:36 查询号码 【1626351】，GSD为【"山东-聊城"】

2024-04-30 00:15:37 开始第 6452 次操作

2024-04-30 00:15:37 开始操作号码 【1626352】
2024-04-30 00:15:43 GSD getOne 第 1 次 等待 3 秒
2024-04-30 00:15:46 查询号码 【1626352】，返回信息 {"status":"ok","msg":"山东-聊城","gid":"203111","time_insert":"2021-07-06 04:02"}
2024-04-30 00:15:46 查询号码 【1626352】，GSD为【"山东-聊城"】

2024-04-30 00:35:38 开始第 6453 次操作

2024-04-30 00:35:38 开始操作号码 【1626353】
2024-04-30 00:35:54 GSD getOne 第 1 次 等待 3 秒
2024-04-30 00:35:57 查询号码 【1626353】，返回信息 {"status":"ok","msg":"山东-聊城","gid":"203124","time_insert":"2021-07-06 04:06"}
2024-04-30 00:35:57 查询号码 【1626353】，GSD为【"山东-聊城"】

2024-04-30 00:35:58 开始第 6454 次操作

2024-04-30 00:35:58 开始操作号码 【1626354】
2024-04-30 00:36:07 GSD getOne 第 1 次 等待 3 秒
2024-04-30 00:36:10 查询号码 【1626354】，返回信息 {"status":"ok","msg":"山东-聊城","gid":"203134","time_insert":"2021-07-06 04:12"}
2024-04-30 00:36:10 查询号码 【1626354】，GSD为【"山东-聊城"】

2024-04-30 00:36:11 开始第 6455 次操作

2024-04-30 00:36:11 开始操作号码 【1626355】
2024-04-30 00:36:21 GSD getOne 第 1 次 等待 3 秒
2024-04-30 00:36:24 查询号码 【1626355】，返回信息 {"status":"ok","msg":"山东-聊城","gid":"203144","time_insert":"2021-07-06 04:17"}
2024-04-30 00:36:24 查询号码 【1626355】，GSD为【"山东-聊城"】

2024-04-30 00:36:25 开始第 6456 次操作

2024-04-30 00:36:25 开始操作号码 【1626356】
2024-04-30 00:36:31 GSD getOne 第 1 次 等待 3 秒
2024-04-30 00:36:34 查询号码 【1626356】，返回信息 {"status":"ok","msg":"山东-聊城","gid":"203149","time_insert":"2021-07-06 04:21"}
2024-04-30 00:36:34 查询号码 【1626356】，GSD为【"山东-聊城"】

2024-04-30 01:07:39 开始第 6457 次操作

2024-04-30 01:07:39 开始操作号码 【1626357】
2024-04-30 01:07:47 GSD getOne 第 1 次 等待 3 秒
2024-04-30 01:07:51 查询号码 【1626357】，返回信息 {"status":"ok","msg":"山东-聊城","gid":"203159","time_insert":"2021-07-06 04:26"}
2024-04-30 01:07:51 查询号码 【1626357】，GSD为【"山东-聊城"】

2024-04-30 01:07:52 开始第 6458 次操作

2024-04-30 01:07:52 开始操作号码 【1626358】
2024-04-30 01:07:58 GSD getOne 第 1 次 等待 3 秒
2024-04-30 01:08:01 查询号码 【1626358】，返回信息 {"status":"ok","msg":"山东-聊城","gid":"203166","time_insert":"2021-07-06 04:31"}
2024-04-30 01:08:01 查询号码 【1626358】，GSD为【"山东-聊城"】

2024-04-30 01:08:02 开始第 6459 次操作

2024-04-30 01:08:02 开始操作号码 【1626359】
2024-04-30 01:08:07 GSD getOne 第 1 次 等待 3 秒
2024-04-30 01:08:10 查询号码 【1626359】，返回信息 {"status":"ok","msg":"山东-聊城","gid":"203174","time_insert":"2021-07-06 04:36"}
2024-04-30 01:08:10 查询号码 【1626359】，GSD为【"山东-聊城"】

2024-04-30 01:08:12 开始第 6460 次操作

2024-04-30 01:08:12 开始操作号码 【1626360】
2024-04-30 01:08:17 GSD getOne 第 1 次 等待 3 秒
2024-04-30 01:08:20 查询号码 【1626360】，返回信息 {"status":"ok","msg":"山东-潍坊","gid":"203201","time_insert":"2021-07-06 04:40"}
2024-04-30 01:08:21 查询号码 【1626360】，GSD为【"山东-潍坊"】

2024-04-30 01:34:13 开始第 6461 次操作

2024-04-30 01:34:13 开始操作号码 【1626361】
2024-04-30 01:34:18 GSD getOne 第 1 次 等待 3 秒
2024-04-30 01:34:21 查询号码 【1626361】，返回信息 {"status":"ok","msg":"山东-潍坊","gid":"203268","time_insert":"2021-07-06 04:45"}
2024-04-30 01:34:21 查询号码 【1626361】，GSD为【"山东-潍坊"】

2024-04-30 01:34:22 开始第 6462 次操作

2024-04-30 01:34:22 开始操作号码 【1626362】
2024-04-30 01:34:28 GSD getOne 第 1 次 等待 3 秒
2024-04-30 01:34:31 查询号码 【1626362】，返回信息 {"status":"ok","msg":"山东-潍坊","gid":"203322","time_insert":"2021-07-06 04:48"}
2024-04-30 01:34:31 查询号码 【1626362】，GSD为【"山东-潍坊"】

2024-04-30 01:34:32 开始第 6463 次操作

2024-04-30 01:34:32 开始操作号码 【1626363】
2024-04-30 01:34:58 GSD getOne 第 1 次 等待 3 秒
2024-04-30 01:35:01 查询号码 【1626363】，返回信息 {"status":"ok","msg":"山东-潍坊","gid":"203388","time_insert":"2021-07-06 04:53"}
2024-04-30 01:35:01 查询号码 【1626363】，GSD为【"山东-潍坊"】

2024-04-30 01:35:02 开始第 6464 次操作

2024-04-30 01:35:02 开始操作号码 【1626364】
2024-04-30 01:35:09 GSD getOne 第 1 次 等待 3 秒
2024-04-30 01:35:12 查询号码 【1626364】，返回信息 {"status":"ok","msg":"山东-潍坊","gid":"203417","time_insert":"2021-07-06 04:57"}
2024-04-30 01:35:12 查询号码 【1626364】，GSD为【"山东-潍坊"】

2024-04-30 02:11:09 开始第 6465 次操作

2024-04-30 02:11:09 开始操作号码 【1626365】
2024-04-30 02:11:14 GSD getOne 第 1 次 等待 3 秒
2024-04-30 02:11:17 查询号码 【1626365】，返回信息 {"status":"ok","msg":"山东-潍坊","gid":"203440","time_insert":"2021-07-06 05:02"}
2024-04-30 02:11:17 查询号码 【1626365】，GSD为【"山东-潍坊"】

2024-04-30 02:11:18 开始第 6466 次操作

2024-04-30 02:11:18 开始操作号码 【1626366】
2024-04-30 02:11:24 GSD getOne 第 1 次 等待 3 秒
2024-04-30 02:11:27 查询号码 【1626366】，返回信息 {"status":"ok","msg":"山东-潍坊","gid":"203456","time_insert":"2021-07-06 05:07"}
2024-04-30 02:11:28 查询号码 【1626366】，GSD为【"山东-潍坊"】

2024-04-30 02:11:29 开始第 6467 次操作

2024-04-30 02:11:29 开始操作号码 【1626367】
2024-04-30 02:11:35 GSD getOne 第 1 次 等待 3 秒
2024-04-30 02:11:38 查询号码 【1626367】，返回信息 {"status":"ok","msg":"山东-潍坊","gid":"203473","time_insert":"2021-07-06 05:11"}
2024-04-30 02:11:38 查询号码 【1626367】，GSD为【"山东-潍坊"】

2024-04-30 02:11:39 开始第 6468 次操作

2024-04-30 02:11:39 开始操作号码 【1626368】
2024-04-30 02:11:45 GSD getOne 第 1 次 等待 3 秒
2024-04-30 02:11:48 查询号码 【1626368】，返回信息 {"status":"ok","msg":"山东-潍坊","gid":"203484","time_insert":"2021-07-06 05:17"}
2024-04-30 02:11:48 查询号码 【1626368】，GSD为【"山东-潍坊"】

2024-04-30 02:34:39 开始第 6469 次操作

2024-04-30 02:34:39 开始操作号码 【1626369】
2024-04-30 02:34:49 GSD getOne 第 1 次 等待 3 秒
2024-04-30 02:34:52 查询号码 【1626369】，返回信息 {"status":"ok","msg":"山东-潍坊","gid":"203491","time_insert":"2021-07-06 05:22"}
2024-04-30 02:34:52 查询号码 【1626369】，GSD为【"山东-潍坊"】

2024-04-30 02:34:53 开始第 6470 次操作

2024-04-30 02:34:53 开始操作号码 【1626370】
2024-04-30 02:35:00 GSD getOne 第 1 次 等待 3 秒
2024-04-30 02:35:03 查询号码 【1626370】，返回信息 {"status":"ok","msg":"山东-济宁","gid":"203502","time_insert":"2021-07-06 05:27"}
2024-04-30 02:35:03 查询号码 【1626370】，GSD为【"山东-济宁"】

2024-04-30 02:35:04 开始第 6471 次操作

2024-04-30 02:35:04 开始操作号码 【1626371】
2024-04-30 02:35:11 GSD getOne 第 1 次 等待 3 秒
2024-04-30 02:35:14 查询号码 【1626371】，返回信息 {"status":"ok","msg":"山东-济宁","gid":"203509","time_insert":"2021-07-06 05:32"}
2024-04-30 02:35:14 查询号码 【1626371】，GSD为【"山东-济宁"】

2024-04-30 02:35:15 开始第 6472 次操作

2024-04-30 02:35:15 开始操作号码 【1626372】
2024-04-30 02:35:22 GSD getOne 第 1 次 等待 3 秒
2024-04-30 02:35:25 查询号码 【1626372】，返回信息 {"status":"ok","msg":"山东-济宁","gid":"203517","time_insert":"2021-07-06 05:37"}
2024-04-30 02:35:25 查询号码 【1626372】，GSD为【"山东-济宁"】

2024-04-30 03:07:06 开始第 6473 次操作

2024-04-30 03:07:06 开始操作号码 【1626373】
2024-04-30 03:07:12 GSD getOne 第 1 次 等待 3 秒
2024-04-30 03:07:15 查询号码 【1626373】，返回信息 {"status":"ok","msg":"山东-济宁","gid":"203530","time_insert":"2021-07-06 05:42"}
2024-04-30 03:07:15 查询号码 【1626373】，GSD为【"山东-济宁"】

2024-04-30 03:07:16 开始第 6474 次操作

2024-04-30 03:07:16 开始操作号码 【1626374】
2024-04-30 03:07:22 GSD getOne 第 1 次 等待 3 秒
2024-04-30 03:07:25 查询号码 【1626374】，返回信息 {"status":"ok","msg":"山东-济宁","gid":"203577","time_insert":"2021-07-06 05:46"}
2024-04-30 03:07:25 查询号码 【1626374】，GSD为【"山东-济宁"】

2024-04-30 03:07:26 开始第 6475 次操作

2024-04-30 03:07:26 开始操作号码 【1626375】
2024-04-30 03:07:35 GSD getOne 第 1 次 等待 3 秒
2024-04-30 03:07:38 查询号码 【1626375】，返回信息 {"status":"ok","msg":"山东-济宁","gid":"203668","time_insert":"2021-07-06 05:52"}
2024-04-30 03:07:38 查询号码 【1626375】，GSD为【"山东-济宁"】

2024-04-30 03:07:39 开始第 6476 次操作

2024-04-30 03:07:39 开始操作号码 【1626376】
2024-04-30 03:07:46 GSD getOne 第 1 次 等待 3 秒
2024-04-30 03:07:49 查询号码 【1626376】，返回信息 {"status":"ok","msg":"山东-济宁","gid":"203728","time_insert":"2021-07-06 05:57"}
2024-04-30 03:07:49 查询号码 【1626376】，GSD为【"山东-济宁"】

