2023-12-30 00:11:47 开始第 6089 次操作

2023-12-30 00:11:47 开始操作号码 【1845988】
2023-12-30 00:11:51 GSD getOne 第 1 次 等待 3 秒
2023-12-30 00:11:54 查询号码 【1845988】，返回信息 {"status":"ok","msg":"福建-三明","gid":"442365","time_insert":"2021-07-30 07:57"}
2023-12-30 00:11:54 查询号码 【1845988】，GSD为【"福建-三明"】

2023-12-30 00:11:55 开始第 6090 次操作

2023-12-30 00:11:55 开始操作号码 【1845989】
2023-12-30 00:11:59 GSD getOne 第 1 次 等待 3 秒
2023-12-30 00:12:02 查询号码 【1845989】，返回信息 {"status":"ok","msg":"福建-三明","gid":"442356","time_insert":"2021-07-30 07:57"}
2023-12-30 00:12:02 查询号码 【1845989】，GSD为【"福建-三明"】

2023-12-30 00:12:03 开始第 6091 次操作

2023-12-30 00:12:03 开始操作号码 【1845990】
2023-12-30 00:12:07 GSD getOne 第 1 次 等待 3 秒
2023-12-30 00:12:10 查询号码 【1845990】，返回信息 {"status":"ok","msg":"福建-南平","gid":"442347","time_insert":"2021-07-30 07:56"}
2023-12-30 00:12:10 查询号码 【1845990】，GSD为【"福建-南平"】

2023-12-30 00:12:11 开始第 6092 次操作

2023-12-30 00:12:11 开始操作号码 【1845991】
2023-12-30 00:12:18 GSD getOne 第 1 次 等待 3 秒
2023-12-30 00:12:21 查询号码 【1845991】，返回信息 {"status":"ok","msg":"福建-南平","gid":"442337","time_insert":"2021-07-30 07:55"}
2023-12-30 00:12:21 查询号码 【1845991】，GSD为【"福建-南平"】

2023-12-30 00:37:12 开始第 6093 次操作

2023-12-30 00:37:12 开始操作号码 【1845992】
2023-12-30 00:37:18 GSD getOne 第 1 次 等待 3 秒
2023-12-30 00:37:21 查询号码 【1845992】，返回信息 {"status":"ok","msg":"福建-南平","gid":"442328","time_insert":"2021-07-30 07:55"}
2023-12-30 00:37:21 查询号码 【1845992】，GSD为【"福建-南平"】

2023-12-30 00:37:22 开始第 6094 次操作

2023-12-30 00:37:22 开始操作号码 【1845993】
2023-12-30 00:37:27 GSD getOne 第 1 次 等待 3 秒
2023-12-30 00:37:30 查询号码 【1845993】，返回信息 {"status":"ok","msg":"福建-南平","gid":"442319","time_insert":"2021-07-30 07:54"}
2023-12-30 00:37:30 查询号码 【1845993】，GSD为【"福建-南平"】

2023-12-30 00:37:31 开始第 6095 次操作

2023-12-30 00:37:31 开始操作号码 【1845994】
2023-12-30 00:37:38 GSD getOne 第 1 次 等待 3 秒
2023-12-30 00:37:41 查询号码 【1845994】，返回信息 {"status":"ok","msg":"福建-南平","gid":"442307","time_insert":"2021-07-30 07:54"}
2023-12-30 00:37:41 查询号码 【1845994】，GSD为【"福建-南平"】

2023-12-30 00:37:42 开始第 6096 次操作

2023-12-30 00:37:42 开始操作号码 【1845995】
2023-12-30 00:37:47 GSD getOne 第 1 次 等待 3 秒
2023-12-30 00:37:50 查询号码 【1845995】，返回信息 {"status":"ok","msg":"福建-南平","gid":"442296","time_insert":"2021-07-30 07:53"}
2023-12-30 00:37:50 查询号码 【1845995】，GSD为【"福建-南平"】

