2024-09-12 00:27:23 开始第 3861 次操作

2024-09-12 00:27:23 开始操作号码 【1403860】
2024-09-12 00:27:33 GSD getOne 第 1 次 等待 3 秒
2024-09-12 00:27:36 查询号码 【1403860】，返回信息 {"status":"ok","msg":"-","gid":"594587","time_insert":"2023-03-16 14:38"}
2024-09-12 00:27:36 查询号码 【1403860】，GSD为【"-"】
2024-09-12 00:27:36 ok && -
2024-09-12 00:27:40 CHB 1403860?1726072056 第 1 次 等待 3 秒
2024-09-12 00:27:43 CHB 1403860?1726072056 第 1 次 获取到号码【1403860】GSD
2024-09-12 00:27:43 未获取到号码【1403860】GSD，可能号码格式错误
2024-09-12 00:27:43 获取到号码【1403860】的GSD为【-】
2024-09-12 00:27:56 GSD insert 第 1 次 等待 3 秒
2024-09-12 00:27:59 {"status":"bad","gid":"594587","msg":"添加失败！号码【1403860(-|-)】已存在！"}
2024-09-12 00:27:59 随机等待 146 秒，约 2 分钟
2024-09-12 00:27:59 下次操作: 2024-09-12 00:30:25

2024-09-12 00:30:25 开始第 3862 次操作

2024-09-12 00:30:25 开始操作号码 【1403861】
2024-09-12 00:30:33 GSD getOne 第 1 次 等待 3 秒
2024-09-12 00:30:36 查询号码 【1403861】，返回信息 {"status":"ok","msg":"-","gid":"594607","time_insert":"2023-03-16 14:50"}
2024-09-12 00:30:36 查询号码 【1403861】，GSD为【"-"】
2024-09-12 00:30:36 ok && -
2024-09-12 00:30:38 CHB 1403861?1726072236 第 1 次 等待 3 秒
2024-09-12 00:30:41 CHB 1403861?1726072236 第 1 次 获取到号码【1403861】GSD
2024-09-12 00:30:41 未获取到号码【1403861】GSD，可能号码格式错误
2024-09-12 00:30:41 获取到号码【1403861】的GSD为【-】
2024-09-12 00:30:49 GSD insert 第 1 次 等待 3 秒
2024-09-12 00:30:52 {"status":"bad","gid":"594607","msg":"添加失败！号码【1403861(-|-)】已存在！"}
2024-09-12 00:30:52 随机等待 141 秒，约 2 分钟
2024-09-12 00:30:52 下次操作: 2024-09-12 00:33:13

2024-09-12 00:33:13 开始第 3863 次操作

2024-09-12 00:33:13 开始操作号码 【1403862】
2024-09-12 00:33:21 GSD getOne 第 1 次 等待 3 秒
2024-09-12 00:33:24 查询号码 【1403862】，返回信息 {"status":"ok","msg":"-","gid":"594627","time_insert":"2023-03-16 15:02"}
2024-09-12 00:33:24 查询号码 【1403862】，GSD为【"-"】
2024-09-12 00:33:24 ok && -
2024-09-12 00:33:26 CHB 1403862?1726072404 第 1 次 等待 3 秒
2024-09-12 00:33:29 CHB 1403862?1726072404 第 1 次 获取到号码【1403862】GSD
2024-09-12 00:33:29 未获取到号码【1403862】GSD，可能号码格式错误
2024-09-12 00:33:29 获取到号码【1403862】的GSD为【-】
2024-09-12 00:33:37 GSD insert 第 1 次 等待 3 秒
2024-09-12 00:33:40 {"status":"bad","gid":"594627","msg":"添加失败！号码【1403862(-|-)】已存在！"}
2024-09-12 00:33:40 随机等待 179 秒，约 2 分钟
2024-09-12 00:33:40 下次操作: 2024-09-12 00:36:39

2024-09-12 00:36:39 开始第 3864 次操作

2024-09-12 00:36:39 开始操作号码 【1403863】
2024-09-12 00:36:46 GSD getOne 第 1 次 等待 3 秒
2024-09-12 00:36:49 查询号码 【1403863】，返回信息 {"status":"ok","msg":"-","gid":"594652","time_insert":"2023-03-16 15:21"}
2024-09-12 00:36:49 查询号码 【1403863】，GSD为【"-"】
2024-09-12 00:36:49 ok && -
2024-09-12 00:36:51 CHB 1403863?1726072609 第 1 次 等待 3 秒
2024-09-12 00:36:54 CHB 1403863?1726072609 第 1 次 获取到号码【1403863】GSD
2024-09-12 00:36:54 未获取到号码【1403863】GSD，可能号码格式错误
2024-09-12 00:36:54 获取到号码【1403863】的GSD为【-】
2024-09-12 00:37:01 GSD insert 第 1 次 等待 3 秒
2024-09-12 00:37:04 {"status":"bad","gid":"594652","msg":"添加失败！号码【1403863(-|-)】已存在！"}

2024-09-12 00:45:45 开始第 3865 次操作

2024-09-12 00:45:45 开始操作号码 【1403864】
2024-09-12 00:45:57 GSD getOne 第 1 次 等待 3 秒
2024-09-12 00:46:00 查询号码 【1403864】，返回信息 {"status":"ok","msg":"-","gid":"594684","time_insert":"2023-03-16 15:40"}
2024-09-12 00:46:00 查询号码 【1403864】，GSD为【"-"】
2024-09-12 00:46:00 ok && -
2024-09-12 00:46:02 CHB 1403864?1726073160 第 1 次 等待 3 秒
2024-09-12 00:46:05 CHB 1403864?1726073160 第 1 次 获取到号码【1403864】GSD
2024-09-12 00:46:05 未获取到号码【1403864】GSD，可能号码格式错误
2024-09-12 00:46:05 获取到号码【1403864】的GSD为【-】
2024-09-12 00:46:14 GSD insert 第 1 次 等待 3 秒
2024-09-12 00:46:17 {"status":"bad","gid":"594684","msg":"添加失败！号码【1403864(-|-)】已存在！"}
2024-09-12 00:46:17 随机等待 219 秒，约 3 分钟
2024-09-12 00:46:17 下次操作: 2024-09-12 00:49:56

2024-09-12 00:49:56 开始第 3866 次操作

2024-09-12 00:49:56 开始操作号码 【1403865】
2024-09-12 00:50:06 GSD getOne 第 1 次 等待 3 秒
2024-09-12 00:50:09 查询号码 【1403865】，返回信息 {"status":"ok","msg":"-","gid":"594721","time_insert":"2023-03-16 15:57"}
2024-09-12 00:50:10 查询号码 【1403865】，GSD为【"-"】
2024-09-12 00:50:10 ok && -
2024-09-12 00:50:13 CHB 1403865?1726073410 第 1 次 等待 3 秒
2024-09-12 00:50:16 CHB 1403865?1726073410 第 1 次 获取到号码【1403865】GSD
2024-09-12 00:50:16 未获取到号码【1403865】GSD，可能号码格式错误
2024-09-12 00:50:16 获取到号码【1403865】的GSD为【-】
2024-09-12 00:50:24 GSD insert 第 1 次 等待 3 秒
2024-09-12 00:50:27 {"status":"bad","gid":"594721","msg":"添加失败！号码【1403865(-|-)】已存在！"}
2024-09-12 00:50:27 随机等待 234 秒，约 3 分钟
2024-09-12 00:50:27 下次操作: 2024-09-12 00:54:21

2024-09-12 00:54:21 开始第 3867 次操作

2024-09-12 00:54:21 开始操作号码 【1403866】
2024-09-12 00:54:29 GSD getOne 第 1 次 等待 3 秒
2024-09-12 00:54:32 查询号码 【1403866】，返回信息 {"status":"ok","msg":"-","gid":"594742","time_insert":"2023-03-16 16:15"}
2024-09-12 00:54:32 查询号码 【1403866】，GSD为【"-"】
2024-09-12 00:54:32 ok && -
2024-09-12 00:54:35 CHB 1403866?1726073672 第 1 次 等待 3 秒
2024-09-12 00:54:38 CHB 1403866?1726073672 第 1 次 获取到号码【1403866】GSD
2024-09-12 00:54:38 未获取到号码【1403866】GSD，可能号码格式错误
2024-09-12 00:54:38 获取到号码【1403866】的GSD为【-】
2024-09-12 00:54:46 GSD insert 第 1 次 等待 3 秒
2024-09-12 00:54:49 {"status":"bad","gid":"594742","msg":"添加失败！号码【1403866(-|-)】已存在！"}
2024-09-12 00:54:49 随机等待 183 秒，约 3 分钟
2024-09-12 00:54:49 下次操作: 2024-09-12 00:57:52

2024-09-12 00:57:52 开始第 3868 次操作

2024-09-12 00:57:52 开始操作号码 【1403867】
2024-09-12 00:58:00 GSD getOne 第 1 次 等待 3 秒
2024-09-12 00:58:03 查询号码 【1403867】，返回信息 {"status":"ok","msg":"-","gid":"594778","time_insert":"2023-03-16 16:38"}
2024-09-12 00:58:03 查询号码 【1403867】，GSD为【"-"】
2024-09-12 00:58:03 ok && -
2024-09-12 00:58:05 CHB 1403867?1726073883 第 1 次 等待 3 秒
2024-09-12 00:58:08 CHB 1403867?1726073883 第 1 次 获取到号码【1403867】GSD
2024-09-12 00:58:08 未获取到号码【1403867】GSD，可能号码格式错误
2024-09-12 00:58:08 获取到号码【1403867】的GSD为【-】
2024-09-12 00:58:16 GSD insert 第 1 次 等待 3 秒
2024-09-12 00:58:19 {"status":"bad","gid":"594778","msg":"添加失败！号码【1403867(-|-)】已存在！"}

