2024-07-03 00:13:02 开始第 4053 次操作

2024-07-03 00:13:02 开始操作号码 【1513943】
2024-07-03 00:13:14 GSD getOne 第 1 次 等待 3 秒
2024-07-03 00:13:17 查询号码 【1513943】，返回信息 {"status":"ok","msg":"河南-周口","gid":"239234","time_insert":"2021-07-10 11:56"}
2024-07-03 00:13:17 查询号码 【1513943】，GSD为【"河南-周口"】

2024-07-03 00:13:18 开始第 4054 次操作

2024-07-03 00:13:18 开始操作号码 【1513944】
2024-07-03 00:13:26 GSD getOne 第 1 次 等待 3 秒
2024-07-03 00:13:29 查询号码 【1513944】，返回信息 {"status":"ok","msg":"河南-周口","gid":"54173","time_insert":"2020-04-25 18:29"}
2024-07-03 00:13:29 查询号码 【1513944】，GSD为【"河南-周口"】

2024-07-03 00:13:30 开始第 4055 次操作

2024-07-03 00:13:30 开始操作号码 【1513945】
2024-07-03 00:13:38 GSD getOne 第 1 次 等待 3 秒
2024-07-03 00:13:41 查询号码 【1513945】，返回信息 {"status":"ok","msg":"河南-周口","gid":"17336","time_insert":"2017-05-04 09:54","time_update":"2020-09-12 14:22"}
2024-07-03 00:13:41 查询号码 【1513945】，GSD为【"河南-周口"】

2024-07-03 00:13:42 开始第 4056 次操作

2024-07-03 00:13:42 开始操作号码 【1513946】
2024-07-03 00:13:50 GSD getOne 第 1 次 等待 3 秒
2024-07-03 00:13:53 查询号码 【1513946】，返回信息 {"status":"ok","msg":"河南-周口","gid":"54174","time_insert":"2021-01-20 20:33"}
2024-07-03 00:13:53 查询号码 【1513946】，GSD为【"河南-周口"】

2024-07-03 00:39:17 开始第 4057 次操作

2024-07-03 00:39:17 开始操作号码 【1513947】
2024-07-03 00:39:28 GSD getOne 第 1 次 等待 3 秒
2024-07-03 00:39:31 查询号码 【1513947】，返回信息 {"status":"ok","msg":"河南-周口","gid":"54175","time_insert":"2021-03-19 13:47"}
2024-07-03 00:39:31 查询号码 【1513947】，GSD为【"河南-周口"】

2024-07-03 00:39:32 开始第 4058 次操作

2024-07-03 00:39:32 开始操作号码 【1513948】
2024-07-03 00:39:40 GSD getOne 第 1 次 等待 3 秒
2024-07-03 00:39:43 查询号码 【1513948】，返回信息 {"status":"ok","msg":"河南-周口","gid":"239343","time_insert":"2021-07-10 12:16"}
2024-07-03 00:39:43 查询号码 【1513948】，GSD为【"河南-周口"】

2024-07-03 00:39:44 开始第 4059 次操作

2024-07-03 00:39:44 开始操作号码 【1513949】
2024-07-03 00:39:53 GSD getOne 第 1 次 等待 3 秒
2024-07-03 00:39:56 查询号码 【1513949】，返回信息 {"status":"ok","msg":"河南-周口","gid":"239369","time_insert":"2021-07-10 12:31"}
2024-07-03 00:39:56 查询号码 【1513949】，GSD为【"河南-周口"】

2024-07-03 00:39:57 开始第 4060 次操作

2024-07-03 00:39:57 开始操作号码 【1513950】
2024-07-03 00:40:05 GSD getOne 第 1 次 等待 3 秒
2024-07-03 00:40:08 查询号码 【1513950】，返回信息 {"status":"ok","msg":"河南-漯河","gid":"54176","time_insert":"2020-12-30 20:17"}
2024-07-03 00:40:08 查询号码 【1513950】，GSD为【"河南-漯河"】

2024-07-03 01:09:15 开始第 4061 次操作

2024-07-03 01:09:15 开始操作号码 【1513951】
2024-07-03 01:09:24 GSD getOne 第 1 次 等待 3 秒
2024-07-03 01:09:27 查询号码 【1513951】，返回信息 {"status":"ok","msg":"河南-漯河","gid":"239388","time_insert":"2021-07-10 12:43"}
2024-07-03 01:09:27 查询号码 【1513951】，GSD为【"河南-漯河"】

2024-07-03 01:09:28 开始第 4062 次操作

2024-07-03 01:09:28 开始操作号码 【1513952】
2024-07-03 01:09:36 GSD getOne 第 1 次 等待 3 秒
2024-07-03 01:09:39 查询号码 【1513952】，返回信息 {"status":"ok","msg":"河南-漯河","gid":"239510","time_insert":"2021-07-10 12:57"}
2024-07-03 01:09:39 查询号码 【1513952】，GSD为【"河南-漯河"】

2024-07-03 01:09:40 开始第 4063 次操作

2024-07-03 01:09:40 开始操作号码 【1513953】
2024-07-03 01:09:48 GSD getOne 第 1 次 等待 3 秒
2024-07-03 01:09:51 查询号码 【1513953】，返回信息 {"status":"ok","msg":"河南-漯河","gid":"239618","time_insert":"2021-07-10 13:07"}
2024-07-03 01:09:51 查询号码 【1513953】，GSD为【"河南-漯河"】

2024-07-03 01:09:52 开始第 4064 次操作

2024-07-03 01:09:52 开始操作号码 【1513954】
2024-07-03 01:10:06 GSD getOne 第 1 次 等待 3 秒
2024-07-03 01:10:09 查询号码 【1513954】，返回信息 {"status":"ok","msg":"河南-漯河","gid":"239683","time_insert":"2021-07-10 13:19"}
2024-07-03 01:10:09 查询号码 【1513954】，GSD为【"河南-漯河"】

