2024-08-29 00:26:48 开始第 1637 次操作

2024-08-29 00:26:48 开始操作号码 【1401636】
2024-08-29 00:26:56 GSD getOne 第 1 次 等待 3 秒
2024-08-29 00:26:59 查询号码 【1401636】，返回信息 {"status":"ok","msg":"-","gid":"544795","time_insert":"2023-02-21 12:03"}
2024-08-29 00:26:59 查询号码 【1401636】，GSD为【"-"】
2024-08-29 00:26:59 ok && -
2024-08-29 00:27:02 CHB 1401636?1724862419 第 1 次 等待 3 秒
2024-08-29 00:27:05 CHB 1401636?1724862419 第 1 次 获取到号码【1401636】GSD
2024-08-29 00:27:05 未获取到号码【1401636】GSD，可能号码格式错误
2024-08-29 00:27:05 获取到号码【1401636】的GSD为【-】
2024-08-29 00:27:12 GSD insert 第 1 次 等待 3 秒
2024-08-29 00:27:15 {"status":"bad","gid":"544795","msg":"添加失败！号码【1401636(-|-)】已存在！"}
2024-08-29 00:27:15 随机等待 234 秒，约 3 分钟
2024-08-29 00:27:15 下次操作: 2024-08-29 00:31:09

2024-08-29 00:31:09 开始第 1638 次操作

2024-08-29 00:31:09 开始操作号码 【1401637】
2024-08-29 00:31:18 GSD getOne 第 1 次 等待 3 秒
2024-08-29 00:31:21 查询号码 【1401637】，返回信息 {"status":"ok","msg":"-","gid":"544813","time_insert":"2023-02-21 12:15"}
2024-08-29 00:31:21 查询号码 【1401637】，GSD为【"-"】
2024-08-29 00:31:21 ok && -
2024-08-29 00:31:23 CHB 1401637?1724862681 第 1 次 等待 3 秒
2024-08-29 00:31:26 CHB 1401637?1724862681 第 1 次 获取到号码【1401637】GSD
2024-08-29 00:31:26 未获取到号码【1401637】GSD，可能号码格式错误
2024-08-29 00:31:26 获取到号码【1401637】的GSD为【-】
2024-08-29 00:31:37 GSD insert 第 1 次 等待 3 秒
2024-08-29 00:31:40 {"status":"bad","gid":"544813","msg":"添加失败！号码【1401637(-|-)】已存在！"}
2024-08-29 00:31:40 随机等待 180 秒，约 3 分钟
2024-08-29 00:31:40 下次操作: 2024-08-29 00:34:40

2024-08-29 00:34:40 开始第 1639 次操作

2024-08-29 00:34:40 开始操作号码 【1401638】
2024-08-29 00:34:48 GSD getOne 第 1 次 等待 3 秒
2024-08-29 00:34:51 查询号码 【1401638】，返回信息 {"status":"ok","msg":"-","gid":"544836","time_insert":"2023-02-21 12:32"}
2024-08-29 00:34:51 查询号码 【1401638】，GSD为【"-"】
2024-08-29 00:34:51 ok && -
2024-08-29 00:34:55 CHB 1401638?1724862891 第 1 次 等待 3 秒
2024-08-29 00:34:58 CHB 1401638?1724862891 第 1 次 获取到号码【1401638】GSD
2024-08-29 00:34:58 未获取到号码【1401638】GSD，可能号码格式错误
2024-08-29 00:34:58 获取到号码【1401638】的GSD为【-】
2024-08-29 00:35:06 GSD insert 第 1 次 等待 3 秒
2024-08-29 00:35:09 {"status":"bad","gid":"544836","msg":"添加失败！号码【1401638(-|-)】已存在！"}
2024-08-29 00:35:09 随机等待 135 秒，约 2 分钟
2024-08-29 00:35:09 下次操作: 2024-08-29 00:37:24

2024-08-29 00:37:24 开始第 1640 次操作

2024-08-29 00:37:24 开始操作号码 【1401639】
2024-08-29 00:37:32 GSD getOne 第 1 次 等待 3 秒
2024-08-29 00:37:35 查询号码 【1401639】，返回信息 {"status":"ok","msg":"-","gid":"544854","time_insert":"2023-02-21 12:41"}
2024-08-29 00:37:35 查询号码 【1401639】，GSD为【"-"】
2024-08-29 00:37:35 ok && -
2024-08-29 00:37:37 CHB 1401639?1724863055 第 1 次 等待 3 秒
2024-08-29 00:37:40 CHB 1401639?1724863055 第 1 次 获取到号码【1401639】GSD
2024-08-29 00:37:40 未获取到号码【1401639】GSD，可能号码格式错误
2024-08-29 00:37:40 获取到号码【1401639】的GSD为【-】
2024-08-29 00:37:48 GSD insert 第 1 次 等待 3 秒
2024-08-29 00:37:51 {"status":"bad","gid":"544854","msg":"添加失败！号码【1401639(-|-)】已存在！"}

