2023-10-05 00:11:15 开始第 1585 次操作

2023-10-05 00:11:15 开始操作号码 【1941584】
2023-10-05 00:11:18 GSD getOne 第 1 次 等待 3 秒
2023-10-05 00:11:21 查询号码 【1941584】，返回信息 {"status":"ok","msg":"-","gid":"577517","time_insert":"2023-03-08 12:12"}
2023-10-05 00:11:22 查询号码 【1941584】，GSD为【"-"】
2023-10-05 00:11:22 ok && -
2023-10-05 00:11:24 CHB 1941584?1696435882 第 1 次 等待 3 秒
2023-10-05 00:11:27 CHB 1941584?1696435882 第 1 次 获取到号码【1941584】GSD
2023-10-05 00:11:27 未获取到号码【1941584】GSD，可能号码格式错误
2023-10-05 00:11:27 获取到号码【1941584】的GSD为【-】
2023-10-05 00:11:31 GSD insert 第 1 次 等待 3 秒
2023-10-05 00:11:34 {"status":"bad","gid":"577517","msg":"添加失败！号码【1941584(-|-)】已存在！"}
2023-10-05 00:11:34 随机等待 161 秒，约 2 分钟
2023-10-05 00:11:34 下次操作: 2023-10-05 00:14:15

2023-10-05 00:14:15 开始第 1586 次操作

2023-10-05 00:14:15 开始操作号码 【1941585】
2023-10-05 00:14:17 GSD getOne 第 1 次 等待 3 秒
2023-10-05 00:14:20 查询号码 【1941585】，返回信息 {"status":"ok","msg":"-","gid":"577539","time_insert":"2023-03-08 12:30"}
2023-10-05 00:14:20 查询号码 【1941585】，GSD为【"-"】
2023-10-05 00:14:20 ok && -
2023-10-05 00:14:22 CHB 1941585?1696436060 第 1 次 等待 3 秒
2023-10-05 00:14:25 CHB 1941585?1696436060 第 1 次 获取到号码【1941585】GSD
2023-10-05 00:14:25 未获取到号码【1941585】GSD，可能号码格式错误
2023-10-05 00:14:25 获取到号码【1941585】的GSD为【-】
2023-10-05 00:14:32 GSD insert 第 1 次 等待 3 秒
2023-10-05 00:14:35 {"status":"bad","gid":"577539","msg":"添加失败！号码【1941585(-|-)】已存在！"}
2023-10-05 00:14:35 随机等待 130 秒，约 2 分钟
2023-10-05 00:14:35 下次操作: 2023-10-05 00:16:45

2023-10-05 00:16:45 开始第 1587 次操作

2023-10-05 00:16:45 开始操作号码 【1941586】
2023-10-05 00:16:49 GSD getOne 第 1 次 等待 3 秒
2023-10-05 00:16:52 查询号码 【1941586】，返回信息 {"status":"ok","msg":"-","gid":"577568","time_insert":"2023-03-08 12:49"}
2023-10-05 00:16:52 查询号码 【1941586】，GSD为【"-"】
2023-10-05 00:16:52 ok && -
2023-10-05 00:16:54 CHB 1941586?1696436212 第 1 次 等待 3 秒
2023-10-05 00:16:57 CHB 1941586?1696436212 第 1 次 获取到号码【1941586】GSD
2023-10-05 00:16:58 未获取到号码【1941586】GSD，可能号码格式错误
2023-10-05 00:16:58 获取到号码【1941586】的GSD为【-】
2023-10-05 00:17:01 GSD insert 第 1 次 等待 3 秒
2023-10-05 00:17:04 {"status":"bad","gid":"577568","msg":"添加失败！号码【1941586(-|-)】已存在！"}
2023-10-05 00:17:04 随机等待 155 秒，约 2 分钟
2023-10-05 00:17:04 下次操作: 2023-10-05 00:19:39

2023-10-05 00:19:39 开始第 1588 次操作

2023-10-05 00:19:39 开始操作号码 【1941587】
2023-10-05 00:19:42 GSD getOne 第 1 次 等待 3 秒
2023-10-05 00:19:45 查询号码 【1941587】，返回信息 {"status":"ok","msg":"-","gid":"577600","time_insert":"2023-03-08 13:09"}
2023-10-05 00:19:45 查询号码 【1941587】，GSD为【"-"】
2023-10-05 00:19:45 ok && -
2023-10-05 00:19:47 CHB 1941587?1696436385 第 1 次 等待 3 秒
2023-10-05 00:19:50 CHB 1941587?1696436385 第 1 次 获取到号码【1941587】GSD
2023-10-05 00:19:50 未获取到号码【1941587】GSD，可能号码格式错误
2023-10-05 00:19:50 获取到号码【1941587】的GSD为【-】
2023-10-05 00:19:55 GSD insert 第 1 次 等待 3 秒
2023-10-05 00:19:58 {"status":"bad","gid":"577600","msg":"添加失败！号码【1941587(-|-)】已存在！"}

