2024-01-04 00:11:09 开始第 7005 次操作

2024-01-04 00:11:09 开始操作号码 【1846904】
2024-01-04 00:11:12 GSD getOne 第 1 次 等待 3 秒
2024-01-04 00:11:15 查询号码 【1846904】，返回信息 {"status":"ok","msg":"云南-曲靖","gid":"431962","time_insert":"2021-07-29 09:53"}
2024-01-04 00:11:15 查询号码 【1846904】，GSD为【"云南-曲靖"】

2024-01-04 00:11:16 开始第 7006 次操作

2024-01-04 00:11:16 开始操作号码 【1846905】
2024-01-04 00:11:20 GSD getOne 第 1 次 等待 3 秒
2024-01-04 00:11:23 查询号码 【1846905】，返回信息 {"status":"ok","msg":"云南-曲靖","gid":"431956","time_insert":"2021-07-29 09:53"}
2024-01-04 00:11:23 查询号码 【1846905】，GSD为【"云南-曲靖"】

2024-01-04 00:11:24 开始第 7007 次操作

2024-01-04 00:11:24 开始操作号码 【1846906】
2024-01-04 00:11:26 GSD getOne 第 1 次 等待 3 秒
2024-01-04 00:11:29 查询号码 【1846906】，返回信息 {"status":"ok","msg":"云南-曲靖","gid":"431950","time_insert":"2021-07-29 09:52"}
2024-01-04 00:11:29 查询号码 【1846906】，GSD为【"云南-曲靖"】

2024-01-04 00:11:30 开始第 7008 次操作

2024-01-04 00:11:30 开始操作号码 【1846907】
2024-01-04 00:11:33 GSD getOne 第 1 次 等待 3 秒
2024-01-04 00:11:36 查询号码 【1846907】，返回信息 {"status":"ok","msg":"云南-曲靖","gid":"431943","time_insert":"2021-07-29 09:51"}
2024-01-04 00:11:36 查询号码 【1846907】，GSD为【"云南-曲靖"】

