2024-06-26 00:12:27 开始第 2781 次操作

2024-06-26 00:12:27 开始操作号码 【1512672】
2024-06-26 00:12:43 GSD getOne 第 1 次 等待 3 秒
2024-06-26 00:12:46 查询号码 【1512672】，返回信息 {"status":"ok","msg":"云南-文山","gid":"17228","time_insert":"2018-08-06 18:28","time_update":"2020-11-29 13:36"}
2024-06-26 00:12:46 查询号码 【1512672】，GSD为【"云南-文山"】

2024-06-26 00:12:47 开始第 2782 次操作

2024-06-26 00:12:47 开始操作号码 【1512673】
2024-06-26 00:13:06 GSD getOne 第 1 次 等待 3 秒
2024-06-26 00:13:09 查询号码 【1512673】，返回信息 {"status":"ok","msg":"云南-文山","gid":"17229","time_insert":"2017-07-23 07:51","time_update":"2020-11-29 13:40"}
2024-06-26 00:13:10 查询号码 【1512673】，GSD为【"云南-文山"】

2024-06-26 00:13:11 开始第 2783 次操作

2024-06-26 00:13:11 开始操作号码 【1512674】
2024-06-26 00:13:28 GSD getOne 第 1 次 等待 3 秒
2024-06-26 00:13:31 查询号码 【1512674】，返回信息 {"status":"ok","msg":"云南-文山","gid":"145458","time_insert":"2021-06-28 09:48","time_update":"2021-06-28 14:16"}
2024-06-26 00:13:31 查询号码 【1512674】，GSD为【"云南-文山"】

2024-06-26 00:13:32 开始第 2784 次操作

2024-06-26 00:13:32 开始操作号码 【1512675】
2024-06-26 00:13:47 GSD getOne 第 1 次 等待 3 秒
2024-06-26 00:13:50 查询号码 【1512675】，返回信息 {"status":"ok","msg":"云南-文山","gid":"17230","time_insert":"2017-09-27 20:00","time_update":"2020-11-29 13:44"}
2024-06-26 00:13:50 查询号码 【1512675】，GSD为【"云南-文山"】

