2024-01-30 00:09:53 开始第 897 次操作

2024-01-30 00:09:53 开始操作号码 【1730796】
2024-01-30 00:09:58 GSD getOne 第 1 次 等待 3 秒
2024-01-30 00:10:01 查询号码 【1730796】，返回信息 {"status":"ok","msg":"江西-吉安","gid":"141336","time_insert":"2021-06-27 19:35"}
2024-01-30 00:10:01 查询号码 【1730796】，GSD为【"江西-吉安"】

2024-01-30 00:10:02 开始第 898 次操作

2024-01-30 00:10:02 开始操作号码 【1730797】
2024-01-30 00:10:08 GSD getOne 第 1 次 等待 3 秒
2024-01-30 00:10:11 查询号码 【1730797】，返回信息 {"status":"ok","msg":"江西-赣州","gid":"141340","time_insert":"2021-06-27 19:36"}
2024-01-30 00:10:11 查询号码 【1730797】，GSD为【"江西-赣州"】

2024-01-30 00:10:12 开始第 899 次操作

2024-01-30 00:10:12 开始操作号码 【1730798】
2024-01-30 00:10:17 GSD getOne 第 1 次 等待 3 秒
2024-01-30 00:10:20 查询号码 【1730798】，返回信息 {"status":"ok","msg":"江西-景德镇","gid":"141350","time_insert":"2021-06-27 19:36"}
2024-01-30 00:10:20 查询号码 【1730798】，GSD为【"江西-景德镇"】

2024-01-30 00:10:21 开始第 900 次操作

2024-01-30 00:10:21 开始操作号码 【1730799】
2024-01-30 00:10:26 GSD getOne 第 1 次 等待 3 秒
2024-01-30 00:10:29 查询号码 【1730799】，返回信息 {"status":"ok","msg":"江西-萍乡","gid":"141358","time_insert":"2021-06-27 19:37"}
2024-01-30 00:10:29 查询号码 【1730799】，GSD为【"江西-萍乡"】

2024-01-30 00:35:35 开始第 901 次操作

2024-01-30 00:35:35 开始操作号码 【1730800】
2024-01-30 00:35:40 GSD getOne 第 1 次 等待 3 秒
2024-01-30 00:35:43 查询号码 【1730800】，返回信息 {"status":"ok","msg":"四川-成都","gid":"28845","time_insert":"2018-07-19 21:33","time_update":"2020-10-27 20:25"}
2024-01-30 00:35:43 查询号码 【1730800】，GSD为【"四川-成都"】

2024-01-30 00:35:44 开始第 902 次操作

2024-01-30 00:35:44 开始操作号码 【1730801】
2024-01-30 00:35:50 GSD getOne 第 1 次 等待 3 秒
2024-01-30 00:35:53 查询号码 【1730801】，返回信息 {"status":"ok","msg":"四川-成都","gid":"141375","time_insert":"2021-06-27 19:38"}
2024-01-30 00:35:53 查询号码 【1730801】，GSD为【"四川-成都"】

2024-01-30 00:35:54 开始第 903 次操作

2024-01-30 00:35:54 开始操作号码 【1730802】
2024-01-30 00:35:58 GSD getOne 第 1 次 等待 3 秒
2024-01-30 00:36:01 查询号码 【1730802】，返回信息 {"status":"ok","msg":"四川-成都","gid":"28846","time_insert":"2017-10-03 14:35","time_update":"2020-10-27 20:29"}
2024-01-30 00:36:01 查询号码 【1730802】，GSD为【"四川-成都"】

2024-01-30 00:36:02 开始第 904 次操作

2024-01-30 00:36:02 开始操作号码 【1730803】
2024-01-30 00:36:06 GSD getOne 第 1 次 等待 3 秒
2024-01-30 00:36:09 查询号码 【1730803】，返回信息 {"status":"ok","msg":"四川-成都","gid":"28847","time_insert":"2017-07-02 21:31","time_update":"2020-10-27 20:32"}
2024-01-30 00:36:09 查询号码 【1730803】，GSD为【"四川-成都"】

2024-01-30 01:08:17 开始第 905 次操作

2024-01-30 01:08:17 开始操作号码 【1730804】
2024-01-30 01:08:22 GSD getOne 第 1 次 等待 3 秒
2024-01-30 01:08:25 查询号码 【1730804】，返回信息 {"status":"ok","msg":"四川-成都","gid":"28848","time_insert":"2017-04-23 09:43","time_update":"2020-10-27 20:36"}
2024-01-30 01:08:25 查询号码 【1730804】，GSD为【"四川-成都"】

2024-01-30 01:08:26 开始第 906 次操作

2024-01-30 01:08:26 开始操作号码 【1730805】
2024-01-30 01:08:30 GSD getOne 第 1 次 等待 3 秒
2024-01-30 01:08:33 查询号码 【1730805】，返回信息 {"status":"ok","msg":"四川-成都","gid":"28849","time_insert":"2017-03-25 01:20","time_update":"2020-10-27 20:41"}
2024-01-30 01:08:33 查询号码 【1730805】，GSD为【"四川-成都"】

2024-01-30 01:08:34 开始第 907 次操作

2024-01-30 01:08:34 开始操作号码 【1730806】
2024-01-30 01:08:38 GSD getOne 第 1 次 等待 3 秒
2024-01-30 01:08:41 查询号码 【1730806】，返回信息 {"status":"ok","msg":"四川-成都","gid":"28850","time_insert":"2017-06-19 15:14","time_update":"2020-10-27 20:45"}
2024-01-30 01:08:41 查询号码 【1730806】，GSD为【"四川-成都"】

2024-01-30 01:08:42 开始第 908 次操作

2024-01-30 01:08:42 开始操作号码 【1730807】
2024-01-30 01:08:47 GSD getOne 第 1 次 等待 3 秒
2024-01-30 01:08:50 查询号码 【1730807】，返回信息 {"status":"ok","msg":"四川-成都","gid":"28851","time_insert":"2017-10-12 14:43","time_update":"2020-10-27 20:49"}
2024-01-30 01:08:50 查询号码 【1730807】，GSD为【"四川-成都"】

2024-01-30 01:32:49 开始第 909 次操作

2024-01-30 01:32:49 开始操作号码 【1730808】
2024-01-30 01:32:53 GSD getOne 第 1 次 等待 3 秒
2024-01-30 01:32:56 查询号码 【1730808】，返回信息 {"status":"ok","msg":"四川-成都","gid":"28852","time_insert":"2018-05-08 18:20","time_update":"2020-10-27 20:54"}
2024-01-30 01:32:56 查询号码 【1730808】，GSD为【"四川-成都"】

2024-01-30 01:32:57 开始第 910 次操作

2024-01-30 01:32:57 开始操作号码 【1730809】
2024-01-30 01:33:01 GSD getOne 第 1 次 等待 3 秒
2024-01-30 01:33:04 查询号码 【1730809】，返回信息 {"status":"ok","msg":"四川-成都","gid":"141414","time_insert":"2021-06-27 19:42"}
2024-01-30 01:33:04 查询号码 【1730809】，GSD为【"四川-成都"】

2024-01-30 01:33:05 开始第 911 次操作

2024-01-30 01:33:05 开始操作号码 【1730810】
2024-01-30 01:33:09 GSD getOne 第 1 次 等待 3 秒
2024-01-30 01:33:12 查询号码 【1730810】，返回信息 {"status":"ok","msg":"四川-成都","gid":"28853","time_insert":"2019-11-15 11:24","time_update":"2020-10-27 20:58"}
2024-01-30 01:33:12 查询号码 【1730810】，GSD为【"四川-成都"】

2024-01-30 01:33:13 开始第 912 次操作

2024-01-30 01:33:13 开始操作号码 【1730811】
2024-01-30 01:33:17 GSD getOne 第 1 次 等待 3 秒
2024-01-30 01:33:20 查询号码 【1730811】，返回信息 {"status":"ok","msg":"四川-绵阳","gid":"28854","time_insert":"2018-06-24 23:22","time_update":"2020-10-27 21:02"}
2024-01-30 01:33:20 查询号码 【1730811】，GSD为【"四川-绵阳"】

2024-01-30 02:10:11 开始第 913 次操作

2024-01-30 02:10:11 开始操作号码 【1730812】
2024-01-30 02:10:15 GSD getOne 第 1 次 等待 3 秒
2024-01-30 02:10:18 查询号码 【1730812】，返回信息 {"status":"ok","msg":"四川-攀枝花","gid":"141431","time_insert":"2021-06-27 19:43"}
2024-01-30 02:10:18 查询号码 【1730812】，GSD为【"四川-攀枝花"】

2024-01-30 02:10:19 开始第 914 次操作

2024-01-30 02:10:19 开始操作号码 【1730813】
2024-01-30 02:10:23 GSD getOne 第 1 次 等待 3 秒
2024-01-30 02:10:26 查询号码 【1730813】，返回信息 {"status":"ok","msg":"四川-自贡","gid":"141442","time_insert":"2021-06-27 19:44"}
2024-01-30 02:10:26 查询号码 【1730813】，GSD为【"四川-自贡"】

2024-01-30 02:10:27 开始第 915 次操作

2024-01-30 02:10:27 开始操作号码 【1730814】
2024-01-30 02:10:32 GSD getOne 第 1 次 等待 3 秒
2024-01-30 02:10:35 查询号码 【1730814】，返回信息 {"status":"ok","msg":"四川-攀枝花","gid":"141455","time_insert":"2021-06-27 19:45"}
2024-01-30 02:10:35 查询号码 【1730814】，GSD为【"四川-攀枝花"】

2024-01-30 02:10:36 开始第 916 次操作

2024-01-30 02:10:36 开始操作号码 【1730815】
2024-01-30 02:10:40 GSD getOne 第 1 次 等待 3 秒
2024-01-30 02:10:43 查询号码 【1730815】，返回信息 {"status":"ok","msg":"四川-绵阳","gid":"28855","time_insert":"2018-08-21 11:16","time_update":"2020-10-27 21:06"}
2024-01-30 02:10:43 查询号码 【1730815】，GSD为【"四川-绵阳"】

