2024-09-28 00:27:58 开始第 6509 次操作

2024-09-28 00:27:58 开始操作号码 【1406507】
2024-09-28 00:28:01 GSD getOne 第 1 次 等待 3 秒
2024-09-28 00:28:04 查询号码 【1406507】，返回信息 {"status":"ok","msg":"-","gid":"656404","time_insert":"2023-04-15 16:55"}
2024-09-28 00:28:04 查询号码 【1406507】，GSD为【"-"】
2024-09-28 00:28:04 ok && -
2024-09-28 00:28:06 CHB 1406507?1727454484 第 1 次 等待 3 秒
2024-09-28 00:28:09 CHB 1406507?1727454484 第 1 次 获取到号码【1406507】GSD
2024-09-28 00:28:09 未获取到号码【1406507】GSD，可能号码格式错误
2024-09-28 00:28:09 获取到号码【1406507】的GSD为【-】
2024-09-28 00:28:11 GSD insert 第 1 次 等待 3 秒
2024-09-28 00:28:14 {"status":"bad","gid":"656404","msg":"添加失败！号码【1406507(-|-)】已存在！"}
2024-09-28 00:28:14 随机等待 223 秒，约 3 分钟
2024-09-28 00:28:14 下次操作: 2024-09-28 00:31:57

2024-09-28 00:31:57 开始第 6510 次操作

2024-09-28 00:31:57 开始操作号码 【1406508】
2024-09-28 00:32:00 GSD getOne 第 1 次 等待 3 秒
2024-09-28 00:32:03 查询号码 【1406508】，返回信息 {"status":"ok","msg":"-","gid":"656424","time_insert":"2023-04-15 17:10"}
2024-09-28 00:32:03 查询号码 【1406508】，GSD为【"-"】
2024-09-28 00:32:03 ok && -
2024-09-28 00:32:05 CHB 1406508?1727454723 第 1 次 等待 3 秒
2024-09-28 00:32:08 CHB 1406508?1727454723 第 1 次 获取到号码【1406508】GSD
2024-09-28 00:32:08 未获取到号码【1406508】GSD，可能号码格式错误
2024-09-28 00:32:08 获取到号码【1406508】的GSD为【-】
2024-09-28 00:32:20 GSD insert 第 1 次 等待 3 秒
2024-09-28 00:32:23 {"status":"bad","gid":"656424","msg":"添加失败！号码【1406508(-|-)】已存在！"}
2024-09-28 00:32:23 随机等待 232 秒，约 3 分钟
2024-09-28 00:32:23 下次操作: 2024-09-28 00:36:15

2024-09-28 00:36:15 开始第 6511 次操作

2024-09-28 00:36:15 开始操作号码 【1406509】
2024-09-28 00:36:17 GSD getOne 第 1 次 等待 3 秒
2024-09-28 00:36:20 查询号码 【1406509】，返回信息 {"status":"ok","msg":"-","gid":"656451","time_insert":"2023-04-15 17:27"}
2024-09-28 00:36:20 查询号码 【1406509】，GSD为【"-"】
2024-09-28 00:36:20 ok && -
2024-09-28 00:36:23 CHB 1406509?1727454980 第 1 次 等待 3 秒
2024-09-28 00:36:26 CHB 1406509?1727454980 第 1 次 获取到号码【1406509】GSD
2024-09-28 00:36:26 未获取到号码【1406509】GSD，可能号码格式错误
2024-09-28 00:36:26 获取到号码【1406509】的GSD为【-】
2024-09-28 00:36:29 GSD insert 第 1 次 等待 3 秒
2024-09-28 00:36:32 {"status":"bad","gid":"656451","msg":"添加失败！号码【1406509(-|-)】已存在！"}
2024-09-28 00:36:32 随机等待 126 秒，约 2 分钟
2024-09-28 00:36:32 下次操作: 2024-09-28 00:38:38

2024-09-28 00:38:38 开始第 6512 次操作

2024-09-28 00:38:38 开始操作号码 【1406510】
2024-09-28 00:38:48 GSD getOne 第 1 次 等待 3 秒
2024-09-28 00:38:51 查询号码 【1406510】，返回信息 {"status":"ok","msg":"-","gid":"656465","time_insert":"2023-04-15 17:36"}
2024-09-28 00:38:51 查询号码 【1406510】，GSD为【"-"】
2024-09-28 00:38:51 ok && -
2024-09-28 00:38:53 CHB 1406510?1727455131 第 1 次 等待 3 秒
2024-09-28 00:38:56 CHB 1406510?1727455131 第 1 次 获取到号码【1406510】GSD
2024-09-28 00:38:56 未获取到号码【1406510】GSD，可能号码格式错误
2024-09-28 00:38:56 获取到号码【1406510】的GSD为【-】
2024-09-28 00:38:59 GSD insert 第 1 次 等待 3 秒
2024-09-28 00:39:02 {"status":"bad","gid":"656465","msg":"添加失败！号码【1406510(-|-)】已存在！"}

