2024-04-23 00:10:49 开始第 5161 次操作

2024-04-23 00:10:49 开始操作号码 【1625061】
2024-04-23 00:10:54 GSD getOne 第 1 次 等待 3 秒
2024-04-23 00:10:57 查询号码 【1625061】，返回信息 {"status":"ok","msg":"山西-大同","gid":"169496","time_insert":"2021-07-01 22:01"}
2024-04-23 00:10:57 查询号码 【1625061】，GSD为【"山西-大同"】

2024-04-23 00:10:58 开始第 5162 次操作

2024-04-23 00:10:58 开始操作号码 【1625062】
2024-04-23 00:11:07 GSD getOne 第 1 次 等待 3 秒
2024-04-23 00:11:10 查询号码 【1625062】，返回信息 {"status":"ok","msg":"山西-临汾","gid":"169527","time_insert":"2021-07-01 22:05"}
2024-04-23 00:11:10 查询号码 【1625062】，GSD为【"山西-临汾"】

2024-04-23 00:11:11 开始第 5163 次操作

2024-04-23 00:11:11 开始操作号码 【1625063】
2024-04-23 00:11:16 GSD getOne 第 1 次 等待 3 秒
2024-04-23 00:11:19 查询号码 【1625063】，返回信息 {"status":"ok","msg":"山西-临汾","gid":"169571","time_insert":"2021-07-01 22:11"}
2024-04-23 00:11:19 查询号码 【1625063】，GSD为【"山西-临汾"】

2024-04-23 00:11:20 开始第 5164 次操作

2024-04-23 00:11:20 开始操作号码 【1625064】
2024-04-23 00:11:26 GSD getOne 第 1 次 等待 3 秒
2024-04-23 00:11:29 查询号码 【1625064】，返回信息 {"status":"ok","msg":"山西-临汾","gid":"169602","time_insert":"2021-07-01 22:15"}
2024-04-23 00:11:29 查询号码 【1625064】，GSD为【"山西-临汾"】

