2023-12-08 00:11:30 开始第 2049 次操作

2023-12-08 00:11:30 开始操作号码 【1841948】
2023-12-08 00:11:34 GSD getOne 第 1 次 等待 3 秒
2023-12-08 00:11:37 查询号码 【1841948】，返回信息 {"status":"ok","msg":"甘肃-天水","gid":"39216","time_insert":"2019-03-03 21:45","time_update":"2021-06-17 21:47"}
2023-12-08 00:11:37 查询号码 【1841948】，GSD为【"甘肃-天水"】

2023-12-08 00:11:38 开始第 2050 次操作

2023-12-08 00:11:38 开始操作号码 【1841949】
2023-12-08 00:11:42 GSD getOne 第 1 次 等待 3 秒
2023-12-08 00:11:45 查询号码 【1841949】，返回信息 {"status":"ok","msg":"甘肃-庆阳","gid":"484880","time_insert":"2021-08-03 00:38"}
2023-12-08 00:11:45 查询号码 【1841949】，GSD为【"甘肃-庆阳"】

2023-12-08 00:11:46 开始第 2051 次操作

2023-12-08 00:11:46 开始操作号码 【1841950】
2023-12-08 00:11:49 GSD getOne 第 1 次 等待 3 秒
2023-12-08 00:11:52 查询号码 【1841950】，返回信息 {"status":"ok","msg":"甘肃-临夏","gid":"484904","time_insert":"2021-08-03 00:49"}
2023-12-08 00:11:52 查询号码 【1841950】，GSD为【"甘肃-临夏"】

2023-12-08 00:11:53 开始第 2052 次操作

2023-12-08 00:11:53 开始操作号码 【1841951】
2023-12-08 00:11:57 GSD getOne 第 1 次 等待 3 秒
2023-12-08 00:12:00 查询号码 【1841951】，返回信息 {"status":"ok","msg":"甘肃-兰州","gid":"484922","time_insert":"2021-08-03 01:02"}
2023-12-08 00:12:00 查询号码 【1841951】，GSD为【"甘肃-兰州"】

2023-12-08 00:38:58 开始第 2053 次操作

2023-12-08 00:38:58 开始操作号码 【1841952】
2023-12-08 00:39:03 GSD getOne 第 1 次 等待 3 秒
2023-12-08 00:39:06 查询号码 【1841952】，返回信息 {"status":"ok","msg":"甘肃-定西","gid":"485070","time_insert":"2021-08-03 01:15"}
2023-12-08 00:39:06 查询号码 【1841952】，GSD为【"甘肃-定西"】

2023-12-08 00:39:07 开始第 2054 次操作

2023-12-08 00:39:07 开始操作号码 【1841953】
2023-12-08 00:39:13 GSD getOne 第 1 次 等待 3 秒
2023-12-08 00:39:16 查询号码 【1841953】，返回信息 {"status":"ok","msg":"甘肃-平凉","gid":"485222","time_insert":"2021-08-03 01:27"}
2023-12-08 00:39:16 查询号码 【1841953】，GSD为【"甘肃-平凉"】

2023-12-08 00:39:17 开始第 2055 次操作

2023-12-08 00:39:17 开始操作号码 【1841954】
2023-12-08 00:39:21 GSD getOne 第 1 次 等待 3 秒
2023-12-08 00:39:24 查询号码 【1841954】，返回信息 {"status":"ok","msg":"甘肃-陇南","gid":"485304","time_insert":"2021-08-03 01:42"}
2023-12-08 00:39:24 查询号码 【1841954】，GSD为【"甘肃-陇南"】

2023-12-08 00:39:25 开始第 2056 次操作

2023-12-08 00:39:25 开始操作号码 【1841955】
2023-12-08 00:39:29 GSD getOne 第 1 次 等待 3 秒
2023-12-08 00:39:32 查询号码 【1841955】，返回信息 {"status":"ok","msg":"甘肃-武威","gid":"485467","time_insert":"2021-08-03 01:54"}
2023-12-08 00:39:32 查询号码 【1841955】，GSD为【"甘肃-武威"】

2023-12-08 01:08:13 开始第 2057 次操作

2023-12-08 01:08:13 开始操作号码 【1841956】
2023-12-08 01:08:17 GSD getOne 第 1 次 等待 3 秒
2023-12-08 01:08:20 查询号码 【1841956】，返回信息 {"status":"ok","msg":"甘肃-张掖","gid":"485672","time_insert":"2021-08-03 02:10"}
2023-12-08 01:08:20 查询号码 【1841956】，GSD为【"甘肃-张掖"】

2023-12-08 01:08:21 开始第 2058 次操作

2023-12-08 01:08:21 开始操作号码 【1841957】
2023-12-08 01:08:24 GSD getOne 第 1 次 等待 3 秒
2023-12-08 01:08:27 查询号码 【1841957】，返回信息 {"status":"ok","msg":"甘肃-白银","gid":"485733","time_insert":"2021-08-03 02:23"}
2023-12-08 01:08:27 查询号码 【1841957】，GSD为【"甘肃-白银"】

2023-12-08 01:08:29 开始第 2059 次操作

2023-12-08 01:08:29 开始操作号码 【1841958】
2023-12-08 01:08:32 GSD getOne 第 1 次 等待 3 秒
2023-12-08 01:08:35 查询号码 【1841958】，返回信息 {"status":"ok","msg":"甘肃-白银","gid":"485750","time_insert":"2021-08-03 02:38"}
2023-12-08 01:08:36 查询号码 【1841958】，GSD为【"甘肃-白银"】

2023-12-08 01:08:37 开始第 2060 次操作

2023-12-08 01:08:37 开始操作号码 【1841959】
2023-12-08 01:08:40 GSD getOne 第 1 次 等待 3 秒
2023-12-08 01:08:43 查询号码 【1841959】，返回信息 {"status":"ok","msg":"甘肃-庆阳","gid":"39217","time_insert":"2014-08-22 20:39","time_update":"2021-06-17 22:03"}
2023-12-08 01:08:43 查询号码 【1841959】，GSD为【"甘肃-庆阳"】

