2024-10-07 00:25:53 开始第 7949 次操作

2024-10-07 00:25:53 开始操作号码 【1407946】
2024-10-07 00:25:56 GSD getOne 第 1 次 等待 3 秒
2024-10-07 00:25:59 查询号码 【1407946】，返回信息 {"status":"ok","msg":"-","gid":"688363","time_insert":"2023-05-01 12:10"}
2024-10-07 00:25:59 查询号码 【1407946】，GSD为【"-"】
2024-10-07 00:25:59 ok && -
2024-10-07 00:26:02 CHB 1407946?1728231959 第 1 次 等待 3 秒
2024-10-07 00:26:05 CHB 1407946?1728231959 第 1 次 获取到号码【1407946】GSD
2024-10-07 00:26:05 未获取到号码【1407946】GSD，可能号码格式错误
2024-10-07 00:26:05 获取到号码【1407946】的GSD为【-】
2024-10-07 00:26:08 GSD insert 第 1 次 等待 3 秒
2024-10-07 00:26:11 {"status":"bad","gid":"688363","msg":"添加失败！号码【1407946(-|-)】已存在！"}
2024-10-07 00:26:11 随机等待 100 秒，约 1 分钟
2024-10-07 00:26:11 下次操作: 2024-10-07 00:27:51

2024-10-07 00:27:51 开始第 7950 次操作

2024-10-07 00:27:51 开始操作号码 【1407947】
2024-10-07 00:27:52 GSD getOne 第 1 次 等待 3 秒
2024-10-07 00:27:55 查询号码 【1407947】，返回信息 {"status":"ok","msg":"-","gid":"688372","time_insert":"2023-05-01 12:21"}
2024-10-07 00:27:56 查询号码 【1407947】，GSD为【"-"】
2024-10-07 00:27:56 ok && -
2024-10-07 00:27:57 CHB 1407947?1728232076 第 1 次 等待 3 秒
2024-10-07 00:28:00 CHB 1407947?1728232076 第 1 次 获取到号码【1407947】GSD
2024-10-07 00:28:00 未获取到号码【1407947】GSD，可能号码格式错误
2024-10-07 00:28:00 获取到号码【1407947】的GSD为【-】
2024-10-07 00:28:02 GSD insert 第 1 次 等待 3 秒
2024-10-07 00:28:05 {"status":"bad","gid":"688372","msg":"添加失败！号码【1407947(-|-)】已存在！"}
2024-10-07 00:28:05 随机等待 180 秒，约 3 分钟
2024-10-07 00:28:05 下次操作: 2024-10-07 00:31:05

2024-10-07 00:31:05 开始第 7951 次操作

2024-10-07 00:31:05 开始操作号码 【1407948】
2024-10-07 00:31:07 GSD getOne 第 1 次 等待 3 秒
2024-10-07 00:31:10 查询号码 【1407948】，返回信息 {"status":"ok","msg":"-","gid":"688383","time_insert":"2023-05-01 12:37"}
2024-10-07 00:31:11 查询号码 【1407948】，GSD为【"-"】
2024-10-07 00:31:11 ok && -
2024-10-07 00:31:13 CHB 1407948?1728232271 第 1 次 等待 3 秒
2024-10-07 00:31:16 CHB 1407948?1728232271 第 1 次 获取到号码【1407948】GSD
2024-10-07 00:31:16 未获取到号码【1407948】GSD，可能号码格式错误
2024-10-07 00:31:16 获取到号码【1407948】的GSD为【-】
2024-10-07 00:31:22 GSD insert 第 1 次 等待 3 秒
2024-10-07 00:31:25 {"status":"bad","gid":"688383","msg":"添加失败！号码【1407948(-|-)】已存在！"}
2024-10-07 00:31:25 随机等待 135 秒，约 2 分钟
2024-10-07 00:31:25 下次操作: 2024-10-07 00:33:40

2024-10-07 00:33:40 开始第 7952 次操作

2024-10-07 00:33:40 开始操作号码 【1407949】
2024-10-07 00:33:44 GSD getOne 第 1 次 等待 3 秒
2024-10-07 00:33:47 查询号码 【1407949】，返回信息 {"status":"ok","msg":"-","gid":"688391","time_insert":"2023-05-01 12:47"}
2024-10-07 00:33:47 查询号码 【1407949】，GSD为【"-"】
2024-10-07 00:33:47 ok && -
2024-10-07 00:33:49 CHB 1407949?1728232427 第 1 次 等待 3 秒
2024-10-07 00:33:52 CHB 1407949?1728232427 第 1 次 获取到号码【1407949】GSD
2024-10-07 00:33:52 未获取到号码【1407949】GSD，可能号码格式错误
2024-10-07 00:33:52 获取到号码【1407949】的GSD为【-】
2024-10-07 00:33:54 GSD insert 第 1 次 等待 3 秒
2024-10-07 00:33:57 {"status":"bad","gid":"688391","msg":"添加失败！号码【1407949(-|-)】已存在！"}

