2023-11-28 00:11:32 开始第 217 次操作

2023-11-28 00:11:32 开始操作号码 【1840116】
2023-11-28 00:11:36 GSD getOne 第 1 次 等待 3 秒
2023-11-28 00:11:39 查询号码 【1840116】，返回信息 {"status":"ok","msg":"北京-北京","gid":"315481","time_insert":"2021-07-18 14:46"}
2023-11-28 00:11:39 查询号码 【1840116】，GSD为【"北京-北京"】

2023-11-28 00:11:40 开始第 218 次操作

2023-11-28 00:11:40 开始操作号码 【1840117】
2023-11-28 00:11:44 GSD getOne 第 1 次 等待 3 秒
2023-11-28 00:11:47 查询号码 【1840117】，返回信息 {"status":"ok","msg":"北京-北京","gid":"315578","time_insert":"2021-07-18 14:54"}
2023-11-28 00:11:47 查询号码 【1840117】，GSD为【"北京-北京"】

2023-11-28 00:11:48 开始第 219 次操作

2023-11-28 00:11:48 开始操作号码 【1840118】
2023-11-28 00:11:54 GSD getOne 第 1 次 等待 3 秒
2023-11-28 00:11:57 查询号码 【1840118】，返回信息 {"status":"ok","msg":"北京-北京","gid":"315728","time_insert":"2021-07-18 15:05"}
2023-11-28 00:11:57 查询号码 【1840118】，GSD为【"北京-北京"】

2023-11-28 00:11:59 开始第 220 次操作

2023-11-28 00:11:59 开始操作号码 【1840119】
2023-11-28 00:12:02 GSD getOne 第 1 次 等待 3 秒
2023-11-28 00:12:05 查询号码 【1840119】，返回信息 {"status":"ok","msg":"北京-北京","gid":"315878","time_insert":"2021-07-18 15:17"}
2023-11-28 00:12:05 查询号码 【1840119】，GSD为【"北京-北京"】

