2023-10-19 00:10:40 开始第 3937 次操作

2023-10-19 00:10:40 开始操作号码 【1943846】
2023-10-19 00:10:49 GSD getOne 第 1 次 等待 3 秒
2023-10-19 00:10:52 查询号码 【1943846】，返回信息 {"status":"ok","msg":"-","gid":"630077","time_insert":"2023-04-02 15:14"}
2023-10-19 00:10:52 查询号码 【1943846】，GSD为【"-"】
2023-10-19 00:10:52 ok && -
2023-10-19 00:11:03 CHB 1943846?1697645452 第 1 次 等待 3 秒
2023-10-19 00:11:06 CHB 1943846?1697645452 第 1 次 获取到号码【1943846】GSD
2023-10-19 00:11:06 未获取到号码【1943846】GSD，可能号码格式错误
2023-10-19 00:11:06 获取到号码【1943846】的GSD为【-】
2023-10-19 00:11:11 GSD insert 第 1 次 等待 3 秒
2023-10-19 00:11:14 {"status":"bad","gid":"630077","msg":"添加失败！号码【1943846(-|-)】已存在！"}
2023-10-19 00:11:14 随机等待 115 秒，约 1 分钟
2023-10-19 00:11:14 下次操作: 2023-10-19 00:13:09

2023-10-19 00:13:09 开始第 3938 次操作

2023-10-19 00:13:09 开始操作号码 【1943847】
2023-10-19 00:13:20 GSD getOne 第 1 次 等待 3 秒
2023-10-19 00:13:23 查询号码 【1943847】，返回信息 {"status":"ok","msg":"-","gid":"630074","time_insert":"2023-04-02 15:12"}
2023-10-19 00:13:23 查询号码 【1943847】，GSD为【"-"】
2023-10-19 00:13:23 ok && -
2023-10-19 00:13:30 CHB 1943847?1697645603 第 1 次 等待 3 秒
2023-10-19 00:13:33 CHB 1943847?1697645603 第 1 次 获取到号码【1943847】GSD
2023-10-19 00:13:33 未获取到号码【1943847】GSD，可能号码格式错误
2023-10-19 00:13:33 获取到号码【1943847】的GSD为【-】
2023-10-19 00:13:39 GSD insert 第 1 次 等待 3 秒
2023-10-19 00:13:42 {"status":"bad","gid":"630074","msg":"添加失败！号码【1943847(-|-)】已存在！"}
2023-10-19 00:13:42 随机等待 173 秒，约 2 分钟
2023-10-19 00:13:42 下次操作: 2023-10-19 00:16:35

2023-10-19 00:16:35 开始第 3939 次操作

2023-10-19 00:16:35 开始操作号码 【1943848】
2023-10-19 00:16:37 GSD getOne 第 1 次 等待 3 秒
2023-10-19 00:16:41 查询号码 【1943848】，返回信息 {"status":"ok","msg":"-","gid":"630071","time_insert":"2023-04-02 15:10"}
2023-10-19 00:16:41 查询号码 【1943848】，GSD为【"-"】
2023-10-19 00:16:41 ok && -
2023-10-19 00:16:47 CHB 1943848?1697645801 第 1 次 等待 3 秒
2023-10-19 00:16:50 CHB 1943848?1697645801 第 1 次 获取到号码【1943848】GSD
2023-10-19 00:16:50 未获取到号码【1943848】GSD，可能号码格式错误
2023-10-19 00:16:50 获取到号码【1943848】的GSD为【-】
2023-10-19 00:16:54 GSD insert 第 1 次 等待 3 秒
2023-10-19 00:16:57 {"status":"bad","gid":"630071","msg":"添加失败！号码【1943848(-|-)】已存在！"}
2023-10-19 00:16:57 随机等待 91 秒，约 1 分钟
2023-10-19 00:16:57 下次操作: 2023-10-19 00:18:28

2023-10-19 00:18:28 开始第 3940 次操作

2023-10-19 00:18:28 开始操作号码 【1943849】
2023-10-19 00:18:30 GSD getOne 第 1 次 等待 3 秒
2023-10-19 00:18:33 查询号码 【1943849】，返回信息 {"status":"ok","msg":"-","gid":"630069","time_insert":"2023-04-02 15:07"}
2023-10-19 00:18:33 查询号码 【1943849】，GSD为【"-"】
2023-10-19 00:18:33 ok && -
2023-10-19 00:18:40 CHB 1943849?1697645913 第 1 次 等待 3 秒
2023-10-19 00:18:43 CHB 1943849?1697645913 第 1 次 获取到号码【1943849】GSD
2023-10-19 00:18:43 未获取到号码【1943849】GSD，可能号码格式错误
2023-10-19 00:18:43 获取到号码【1943849】的GSD为【-】
2023-10-19 00:18:47 GSD insert 第 1 次 等待 3 秒
2023-10-19 00:18:50 {"status":"bad","gid":"630069","msg":"添加失败！号码【1943849(-|-)】已存在！"}

2023-10-19 00:37:35 开始第 3941 次操作

2023-10-19 00:37:35 开始操作号码 【1943850】
2023-10-19 00:37:38 GSD getOne 第 1 次 等待 3 秒
2023-10-19 00:37:41 查询号码 【1943850】，返回信息 {"status":"ok","msg":"-","gid":"630057","time_insert":"2023-04-02 15:00"}
2023-10-19 00:37:41 查询号码 【1943850】，GSD为【"-"】
2023-10-19 00:37:41 ok && -
2023-10-19 00:37:51 CHB 1943850?1697647061 第 1 次 等待 3 秒
2023-10-19 00:37:54 CHB 1943850?1697647061 第 1 次 获取到号码【1943850】GSD
2023-10-19 00:37:54 未获取到号码【1943850】GSD，可能号码格式错误
2023-10-19 00:37:54 获取到号码【1943850】的GSD为【-】
2023-10-19 00:37:56 GSD insert 第 1 次 等待 3 秒
2023-10-19 00:37:59 {"status":"bad","gid":"630057","msg":"添加失败！号码【1943850(-|-)】已存在！"}
2023-10-19 00:37:59 随机等待 227 秒，约 3 分钟
2023-10-19 00:37:59 下次操作: 2023-10-19 00:41:46

2023-10-19 00:41:46 开始第 3942 次操作

2023-10-19 00:41:46 开始操作号码 【1943851】
2023-10-19 00:41:50 GSD getOne 第 1 次 等待 3 秒
2023-10-19 00:41:53 查询号码 【1943851】，返回信息 {"status":"ok","msg":"-","gid":"630053","time_insert":"2023-04-02 14:56"}
2023-10-19 00:41:53 查询号码 【1943851】，GSD为【"-"】
2023-10-19 00:41:53 ok && -
2023-10-19 00:41:55 CHB 1943851?1697647313 第 1 次 等待 3 秒
2023-10-19 00:41:58 CHB 1943851?1697647313 第 1 次 获取到号码【1943851】GSD
2023-10-19 00:41:58 未获取到号码【1943851】GSD，可能号码格式错误
2023-10-19 00:41:58 获取到号码【1943851】的GSD为【-】
2023-10-19 00:42:02 GSD insert 第 1 次 等待 3 秒
2023-10-19 00:42:05 {"status":"bad","gid":"630053","msg":"添加失败！号码【1943851(-|-)】已存在！"}
2023-10-19 00:42:05 随机等待 176 秒，约 2 分钟
2023-10-19 00:42:05 下次操作: 2023-10-19 00:45:01

2023-10-19 00:45:01 开始第 3943 次操作

2023-10-19 00:45:01 开始操作号码 【1943852】
2023-10-19 00:45:04 GSD getOne 第 1 次 等待 3 秒
2023-10-19 00:45:07 查询号码 【1943852】，返回信息 {"status":"ok","msg":"-","gid":"630050","time_insert":"2023-04-02 14:55"}
2023-10-19 00:45:07 查询号码 【1943852】，GSD为【"-"】
2023-10-19 00:45:07 ok && -
2023-10-19 00:45:12 CHB 1943852?1697647507 第 1 次 等待 3 秒
2023-10-19 00:45:15 CHB 1943852?1697647507 第 1 次 获取到号码【1943852】GSD
2023-10-19 00:45:15 未获取到号码【1943852】GSD，可能号码格式错误
2023-10-19 00:45:15 获取到号码【1943852】的GSD为【-】
2023-10-19 00:45:28 GSD insert 第 1 次 等待 3 秒
2023-10-19 00:45:31 {"status":"bad","gid":"630050","msg":"添加失败！号码【1943852(-|-)】已存在！"}
2023-10-19 00:45:31 随机等待 179 秒，约 2 分钟
2023-10-19 00:45:31 下次操作: 2023-10-19 00:48:30

2023-10-19 00:48:30 开始第 3944 次操作

2023-10-19 00:48:30 开始操作号码 【1943853】
2023-10-19 00:48:34 GSD getOne 第 1 次 等待 3 秒
2023-10-19 00:48:37 查询号码 【1943853】，返回信息 {"status":"ok","msg":"-","gid":"630046","time_insert":"2023-04-02 14:53"}
2023-10-19 00:48:37 查询号码 【1943853】，GSD为【"-"】
2023-10-19 00:48:37 ok && -
2023-10-19 00:48:39 CHB 1943853?1697647717 第 1 次 等待 3 秒
2023-10-19 00:48:42 CHB 1943853?1697647717 第 1 次 获取到号码【1943853】GSD
2023-10-19 00:48:42 未获取到号码【1943853】GSD，可能号码格式错误
2023-10-19 00:48:42 获取到号码【1943853】的GSD为【-】
2023-10-19 00:48:45 GSD insert 第 1 次 等待 3 秒
2023-10-19 00:48:48 {"status":"bad","gid":"630046","msg":"添加失败！号码【1943853(-|-)】已存在！"}

2023-10-19 01:07:50 开始第 3945 次操作

2023-10-19 01:07:50 开始操作号码 【1943854】
2023-10-19 01:07:53 GSD getOne 第 1 次 等待 3 秒
2023-10-19 01:07:56 查询号码 【1943854】，返回信息 {"status":"ok","msg":"-","gid":"630041","time_insert":"2023-04-02 14:50"}
2023-10-19 01:07:56 查询号码 【1943854】，GSD为【"-"】
2023-10-19 01:07:56 ok && -
2023-10-19 01:07:58 CHB 1943854?1697648876 第 1 次 等待 3 秒
2023-10-19 01:08:01 CHB 1943854?1697648876 第 1 次 获取到号码【1943854】GSD
2023-10-19 01:08:01 未获取到号码【1943854】GSD，可能号码格式错误
2023-10-19 01:08:01 获取到号码【1943854】的GSD为【-】
2023-10-19 01:08:04 GSD insert 第 1 次 等待 3 秒
2023-10-19 01:08:07 {"status":"bad","gid":"630041","msg":"添加失败！号码【1943854(-|-)】已存在！"}
2023-10-19 01:08:07 随机等待 191 秒，约 3 分钟
2023-10-19 01:08:07 下次操作: 2023-10-19 01:11:18

2023-10-19 01:11:18 开始第 3946 次操作

2023-10-19 01:11:18 开始操作号码 【1943855】
2023-10-19 01:11:21 GSD getOne 第 1 次 等待 3 秒
2023-10-19 01:11:24 查询号码 【1943855】，返回信息 {"status":"ok","msg":"-","gid":"630040","time_insert":"2023-04-02 14:48"}
2023-10-19 01:11:24 查询号码 【1943855】，GSD为【"-"】
2023-10-19 01:11:24 ok && -
2023-10-19 01:11:26 CHB 1943855?1697649084 第 1 次 等待 3 秒
2023-10-19 01:11:29 CHB 1943855?1697649084 第 1 次 获取到号码【1943855】GSD
2023-10-19 01:11:29 未获取到号码【1943855】GSD，可能号码格式错误
2023-10-19 01:11:29 获取到号码【1943855】的GSD为【-】
2023-10-19 01:11:35 GSD insert 第 1 次 等待 3 秒
2023-10-19 01:11:38 {"status":"bad","gid":"630040","msg":"添加失败！号码【1943855(-|-)】已存在！"}
2023-10-19 01:11:38 随机等待 118 秒，约 1 分钟
2023-10-19 01:11:38 下次操作: 2023-10-19 01:13:36

2023-10-19 01:13:36 开始第 3947 次操作

2023-10-19 01:13:36 开始操作号码 【1943856】
2023-10-19 01:13:39 GSD getOne 第 1 次 等待 3 秒
2023-10-19 01:13:42 查询号码 【1943856】，返回信息 {"status":"ok","msg":"-","gid":"630034","time_insert":"2023-04-02 14:46"}
2023-10-19 01:13:42 查询号码 【1943856】，GSD为【"-"】
2023-10-19 01:13:42 ok && -
2023-10-19 01:13:44 CHB 1943856?1697649222 第 1 次 等待 3 秒
2023-10-19 01:13:47 CHB 1943856?1697649222 第 1 次 获取到号码【1943856】GSD
2023-10-19 01:13:47 未获取到号码【1943856】GSD，可能号码格式错误
2023-10-19 01:13:47 获取到号码【1943856】的GSD为【-】
2023-10-19 01:13:49 GSD insert 第 1 次 等待 3 秒
2023-10-19 01:13:52 {"status":"bad","gid":"630034","msg":"添加失败！号码【1943856(-|-)】已存在！"}
2023-10-19 01:13:52 随机等待 213 秒，约 3 分钟
2023-10-19 01:13:52 下次操作: 2023-10-19 01:17:25

2023-10-19 01:17:25 开始第 3948 次操作

2023-10-19 01:17:25 开始操作号码 【1943857】
2023-10-19 01:17:28 GSD getOne 第 1 次 等待 3 秒
2023-10-19 01:17:31 查询号码 【1943857】，返回信息 {"status":"ok","msg":"-","gid":"630029","time_insert":"2023-04-02 14:43"}
2023-10-19 01:17:32 查询号码 【1943857】，GSD为【"-"】
2023-10-19 01:17:32 ok && -
2023-10-19 01:17:34 CHB 1943857?1697649452 第 1 次 等待 3 秒
2023-10-19 01:17:37 CHB 1943857?1697649452 第 1 次 获取到号码【1943857】GSD
2023-10-19 01:17:37 未获取到号码【1943857】GSD，可能号码格式错误
2023-10-19 01:17:37 获取到号码【1943857】的GSD为【-】
2023-10-19 01:17:39 GSD insert 第 1 次 等待 3 秒
2023-10-19 01:17:42 {"status":"bad","gid":"630029","msg":"添加失败！号码【1943857(-|-)】已存在！"}

2023-10-19 01:33:12 开始第 3949 次操作

2023-10-19 01:33:12 开始操作号码 【1943858】
2023-10-19 01:33:15 GSD getOne 第 1 次 等待 3 秒
2023-10-19 01:33:18 查询号码 【1943858】，返回信息 {"status":"ok","msg":"-","gid":"630019","time_insert":"2023-04-02 14:36"}
2023-10-19 01:33:18 查询号码 【1943858】，GSD为【"-"】
2023-10-19 01:33:18 ok && -
2023-10-19 01:33:20 CHB 1943858?1697650398 第 1 次 等待 3 秒
2023-10-19 01:33:23 CHB 1943858?1697650398 第 1 次 获取到号码【1943858】GSD
2023-10-19 01:33:23 未获取到号码【1943858】GSD，可能号码格式错误
2023-10-19 01:33:23 获取到号码【1943858】的GSD为【-】
2023-10-19 01:33:25 GSD insert 第 1 次 等待 3 秒
2023-10-19 01:33:28 {"status":"bad","gid":"630019","msg":"添加失败！号码【1943858(-|-)】已存在！"}
2023-10-19 01:33:28 随机等待 155 秒，约 2 分钟
2023-10-19 01:33:28 下次操作: 2023-10-19 01:36:03

2023-10-19 01:36:03 开始第 3950 次操作

2023-10-19 01:36:03 开始操作号码 【1943859】
2023-10-19 01:36:09 GSD getOne 第 1 次 等待 3 秒
2023-10-19 01:36:12 查询号码 【1943859】，返回信息 {"status":"ok","msg":"-","gid":"630012","time_insert":"2023-04-02 14:34"}
2023-10-19 01:36:12 查询号码 【1943859】，GSD为【"-"】
2023-10-19 01:36:12 ok && -
2023-10-19 01:36:17 CHB 1943859?1697650572 第 1 次 等待 3 秒
2023-10-19 01:36:20 CHB 1943859?1697650572 第 1 次 获取到号码【1943859】GSD
2023-10-19 01:36:20 未获取到号码【1943859】GSD，可能号码格式错误
2023-10-19 01:36:20 获取到号码【1943859】的GSD为【-】
2023-10-19 01:36:25 GSD insert 第 1 次 等待 3 秒
2023-10-19 01:36:28 {"status":"bad","gid":"630012","msg":"添加失败！号码【1943859(-|-)】已存在！"}
2023-10-19 01:36:28 随机等待 139 秒，约 2 分钟
2023-10-19 01:36:28 下次操作: 2023-10-19 01:38:47

2023-10-19 01:38:47 开始第 3951 次操作

2023-10-19 01:38:47 开始操作号码 【1943860】
2023-10-19 01:38:50 GSD getOne 第 1 次 等待 3 秒
2023-10-19 01:38:53 查询号码 【1943860】，返回信息 {"status":"ok","msg":"-","gid":"630010","time_insert":"2023-04-02 14:31"}
2023-10-19 01:38:53 查询号码 【1943860】，GSD为【"-"】
2023-10-19 01:38:53 ok && -
2023-10-19 01:39:03 CHB 1943860?1697650733 第 1 次 等待 3 秒
2023-10-19 01:39:06 CHB 1943860?1697650733 第 1 次 获取到号码【1943860】GSD
2023-10-19 01:39:06 未获取到号码【1943860】GSD，可能号码格式错误
2023-10-19 01:39:06 获取到号码【1943860】的GSD为【-】
2023-10-19 01:39:09 GSD insert 第 1 次 等待 3 秒
2023-10-19 01:39:12 {"status":"bad","gid":"630010","msg":"添加失败！号码【1943860(-|-)】已存在！"}
2023-10-19 01:39:12 随机等待 169 秒，约 2 分钟
2023-10-19 01:39:12 下次操作: 2023-10-19 01:42:01

2023-10-19 01:42:01 开始第 3952 次操作

2023-10-19 01:42:01 开始操作号码 【1943861】
2023-10-19 01:42:03 GSD getOne 第 1 次 等待 3 秒
2023-10-19 01:42:06 查询号码 【1943861】，返回信息 {"status":"ok","msg":"-","gid":"630006","time_insert":"2023-04-02 14:28"}
2023-10-19 01:42:07 查询号码 【1943861】，GSD为【"-"】
2023-10-19 01:42:07 ok && -
2023-10-19 01:42:08 CHB 1943861?1697650927 第 1 次 等待 3 秒
2023-10-19 01:42:11 CHB 1943861?1697650927 第 1 次 获取到号码【1943861】GSD
2023-10-19 01:42:11 未获取到号码【1943861】GSD，可能号码格式错误
2023-10-19 01:42:11 获取到号码【1943861】的GSD为【-】
2023-10-19 01:42:15 GSD insert 第 1 次 等待 3 秒
2023-10-19 01:42:18 {"status":"bad","gid":"630006","msg":"添加失败！号码【1943861(-|-)】已存在！"}

2023-10-19 02:11:21 开始第 3953 次操作

2023-10-19 02:11:21 开始操作号码 【1943862】
2023-10-19 02:11:24 GSD getOne 第 1 次 等待 3 秒
2023-10-19 02:11:27 查询号码 【1943862】，返回信息 {"status":"ok","msg":"-","gid":"629993","time_insert":"2023-04-02 14:18"}
2023-10-19 02:11:27 查询号码 【1943862】，GSD为【"-"】
2023-10-19 02:11:27 ok && -
2023-10-19 02:11:29 CHB 1943862?1697652687 第 1 次 等待 3 秒
2023-10-19 02:11:32 CHB 1943862?1697652687 第 1 次 获取到号码【1943862】GSD
2023-10-19 02:11:32 未获取到号码【1943862】GSD，可能号码格式错误
2023-10-19 02:11:32 获取到号码【1943862】的GSD为【-】
2023-10-19 02:11:35 GSD insert 第 1 次 等待 3 秒
2023-10-19 02:11:38 {"status":"bad","gid":"629993","msg":"添加失败！号码【1943862(-|-)】已存在！"}
2023-10-19 02:11:38 随机等待 101 秒，约 1 分钟
2023-10-19 02:11:38 下次操作: 2023-10-19 02:13:19

2023-10-19 02:13:19 开始第 3954 次操作

2023-10-19 02:13:19 开始操作号码 【1943863】
2023-10-19 02:13:21 GSD getOne 第 1 次 等待 3 秒
2023-10-19 02:13:24 查询号码 【1943863】，返回信息 {"status":"ok","msg":"-","gid":"629991","time_insert":"2023-04-02 14:17"}
2023-10-19 02:13:24 查询号码 【1943863】，GSD为【"-"】
2023-10-19 02:13:24 ok && -
2023-10-19 02:13:27 CHB 1943863?1697652804 第 1 次 等待 3 秒
2023-10-19 02:13:30 CHB 1943863?1697652804 第 1 次 获取到号码【1943863】GSD
2023-10-19 02:13:30 未获取到号码【1943863】GSD，可能号码格式错误
2023-10-19 02:13:30 获取到号码【1943863】的GSD为【-】
2023-10-19 02:13:34 GSD insert 第 1 次 等待 3 秒
2023-10-19 02:13:37 {"status":"bad","gid":"629991","msg":"添加失败！号码【1943863(-|-)】已存在！"}
2023-10-19 02:13:37 随机等待 137 秒，约 2 分钟
2023-10-19 02:13:37 下次操作: 2023-10-19 02:15:54

2023-10-19 02:15:54 开始第 3955 次操作

2023-10-19 02:15:54 开始操作号码 【1943864】
2023-10-19 02:15:57 GSD getOne 第 1 次 等待 3 秒
2023-10-19 02:16:00 查询号码 【1943864】，返回信息 {"status":"ok","msg":"-","gid":"629982","time_insert":"2023-04-02 14:13"}
2023-10-19 02:16:00 查询号码 【1943864】，GSD为【"-"】
2023-10-19 02:16:00 ok && -
2023-10-19 02:16:02 CHB 1943864?1697652960 第 1 次 等待 3 秒
2023-10-19 02:16:05 CHB 1943864?1697652960 第 1 次 获取到号码【1943864】GSD
2023-10-19 02:16:06 未获取到号码【1943864】GSD，可能号码格式错误
2023-10-19 02:16:06 获取到号码【1943864】的GSD为【-】
2023-10-19 02:16:08 GSD insert 第 1 次 等待 3 秒
2023-10-19 02:16:11 {"status":"bad","gid":"629982","msg":"添加失败！号码【1943864(-|-)】已存在！"}
2023-10-19 02:16:11 随机等待 112 秒，约 1 分钟
2023-10-19 02:16:11 下次操作: 2023-10-19 02:18:03

2023-10-19 02:18:03 开始第 3956 次操作

2023-10-19 02:18:03 开始操作号码 【1943865】
2023-10-19 02:18:07 GSD getOne 第 1 次 等待 3 秒
2023-10-19 02:18:10 查询号码 【1943865】，返回信息 {"status":"ok","msg":"-","gid":"629978","time_insert":"2023-04-02 14:10"}
2023-10-19 02:18:10 查询号码 【1943865】，GSD为【"-"】
2023-10-19 02:18:10 ok && -
2023-10-19 02:18:12 CHB 1943865?1697653090 第 1 次 等待 3 秒
2023-10-19 02:18:15 CHB 1943865?1697653090 第 1 次 获取到号码【1943865】GSD
2023-10-19 02:18:15 未获取到号码【1943865】GSD，可能号码格式错误
2023-10-19 02:18:15 获取到号码【1943865】的GSD为【-】
2023-10-19 02:18:22 GSD insert 第 1 次 等待 3 秒
2023-10-19 02:18:25 {"status":"bad","gid":"629978","msg":"添加失败！号码【1943865(-|-)】已存在！"}

2023-10-19 02:35:19 开始第 3957 次操作

2023-10-19 02:35:19 开始操作号码 【1943866】
2023-10-19 02:35:22 GSD getOne 第 1 次 等待 3 秒
2023-10-19 02:35:25 查询号码 【1943866】，返回信息 {"status":"ok","msg":"-","gid":"629970","time_insert":"2023-04-02 14:00"}
2023-10-19 02:35:25 查询号码 【1943866】，GSD为【"-"】
2023-10-19 02:35:25 ok && -
2023-10-19 02:35:27 CHB 1943866?1697654125 第 1 次 等待 3 秒
2023-10-19 02:35:30 CHB 1943866?1697654125 第 1 次 获取到号码【1943866】GSD
2023-10-19 02:35:30 未获取到号码【1943866】GSD，可能号码格式错误
2023-10-19 02:35:30 获取到号码【1943866】的GSD为【-】
2023-10-19 02:35:33 GSD insert 第 1 次 等待 3 秒
2023-10-19 02:35:36 {"status":"bad","gid":"629970","msg":"添加失败！号码【1943866(-|-)】已存在！"}
2023-10-19 02:35:36 随机等待 124 秒，约 2 分钟
2023-10-19 02:35:36 下次操作: 2023-10-19 02:37:40

2023-10-19 02:37:40 开始第 3958 次操作

2023-10-19 02:37:40 开始操作号码 【1943867】
2023-10-19 02:37:43 GSD getOne 第 1 次 等待 3 秒
2023-10-19 02:37:46 查询号码 【1943867】，返回信息 {"status":"ok","msg":"-","gid":"629964","time_insert":"2023-04-02 13:57"}
2023-10-19 02:37:46 查询号码 【1943867】，GSD为【"-"】
2023-10-19 02:37:46 ok && -
2023-10-19 02:37:52 CHB 1943867?1697654266 第 1 次 等待 3 秒
2023-10-19 02:37:55 CHB 1943867?1697654266 第 1 次 获取到号码【1943867】GSD
2023-10-19 02:37:55 未获取到号码【1943867】GSD，可能号码格式错误
2023-10-19 02:37:55 获取到号码【1943867】的GSD为【-】
2023-10-19 02:37:58 GSD insert 第 1 次 等待 3 秒
2023-10-19 02:38:01 {"status":"bad","gid":"629964","msg":"添加失败！号码【1943867(-|-)】已存在！"}
2023-10-19 02:38:01 随机等待 193 秒，约 3 分钟
2023-10-19 02:38:01 下次操作: 2023-10-19 02:41:14

2023-10-19 02:41:14 开始第 3959 次操作

2023-10-19 02:41:14 开始操作号码 【1943868】
2023-10-19 02:41:16 GSD getOne 第 1 次 等待 3 秒
2023-10-19 02:41:19 查询号码 【1943868】，返回信息 {"status":"ok","msg":"-","gid":"629958","time_insert":"2023-04-02 13:55"}
2023-10-19 02:41:19 查询号码 【1943868】，GSD为【"-"】
2023-10-19 02:41:19 ok && -
2023-10-19 02:41:25 CHB 1943868?1697654479 第 1 次 等待 3 秒
2023-10-19 02:41:28 CHB 1943868?1697654479 第 1 次 获取到号码【1943868】GSD
2023-10-19 02:41:28 未获取到号码【1943868】GSD，可能号码格式错误
2023-10-19 02:41:28 获取到号码【1943868】的GSD为【-】
2023-10-19 02:41:31 GSD insert 第 1 次 等待 3 秒
2023-10-19 02:41:34 {"status":"bad","gid":"629958","msg":"添加失败！号码【1943868(-|-)】已存在！"}
2023-10-19 02:41:34 随机等待 109 秒，约 1 分钟
2023-10-19 02:41:34 下次操作: 2023-10-19 02:43:23

2023-10-19 02:43:23 开始第 3960 次操作

2023-10-19 02:43:23 开始操作号码 【1943869】
2023-10-19 02:43:25 GSD getOne 第 1 次 等待 3 秒
2023-10-19 02:43:28 查询号码 【1943869】，返回信息 {"status":"ok","msg":"-","gid":"629952","time_insert":"2023-04-02 13:53"}
2023-10-19 02:43:28 查询号码 【1943869】，GSD为【"-"】
2023-10-19 02:43:28 ok && -
2023-10-19 02:43:30 CHB 1943869?1697654608 第 1 次 等待 3 秒
2023-10-19 02:43:33 CHB 1943869?1697654608 第 1 次 获取到号码【1943869】GSD
2023-10-19 02:43:33 未获取到号码【1943869】GSD，可能号码格式错误
2023-10-19 02:43:33 获取到号码【1943869】的GSD为【-】
2023-10-19 02:43:36 GSD insert 第 1 次 等待 3 秒
2023-10-19 02:43:39 {"status":"bad","gid":"629952","msg":"添加失败！号码【1943869(-|-)】已存在！"}

