2024-03-10 00:09:11 开始第 8205 次操作

2024-03-10 00:09:11 开始操作号码 【1738104】
2024-03-10 00:09:16 GSD getOne 第 1 次 等待 3 秒
2024-03-10 00:09:19 查询号码 【1738104】，返回信息 {"status":"ok","msg":"四川-雅安","gid":"215953","time_insert":"2021-07-07 17:55"}
2024-03-10 00:09:19 查询号码 【1738104】，GSD为【"四川-雅安"】

2024-03-10 00:09:20 开始第 8206 次操作

2024-03-10 00:09:20 开始操作号码 【1738105】
2024-03-10 00:09:24 GSD getOne 第 1 次 等待 3 秒
2024-03-10 00:09:27 查询号码 【1738105】，返回信息 {"status":"ok","msg":"四川-南充","gid":"29589","time_insert":"2018-10-26 16:30","time_update":"2020-10-29 08:14"}
2024-03-10 00:09:28 查询号码 【1738105】，GSD为【"四川-南充"】

2024-03-10 00:09:29 开始第 8207 次操作

2024-03-10 00:09:29 开始操作号码 【1738106】
2024-03-10 00:09:34 GSD getOne 第 1 次 等待 3 秒
2024-03-10 00:09:37 查询号码 【1738106】，返回信息 {"status":"ok","msg":"四川-南充","gid":"29590","time_insert":"2019-11-15 11:24","time_update":"2020-10-29 08:17"}
2024-03-10 00:09:37 查询号码 【1738106】，GSD为【"四川-南充"】

2024-03-10 00:09:38 开始第 8208 次操作

2024-03-10 00:09:38 开始操作号码 【1738107】
2024-03-10 00:09:43 GSD getOne 第 1 次 等待 3 秒
2024-03-10 00:09:46 查询号码 【1738107】，返回信息 {"status":"ok","msg":"四川-南充","gid":"29591","time_insert":"2018-09-10 23:33","time_update":"2020-10-29 08:21"}
2024-03-10 00:09:46 查询号码 【1738107】，GSD为【"四川-南充"】

